[2025-01-23T09:12:04.240+0000] {taskinstance.py:1165} INFO - Dependencies all met for <TaskInstance: example_bash_operator.runme_1 manual__2025-01-23T09:12:02.939918+00:00 [queued]>
[2025-01-23T09:12:04.273+0000] {taskinstance.py:1165} INFO - Dependencies all met for <TaskInstance: example_bash_operator.runme_1 manual__2025-01-23T09:12:02.939918+00:00 [queued]>
[2025-01-23T09:12:04.273+0000] {taskinstance.py:1362} INFO - 
--------------------------------------------------------------------------------
[2025-01-23T09:12:04.274+0000] {taskinstance.py:1363} INFO - Starting attempt 1 of 1
[2025-01-23T09:12:04.274+0000] {taskinstance.py:1364} INFO - 
--------------------------------------------------------------------------------
[2025-01-23T09:12:04.314+0000] {taskinstance.py:1383} INFO - Executing <Task(BashOperator): runme_1> on 2025-01-23 09:12:02.939918+00:00
[2025-01-23T09:12:04.325+0000] {standard_task_runner.py:55} INFO - Started process 1487 to run task
[2025-01-23T09:12:04.331+0000] {standard_task_runner.py:82} INFO - Running: ['***', 'tasks', 'run', 'example_bash_operator', 'runme_1', 'manual__2025-01-23T09:12:02.939918+00:00', '--job-id', '14', '--raw', '--subdir', '/home/***/.local/lib/python3.7/site-packages/***/example_dags/example_bash_operator.py', '--cfg-path', '/tmp/tmpg1tccyxr']
[2025-01-23T09:12:04.332+0000] {standard_task_runner.py:83} INFO - Job 14: Subtask runme_1
[2025-01-23T09:12:04.487+0000] {task_command.py:376} INFO - Running <TaskInstance: example_bash_operator.runme_1 manual__2025-01-23T09:12:02.939918+00:00 [running]> on host 1ebe8b5458c6
[2025-01-23T09:12:04.681+0000] {taskinstance.py:1592} INFO - Exporting the following env vars:
AIRFLOW_CTX_DAG_OWNER=***
AIRFLOW_CTX_DAG_ID=example_bash_operator
AIRFLOW_CTX_TASK_ID=runme_1
AIRFLOW_CTX_EXECUTION_DATE=2025-01-23T09:12:02.939918+00:00
AIRFLOW_CTX_TRY_NUMBER=1
AIRFLOW_CTX_DAG_RUN_ID=manual__2025-01-23T09:12:02.939918+00:00
[2025-01-23T09:12:04.684+0000] {subprocess.py:63} INFO - Tmp dir root location: 
 /tmp
[2025-01-23T09:12:04.685+0000] {subprocess.py:75} INFO - Running command: ['/bin/bash', '-c', 'echo "example_bash_operator__runme_1__20250123" && sleep 1']
[2025-01-23T09:12:04.711+0000] {subprocess.py:86} INFO - Output:
[2025-01-23T09:12:04.716+0000] {subprocess.py:93} INFO - example_bash_operator__runme_1__20250123
[2025-01-23T09:12:05.720+0000] {subprocess.py:97} INFO - Command exited with return code 0
[2025-01-23T09:12:05.777+0000] {taskinstance.py:1406} INFO - Marking task as SUCCESS. dag_id=example_bash_operator, task_id=runme_1, execution_date=20250123T091202, start_date=20250123T091204, end_date=20250123T091205
[2025-01-23T09:12:05.828+0000] {local_task_job.py:164} INFO - Task exited with return code 0
[2025-01-23T09:12:05.886+0000] {local_task_job.py:273} INFO - 0 downstream tasks scheduled from follow-on schedule check
