[2025-01-23T09:11:31.990+0000] {taskinstance.py:1165} INFO - Dependencies all met for <TaskInstance: example_bash_operator.runme_1 scheduled__2025-01-22T00:00:00+00:00 [queued]>
[2025-01-23T09:11:32.011+0000] {taskinstance.py:1165} INFO - Dependencies all met for <TaskInstance: example_bash_operator.runme_1 scheduled__2025-01-22T00:00:00+00:00 [queued]>
[2025-01-23T09:11:32.011+0000] {taskinstance.py:1362} INFO - 
--------------------------------------------------------------------------------
[2025-01-23T09:11:32.012+0000] {taskinstance.py:1363} INFO - Starting attempt 1 of 1
[2025-01-23T09:11:32.012+0000] {taskinstance.py:1364} INFO - 
--------------------------------------------------------------------------------
[2025-01-23T09:11:32.045+0000] {taskinstance.py:1383} INFO - Executing <Task(BashOperator): runme_1> on 2025-01-22 00:00:00+00:00
[2025-01-23T09:11:32.055+0000] {standard_task_runner.py:55} INFO - Started process 1442 to run task
[2025-01-23T09:11:32.060+0000] {standard_task_runner.py:82} INFO - Running: ['***', 'tasks', 'run', 'example_bash_operator', 'runme_1', 'scheduled__2025-01-22T00:00:00+00:00', '--job-id', '9', '--raw', '--subdir', '/home/***/.local/lib/python3.7/site-packages/***/example_dags/example_bash_operator.py', '--cfg-path', '/tmp/tmpuofqozdp']
[2025-01-23T09:11:32.061+0000] {standard_task_runner.py:83} INFO - Job 9: Subtask runme_1
[2025-01-23T09:11:32.182+0000] {task_command.py:376} INFO - Running <TaskInstance: example_bash_operator.runme_1 scheduled__2025-01-22T00:00:00+00:00 [running]> on host 1ebe8b5458c6
[2025-01-23T09:11:32.330+0000] {taskinstance.py:1592} INFO - Exporting the following env vars:
AIRFLOW_CTX_DAG_OWNER=***
AIRFLOW_CTX_DAG_ID=example_bash_operator
AIRFLOW_CTX_TASK_ID=runme_1
AIRFLOW_CTX_EXECUTION_DATE=2025-01-22T00:00:00+00:00
AIRFLOW_CTX_TRY_NUMBER=1
AIRFLOW_CTX_DAG_RUN_ID=scheduled__2025-01-22T00:00:00+00:00
[2025-01-23T09:11:32.332+0000] {subprocess.py:63} INFO - Tmp dir root location: 
 /tmp
[2025-01-23T09:11:32.333+0000] {subprocess.py:75} INFO - Running command: ['/bin/bash', '-c', 'echo "example_bash_operator__runme_1__20250122" && sleep 1']
[2025-01-23T09:11:32.353+0000] {subprocess.py:86} INFO - Output:
[2025-01-23T09:11:32.356+0000] {subprocess.py:93} INFO - example_bash_operator__runme_1__20250122
[2025-01-23T09:11:33.361+0000] {subprocess.py:97} INFO - Command exited with return code 0
[2025-01-23T09:11:33.430+0000] {taskinstance.py:1406} INFO - Marking task as SUCCESS. dag_id=example_bash_operator, task_id=runme_1, execution_date=20250122T000000, start_date=20250123T091131, end_date=20250123T091133
[2025-01-23T09:11:33.478+0000] {local_task_job.py:164} INFO - Task exited with return code 0
[2025-01-23T09:11:33.541+0000] {local_task_job.py:273} INFO - 0 downstream tasks scheduled from follow-on schedule check
