[2025-01-23T09:11:31.990+0000] {taskinstance.py:1165} INFO - Dependencies all met for <TaskInstance: example_bash_operator.runme_2 scheduled__2025-01-22T00:00:00+00:00 [queued]>
[2025-01-23T09:11:32.011+0000] {taskinstance.py:1165} INFO - Dependencies all met for <TaskInstance: example_bash_operator.runme_2 scheduled__2025-01-22T00:00:00+00:00 [queued]>
[2025-01-23T09:11:32.011+0000] {taskinstance.py:1362} INFO - 
--------------------------------------------------------------------------------
[2025-01-23T09:11:32.012+0000] {taskinstance.py:1363} INFO - Starting attempt 1 of 1
[2025-01-23T09:11:32.012+0000] {taskinstance.py:1364} INFO - 
--------------------------------------------------------------------------------
[2025-01-23T09:11:32.071+0000] {taskinstance.py:1383} INFO - Executing <Task(BashOperator): runme_2> on 2025-01-22 00:00:00+00:00
[2025-01-23T09:11:32.082+0000] {standard_task_runner.py:55} INFO - Started process 1444 to run task
[2025-01-23T09:11:32.087+0000] {standard_task_runner.py:82} INFO - Running: ['***', 'tasks', 'run', 'example_bash_operator', 'runme_2', 'scheduled__2025-01-22T00:00:00+00:00', '--job-id', '7', '--raw', '--subdir', '/home/***/.local/lib/python3.7/site-packages/***/example_dags/example_bash_operator.py', '--cfg-path', '/tmp/tmpnh2ahjv8']
[2025-01-23T09:11:32.087+0000] {standard_task_runner.py:83} INFO - Job 7: Subtask runme_2
[2025-01-23T09:11:32.199+0000] {task_command.py:376} INFO - Running <TaskInstance: example_bash_operator.runme_2 scheduled__2025-01-22T00:00:00+00:00 [running]> on host 1ebe8b5458c6
[2025-01-23T09:11:32.337+0000] {taskinstance.py:1592} INFO - Exporting the following env vars:
AIRFLOW_CTX_DAG_OWNER=***
AIRFLOW_CTX_DAG_ID=example_bash_operator
AIRFLOW_CTX_TASK_ID=runme_2
AIRFLOW_CTX_EXECUTION_DATE=2025-01-22T00:00:00+00:00
AIRFLOW_CTX_TRY_NUMBER=1
AIRFLOW_CTX_DAG_RUN_ID=scheduled__2025-01-22T00:00:00+00:00
[2025-01-23T09:11:32.339+0000] {subprocess.py:63} INFO - Tmp dir root location: 
 /tmp
[2025-01-23T09:11:32.340+0000] {subprocess.py:75} INFO - Running command: ['/bin/bash', '-c', 'echo "example_bash_operator__runme_2__20250122" && sleep 1']
[2025-01-23T09:11:32.358+0000] {subprocess.py:86} INFO - Output:
[2025-01-23T09:11:32.361+0000] {subprocess.py:93} INFO - example_bash_operator__runme_2__20250122
[2025-01-23T09:11:33.365+0000] {subprocess.py:97} INFO - Command exited with return code 0
[2025-01-23T09:11:33.424+0000] {taskinstance.py:1406} INFO - Marking task as SUCCESS. dag_id=example_bash_operator, task_id=runme_2, execution_date=20250122T000000, start_date=20250123T091131, end_date=20250123T091133
[2025-01-23T09:11:33.465+0000] {local_task_job.py:164} INFO - Task exited with return code 0
[2025-01-23T09:11:33.513+0000] {local_task_job.py:273} INFO - 1 downstream tasks scheduled from follow-on schedule check
