[2025-01-24T17:06:13.059+0000] {processor.py:154} INFO - Started process (PID=54) to work on /opt/airflow/dags/user_processing.py
[2025-01-24T17:06:13.060+0000] {processor.py:756} INFO - Processing file /opt/airflow/dags/user_processing.py for tasks to queue
[2025-01-24T17:06:13.061+0000] {logging_mixin.py:120} INFO - [2025-01-24T17:06:13.061+0000] {dagbag.py:537} INFO - Filling up the DagBag from /opt/airflow/dags/user_processing.py
[2025-01-24T17:06:13.220+0000] {processor.py:766} INFO - DAG(s) dict_keys(['user_processing']) retrieved from /opt/airflow/dags/user_processing.py
[2025-01-24T17:06:13.288+0000] {logging_mixin.py:120} INFO - [2025-01-24T17:06:13.288+0000] {dag.py:2585} INFO - Sync 1 DAGs
[2025-01-24T17:06:13.341+0000] {logging_mixin.py:120} INFO - [2025-01-24T17:06:13.341+0000] {dag.py:3340} INFO - Setting next_dagrun for user_processing to 2025-01-23T00:00:00+00:00, run_after=2025-01-24T00:00:00+00:00
[2025-01-24T17:06:13.387+0000] {processor.py:176} INFO - Processing /opt/airflow/dags/user_processing.py took 0.332 seconds
[2025-01-24T11:52:05.800+0000] {processor.py:154} INFO - Started process (PID=54) to work on /opt/airflow/dags/user_processing.py
[2025-01-24T11:52:05.811+0000] {processor.py:756} INFO - Processing file /opt/airflow/dags/user_processing.py for tasks to queue
[2025-01-24T11:52:05.812+0000] {logging_mixin.py:120} INFO - [2025-01-24T11:52:05.812+0000] {dagbag.py:537} INFO - Filling up the DagBag from /opt/airflow/dags/user_processing.py
[2025-01-24T11:52:06.072+0000] {processor.py:766} INFO - DAG(s) dict_keys(['user_processing']) retrieved from /opt/airflow/dags/user_processing.py
[2025-01-24T11:52:06.193+0000] {logging_mixin.py:120} INFO - [2025-01-24T11:52:06.193+0000] {dag.py:2585} INFO - Sync 1 DAGs
[2025-01-24T11:52:06.244+0000] {logging_mixin.py:120} INFO - [2025-01-24T11:52:06.244+0000] {dag.py:3340} INFO - Setting next_dagrun for user_processing to 2025-01-23T00:00:00+00:00, run_after=2025-01-24T00:00:00+00:00
[2025-01-24T11:52:06.294+0000] {processor.py:176} INFO - Processing /opt/airflow/dags/user_processing.py took 0.499 seconds
[2025-01-24T11:52:36.436+0000] {processor.py:154} INFO - Started process (PID=109) to work on /opt/airflow/dags/user_processing.py
[2025-01-24T11:52:36.437+0000] {processor.py:756} INFO - Processing file /opt/airflow/dags/user_processing.py for tasks to queue
[2025-01-24T11:52:36.438+0000] {logging_mixin.py:120} INFO - [2025-01-24T11:52:36.438+0000] {dagbag.py:537} INFO - Filling up the DagBag from /opt/airflow/dags/user_processing.py
[2025-01-24T11:52:36.564+0000] {processor.py:766} INFO - DAG(s) dict_keys(['user_processing']) retrieved from /opt/airflow/dags/user_processing.py
[2025-01-24T11:52:36.627+0000] {logging_mixin.py:120} INFO - [2025-01-24T11:52:36.627+0000] {dag.py:2585} INFO - Sync 1 DAGs
[2025-01-24T11:52:36.691+0000] {logging_mixin.py:120} INFO - [2025-01-24T11:52:36.691+0000] {dag.py:3340} INFO - Setting next_dagrun for user_processing to 2025-01-23T00:00:00+00:00, run_after=2025-01-24T00:00:00+00:00
[2025-01-24T11:52:36.746+0000] {processor.py:176} INFO - Processing /opt/airflow/dags/user_processing.py took 0.314 seconds
[2025-01-24T11:53:06.893+0000] {processor.py:154} INFO - Started process (PID=174) to work on /opt/airflow/dags/user_processing.py
[2025-01-24T11:53:06.904+0000] {processor.py:756} INFO - Processing file /opt/airflow/dags/user_processing.py for tasks to queue
[2025-01-24T11:53:06.905+0000] {logging_mixin.py:120} INFO - [2025-01-24T11:53:06.905+0000] {dagbag.py:537} INFO - Filling up the DagBag from /opt/airflow/dags/user_processing.py
[2025-01-24T11:53:07.030+0000] {processor.py:766} INFO - DAG(s) dict_keys(['user_processing']) retrieved from /opt/airflow/dags/user_processing.py
[2025-01-24T11:53:07.098+0000] {logging_mixin.py:120} INFO - [2025-01-24T11:53:07.097+0000] {dag.py:2585} INFO - Sync 1 DAGs
[2025-01-24T11:53:07.155+0000] {logging_mixin.py:120} INFO - [2025-01-24T11:53:07.155+0000] {dag.py:3340} INFO - Setting next_dagrun for user_processing to 2025-01-23T00:00:00+00:00, run_after=2025-01-24T00:00:00+00:00
[2025-01-24T11:53:07.207+0000] {processor.py:176} INFO - Processing /opt/airflow/dags/user_processing.py took 0.320 seconds
[2025-01-24T11:53:37.401+0000] {processor.py:154} INFO - Started process (PID=229) to work on /opt/airflow/dags/user_processing.py
[2025-01-24T11:53:37.412+0000] {processor.py:756} INFO - Processing file /opt/airflow/dags/user_processing.py for tasks to queue
[2025-01-24T11:53:37.414+0000] {logging_mixin.py:120} INFO - [2025-01-24T11:53:37.413+0000] {dagbag.py:537} INFO - Filling up the DagBag from /opt/airflow/dags/user_processing.py
[2025-01-24T11:53:37.523+0000] {processor.py:766} INFO - DAG(s) dict_keys(['user_processing']) retrieved from /opt/airflow/dags/user_processing.py
[2025-01-24T11:53:37.573+0000] {logging_mixin.py:120} INFO - [2025-01-24T11:53:37.573+0000] {dag.py:2585} INFO - Sync 1 DAGs
[2025-01-24T11:53:37.609+0000] {logging_mixin.py:120} INFO - [2025-01-24T11:53:37.609+0000] {dag.py:3340} INFO - Setting next_dagrun for user_processing to 2025-01-23T00:00:00+00:00, run_after=2025-01-24T00:00:00+00:00
[2025-01-24T11:53:37.645+0000] {processor.py:176} INFO - Processing /opt/airflow/dags/user_processing.py took 0.252 seconds
[2025-01-24T11:54:08.209+0000] {processor.py:154} INFO - Started process (PID=293) to work on /opt/airflow/dags/user_processing.py
[2025-01-24T11:54:08.211+0000] {processor.py:756} INFO - Processing file /opt/airflow/dags/user_processing.py for tasks to queue
[2025-01-24T11:54:08.212+0000] {logging_mixin.py:120} INFO - [2025-01-24T11:54:08.212+0000] {dagbag.py:537} INFO - Filling up the DagBag from /opt/airflow/dags/user_processing.py
[2025-01-24T11:54:08.322+0000] {processor.py:766} INFO - DAG(s) dict_keys(['user_processing']) retrieved from /opt/airflow/dags/user_processing.py
[2025-01-24T11:54:08.384+0000] {logging_mixin.py:120} INFO - [2025-01-24T11:54:08.383+0000] {dag.py:2585} INFO - Sync 1 DAGs
[2025-01-24T11:54:08.432+0000] {logging_mixin.py:120} INFO - [2025-01-24T11:54:08.431+0000] {dag.py:3340} INFO - Setting next_dagrun for user_processing to 2025-01-23T00:00:00+00:00, run_after=2025-01-24T00:00:00+00:00
[2025-01-24T11:54:08.479+0000] {processor.py:176} INFO - Processing /opt/airflow/dags/user_processing.py took 0.274 seconds
[2025-01-24T11:54:38.736+0000] {processor.py:154} INFO - Started process (PID=357) to work on /opt/airflow/dags/user_processing.py
[2025-01-24T11:54:38.748+0000] {processor.py:756} INFO - Processing file /opt/airflow/dags/user_processing.py for tasks to queue
[2025-01-24T11:54:38.750+0000] {logging_mixin.py:120} INFO - [2025-01-24T11:54:38.750+0000] {dagbag.py:537} INFO - Filling up the DagBag from /opt/airflow/dags/user_processing.py
[2025-01-24T11:54:38.871+0000] {processor.py:766} INFO - DAG(s) dict_keys(['user_processing']) retrieved from /opt/airflow/dags/user_processing.py
[2025-01-24T11:54:38.952+0000] {logging_mixin.py:120} INFO - [2025-01-24T11:54:38.952+0000] {dag.py:2585} INFO - Sync 1 DAGs
[2025-01-24T11:54:39.015+0000] {logging_mixin.py:120} INFO - [2025-01-24T11:54:39.014+0000] {dag.py:3340} INFO - Setting next_dagrun for user_processing to 2025-01-23T00:00:00+00:00, run_after=2025-01-24T00:00:00+00:00
[2025-01-24T11:54:39.078+0000] {processor.py:176} INFO - Processing /opt/airflow/dags/user_processing.py took 0.348 seconds
[2025-01-24T11:55:09.735+0000] {processor.py:154} INFO - Started process (PID=412) to work on /opt/airflow/dags/user_processing.py
[2025-01-24T11:55:09.746+0000] {processor.py:756} INFO - Processing file /opt/airflow/dags/user_processing.py for tasks to queue
[2025-01-24T11:55:09.747+0000] {logging_mixin.py:120} INFO - [2025-01-24T11:55:09.747+0000] {dagbag.py:537} INFO - Filling up the DagBag from /opt/airflow/dags/user_processing.py
[2025-01-24T11:55:09.858+0000] {processor.py:766} INFO - DAG(s) dict_keys(['user_processing']) retrieved from /opt/airflow/dags/user_processing.py
[2025-01-24T11:55:09.924+0000] {logging_mixin.py:120} INFO - [2025-01-24T11:55:09.924+0000] {dag.py:2585} INFO - Sync 1 DAGs
[2025-01-24T11:55:09.968+0000] {logging_mixin.py:120} INFO - [2025-01-24T11:55:09.967+0000] {dag.py:3340} INFO - Setting next_dagrun for user_processing to 2025-01-23T00:00:00+00:00, run_after=2025-01-24T00:00:00+00:00
[2025-01-24T11:55:10.010+0000] {processor.py:176} INFO - Processing /opt/airflow/dags/user_processing.py took 0.281 seconds
[2025-01-24T11:55:40.457+0000] {processor.py:154} INFO - Started process (PID=476) to work on /opt/airflow/dags/user_processing.py
[2025-01-24T11:55:40.458+0000] {processor.py:756} INFO - Processing file /opt/airflow/dags/user_processing.py for tasks to queue
[2025-01-24T11:55:40.459+0000] {logging_mixin.py:120} INFO - [2025-01-24T11:55:40.459+0000] {dagbag.py:537} INFO - Filling up the DagBag from /opt/airflow/dags/user_processing.py
[2025-01-24T11:55:40.560+0000] {processor.py:766} INFO - DAG(s) dict_keys(['user_processing']) retrieved from /opt/airflow/dags/user_processing.py
[2025-01-24T11:55:40.617+0000] {logging_mixin.py:120} INFO - [2025-01-24T11:55:40.617+0000] {dag.py:2585} INFO - Sync 1 DAGs
[2025-01-24T11:55:40.659+0000] {logging_mixin.py:120} INFO - [2025-01-24T11:55:40.659+0000] {dag.py:3340} INFO - Setting next_dagrun for user_processing to 2025-01-23T00:00:00+00:00, run_after=2025-01-24T00:00:00+00:00
[2025-01-24T11:55:40.711+0000] {processor.py:176} INFO - Processing /opt/airflow/dags/user_processing.py took 0.258 seconds
[2025-01-24T11:56:10.940+0000] {processor.py:154} INFO - Started process (PID=532) to work on /opt/airflow/dags/user_processing.py
[2025-01-24T11:56:10.950+0000] {processor.py:756} INFO - Processing file /opt/airflow/dags/user_processing.py for tasks to queue
[2025-01-24T11:56:10.951+0000] {logging_mixin.py:120} INFO - [2025-01-24T11:56:10.951+0000] {dagbag.py:537} INFO - Filling up the DagBag from /opt/airflow/dags/user_processing.py
[2025-01-24T11:56:11.044+0000] {processor.py:766} INFO - DAG(s) dict_keys(['user_processing']) retrieved from /opt/airflow/dags/user_processing.py
[2025-01-24T11:56:11.104+0000] {logging_mixin.py:120} INFO - [2025-01-24T11:56:11.104+0000] {dag.py:2585} INFO - Sync 1 DAGs
[2025-01-24T11:56:11.143+0000] {logging_mixin.py:120} INFO - [2025-01-24T11:56:11.143+0000] {dag.py:3340} INFO - Setting next_dagrun for user_processing to 2025-01-23T00:00:00+00:00, run_after=2025-01-24T00:00:00+00:00
[2025-01-24T11:56:11.172+0000] {processor.py:176} INFO - Processing /opt/airflow/dags/user_processing.py took 0.238 seconds
[2025-01-24T11:56:41.479+0000] {processor.py:154} INFO - Started process (PID=596) to work on /opt/airflow/dags/user_processing.py
[2025-01-24T11:56:41.489+0000] {processor.py:756} INFO - Processing file /opt/airflow/dags/user_processing.py for tasks to queue
[2025-01-24T11:56:41.490+0000] {logging_mixin.py:120} INFO - [2025-01-24T11:56:41.490+0000] {dagbag.py:537} INFO - Filling up the DagBag from /opt/airflow/dags/user_processing.py
[2025-01-24T11:56:41.579+0000] {processor.py:766} INFO - DAG(s) dict_keys(['user_processing']) retrieved from /opt/airflow/dags/user_processing.py
[2025-01-24T11:56:41.637+0000] {logging_mixin.py:120} INFO - [2025-01-24T11:56:41.637+0000] {dag.py:2585} INFO - Sync 1 DAGs
[2025-01-24T11:56:41.672+0000] {logging_mixin.py:120} INFO - [2025-01-24T11:56:41.672+0000] {dag.py:3340} INFO - Setting next_dagrun for user_processing to 2025-01-23T00:00:00+00:00, run_after=2025-01-24T00:00:00+00:00
[2025-01-24T11:56:41.698+0000] {processor.py:176} INFO - Processing /opt/airflow/dags/user_processing.py took 0.223 seconds
[2025-01-24T11:57:12.138+0000] {processor.py:154} INFO - Started process (PID=651) to work on /opt/airflow/dags/user_processing.py
[2025-01-24T11:57:12.139+0000] {processor.py:756} INFO - Processing file /opt/airflow/dags/user_processing.py for tasks to queue
[2025-01-24T11:57:12.140+0000] {logging_mixin.py:120} INFO - [2025-01-24T11:57:12.140+0000] {dagbag.py:537} INFO - Filling up the DagBag from /opt/airflow/dags/user_processing.py
[2025-01-24T11:57:12.231+0000] {processor.py:766} INFO - DAG(s) dict_keys(['user_processing']) retrieved from /opt/airflow/dags/user_processing.py
[2025-01-24T11:57:12.291+0000] {logging_mixin.py:120} INFO - [2025-01-24T11:57:12.290+0000] {dag.py:2585} INFO - Sync 1 DAGs
[2025-01-24T11:57:12.347+0000] {logging_mixin.py:120} INFO - [2025-01-24T11:57:12.346+0000] {dag.py:3340} INFO - Setting next_dagrun for user_processing to 2025-01-23T00:00:00+00:00, run_after=2025-01-24T00:00:00+00:00
[2025-01-24T11:57:12.395+0000] {processor.py:176} INFO - Processing /opt/airflow/dags/user_processing.py took 0.262 seconds
[2025-01-24T11:57:42.483+0000] {processor.py:154} INFO - Started process (PID=715) to work on /opt/airflow/dags/user_processing.py
[2025-01-24T11:57:42.493+0000] {processor.py:756} INFO - Processing file /opt/airflow/dags/user_processing.py for tasks to queue
[2025-01-24T11:57:42.493+0000] {logging_mixin.py:120} INFO - [2025-01-24T11:57:42.493+0000] {dagbag.py:537} INFO - Filling up the DagBag from /opt/airflow/dags/user_processing.py
[2025-01-24T11:57:42.571+0000] {processor.py:766} INFO - DAG(s) dict_keys(['user_processing']) retrieved from /opt/airflow/dags/user_processing.py
[2025-01-24T11:57:42.624+0000] {logging_mixin.py:120} INFO - [2025-01-24T11:57:42.624+0000] {dag.py:2585} INFO - Sync 1 DAGs
[2025-01-24T11:57:42.669+0000] {logging_mixin.py:120} INFO - [2025-01-24T11:57:42.669+0000] {dag.py:3340} INFO - Setting next_dagrun for user_processing to 2025-01-23T00:00:00+00:00, run_after=2025-01-24T00:00:00+00:00
[2025-01-24T11:57:42.718+0000] {processor.py:176} INFO - Processing /opt/airflow/dags/user_processing.py took 0.240 seconds
[2025-01-24T11:58:13.119+0000] {processor.py:154} INFO - Started process (PID=780) to work on /opt/airflow/dags/user_processing.py
[2025-01-24T11:58:13.120+0000] {processor.py:756} INFO - Processing file /opt/airflow/dags/user_processing.py for tasks to queue
[2025-01-24T11:58:13.121+0000] {logging_mixin.py:120} INFO - [2025-01-24T11:58:13.121+0000] {dagbag.py:537} INFO - Filling up the DagBag from /opt/airflow/dags/user_processing.py
[2025-01-24T11:58:13.218+0000] {processor.py:766} INFO - DAG(s) dict_keys(['user_processing']) retrieved from /opt/airflow/dags/user_processing.py
[2025-01-24T11:58:13.274+0000] {logging_mixin.py:120} INFO - [2025-01-24T11:58:13.274+0000] {dag.py:2585} INFO - Sync 1 DAGs
[2025-01-24T11:58:13.312+0000] {logging_mixin.py:120} INFO - [2025-01-24T11:58:13.312+0000] {dag.py:3340} INFO - Setting next_dagrun for user_processing to 2025-01-23T00:00:00+00:00, run_after=2025-01-24T00:00:00+00:00
[2025-01-24T11:58:13.343+0000] {processor.py:176} INFO - Processing /opt/airflow/dags/user_processing.py took 0.228 seconds
[2025-01-24T11:58:43.728+0000] {processor.py:154} INFO - Started process (PID=835) to work on /opt/airflow/dags/user_processing.py
[2025-01-24T11:58:43.739+0000] {processor.py:756} INFO - Processing file /opt/airflow/dags/user_processing.py for tasks to queue
[2025-01-24T11:58:43.740+0000] {logging_mixin.py:120} INFO - [2025-01-24T11:58:43.739+0000] {dagbag.py:537} INFO - Filling up the DagBag from /opt/airflow/dags/user_processing.py
[2025-01-24T11:58:43.825+0000] {processor.py:766} INFO - DAG(s) dict_keys(['user_processing']) retrieved from /opt/airflow/dags/user_processing.py
[2025-01-24T11:58:43.888+0000] {logging_mixin.py:120} INFO - [2025-01-24T11:58:43.888+0000] {dag.py:2585} INFO - Sync 1 DAGs
[2025-01-24T11:58:43.931+0000] {logging_mixin.py:120} INFO - [2025-01-24T11:58:43.931+0000] {dag.py:3340} INFO - Setting next_dagrun for user_processing to 2025-01-23T00:00:00+00:00, run_after=2025-01-24T00:00:00+00:00
[2025-01-24T11:58:43.965+0000] {processor.py:176} INFO - Processing /opt/airflow/dags/user_processing.py took 0.243 seconds
[2025-01-24T11:59:14.085+0000] {processor.py:154} INFO - Started process (PID=900) to work on /opt/airflow/dags/user_processing.py
[2025-01-24T11:59:14.086+0000] {processor.py:756} INFO - Processing file /opt/airflow/dags/user_processing.py for tasks to queue
[2025-01-24T11:59:14.087+0000] {logging_mixin.py:120} INFO - [2025-01-24T11:59:14.087+0000] {dagbag.py:537} INFO - Filling up the DagBag from /opt/airflow/dags/user_processing.py
[2025-01-24T11:59:14.185+0000] {processor.py:766} INFO - DAG(s) dict_keys(['user_processing']) retrieved from /opt/airflow/dags/user_processing.py
[2025-01-24T11:59:14.245+0000] {logging_mixin.py:120} INFO - [2025-01-24T11:59:14.244+0000] {dag.py:2585} INFO - Sync 1 DAGs
[2025-01-24T11:59:14.286+0000] {logging_mixin.py:120} INFO - [2025-01-24T11:59:14.286+0000] {dag.py:3340} INFO - Setting next_dagrun for user_processing to 2025-01-23T00:00:00+00:00, run_after=2025-01-24T00:00:00+00:00
[2025-01-24T11:59:14.319+0000] {processor.py:176} INFO - Processing /opt/airflow/dags/user_processing.py took 0.238 seconds
[2025-01-24T11:59:44.478+0000] {processor.py:154} INFO - Started process (PID=963) to work on /opt/airflow/dags/user_processing.py
[2025-01-24T11:59:44.490+0000] {processor.py:756} INFO - Processing file /opt/airflow/dags/user_processing.py for tasks to queue
[2025-01-24T11:59:44.491+0000] {logging_mixin.py:120} INFO - [2025-01-24T11:59:44.491+0000] {dagbag.py:537} INFO - Filling up the DagBag from /opt/airflow/dags/user_processing.py
[2025-01-24T11:59:44.582+0000] {processor.py:766} INFO - DAG(s) dict_keys(['user_processing']) retrieved from /opt/airflow/dags/user_processing.py
[2025-01-24T11:59:44.650+0000] {logging_mixin.py:120} INFO - [2025-01-24T11:59:44.649+0000] {dag.py:2585} INFO - Sync 1 DAGs
[2025-01-24T11:59:44.694+0000] {logging_mixin.py:120} INFO - [2025-01-24T11:59:44.694+0000] {dag.py:3340} INFO - Setting next_dagrun for user_processing to 2025-01-23T00:00:00+00:00, run_after=2025-01-24T00:00:00+00:00
[2025-01-24T11:59:44.734+0000] {processor.py:176} INFO - Processing /opt/airflow/dags/user_processing.py took 0.261 seconds
[2025-01-24T12:00:14.803+0000] {processor.py:154} INFO - Started process (PID=1018) to work on /opt/airflow/dags/user_processing.py
[2025-01-24T12:00:14.814+0000] {processor.py:756} INFO - Processing file /opt/airflow/dags/user_processing.py for tasks to queue
[2025-01-24T12:00:14.815+0000] {logging_mixin.py:120} INFO - [2025-01-24T12:00:14.815+0000] {dagbag.py:537} INFO - Filling up the DagBag from /opt/airflow/dags/user_processing.py
[2025-01-24T12:00:14.901+0000] {processor.py:766} INFO - DAG(s) dict_keys(['user_processing']) retrieved from /opt/airflow/dags/user_processing.py
[2025-01-24T12:00:14.955+0000] {logging_mixin.py:120} INFO - [2025-01-24T12:00:14.955+0000] {dag.py:2585} INFO - Sync 1 DAGs
[2025-01-24T12:00:15.001+0000] {logging_mixin.py:120} INFO - [2025-01-24T12:00:15.001+0000] {dag.py:3340} INFO - Setting next_dagrun for user_processing to 2025-01-23T00:00:00+00:00, run_after=2025-01-24T00:00:00+00:00
[2025-01-24T12:00:15.036+0000] {processor.py:176} INFO - Processing /opt/airflow/dags/user_processing.py took 0.237 seconds
[2025-01-24T12:00:45.304+0000] {processor.py:154} INFO - Started process (PID=1082) to work on /opt/airflow/dags/user_processing.py
[2025-01-24T12:00:45.305+0000] {processor.py:756} INFO - Processing file /opt/airflow/dags/user_processing.py for tasks to queue
[2025-01-24T12:00:45.306+0000] {logging_mixin.py:120} INFO - [2025-01-24T12:00:45.305+0000] {dagbag.py:537} INFO - Filling up the DagBag from /opt/airflow/dags/user_processing.py
[2025-01-24T12:00:45.395+0000] {processor.py:766} INFO - DAG(s) dict_keys(['user_processing']) retrieved from /opt/airflow/dags/user_processing.py
[2025-01-24T12:00:45.448+0000] {logging_mixin.py:120} INFO - [2025-01-24T12:00:45.448+0000] {dag.py:2585} INFO - Sync 1 DAGs
[2025-01-24T12:00:45.494+0000] {logging_mixin.py:120} INFO - [2025-01-24T12:00:45.493+0000] {dag.py:3340} INFO - Setting next_dagrun for user_processing to 2025-01-23T00:00:00+00:00, run_after=2025-01-24T00:00:00+00:00
[2025-01-24T12:00:45.531+0000] {processor.py:176} INFO - Processing /opt/airflow/dags/user_processing.py took 0.231 seconds
[2025-01-24T12:01:16.414+0000] {processor.py:154} INFO - Started process (PID=1145) to work on /opt/airflow/dags/user_processing.py
[2025-01-24T12:01:16.425+0000] {processor.py:756} INFO - Processing file /opt/airflow/dags/user_processing.py for tasks to queue
[2025-01-24T12:01:16.426+0000] {logging_mixin.py:120} INFO - [2025-01-24T12:01:16.426+0000] {dagbag.py:537} INFO - Filling up the DagBag from /opt/airflow/dags/user_processing.py
[2025-01-24T12:01:16.525+0000] {processor.py:766} INFO - DAG(s) dict_keys(['user_processing']) retrieved from /opt/airflow/dags/user_processing.py
[2025-01-24T12:01:16.590+0000] {logging_mixin.py:120} INFO - [2025-01-24T12:01:16.590+0000] {dag.py:2585} INFO - Sync 1 DAGs
[2025-01-24T12:01:16.641+0000] {logging_mixin.py:120} INFO - [2025-01-24T12:01:16.641+0000] {dag.py:3340} INFO - Setting next_dagrun for user_processing to 2025-01-23T00:00:00+00:00, run_after=2025-01-24T00:00:00+00:00
[2025-01-24T12:01:16.680+0000] {processor.py:176} INFO - Processing /opt/airflow/dags/user_processing.py took 0.271 seconds
[2025-01-24T12:01:47.543+0000] {processor.py:154} INFO - Started process (PID=1203) to work on /opt/airflow/dags/user_processing.py
[2025-01-24T12:01:47.553+0000] {processor.py:756} INFO - Processing file /opt/airflow/dags/user_processing.py for tasks to queue
[2025-01-24T12:01:47.555+0000] {logging_mixin.py:120} INFO - [2025-01-24T12:01:47.554+0000] {dagbag.py:537} INFO - Filling up the DagBag from /opt/airflow/dags/user_processing.py
[2025-01-24T12:01:47.642+0000] {processor.py:766} INFO - DAG(s) dict_keys(['user_processing']) retrieved from /opt/airflow/dags/user_processing.py
[2025-01-24T12:01:47.694+0000] {logging_mixin.py:120} INFO - [2025-01-24T12:01:47.694+0000] {dag.py:2585} INFO - Sync 1 DAGs
[2025-01-24T12:01:47.728+0000] {logging_mixin.py:120} INFO - [2025-01-24T12:01:47.728+0000] {dag.py:3340} INFO - Setting next_dagrun for user_processing to 2025-01-23T00:00:00+00:00, run_after=2025-01-24T00:00:00+00:00
[2025-01-24T12:01:47.763+0000] {processor.py:176} INFO - Processing /opt/airflow/dags/user_processing.py took 0.226 seconds
[2025-01-24T12:02:17.987+0000] {processor.py:154} INFO - Started process (PID=1267) to work on /opt/airflow/dags/user_processing.py
[2025-01-24T12:02:17.989+0000] {processor.py:756} INFO - Processing file /opt/airflow/dags/user_processing.py for tasks to queue
[2025-01-24T12:02:17.990+0000] {logging_mixin.py:120} INFO - [2025-01-24T12:02:17.989+0000] {dagbag.py:537} INFO - Filling up the DagBag from /opt/airflow/dags/user_processing.py
[2025-01-24T12:02:18.096+0000] {processor.py:766} INFO - DAG(s) dict_keys(['user_processing']) retrieved from /opt/airflow/dags/user_processing.py
[2025-01-24T12:02:18.160+0000] {logging_mixin.py:120} INFO - [2025-01-24T12:02:18.160+0000] {dag.py:2585} INFO - Sync 1 DAGs
[2025-01-24T12:02:18.211+0000] {logging_mixin.py:120} INFO - [2025-01-24T12:02:18.211+0000] {dag.py:3340} INFO - Setting next_dagrun for user_processing to 2025-01-23T00:00:00+00:00, run_after=2025-01-24T00:00:00+00:00
[2025-01-24T12:02:18.244+0000] {processor.py:176} INFO - Processing /opt/airflow/dags/user_processing.py took 0.261 seconds
[2025-01-24T12:02:48.388+0000] {processor.py:154} INFO - Started process (PID=1322) to work on /opt/airflow/dags/user_processing.py
[2025-01-24T12:02:48.389+0000] {processor.py:756} INFO - Processing file /opt/airflow/dags/user_processing.py for tasks to queue
[2025-01-24T12:02:48.390+0000] {logging_mixin.py:120} INFO - [2025-01-24T12:02:48.389+0000] {dagbag.py:537} INFO - Filling up the DagBag from /opt/airflow/dags/user_processing.py
[2025-01-24T12:02:48.464+0000] {processor.py:766} INFO - DAG(s) dict_keys(['user_processing']) retrieved from /opt/airflow/dags/user_processing.py
[2025-01-24T12:02:48.516+0000] {logging_mixin.py:120} INFO - [2025-01-24T12:02:48.516+0000] {dag.py:2585} INFO - Sync 1 DAGs
[2025-01-24T12:02:48.554+0000] {logging_mixin.py:120} INFO - [2025-01-24T12:02:48.553+0000] {dag.py:3340} INFO - Setting next_dagrun for user_processing to 2025-01-23T00:00:00+00:00, run_after=2025-01-24T00:00:00+00:00
[2025-01-24T12:02:48.581+0000] {processor.py:176} INFO - Processing /opt/airflow/dags/user_processing.py took 0.198 seconds
[2025-01-24T12:03:18.832+0000] {processor.py:154} INFO - Started process (PID=1386) to work on /opt/airflow/dags/user_processing.py
[2025-01-24T12:03:18.833+0000] {processor.py:756} INFO - Processing file /opt/airflow/dags/user_processing.py for tasks to queue
[2025-01-24T12:03:18.834+0000] {logging_mixin.py:120} INFO - [2025-01-24T12:03:18.834+0000] {dagbag.py:537} INFO - Filling up the DagBag from /opt/airflow/dags/user_processing.py
[2025-01-24T12:03:18.924+0000] {processor.py:766} INFO - DAG(s) dict_keys(['user_processing']) retrieved from /opt/airflow/dags/user_processing.py
[2025-01-24T12:03:18.978+0000] {logging_mixin.py:120} INFO - [2025-01-24T12:03:18.978+0000] {dag.py:2585} INFO - Sync 1 DAGs
[2025-01-24T12:03:19.020+0000] {logging_mixin.py:120} INFO - [2025-01-24T12:03:19.020+0000] {dag.py:3340} INFO - Setting next_dagrun for user_processing to 2025-01-23T00:00:00+00:00, run_after=2025-01-24T00:00:00+00:00
[2025-01-24T12:03:19.053+0000] {processor.py:176} INFO - Processing /opt/airflow/dags/user_processing.py took 0.226 seconds
[2025-01-24T12:03:49.281+0000] {processor.py:154} INFO - Started process (PID=1440) to work on /opt/airflow/dags/user_processing.py
[2025-01-24T12:03:49.292+0000] {processor.py:756} INFO - Processing file /opt/airflow/dags/user_processing.py for tasks to queue
[2025-01-24T12:03:49.293+0000] {logging_mixin.py:120} INFO - [2025-01-24T12:03:49.293+0000] {dagbag.py:537} INFO - Filling up the DagBag from /opt/airflow/dags/user_processing.py
[2025-01-24T12:03:49.379+0000] {processor.py:766} INFO - DAG(s) dict_keys(['user_processing']) retrieved from /opt/airflow/dags/user_processing.py
[2025-01-24T12:03:49.432+0000] {logging_mixin.py:120} INFO - [2025-01-24T12:03:49.432+0000] {dag.py:2585} INFO - Sync 1 DAGs
[2025-01-24T12:03:49.470+0000] {logging_mixin.py:120} INFO - [2025-01-24T12:03:49.470+0000] {dag.py:3340} INFO - Setting next_dagrun for user_processing to 2025-01-23T00:00:00+00:00, run_after=2025-01-24T00:00:00+00:00
[2025-01-24T12:03:49.503+0000] {processor.py:176} INFO - Processing /opt/airflow/dags/user_processing.py took 0.226 seconds
[2025-01-24T12:04:20.370+0000] {processor.py:154} INFO - Started process (PID=1505) to work on /opt/airflow/dags/user_processing.py
[2025-01-24T12:04:20.372+0000] {processor.py:756} INFO - Processing file /opt/airflow/dags/user_processing.py for tasks to queue
[2025-01-24T12:04:20.374+0000] {logging_mixin.py:120} INFO - [2025-01-24T12:04:20.373+0000] {dagbag.py:537} INFO - Filling up the DagBag from /opt/airflow/dags/user_processing.py
[2025-01-24T12:04:20.459+0000] {processor.py:766} INFO - DAG(s) dict_keys(['user_processing']) retrieved from /opt/airflow/dags/user_processing.py
[2025-01-24T12:04:20.507+0000] {logging_mixin.py:120} INFO - [2025-01-24T12:04:20.506+0000] {dag.py:2585} INFO - Sync 1 DAGs
[2025-01-24T12:04:20.542+0000] {logging_mixin.py:120} INFO - [2025-01-24T12:04:20.542+0000] {dag.py:3340} INFO - Setting next_dagrun for user_processing to 2025-01-23T00:00:00+00:00, run_after=2025-01-24T00:00:00+00:00
[2025-01-24T12:04:20.579+0000] {processor.py:176} INFO - Processing /opt/airflow/dags/user_processing.py took 0.213 seconds
[2025-01-24T12:04:51.434+0000] {processor.py:154} INFO - Started process (PID=1569) to work on /opt/airflow/dags/user_processing.py
[2025-01-24T12:04:51.435+0000] {processor.py:756} INFO - Processing file /opt/airflow/dags/user_processing.py for tasks to queue
[2025-01-24T12:04:51.437+0000] {logging_mixin.py:120} INFO - [2025-01-24T12:04:51.436+0000] {dagbag.py:537} INFO - Filling up the DagBag from /opt/airflow/dags/user_processing.py
[2025-01-24T12:04:51.548+0000] {processor.py:766} INFO - DAG(s) dict_keys(['user_processing']) retrieved from /opt/airflow/dags/user_processing.py
[2025-01-24T12:04:51.615+0000] {logging_mixin.py:120} INFO - [2025-01-24T12:04:51.615+0000] {dag.py:2585} INFO - Sync 1 DAGs
[2025-01-24T12:04:51.673+0000] {logging_mixin.py:120} INFO - [2025-01-24T12:04:51.673+0000] {dag.py:3340} INFO - Setting next_dagrun for user_processing to 2025-01-23T00:00:00+00:00, run_after=2025-01-24T00:00:00+00:00
[2025-01-24T12:04:51.724+0000] {processor.py:176} INFO - Processing /opt/airflow/dags/user_processing.py took 0.295 seconds
[2025-01-24T12:05:21.780+0000] {processor.py:154} INFO - Started process (PID=1624) to work on /opt/airflow/dags/user_processing.py
[2025-01-24T12:05:21.791+0000] {processor.py:756} INFO - Processing file /opt/airflow/dags/user_processing.py for tasks to queue
[2025-01-24T12:05:21.792+0000] {logging_mixin.py:120} INFO - [2025-01-24T12:05:21.792+0000] {dagbag.py:537} INFO - Filling up the DagBag from /opt/airflow/dags/user_processing.py
[2025-01-24T12:05:21.916+0000] {processor.py:766} INFO - DAG(s) dict_keys(['user_processing']) retrieved from /opt/airflow/dags/user_processing.py
[2025-01-24T12:05:21.993+0000] {logging_mixin.py:120} INFO - [2025-01-24T12:05:21.992+0000] {dag.py:2585} INFO - Sync 1 DAGs
[2025-01-24T12:05:22.042+0000] {logging_mixin.py:120} INFO - [2025-01-24T12:05:22.042+0000] {dag.py:3340} INFO - Setting next_dagrun for user_processing to 2025-01-23T00:00:00+00:00, run_after=2025-01-24T00:00:00+00:00
[2025-01-24T12:05:22.085+0000] {processor.py:176} INFO - Processing /opt/airflow/dags/user_processing.py took 0.309 seconds
[2025-01-24T12:05:52.372+0000] {processor.py:154} INFO - Started process (PID=1688) to work on /opt/airflow/dags/user_processing.py
[2025-01-24T12:05:52.383+0000] {processor.py:756} INFO - Processing file /opt/airflow/dags/user_processing.py for tasks to queue
[2025-01-24T12:05:52.385+0000] {logging_mixin.py:120} INFO - [2025-01-24T12:05:52.384+0000] {dagbag.py:537} INFO - Filling up the DagBag from /opt/airflow/dags/user_processing.py
[2025-01-24T12:05:52.499+0000] {processor.py:766} INFO - DAG(s) dict_keys(['user_processing']) retrieved from /opt/airflow/dags/user_processing.py
[2025-01-24T12:05:52.558+0000] {logging_mixin.py:120} INFO - [2025-01-24T12:05:52.557+0000] {dag.py:2585} INFO - Sync 1 DAGs
[2025-01-24T12:05:52.597+0000] {logging_mixin.py:120} INFO - [2025-01-24T12:05:52.597+0000] {dag.py:3340} INFO - Setting next_dagrun for user_processing to 2025-01-23T00:00:00+00:00, run_after=2025-01-24T00:00:00+00:00
[2025-01-24T12:05:52.634+0000] {processor.py:176} INFO - Processing /opt/airflow/dags/user_processing.py took 0.267 seconds
[2025-01-24T12:06:22.836+0000] {processor.py:154} INFO - Started process (PID=1743) to work on /opt/airflow/dags/user_processing.py
[2025-01-24T12:06:22.847+0000] {processor.py:756} INFO - Processing file /opt/airflow/dags/user_processing.py for tasks to queue
[2025-01-24T12:06:22.849+0000] {logging_mixin.py:120} INFO - [2025-01-24T12:06:22.848+0000] {dagbag.py:537} INFO - Filling up the DagBag from /opt/airflow/dags/user_processing.py
[2025-01-24T12:06:22.923+0000] {processor.py:766} INFO - DAG(s) dict_keys(['user_processing']) retrieved from /opt/airflow/dags/user_processing.py
[2025-01-24T12:06:22.971+0000] {logging_mixin.py:120} INFO - [2025-01-24T12:06:22.971+0000] {dag.py:2585} INFO - Sync 1 DAGs
[2025-01-24T12:06:23.001+0000] {logging_mixin.py:120} INFO - [2025-01-24T12:06:23.001+0000] {dag.py:3340} INFO - Setting next_dagrun for user_processing to 2025-01-23T00:00:00+00:00, run_after=2025-01-24T00:00:00+00:00
[2025-01-24T12:06:23.025+0000] {processor.py:176} INFO - Processing /opt/airflow/dags/user_processing.py took 0.194 seconds
