[2025-01-23T09:12:04.286+0000] {taskinstance.py:1165} INFO - Dependencies all met for <TaskInstance: example_bash_operator.runme_2 manual__2025-01-23T09:12:02.939918+00:00 [queued]>
[2025-01-23T09:12:04.312+0000] {taskinstance.py:1165} INFO - Dependencies all met for <TaskInstance: example_bash_operator.runme_2 manual__2025-01-23T09:12:02.939918+00:00 [queued]>
[2025-01-23T09:12:04.312+0000] {taskinstance.py:1362} INFO - 
--------------------------------------------------------------------------------
[2025-01-23T09:12:04.313+0000] {taskinstance.py:1363} INFO - Starting attempt 1 of 1
[2025-01-23T09:12:04.313+0000] {taskinstance.py:1364} INFO - 
--------------------------------------------------------------------------------
[2025-01-23T09:12:04.351+0000] {taskinstance.py:1383} INFO - Executing <Task(BashOperator): runme_2> on 2025-01-23 09:12:02.939918+00:00
[2025-01-23T09:12:04.361+0000] {standard_task_runner.py:55} INFO - Started process 1489 to run task
[2025-01-23T09:12:04.370+0000] {standard_task_runner.py:82} INFO - Running: ['***', 'tasks', 'run', 'example_bash_operator', 'runme_2', 'manual__2025-01-23T09:12:02.939918+00:00', '--job-id', '16', '--raw', '--subdir', '/home/***/.local/lib/python3.7/site-packages/***/example_dags/example_bash_operator.py', '--cfg-path', '/tmp/tmpmeb2im2q']
[2025-01-23T09:12:04.371+0000] {standard_task_runner.py:83} INFO - Job 16: Subtask runme_2
[2025-01-23T09:12:04.525+0000] {task_command.py:376} INFO - Running <TaskInstance: example_bash_operator.runme_2 manual__2025-01-23T09:12:02.939918+00:00 [running]> on host 1ebe8b5458c6
[2025-01-23T09:12:04.718+0000] {taskinstance.py:1592} INFO - Exporting the following env vars:
AIRFLOW_CTX_DAG_OWNER=***
AIRFLOW_CTX_DAG_ID=example_bash_operator
AIRFLOW_CTX_TASK_ID=runme_2
AIRFLOW_CTX_EXECUTION_DATE=2025-01-23T09:12:02.939918+00:00
AIRFLOW_CTX_TRY_NUMBER=1
AIRFLOW_CTX_DAG_RUN_ID=manual__2025-01-23T09:12:02.939918+00:00
[2025-01-23T09:12:04.721+0000] {subprocess.py:63} INFO - Tmp dir root location: 
 /tmp
[2025-01-23T09:12:04.722+0000] {subprocess.py:75} INFO - Running command: ['/bin/bash', '-c', 'echo "example_bash_operator__runme_2__20250123" && sleep 1']
[2025-01-23T09:12:04.751+0000] {subprocess.py:86} INFO - Output:
[2025-01-23T09:12:04.756+0000] {subprocess.py:93} INFO - example_bash_operator__runme_2__20250123
[2025-01-23T09:12:05.761+0000] {subprocess.py:97} INFO - Command exited with return code 0
[2025-01-23T09:12:05.818+0000] {taskinstance.py:1406} INFO - Marking task as SUCCESS. dag_id=example_bash_operator, task_id=runme_2, execution_date=20250123T091202, start_date=20250123T091204, end_date=20250123T091205
[2025-01-23T09:12:05.864+0000] {local_task_job.py:164} INFO - Task exited with return code 0
[2025-01-23T09:12:05.925+0000] {local_task_job.py:273} INFO - 1 downstream tasks scheduled from follow-on schedule check
