[2025-01-24T17:06:15.235+0000] {processor.py:154} INFO - Started process (PID=70) to work on /home/airflow/.local/lib/python3.7/site-packages/airflow/example_dags/example_branch_operator_decorator.py
[2025-01-24T17:06:15.236+0000] {processor.py:756} INFO - Processing file /home/airflow/.local/lib/python3.7/site-packages/airflow/example_dags/example_branch_operator_decorator.py for tasks to queue
[2025-01-24T17:06:15.237+0000] {logging_mixin.py:120} INFO - [2025-01-24T17:06:15.237+0000] {dagbag.py:537} INFO - Filling up the DagBag from /home/airflow/.local/lib/python3.7/site-packages/airflow/example_dags/example_branch_operator_decorator.py
[2025-01-24T17:06:15.276+0000] {processor.py:766} INFO - DAG(s) dict_keys(['example_branch_python_operator_decorator']) retrieved from /home/airflow/.local/lib/python3.7/site-packages/airflow/example_dags/example_branch_operator_decorator.py
[2025-01-24T17:06:15.335+0000] {logging_mixin.py:120} INFO - [2025-01-24T17:06:15.334+0000] {dag.py:2585} INFO - Sync 1 DAGs
[2025-01-24T17:06:15.377+0000] {logging_mixin.py:120} INFO - [2025-01-24T17:06:15.377+0000] {dag.py:3340} INFO - Setting next_dagrun for example_branch_python_operator_decorator to 2025-01-23T00:00:00+00:00, run_after=2025-01-24T00:00:00+00:00
[2025-01-24T17:06:15.417+0000] {processor.py:176} INFO - Processing /home/airflow/.local/lib/python3.7/site-packages/airflow/example_dags/example_branch_operator_decorator.py took 0.188 seconds
[2025-01-24T11:52:08.456+0000] {processor.py:154} INFO - Started process (PID=70) to work on /home/airflow/.local/lib/python3.7/site-packages/airflow/example_dags/example_branch_operator_decorator.py
[2025-01-24T11:52:08.458+0000] {processor.py:756} INFO - Processing file /home/airflow/.local/lib/python3.7/site-packages/airflow/example_dags/example_branch_operator_decorator.py for tasks to queue
[2025-01-24T11:52:08.459+0000] {logging_mixin.py:120} INFO - [2025-01-24T11:52:08.459+0000] {dagbag.py:537} INFO - Filling up the DagBag from /home/airflow/.local/lib/python3.7/site-packages/airflow/example_dags/example_branch_operator_decorator.py
[2025-01-24T11:52:08.500+0000] {processor.py:766} INFO - DAG(s) dict_keys(['example_branch_python_operator_decorator']) retrieved from /home/airflow/.local/lib/python3.7/site-packages/airflow/example_dags/example_branch_operator_decorator.py
[2025-01-24T11:52:08.581+0000] {logging_mixin.py:120} INFO - [2025-01-24T11:52:08.581+0000] {dag.py:2585} INFO - Sync 1 DAGs
[2025-01-24T11:52:08.654+0000] {logging_mixin.py:120} INFO - [2025-01-24T11:52:08.653+0000] {dag.py:3340} INFO - Setting next_dagrun for example_branch_python_operator_decorator to 2025-01-23T00:00:00+00:00, run_after=2025-01-24T00:00:00+00:00
[2025-01-24T11:52:08.705+0000] {processor.py:176} INFO - Processing /home/airflow/.local/lib/python3.7/site-packages/airflow/example_dags/example_branch_operator_decorator.py took 0.254 seconds
[2025-01-24T11:52:39.025+0000] {processor.py:154} INFO - Started process (PID=134) to work on /home/airflow/.local/lib/python3.7/site-packages/airflow/example_dags/example_branch_operator_decorator.py
[2025-01-24T11:52:39.026+0000] {processor.py:756} INFO - Processing file /home/airflow/.local/lib/python3.7/site-packages/airflow/example_dags/example_branch_operator_decorator.py for tasks to queue
[2025-01-24T11:52:39.027+0000] {logging_mixin.py:120} INFO - [2025-01-24T11:52:39.027+0000] {dagbag.py:537} INFO - Filling up the DagBag from /home/airflow/.local/lib/python3.7/site-packages/airflow/example_dags/example_branch_operator_decorator.py
[2025-01-24T11:52:39.072+0000] {processor.py:766} INFO - DAG(s) dict_keys(['example_branch_python_operator_decorator']) retrieved from /home/airflow/.local/lib/python3.7/site-packages/airflow/example_dags/example_branch_operator_decorator.py
[2025-01-24T11:52:39.148+0000] {logging_mixin.py:120} INFO - [2025-01-24T11:52:39.147+0000] {dag.py:2585} INFO - Sync 1 DAGs
[2025-01-24T11:52:39.214+0000] {logging_mixin.py:120} INFO - [2025-01-24T11:52:39.213+0000] {dag.py:3340} INFO - Setting next_dagrun for example_branch_python_operator_decorator to 2025-01-23T00:00:00+00:00, run_after=2025-01-24T00:00:00+00:00
[2025-01-24T11:52:39.260+0000] {processor.py:176} INFO - Processing /home/airflow/.local/lib/python3.7/site-packages/airflow/example_dags/example_branch_operator_decorator.py took 0.241 seconds
[2025-01-24T11:53:09.839+0000] {processor.py:154} INFO - Started process (PID=190) to work on /home/airflow/.local/lib/python3.7/site-packages/airflow/example_dags/example_branch_operator_decorator.py
[2025-01-24T11:53:09.841+0000] {processor.py:756} INFO - Processing file /home/airflow/.local/lib/python3.7/site-packages/airflow/example_dags/example_branch_operator_decorator.py for tasks to queue
[2025-01-24T11:53:09.842+0000] {logging_mixin.py:120} INFO - [2025-01-24T11:53:09.842+0000] {dagbag.py:537} INFO - Filling up the DagBag from /home/airflow/.local/lib/python3.7/site-packages/airflow/example_dags/example_branch_operator_decorator.py
[2025-01-24T11:53:09.881+0000] {processor.py:766} INFO - DAG(s) dict_keys(['example_branch_python_operator_decorator']) retrieved from /home/airflow/.local/lib/python3.7/site-packages/airflow/example_dags/example_branch_operator_decorator.py
[2025-01-24T11:53:09.943+0000] {logging_mixin.py:120} INFO - [2025-01-24T11:53:09.943+0000] {dag.py:2585} INFO - Sync 1 DAGs
[2025-01-24T11:53:09.984+0000] {logging_mixin.py:120} INFO - [2025-01-24T11:53:09.984+0000] {dag.py:3340} INFO - Setting next_dagrun for example_branch_python_operator_decorator to 2025-01-23T00:00:00+00:00, run_after=2025-01-24T00:00:00+00:00
[2025-01-24T11:53:10.016+0000] {processor.py:176} INFO - Processing /home/airflow/.local/lib/python3.7/site-packages/airflow/example_dags/example_branch_operator_decorator.py took 0.181 seconds
[2025-01-24T11:53:40.343+0000] {processor.py:154} INFO - Started process (PID=254) to work on /home/airflow/.local/lib/python3.7/site-packages/airflow/example_dags/example_branch_operator_decorator.py
[2025-01-24T11:53:40.344+0000] {processor.py:756} INFO - Processing file /home/airflow/.local/lib/python3.7/site-packages/airflow/example_dags/example_branch_operator_decorator.py for tasks to queue
[2025-01-24T11:53:40.345+0000] {logging_mixin.py:120} INFO - [2025-01-24T11:53:40.345+0000] {dagbag.py:537} INFO - Filling up the DagBag from /home/airflow/.local/lib/python3.7/site-packages/airflow/example_dags/example_branch_operator_decorator.py
[2025-01-24T11:53:40.387+0000] {processor.py:766} INFO - DAG(s) dict_keys(['example_branch_python_operator_decorator']) retrieved from /home/airflow/.local/lib/python3.7/site-packages/airflow/example_dags/example_branch_operator_decorator.py
[2025-01-24T11:53:40.449+0000] {logging_mixin.py:120} INFO - [2025-01-24T11:53:40.449+0000] {dag.py:2585} INFO - Sync 1 DAGs
[2025-01-24T11:53:40.487+0000] {logging_mixin.py:120} INFO - [2025-01-24T11:53:40.487+0000] {dag.py:3340} INFO - Setting next_dagrun for example_branch_python_operator_decorator to 2025-01-23T00:00:00+00:00, run_after=2025-01-24T00:00:00+00:00
[2025-01-24T11:53:40.524+0000] {processor.py:176} INFO - Processing /home/airflow/.local/lib/python3.7/site-packages/airflow/example_dags/example_branch_operator_decorator.py took 0.185 seconds
[2025-01-24T11:54:11.124+0000] {processor.py:154} INFO - Started process (PID=309) to work on /home/airflow/.local/lib/python3.7/site-packages/airflow/example_dags/example_branch_operator_decorator.py
[2025-01-24T11:54:11.125+0000] {processor.py:756} INFO - Processing file /home/airflow/.local/lib/python3.7/site-packages/airflow/example_dags/example_branch_operator_decorator.py for tasks to queue
[2025-01-24T11:54:11.126+0000] {logging_mixin.py:120} INFO - [2025-01-24T11:54:11.126+0000] {dagbag.py:537} INFO - Filling up the DagBag from /home/airflow/.local/lib/python3.7/site-packages/airflow/example_dags/example_branch_operator_decorator.py
[2025-01-24T11:54:11.168+0000] {processor.py:766} INFO - DAG(s) dict_keys(['example_branch_python_operator_decorator']) retrieved from /home/airflow/.local/lib/python3.7/site-packages/airflow/example_dags/example_branch_operator_decorator.py
[2025-01-24T11:54:11.238+0000] {logging_mixin.py:120} INFO - [2025-01-24T11:54:11.238+0000] {dag.py:2585} INFO - Sync 1 DAGs
[2025-01-24T11:54:11.283+0000] {logging_mixin.py:120} INFO - [2025-01-24T11:54:11.282+0000] {dag.py:3340} INFO - Setting next_dagrun for example_branch_python_operator_decorator to 2025-01-23T00:00:00+00:00, run_after=2025-01-24T00:00:00+00:00
[2025-01-24T11:54:11.322+0000] {processor.py:176} INFO - Processing /home/airflow/.local/lib/python3.7/site-packages/airflow/example_dags/example_branch_operator_decorator.py took 0.204 seconds
[2025-01-24T11:54:42.115+0000] {processor.py:154} INFO - Started process (PID=373) to work on /home/airflow/.local/lib/python3.7/site-packages/airflow/example_dags/example_branch_operator_decorator.py
[2025-01-24T11:54:42.116+0000] {processor.py:756} INFO - Processing file /home/airflow/.local/lib/python3.7/site-packages/airflow/example_dags/example_branch_operator_decorator.py for tasks to queue
[2025-01-24T11:54:42.117+0000] {logging_mixin.py:120} INFO - [2025-01-24T11:54:42.116+0000] {dagbag.py:537} INFO - Filling up the DagBag from /home/airflow/.local/lib/python3.7/site-packages/airflow/example_dags/example_branch_operator_decorator.py
[2025-01-24T11:54:42.154+0000] {processor.py:766} INFO - DAG(s) dict_keys(['example_branch_python_operator_decorator']) retrieved from /home/airflow/.local/lib/python3.7/site-packages/airflow/example_dags/example_branch_operator_decorator.py
[2025-01-24T11:54:42.215+0000] {logging_mixin.py:120} INFO - [2025-01-24T11:54:42.215+0000] {dag.py:2585} INFO - Sync 1 DAGs
[2025-01-24T11:54:42.259+0000] {logging_mixin.py:120} INFO - [2025-01-24T11:54:42.259+0000] {dag.py:3340} INFO - Setting next_dagrun for example_branch_python_operator_decorator to 2025-01-23T00:00:00+00:00, run_after=2025-01-24T00:00:00+00:00
[2025-01-24T11:54:42.308+0000] {processor.py:176} INFO - Processing /home/airflow/.local/lib/python3.7/site-packages/airflow/example_dags/example_branch_operator_decorator.py took 0.198 seconds
[2025-01-24T11:55:12.769+0000] {processor.py:154} INFO - Started process (PID=429) to work on /home/airflow/.local/lib/python3.7/site-packages/airflow/example_dags/example_branch_operator_decorator.py
[2025-01-24T11:55:12.770+0000] {processor.py:756} INFO - Processing file /home/airflow/.local/lib/python3.7/site-packages/airflow/example_dags/example_branch_operator_decorator.py for tasks to queue
[2025-01-24T11:55:12.771+0000] {logging_mixin.py:120} INFO - [2025-01-24T11:55:12.771+0000] {dagbag.py:537} INFO - Filling up the DagBag from /home/airflow/.local/lib/python3.7/site-packages/airflow/example_dags/example_branch_operator_decorator.py
[2025-01-24T11:55:12.801+0000] {processor.py:766} INFO - DAG(s) dict_keys(['example_branch_python_operator_decorator']) retrieved from /home/airflow/.local/lib/python3.7/site-packages/airflow/example_dags/example_branch_operator_decorator.py
[2025-01-24T11:55:12.853+0000] {logging_mixin.py:120} INFO - [2025-01-24T11:55:12.853+0000] {dag.py:2585} INFO - Sync 1 DAGs
[2025-01-24T11:55:12.884+0000] {logging_mixin.py:120} INFO - [2025-01-24T11:55:12.884+0000] {dag.py:3340} INFO - Setting next_dagrun for example_branch_python_operator_decorator to 2025-01-23T00:00:00+00:00, run_after=2025-01-24T00:00:00+00:00
[2025-01-24T11:55:12.915+0000] {processor.py:176} INFO - Processing /home/airflow/.local/lib/python3.7/site-packages/airflow/example_dags/example_branch_operator_decorator.py took 0.149 seconds
[2025-01-24T11:55:43.312+0000] {processor.py:154} INFO - Started process (PID=492) to work on /home/airflow/.local/lib/python3.7/site-packages/airflow/example_dags/example_branch_operator_decorator.py
[2025-01-24T11:55:43.314+0000] {processor.py:756} INFO - Processing file /home/airflow/.local/lib/python3.7/site-packages/airflow/example_dags/example_branch_operator_decorator.py for tasks to queue
[2025-01-24T11:55:43.315+0000] {logging_mixin.py:120} INFO - [2025-01-24T11:55:43.315+0000] {dagbag.py:537} INFO - Filling up the DagBag from /home/airflow/.local/lib/python3.7/site-packages/airflow/example_dags/example_branch_operator_decorator.py
[2025-01-24T11:55:43.352+0000] {processor.py:766} INFO - DAG(s) dict_keys(['example_branch_python_operator_decorator']) retrieved from /home/airflow/.local/lib/python3.7/site-packages/airflow/example_dags/example_branch_operator_decorator.py
[2025-01-24T11:55:43.414+0000] {logging_mixin.py:120} INFO - [2025-01-24T11:55:43.414+0000] {dag.py:2585} INFO - Sync 1 DAGs
[2025-01-24T11:55:43.453+0000] {logging_mixin.py:120} INFO - [2025-01-24T11:55:43.453+0000] {dag.py:3340} INFO - Setting next_dagrun for example_branch_python_operator_decorator to 2025-01-23T00:00:00+00:00, run_after=2025-01-24T00:00:00+00:00
[2025-01-24T11:55:43.485+0000] {processor.py:176} INFO - Processing /home/airflow/.local/lib/python3.7/site-packages/airflow/example_dags/example_branch_operator_decorator.py took 0.177 seconds
[2025-01-24T11:56:13.831+0000] {processor.py:154} INFO - Started process (PID=557) to work on /home/airflow/.local/lib/python3.7/site-packages/airflow/example_dags/example_branch_operator_decorator.py
[2025-01-24T11:56:13.832+0000] {processor.py:756} INFO - Processing file /home/airflow/.local/lib/python3.7/site-packages/airflow/example_dags/example_branch_operator_decorator.py for tasks to queue
[2025-01-24T11:56:13.833+0000] {logging_mixin.py:120} INFO - [2025-01-24T11:56:13.833+0000] {dagbag.py:537} INFO - Filling up the DagBag from /home/airflow/.local/lib/python3.7/site-packages/airflow/example_dags/example_branch_operator_decorator.py
[2025-01-24T11:56:13.868+0000] {processor.py:766} INFO - DAG(s) dict_keys(['example_branch_python_operator_decorator']) retrieved from /home/airflow/.local/lib/python3.7/site-packages/airflow/example_dags/example_branch_operator_decorator.py
[2025-01-24T11:56:13.938+0000] {logging_mixin.py:120} INFO - [2025-01-24T11:56:13.937+0000] {dag.py:2585} INFO - Sync 1 DAGs
[2025-01-24T11:56:13.987+0000] {logging_mixin.py:120} INFO - [2025-01-24T11:56:13.986+0000] {dag.py:3340} INFO - Setting next_dagrun for example_branch_python_operator_decorator to 2025-01-23T00:00:00+00:00, run_after=2025-01-24T00:00:00+00:00
[2025-01-24T11:56:14.033+0000] {processor.py:176} INFO - Processing /home/airflow/.local/lib/python3.7/site-packages/airflow/example_dags/example_branch_operator_decorator.py took 0.207 seconds
[2025-01-24T11:56:44.446+0000] {processor.py:154} INFO - Started process (PID=612) to work on /home/airflow/.local/lib/python3.7/site-packages/airflow/example_dags/example_branch_operator_decorator.py
[2025-01-24T11:56:44.447+0000] {processor.py:756} INFO - Processing file /home/airflow/.local/lib/python3.7/site-packages/airflow/example_dags/example_branch_operator_decorator.py for tasks to queue
[2025-01-24T11:56:44.447+0000] {logging_mixin.py:120} INFO - [2025-01-24T11:56:44.447+0000] {dagbag.py:537} INFO - Filling up the DagBag from /home/airflow/.local/lib/python3.7/site-packages/airflow/example_dags/example_branch_operator_decorator.py
[2025-01-24T11:56:44.483+0000] {processor.py:766} INFO - DAG(s) dict_keys(['example_branch_python_operator_decorator']) retrieved from /home/airflow/.local/lib/python3.7/site-packages/airflow/example_dags/example_branch_operator_decorator.py
[2025-01-24T11:56:44.540+0000] {logging_mixin.py:120} INFO - [2025-01-24T11:56:44.540+0000] {dag.py:2585} INFO - Sync 1 DAGs
[2025-01-24T11:56:44.582+0000] {logging_mixin.py:120} INFO - [2025-01-24T11:56:44.582+0000] {dag.py:3340} INFO - Setting next_dagrun for example_branch_python_operator_decorator to 2025-01-23T00:00:00+00:00, run_after=2025-01-24T00:00:00+00:00
[2025-01-24T11:56:44.625+0000] {processor.py:176} INFO - Processing /home/airflow/.local/lib/python3.7/site-packages/airflow/example_dags/example_branch_operator_decorator.py took 0.183 seconds
[2025-01-24T11:57:15.052+0000] {processor.py:154} INFO - Started process (PID=676) to work on /home/airflow/.local/lib/python3.7/site-packages/airflow/example_dags/example_branch_operator_decorator.py
[2025-01-24T11:57:15.053+0000] {processor.py:756} INFO - Processing file /home/airflow/.local/lib/python3.7/site-packages/airflow/example_dags/example_branch_operator_decorator.py for tasks to queue
[2025-01-24T11:57:15.053+0000] {logging_mixin.py:120} INFO - [2025-01-24T11:57:15.053+0000] {dagbag.py:537} INFO - Filling up the DagBag from /home/airflow/.local/lib/python3.7/site-packages/airflow/example_dags/example_branch_operator_decorator.py
[2025-01-24T11:57:15.086+0000] {processor.py:766} INFO - DAG(s) dict_keys(['example_branch_python_operator_decorator']) retrieved from /home/airflow/.local/lib/python3.7/site-packages/airflow/example_dags/example_branch_operator_decorator.py
[2025-01-24T11:57:15.150+0000] {logging_mixin.py:120} INFO - [2025-01-24T11:57:15.149+0000] {dag.py:2585} INFO - Sync 1 DAGs
[2025-01-24T11:57:15.196+0000] {logging_mixin.py:120} INFO - [2025-01-24T11:57:15.196+0000] {dag.py:3340} INFO - Setting next_dagrun for example_branch_python_operator_decorator to 2025-01-23T00:00:00+00:00, run_after=2025-01-24T00:00:00+00:00
[2025-01-24T11:57:15.234+0000] {processor.py:176} INFO - Processing /home/airflow/.local/lib/python3.7/site-packages/airflow/example_dags/example_branch_operator_decorator.py took 0.186 seconds
[2025-01-24T11:57:45.402+0000] {processor.py:154} INFO - Started process (PID=731) to work on /home/airflow/.local/lib/python3.7/site-packages/airflow/example_dags/example_branch_operator_decorator.py
[2025-01-24T11:57:45.403+0000] {processor.py:756} INFO - Processing file /home/airflow/.local/lib/python3.7/site-packages/airflow/example_dags/example_branch_operator_decorator.py for tasks to queue
[2025-01-24T11:57:45.404+0000] {logging_mixin.py:120} INFO - [2025-01-24T11:57:45.404+0000] {dagbag.py:537} INFO - Filling up the DagBag from /home/airflow/.local/lib/python3.7/site-packages/airflow/example_dags/example_branch_operator_decorator.py
[2025-01-24T11:57:45.437+0000] {processor.py:766} INFO - DAG(s) dict_keys(['example_branch_python_operator_decorator']) retrieved from /home/airflow/.local/lib/python3.7/site-packages/airflow/example_dags/example_branch_operator_decorator.py
[2025-01-24T11:57:45.498+0000] {logging_mixin.py:120} INFO - [2025-01-24T11:57:45.498+0000] {dag.py:2585} INFO - Sync 1 DAGs
[2025-01-24T11:57:45.537+0000] {logging_mixin.py:120} INFO - [2025-01-24T11:57:45.537+0000] {dag.py:3340} INFO - Setting next_dagrun for example_branch_python_operator_decorator to 2025-01-23T00:00:00+00:00, run_after=2025-01-24T00:00:00+00:00
[2025-01-24T11:57:45.571+0000] {processor.py:176} INFO - Processing /home/airflow/.local/lib/python3.7/site-packages/airflow/example_dags/example_branch_operator_decorator.py took 0.174 seconds
[2025-01-24T11:58:15.903+0000] {processor.py:154} INFO - Started process (PID=796) to work on /home/airflow/.local/lib/python3.7/site-packages/airflow/example_dags/example_branch_operator_decorator.py
[2025-01-24T11:58:15.905+0000] {processor.py:756} INFO - Processing file /home/airflow/.local/lib/python3.7/site-packages/airflow/example_dags/example_branch_operator_decorator.py for tasks to queue
[2025-01-24T11:58:15.905+0000] {logging_mixin.py:120} INFO - [2025-01-24T11:58:15.905+0000] {dagbag.py:537} INFO - Filling up the DagBag from /home/airflow/.local/lib/python3.7/site-packages/airflow/example_dags/example_branch_operator_decorator.py
[2025-01-24T11:58:15.941+0000] {processor.py:766} INFO - DAG(s) dict_keys(['example_branch_python_operator_decorator']) retrieved from /home/airflow/.local/lib/python3.7/site-packages/airflow/example_dags/example_branch_operator_decorator.py
[2025-01-24T11:58:16.009+0000] {logging_mixin.py:120} INFO - [2025-01-24T11:58:16.008+0000] {dag.py:2585} INFO - Sync 1 DAGs
[2025-01-24T11:58:16.058+0000] {logging_mixin.py:120} INFO - [2025-01-24T11:58:16.058+0000] {dag.py:3340} INFO - Setting next_dagrun for example_branch_python_operator_decorator to 2025-01-23T00:00:00+00:00, run_after=2025-01-24T00:00:00+00:00
[2025-01-24T11:58:16.097+0000] {processor.py:176} INFO - Processing /home/airflow/.local/lib/python3.7/site-packages/airflow/example_dags/example_branch_operator_decorator.py took 0.199 seconds
[2025-01-24T11:58:46.659+0000] {processor.py:154} INFO - Started process (PID=860) to work on /home/airflow/.local/lib/python3.7/site-packages/airflow/example_dags/example_branch_operator_decorator.py
[2025-01-24T11:58:46.660+0000] {processor.py:756} INFO - Processing file /home/airflow/.local/lib/python3.7/site-packages/airflow/example_dags/example_branch_operator_decorator.py for tasks to queue
[2025-01-24T11:58:46.661+0000] {logging_mixin.py:120} INFO - [2025-01-24T11:58:46.660+0000] {dagbag.py:537} INFO - Filling up the DagBag from /home/airflow/.local/lib/python3.7/site-packages/airflow/example_dags/example_branch_operator_decorator.py
[2025-01-24T11:58:46.696+0000] {processor.py:766} INFO - DAG(s) dict_keys(['example_branch_python_operator_decorator']) retrieved from /home/airflow/.local/lib/python3.7/site-packages/airflow/example_dags/example_branch_operator_decorator.py
[2025-01-24T11:58:46.761+0000] {logging_mixin.py:120} INFO - [2025-01-24T11:58:46.761+0000] {dag.py:2585} INFO - Sync 1 DAGs
[2025-01-24T11:58:46.802+0000] {logging_mixin.py:120} INFO - [2025-01-24T11:58:46.802+0000] {dag.py:3340} INFO - Setting next_dagrun for example_branch_python_operator_decorator to 2025-01-23T00:00:00+00:00, run_after=2025-01-24T00:00:00+00:00
[2025-01-24T11:58:46.839+0000] {processor.py:176} INFO - Processing /home/airflow/.local/lib/python3.7/site-packages/airflow/example_dags/example_branch_operator_decorator.py took 0.184 seconds
[2025-01-24T11:59:16.979+0000] {processor.py:154} INFO - Started process (PID=915) to work on /home/airflow/.local/lib/python3.7/site-packages/airflow/example_dags/example_branch_operator_decorator.py
[2025-01-24T11:59:16.980+0000] {processor.py:756} INFO - Processing file /home/airflow/.local/lib/python3.7/site-packages/airflow/example_dags/example_branch_operator_decorator.py for tasks to queue
[2025-01-24T11:59:16.982+0000] {logging_mixin.py:120} INFO - [2025-01-24T11:59:16.981+0000] {dagbag.py:537} INFO - Filling up the DagBag from /home/airflow/.local/lib/python3.7/site-packages/airflow/example_dags/example_branch_operator_decorator.py
[2025-01-24T11:59:17.020+0000] {processor.py:766} INFO - DAG(s) dict_keys(['example_branch_python_operator_decorator']) retrieved from /home/airflow/.local/lib/python3.7/site-packages/airflow/example_dags/example_branch_operator_decorator.py
[2025-01-24T11:59:17.083+0000] {logging_mixin.py:120} INFO - [2025-01-24T11:59:17.082+0000] {dag.py:2585} INFO - Sync 1 DAGs
[2025-01-24T11:59:17.133+0000] {logging_mixin.py:120} INFO - [2025-01-24T11:59:17.133+0000] {dag.py:3340} INFO - Setting next_dagrun for example_branch_python_operator_decorator to 2025-01-23T00:00:00+00:00, run_after=2025-01-24T00:00:00+00:00
[2025-01-24T11:59:17.174+0000] {processor.py:176} INFO - Processing /home/airflow/.local/lib/python3.7/site-packages/airflow/example_dags/example_branch_operator_decorator.py took 0.200 seconds
[2025-01-24T11:59:47.295+0000] {processor.py:154} INFO - Started process (PID=979) to work on /home/airflow/.local/lib/python3.7/site-packages/airflow/example_dags/example_branch_operator_decorator.py
[2025-01-24T11:59:47.297+0000] {processor.py:756} INFO - Processing file /home/airflow/.local/lib/python3.7/site-packages/airflow/example_dags/example_branch_operator_decorator.py for tasks to queue
[2025-01-24T11:59:47.298+0000] {logging_mixin.py:120} INFO - [2025-01-24T11:59:47.297+0000] {dagbag.py:537} INFO - Filling up the DagBag from /home/airflow/.local/lib/python3.7/site-packages/airflow/example_dags/example_branch_operator_decorator.py
[2025-01-24T11:59:47.335+0000] {processor.py:766} INFO - DAG(s) dict_keys(['example_branch_python_operator_decorator']) retrieved from /home/airflow/.local/lib/python3.7/site-packages/airflow/example_dags/example_branch_operator_decorator.py
[2025-01-24T11:59:47.401+0000] {logging_mixin.py:120} INFO - [2025-01-24T11:59:47.401+0000] {dag.py:2585} INFO - Sync 1 DAGs
[2025-01-24T11:59:47.442+0000] {logging_mixin.py:120} INFO - [2025-01-24T11:59:47.441+0000] {dag.py:3340} INFO - Setting next_dagrun for example_branch_python_operator_decorator to 2025-01-23T00:00:00+00:00, run_after=2025-01-24T00:00:00+00:00
[2025-01-24T11:59:47.472+0000] {processor.py:176} INFO - Processing /home/airflow/.local/lib/python3.7/site-packages/airflow/example_dags/example_branch_operator_decorator.py took 0.182 seconds
[2025-01-24T12:00:17.754+0000] {processor.py:154} INFO - Started process (PID=1034) to work on /home/airflow/.local/lib/python3.7/site-packages/airflow/example_dags/example_branch_operator_decorator.py
[2025-01-24T12:00:17.755+0000] {processor.py:756} INFO - Processing file /home/airflow/.local/lib/python3.7/site-packages/airflow/example_dags/example_branch_operator_decorator.py for tasks to queue
[2025-01-24T12:00:17.756+0000] {logging_mixin.py:120} INFO - [2025-01-24T12:00:17.756+0000] {dagbag.py:537} INFO - Filling up the DagBag from /home/airflow/.local/lib/python3.7/site-packages/airflow/example_dags/example_branch_operator_decorator.py
[2025-01-24T12:00:17.796+0000] {processor.py:766} INFO - DAG(s) dict_keys(['example_branch_python_operator_decorator']) retrieved from /home/airflow/.local/lib/python3.7/site-packages/airflow/example_dags/example_branch_operator_decorator.py
[2025-01-24T12:00:17.857+0000] {logging_mixin.py:120} INFO - [2025-01-24T12:00:17.857+0000] {dag.py:2585} INFO - Sync 1 DAGs
[2025-01-24T12:00:17.907+0000] {logging_mixin.py:120} INFO - [2025-01-24T12:00:17.906+0000] {dag.py:3340} INFO - Setting next_dagrun for example_branch_python_operator_decorator to 2025-01-23T00:00:00+00:00, run_after=2025-01-24T00:00:00+00:00
[2025-01-24T12:00:17.944+0000] {processor.py:176} INFO - Processing /home/airflow/.local/lib/python3.7/site-packages/airflow/example_dags/example_branch_operator_decorator.py took 0.194 seconds
[2025-01-24T12:00:48.031+0000] {processor.py:154} INFO - Started process (PID=1098) to work on /home/airflow/.local/lib/python3.7/site-packages/airflow/example_dags/example_branch_operator_decorator.py
[2025-01-24T12:00:48.032+0000] {processor.py:756} INFO - Processing file /home/airflow/.local/lib/python3.7/site-packages/airflow/example_dags/example_branch_operator_decorator.py for tasks to queue
[2025-01-24T12:00:48.033+0000] {logging_mixin.py:120} INFO - [2025-01-24T12:00:48.032+0000] {dagbag.py:537} INFO - Filling up the DagBag from /home/airflow/.local/lib/python3.7/site-packages/airflow/example_dags/example_branch_operator_decorator.py
[2025-01-24T12:00:48.069+0000] {processor.py:766} INFO - DAG(s) dict_keys(['example_branch_python_operator_decorator']) retrieved from /home/airflow/.local/lib/python3.7/site-packages/airflow/example_dags/example_branch_operator_decorator.py
[2025-01-24T12:00:48.128+0000] {logging_mixin.py:120} INFO - [2025-01-24T12:00:48.127+0000] {dag.py:2585} INFO - Sync 1 DAGs
[2025-01-24T12:00:48.173+0000] {logging_mixin.py:120} INFO - [2025-01-24T12:00:48.172+0000] {dag.py:3340} INFO - Setting next_dagrun for example_branch_python_operator_decorator to 2025-01-23T00:00:00+00:00, run_after=2025-01-24T00:00:00+00:00
[2025-01-24T12:00:48.210+0000] {processor.py:176} INFO - Processing /home/airflow/.local/lib/python3.7/site-packages/airflow/example_dags/example_branch_operator_decorator.py took 0.183 seconds
[2025-01-24T12:01:18.293+0000] {processor.py:154} INFO - Started process (PID=1163) to work on /home/airflow/.local/lib/python3.7/site-packages/airflow/example_dags/example_branch_operator_decorator.py
[2025-01-24T12:01:18.294+0000] {processor.py:756} INFO - Processing file /home/airflow/.local/lib/python3.7/site-packages/airflow/example_dags/example_branch_operator_decorator.py for tasks to queue
[2025-01-24T12:01:18.295+0000] {logging_mixin.py:120} INFO - [2025-01-24T12:01:18.295+0000] {dagbag.py:537} INFO - Filling up the DagBag from /home/airflow/.local/lib/python3.7/site-packages/airflow/example_dags/example_branch_operator_decorator.py
[2025-01-24T12:01:18.339+0000] {processor.py:766} INFO - DAG(s) dict_keys(['example_branch_python_operator_decorator']) retrieved from /home/airflow/.local/lib/python3.7/site-packages/airflow/example_dags/example_branch_operator_decorator.py
[2025-01-24T12:01:18.398+0000] {logging_mixin.py:120} INFO - [2025-01-24T12:01:18.398+0000] {dag.py:2585} INFO - Sync 1 DAGs
[2025-01-24T12:01:18.436+0000] {logging_mixin.py:120} INFO - [2025-01-24T12:01:18.436+0000] {dag.py:3340} INFO - Setting next_dagrun for example_branch_python_operator_decorator to 2025-01-23T00:00:00+00:00, run_after=2025-01-24T00:00:00+00:00
[2025-01-24T12:01:18.465+0000] {processor.py:176} INFO - Processing /home/airflow/.local/lib/python3.7/site-packages/airflow/example_dags/example_branch_operator_decorator.py took 0.178 seconds
[2025-01-24T12:01:49.264+0000] {processor.py:154} INFO - Started process (PID=1219) to work on /home/airflow/.local/lib/python3.7/site-packages/airflow/example_dags/example_branch_operator_decorator.py
[2025-01-24T12:01:49.265+0000] {processor.py:756} INFO - Processing file /home/airflow/.local/lib/python3.7/site-packages/airflow/example_dags/example_branch_operator_decorator.py for tasks to queue
[2025-01-24T12:01:49.265+0000] {logging_mixin.py:120} INFO - [2025-01-24T12:01:49.265+0000] {dagbag.py:537} INFO - Filling up the DagBag from /home/airflow/.local/lib/python3.7/site-packages/airflow/example_dags/example_branch_operator_decorator.py
[2025-01-24T12:01:49.305+0000] {processor.py:766} INFO - DAG(s) dict_keys(['example_branch_python_operator_decorator']) retrieved from /home/airflow/.local/lib/python3.7/site-packages/airflow/example_dags/example_branch_operator_decorator.py
[2025-01-24T12:01:49.370+0000] {logging_mixin.py:120} INFO - [2025-01-24T12:01:49.370+0000] {dag.py:2585} INFO - Sync 1 DAGs
[2025-01-24T12:01:49.410+0000] {logging_mixin.py:120} INFO - [2025-01-24T12:01:49.409+0000] {dag.py:3340} INFO - Setting next_dagrun for example_branch_python_operator_decorator to 2025-01-23T00:00:00+00:00, run_after=2025-01-24T00:00:00+00:00
[2025-01-24T12:01:49.442+0000] {processor.py:176} INFO - Processing /home/airflow/.local/lib/python3.7/site-packages/airflow/example_dags/example_branch_operator_decorator.py took 0.183 seconds
[2025-01-24T12:02:19.997+0000] {processor.py:154} INFO - Started process (PID=1283) to work on /home/airflow/.local/lib/python3.7/site-packages/airflow/example_dags/example_branch_operator_decorator.py
[2025-01-24T12:02:19.998+0000] {processor.py:756} INFO - Processing file /home/airflow/.local/lib/python3.7/site-packages/airflow/example_dags/example_branch_operator_decorator.py for tasks to queue
[2025-01-24T12:02:19.999+0000] {logging_mixin.py:120} INFO - [2025-01-24T12:02:19.999+0000] {dagbag.py:537} INFO - Filling up the DagBag from /home/airflow/.local/lib/python3.7/site-packages/airflow/example_dags/example_branch_operator_decorator.py
[2025-01-24T12:02:20.034+0000] {processor.py:766} INFO - DAG(s) dict_keys(['example_branch_python_operator_decorator']) retrieved from /home/airflow/.local/lib/python3.7/site-packages/airflow/example_dags/example_branch_operator_decorator.py
[2025-01-24T12:02:20.098+0000] {logging_mixin.py:120} INFO - [2025-01-24T12:02:20.098+0000] {dag.py:2585} INFO - Sync 1 DAGs
[2025-01-24T12:02:20.138+0000] {logging_mixin.py:120} INFO - [2025-01-24T12:02:20.138+0000] {dag.py:3340} INFO - Setting next_dagrun for example_branch_python_operator_decorator to 2025-01-23T00:00:00+00:00, run_after=2025-01-24T00:00:00+00:00
[2025-01-24T12:02:20.174+0000] {processor.py:176} INFO - Processing /home/airflow/.local/lib/python3.7/site-packages/airflow/example_dags/example_branch_operator_decorator.py took 0.181 seconds
[2025-01-24T12:02:50.911+0000] {processor.py:154} INFO - Started process (PID=1338) to work on /home/airflow/.local/lib/python3.7/site-packages/airflow/example_dags/example_branch_operator_decorator.py
[2025-01-24T12:02:50.914+0000] {processor.py:756} INFO - Processing file /home/airflow/.local/lib/python3.7/site-packages/airflow/example_dags/example_branch_operator_decorator.py for tasks to queue
[2025-01-24T12:02:50.916+0000] {logging_mixin.py:120} INFO - [2025-01-24T12:02:50.915+0000] {dagbag.py:537} INFO - Filling up the DagBag from /home/airflow/.local/lib/python3.7/site-packages/airflow/example_dags/example_branch_operator_decorator.py
[2025-01-24T12:02:51.000+0000] {processor.py:766} INFO - DAG(s) dict_keys(['example_branch_python_operator_decorator']) retrieved from /home/airflow/.local/lib/python3.7/site-packages/airflow/example_dags/example_branch_operator_decorator.py
[2025-01-24T12:02:51.100+0000] {logging_mixin.py:120} INFO - [2025-01-24T12:02:51.099+0000] {dag.py:2585} INFO - Sync 1 DAGs
[2025-01-24T12:02:51.147+0000] {logging_mixin.py:120} INFO - [2025-01-24T12:02:51.146+0000] {dag.py:3340} INFO - Setting next_dagrun for example_branch_python_operator_decorator to 2025-01-23T00:00:00+00:00, run_after=2025-01-24T00:00:00+00:00
[2025-01-24T12:02:51.190+0000] {processor.py:176} INFO - Processing /home/airflow/.local/lib/python3.7/site-packages/airflow/example_dags/example_branch_operator_decorator.py took 0.286 seconds
[2025-01-24T12:03:21.602+0000] {processor.py:154} INFO - Started process (PID=1402) to work on /home/airflow/.local/lib/python3.7/site-packages/airflow/example_dags/example_branch_operator_decorator.py
[2025-01-24T12:03:21.603+0000] {processor.py:756} INFO - Processing file /home/airflow/.local/lib/python3.7/site-packages/airflow/example_dags/example_branch_operator_decorator.py for tasks to queue
[2025-01-24T12:03:21.603+0000] {logging_mixin.py:120} INFO - [2025-01-24T12:03:21.603+0000] {dagbag.py:537} INFO - Filling up the DagBag from /home/airflow/.local/lib/python3.7/site-packages/airflow/example_dags/example_branch_operator_decorator.py
[2025-01-24T12:03:21.639+0000] {processor.py:766} INFO - DAG(s) dict_keys(['example_branch_python_operator_decorator']) retrieved from /home/airflow/.local/lib/python3.7/site-packages/airflow/example_dags/example_branch_operator_decorator.py
[2025-01-24T12:03:21.695+0000] {logging_mixin.py:120} INFO - [2025-01-24T12:03:21.695+0000] {dag.py:2585} INFO - Sync 1 DAGs
[2025-01-24T12:03:21.745+0000] {logging_mixin.py:120} INFO - [2025-01-24T12:03:21.745+0000] {dag.py:3340} INFO - Setting next_dagrun for example_branch_python_operator_decorator to 2025-01-23T00:00:00+00:00, run_after=2025-01-24T00:00:00+00:00
[2025-01-24T12:03:21.775+0000] {processor.py:176} INFO - Processing /home/airflow/.local/lib/python3.7/site-packages/airflow/example_dags/example_branch_operator_decorator.py took 0.178 seconds
[2025-01-24T12:03:52.136+0000] {processor.py:154} INFO - Started process (PID=1466) to work on /home/airflow/.local/lib/python3.7/site-packages/airflow/example_dags/example_branch_operator_decorator.py
[2025-01-24T12:03:52.137+0000] {processor.py:756} INFO - Processing file /home/airflow/.local/lib/python3.7/site-packages/airflow/example_dags/example_branch_operator_decorator.py for tasks to queue
[2025-01-24T12:03:52.138+0000] {logging_mixin.py:120} INFO - [2025-01-24T12:03:52.138+0000] {dagbag.py:537} INFO - Filling up the DagBag from /home/airflow/.local/lib/python3.7/site-packages/airflow/example_dags/example_branch_operator_decorator.py
[2025-01-24T12:03:52.175+0000] {processor.py:766} INFO - DAG(s) dict_keys(['example_branch_python_operator_decorator']) retrieved from /home/airflow/.local/lib/python3.7/site-packages/airflow/example_dags/example_branch_operator_decorator.py
[2025-01-24T12:03:52.241+0000] {logging_mixin.py:120} INFO - [2025-01-24T12:03:52.241+0000] {dag.py:2585} INFO - Sync 1 DAGs
[2025-01-24T12:03:52.290+0000] {logging_mixin.py:120} INFO - [2025-01-24T12:03:52.290+0000] {dag.py:3340} INFO - Setting next_dagrun for example_branch_python_operator_decorator to 2025-01-23T00:00:00+00:00, run_after=2025-01-24T00:00:00+00:00
[2025-01-24T12:03:52.336+0000] {processor.py:176} INFO - Processing /home/airflow/.local/lib/python3.7/site-packages/airflow/example_dags/example_branch_operator_decorator.py took 0.204 seconds
[2025-01-24T12:04:23.003+0000] {processor.py:154} INFO - Started process (PID=1521) to work on /home/airflow/.local/lib/python3.7/site-packages/airflow/example_dags/example_branch_operator_decorator.py
[2025-01-24T12:04:23.004+0000] {processor.py:756} INFO - Processing file /home/airflow/.local/lib/python3.7/site-packages/airflow/example_dags/example_branch_operator_decorator.py for tasks to queue
[2025-01-24T12:04:23.004+0000] {logging_mixin.py:120} INFO - [2025-01-24T12:04:23.004+0000] {dagbag.py:537} INFO - Filling up the DagBag from /home/airflow/.local/lib/python3.7/site-packages/airflow/example_dags/example_branch_operator_decorator.py
[2025-01-24T12:04:23.038+0000] {processor.py:766} INFO - DAG(s) dict_keys(['example_branch_python_operator_decorator']) retrieved from /home/airflow/.local/lib/python3.7/site-packages/airflow/example_dags/example_branch_operator_decorator.py
[2025-01-24T12:04:23.095+0000] {logging_mixin.py:120} INFO - [2025-01-24T12:04:23.094+0000] {dag.py:2585} INFO - Sync 1 DAGs
[2025-01-24T12:04:23.130+0000] {logging_mixin.py:120} INFO - [2025-01-24T12:04:23.130+0000] {dag.py:3340} INFO - Setting next_dagrun for example_branch_python_operator_decorator to 2025-01-23T00:00:00+00:00, run_after=2025-01-24T00:00:00+00:00
[2025-01-24T12:04:23.162+0000] {processor.py:176} INFO - Processing /home/airflow/.local/lib/python3.7/site-packages/airflow/example_dags/example_branch_operator_decorator.py took 0.163 seconds
[2025-01-24T12:04:53.335+0000] {processor.py:154} INFO - Started process (PID=1585) to work on /home/airflow/.local/lib/python3.7/site-packages/airflow/example_dags/example_branch_operator_decorator.py
[2025-01-24T12:04:53.336+0000] {processor.py:756} INFO - Processing file /home/airflow/.local/lib/python3.7/site-packages/airflow/example_dags/example_branch_operator_decorator.py for tasks to queue
[2025-01-24T12:04:53.337+0000] {logging_mixin.py:120} INFO - [2025-01-24T12:04:53.337+0000] {dagbag.py:537} INFO - Filling up the DagBag from /home/airflow/.local/lib/python3.7/site-packages/airflow/example_dags/example_branch_operator_decorator.py
[2025-01-24T12:04:53.373+0000] {processor.py:766} INFO - DAG(s) dict_keys(['example_branch_python_operator_decorator']) retrieved from /home/airflow/.local/lib/python3.7/site-packages/airflow/example_dags/example_branch_operator_decorator.py
[2025-01-24T12:04:53.430+0000] {logging_mixin.py:120} INFO - [2025-01-24T12:04:53.429+0000] {dag.py:2585} INFO - Sync 1 DAGs
[2025-01-24T12:04:53.476+0000] {logging_mixin.py:120} INFO - [2025-01-24T12:04:53.476+0000] {dag.py:3340} INFO - Setting next_dagrun for example_branch_python_operator_decorator to 2025-01-23T00:00:00+00:00, run_after=2025-01-24T00:00:00+00:00
[2025-01-24T12:04:53.515+0000] {processor.py:176} INFO - Processing /home/airflow/.local/lib/python3.7/site-packages/airflow/example_dags/example_branch_operator_decorator.py took 0.185 seconds
[2025-01-24T12:05:24.352+0000] {processor.py:154} INFO - Started process (PID=1640) to work on /home/airflow/.local/lib/python3.7/site-packages/airflow/example_dags/example_branch_operator_decorator.py
[2025-01-24T12:05:24.353+0000] {processor.py:756} INFO - Processing file /home/airflow/.local/lib/python3.7/site-packages/airflow/example_dags/example_branch_operator_decorator.py for tasks to queue
[2025-01-24T12:05:24.354+0000] {logging_mixin.py:120} INFO - [2025-01-24T12:05:24.353+0000] {dagbag.py:537} INFO - Filling up the DagBag from /home/airflow/.local/lib/python3.7/site-packages/airflow/example_dags/example_branch_operator_decorator.py
[2025-01-24T12:05:24.395+0000] {processor.py:766} INFO - DAG(s) dict_keys(['example_branch_python_operator_decorator']) retrieved from /home/airflow/.local/lib/python3.7/site-packages/airflow/example_dags/example_branch_operator_decorator.py
[2025-01-24T12:05:24.470+0000] {logging_mixin.py:120} INFO - [2025-01-24T12:05:24.470+0000] {dag.py:2585} INFO - Sync 1 DAGs
[2025-01-24T12:05:24.523+0000] {logging_mixin.py:120} INFO - [2025-01-24T12:05:24.522+0000] {dag.py:3340} INFO - Setting next_dagrun for example_branch_python_operator_decorator to 2025-01-23T00:00:00+00:00, run_after=2025-01-24T00:00:00+00:00
[2025-01-24T12:05:24.562+0000] {processor.py:176} INFO - Processing /home/airflow/.local/lib/python3.7/site-packages/airflow/example_dags/example_branch_operator_decorator.py took 0.214 seconds
[2025-01-24T12:05:54.906+0000] {processor.py:154} INFO - Started process (PID=1704) to work on /home/airflow/.local/lib/python3.7/site-packages/airflow/example_dags/example_branch_operator_decorator.py
[2025-01-24T12:05:54.907+0000] {processor.py:756} INFO - Processing file /home/airflow/.local/lib/python3.7/site-packages/airflow/example_dags/example_branch_operator_decorator.py for tasks to queue
[2025-01-24T12:05:54.908+0000] {logging_mixin.py:120} INFO - [2025-01-24T12:05:54.907+0000] {dagbag.py:537} INFO - Filling up the DagBag from /home/airflow/.local/lib/python3.7/site-packages/airflow/example_dags/example_branch_operator_decorator.py
[2025-01-24T12:05:54.943+0000] {processor.py:766} INFO - DAG(s) dict_keys(['example_branch_python_operator_decorator']) retrieved from /home/airflow/.local/lib/python3.7/site-packages/airflow/example_dags/example_branch_operator_decorator.py
[2025-01-24T12:05:55.004+0000] {logging_mixin.py:120} INFO - [2025-01-24T12:05:55.003+0000] {dag.py:2585} INFO - Sync 1 DAGs
[2025-01-24T12:05:55.044+0000] {logging_mixin.py:120} INFO - [2025-01-24T12:05:55.044+0000] {dag.py:3340} INFO - Setting next_dagrun for example_branch_python_operator_decorator to 2025-01-23T00:00:00+00:00, run_after=2025-01-24T00:00:00+00:00
[2025-01-24T12:05:55.078+0000] {processor.py:176} INFO - Processing /home/airflow/.local/lib/python3.7/site-packages/airflow/example_dags/example_branch_operator_decorator.py took 0.176 seconds
