[2025-01-24T17:06:17.729+0000] {processor.py:154} INFO - Started process (PID=88) to work on /home/airflow/.local/lib/python3.7/site-packages/airflow/example_dags/example_branch_python_dop_operator_3.py
[2025-01-24T17:06:17.729+0000] {processor.py:756} INFO - Processing file /home/airflow/.local/lib/python3.7/site-packages/airflow/example_dags/example_branch_python_dop_operator_3.py for tasks to queue
[2025-01-24T17:06:17.730+0000] {logging_mixin.py:120} INFO - [2025-01-24T17:06:17.730+0000] {dagbag.py:537} INFO - Filling up the DagBag from /home/airflow/.local/lib/python3.7/site-packages/airflow/example_dags/example_branch_python_dop_operator_3.py
[2025-01-24T17:06:17.764+0000] {processor.py:766} INFO - DAG(s) dict_keys(['example_branch_dop_operator_v3']) retrieved from /home/airflow/.local/lib/python3.7/site-packages/airflow/example_dags/example_branch_python_dop_operator_3.py
[2025-01-24T17:06:17.818+0000] {logging_mixin.py:120} INFO - [2025-01-24T17:06:17.818+0000] {dag.py:2585} INFO - Sync 1 DAGs
[2025-01-24T17:06:17.872+0000] {logging_mixin.py:120} INFO - [2025-01-24T17:06:17.872+0000] {dag.py:3340} INFO - Setting next_dagrun for example_branch_dop_operator_v3 to 2025-01-24T17:05:00+00:00, run_after=2025-01-24T17:06:00+00:00
[2025-01-24T17:06:17.908+0000] {processor.py:176} INFO - Processing /home/airflow/.local/lib/python3.7/site-packages/airflow/example_dags/example_branch_python_dop_operator_3.py took 0.184 seconds
[2025-01-24T11:52:11.050+0000] {processor.py:154} INFO - Started process (PID=88) to work on /home/airflow/.local/lib/python3.7/site-packages/airflow/example_dags/example_branch_python_dop_operator_3.py
[2025-01-24T11:52:11.051+0000] {processor.py:756} INFO - Processing file /home/airflow/.local/lib/python3.7/site-packages/airflow/example_dags/example_branch_python_dop_operator_3.py for tasks to queue
[2025-01-24T11:52:11.052+0000] {logging_mixin.py:120} INFO - [2025-01-24T11:52:11.051+0000] {dagbag.py:537} INFO - Filling up the DagBag from /home/airflow/.local/lib/python3.7/site-packages/airflow/example_dags/example_branch_python_dop_operator_3.py
[2025-01-24T11:52:11.086+0000] {processor.py:766} INFO - DAG(s) dict_keys(['example_branch_dop_operator_v3']) retrieved from /home/airflow/.local/lib/python3.7/site-packages/airflow/example_dags/example_branch_python_dop_operator_3.py
[2025-01-24T11:52:11.145+0000] {logging_mixin.py:120} INFO - [2025-01-24T11:52:11.145+0000] {dag.py:2585} INFO - Sync 1 DAGs
[2025-01-24T11:52:11.197+0000] {logging_mixin.py:120} INFO - [2025-01-24T11:52:11.197+0000] {dag.py:3340} INFO - Setting next_dagrun for example_branch_dop_operator_v3 to 2025-01-24T11:51:00+00:00, run_after=2025-01-24T11:52:00+00:00
[2025-01-24T11:52:11.234+0000] {processor.py:176} INFO - Processing /home/airflow/.local/lib/python3.7/site-packages/airflow/example_dags/example_branch_python_dop_operator_3.py took 0.190 seconds
[2025-01-24T11:52:43.360+0000] {processor.py:154} INFO - Started process (PID=152) to work on /home/airflow/.local/lib/python3.7/site-packages/airflow/example_dags/example_branch_python_dop_operator_3.py
[2025-01-24T11:52:43.361+0000] {processor.py:756} INFO - Processing file /home/airflow/.local/lib/python3.7/site-packages/airflow/example_dags/example_branch_python_dop_operator_3.py for tasks to queue
[2025-01-24T11:52:43.362+0000] {logging_mixin.py:120} INFO - [2025-01-24T11:52:43.362+0000] {dagbag.py:537} INFO - Filling up the DagBag from /home/airflow/.local/lib/python3.7/site-packages/airflow/example_dags/example_branch_python_dop_operator_3.py
[2025-01-24T11:52:43.433+0000] {processor.py:766} INFO - DAG(s) dict_keys(['example_branch_dop_operator_v3']) retrieved from /home/airflow/.local/lib/python3.7/site-packages/airflow/example_dags/example_branch_python_dop_operator_3.py
[2025-01-24T11:52:43.536+0000] {logging_mixin.py:120} INFO - [2025-01-24T11:52:43.535+0000] {dag.py:2585} INFO - Sync 1 DAGs
[2025-01-24T11:52:43.623+0000] {logging_mixin.py:120} INFO - [2025-01-24T11:52:43.623+0000] {dag.py:3340} INFO - Setting next_dagrun for example_branch_dop_operator_v3 to 2025-01-24T11:51:00+00:00, run_after=2025-01-24T11:52:00+00:00
[2025-01-24T11:52:43.691+0000] {processor.py:176} INFO - Processing /home/airflow/.local/lib/python3.7/site-packages/airflow/example_dags/example_branch_python_dop_operator_3.py took 0.338 seconds
[2025-01-24T11:53:14.170+0000] {processor.py:154} INFO - Started process (PID=209) to work on /home/airflow/.local/lib/python3.7/site-packages/airflow/example_dags/example_branch_python_dop_operator_3.py
[2025-01-24T11:53:14.171+0000] {processor.py:756} INFO - Processing file /home/airflow/.local/lib/python3.7/site-packages/airflow/example_dags/example_branch_python_dop_operator_3.py for tasks to queue
[2025-01-24T11:53:14.172+0000] {logging_mixin.py:120} INFO - [2025-01-24T11:53:14.172+0000] {dagbag.py:537} INFO - Filling up the DagBag from /home/airflow/.local/lib/python3.7/site-packages/airflow/example_dags/example_branch_python_dop_operator_3.py
[2025-01-24T11:53:14.207+0000] {processor.py:766} INFO - DAG(s) dict_keys(['example_branch_dop_operator_v3']) retrieved from /home/airflow/.local/lib/python3.7/site-packages/airflow/example_dags/example_branch_python_dop_operator_3.py
[2025-01-24T11:53:14.274+0000] {logging_mixin.py:120} INFO - [2025-01-24T11:53:14.274+0000] {dag.py:2585} INFO - Sync 1 DAGs
[2025-01-24T11:53:14.321+0000] {logging_mixin.py:120} INFO - [2025-01-24T11:53:14.320+0000] {dag.py:3340} INFO - Setting next_dagrun for example_branch_dop_operator_v3 to 2025-01-24T11:52:00+00:00, run_after=2025-01-24T11:53:00+00:00
[2025-01-24T11:53:14.354+0000] {processor.py:176} INFO - Processing /home/airflow/.local/lib/python3.7/site-packages/airflow/example_dags/example_branch_python_dop_operator_3.py took 0.189 seconds
[2025-01-24T11:53:44.948+0000] {processor.py:154} INFO - Started process (PID=273) to work on /home/airflow/.local/lib/python3.7/site-packages/airflow/example_dags/example_branch_python_dop_operator_3.py
[2025-01-24T11:53:44.949+0000] {processor.py:756} INFO - Processing file /home/airflow/.local/lib/python3.7/site-packages/airflow/example_dags/example_branch_python_dop_operator_3.py for tasks to queue
[2025-01-24T11:53:44.950+0000] {logging_mixin.py:120} INFO - [2025-01-24T11:53:44.950+0000] {dagbag.py:537} INFO - Filling up the DagBag from /home/airflow/.local/lib/python3.7/site-packages/airflow/example_dags/example_branch_python_dop_operator_3.py
[2025-01-24T11:53:44.991+0000] {processor.py:766} INFO - DAG(s) dict_keys(['example_branch_dop_operator_v3']) retrieved from /home/airflow/.local/lib/python3.7/site-packages/airflow/example_dags/example_branch_python_dop_operator_3.py
[2025-01-24T11:53:45.050+0000] {logging_mixin.py:120} INFO - [2025-01-24T11:53:45.050+0000] {dag.py:2585} INFO - Sync 1 DAGs
[2025-01-24T11:53:45.090+0000] {logging_mixin.py:120} INFO - [2025-01-24T11:53:45.089+0000] {dag.py:3340} INFO - Setting next_dagrun for example_branch_dop_operator_v3 to 2025-01-24T11:52:00+00:00, run_after=2025-01-24T11:53:00+00:00
[2025-01-24T11:53:45.117+0000] {processor.py:176} INFO - Processing /home/airflow/.local/lib/python3.7/site-packages/airflow/example_dags/example_branch_python_dop_operator_3.py took 0.174 seconds
[2025-01-24T11:54:15.538+0000] {processor.py:154} INFO - Started process (PID=338) to work on /home/airflow/.local/lib/python3.7/site-packages/airflow/example_dags/example_branch_python_dop_operator_3.py
[2025-01-24T11:54:15.539+0000] {processor.py:756} INFO - Processing file /home/airflow/.local/lib/python3.7/site-packages/airflow/example_dags/example_branch_python_dop_operator_3.py for tasks to queue
[2025-01-24T11:54:15.540+0000] {logging_mixin.py:120} INFO - [2025-01-24T11:54:15.540+0000] {dagbag.py:537} INFO - Filling up the DagBag from /home/airflow/.local/lib/python3.7/site-packages/airflow/example_dags/example_branch_python_dop_operator_3.py
[2025-01-24T11:54:15.576+0000] {processor.py:766} INFO - DAG(s) dict_keys(['example_branch_dop_operator_v3']) retrieved from /home/airflow/.local/lib/python3.7/site-packages/airflow/example_dags/example_branch_python_dop_operator_3.py
[2025-01-24T11:54:15.654+0000] {logging_mixin.py:120} INFO - [2025-01-24T11:54:15.653+0000] {dag.py:2585} INFO - Sync 1 DAGs
[2025-01-24T11:54:15.719+0000] {logging_mixin.py:120} INFO - [2025-01-24T11:54:15.718+0000] {dag.py:3340} INFO - Setting next_dagrun for example_branch_dop_operator_v3 to 2025-01-24T11:53:00+00:00, run_after=2025-01-24T11:54:00+00:00
[2025-01-24T11:54:15.791+0000] {processor.py:176} INFO - Processing /home/airflow/.local/lib/python3.7/site-packages/airflow/example_dags/example_branch_python_dop_operator_3.py took 0.259 seconds
[2025-01-24T11:54:46.571+0000] {processor.py:154} INFO - Started process (PID=393) to work on /home/airflow/.local/lib/python3.7/site-packages/airflow/example_dags/example_branch_python_dop_operator_3.py
[2025-01-24T11:54:46.573+0000] {processor.py:756} INFO - Processing file /home/airflow/.local/lib/python3.7/site-packages/airflow/example_dags/example_branch_python_dop_operator_3.py for tasks to queue
[2025-01-24T11:54:46.574+0000] {logging_mixin.py:120} INFO - [2025-01-24T11:54:46.573+0000] {dagbag.py:537} INFO - Filling up the DagBag from /home/airflow/.local/lib/python3.7/site-packages/airflow/example_dags/example_branch_python_dop_operator_3.py
[2025-01-24T11:54:46.613+0000] {processor.py:766} INFO - DAG(s) dict_keys(['example_branch_dop_operator_v3']) retrieved from /home/airflow/.local/lib/python3.7/site-packages/airflow/example_dags/example_branch_python_dop_operator_3.py
[2025-01-24T11:54:46.695+0000] {logging_mixin.py:120} INFO - [2025-01-24T11:54:46.695+0000] {dag.py:2585} INFO - Sync 1 DAGs
[2025-01-24T11:54:46.764+0000] {logging_mixin.py:120} INFO - [2025-01-24T11:54:46.763+0000] {dag.py:3340} INFO - Setting next_dagrun for example_branch_dop_operator_v3 to 2025-01-24T11:53:00+00:00, run_after=2025-01-24T11:54:00+00:00
[2025-01-24T11:54:46.821+0000] {processor.py:176} INFO - Processing /home/airflow/.local/lib/python3.7/site-packages/airflow/example_dags/example_branch_python_dop_operator_3.py took 0.255 seconds
[2025-01-24T11:55:17.085+0000] {processor.py:154} INFO - Started process (PID=455) to work on /home/airflow/.local/lib/python3.7/site-packages/airflow/example_dags/example_branch_python_dop_operator_3.py
[2025-01-24T11:55:17.086+0000] {processor.py:756} INFO - Processing file /home/airflow/.local/lib/python3.7/site-packages/airflow/example_dags/example_branch_python_dop_operator_3.py for tasks to queue
[2025-01-24T11:55:17.087+0000] {logging_mixin.py:120} INFO - [2025-01-24T11:55:17.087+0000] {dagbag.py:537} INFO - Filling up the DagBag from /home/airflow/.local/lib/python3.7/site-packages/airflow/example_dags/example_branch_python_dop_operator_3.py
[2025-01-24T11:55:17.119+0000] {processor.py:766} INFO - DAG(s) dict_keys(['example_branch_dop_operator_v3']) retrieved from /home/airflow/.local/lib/python3.7/site-packages/airflow/example_dags/example_branch_python_dop_operator_3.py
[2025-01-24T11:55:17.175+0000] {logging_mixin.py:120} INFO - [2025-01-24T11:55:17.175+0000] {dag.py:2585} INFO - Sync 1 DAGs
[2025-01-24T11:55:17.222+0000] {logging_mixin.py:120} INFO - [2025-01-24T11:55:17.222+0000] {dag.py:3340} INFO - Setting next_dagrun for example_branch_dop_operator_v3 to 2025-01-24T11:54:00+00:00, run_after=2025-01-24T11:55:00+00:00
[2025-01-24T11:55:17.257+0000] {processor.py:176} INFO - Processing /home/airflow/.local/lib/python3.7/site-packages/airflow/example_dags/example_branch_python_dop_operator_3.py took 0.176 seconds
[2025-01-24T11:55:47.637+0000] {processor.py:154} INFO - Started process (PID=510) to work on /home/airflow/.local/lib/python3.7/site-packages/airflow/example_dags/example_branch_python_dop_operator_3.py
[2025-01-24T11:55:47.638+0000] {processor.py:756} INFO - Processing file /home/airflow/.local/lib/python3.7/site-packages/airflow/example_dags/example_branch_python_dop_operator_3.py for tasks to queue
[2025-01-24T11:55:47.639+0000] {logging_mixin.py:120} INFO - [2025-01-24T11:55:47.639+0000] {dagbag.py:537} INFO - Filling up the DagBag from /home/airflow/.local/lib/python3.7/site-packages/airflow/example_dags/example_branch_python_dop_operator_3.py
[2025-01-24T11:55:47.673+0000] {processor.py:766} INFO - DAG(s) dict_keys(['example_branch_dop_operator_v3']) retrieved from /home/airflow/.local/lib/python3.7/site-packages/airflow/example_dags/example_branch_python_dop_operator_3.py
[2025-01-24T11:55:47.738+0000] {logging_mixin.py:120} INFO - [2025-01-24T11:55:47.737+0000] {dag.py:2585} INFO - Sync 1 DAGs
[2025-01-24T11:55:47.787+0000] {logging_mixin.py:120} INFO - [2025-01-24T11:55:47.787+0000] {dag.py:3340} INFO - Setting next_dagrun for example_branch_dop_operator_v3 to 2025-01-24T11:54:00+00:00, run_after=2025-01-24T11:55:00+00:00
[2025-01-24T11:55:47.822+0000] {processor.py:176} INFO - Processing /home/airflow/.local/lib/python3.7/site-packages/airflow/example_dags/example_branch_python_dop_operator_3.py took 0.190 seconds
[2025-01-24T11:56:18.164+0000] {processor.py:154} INFO - Started process (PID=575) to work on /home/airflow/.local/lib/python3.7/site-packages/airflow/example_dags/example_branch_python_dop_operator_3.py
[2025-01-24T11:56:18.165+0000] {processor.py:756} INFO - Processing file /home/airflow/.local/lib/python3.7/site-packages/airflow/example_dags/example_branch_python_dop_operator_3.py for tasks to queue
[2025-01-24T11:56:18.165+0000] {logging_mixin.py:120} INFO - [2025-01-24T11:56:18.165+0000] {dagbag.py:537} INFO - Filling up the DagBag from /home/airflow/.local/lib/python3.7/site-packages/airflow/example_dags/example_branch_python_dop_operator_3.py
[2025-01-24T11:56:18.198+0000] {processor.py:766} INFO - DAG(s) dict_keys(['example_branch_dop_operator_v3']) retrieved from /home/airflow/.local/lib/python3.7/site-packages/airflow/example_dags/example_branch_python_dop_operator_3.py
[2025-01-24T11:56:18.256+0000] {logging_mixin.py:120} INFO - [2025-01-24T11:56:18.255+0000] {dag.py:2585} INFO - Sync 1 DAGs
[2025-01-24T11:56:18.300+0000] {logging_mixin.py:120} INFO - [2025-01-24T11:56:18.299+0000] {dag.py:3340} INFO - Setting next_dagrun for example_branch_dop_operator_v3 to 2025-01-24T11:55:00+00:00, run_after=2025-01-24T11:56:00+00:00
[2025-01-24T11:56:18.327+0000] {processor.py:176} INFO - Processing /home/airflow/.local/lib/python3.7/site-packages/airflow/example_dags/example_branch_python_dop_operator_3.py took 0.169 seconds
[2025-01-24T11:56:48.780+0000] {processor.py:154} INFO - Started process (PID=636) to work on /home/airflow/.local/lib/python3.7/site-packages/airflow/example_dags/example_branch_python_dop_operator_3.py
[2025-01-24T11:56:48.781+0000] {processor.py:756} INFO - Processing file /home/airflow/.local/lib/python3.7/site-packages/airflow/example_dags/example_branch_python_dop_operator_3.py for tasks to queue
[2025-01-24T11:56:48.782+0000] {logging_mixin.py:120} INFO - [2025-01-24T11:56:48.782+0000] {dagbag.py:537} INFO - Filling up the DagBag from /home/airflow/.local/lib/python3.7/site-packages/airflow/example_dags/example_branch_python_dop_operator_3.py
[2025-01-24T11:56:48.822+0000] {processor.py:766} INFO - DAG(s) dict_keys(['example_branch_dop_operator_v3']) retrieved from /home/airflow/.local/lib/python3.7/site-packages/airflow/example_dags/example_branch_python_dop_operator_3.py
[2025-01-24T11:56:48.887+0000] {logging_mixin.py:120} INFO - [2025-01-24T11:56:48.887+0000] {dag.py:2585} INFO - Sync 1 DAGs
[2025-01-24T11:56:48.948+0000] {logging_mixin.py:120} INFO - [2025-01-24T11:56:48.948+0000] {dag.py:3340} INFO - Setting next_dagrun for example_branch_dop_operator_v3 to 2025-01-24T11:55:00+00:00, run_after=2025-01-24T11:56:00+00:00
[2025-01-24T11:56:48.987+0000] {processor.py:176} INFO - Processing /home/airflow/.local/lib/python3.7/site-packages/airflow/example_dags/example_branch_python_dop_operator_3.py took 0.212 seconds
[2025-01-24T11:57:19.181+0000] {processor.py:154} INFO - Started process (PID=695) to work on /home/airflow/.local/lib/python3.7/site-packages/airflow/example_dags/example_branch_python_dop_operator_3.py
[2025-01-24T11:57:19.182+0000] {processor.py:756} INFO - Processing file /home/airflow/.local/lib/python3.7/site-packages/airflow/example_dags/example_branch_python_dop_operator_3.py for tasks to queue
[2025-01-24T11:57:19.183+0000] {logging_mixin.py:120} INFO - [2025-01-24T11:57:19.183+0000] {dagbag.py:537} INFO - Filling up the DagBag from /home/airflow/.local/lib/python3.7/site-packages/airflow/example_dags/example_branch_python_dop_operator_3.py
[2025-01-24T11:57:19.223+0000] {processor.py:766} INFO - DAG(s) dict_keys(['example_branch_dop_operator_v3']) retrieved from /home/airflow/.local/lib/python3.7/site-packages/airflow/example_dags/example_branch_python_dop_operator_3.py
[2025-01-24T11:57:19.289+0000] {logging_mixin.py:120} INFO - [2025-01-24T11:57:19.289+0000] {dag.py:2585} INFO - Sync 1 DAGs
[2025-01-24T11:57:19.336+0000] {logging_mixin.py:120} INFO - [2025-01-24T11:57:19.335+0000] {dag.py:3340} INFO - Setting next_dagrun for example_branch_dop_operator_v3 to 2025-01-24T11:56:00+00:00, run_after=2025-01-24T11:57:00+00:00
[2025-01-24T11:57:19.367+0000] {processor.py:176} INFO - Processing /home/airflow/.local/lib/python3.7/site-packages/airflow/example_dags/example_branch_python_dop_operator_3.py took 0.190 seconds
[2025-01-24T11:57:49.878+0000] {processor.py:154} INFO - Started process (PID=759) to work on /home/airflow/.local/lib/python3.7/site-packages/airflow/example_dags/example_branch_python_dop_operator_3.py
[2025-01-24T11:57:49.879+0000] {processor.py:756} INFO - Processing file /home/airflow/.local/lib/python3.7/site-packages/airflow/example_dags/example_branch_python_dop_operator_3.py for tasks to queue
[2025-01-24T11:57:49.880+0000] {logging_mixin.py:120} INFO - [2025-01-24T11:57:49.880+0000] {dagbag.py:537} INFO - Filling up the DagBag from /home/airflow/.local/lib/python3.7/site-packages/airflow/example_dags/example_branch_python_dop_operator_3.py
[2025-01-24T11:57:49.913+0000] {processor.py:766} INFO - DAG(s) dict_keys(['example_branch_dop_operator_v3']) retrieved from /home/airflow/.local/lib/python3.7/site-packages/airflow/example_dags/example_branch_python_dop_operator_3.py
[2025-01-24T11:57:49.979+0000] {logging_mixin.py:120} INFO - [2025-01-24T11:57:49.978+0000] {dag.py:2585} INFO - Sync 1 DAGs
[2025-01-24T11:57:50.022+0000] {logging_mixin.py:120} INFO - [2025-01-24T11:57:50.022+0000] {dag.py:3340} INFO - Setting next_dagrun for example_branch_dop_operator_v3 to 2025-01-24T11:56:00+00:00, run_after=2025-01-24T11:57:00+00:00
[2025-01-24T11:57:50.065+0000] {processor.py:176} INFO - Processing /home/airflow/.local/lib/python3.7/site-packages/airflow/example_dags/example_branch_python_dop_operator_3.py took 0.192 seconds
[2025-01-24T11:58:20.441+0000] {processor.py:154} INFO - Started process (PID=814) to work on /home/airflow/.local/lib/python3.7/site-packages/airflow/example_dags/example_branch_python_dop_operator_3.py
[2025-01-24T11:58:20.442+0000] {processor.py:756} INFO - Processing file /home/airflow/.local/lib/python3.7/site-packages/airflow/example_dags/example_branch_python_dop_operator_3.py for tasks to queue
[2025-01-24T11:58:20.443+0000] {logging_mixin.py:120} INFO - [2025-01-24T11:58:20.443+0000] {dagbag.py:537} INFO - Filling up the DagBag from /home/airflow/.local/lib/python3.7/site-packages/airflow/example_dags/example_branch_python_dop_operator_3.py
[2025-01-24T11:58:20.474+0000] {processor.py:766} INFO - DAG(s) dict_keys(['example_branch_dop_operator_v3']) retrieved from /home/airflow/.local/lib/python3.7/site-packages/airflow/example_dags/example_branch_python_dop_operator_3.py
[2025-01-24T11:58:20.533+0000] {logging_mixin.py:120} INFO - [2025-01-24T11:58:20.533+0000] {dag.py:2585} INFO - Sync 1 DAGs
[2025-01-24T11:58:20.572+0000] {logging_mixin.py:120} INFO - [2025-01-24T11:58:20.572+0000] {dag.py:3340} INFO - Setting next_dagrun for example_branch_dop_operator_v3 to 2025-01-24T11:57:00+00:00, run_after=2025-01-24T11:58:00+00:00
[2025-01-24T11:58:20.597+0000] {processor.py:176} INFO - Processing /home/airflow/.local/lib/python3.7/site-packages/airflow/example_dags/example_branch_python_dop_operator_3.py took 0.160 seconds
[2025-01-24T11:58:50.796+0000] {processor.py:154} INFO - Started process (PID=880) to work on /home/airflow/.local/lib/python3.7/site-packages/airflow/example_dags/example_branch_python_dop_operator_3.py
[2025-01-24T11:58:50.798+0000] {processor.py:756} INFO - Processing file /home/airflow/.local/lib/python3.7/site-packages/airflow/example_dags/example_branch_python_dop_operator_3.py for tasks to queue
[2025-01-24T11:58:50.799+0000] {logging_mixin.py:120} INFO - [2025-01-24T11:58:50.799+0000] {dagbag.py:537} INFO - Filling up the DagBag from /home/airflow/.local/lib/python3.7/site-packages/airflow/example_dags/example_branch_python_dop_operator_3.py
[2025-01-24T11:58:50.832+0000] {processor.py:766} INFO - DAG(s) dict_keys(['example_branch_dop_operator_v3']) retrieved from /home/airflow/.local/lib/python3.7/site-packages/airflow/example_dags/example_branch_python_dop_operator_3.py
[2025-01-24T11:58:50.877+0000] {logging_mixin.py:120} INFO - [2025-01-24T11:58:50.877+0000] {dag.py:2585} INFO - Sync 1 DAGs
[2025-01-24T11:58:50.909+0000] {logging_mixin.py:120} INFO - [2025-01-24T11:58:50.909+0000] {dag.py:3340} INFO - Setting next_dagrun for example_branch_dop_operator_v3 to 2025-01-24T11:57:00+00:00, run_after=2025-01-24T11:58:00+00:00
[2025-01-24T11:58:50.933+0000] {processor.py:176} INFO - Processing /home/airflow/.local/lib/python3.7/site-packages/airflow/example_dags/example_branch_python_dop_operator_3.py took 0.142 seconds
[2025-01-24T11:59:21.104+0000] {processor.py:154} INFO - Started process (PID=942) to work on /home/airflow/.local/lib/python3.7/site-packages/airflow/example_dags/example_branch_python_dop_operator_3.py
[2025-01-24T11:59:21.105+0000] {processor.py:756} INFO - Processing file /home/airflow/.local/lib/python3.7/site-packages/airflow/example_dags/example_branch_python_dop_operator_3.py for tasks to queue
[2025-01-24T11:59:21.106+0000] {logging_mixin.py:120} INFO - [2025-01-24T11:59:21.106+0000] {dagbag.py:537} INFO - Filling up the DagBag from /home/airflow/.local/lib/python3.7/site-packages/airflow/example_dags/example_branch_python_dop_operator_3.py
[2025-01-24T11:59:21.139+0000] {processor.py:766} INFO - DAG(s) dict_keys(['example_branch_dop_operator_v3']) retrieved from /home/airflow/.local/lib/python3.7/site-packages/airflow/example_dags/example_branch_python_dop_operator_3.py
[2025-01-24T11:59:21.198+0000] {logging_mixin.py:120} INFO - [2025-01-24T11:59:21.198+0000] {dag.py:2585} INFO - Sync 1 DAGs
[2025-01-24T11:59:21.250+0000] {logging_mixin.py:120} INFO - [2025-01-24T11:59:21.250+0000] {dag.py:3340} INFO - Setting next_dagrun for example_branch_dop_operator_v3 to 2025-01-24T11:58:00+00:00, run_after=2025-01-24T11:59:00+00:00
[2025-01-24T11:59:21.285+0000] {processor.py:176} INFO - Processing /home/airflow/.local/lib/python3.7/site-packages/airflow/example_dags/example_branch_python_dop_operator_3.py took 0.186 seconds
[2025-01-24T11:59:51.376+0000] {processor.py:154} INFO - Started process (PID=998) to work on /home/airflow/.local/lib/python3.7/site-packages/airflow/example_dags/example_branch_python_dop_operator_3.py
[2025-01-24T11:59:51.377+0000] {processor.py:756} INFO - Processing file /home/airflow/.local/lib/python3.7/site-packages/airflow/example_dags/example_branch_python_dop_operator_3.py for tasks to queue
[2025-01-24T11:59:51.378+0000] {logging_mixin.py:120} INFO - [2025-01-24T11:59:51.378+0000] {dagbag.py:537} INFO - Filling up the DagBag from /home/airflow/.local/lib/python3.7/site-packages/airflow/example_dags/example_branch_python_dop_operator_3.py
[2025-01-24T11:59:51.412+0000] {processor.py:766} INFO - DAG(s) dict_keys(['example_branch_dop_operator_v3']) retrieved from /home/airflow/.local/lib/python3.7/site-packages/airflow/example_dags/example_branch_python_dop_operator_3.py
[2025-01-24T11:59:51.468+0000] {logging_mixin.py:120} INFO - [2025-01-24T11:59:51.468+0000] {dag.py:2585} INFO - Sync 1 DAGs
[2025-01-24T11:59:51.518+0000] {logging_mixin.py:120} INFO - [2025-01-24T11:59:51.518+0000] {dag.py:3340} INFO - Setting next_dagrun for example_branch_dop_operator_v3 to 2025-01-24T11:58:00+00:00, run_after=2025-01-24T11:59:00+00:00
[2025-01-24T11:59:51.558+0000] {processor.py:176} INFO - Processing /home/airflow/.local/lib/python3.7/site-packages/airflow/example_dags/example_branch_python_dop_operator_3.py took 0.187 seconds
[2025-01-24T12:00:21.876+0000] {processor.py:154} INFO - Started process (PID=1062) to work on /home/airflow/.local/lib/python3.7/site-packages/airflow/example_dags/example_branch_python_dop_operator_3.py
[2025-01-24T12:00:21.877+0000] {processor.py:756} INFO - Processing file /home/airflow/.local/lib/python3.7/site-packages/airflow/example_dags/example_branch_python_dop_operator_3.py for tasks to queue
[2025-01-24T12:00:21.878+0000] {logging_mixin.py:120} INFO - [2025-01-24T12:00:21.878+0000] {dagbag.py:537} INFO - Filling up the DagBag from /home/airflow/.local/lib/python3.7/site-packages/airflow/example_dags/example_branch_python_dop_operator_3.py
[2025-01-24T12:00:21.911+0000] {processor.py:766} INFO - DAG(s) dict_keys(['example_branch_dop_operator_v3']) retrieved from /home/airflow/.local/lib/python3.7/site-packages/airflow/example_dags/example_branch_python_dop_operator_3.py
[2025-01-24T12:00:21.967+0000] {logging_mixin.py:120} INFO - [2025-01-24T12:00:21.966+0000] {dag.py:2585} INFO - Sync 1 DAGs
[2025-01-24T12:00:22.004+0000] {logging_mixin.py:120} INFO - [2025-01-24T12:00:22.004+0000] {dag.py:3340} INFO - Setting next_dagrun for example_branch_dop_operator_v3 to 2025-01-24T11:59:00+00:00, run_after=2025-01-24T12:00:00+00:00
[2025-01-24T12:00:22.044+0000] {processor.py:176} INFO - Processing /home/airflow/.local/lib/python3.7/site-packages/airflow/example_dags/example_branch_python_dop_operator_3.py took 0.172 seconds
[2025-01-24T12:00:53.047+0000] {processor.py:154} INFO - Started process (PID=1124) to work on /home/airflow/.local/lib/python3.7/site-packages/airflow/example_dags/example_branch_python_dop_operator_3.py
[2025-01-24T12:00:53.048+0000] {processor.py:756} INFO - Processing file /home/airflow/.local/lib/python3.7/site-packages/airflow/example_dags/example_branch_python_dop_operator_3.py for tasks to queue
[2025-01-24T12:00:53.049+0000] {logging_mixin.py:120} INFO - [2025-01-24T12:00:53.048+0000] {dagbag.py:537} INFO - Filling up the DagBag from /home/airflow/.local/lib/python3.7/site-packages/airflow/example_dags/example_branch_python_dop_operator_3.py
[2025-01-24T12:00:53.085+0000] {processor.py:766} INFO - DAG(s) dict_keys(['example_branch_dop_operator_v3']) retrieved from /home/airflow/.local/lib/python3.7/site-packages/airflow/example_dags/example_branch_python_dop_operator_3.py
[2025-01-24T12:00:53.160+0000] {logging_mixin.py:120} INFO - [2025-01-24T12:00:53.159+0000] {dag.py:2585} INFO - Sync 1 DAGs
[2025-01-24T12:00:53.231+0000] {logging_mixin.py:120} INFO - [2025-01-24T12:00:53.231+0000] {dag.py:3340} INFO - Setting next_dagrun for example_branch_dop_operator_v3 to 2025-01-24T11:59:00+00:00, run_after=2025-01-24T12:00:00+00:00
[2025-01-24T12:00:53.271+0000] {processor.py:176} INFO - Processing /home/airflow/.local/lib/python3.7/site-packages/airflow/example_dags/example_branch_python_dop_operator_3.py took 0.229 seconds
[2025-01-24T12:01:24.180+0000] {processor.py:154} INFO - Started process (PID=1181) to work on /home/airflow/.local/lib/python3.7/site-packages/airflow/example_dags/example_branch_python_dop_operator_3.py
[2025-01-24T12:01:24.181+0000] {processor.py:756} INFO - Processing file /home/airflow/.local/lib/python3.7/site-packages/airflow/example_dags/example_branch_python_dop_operator_3.py for tasks to queue
[2025-01-24T12:01:24.182+0000] {logging_mixin.py:120} INFO - [2025-01-24T12:01:24.182+0000] {dagbag.py:537} INFO - Filling up the DagBag from /home/airflow/.local/lib/python3.7/site-packages/airflow/example_dags/example_branch_python_dop_operator_3.py
[2025-01-24T12:01:24.217+0000] {processor.py:766} INFO - DAG(s) dict_keys(['example_branch_dop_operator_v3']) retrieved from /home/airflow/.local/lib/python3.7/site-packages/airflow/example_dags/example_branch_python_dop_operator_3.py
[2025-01-24T12:01:24.274+0000] {logging_mixin.py:120} INFO - [2025-01-24T12:01:24.274+0000] {dag.py:2585} INFO - Sync 1 DAGs
[2025-01-24T12:01:24.324+0000] {logging_mixin.py:120} INFO - [2025-01-24T12:01:24.324+0000] {dag.py:3340} INFO - Setting next_dagrun for example_branch_dop_operator_v3 to 2025-01-24T12:00:00+00:00, run_after=2025-01-24T12:01:00+00:00
[2025-01-24T12:01:24.359+0000] {processor.py:176} INFO - Processing /home/airflow/.local/lib/python3.7/site-packages/airflow/example_dags/example_branch_python_dop_operator_3.py took 0.183 seconds
[2025-01-24T12:01:54.631+0000] {processor.py:154} INFO - Started process (PID=1247) to work on /home/airflow/.local/lib/python3.7/site-packages/airflow/example_dags/example_branch_python_dop_operator_3.py
[2025-01-24T12:01:54.632+0000] {processor.py:756} INFO - Processing file /home/airflow/.local/lib/python3.7/site-packages/airflow/example_dags/example_branch_python_dop_operator_3.py for tasks to queue
[2025-01-24T12:01:54.633+0000] {logging_mixin.py:120} INFO - [2025-01-24T12:01:54.633+0000] {dagbag.py:537} INFO - Filling up the DagBag from /home/airflow/.local/lib/python3.7/site-packages/airflow/example_dags/example_branch_python_dop_operator_3.py
[2025-01-24T12:01:54.665+0000] {processor.py:766} INFO - DAG(s) dict_keys(['example_branch_dop_operator_v3']) retrieved from /home/airflow/.local/lib/python3.7/site-packages/airflow/example_dags/example_branch_python_dop_operator_3.py
[2025-01-24T12:01:54.723+0000] {logging_mixin.py:120} INFO - [2025-01-24T12:01:54.723+0000] {dag.py:2585} INFO - Sync 1 DAGs
[2025-01-24T12:01:54.773+0000] {logging_mixin.py:120} INFO - [2025-01-24T12:01:54.773+0000] {dag.py:3340} INFO - Setting next_dagrun for example_branch_dop_operator_v3 to 2025-01-24T12:00:00+00:00, run_after=2025-01-24T12:01:00+00:00
[2025-01-24T12:01:54.801+0000] {processor.py:176} INFO - Processing /home/airflow/.local/lib/python3.7/site-packages/airflow/example_dags/example_branch_python_dop_operator_3.py took 0.174 seconds
[2025-01-24T12:02:25.082+0000] {processor.py:154} INFO - Started process (PID=1301) to work on /home/airflow/.local/lib/python3.7/site-packages/airflow/example_dags/example_branch_python_dop_operator_3.py
[2025-01-24T12:02:25.083+0000] {processor.py:756} INFO - Processing file /home/airflow/.local/lib/python3.7/site-packages/airflow/example_dags/example_branch_python_dop_operator_3.py for tasks to queue
[2025-01-24T12:02:25.084+0000] {logging_mixin.py:120} INFO - [2025-01-24T12:02:25.084+0000] {dagbag.py:537} INFO - Filling up the DagBag from /home/airflow/.local/lib/python3.7/site-packages/airflow/example_dags/example_branch_python_dop_operator_3.py
[2025-01-24T12:02:25.120+0000] {processor.py:766} INFO - DAG(s) dict_keys(['example_branch_dop_operator_v3']) retrieved from /home/airflow/.local/lib/python3.7/site-packages/airflow/example_dags/example_branch_python_dop_operator_3.py
[2025-01-24T12:02:25.185+0000] {logging_mixin.py:120} INFO - [2025-01-24T12:02:25.185+0000] {dag.py:2585} INFO - Sync 1 DAGs
[2025-01-24T12:02:25.244+0000] {logging_mixin.py:120} INFO - [2025-01-24T12:02:25.243+0000] {dag.py:3340} INFO - Setting next_dagrun for example_branch_dop_operator_v3 to 2025-01-24T12:01:00+00:00, run_after=2025-01-24T12:02:00+00:00
[2025-01-24T12:02:25.276+0000] {processor.py:176} INFO - Processing /home/airflow/.local/lib/python3.7/site-packages/airflow/example_dags/example_branch_python_dop_operator_3.py took 0.198 seconds
[2025-01-24T12:02:55.419+0000] {processor.py:154} INFO - Started process (PID=1365) to work on /home/airflow/.local/lib/python3.7/site-packages/airflow/example_dags/example_branch_python_dop_operator_3.py
[2025-01-24T12:02:55.420+0000] {processor.py:756} INFO - Processing file /home/airflow/.local/lib/python3.7/site-packages/airflow/example_dags/example_branch_python_dop_operator_3.py for tasks to queue
[2025-01-24T12:02:55.421+0000] {logging_mixin.py:120} INFO - [2025-01-24T12:02:55.421+0000] {dagbag.py:537} INFO - Filling up the DagBag from /home/airflow/.local/lib/python3.7/site-packages/airflow/example_dags/example_branch_python_dop_operator_3.py
[2025-01-24T12:02:55.463+0000] {processor.py:766} INFO - DAG(s) dict_keys(['example_branch_dop_operator_v3']) retrieved from /home/airflow/.local/lib/python3.7/site-packages/airflow/example_dags/example_branch_python_dop_operator_3.py
[2025-01-24T12:02:55.530+0000] {logging_mixin.py:120} INFO - [2025-01-24T12:02:55.530+0000] {dag.py:2585} INFO - Sync 1 DAGs
[2025-01-24T12:02:55.575+0000] {logging_mixin.py:120} INFO - [2025-01-24T12:02:55.575+0000] {dag.py:3340} INFO - Setting next_dagrun for example_branch_dop_operator_v3 to 2025-01-24T12:01:00+00:00, run_after=2025-01-24T12:02:00+00:00
[2025-01-24T12:02:55.607+0000] {processor.py:176} INFO - Processing /home/airflow/.local/lib/python3.7/site-packages/airflow/example_dags/example_branch_python_dop_operator_3.py took 0.195 seconds
[2025-01-24T12:03:25.851+0000] {processor.py:154} INFO - Started process (PID=1420) to work on /home/airflow/.local/lib/python3.7/site-packages/airflow/example_dags/example_branch_python_dop_operator_3.py
[2025-01-24T12:03:25.852+0000] {processor.py:756} INFO - Processing file /home/airflow/.local/lib/python3.7/site-packages/airflow/example_dags/example_branch_python_dop_operator_3.py for tasks to queue
[2025-01-24T12:03:25.853+0000] {logging_mixin.py:120} INFO - [2025-01-24T12:03:25.853+0000] {dagbag.py:537} INFO - Filling up the DagBag from /home/airflow/.local/lib/python3.7/site-packages/airflow/example_dags/example_branch_python_dop_operator_3.py
[2025-01-24T12:03:25.886+0000] {processor.py:766} INFO - DAG(s) dict_keys(['example_branch_dop_operator_v3']) retrieved from /home/airflow/.local/lib/python3.7/site-packages/airflow/example_dags/example_branch_python_dop_operator_3.py
[2025-01-24T12:03:25.959+0000] {logging_mixin.py:120} INFO - [2025-01-24T12:03:25.959+0000] {dag.py:2585} INFO - Sync 1 DAGs
[2025-01-24T12:03:26.007+0000] {logging_mixin.py:120} INFO - [2025-01-24T12:03:26.007+0000] {dag.py:3340} INFO - Setting next_dagrun for example_branch_dop_operator_v3 to 2025-01-24T12:02:00+00:00, run_after=2025-01-24T12:03:00+00:00
[2025-01-24T12:03:26.039+0000] {processor.py:176} INFO - Processing /home/airflow/.local/lib/python3.7/site-packages/airflow/example_dags/example_branch_python_dop_operator_3.py took 0.193 seconds
[2025-01-24T12:03:56.915+0000] {processor.py:154} INFO - Started process (PID=1484) to work on /home/airflow/.local/lib/python3.7/site-packages/airflow/example_dags/example_branch_python_dop_operator_3.py
[2025-01-24T12:03:56.917+0000] {processor.py:756} INFO - Processing file /home/airflow/.local/lib/python3.7/site-packages/airflow/example_dags/example_branch_python_dop_operator_3.py for tasks to queue
[2025-01-24T12:03:56.917+0000] {logging_mixin.py:120} INFO - [2025-01-24T12:03:56.917+0000] {dagbag.py:537} INFO - Filling up the DagBag from /home/airflow/.local/lib/python3.7/site-packages/airflow/example_dags/example_branch_python_dop_operator_3.py
[2025-01-24T12:03:56.947+0000] {processor.py:766} INFO - DAG(s) dict_keys(['example_branch_dop_operator_v3']) retrieved from /home/airflow/.local/lib/python3.7/site-packages/airflow/example_dags/example_branch_python_dop_operator_3.py
[2025-01-24T12:03:57.005+0000] {logging_mixin.py:120} INFO - [2025-01-24T12:03:57.005+0000] {dag.py:2585} INFO - Sync 1 DAGs
[2025-01-24T12:03:57.060+0000] {logging_mixin.py:120} INFO - [2025-01-24T12:03:57.060+0000] {dag.py:3340} INFO - Setting next_dagrun for example_branch_dop_operator_v3 to 2025-01-24T12:02:00+00:00, run_after=2025-01-24T12:03:00+00:00
[2025-01-24T12:03:57.096+0000] {processor.py:176} INFO - Processing /home/airflow/.local/lib/python3.7/site-packages/airflow/example_dags/example_branch_python_dop_operator_3.py took 0.185 seconds
[2025-01-24T12:04:27.923+0000] {processor.py:154} INFO - Started process (PID=1548) to work on /home/airflow/.local/lib/python3.7/site-packages/airflow/example_dags/example_branch_python_dop_operator_3.py
[2025-01-24T12:04:27.924+0000] {processor.py:756} INFO - Processing file /home/airflow/.local/lib/python3.7/site-packages/airflow/example_dags/example_branch_python_dop_operator_3.py for tasks to queue
[2025-01-24T12:04:27.924+0000] {logging_mixin.py:120} INFO - [2025-01-24T12:04:27.924+0000] {dagbag.py:537} INFO - Filling up the DagBag from /home/airflow/.local/lib/python3.7/site-packages/airflow/example_dags/example_branch_python_dop_operator_3.py
[2025-01-24T12:04:27.958+0000] {processor.py:766} INFO - DAG(s) dict_keys(['example_branch_dop_operator_v3']) retrieved from /home/airflow/.local/lib/python3.7/site-packages/airflow/example_dags/example_branch_python_dop_operator_3.py
[2025-01-24T12:04:28.026+0000] {logging_mixin.py:120} INFO - [2025-01-24T12:04:28.026+0000] {dag.py:2585} INFO - Sync 1 DAGs
[2025-01-24T12:04:28.091+0000] {logging_mixin.py:120} INFO - [2025-01-24T12:04:28.090+0000] {dag.py:3340} INFO - Setting next_dagrun for example_branch_dop_operator_v3 to 2025-01-24T12:03:00+00:00, run_after=2025-01-24T12:04:00+00:00
[2025-01-24T12:04:28.133+0000] {processor.py:176} INFO - Processing /home/airflow/.local/lib/python3.7/site-packages/airflow/example_dags/example_branch_python_dop_operator_3.py took 0.214 seconds
[2025-01-24T12:04:58.249+0000] {processor.py:154} INFO - Started process (PID=1603) to work on /home/airflow/.local/lib/python3.7/site-packages/airflow/example_dags/example_branch_python_dop_operator_3.py
[2025-01-24T12:04:58.250+0000] {processor.py:756} INFO - Processing file /home/airflow/.local/lib/python3.7/site-packages/airflow/example_dags/example_branch_python_dop_operator_3.py for tasks to queue
[2025-01-24T12:04:58.252+0000] {logging_mixin.py:120} INFO - [2025-01-24T12:04:58.251+0000] {dagbag.py:537} INFO - Filling up the DagBag from /home/airflow/.local/lib/python3.7/site-packages/airflow/example_dags/example_branch_python_dop_operator_3.py
[2025-01-24T12:04:58.290+0000] {processor.py:766} INFO - DAG(s) dict_keys(['example_branch_dop_operator_v3']) retrieved from /home/airflow/.local/lib/python3.7/site-packages/airflow/example_dags/example_branch_python_dop_operator_3.py
[2025-01-24T12:04:58.354+0000] {logging_mixin.py:120} INFO - [2025-01-24T12:04:58.353+0000] {dag.py:2585} INFO - Sync 1 DAGs
[2025-01-24T12:04:58.406+0000] {logging_mixin.py:120} INFO - [2025-01-24T12:04:58.406+0000] {dag.py:3340} INFO - Setting next_dagrun for example_branch_dop_operator_v3 to 2025-01-24T12:03:00+00:00, run_after=2025-01-24T12:04:00+00:00
[2025-01-24T12:04:58.446+0000] {processor.py:176} INFO - Processing /home/airflow/.local/lib/python3.7/site-packages/airflow/example_dags/example_branch_python_dop_operator_3.py took 0.205 seconds
[2025-01-24T12:05:28.560+0000] {processor.py:154} INFO - Started process (PID=1666) to work on /home/airflow/.local/lib/python3.7/site-packages/airflow/example_dags/example_branch_python_dop_operator_3.py
[2025-01-24T12:05:28.562+0000] {processor.py:756} INFO - Processing file /home/airflow/.local/lib/python3.7/site-packages/airflow/example_dags/example_branch_python_dop_operator_3.py for tasks to queue
[2025-01-24T12:05:28.563+0000] {logging_mixin.py:120} INFO - [2025-01-24T12:05:28.563+0000] {dagbag.py:537} INFO - Filling up the DagBag from /home/airflow/.local/lib/python3.7/site-packages/airflow/example_dags/example_branch_python_dop_operator_3.py
[2025-01-24T12:05:28.604+0000] {processor.py:766} INFO - DAG(s) dict_keys(['example_branch_dop_operator_v3']) retrieved from /home/airflow/.local/lib/python3.7/site-packages/airflow/example_dags/example_branch_python_dop_operator_3.py
[2025-01-24T12:05:28.677+0000] {logging_mixin.py:120} INFO - [2025-01-24T12:05:28.677+0000] {dag.py:2585} INFO - Sync 1 DAGs
[2025-01-24T12:05:28.745+0000] {logging_mixin.py:120} INFO - [2025-01-24T12:05:28.744+0000] {dag.py:3340} INFO - Setting next_dagrun for example_branch_dop_operator_v3 to 2025-01-24T12:04:00+00:00, run_after=2025-01-24T12:05:00+00:00
[2025-01-24T12:05:28.787+0000] {processor.py:176} INFO - Processing /home/airflow/.local/lib/python3.7/site-packages/airflow/example_dags/example_branch_python_dop_operator_3.py took 0.232 seconds
[2025-01-24T12:05:59.056+0000] {processor.py:154} INFO - Started process (PID=1721) to work on /home/airflow/.local/lib/python3.7/site-packages/airflow/example_dags/example_branch_python_dop_operator_3.py
[2025-01-24T12:05:59.060+0000] {processor.py:756} INFO - Processing file /home/airflow/.local/lib/python3.7/site-packages/airflow/example_dags/example_branch_python_dop_operator_3.py for tasks to queue
[2025-01-24T12:05:59.061+0000] {logging_mixin.py:120} INFO - [2025-01-24T12:05:59.061+0000] {dagbag.py:537} INFO - Filling up the DagBag from /home/airflow/.local/lib/python3.7/site-packages/airflow/example_dags/example_branch_python_dop_operator_3.py
[2025-01-24T12:05:59.097+0000] {processor.py:766} INFO - DAG(s) dict_keys(['example_branch_dop_operator_v3']) retrieved from /home/airflow/.local/lib/python3.7/site-packages/airflow/example_dags/example_branch_python_dop_operator_3.py
[2025-01-24T12:05:59.162+0000] {logging_mixin.py:120} INFO - [2025-01-24T12:05:59.162+0000] {dag.py:2585} INFO - Sync 1 DAGs
[2025-01-24T12:05:59.210+0000] {logging_mixin.py:120} INFO - [2025-01-24T12:05:59.209+0000] {dag.py:3340} INFO - Setting next_dagrun for example_branch_dop_operator_v3 to 2025-01-24T12:04:00+00:00, run_after=2025-01-24T12:05:00+00:00
[2025-01-24T12:05:59.247+0000] {processor.py:176} INFO - Processing /home/airflow/.local/lib/python3.7/site-packages/airflow/example_dags/example_branch_python_dop_operator_3.py took 0.195 seconds
