[2025-01-24T17:06:15.012+0000] {processor.py:154} INFO - Started process (PID=68) to work on /home/airflow/.local/lib/python3.7/site-packages/airflow/example_dags/example_xcom.py
[2025-01-24T17:06:15.012+0000] {processor.py:756} INFO - Processing file /home/airflow/.local/lib/python3.7/site-packages/airflow/example_dags/example_xcom.py for tasks to queue
[2025-01-24T17:06:15.013+0000] {logging_mixin.py:120} INFO - [2025-01-24T17:06:15.013+0000] {dagbag.py:537} INFO - Filling up the DagBag from /home/airflow/.local/lib/python3.7/site-packages/airflow/example_dags/example_xcom.py
[2025-01-24T17:06:15.050+0000] {processor.py:766} INFO - DAG(s) dict_keys(['example_xcom']) retrieved from /home/airflow/.local/lib/python3.7/site-packages/airflow/example_dags/example_xcom.py
[2025-01-24T17:06:15.109+0000] {logging_mixin.py:120} INFO - [2025-01-24T17:06:15.109+0000] {dag.py:2585} INFO - Sync 1 DAGs
[2025-01-24T17:06:15.151+0000] {logging_mixin.py:120} INFO - [2025-01-24T17:06:15.151+0000] {dag.py:3340} INFO - Setting next_dagrun for example_xcom to 2021-01-01T00:00:00+00:00, run_after=2021-01-01T00:00:00+00:00
[2025-01-24T17:06:15.202+0000] {processor.py:176} INFO - Processing /home/airflow/.local/lib/python3.7/site-packages/airflow/example_dags/example_xcom.py took 0.195 seconds
[2025-01-24T11:52:08.178+0000] {processor.py:154} INFO - Started process (PID=68) to work on /home/airflow/.local/lib/python3.7/site-packages/airflow/example_dags/example_xcom.py
[2025-01-24T11:52:08.179+0000] {processor.py:756} INFO - Processing file /home/airflow/.local/lib/python3.7/site-packages/airflow/example_dags/example_xcom.py for tasks to queue
[2025-01-24T11:52:08.181+0000] {logging_mixin.py:120} INFO - [2025-01-24T11:52:08.181+0000] {dagbag.py:537} INFO - Filling up the DagBag from /home/airflow/.local/lib/python3.7/site-packages/airflow/example_dags/example_xcom.py
[2025-01-24T11:52:08.234+0000] {processor.py:766} INFO - DAG(s) dict_keys(['example_xcom']) retrieved from /home/airflow/.local/lib/python3.7/site-packages/airflow/example_dags/example_xcom.py
[2025-01-24T11:52:08.319+0000] {logging_mixin.py:120} INFO - [2025-01-24T11:52:08.319+0000] {dag.py:2585} INFO - Sync 1 DAGs
[2025-01-24T11:52:08.374+0000] {logging_mixin.py:120} INFO - [2025-01-24T11:52:08.374+0000] {dag.py:3340} INFO - Setting next_dagrun for example_xcom to 2021-01-01T00:00:00+00:00, run_after=2021-01-01T00:00:00+00:00
[2025-01-24T11:52:08.420+0000] {processor.py:176} INFO - Processing /home/airflow/.local/lib/python3.7/site-packages/airflow/example_dags/example_xcom.py took 0.248 seconds
[2025-01-24T11:52:38.739+0000] {processor.py:154} INFO - Started process (PID=132) to work on /home/airflow/.local/lib/python3.7/site-packages/airflow/example_dags/example_xcom.py
[2025-01-24T11:52:38.741+0000] {processor.py:756} INFO - Processing file /home/airflow/.local/lib/python3.7/site-packages/airflow/example_dags/example_xcom.py for tasks to queue
[2025-01-24T11:52:38.742+0000] {logging_mixin.py:120} INFO - [2025-01-24T11:52:38.742+0000] {dagbag.py:537} INFO - Filling up the DagBag from /home/airflow/.local/lib/python3.7/site-packages/airflow/example_dags/example_xcom.py
[2025-01-24T11:52:38.792+0000] {processor.py:766} INFO - DAG(s) dict_keys(['example_xcom']) retrieved from /home/airflow/.local/lib/python3.7/site-packages/airflow/example_dags/example_xcom.py
[2025-01-24T11:52:38.875+0000] {logging_mixin.py:120} INFO - [2025-01-24T11:52:38.875+0000] {dag.py:2585} INFO - Sync 1 DAGs
[2025-01-24T11:52:38.927+0000] {logging_mixin.py:120} INFO - [2025-01-24T11:52:38.927+0000] {dag.py:3340} INFO - Setting next_dagrun for example_xcom to 2021-01-01T00:00:00+00:00, run_after=2021-01-01T00:00:00+00:00
[2025-01-24T11:52:38.983+0000] {processor.py:176} INFO - Processing /home/airflow/.local/lib/python3.7/site-packages/airflow/example_dags/example_xcom.py took 0.251 seconds
[2025-01-24T11:53:09.633+0000] {processor.py:154} INFO - Started process (PID=188) to work on /home/airflow/.local/lib/python3.7/site-packages/airflow/example_dags/example_xcom.py
[2025-01-24T11:53:09.634+0000] {processor.py:756} INFO - Processing file /home/airflow/.local/lib/python3.7/site-packages/airflow/example_dags/example_xcom.py for tasks to queue
[2025-01-24T11:53:09.635+0000] {logging_mixin.py:120} INFO - [2025-01-24T11:53:09.635+0000] {dagbag.py:537} INFO - Filling up the DagBag from /home/airflow/.local/lib/python3.7/site-packages/airflow/example_dags/example_xcom.py
[2025-01-24T11:53:09.667+0000] {processor.py:766} INFO - DAG(s) dict_keys(['example_xcom']) retrieved from /home/airflow/.local/lib/python3.7/site-packages/airflow/example_dags/example_xcom.py
[2025-01-24T11:53:09.734+0000] {logging_mixin.py:120} INFO - [2025-01-24T11:53:09.734+0000] {dag.py:2585} INFO - Sync 1 DAGs
[2025-01-24T11:53:09.771+0000] {logging_mixin.py:120} INFO - [2025-01-24T11:53:09.771+0000] {dag.py:3340} INFO - Setting next_dagrun for example_xcom to 2021-01-01T00:00:00+00:00, run_after=2021-01-01T00:00:00+00:00
[2025-01-24T11:53:09.803+0000] {processor.py:176} INFO - Processing /home/airflow/.local/lib/python3.7/site-packages/airflow/example_dags/example_xcom.py took 0.174 seconds
[2025-01-24T11:53:40.124+0000] {processor.py:154} INFO - Started process (PID=252) to work on /home/airflow/.local/lib/python3.7/site-packages/airflow/example_dags/example_xcom.py
[2025-01-24T11:53:40.125+0000] {processor.py:756} INFO - Processing file /home/airflow/.local/lib/python3.7/site-packages/airflow/example_dags/example_xcom.py for tasks to queue
[2025-01-24T11:53:40.125+0000] {logging_mixin.py:120} INFO - [2025-01-24T11:53:40.125+0000] {dagbag.py:537} INFO - Filling up the DagBag from /home/airflow/.local/lib/python3.7/site-packages/airflow/example_dags/example_xcom.py
[2025-01-24T11:53:40.158+0000] {processor.py:766} INFO - DAG(s) dict_keys(['example_xcom']) retrieved from /home/airflow/.local/lib/python3.7/site-packages/airflow/example_dags/example_xcom.py
[2025-01-24T11:53:40.217+0000] {logging_mixin.py:120} INFO - [2025-01-24T11:53:40.217+0000] {dag.py:2585} INFO - Sync 1 DAGs
[2025-01-24T11:53:40.256+0000] {logging_mixin.py:120} INFO - [2025-01-24T11:53:40.256+0000] {dag.py:3340} INFO - Setting next_dagrun for example_xcom to 2021-01-01T00:00:00+00:00, run_after=2021-01-01T00:00:00+00:00
[2025-01-24T11:53:40.297+0000] {processor.py:176} INFO - Processing /home/airflow/.local/lib/python3.7/site-packages/airflow/example_dags/example_xcom.py took 0.178 seconds
[2025-01-24T11:54:10.914+0000] {processor.py:154} INFO - Started process (PID=307) to work on /home/airflow/.local/lib/python3.7/site-packages/airflow/example_dags/example_xcom.py
[2025-01-24T11:54:10.915+0000] {processor.py:756} INFO - Processing file /home/airflow/.local/lib/python3.7/site-packages/airflow/example_dags/example_xcom.py for tasks to queue
[2025-01-24T11:54:10.916+0000] {logging_mixin.py:120} INFO - [2025-01-24T11:54:10.916+0000] {dagbag.py:537} INFO - Filling up the DagBag from /home/airflow/.local/lib/python3.7/site-packages/airflow/example_dags/example_xcom.py
[2025-01-24T11:54:10.949+0000] {processor.py:766} INFO - DAG(s) dict_keys(['example_xcom']) retrieved from /home/airflow/.local/lib/python3.7/site-packages/airflow/example_dags/example_xcom.py
[2025-01-24T11:54:11.012+0000] {logging_mixin.py:120} INFO - [2025-01-24T11:54:11.012+0000] {dag.py:2585} INFO - Sync 1 DAGs
[2025-01-24T11:54:11.051+0000] {logging_mixin.py:120} INFO - [2025-01-24T11:54:11.051+0000] {dag.py:3340} INFO - Setting next_dagrun for example_xcom to 2021-01-01T00:00:00+00:00, run_after=2021-01-01T00:00:00+00:00
[2025-01-24T11:54:11.090+0000] {processor.py:176} INFO - Processing /home/airflow/.local/lib/python3.7/site-packages/airflow/example_dags/example_xcom.py took 0.180 seconds
[2025-01-24T11:54:41.695+0000] {processor.py:154} INFO - Started process (PID=371) to work on /home/airflow/.local/lib/python3.7/site-packages/airflow/example_dags/example_xcom.py
[2025-01-24T11:54:41.698+0000] {processor.py:756} INFO - Processing file /home/airflow/.local/lib/python3.7/site-packages/airflow/example_dags/example_xcom.py for tasks to queue
[2025-01-24T11:54:41.699+0000] {logging_mixin.py:120} INFO - [2025-01-24T11:54:41.699+0000] {dagbag.py:537} INFO - Filling up the DagBag from /home/airflow/.local/lib/python3.7/site-packages/airflow/example_dags/example_xcom.py
[2025-01-24T11:54:41.743+0000] {processor.py:766} INFO - DAG(s) dict_keys(['example_xcom']) retrieved from /home/airflow/.local/lib/python3.7/site-packages/airflow/example_dags/example_xcom.py
[2025-01-24T11:54:41.814+0000] {logging_mixin.py:120} INFO - [2025-01-24T11:54:41.814+0000] {dag.py:2585} INFO - Sync 1 DAGs
[2025-01-24T11:54:41.853+0000] {logging_mixin.py:120} INFO - [2025-01-24T11:54:41.853+0000] {dag.py:3340} INFO - Setting next_dagrun for example_xcom to 2021-01-01T00:00:00+00:00, run_after=2021-01-01T00:00:00+00:00
[2025-01-24T11:54:41.887+0000] {processor.py:176} INFO - Processing /home/airflow/.local/lib/python3.7/site-packages/airflow/example_dags/example_xcom.py took 0.198 seconds
[2025-01-24T11:55:12.350+0000] {processor.py:154} INFO - Started process (PID=426) to work on /home/airflow/.local/lib/python3.7/site-packages/airflow/example_dags/example_xcom.py
[2025-01-24T11:55:12.352+0000] {processor.py:756} INFO - Processing file /home/airflow/.local/lib/python3.7/site-packages/airflow/example_dags/example_xcom.py for tasks to queue
[2025-01-24T11:55:12.353+0000] {logging_mixin.py:120} INFO - [2025-01-24T11:55:12.353+0000] {dagbag.py:537} INFO - Filling up the DagBag from /home/airflow/.local/lib/python3.7/site-packages/airflow/example_dags/example_xcom.py
[2025-01-24T11:55:12.390+0000] {processor.py:766} INFO - DAG(s) dict_keys(['example_xcom']) retrieved from /home/airflow/.local/lib/python3.7/site-packages/airflow/example_dags/example_xcom.py
[2025-01-24T11:55:12.454+0000] {logging_mixin.py:120} INFO - [2025-01-24T11:55:12.453+0000] {dag.py:2585} INFO - Sync 1 DAGs
[2025-01-24T11:55:12.508+0000] {logging_mixin.py:120} INFO - [2025-01-24T11:55:12.508+0000] {dag.py:3340} INFO - Setting next_dagrun for example_xcom to 2021-01-01T00:00:00+00:00, run_after=2021-01-01T00:00:00+00:00
[2025-01-24T11:55:12.553+0000] {processor.py:176} INFO - Processing /home/airflow/.local/lib/python3.7/site-packages/airflow/example_dags/example_xcom.py took 0.208 seconds
[2025-01-24T11:55:43.110+0000] {processor.py:154} INFO - Started process (PID=490) to work on /home/airflow/.local/lib/python3.7/site-packages/airflow/example_dags/example_xcom.py
[2025-01-24T11:55:43.111+0000] {processor.py:756} INFO - Processing file /home/airflow/.local/lib/python3.7/site-packages/airflow/example_dags/example_xcom.py for tasks to queue
[2025-01-24T11:55:43.111+0000] {logging_mixin.py:120} INFO - [2025-01-24T11:55:43.111+0000] {dagbag.py:537} INFO - Filling up the DagBag from /home/airflow/.local/lib/python3.7/site-packages/airflow/example_dags/example_xcom.py
[2025-01-24T11:55:43.144+0000] {processor.py:766} INFO - DAG(s) dict_keys(['example_xcom']) retrieved from /home/airflow/.local/lib/python3.7/site-packages/airflow/example_dags/example_xcom.py
[2025-01-24T11:55:43.206+0000] {logging_mixin.py:120} INFO - [2025-01-24T11:55:43.206+0000] {dag.py:2585} INFO - Sync 1 DAGs
[2025-01-24T11:55:43.243+0000] {logging_mixin.py:120} INFO - [2025-01-24T11:55:43.243+0000] {dag.py:3340} INFO - Setting next_dagrun for example_xcom to 2021-01-01T00:00:00+00:00, run_after=2021-01-01T00:00:00+00:00
[2025-01-24T11:55:43.275+0000] {processor.py:176} INFO - Processing /home/airflow/.local/lib/python3.7/site-packages/airflow/example_dags/example_xcom.py took 0.170 seconds
[2025-01-24T11:56:13.597+0000] {processor.py:154} INFO - Started process (PID=553) to work on /home/airflow/.local/lib/python3.7/site-packages/airflow/example_dags/example_xcom.py
[2025-01-24T11:56:13.598+0000] {processor.py:756} INFO - Processing file /home/airflow/.local/lib/python3.7/site-packages/airflow/example_dags/example_xcom.py for tasks to queue
[2025-01-24T11:56:13.599+0000] {logging_mixin.py:120} INFO - [2025-01-24T11:56:13.599+0000] {dagbag.py:537} INFO - Filling up the DagBag from /home/airflow/.local/lib/python3.7/site-packages/airflow/example_dags/example_xcom.py
[2025-01-24T11:56:13.635+0000] {processor.py:766} INFO - DAG(s) dict_keys(['example_xcom']) retrieved from /home/airflow/.local/lib/python3.7/site-packages/airflow/example_dags/example_xcom.py
[2025-01-24T11:56:13.712+0000] {logging_mixin.py:120} INFO - [2025-01-24T11:56:13.712+0000] {dag.py:2585} INFO - Sync 1 DAGs
[2025-01-24T11:56:13.749+0000] {logging_mixin.py:120} INFO - [2025-01-24T11:56:13.749+0000] {dag.py:3340} INFO - Setting next_dagrun for example_xcom to 2021-01-01T00:00:00+00:00, run_after=2021-01-01T00:00:00+00:00
[2025-01-24T11:56:13.790+0000] {processor.py:176} INFO - Processing /home/airflow/.local/lib/python3.7/site-packages/airflow/example_dags/example_xcom.py took 0.198 seconds
[2025-01-24T11:56:44.229+0000] {processor.py:154} INFO - Started process (PID=610) to work on /home/airflow/.local/lib/python3.7/site-packages/airflow/example_dags/example_xcom.py
[2025-01-24T11:56:44.230+0000] {processor.py:756} INFO - Processing file /home/airflow/.local/lib/python3.7/site-packages/airflow/example_dags/example_xcom.py for tasks to queue
[2025-01-24T11:56:44.230+0000] {logging_mixin.py:120} INFO - [2025-01-24T11:56:44.230+0000] {dagbag.py:537} INFO - Filling up the DagBag from /home/airflow/.local/lib/python3.7/site-packages/airflow/example_dags/example_xcom.py
[2025-01-24T11:56:44.265+0000] {processor.py:766} INFO - DAG(s) dict_keys(['example_xcom']) retrieved from /home/airflow/.local/lib/python3.7/site-packages/airflow/example_dags/example_xcom.py
[2025-01-24T11:56:44.330+0000] {logging_mixin.py:120} INFO - [2025-01-24T11:56:44.330+0000] {dag.py:2585} INFO - Sync 1 DAGs
[2025-01-24T11:56:44.375+0000] {logging_mixin.py:120} INFO - [2025-01-24T11:56:44.374+0000] {dag.py:3340} INFO - Setting next_dagrun for example_xcom to 2021-01-01T00:00:00+00:00, run_after=2021-01-01T00:00:00+00:00
[2025-01-24T11:56:44.416+0000] {processor.py:176} INFO - Processing /home/airflow/.local/lib/python3.7/site-packages/airflow/example_dags/example_xcom.py took 0.191 seconds
[2025-01-24T11:57:14.875+0000] {processor.py:154} INFO - Started process (PID=674) to work on /home/airflow/.local/lib/python3.7/site-packages/airflow/example_dags/example_xcom.py
[2025-01-24T11:57:14.876+0000] {processor.py:756} INFO - Processing file /home/airflow/.local/lib/python3.7/site-packages/airflow/example_dags/example_xcom.py for tasks to queue
[2025-01-24T11:57:14.877+0000] {logging_mixin.py:120} INFO - [2025-01-24T11:57:14.877+0000] {dagbag.py:537} INFO - Filling up the DagBag from /home/airflow/.local/lib/python3.7/site-packages/airflow/example_dags/example_xcom.py
[2025-01-24T11:57:14.903+0000] {processor.py:766} INFO - DAG(s) dict_keys(['example_xcom']) retrieved from /home/airflow/.local/lib/python3.7/site-packages/airflow/example_dags/example_xcom.py
[2025-01-24T11:57:14.951+0000] {logging_mixin.py:120} INFO - [2025-01-24T11:57:14.950+0000] {dag.py:2585} INFO - Sync 1 DAGs
[2025-01-24T11:57:14.982+0000] {logging_mixin.py:120} INFO - [2025-01-24T11:57:14.982+0000] {dag.py:3340} INFO - Setting next_dagrun for example_xcom to 2021-01-01T00:00:00+00:00, run_after=2021-01-01T00:00:00+00:00
[2025-01-24T11:57:15.019+0000] {processor.py:176} INFO - Processing /home/airflow/.local/lib/python3.7/site-packages/airflow/example_dags/example_xcom.py took 0.148 seconds
[2025-01-24T11:57:45.216+0000] {processor.py:154} INFO - Started process (PID=729) to work on /home/airflow/.local/lib/python3.7/site-packages/airflow/example_dags/example_xcom.py
[2025-01-24T11:57:45.217+0000] {processor.py:756} INFO - Processing file /home/airflow/.local/lib/python3.7/site-packages/airflow/example_dags/example_xcom.py for tasks to queue
[2025-01-24T11:57:45.218+0000] {logging_mixin.py:120} INFO - [2025-01-24T11:57:45.217+0000] {dagbag.py:537} INFO - Filling up the DagBag from /home/airflow/.local/lib/python3.7/site-packages/airflow/example_dags/example_xcom.py
[2025-01-24T11:57:45.249+0000] {processor.py:766} INFO - DAG(s) dict_keys(['example_xcom']) retrieved from /home/airflow/.local/lib/python3.7/site-packages/airflow/example_dags/example_xcom.py
[2025-01-24T11:57:45.307+0000] {logging_mixin.py:120} INFO - [2025-01-24T11:57:45.306+0000] {dag.py:2585} INFO - Sync 1 DAGs
[2025-01-24T11:57:45.341+0000] {logging_mixin.py:120} INFO - [2025-01-24T11:57:45.341+0000] {dag.py:3340} INFO - Setting next_dagrun for example_xcom to 2021-01-01T00:00:00+00:00, run_after=2021-01-01T00:00:00+00:00
[2025-01-24T11:57:45.370+0000] {processor.py:176} INFO - Processing /home/airflow/.local/lib/python3.7/site-packages/airflow/example_dags/example_xcom.py took 0.159 seconds
[2025-01-24T11:58:15.709+0000] {processor.py:154} INFO - Started process (PID=794) to work on /home/airflow/.local/lib/python3.7/site-packages/airflow/example_dags/example_xcom.py
[2025-01-24T11:58:15.710+0000] {processor.py:756} INFO - Processing file /home/airflow/.local/lib/python3.7/site-packages/airflow/example_dags/example_xcom.py for tasks to queue
[2025-01-24T11:58:15.711+0000] {logging_mixin.py:120} INFO - [2025-01-24T11:58:15.711+0000] {dagbag.py:537} INFO - Filling up the DagBag from /home/airflow/.local/lib/python3.7/site-packages/airflow/example_dags/example_xcom.py
[2025-01-24T11:58:15.742+0000] {processor.py:766} INFO - DAG(s) dict_keys(['example_xcom']) retrieved from /home/airflow/.local/lib/python3.7/site-packages/airflow/example_dags/example_xcom.py
[2025-01-24T11:58:15.805+0000] {logging_mixin.py:120} INFO - [2025-01-24T11:58:15.804+0000] {dag.py:2585} INFO - Sync 1 DAGs
[2025-01-24T11:58:15.840+0000] {logging_mixin.py:120} INFO - [2025-01-24T11:58:15.840+0000] {dag.py:3340} INFO - Setting next_dagrun for example_xcom to 2021-01-01T00:00:00+00:00, run_after=2021-01-01T00:00:00+00:00
[2025-01-24T11:58:15.867+0000] {processor.py:176} INFO - Processing /home/airflow/.local/lib/python3.7/site-packages/airflow/example_dags/example_xcom.py took 0.162 seconds
[2025-01-24T11:58:46.439+0000] {processor.py:154} INFO - Started process (PID=858) to work on /home/airflow/.local/lib/python3.7/site-packages/airflow/example_dags/example_xcom.py
[2025-01-24T11:58:46.440+0000] {processor.py:756} INFO - Processing file /home/airflow/.local/lib/python3.7/site-packages/airflow/example_dags/example_xcom.py for tasks to queue
[2025-01-24T11:58:46.441+0000] {logging_mixin.py:120} INFO - [2025-01-24T11:58:46.441+0000] {dagbag.py:537} INFO - Filling up the DagBag from /home/airflow/.local/lib/python3.7/site-packages/airflow/example_dags/example_xcom.py
[2025-01-24T11:58:46.481+0000] {processor.py:766} INFO - DAG(s) dict_keys(['example_xcom']) retrieved from /home/airflow/.local/lib/python3.7/site-packages/airflow/example_dags/example_xcom.py
[2025-01-24T11:58:46.549+0000] {logging_mixin.py:120} INFO - [2025-01-24T11:58:46.549+0000] {dag.py:2585} INFO - Sync 1 DAGs
[2025-01-24T11:58:46.589+0000] {logging_mixin.py:120} INFO - [2025-01-24T11:58:46.589+0000] {dag.py:3340} INFO - Setting next_dagrun for example_xcom to 2021-01-01T00:00:00+00:00, run_after=2021-01-01T00:00:00+00:00
[2025-01-24T11:58:46.625+0000] {processor.py:176} INFO - Processing /home/airflow/.local/lib/python3.7/site-packages/airflow/example_dags/example_xcom.py took 0.191 seconds
[2025-01-24T11:59:16.758+0000] {processor.py:154} INFO - Started process (PID=913) to work on /home/airflow/.local/lib/python3.7/site-packages/airflow/example_dags/example_xcom.py
[2025-01-24T11:59:16.759+0000] {processor.py:756} INFO - Processing file /home/airflow/.local/lib/python3.7/site-packages/airflow/example_dags/example_xcom.py for tasks to queue
[2025-01-24T11:59:16.760+0000] {logging_mixin.py:120} INFO - [2025-01-24T11:59:16.760+0000] {dagbag.py:537} INFO - Filling up the DagBag from /home/airflow/.local/lib/python3.7/site-packages/airflow/example_dags/example_xcom.py
[2025-01-24T11:59:16.792+0000] {processor.py:766} INFO - DAG(s) dict_keys(['example_xcom']) retrieved from /home/airflow/.local/lib/python3.7/site-packages/airflow/example_dags/example_xcom.py
[2025-01-24T11:59:16.854+0000] {logging_mixin.py:120} INFO - [2025-01-24T11:59:16.854+0000] {dag.py:2585} INFO - Sync 1 DAGs
[2025-01-24T11:59:16.899+0000] {logging_mixin.py:120} INFO - [2025-01-24T11:59:16.899+0000] {dag.py:3340} INFO - Setting next_dagrun for example_xcom to 2021-01-01T00:00:00+00:00, run_after=2021-01-01T00:00:00+00:00
[2025-01-24T11:59:16.940+0000] {processor.py:176} INFO - Processing /home/airflow/.local/lib/python3.7/site-packages/airflow/example_dags/example_xcom.py took 0.186 seconds
[2025-01-24T11:59:47.105+0000] {processor.py:154} INFO - Started process (PID=977) to work on /home/airflow/.local/lib/python3.7/site-packages/airflow/example_dags/example_xcom.py
[2025-01-24T11:59:47.106+0000] {processor.py:756} INFO - Processing file /home/airflow/.local/lib/python3.7/site-packages/airflow/example_dags/example_xcom.py for tasks to queue
[2025-01-24T11:59:47.106+0000] {logging_mixin.py:120} INFO - [2025-01-24T11:59:47.106+0000] {dagbag.py:537} INFO - Filling up the DagBag from /home/airflow/.local/lib/python3.7/site-packages/airflow/example_dags/example_xcom.py
[2025-01-24T11:59:47.137+0000] {processor.py:766} INFO - DAG(s) dict_keys(['example_xcom']) retrieved from /home/airflow/.local/lib/python3.7/site-packages/airflow/example_dags/example_xcom.py
[2025-01-24T11:59:47.197+0000] {logging_mixin.py:120} INFO - [2025-01-24T11:59:47.197+0000] {dag.py:2585} INFO - Sync 1 DAGs
[2025-01-24T11:59:47.231+0000] {logging_mixin.py:120} INFO - [2025-01-24T11:59:47.231+0000] {dag.py:3340} INFO - Setting next_dagrun for example_xcom to 2021-01-01T00:00:00+00:00, run_after=2021-01-01T00:00:00+00:00
[2025-01-24T11:59:47.264+0000] {processor.py:176} INFO - Processing /home/airflow/.local/lib/python3.7/site-packages/airflow/example_dags/example_xcom.py took 0.164 seconds
[2025-01-24T12:00:17.535+0000] {processor.py:154} INFO - Started process (PID=1032) to work on /home/airflow/.local/lib/python3.7/site-packages/airflow/example_dags/example_xcom.py
[2025-01-24T12:00:17.536+0000] {processor.py:756} INFO - Processing file /home/airflow/.local/lib/python3.7/site-packages/airflow/example_dags/example_xcom.py for tasks to queue
[2025-01-24T12:00:17.537+0000] {logging_mixin.py:120} INFO - [2025-01-24T12:00:17.537+0000] {dagbag.py:537} INFO - Filling up the DagBag from /home/airflow/.local/lib/python3.7/site-packages/airflow/example_dags/example_xcom.py
[2025-01-24T12:00:17.572+0000] {processor.py:766} INFO - DAG(s) dict_keys(['example_xcom']) retrieved from /home/airflow/.local/lib/python3.7/site-packages/airflow/example_dags/example_xcom.py
[2025-01-24T12:00:17.634+0000] {logging_mixin.py:120} INFO - [2025-01-24T12:00:17.634+0000] {dag.py:2585} INFO - Sync 1 DAGs
[2025-01-24T12:00:17.681+0000] {logging_mixin.py:120} INFO - [2025-01-24T12:00:17.681+0000] {dag.py:3340} INFO - Setting next_dagrun for example_xcom to 2021-01-01T00:00:00+00:00, run_after=2021-01-01T00:00:00+00:00
[2025-01-24T12:00:17.719+0000] {processor.py:176} INFO - Processing /home/airflow/.local/lib/python3.7/site-packages/airflow/example_dags/example_xcom.py took 0.189 seconds
[2025-01-24T12:00:47.842+0000] {processor.py:154} INFO - Started process (PID=1096) to work on /home/airflow/.local/lib/python3.7/site-packages/airflow/example_dags/example_xcom.py
[2025-01-24T12:00:47.843+0000] {processor.py:756} INFO - Processing file /home/airflow/.local/lib/python3.7/site-packages/airflow/example_dags/example_xcom.py for tasks to queue
[2025-01-24T12:00:47.844+0000] {logging_mixin.py:120} INFO - [2025-01-24T12:00:47.844+0000] {dagbag.py:537} INFO - Filling up the DagBag from /home/airflow/.local/lib/python3.7/site-packages/airflow/example_dags/example_xcom.py
[2025-01-24T12:00:47.877+0000] {processor.py:766} INFO - DAG(s) dict_keys(['example_xcom']) retrieved from /home/airflow/.local/lib/python3.7/site-packages/airflow/example_dags/example_xcom.py
[2025-01-24T12:00:47.933+0000] {logging_mixin.py:120} INFO - [2025-01-24T12:00:47.933+0000] {dag.py:2585} INFO - Sync 1 DAGs
[2025-01-24T12:00:47.970+0000] {logging_mixin.py:120} INFO - [2025-01-24T12:00:47.970+0000] {dag.py:3340} INFO - Setting next_dagrun for example_xcom to 2021-01-01T00:00:00+00:00, run_after=2021-01-01T00:00:00+00:00
[2025-01-24T12:00:48.000+0000] {processor.py:176} INFO - Processing /home/airflow/.local/lib/python3.7/site-packages/airflow/example_dags/example_xcom.py took 0.163 seconds
[2025-01-24T12:01:18.093+0000] {processor.py:154} INFO - Started process (PID=1161) to work on /home/airflow/.local/lib/python3.7/site-packages/airflow/example_dags/example_xcom.py
[2025-01-24T12:01:18.094+0000] {processor.py:756} INFO - Processing file /home/airflow/.local/lib/python3.7/site-packages/airflow/example_dags/example_xcom.py for tasks to queue
[2025-01-24T12:01:18.095+0000] {logging_mixin.py:120} INFO - [2025-01-24T12:01:18.095+0000] {dagbag.py:537} INFO - Filling up the DagBag from /home/airflow/.local/lib/python3.7/site-packages/airflow/example_dags/example_xcom.py
[2025-01-24T12:01:18.127+0000] {processor.py:766} INFO - DAG(s) dict_keys(['example_xcom']) retrieved from /home/airflow/.local/lib/python3.7/site-packages/airflow/example_dags/example_xcom.py
[2025-01-24T12:01:18.183+0000] {logging_mixin.py:120} INFO - [2025-01-24T12:01:18.183+0000] {dag.py:2585} INFO - Sync 1 DAGs
[2025-01-24T12:01:18.223+0000] {logging_mixin.py:120} INFO - [2025-01-24T12:01:18.223+0000] {dag.py:3340} INFO - Setting next_dagrun for example_xcom to 2021-01-01T00:00:00+00:00, run_after=2021-01-01T00:00:00+00:00
[2025-01-24T12:01:18.255+0000] {processor.py:176} INFO - Processing /home/airflow/.local/lib/python3.7/site-packages/airflow/example_dags/example_xcom.py took 0.168 seconds
[2025-01-24T12:01:49.058+0000] {processor.py:154} INFO - Started process (PID=1217) to work on /home/airflow/.local/lib/python3.7/site-packages/airflow/example_dags/example_xcom.py
[2025-01-24T12:01:49.059+0000] {processor.py:756} INFO - Processing file /home/airflow/.local/lib/python3.7/site-packages/airflow/example_dags/example_xcom.py for tasks to queue
[2025-01-24T12:01:49.061+0000] {logging_mixin.py:120} INFO - [2025-01-24T12:01:49.060+0000] {dagbag.py:537} INFO - Filling up the DagBag from /home/airflow/.local/lib/python3.7/site-packages/airflow/example_dags/example_xcom.py
[2025-01-24T12:01:49.096+0000] {processor.py:766} INFO - DAG(s) dict_keys(['example_xcom']) retrieved from /home/airflow/.local/lib/python3.7/site-packages/airflow/example_dags/example_xcom.py
[2025-01-24T12:01:49.157+0000] {logging_mixin.py:120} INFO - [2025-01-24T12:01:49.157+0000] {dag.py:2585} INFO - Sync 1 DAGs
[2025-01-24T12:01:49.193+0000] {logging_mixin.py:120} INFO - [2025-01-24T12:01:49.193+0000] {dag.py:3340} INFO - Setting next_dagrun for example_xcom to 2021-01-01T00:00:00+00:00, run_after=2021-01-01T00:00:00+00:00
[2025-01-24T12:01:49.229+0000] {processor.py:176} INFO - Processing /home/airflow/.local/lib/python3.7/site-packages/airflow/example_dags/example_xcom.py took 0.177 seconds
[2025-01-24T12:02:19.755+0000] {processor.py:154} INFO - Started process (PID=1281) to work on /home/airflow/.local/lib/python3.7/site-packages/airflow/example_dags/example_xcom.py
[2025-01-24T12:02:19.757+0000] {processor.py:756} INFO - Processing file /home/airflow/.local/lib/python3.7/site-packages/airflow/example_dags/example_xcom.py for tasks to queue
[2025-01-24T12:02:19.758+0000] {logging_mixin.py:120} INFO - [2025-01-24T12:02:19.758+0000] {dagbag.py:537} INFO - Filling up the DagBag from /home/airflow/.local/lib/python3.7/site-packages/airflow/example_dags/example_xcom.py
[2025-01-24T12:02:19.800+0000] {processor.py:766} INFO - DAG(s) dict_keys(['example_xcom']) retrieved from /home/airflow/.local/lib/python3.7/site-packages/airflow/example_dags/example_xcom.py
[2025-01-24T12:02:19.876+0000] {logging_mixin.py:120} INFO - [2025-01-24T12:02:19.875+0000] {dag.py:2585} INFO - Sync 1 DAGs
[2025-01-24T12:02:19.928+0000] {logging_mixin.py:120} INFO - [2025-01-24T12:02:19.928+0000] {dag.py:3340} INFO - Setting next_dagrun for example_xcom to 2021-01-01T00:00:00+00:00, run_after=2021-01-01T00:00:00+00:00
[2025-01-24T12:02:19.966+0000] {processor.py:176} INFO - Processing /home/airflow/.local/lib/python3.7/site-packages/airflow/example_dags/example_xcom.py took 0.215 seconds
[2025-01-24T12:02:50.436+0000] {processor.py:154} INFO - Started process (PID=1336) to work on /home/airflow/.local/lib/python3.7/site-packages/airflow/example_dags/example_xcom.py
[2025-01-24T12:02:50.438+0000] {processor.py:756} INFO - Processing file /home/airflow/.local/lib/python3.7/site-packages/airflow/example_dags/example_xcom.py for tasks to queue
[2025-01-24T12:02:50.439+0000] {logging_mixin.py:120} INFO - [2025-01-24T12:02:50.438+0000] {dagbag.py:537} INFO - Filling up the DagBag from /home/airflow/.local/lib/python3.7/site-packages/airflow/example_dags/example_xcom.py
[2025-01-24T12:02:50.477+0000] {processor.py:766} INFO - DAG(s) dict_keys(['example_xcom']) retrieved from /home/airflow/.local/lib/python3.7/site-packages/airflow/example_dags/example_xcom.py
[2025-01-24T12:02:50.559+0000] {logging_mixin.py:120} INFO - [2025-01-24T12:02:50.558+0000] {dag.py:2585} INFO - Sync 1 DAGs
[2025-01-24T12:02:50.601+0000] {logging_mixin.py:120} INFO - [2025-01-24T12:02:50.601+0000] {dag.py:3340} INFO - Setting next_dagrun for example_xcom to 2021-01-01T00:00:00+00:00, run_after=2021-01-01T00:00:00+00:00
[2025-01-24T12:02:50.648+0000] {processor.py:176} INFO - Processing /home/airflow/.local/lib/python3.7/site-packages/airflow/example_dags/example_xcom.py took 0.216 seconds
[2025-01-24T12:03:21.394+0000] {processor.py:154} INFO - Started process (PID=1400) to work on /home/airflow/.local/lib/python3.7/site-packages/airflow/example_dags/example_xcom.py
[2025-01-24T12:03:21.395+0000] {processor.py:756} INFO - Processing file /home/airflow/.local/lib/python3.7/site-packages/airflow/example_dags/example_xcom.py for tasks to queue
[2025-01-24T12:03:21.396+0000] {logging_mixin.py:120} INFO - [2025-01-24T12:03:21.396+0000] {dagbag.py:537} INFO - Filling up the DagBag from /home/airflow/.local/lib/python3.7/site-packages/airflow/example_dags/example_xcom.py
[2025-01-24T12:03:21.435+0000] {processor.py:766} INFO - DAG(s) dict_keys(['example_xcom']) retrieved from /home/airflow/.local/lib/python3.7/site-packages/airflow/example_dags/example_xcom.py
[2025-01-24T12:03:21.497+0000] {logging_mixin.py:120} INFO - [2025-01-24T12:03:21.496+0000] {dag.py:2585} INFO - Sync 1 DAGs
[2025-01-24T12:03:21.538+0000] {logging_mixin.py:120} INFO - [2025-01-24T12:03:21.537+0000] {dag.py:3340} INFO - Setting next_dagrun for example_xcom to 2021-01-01T00:00:00+00:00, run_after=2021-01-01T00:00:00+00:00
[2025-01-24T12:03:21.571+0000] {processor.py:176} INFO - Processing /home/airflow/.local/lib/python3.7/site-packages/airflow/example_dags/example_xcom.py took 0.182 seconds
[2025-01-24T12:03:51.913+0000] {processor.py:154} INFO - Started process (PID=1464) to work on /home/airflow/.local/lib/python3.7/site-packages/airflow/example_dags/example_xcom.py
[2025-01-24T12:03:51.915+0000] {processor.py:756} INFO - Processing file /home/airflow/.local/lib/python3.7/site-packages/airflow/example_dags/example_xcom.py for tasks to queue
[2025-01-24T12:03:51.916+0000] {logging_mixin.py:120} INFO - [2025-01-24T12:03:51.915+0000] {dagbag.py:537} INFO - Filling up the DagBag from /home/airflow/.local/lib/python3.7/site-packages/airflow/example_dags/example_xcom.py
[2025-01-24T12:03:51.950+0000] {processor.py:766} INFO - DAG(s) dict_keys(['example_xcom']) retrieved from /home/airflow/.local/lib/python3.7/site-packages/airflow/example_dags/example_xcom.py
[2025-01-24T12:03:52.018+0000] {logging_mixin.py:120} INFO - [2025-01-24T12:03:52.018+0000] {dag.py:2585} INFO - Sync 1 DAGs
[2025-01-24T12:03:52.064+0000] {logging_mixin.py:120} INFO - [2025-01-24T12:03:52.063+0000] {dag.py:3340} INFO - Setting next_dagrun for example_xcom to 2021-01-01T00:00:00+00:00, run_after=2021-01-01T00:00:00+00:00
[2025-01-24T12:03:52.102+0000] {processor.py:176} INFO - Processing /home/airflow/.local/lib/python3.7/site-packages/airflow/example_dags/example_xcom.py took 0.195 seconds
[2025-01-24T12:04:22.811+0000] {processor.py:154} INFO - Started process (PID=1519) to work on /home/airflow/.local/lib/python3.7/site-packages/airflow/example_dags/example_xcom.py
[2025-01-24T12:04:22.813+0000] {processor.py:756} INFO - Processing file /home/airflow/.local/lib/python3.7/site-packages/airflow/example_dags/example_xcom.py for tasks to queue
[2025-01-24T12:04:22.814+0000] {logging_mixin.py:120} INFO - [2025-01-24T12:04:22.813+0000] {dagbag.py:537} INFO - Filling up the DagBag from /home/airflow/.local/lib/python3.7/site-packages/airflow/example_dags/example_xcom.py
[2025-01-24T12:04:22.845+0000] {processor.py:766} INFO - DAG(s) dict_keys(['example_xcom']) retrieved from /home/airflow/.local/lib/python3.7/site-packages/airflow/example_dags/example_xcom.py
[2025-01-24T12:04:22.906+0000] {logging_mixin.py:120} INFO - [2025-01-24T12:04:22.906+0000] {dag.py:2585} INFO - Sync 1 DAGs
[2025-01-24T12:04:22.944+0000] {logging_mixin.py:120} INFO - [2025-01-24T12:04:22.944+0000] {dag.py:3340} INFO - Setting next_dagrun for example_xcom to 2021-01-01T00:00:00+00:00, run_after=2021-01-01T00:00:00+00:00
[2025-01-24T12:04:22.973+0000] {processor.py:176} INFO - Processing /home/airflow/.local/lib/python3.7/site-packages/airflow/example_dags/example_xcom.py took 0.166 seconds
[2025-01-24T12:04:53.152+0000] {processor.py:154} INFO - Started process (PID=1583) to work on /home/airflow/.local/lib/python3.7/site-packages/airflow/example_dags/example_xcom.py
[2025-01-24T12:04:53.153+0000] {processor.py:756} INFO - Processing file /home/airflow/.local/lib/python3.7/site-packages/airflow/example_dags/example_xcom.py for tasks to queue
[2025-01-24T12:04:53.153+0000] {logging_mixin.py:120} INFO - [2025-01-24T12:04:53.153+0000] {dagbag.py:537} INFO - Filling up the DagBag from /home/airflow/.local/lib/python3.7/site-packages/airflow/example_dags/example_xcom.py
[2025-01-24T12:04:53.184+0000] {processor.py:766} INFO - DAG(s) dict_keys(['example_xcom']) retrieved from /home/airflow/.local/lib/python3.7/site-packages/airflow/example_dags/example_xcom.py
[2025-01-24T12:04:53.238+0000] {logging_mixin.py:120} INFO - [2025-01-24T12:04:53.238+0000] {dag.py:2585} INFO - Sync 1 DAGs
[2025-01-24T12:04:53.275+0000] {logging_mixin.py:120} INFO - [2025-01-24T12:04:53.275+0000] {dag.py:3340} INFO - Setting next_dagrun for example_xcom to 2021-01-01T00:00:00+00:00, run_after=2021-01-01T00:00:00+00:00
[2025-01-24T12:04:53.303+0000] {processor.py:176} INFO - Processing /home/airflow/.local/lib/python3.7/site-packages/airflow/example_dags/example_xcom.py took 0.155 seconds
[2025-01-24T12:05:24.109+0000] {processor.py:154} INFO - Started process (PID=1638) to work on /home/airflow/.local/lib/python3.7/site-packages/airflow/example_dags/example_xcom.py
[2025-01-24T12:05:24.111+0000] {processor.py:756} INFO - Processing file /home/airflow/.local/lib/python3.7/site-packages/airflow/example_dags/example_xcom.py for tasks to queue
[2025-01-24T12:05:24.112+0000] {logging_mixin.py:120} INFO - [2025-01-24T12:05:24.111+0000] {dagbag.py:537} INFO - Filling up the DagBag from /home/airflow/.local/lib/python3.7/site-packages/airflow/example_dags/example_xcom.py
[2025-01-24T12:05:24.152+0000] {processor.py:766} INFO - DAG(s) dict_keys(['example_xcom']) retrieved from /home/airflow/.local/lib/python3.7/site-packages/airflow/example_dags/example_xcom.py
[2025-01-24T12:05:24.231+0000] {logging_mixin.py:120} INFO - [2025-01-24T12:05:24.230+0000] {dag.py:2585} INFO - Sync 1 DAGs
[2025-01-24T12:05:24.278+0000] {logging_mixin.py:120} INFO - [2025-01-24T12:05:24.278+0000] {dag.py:3340} INFO - Setting next_dagrun for example_xcom to 2021-01-01T00:00:00+00:00, run_after=2021-01-01T00:00:00+00:00
[2025-01-24T12:05:24.314+0000] {processor.py:176} INFO - Processing /home/airflow/.local/lib/python3.7/site-packages/airflow/example_dags/example_xcom.py took 0.211 seconds
[2025-01-24T12:05:54.466+0000] {processor.py:154} INFO - Started process (PID=1702) to work on /home/airflow/.local/lib/python3.7/site-packages/airflow/example_dags/example_xcom.py
[2025-01-24T12:05:54.467+0000] {processor.py:756} INFO - Processing file /home/airflow/.local/lib/python3.7/site-packages/airflow/example_dags/example_xcom.py for tasks to queue
[2025-01-24T12:05:54.468+0000] {logging_mixin.py:120} INFO - [2025-01-24T12:05:54.468+0000] {dagbag.py:537} INFO - Filling up the DagBag from /home/airflow/.local/lib/python3.7/site-packages/airflow/example_dags/example_xcom.py
[2025-01-24T12:05:54.500+0000] {processor.py:766} INFO - DAG(s) dict_keys(['example_xcom']) retrieved from /home/airflow/.local/lib/python3.7/site-packages/airflow/example_dags/example_xcom.py
[2025-01-24T12:05:54.564+0000] {logging_mixin.py:120} INFO - [2025-01-24T12:05:54.564+0000] {dag.py:2585} INFO - Sync 1 DAGs
[2025-01-24T12:05:54.605+0000] {logging_mixin.py:120} INFO - [2025-01-24T12:05:54.605+0000] {dag.py:3340} INFO - Setting next_dagrun for example_xcom to 2021-01-01T00:00:00+00:00, run_after=2021-01-01T00:00:00+00:00
[2025-01-24T12:05:54.651+0000] {processor.py:176} INFO - Processing /home/airflow/.local/lib/python3.7/site-packages/airflow/example_dags/example_xcom.py took 0.190 seconds
[2025-01-24T12:06:25.912+0000] {processor.py:154} INFO - Started process (PID=1757) to work on /home/airflow/.local/lib/python3.7/site-packages/airflow/example_dags/example_xcom.py
[2025-01-24T12:06:25.915+0000] {processor.py:756} INFO - Processing file /home/airflow/.local/lib/python3.7/site-packages/airflow/example_dags/example_xcom.py for tasks to queue
[2025-01-24T12:06:25.918+0000] {logging_mixin.py:120} INFO - [2025-01-24T12:06:25.917+0000] {dagbag.py:537} INFO - Filling up the DagBag from /home/airflow/.local/lib/python3.7/site-packages/airflow/example_dags/example_xcom.py
[2025-01-24T12:06:25.999+0000] {processor.py:766} INFO - DAG(s) dict_keys(['example_xcom']) retrieved from /home/airflow/.local/lib/python3.7/site-packages/airflow/example_dags/example_xcom.py
[2025-01-24T12:06:26.137+0000] {logging_mixin.py:120} INFO - [2025-01-24T12:06:26.136+0000] {dag.py:2585} INFO - Sync 1 DAGs
[2025-01-24T12:06:26.241+0000] {logging_mixin.py:120} INFO - [2025-01-24T12:06:26.240+0000] {dag.py:3340} INFO - Setting next_dagrun for example_xcom to 2021-01-01T00:00:00+00:00, run_after=2021-01-01T00:00:00+00:00
[2025-01-24T12:06:26.341+0000] {processor.py:176} INFO - Processing /home/airflow/.local/lib/python3.7/site-packages/airflow/example_dags/example_xcom.py took 0.440 seconds
