[2025-01-24T17:06:16.378+0000] {processor.py:154} INFO - Started process (PID=77) to work on /home/airflow/.local/lib/python3.7/site-packages/airflow/example_dags/example_datasets.py
[2025-01-24T17:06:16.379+0000] {processor.py:756} INFO - Processing file /home/airflow/.local/lib/python3.7/site-packages/airflow/example_dags/example_datasets.py for tasks to queue
[2025-01-24T17:06:16.380+0000] {logging_mixin.py:120} INFO - [2025-01-24T17:06:16.380+0000] {dagbag.py:537} INFO - Filling up the DagBag from /home/airflow/.local/lib/python3.7/site-packages/airflow/example_dags/example_datasets.py
[2025-01-24T17:06:16.410+0000] {processor.py:766} INFO - DAG(s) dict_keys(['dataset_consumes_1_and_2', 'dataset_consumes_unknown_never_scheduled', 'dataset_consumes_1', 'dataset_produces_1', 'dataset_consumes_1_never_scheduled', 'dataset_produces_2']) retrieved from /home/airflow/.local/lib/python3.7/site-packages/airflow/example_dags/example_datasets.py
[2025-01-24T17:06:16.634+0000] {logging_mixin.py:120} INFO - [2025-01-24T17:06:16.634+0000] {dag.py:2585} INFO - Sync 6 DAGs
[2025-01-24T17:06:16.671+0000] {logging_mixin.py:120} INFO - [2025-01-24T17:06:16.671+0000] {dag.py:3340} INFO - Setting next_dagrun for dataset_consumes_1 to None, run_after=None
[2025-01-24T17:06:16.676+0000] {logging_mixin.py:120} INFO - [2025-01-24T17:06:16.676+0000] {dag.py:3340} INFO - Setting next_dagrun for dataset_consumes_1_and_2 to None, run_after=None
[2025-01-24T17:06:16.679+0000] {logging_mixin.py:120} INFO - [2025-01-24T17:06:16.678+0000] {dag.py:3340} INFO - Setting next_dagrun for dataset_consumes_1_never_scheduled to None, run_after=None
[2025-01-24T17:06:16.681+0000] {logging_mixin.py:120} INFO - [2025-01-24T17:06:16.681+0000] {dag.py:3340} INFO - Setting next_dagrun for dataset_consumes_unknown_never_scheduled to None, run_after=None
[2025-01-24T17:06:16.686+0000] {logging_mixin.py:120} INFO - [2025-01-24T17:06:16.685+0000] {dag.py:3340} INFO - Setting next_dagrun for dataset_produces_1 to 2025-01-23T00:00:00+00:00, run_after=2025-01-24T00:00:00+00:00
[2025-01-24T17:06:16.688+0000] {logging_mixin.py:120} INFO - [2025-01-24T17:06:16.687+0000] {dag.py:3340} INFO - Setting next_dagrun for dataset_produces_2 to None, run_after=None
[2025-01-24T17:06:16.747+0000] {processor.py:176} INFO - Processing /home/airflow/.local/lib/python3.7/site-packages/airflow/example_dags/example_datasets.py took 0.372 seconds
[2025-01-24T11:52:09.500+0000] {processor.py:154} INFO - Started process (PID=77) to work on /home/airflow/.local/lib/python3.7/site-packages/airflow/example_dags/example_datasets.py
[2025-01-24T11:52:09.501+0000] {processor.py:756} INFO - Processing file /home/airflow/.local/lib/python3.7/site-packages/airflow/example_dags/example_datasets.py for tasks to queue
[2025-01-24T11:52:09.502+0000] {logging_mixin.py:120} INFO - [2025-01-24T11:52:09.501+0000] {dagbag.py:537} INFO - Filling up the DagBag from /home/airflow/.local/lib/python3.7/site-packages/airflow/example_dags/example_datasets.py
[2025-01-24T11:52:09.528+0000] {processor.py:766} INFO - DAG(s) dict_keys(['dataset_consumes_1', 'dataset_consumes_1_never_scheduled', 'dataset_consumes_1_and_2', 'dataset_produces_1', 'dataset_consumes_unknown_never_scheduled', 'dataset_produces_2']) retrieved from /home/airflow/.local/lib/python3.7/site-packages/airflow/example_dags/example_datasets.py
[2025-01-24T11:52:09.739+0000] {logging_mixin.py:120} INFO - [2025-01-24T11:52:09.739+0000] {dag.py:2585} INFO - Sync 6 DAGs
[2025-01-24T11:52:09.798+0000] {logging_mixin.py:120} INFO - [2025-01-24T11:52:09.798+0000] {dag.py:3340} INFO - Setting next_dagrun for dataset_consumes_1 to None, run_after=None
[2025-01-24T11:52:09.806+0000] {logging_mixin.py:120} INFO - [2025-01-24T11:52:09.805+0000] {dag.py:3340} INFO - Setting next_dagrun for dataset_consumes_1_and_2 to None, run_after=None
[2025-01-24T11:52:09.809+0000] {logging_mixin.py:120} INFO - [2025-01-24T11:52:09.808+0000] {dag.py:3340} INFO - Setting next_dagrun for dataset_consumes_1_never_scheduled to None, run_after=None
[2025-01-24T11:52:09.812+0000] {logging_mixin.py:120} INFO - [2025-01-24T11:52:09.812+0000] {dag.py:3340} INFO - Setting next_dagrun for dataset_consumes_unknown_never_scheduled to None, run_after=None
[2025-01-24T11:52:09.819+0000] {logging_mixin.py:120} INFO - [2025-01-24T11:52:09.819+0000] {dag.py:3340} INFO - Setting next_dagrun for dataset_produces_1 to 2025-01-23T00:00:00+00:00, run_after=2025-01-24T00:00:00+00:00
[2025-01-24T11:52:09.822+0000] {logging_mixin.py:120} INFO - [2025-01-24T11:52:09.821+0000] {dag.py:3340} INFO - Setting next_dagrun for dataset_produces_2 to None, run_after=None
[2025-01-24T11:52:09.894+0000] {processor.py:176} INFO - Processing /home/airflow/.local/lib/python3.7/site-packages/airflow/example_dags/example_datasets.py took 0.400 seconds
[2025-01-24T11:52:40.780+0000] {processor.py:154} INFO - Started process (PID=141) to work on /home/airflow/.local/lib/python3.7/site-packages/airflow/example_dags/example_datasets.py
[2025-01-24T11:52:40.781+0000] {processor.py:756} INFO - Processing file /home/airflow/.local/lib/python3.7/site-packages/airflow/example_dags/example_datasets.py for tasks to queue
[2025-01-24T11:52:40.783+0000] {logging_mixin.py:120} INFO - [2025-01-24T11:52:40.782+0000] {dagbag.py:537} INFO - Filling up the DagBag from /home/airflow/.local/lib/python3.7/site-packages/airflow/example_dags/example_datasets.py
[2025-01-24T11:52:40.814+0000] {processor.py:766} INFO - DAG(s) dict_keys(['dataset_consumes_1', 'dataset_produces_1', 'dataset_consumes_unknown_never_scheduled', 'dataset_consumes_1_and_2', 'dataset_consumes_1_never_scheduled', 'dataset_produces_2']) retrieved from /home/airflow/.local/lib/python3.7/site-packages/airflow/example_dags/example_datasets.py
[2025-01-24T11:52:40.926+0000] {logging_mixin.py:120} INFO - [2025-01-24T11:52:40.926+0000] {dag.py:2585} INFO - Sync 6 DAGs
[2025-01-24T11:52:40.979+0000] {logging_mixin.py:120} INFO - [2025-01-24T11:52:40.979+0000] {dag.py:3340} INFO - Setting next_dagrun for dataset_consumes_1 to None, run_after=None
[2025-01-24T11:52:40.986+0000] {logging_mixin.py:120} INFO - [2025-01-24T11:52:40.985+0000] {dag.py:3340} INFO - Setting next_dagrun for dataset_consumes_1_and_2 to None, run_after=None
[2025-01-24T11:52:40.988+0000] {logging_mixin.py:120} INFO - [2025-01-24T11:52:40.988+0000] {dag.py:3340} INFO - Setting next_dagrun for dataset_consumes_1_never_scheduled to None, run_after=None
[2025-01-24T11:52:40.991+0000] {logging_mixin.py:120} INFO - [2025-01-24T11:52:40.991+0000] {dag.py:3340} INFO - Setting next_dagrun for dataset_consumes_unknown_never_scheduled to None, run_after=None
[2025-01-24T11:52:40.999+0000] {logging_mixin.py:120} INFO - [2025-01-24T11:52:40.999+0000] {dag.py:3340} INFO - Setting next_dagrun for dataset_produces_1 to 2025-01-23T00:00:00+00:00, run_after=2025-01-24T00:00:00+00:00
[2025-01-24T11:52:41.002+0000] {logging_mixin.py:120} INFO - [2025-01-24T11:52:41.002+0000] {dag.py:3340} INFO - Setting next_dagrun for dataset_produces_2 to None, run_after=None
[2025-01-24T11:52:41.086+0000] {processor.py:176} INFO - Processing /home/airflow/.local/lib/python3.7/site-packages/airflow/example_dags/example_datasets.py took 0.310 seconds
[2025-01-24T11:53:11.780+0000] {processor.py:154} INFO - Started process (PID=197) to work on /home/airflow/.local/lib/python3.7/site-packages/airflow/example_dags/example_datasets.py
[2025-01-24T11:53:11.781+0000] {processor.py:756} INFO - Processing file /home/airflow/.local/lib/python3.7/site-packages/airflow/example_dags/example_datasets.py for tasks to queue
[2025-01-24T11:53:11.782+0000] {logging_mixin.py:120} INFO - [2025-01-24T11:53:11.782+0000] {dagbag.py:537} INFO - Filling up the DagBag from /home/airflow/.local/lib/python3.7/site-packages/airflow/example_dags/example_datasets.py
[2025-01-24T11:53:11.805+0000] {processor.py:766} INFO - DAG(s) dict_keys(['dataset_consumes_1_and_2', 'dataset_consumes_unknown_never_scheduled', 'dataset_consumes_1', 'dataset_produces_1', 'dataset_consumes_1_never_scheduled', 'dataset_produces_2']) retrieved from /home/airflow/.local/lib/python3.7/site-packages/airflow/example_dags/example_datasets.py
[2025-01-24T11:53:11.893+0000] {logging_mixin.py:120} INFO - [2025-01-24T11:53:11.893+0000] {dag.py:2585} INFO - Sync 6 DAGs
[2025-01-24T11:53:11.931+0000] {logging_mixin.py:120} INFO - [2025-01-24T11:53:11.931+0000] {dag.py:3340} INFO - Setting next_dagrun for dataset_consumes_1 to None, run_after=None
[2025-01-24T11:53:11.937+0000] {logging_mixin.py:120} INFO - [2025-01-24T11:53:11.937+0000] {dag.py:3340} INFO - Setting next_dagrun for dataset_consumes_1_and_2 to None, run_after=None
[2025-01-24T11:53:11.939+0000] {logging_mixin.py:120} INFO - [2025-01-24T11:53:11.939+0000] {dag.py:3340} INFO - Setting next_dagrun for dataset_consumes_1_never_scheduled to None, run_after=None
[2025-01-24T11:53:11.941+0000] {logging_mixin.py:120} INFO - [2025-01-24T11:53:11.941+0000] {dag.py:3340} INFO - Setting next_dagrun for dataset_consumes_unknown_never_scheduled to None, run_after=None
[2025-01-24T11:53:11.946+0000] {logging_mixin.py:120} INFO - [2025-01-24T11:53:11.946+0000] {dag.py:3340} INFO - Setting next_dagrun for dataset_produces_1 to 2025-01-23T00:00:00+00:00, run_after=2025-01-24T00:00:00+00:00
[2025-01-24T11:53:11.948+0000] {logging_mixin.py:120} INFO - [2025-01-24T11:53:11.948+0000] {dag.py:3340} INFO - Setting next_dagrun for dataset_produces_2 to None, run_after=None
[2025-01-24T11:53:12.007+0000] {processor.py:176} INFO - Processing /home/airflow/.local/lib/python3.7/site-packages/airflow/example_dags/example_datasets.py took 0.230 seconds
[2025-01-24T11:53:42.328+0000] {processor.py:154} INFO - Started process (PID=261) to work on /home/airflow/.local/lib/python3.7/site-packages/airflow/example_dags/example_datasets.py
[2025-01-24T11:53:42.329+0000] {processor.py:756} INFO - Processing file /home/airflow/.local/lib/python3.7/site-packages/airflow/example_dags/example_datasets.py for tasks to queue
[2025-01-24T11:53:42.330+0000] {logging_mixin.py:120} INFO - [2025-01-24T11:53:42.329+0000] {dagbag.py:537} INFO - Filling up the DagBag from /home/airflow/.local/lib/python3.7/site-packages/airflow/example_dags/example_datasets.py
[2025-01-24T11:53:42.352+0000] {processor.py:766} INFO - DAG(s) dict_keys(['dataset_consumes_1', 'dataset_produces_1', 'dataset_consumes_1_never_scheduled', 'dataset_produces_2', 'dataset_consumes_unknown_never_scheduled', 'dataset_consumes_1_and_2']) retrieved from /home/airflow/.local/lib/python3.7/site-packages/airflow/example_dags/example_datasets.py
[2025-01-24T11:53:42.431+0000] {logging_mixin.py:120} INFO - [2025-01-24T11:53:42.431+0000] {dag.py:2585} INFO - Sync 6 DAGs
[2025-01-24T11:53:42.463+0000] {logging_mixin.py:120} INFO - [2025-01-24T11:53:42.463+0000] {dag.py:3340} INFO - Setting next_dagrun for dataset_consumes_1 to None, run_after=None
[2025-01-24T11:53:42.468+0000] {logging_mixin.py:120} INFO - [2025-01-24T11:53:42.468+0000] {dag.py:3340} INFO - Setting next_dagrun for dataset_consumes_1_and_2 to None, run_after=None
[2025-01-24T11:53:42.470+0000] {logging_mixin.py:120} INFO - [2025-01-24T11:53:42.470+0000] {dag.py:3340} INFO - Setting next_dagrun for dataset_consumes_1_never_scheduled to None, run_after=None
[2025-01-24T11:53:42.472+0000] {logging_mixin.py:120} INFO - [2025-01-24T11:53:42.472+0000] {dag.py:3340} INFO - Setting next_dagrun for dataset_consumes_unknown_never_scheduled to None, run_after=None
[2025-01-24T11:53:42.476+0000] {logging_mixin.py:120} INFO - [2025-01-24T11:53:42.476+0000] {dag.py:3340} INFO - Setting next_dagrun for dataset_produces_1 to 2025-01-23T00:00:00+00:00, run_after=2025-01-24T00:00:00+00:00
[2025-01-24T11:53:42.478+0000] {logging_mixin.py:120} INFO - [2025-01-24T11:53:42.478+0000] {dag.py:3340} INFO - Setting next_dagrun for dataset_produces_2 to None, run_after=None
[2025-01-24T11:53:42.546+0000] {processor.py:176} INFO - Processing /home/airflow/.local/lib/python3.7/site-packages/airflow/example_dags/example_datasets.py took 0.223 seconds
[2025-01-24T11:54:12.974+0000] {processor.py:154} INFO - Started process (PID=316) to work on /home/airflow/.local/lib/python3.7/site-packages/airflow/example_dags/example_datasets.py
[2025-01-24T11:54:12.976+0000] {processor.py:756} INFO - Processing file /home/airflow/.local/lib/python3.7/site-packages/airflow/example_dags/example_datasets.py for tasks to queue
[2025-01-24T11:54:12.977+0000] {logging_mixin.py:120} INFO - [2025-01-24T11:54:12.976+0000] {dagbag.py:537} INFO - Filling up the DagBag from /home/airflow/.local/lib/python3.7/site-packages/airflow/example_dags/example_datasets.py
[2025-01-24T11:54:13.004+0000] {processor.py:766} INFO - DAG(s) dict_keys(['dataset_consumes_1_never_scheduled', 'dataset_produces_2', 'dataset_produces_1', 'dataset_consumes_unknown_never_scheduled', 'dataset_consumes_1', 'dataset_consumes_1_and_2']) retrieved from /home/airflow/.local/lib/python3.7/site-packages/airflow/example_dags/example_datasets.py
[2025-01-24T11:54:13.088+0000] {logging_mixin.py:120} INFO - [2025-01-24T11:54:13.088+0000] {dag.py:2585} INFO - Sync 6 DAGs
[2025-01-24T11:54:13.124+0000] {logging_mixin.py:120} INFO - [2025-01-24T11:54:13.124+0000] {dag.py:3340} INFO - Setting next_dagrun for dataset_consumes_1 to None, run_after=None
[2025-01-24T11:54:13.129+0000] {logging_mixin.py:120} INFO - [2025-01-24T11:54:13.128+0000] {dag.py:3340} INFO - Setting next_dagrun for dataset_consumes_1_and_2 to None, run_after=None
[2025-01-24T11:54:13.130+0000] {logging_mixin.py:120} INFO - [2025-01-24T11:54:13.130+0000] {dag.py:3340} INFO - Setting next_dagrun for dataset_consumes_1_never_scheduled to None, run_after=None
[2025-01-24T11:54:13.132+0000] {logging_mixin.py:120} INFO - [2025-01-24T11:54:13.132+0000] {dag.py:3340} INFO - Setting next_dagrun for dataset_consumes_unknown_never_scheduled to None, run_after=None
[2025-01-24T11:54:13.136+0000] {logging_mixin.py:120} INFO - [2025-01-24T11:54:13.136+0000] {dag.py:3340} INFO - Setting next_dagrun for dataset_produces_1 to 2025-01-23T00:00:00+00:00, run_after=2025-01-24T00:00:00+00:00
[2025-01-24T11:54:13.138+0000] {logging_mixin.py:120} INFO - [2025-01-24T11:54:13.138+0000] {dag.py:3340} INFO - Setting next_dagrun for dataset_produces_2 to None, run_after=None
[2025-01-24T11:54:13.198+0000] {processor.py:176} INFO - Processing /home/airflow/.local/lib/python3.7/site-packages/airflow/example_dags/example_datasets.py took 0.230 seconds
[2025-01-24T11:54:44.000+0000] {processor.py:154} INFO - Started process (PID=380) to work on /home/airflow/.local/lib/python3.7/site-packages/airflow/example_dags/example_datasets.py
[2025-01-24T11:54:44.002+0000] {processor.py:756} INFO - Processing file /home/airflow/.local/lib/python3.7/site-packages/airflow/example_dags/example_datasets.py for tasks to queue
[2025-01-24T11:54:44.003+0000] {logging_mixin.py:120} INFO - [2025-01-24T11:54:44.003+0000] {dagbag.py:537} INFO - Filling up the DagBag from /home/airflow/.local/lib/python3.7/site-packages/airflow/example_dags/example_datasets.py
[2025-01-24T11:54:44.034+0000] {processor.py:766} INFO - DAG(s) dict_keys(['dataset_consumes_1_never_scheduled', 'dataset_produces_2', 'dataset_produces_1', 'dataset_consumes_unknown_never_scheduled', 'dataset_consumes_1', 'dataset_consumes_1_and_2']) retrieved from /home/airflow/.local/lib/python3.7/site-packages/airflow/example_dags/example_datasets.py
[2025-01-24T11:54:44.140+0000] {logging_mixin.py:120} INFO - [2025-01-24T11:54:44.140+0000] {dag.py:2585} INFO - Sync 6 DAGs
[2025-01-24T11:54:44.187+0000] {logging_mixin.py:120} INFO - [2025-01-24T11:54:44.187+0000] {dag.py:3340} INFO - Setting next_dagrun for dataset_consumes_1 to None, run_after=None
[2025-01-24T11:54:44.197+0000] {logging_mixin.py:120} INFO - [2025-01-24T11:54:44.196+0000] {dag.py:3340} INFO - Setting next_dagrun for dataset_consumes_1_and_2 to None, run_after=None
[2025-01-24T11:54:44.200+0000] {logging_mixin.py:120} INFO - [2025-01-24T11:54:44.199+0000] {dag.py:3340} INFO - Setting next_dagrun for dataset_consumes_1_never_scheduled to None, run_after=None
[2025-01-24T11:54:44.202+0000] {logging_mixin.py:120} INFO - [2025-01-24T11:54:44.202+0000] {dag.py:3340} INFO - Setting next_dagrun for dataset_consumes_unknown_never_scheduled to None, run_after=None
[2025-01-24T11:54:44.210+0000] {logging_mixin.py:120} INFO - [2025-01-24T11:54:44.209+0000] {dag.py:3340} INFO - Setting next_dagrun for dataset_produces_1 to 2025-01-23T00:00:00+00:00, run_after=2025-01-24T00:00:00+00:00
[2025-01-24T11:54:44.212+0000] {logging_mixin.py:120} INFO - [2025-01-24T11:54:44.212+0000] {dag.py:3340} INFO - Setting next_dagrun for dataset_produces_2 to None, run_after=None
[2025-01-24T11:54:44.275+0000] {processor.py:176} INFO - Processing /home/airflow/.local/lib/python3.7/site-packages/airflow/example_dags/example_datasets.py took 0.280 seconds
[2025-01-24T11:55:14.412+0000] {processor.py:154} INFO - Started process (PID=442) to work on /home/airflow/.local/lib/python3.7/site-packages/airflow/example_dags/example_datasets.py
[2025-01-24T11:55:14.414+0000] {processor.py:756} INFO - Processing file /home/airflow/.local/lib/python3.7/site-packages/airflow/example_dags/example_datasets.py for tasks to queue
[2025-01-24T11:55:14.414+0000] {logging_mixin.py:120} INFO - [2025-01-24T11:55:14.414+0000] {dagbag.py:537} INFO - Filling up the DagBag from /home/airflow/.local/lib/python3.7/site-packages/airflow/example_dags/example_datasets.py
[2025-01-24T11:55:14.440+0000] {processor.py:766} INFO - DAG(s) dict_keys(['dataset_produces_2', 'dataset_consumes_1_never_scheduled', 'dataset_consumes_unknown_never_scheduled', 'dataset_produces_1', 'dataset_consumes_1', 'dataset_consumes_1_and_2']) retrieved from /home/airflow/.local/lib/python3.7/site-packages/airflow/example_dags/example_datasets.py
[2025-01-24T11:55:14.531+0000] {logging_mixin.py:120} INFO - [2025-01-24T11:55:14.531+0000] {dag.py:2585} INFO - Sync 6 DAGs
[2025-01-24T11:55:14.576+0000] {logging_mixin.py:120} INFO - [2025-01-24T11:55:14.576+0000] {dag.py:3340} INFO - Setting next_dagrun for dataset_consumes_1 to None, run_after=None
[2025-01-24T11:55:14.581+0000] {logging_mixin.py:120} INFO - [2025-01-24T11:55:14.581+0000] {dag.py:3340} INFO - Setting next_dagrun for dataset_consumes_1_and_2 to None, run_after=None
[2025-01-24T11:55:14.583+0000] {logging_mixin.py:120} INFO - [2025-01-24T11:55:14.583+0000] {dag.py:3340} INFO - Setting next_dagrun for dataset_consumes_1_never_scheduled to None, run_after=None
[2025-01-24T11:55:14.585+0000] {logging_mixin.py:120} INFO - [2025-01-24T11:55:14.585+0000] {dag.py:3340} INFO - Setting next_dagrun for dataset_consumes_unknown_never_scheduled to None, run_after=None
[2025-01-24T11:55:14.589+0000] {logging_mixin.py:120} INFO - [2025-01-24T11:55:14.588+0000] {dag.py:3340} INFO - Setting next_dagrun for dataset_produces_1 to 2025-01-23T00:00:00+00:00, run_after=2025-01-24T00:00:00+00:00
[2025-01-24T11:55:14.591+0000] {logging_mixin.py:120} INFO - [2025-01-24T11:55:14.590+0000] {dag.py:3340} INFO - Setting next_dagrun for dataset_produces_2 to None, run_after=None
[2025-01-24T11:55:14.643+0000] {processor.py:176} INFO - Processing /home/airflow/.local/lib/python3.7/site-packages/airflow/example_dags/example_datasets.py took 0.235 seconds
[2025-01-24T11:55:45.096+0000] {processor.py:154} INFO - Started process (PID=499) to work on /home/airflow/.local/lib/python3.7/site-packages/airflow/example_dags/example_datasets.py
[2025-01-24T11:55:45.098+0000] {processor.py:756} INFO - Processing file /home/airflow/.local/lib/python3.7/site-packages/airflow/example_dags/example_datasets.py for tasks to queue
[2025-01-24T11:55:45.099+0000] {logging_mixin.py:120} INFO - [2025-01-24T11:55:45.098+0000] {dagbag.py:537} INFO - Filling up the DagBag from /home/airflow/.local/lib/python3.7/site-packages/airflow/example_dags/example_datasets.py
[2025-01-24T11:55:45.124+0000] {processor.py:766} INFO - DAG(s) dict_keys(['dataset_consumes_1_and_2', 'dataset_produces_2', 'dataset_consumes_1_never_scheduled', 'dataset_consumes_1', 'dataset_consumes_unknown_never_scheduled', 'dataset_produces_1']) retrieved from /home/airflow/.local/lib/python3.7/site-packages/airflow/example_dags/example_datasets.py
[2025-01-24T11:55:45.217+0000] {logging_mixin.py:120} INFO - [2025-01-24T11:55:45.217+0000] {dag.py:2585} INFO - Sync 6 DAGs
[2025-01-24T11:55:45.264+0000] {logging_mixin.py:120} INFO - [2025-01-24T11:55:45.263+0000] {dag.py:3340} INFO - Setting next_dagrun for dataset_consumes_1 to None, run_after=None
[2025-01-24T11:55:45.269+0000] {logging_mixin.py:120} INFO - [2025-01-24T11:55:45.269+0000] {dag.py:3340} INFO - Setting next_dagrun for dataset_consumes_1_and_2 to None, run_after=None
[2025-01-24T11:55:45.271+0000] {logging_mixin.py:120} INFO - [2025-01-24T11:55:45.270+0000] {dag.py:3340} INFO - Setting next_dagrun for dataset_consumes_1_never_scheduled to None, run_after=None
[2025-01-24T11:55:45.272+0000] {logging_mixin.py:120} INFO - [2025-01-24T11:55:45.272+0000] {dag.py:3340} INFO - Setting next_dagrun for dataset_consumes_unknown_never_scheduled to None, run_after=None
[2025-01-24T11:55:45.276+0000] {logging_mixin.py:120} INFO - [2025-01-24T11:55:45.276+0000] {dag.py:3340} INFO - Setting next_dagrun for dataset_produces_1 to 2025-01-23T00:00:00+00:00, run_after=2025-01-24T00:00:00+00:00
[2025-01-24T11:55:45.278+0000] {logging_mixin.py:120} INFO - [2025-01-24T11:55:45.278+0000] {dag.py:3340} INFO - Setting next_dagrun for dataset_produces_2 to None, run_after=None
[2025-01-24T11:55:45.320+0000] {processor.py:176} INFO - Processing /home/airflow/.local/lib/python3.7/site-packages/airflow/example_dags/example_datasets.py took 0.228 seconds
[2025-01-24T11:56:15.727+0000] {processor.py:154} INFO - Started process (PID=564) to work on /home/airflow/.local/lib/python3.7/site-packages/airflow/example_dags/example_datasets.py
[2025-01-24T11:56:15.728+0000] {processor.py:756} INFO - Processing file /home/airflow/.local/lib/python3.7/site-packages/airflow/example_dags/example_datasets.py for tasks to queue
[2025-01-24T11:56:15.729+0000] {logging_mixin.py:120} INFO - [2025-01-24T11:56:15.729+0000] {dagbag.py:537} INFO - Filling up the DagBag from /home/airflow/.local/lib/python3.7/site-packages/airflow/example_dags/example_datasets.py
[2025-01-24T11:56:15.749+0000] {processor.py:766} INFO - DAG(s) dict_keys(['dataset_produces_1', 'dataset_consumes_1', 'dataset_consumes_unknown_never_scheduled', 'dataset_consumes_1_never_scheduled', 'dataset_produces_2', 'dataset_consumes_1_and_2']) retrieved from /home/airflow/.local/lib/python3.7/site-packages/airflow/example_dags/example_datasets.py
[2025-01-24T11:56:15.838+0000] {logging_mixin.py:120} INFO - [2025-01-24T11:56:15.838+0000] {dag.py:2585} INFO - Sync 6 DAGs
[2025-01-24T11:56:15.869+0000] {logging_mixin.py:120} INFO - [2025-01-24T11:56:15.869+0000] {dag.py:3340} INFO - Setting next_dagrun for dataset_consumes_1 to None, run_after=None
[2025-01-24T11:56:15.874+0000] {logging_mixin.py:120} INFO - [2025-01-24T11:56:15.874+0000] {dag.py:3340} INFO - Setting next_dagrun for dataset_consumes_1_and_2 to None, run_after=None
[2025-01-24T11:56:15.875+0000] {logging_mixin.py:120} INFO - [2025-01-24T11:56:15.875+0000] {dag.py:3340} INFO - Setting next_dagrun for dataset_consumes_1_never_scheduled to None, run_after=None
[2025-01-24T11:56:15.877+0000] {logging_mixin.py:120} INFO - [2025-01-24T11:56:15.877+0000] {dag.py:3340} INFO - Setting next_dagrun for dataset_consumes_unknown_never_scheduled to None, run_after=None
[2025-01-24T11:56:15.881+0000] {logging_mixin.py:120} INFO - [2025-01-24T11:56:15.881+0000] {dag.py:3340} INFO - Setting next_dagrun for dataset_produces_1 to 2025-01-23T00:00:00+00:00, run_after=2025-01-24T00:00:00+00:00
[2025-01-24T11:56:15.883+0000] {logging_mixin.py:120} INFO - [2025-01-24T11:56:15.883+0000] {dag.py:3340} INFO - Setting next_dagrun for dataset_produces_2 to None, run_after=None
[2025-01-24T11:56:15.920+0000] {processor.py:176} INFO - Processing /home/airflow/.local/lib/python3.7/site-packages/airflow/example_dags/example_datasets.py took 0.197 seconds
[2025-01-24T11:56:46.460+0000] {processor.py:154} INFO - Started process (PID=619) to work on /home/airflow/.local/lib/python3.7/site-packages/airflow/example_dags/example_datasets.py
[2025-01-24T11:56:46.462+0000] {processor.py:756} INFO - Processing file /home/airflow/.local/lib/python3.7/site-packages/airflow/example_dags/example_datasets.py for tasks to queue
[2025-01-24T11:56:46.463+0000] {logging_mixin.py:120} INFO - [2025-01-24T11:56:46.463+0000] {dagbag.py:537} INFO - Filling up the DagBag from /home/airflow/.local/lib/python3.7/site-packages/airflow/example_dags/example_datasets.py
[2025-01-24T11:56:46.489+0000] {processor.py:766} INFO - DAG(s) dict_keys(['dataset_consumes_1_never_scheduled', 'dataset_consumes_1_and_2', 'dataset_produces_2', 'dataset_consumes_unknown_never_scheduled', 'dataset_consumes_1', 'dataset_produces_1']) retrieved from /home/airflow/.local/lib/python3.7/site-packages/airflow/example_dags/example_datasets.py
[2025-01-24T11:56:46.577+0000] {logging_mixin.py:120} INFO - [2025-01-24T11:56:46.577+0000] {dag.py:2585} INFO - Sync 6 DAGs
[2025-01-24T11:56:46.613+0000] {logging_mixin.py:120} INFO - [2025-01-24T11:56:46.612+0000] {dag.py:3340} INFO - Setting next_dagrun for dataset_consumes_1 to None, run_after=None
[2025-01-24T11:56:46.617+0000] {logging_mixin.py:120} INFO - [2025-01-24T11:56:46.617+0000] {dag.py:3340} INFO - Setting next_dagrun for dataset_consumes_1_and_2 to None, run_after=None
[2025-01-24T11:56:46.619+0000] {logging_mixin.py:120} INFO - [2025-01-24T11:56:46.619+0000] {dag.py:3340} INFO - Setting next_dagrun for dataset_consumes_1_never_scheduled to None, run_after=None
[2025-01-24T11:56:46.620+0000] {logging_mixin.py:120} INFO - [2025-01-24T11:56:46.620+0000] {dag.py:3340} INFO - Setting next_dagrun for dataset_consumes_unknown_never_scheduled to None, run_after=None
[2025-01-24T11:56:46.624+0000] {logging_mixin.py:120} INFO - [2025-01-24T11:56:46.624+0000] {dag.py:3340} INFO - Setting next_dagrun for dataset_produces_1 to 2025-01-23T00:00:00+00:00, run_after=2025-01-24T00:00:00+00:00
[2025-01-24T11:56:46.626+0000] {logging_mixin.py:120} INFO - [2025-01-24T11:56:46.626+0000] {dag.py:3340} INFO - Setting next_dagrun for dataset_produces_2 to None, run_after=None
[2025-01-24T11:56:46.669+0000] {processor.py:176} INFO - Processing /home/airflow/.local/lib/python3.7/site-packages/airflow/example_dags/example_datasets.py took 0.215 seconds
[2025-01-24T11:57:16.818+0000] {processor.py:154} INFO - Started process (PID=683) to work on /home/airflow/.local/lib/python3.7/site-packages/airflow/example_dags/example_datasets.py
[2025-01-24T11:57:16.819+0000] {processor.py:756} INFO - Processing file /home/airflow/.local/lib/python3.7/site-packages/airflow/example_dags/example_datasets.py for tasks to queue
[2025-01-24T11:57:16.820+0000] {logging_mixin.py:120} INFO - [2025-01-24T11:57:16.820+0000] {dagbag.py:537} INFO - Filling up the DagBag from /home/airflow/.local/lib/python3.7/site-packages/airflow/example_dags/example_datasets.py
[2025-01-24T11:57:16.843+0000] {processor.py:766} INFO - DAG(s) dict_keys(['dataset_produces_2', 'dataset_consumes_1_and_2', 'dataset_consumes_1', 'dataset_produces_1', 'dataset_consumes_unknown_never_scheduled', 'dataset_consumes_1_never_scheduled']) retrieved from /home/airflow/.local/lib/python3.7/site-packages/airflow/example_dags/example_datasets.py
[2025-01-24T11:57:16.930+0000] {logging_mixin.py:120} INFO - [2025-01-24T11:57:16.930+0000] {dag.py:2585} INFO - Sync 6 DAGs
[2025-01-24T11:57:16.970+0000] {logging_mixin.py:120} INFO - [2025-01-24T11:57:16.970+0000] {dag.py:3340} INFO - Setting next_dagrun for dataset_consumes_1 to None, run_after=None
[2025-01-24T11:57:16.975+0000] {logging_mixin.py:120} INFO - [2025-01-24T11:57:16.974+0000] {dag.py:3340} INFO - Setting next_dagrun for dataset_consumes_1_and_2 to None, run_after=None
[2025-01-24T11:57:16.976+0000] {logging_mixin.py:120} INFO - [2025-01-24T11:57:16.976+0000] {dag.py:3340} INFO - Setting next_dagrun for dataset_consumes_1_never_scheduled to None, run_after=None
[2025-01-24T11:57:16.978+0000] {logging_mixin.py:120} INFO - [2025-01-24T11:57:16.978+0000] {dag.py:3340} INFO - Setting next_dagrun for dataset_consumes_unknown_never_scheduled to None, run_after=None
[2025-01-24T11:57:16.982+0000] {logging_mixin.py:120} INFO - [2025-01-24T11:57:16.982+0000] {dag.py:3340} INFO - Setting next_dagrun for dataset_produces_1 to 2025-01-23T00:00:00+00:00, run_after=2025-01-24T00:00:00+00:00
[2025-01-24T11:57:16.983+0000] {logging_mixin.py:120} INFO - [2025-01-24T11:57:16.983+0000] {dag.py:3340} INFO - Setting next_dagrun for dataset_produces_2 to None, run_after=None
[2025-01-24T11:57:17.037+0000] {processor.py:176} INFO - Processing /home/airflow/.local/lib/python3.7/site-packages/airflow/example_dags/example_datasets.py took 0.223 seconds
[2025-01-24T11:57:47.349+0000] {processor.py:154} INFO - Started process (PID=745) to work on /home/airflow/.local/lib/python3.7/site-packages/airflow/example_dags/example_datasets.py
[2025-01-24T11:57:47.350+0000] {processor.py:756} INFO - Processing file /home/airflow/.local/lib/python3.7/site-packages/airflow/example_dags/example_datasets.py for tasks to queue
[2025-01-24T11:57:47.351+0000] {logging_mixin.py:120} INFO - [2025-01-24T11:57:47.350+0000] {dagbag.py:537} INFO - Filling up the DagBag from /home/airflow/.local/lib/python3.7/site-packages/airflow/example_dags/example_datasets.py
[2025-01-24T11:57:47.374+0000] {processor.py:766} INFO - DAG(s) dict_keys(['dataset_produces_2', 'dataset_consumes_1', 'dataset_consumes_1_never_scheduled', 'dataset_consumes_1_and_2', 'dataset_produces_1', 'dataset_consumes_unknown_never_scheduled']) retrieved from /home/airflow/.local/lib/python3.7/site-packages/airflow/example_dags/example_datasets.py
[2025-01-24T11:57:47.461+0000] {logging_mixin.py:120} INFO - [2025-01-24T11:57:47.461+0000] {dag.py:2585} INFO - Sync 6 DAGs
[2025-01-24T11:57:47.499+0000] {logging_mixin.py:120} INFO - [2025-01-24T11:57:47.499+0000] {dag.py:3340} INFO - Setting next_dagrun for dataset_consumes_1 to None, run_after=None
[2025-01-24T11:57:47.505+0000] {logging_mixin.py:120} INFO - [2025-01-24T11:57:47.505+0000] {dag.py:3340} INFO - Setting next_dagrun for dataset_consumes_1_and_2 to None, run_after=None
[2025-01-24T11:57:47.507+0000] {logging_mixin.py:120} INFO - [2025-01-24T11:57:47.507+0000] {dag.py:3340} INFO - Setting next_dagrun for dataset_consumes_1_never_scheduled to None, run_after=None
[2025-01-24T11:57:47.509+0000] {logging_mixin.py:120} INFO - [2025-01-24T11:57:47.508+0000] {dag.py:3340} INFO - Setting next_dagrun for dataset_consumes_unknown_never_scheduled to None, run_after=None
[2025-01-24T11:57:47.513+0000] {logging_mixin.py:120} INFO - [2025-01-24T11:57:47.512+0000] {dag.py:3340} INFO - Setting next_dagrun for dataset_produces_1 to 2025-01-23T00:00:00+00:00, run_after=2025-01-24T00:00:00+00:00
[2025-01-24T11:57:47.515+0000] {logging_mixin.py:120} INFO - [2025-01-24T11:57:47.514+0000] {dag.py:3340} INFO - Setting next_dagrun for dataset_produces_2 to None, run_after=None
[2025-01-24T11:57:47.574+0000] {processor.py:176} INFO - Processing /home/airflow/.local/lib/python3.7/site-packages/airflow/example_dags/example_datasets.py took 0.230 seconds
[2025-01-24T11:58:17.746+0000] {processor.py:154} INFO - Started process (PID=803) to work on /home/airflow/.local/lib/python3.7/site-packages/airflow/example_dags/example_datasets.py
[2025-01-24T11:58:17.747+0000] {processor.py:756} INFO - Processing file /home/airflow/.local/lib/python3.7/site-packages/airflow/example_dags/example_datasets.py for tasks to queue
[2025-01-24T11:58:17.748+0000] {logging_mixin.py:120} INFO - [2025-01-24T11:58:17.747+0000] {dagbag.py:537} INFO - Filling up the DagBag from /home/airflow/.local/lib/python3.7/site-packages/airflow/example_dags/example_datasets.py
[2025-01-24T11:58:17.771+0000] {processor.py:766} INFO - DAG(s) dict_keys(['dataset_consumes_1', 'dataset_consumes_1_never_scheduled', 'dataset_consumes_unknown_never_scheduled', 'dataset_produces_2', 'dataset_consumes_1_and_2', 'dataset_produces_1']) retrieved from /home/airflow/.local/lib/python3.7/site-packages/airflow/example_dags/example_datasets.py
[2025-01-24T11:58:17.860+0000] {logging_mixin.py:120} INFO - [2025-01-24T11:58:17.859+0000] {dag.py:2585} INFO - Sync 6 DAGs
[2025-01-24T11:58:17.901+0000] {logging_mixin.py:120} INFO - [2025-01-24T11:58:17.901+0000] {dag.py:3340} INFO - Setting next_dagrun for dataset_consumes_1 to None, run_after=None
[2025-01-24T11:58:17.908+0000] {logging_mixin.py:120} INFO - [2025-01-24T11:58:17.908+0000] {dag.py:3340} INFO - Setting next_dagrun for dataset_consumes_1_and_2 to None, run_after=None
[2025-01-24T11:58:17.910+0000] {logging_mixin.py:120} INFO - [2025-01-24T11:58:17.910+0000] {dag.py:3340} INFO - Setting next_dagrun for dataset_consumes_1_never_scheduled to None, run_after=None
[2025-01-24T11:58:17.913+0000] {logging_mixin.py:120} INFO - [2025-01-24T11:58:17.913+0000] {dag.py:3340} INFO - Setting next_dagrun for dataset_consumes_unknown_never_scheduled to None, run_after=None
[2025-01-24T11:58:17.919+0000] {logging_mixin.py:120} INFO - [2025-01-24T11:58:17.919+0000] {dag.py:3340} INFO - Setting next_dagrun for dataset_produces_1 to 2025-01-23T00:00:00+00:00, run_after=2025-01-24T00:00:00+00:00
[2025-01-24T11:58:17.921+0000] {logging_mixin.py:120} INFO - [2025-01-24T11:58:17.921+0000] {dag.py:3340} INFO - Setting next_dagrun for dataset_produces_2 to None, run_after=None
[2025-01-24T11:58:17.975+0000] {processor.py:176} INFO - Processing /home/airflow/.local/lib/python3.7/site-packages/airflow/example_dags/example_datasets.py took 0.233 seconds
[2025-01-24T11:58:48.515+0000] {processor.py:154} INFO - Started process (PID=867) to work on /home/airflow/.local/lib/python3.7/site-packages/airflow/example_dags/example_datasets.py
[2025-01-24T11:58:48.516+0000] {processor.py:756} INFO - Processing file /home/airflow/.local/lib/python3.7/site-packages/airflow/example_dags/example_datasets.py for tasks to queue
[2025-01-24T11:58:48.517+0000] {logging_mixin.py:120} INFO - [2025-01-24T11:58:48.517+0000] {dagbag.py:537} INFO - Filling up the DagBag from /home/airflow/.local/lib/python3.7/site-packages/airflow/example_dags/example_datasets.py
[2025-01-24T11:58:48.541+0000] {processor.py:766} INFO - DAG(s) dict_keys(['dataset_consumes_1', 'dataset_consumes_1_and_2', 'dataset_produces_2', 'dataset_consumes_unknown_never_scheduled', 'dataset_consumes_1_never_scheduled', 'dataset_produces_1']) retrieved from /home/airflow/.local/lib/python3.7/site-packages/airflow/example_dags/example_datasets.py
[2025-01-24T11:58:48.624+0000] {logging_mixin.py:120} INFO - [2025-01-24T11:58:48.624+0000] {dag.py:2585} INFO - Sync 6 DAGs
[2025-01-24T11:58:48.658+0000] {logging_mixin.py:120} INFO - [2025-01-24T11:58:48.658+0000] {dag.py:3340} INFO - Setting next_dagrun for dataset_consumes_1 to None, run_after=None
[2025-01-24T11:58:48.663+0000] {logging_mixin.py:120} INFO - [2025-01-24T11:58:48.663+0000] {dag.py:3340} INFO - Setting next_dagrun for dataset_consumes_1_and_2 to None, run_after=None
[2025-01-24T11:58:48.665+0000] {logging_mixin.py:120} INFO - [2025-01-24T11:58:48.664+0000] {dag.py:3340} INFO - Setting next_dagrun for dataset_consumes_1_never_scheduled to None, run_after=None
[2025-01-24T11:58:48.666+0000] {logging_mixin.py:120} INFO - [2025-01-24T11:58:48.666+0000] {dag.py:3340} INFO - Setting next_dagrun for dataset_consumes_unknown_never_scheduled to None, run_after=None
[2025-01-24T11:58:48.670+0000] {logging_mixin.py:120} INFO - [2025-01-24T11:58:48.670+0000] {dag.py:3340} INFO - Setting next_dagrun for dataset_produces_1 to 2025-01-23T00:00:00+00:00, run_after=2025-01-24T00:00:00+00:00
[2025-01-24T11:58:48.672+0000] {logging_mixin.py:120} INFO - [2025-01-24T11:58:48.671+0000] {dag.py:3340} INFO - Setting next_dagrun for dataset_produces_2 to None, run_after=None
[2025-01-24T11:58:48.726+0000] {processor.py:176} INFO - Processing /home/airflow/.local/lib/python3.7/site-packages/airflow/example_dags/example_datasets.py took 0.215 seconds
[2025-01-24T11:59:18.804+0000] {processor.py:154} INFO - Started process (PID=922) to work on /home/airflow/.local/lib/python3.7/site-packages/airflow/example_dags/example_datasets.py
[2025-01-24T11:59:18.805+0000] {processor.py:756} INFO - Processing file /home/airflow/.local/lib/python3.7/site-packages/airflow/example_dags/example_datasets.py for tasks to queue
[2025-01-24T11:59:18.806+0000] {logging_mixin.py:120} INFO - [2025-01-24T11:59:18.806+0000] {dagbag.py:537} INFO - Filling up the DagBag from /home/airflow/.local/lib/python3.7/site-packages/airflow/example_dags/example_datasets.py
[2025-01-24T11:59:18.831+0000] {processor.py:766} INFO - DAG(s) dict_keys(['dataset_produces_1', 'dataset_consumes_unknown_never_scheduled', 'dataset_consumes_1_never_scheduled', 'dataset_consumes_1', 'dataset_produces_2', 'dataset_consumes_1_and_2']) retrieved from /home/airflow/.local/lib/python3.7/site-packages/airflow/example_dags/example_datasets.py
[2025-01-24T11:59:18.921+0000] {logging_mixin.py:120} INFO - [2025-01-24T11:59:18.921+0000] {dag.py:2585} INFO - Sync 6 DAGs
[2025-01-24T11:59:18.962+0000] {logging_mixin.py:120} INFO - [2025-01-24T11:59:18.962+0000] {dag.py:3340} INFO - Setting next_dagrun for dataset_consumes_1 to None, run_after=None
[2025-01-24T11:59:18.967+0000] {logging_mixin.py:120} INFO - [2025-01-24T11:59:18.967+0000] {dag.py:3340} INFO - Setting next_dagrun for dataset_consumes_1_and_2 to None, run_after=None
[2025-01-24T11:59:18.970+0000] {logging_mixin.py:120} INFO - [2025-01-24T11:59:18.970+0000] {dag.py:3340} INFO - Setting next_dagrun for dataset_consumes_1_never_scheduled to None, run_after=None
[2025-01-24T11:59:18.972+0000] {logging_mixin.py:120} INFO - [2025-01-24T11:59:18.972+0000] {dag.py:3340} INFO - Setting next_dagrun for dataset_consumes_unknown_never_scheduled to None, run_after=None
[2025-01-24T11:59:18.976+0000] {logging_mixin.py:120} INFO - [2025-01-24T11:59:18.976+0000] {dag.py:3340} INFO - Setting next_dagrun for dataset_produces_1 to 2025-01-23T00:00:00+00:00, run_after=2025-01-24T00:00:00+00:00
[2025-01-24T11:59:18.978+0000] {logging_mixin.py:120} INFO - [2025-01-24T11:59:18.977+0000] {dag.py:3340} INFO - Setting next_dagrun for dataset_produces_2 to None, run_after=None
[2025-01-24T11:59:19.027+0000] {processor.py:176} INFO - Processing /home/airflow/.local/lib/python3.7/site-packages/airflow/example_dags/example_datasets.py took 0.228 seconds
[2025-01-24T11:59:49.095+0000] {processor.py:154} INFO - Started process (PID=986) to work on /home/airflow/.local/lib/python3.7/site-packages/airflow/example_dags/example_datasets.py
[2025-01-24T11:59:49.096+0000] {processor.py:756} INFO - Processing file /home/airflow/.local/lib/python3.7/site-packages/airflow/example_dags/example_datasets.py for tasks to queue
[2025-01-24T11:59:49.097+0000] {logging_mixin.py:120} INFO - [2025-01-24T11:59:49.097+0000] {dagbag.py:537} INFO - Filling up the DagBag from /home/airflow/.local/lib/python3.7/site-packages/airflow/example_dags/example_datasets.py
[2025-01-24T11:59:49.119+0000] {processor.py:766} INFO - DAG(s) dict_keys(['dataset_produces_2', 'dataset_consumes_unknown_never_scheduled', 'dataset_produces_1', 'dataset_consumes_1_and_2', 'dataset_consumes_1', 'dataset_consumes_1_never_scheduled']) retrieved from /home/airflow/.local/lib/python3.7/site-packages/airflow/example_dags/example_datasets.py
[2025-01-24T11:59:49.197+0000] {logging_mixin.py:120} INFO - [2025-01-24T11:59:49.197+0000] {dag.py:2585} INFO - Sync 6 DAGs
[2025-01-24T11:59:49.229+0000] {logging_mixin.py:120} INFO - [2025-01-24T11:59:49.229+0000] {dag.py:3340} INFO - Setting next_dagrun for dataset_consumes_1 to None, run_after=None
[2025-01-24T11:59:49.233+0000] {logging_mixin.py:120} INFO - [2025-01-24T11:59:49.233+0000] {dag.py:3340} INFO - Setting next_dagrun for dataset_consumes_1_and_2 to None, run_after=None
[2025-01-24T11:59:49.235+0000] {logging_mixin.py:120} INFO - [2025-01-24T11:59:49.234+0000] {dag.py:3340} INFO - Setting next_dagrun for dataset_consumes_1_never_scheduled to None, run_after=None
[2025-01-24T11:59:49.236+0000] {logging_mixin.py:120} INFO - [2025-01-24T11:59:49.236+0000] {dag.py:3340} INFO - Setting next_dagrun for dataset_consumes_unknown_never_scheduled to None, run_after=None
[2025-01-24T11:59:49.240+0000] {logging_mixin.py:120} INFO - [2025-01-24T11:59:49.240+0000] {dag.py:3340} INFO - Setting next_dagrun for dataset_produces_1 to 2025-01-23T00:00:00+00:00, run_after=2025-01-24T00:00:00+00:00
[2025-01-24T11:59:49.242+0000] {logging_mixin.py:120} INFO - [2025-01-24T11:59:49.241+0000] {dag.py:3340} INFO - Setting next_dagrun for dataset_produces_2 to None, run_after=None
[2025-01-24T11:59:49.290+0000] {processor.py:176} INFO - Processing /home/airflow/.local/lib/python3.7/site-packages/airflow/example_dags/example_datasets.py took 0.199 seconds
[2025-01-24T12:00:19.663+0000] {processor.py:154} INFO - Started process (PID=1050) to work on /home/airflow/.local/lib/python3.7/site-packages/airflow/example_dags/example_datasets.py
[2025-01-24T12:00:19.664+0000] {processor.py:756} INFO - Processing file /home/airflow/.local/lib/python3.7/site-packages/airflow/example_dags/example_datasets.py for tasks to queue
[2025-01-24T12:00:19.664+0000] {logging_mixin.py:120} INFO - [2025-01-24T12:00:19.664+0000] {dagbag.py:537} INFO - Filling up the DagBag from /home/airflow/.local/lib/python3.7/site-packages/airflow/example_dags/example_datasets.py
[2025-01-24T12:00:19.683+0000] {processor.py:766} INFO - DAG(s) dict_keys(['dataset_consumes_1_and_2', 'dataset_produces_1', 'dataset_consumes_unknown_never_scheduled', 'dataset_consumes_1', 'dataset_consumes_1_never_scheduled', 'dataset_produces_2']) retrieved from /home/airflow/.local/lib/python3.7/site-packages/airflow/example_dags/example_datasets.py
[2025-01-24T12:00:19.752+0000] {logging_mixin.py:120} INFO - [2025-01-24T12:00:19.752+0000] {dag.py:2585} INFO - Sync 6 DAGs
[2025-01-24T12:00:19.785+0000] {logging_mixin.py:120} INFO - [2025-01-24T12:00:19.785+0000] {dag.py:3340} INFO - Setting next_dagrun for dataset_consumes_1 to None, run_after=None
[2025-01-24T12:00:19.789+0000] {logging_mixin.py:120} INFO - [2025-01-24T12:00:19.789+0000] {dag.py:3340} INFO - Setting next_dagrun for dataset_consumes_1_and_2 to None, run_after=None
[2025-01-24T12:00:19.791+0000] {logging_mixin.py:120} INFO - [2025-01-24T12:00:19.790+0000] {dag.py:3340} INFO - Setting next_dagrun for dataset_consumes_1_never_scheduled to None, run_after=None
[2025-01-24T12:00:19.792+0000] {logging_mixin.py:120} INFO - [2025-01-24T12:00:19.792+0000] {dag.py:3340} INFO - Setting next_dagrun for dataset_consumes_unknown_never_scheduled to None, run_after=None
[2025-01-24T12:00:19.796+0000] {logging_mixin.py:120} INFO - [2025-01-24T12:00:19.796+0000] {dag.py:3340} INFO - Setting next_dagrun for dataset_produces_1 to 2025-01-23T00:00:00+00:00, run_after=2025-01-24T00:00:00+00:00
[2025-01-24T12:00:19.798+0000] {logging_mixin.py:120} INFO - [2025-01-24T12:00:19.798+0000] {dag.py:3340} INFO - Setting next_dagrun for dataset_produces_2 to None, run_after=None
[2025-01-24T12:00:19.840+0000] {processor.py:176} INFO - Processing /home/airflow/.local/lib/python3.7/site-packages/airflow/example_dags/example_datasets.py took 0.181 seconds
[2025-01-24T12:00:50.670+0000] {processor.py:154} INFO - Started process (PID=1105) to work on /home/airflow/.local/lib/python3.7/site-packages/airflow/example_dags/example_datasets.py
[2025-01-24T12:00:50.671+0000] {processor.py:756} INFO - Processing file /home/airflow/.local/lib/python3.7/site-packages/airflow/example_dags/example_datasets.py for tasks to queue
[2025-01-24T12:00:50.672+0000] {logging_mixin.py:120} INFO - [2025-01-24T12:00:50.672+0000] {dagbag.py:537} INFO - Filling up the DagBag from /home/airflow/.local/lib/python3.7/site-packages/airflow/example_dags/example_datasets.py
[2025-01-24T12:00:50.699+0000] {processor.py:766} INFO - DAG(s) dict_keys(['dataset_produces_2', 'dataset_produces_1', 'dataset_consumes_1', 'dataset_consumes_unknown_never_scheduled', 'dataset_consumes_1_never_scheduled', 'dataset_consumes_1_and_2']) retrieved from /home/airflow/.local/lib/python3.7/site-packages/airflow/example_dags/example_datasets.py
[2025-01-24T12:00:50.803+0000] {logging_mixin.py:120} INFO - [2025-01-24T12:00:50.803+0000] {dag.py:2585} INFO - Sync 6 DAGs
[2025-01-24T12:00:50.850+0000] {logging_mixin.py:120} INFO - [2025-01-24T12:00:50.849+0000] {dag.py:3340} INFO - Setting next_dagrun for dataset_consumes_1 to None, run_after=None
[2025-01-24T12:00:50.855+0000] {logging_mixin.py:120} INFO - [2025-01-24T12:00:50.855+0000] {dag.py:3340} INFO - Setting next_dagrun for dataset_consumes_1_and_2 to None, run_after=None
[2025-01-24T12:00:50.857+0000] {logging_mixin.py:120} INFO - [2025-01-24T12:00:50.857+0000] {dag.py:3340} INFO - Setting next_dagrun for dataset_consumes_1_never_scheduled to None, run_after=None
[2025-01-24T12:00:50.859+0000] {logging_mixin.py:120} INFO - [2025-01-24T12:00:50.859+0000] {dag.py:3340} INFO - Setting next_dagrun for dataset_consumes_unknown_never_scheduled to None, run_after=None
[2025-01-24T12:00:50.863+0000] {logging_mixin.py:120} INFO - [2025-01-24T12:00:50.863+0000] {dag.py:3340} INFO - Setting next_dagrun for dataset_produces_1 to 2025-01-23T00:00:00+00:00, run_after=2025-01-24T00:00:00+00:00
[2025-01-24T12:00:50.865+0000] {logging_mixin.py:120} INFO - [2025-01-24T12:00:50.865+0000] {dag.py:3340} INFO - Setting next_dagrun for dataset_produces_2 to None, run_after=None
[2025-01-24T12:00:50.919+0000] {processor.py:176} INFO - Processing /home/airflow/.local/lib/python3.7/site-packages/airflow/example_dags/example_datasets.py took 0.253 seconds
[2025-01-24T12:01:20.969+0000] {processor.py:154} INFO - Started process (PID=1170) to work on /home/airflow/.local/lib/python3.7/site-packages/airflow/example_dags/example_datasets.py
[2025-01-24T12:01:20.970+0000] {processor.py:756} INFO - Processing file /home/airflow/.local/lib/python3.7/site-packages/airflow/example_dags/example_datasets.py for tasks to queue
[2025-01-24T12:01:20.972+0000] {logging_mixin.py:120} INFO - [2025-01-24T12:01:20.971+0000] {dagbag.py:537} INFO - Filling up the DagBag from /home/airflow/.local/lib/python3.7/site-packages/airflow/example_dags/example_datasets.py
[2025-01-24T12:01:20.997+0000] {processor.py:766} INFO - DAG(s) dict_keys(['dataset_consumes_unknown_never_scheduled', 'dataset_consumes_1', 'dataset_produces_2', 'dataset_consumes_1_and_2', 'dataset_produces_1', 'dataset_consumes_1_never_scheduled']) retrieved from /home/airflow/.local/lib/python3.7/site-packages/airflow/example_dags/example_datasets.py
[2025-01-24T12:01:21.093+0000] {logging_mixin.py:120} INFO - [2025-01-24T12:01:21.093+0000] {dag.py:2585} INFO - Sync 6 DAGs
[2025-01-24T12:01:21.132+0000] {logging_mixin.py:120} INFO - [2025-01-24T12:01:21.132+0000] {dag.py:3340} INFO - Setting next_dagrun for dataset_consumes_1 to None, run_after=None
[2025-01-24T12:01:21.137+0000] {logging_mixin.py:120} INFO - [2025-01-24T12:01:21.137+0000] {dag.py:3340} INFO - Setting next_dagrun for dataset_consumes_1_and_2 to None, run_after=None
[2025-01-24T12:01:21.139+0000] {logging_mixin.py:120} INFO - [2025-01-24T12:01:21.139+0000] {dag.py:3340} INFO - Setting next_dagrun for dataset_consumes_1_never_scheduled to None, run_after=None
[2025-01-24T12:01:21.141+0000] {logging_mixin.py:120} INFO - [2025-01-24T12:01:21.140+0000] {dag.py:3340} INFO - Setting next_dagrun for dataset_consumes_unknown_never_scheduled to None, run_after=None
[2025-01-24T12:01:21.144+0000] {logging_mixin.py:120} INFO - [2025-01-24T12:01:21.144+0000] {dag.py:3340} INFO - Setting next_dagrun for dataset_produces_1 to 2025-01-23T00:00:00+00:00, run_after=2025-01-24T00:00:00+00:00
[2025-01-24T12:01:21.146+0000] {logging_mixin.py:120} INFO - [2025-01-24T12:01:21.146+0000] {dag.py:3340} INFO - Setting next_dagrun for dataset_produces_2 to None, run_after=None
[2025-01-24T12:01:21.193+0000] {processor.py:176} INFO - Processing /home/airflow/.local/lib/python3.7/site-packages/airflow/example_dags/example_datasets.py took 0.229 seconds
[2025-01-24T12:01:51.974+0000] {processor.py:154} INFO - Started process (PID=1233) to work on /home/airflow/.local/lib/python3.7/site-packages/airflow/example_dags/example_datasets.py
[2025-01-24T12:01:51.975+0000] {processor.py:756} INFO - Processing file /home/airflow/.local/lib/python3.7/site-packages/airflow/example_dags/example_datasets.py for tasks to queue
[2025-01-24T12:01:51.976+0000] {logging_mixin.py:120} INFO - [2025-01-24T12:01:51.976+0000] {dagbag.py:537} INFO - Filling up the DagBag from /home/airflow/.local/lib/python3.7/site-packages/airflow/example_dags/example_datasets.py
[2025-01-24T12:01:52.001+0000] {processor.py:766} INFO - DAG(s) dict_keys(['dataset_produces_2', 'dataset_consumes_1_never_scheduled', 'dataset_produces_1', 'dataset_consumes_1_and_2', 'dataset_consumes_1', 'dataset_consumes_unknown_never_scheduled']) retrieved from /home/airflow/.local/lib/python3.7/site-packages/airflow/example_dags/example_datasets.py
[2025-01-24T12:01:52.091+0000] {logging_mixin.py:120} INFO - [2025-01-24T12:01:52.091+0000] {dag.py:2585} INFO - Sync 6 DAGs
[2025-01-24T12:01:52.130+0000] {logging_mixin.py:120} INFO - [2025-01-24T12:01:52.130+0000] {dag.py:3340} INFO - Setting next_dagrun for dataset_consumes_1 to None, run_after=None
[2025-01-24T12:01:52.135+0000] {logging_mixin.py:120} INFO - [2025-01-24T12:01:52.135+0000] {dag.py:3340} INFO - Setting next_dagrun for dataset_consumes_1_and_2 to None, run_after=None
[2025-01-24T12:01:52.137+0000] {logging_mixin.py:120} INFO - [2025-01-24T12:01:52.137+0000] {dag.py:3340} INFO - Setting next_dagrun for dataset_consumes_1_never_scheduled to None, run_after=None
[2025-01-24T12:01:52.140+0000] {logging_mixin.py:120} INFO - [2025-01-24T12:01:52.140+0000] {dag.py:3340} INFO - Setting next_dagrun for dataset_consumes_unknown_never_scheduled to None, run_after=None
[2025-01-24T12:01:52.144+0000] {logging_mixin.py:120} INFO - [2025-01-24T12:01:52.143+0000] {dag.py:3340} INFO - Setting next_dagrun for dataset_produces_1 to 2025-01-23T00:00:00+00:00, run_after=2025-01-24T00:00:00+00:00
[2025-01-24T12:01:52.146+0000] {logging_mixin.py:120} INFO - [2025-01-24T12:01:52.146+0000] {dag.py:3340} INFO - Setting next_dagrun for dataset_produces_2 to None, run_after=None
[2025-01-24T12:01:52.205+0000] {processor.py:176} INFO - Processing /home/airflow/.local/lib/python3.7/site-packages/airflow/example_dags/example_datasets.py took 0.234 seconds
[2025-01-24T12:02:22.718+0000] {processor.py:154} INFO - Started process (PID=1290) to work on /home/airflow/.local/lib/python3.7/site-packages/airflow/example_dags/example_datasets.py
[2025-01-24T12:02:22.719+0000] {processor.py:756} INFO - Processing file /home/airflow/.local/lib/python3.7/site-packages/airflow/example_dags/example_datasets.py for tasks to queue
[2025-01-24T12:02:22.721+0000] {logging_mixin.py:120} INFO - [2025-01-24T12:02:22.720+0000] {dagbag.py:537} INFO - Filling up the DagBag from /home/airflow/.local/lib/python3.7/site-packages/airflow/example_dags/example_datasets.py
[2025-01-24T12:02:22.746+0000] {processor.py:766} INFO - DAG(s) dict_keys(['dataset_consumes_1', 'dataset_consumes_1_and_2', 'dataset_consumes_1_never_scheduled', 'dataset_produces_1', 'dataset_produces_2', 'dataset_consumes_unknown_never_scheduled']) retrieved from /home/airflow/.local/lib/python3.7/site-packages/airflow/example_dags/example_datasets.py
[2025-01-24T12:02:22.837+0000] {logging_mixin.py:120} INFO - [2025-01-24T12:02:22.836+0000] {dag.py:2585} INFO - Sync 6 DAGs
[2025-01-24T12:02:22.884+0000] {logging_mixin.py:120} INFO - [2025-01-24T12:02:22.884+0000] {dag.py:3340} INFO - Setting next_dagrun for dataset_consumes_1 to None, run_after=None
[2025-01-24T12:02:22.890+0000] {logging_mixin.py:120} INFO - [2025-01-24T12:02:22.889+0000] {dag.py:3340} INFO - Setting next_dagrun for dataset_consumes_1_and_2 to None, run_after=None
[2025-01-24T12:02:22.892+0000] {logging_mixin.py:120} INFO - [2025-01-24T12:02:22.892+0000] {dag.py:3340} INFO - Setting next_dagrun for dataset_consumes_1_never_scheduled to None, run_after=None
[2025-01-24T12:02:22.894+0000] {logging_mixin.py:120} INFO - [2025-01-24T12:02:22.894+0000] {dag.py:3340} INFO - Setting next_dagrun for dataset_consumes_unknown_never_scheduled to None, run_after=None
[2025-01-24T12:02:22.899+0000] {logging_mixin.py:120} INFO - [2025-01-24T12:02:22.899+0000] {dag.py:3340} INFO - Setting next_dagrun for dataset_produces_1 to 2025-01-23T00:00:00+00:00, run_after=2025-01-24T00:00:00+00:00
[2025-01-24T12:02:22.902+0000] {logging_mixin.py:120} INFO - [2025-01-24T12:02:22.901+0000] {dag.py:3340} INFO - Setting next_dagrun for dataset_produces_2 to None, run_after=None
[2025-01-24T12:02:22.953+0000] {processor.py:176} INFO - Processing /home/airflow/.local/lib/python3.7/site-packages/airflow/example_dags/example_datasets.py took 0.241 seconds
[2025-01-24T12:02:53.017+0000] {processor.py:154} INFO - Started process (PID=1354) to work on /home/airflow/.local/lib/python3.7/site-packages/airflow/example_dags/example_datasets.py
[2025-01-24T12:02:53.018+0000] {processor.py:756} INFO - Processing file /home/airflow/.local/lib/python3.7/site-packages/airflow/example_dags/example_datasets.py for tasks to queue
[2025-01-24T12:02:53.019+0000] {logging_mixin.py:120} INFO - [2025-01-24T12:02:53.019+0000] {dagbag.py:537} INFO - Filling up the DagBag from /home/airflow/.local/lib/python3.7/site-packages/airflow/example_dags/example_datasets.py
[2025-01-24T12:02:53.045+0000] {processor.py:766} INFO - DAG(s) dict_keys(['dataset_consumes_1_never_scheduled', 'dataset_consumes_1_and_2', 'dataset_consumes_1', 'dataset_consumes_unknown_never_scheduled', 'dataset_produces_2', 'dataset_produces_1']) retrieved from /home/airflow/.local/lib/python3.7/site-packages/airflow/example_dags/example_datasets.py
[2025-01-24T12:02:53.149+0000] {logging_mixin.py:120} INFO - [2025-01-24T12:02:53.149+0000] {dag.py:2585} INFO - Sync 6 DAGs
[2025-01-24T12:02:53.191+0000] {logging_mixin.py:120} INFO - [2025-01-24T12:02:53.191+0000] {dag.py:3340} INFO - Setting next_dagrun for dataset_consumes_1 to None, run_after=None
[2025-01-24T12:02:53.196+0000] {logging_mixin.py:120} INFO - [2025-01-24T12:02:53.196+0000] {dag.py:3340} INFO - Setting next_dagrun for dataset_consumes_1_and_2 to None, run_after=None
[2025-01-24T12:02:53.198+0000] {logging_mixin.py:120} INFO - [2025-01-24T12:02:53.198+0000] {dag.py:3340} INFO - Setting next_dagrun for dataset_consumes_1_never_scheduled to None, run_after=None
[2025-01-24T12:02:53.200+0000] {logging_mixin.py:120} INFO - [2025-01-24T12:02:53.200+0000] {dag.py:3340} INFO - Setting next_dagrun for dataset_consumes_unknown_never_scheduled to None, run_after=None
[2025-01-24T12:02:53.204+0000] {logging_mixin.py:120} INFO - [2025-01-24T12:02:53.204+0000] {dag.py:3340} INFO - Setting next_dagrun for dataset_produces_1 to 2025-01-23T00:00:00+00:00, run_after=2025-01-24T00:00:00+00:00
[2025-01-24T12:02:53.206+0000] {logging_mixin.py:120} INFO - [2025-01-24T12:02:53.206+0000] {dag.py:3340} INFO - Setting next_dagrun for dataset_produces_2 to None, run_after=None
[2025-01-24T12:02:53.255+0000] {processor.py:176} INFO - Processing /home/airflow/.local/lib/python3.7/site-packages/airflow/example_dags/example_datasets.py took 0.242 seconds
[2025-01-24T12:03:23.320+0000] {processor.py:154} INFO - Started process (PID=1409) to work on /home/airflow/.local/lib/python3.7/site-packages/airflow/example_dags/example_datasets.py
[2025-01-24T12:03:23.321+0000] {processor.py:756} INFO - Processing file /home/airflow/.local/lib/python3.7/site-packages/airflow/example_dags/example_datasets.py for tasks to queue
[2025-01-24T12:03:23.322+0000] {logging_mixin.py:120} INFO - [2025-01-24T12:03:23.321+0000] {dagbag.py:537} INFO - Filling up the DagBag from /home/airflow/.local/lib/python3.7/site-packages/airflow/example_dags/example_datasets.py
[2025-01-24T12:03:23.344+0000] {processor.py:766} INFO - DAG(s) dict_keys(['dataset_produces_1', 'dataset_produces_2', 'dataset_consumes_1_never_scheduled', 'dataset_consumes_1', 'dataset_consumes_unknown_never_scheduled', 'dataset_consumes_1_and_2']) retrieved from /home/airflow/.local/lib/python3.7/site-packages/airflow/example_dags/example_datasets.py
[2025-01-24T12:03:23.430+0000] {logging_mixin.py:120} INFO - [2025-01-24T12:03:23.430+0000] {dag.py:2585} INFO - Sync 6 DAGs
[2025-01-24T12:03:23.468+0000] {logging_mixin.py:120} INFO - [2025-01-24T12:03:23.468+0000] {dag.py:3340} INFO - Setting next_dagrun for dataset_consumes_1 to None, run_after=None
[2025-01-24T12:03:23.473+0000] {logging_mixin.py:120} INFO - [2025-01-24T12:03:23.473+0000] {dag.py:3340} INFO - Setting next_dagrun for dataset_consumes_1_and_2 to None, run_after=None
[2025-01-24T12:03:23.475+0000] {logging_mixin.py:120} INFO - [2025-01-24T12:03:23.475+0000] {dag.py:3340} INFO - Setting next_dagrun for dataset_consumes_1_never_scheduled to None, run_after=None
[2025-01-24T12:03:23.477+0000] {logging_mixin.py:120} INFO - [2025-01-24T12:03:23.477+0000] {dag.py:3340} INFO - Setting next_dagrun for dataset_consumes_unknown_never_scheduled to None, run_after=None
[2025-01-24T12:03:23.480+0000] {logging_mixin.py:120} INFO - [2025-01-24T12:03:23.480+0000] {dag.py:3340} INFO - Setting next_dagrun for dataset_produces_1 to 2025-01-23T00:00:00+00:00, run_after=2025-01-24T00:00:00+00:00
[2025-01-24T12:03:23.482+0000] {logging_mixin.py:120} INFO - [2025-01-24T12:03:23.482+0000] {dag.py:3340} INFO - Setting next_dagrun for dataset_produces_2 to None, run_after=None
[2025-01-24T12:03:23.526+0000] {processor.py:176} INFO - Processing /home/airflow/.local/lib/python3.7/site-packages/airflow/example_dags/example_datasets.py took 0.211 seconds
[2025-01-24T12:03:53.785+0000] {processor.py:154} INFO - Started process (PID=1473) to work on /home/airflow/.local/lib/python3.7/site-packages/airflow/example_dags/example_datasets.py
[2025-01-24T12:03:53.786+0000] {processor.py:756} INFO - Processing file /home/airflow/.local/lib/python3.7/site-packages/airflow/example_dags/example_datasets.py for tasks to queue
[2025-01-24T12:03:53.787+0000] {logging_mixin.py:120} INFO - [2025-01-24T12:03:53.787+0000] {dagbag.py:537} INFO - Filling up the DagBag from /home/airflow/.local/lib/python3.7/site-packages/airflow/example_dags/example_datasets.py
[2025-01-24T12:03:53.811+0000] {processor.py:766} INFO - DAG(s) dict_keys(['dataset_consumes_1_and_2', 'dataset_consumes_1', 'dataset_produces_2', 'dataset_produces_1', 'dataset_consumes_1_never_scheduled', 'dataset_consumes_unknown_never_scheduled']) retrieved from /home/airflow/.local/lib/python3.7/site-packages/airflow/example_dags/example_datasets.py
[2025-01-24T12:03:53.900+0000] {logging_mixin.py:120} INFO - [2025-01-24T12:03:53.900+0000] {dag.py:2585} INFO - Sync 6 DAGs
[2025-01-24T12:03:53.943+0000] {logging_mixin.py:120} INFO - [2025-01-24T12:03:53.943+0000] {dag.py:3340} INFO - Setting next_dagrun for dataset_consumes_1 to None, run_after=None
[2025-01-24T12:03:53.949+0000] {logging_mixin.py:120} INFO - [2025-01-24T12:03:53.949+0000] {dag.py:3340} INFO - Setting next_dagrun for dataset_consumes_1_and_2 to None, run_after=None
[2025-01-24T12:03:53.952+0000] {logging_mixin.py:120} INFO - [2025-01-24T12:03:53.952+0000] {dag.py:3340} INFO - Setting next_dagrun for dataset_consumes_1_never_scheduled to None, run_after=None
[2025-01-24T12:03:53.954+0000] {logging_mixin.py:120} INFO - [2025-01-24T12:03:53.954+0000] {dag.py:3340} INFO - Setting next_dagrun for dataset_consumes_unknown_never_scheduled to None, run_after=None
[2025-01-24T12:03:53.960+0000] {logging_mixin.py:120} INFO - [2025-01-24T12:03:53.960+0000] {dag.py:3340} INFO - Setting next_dagrun for dataset_produces_1 to 2025-01-23T00:00:00+00:00, run_after=2025-01-24T00:00:00+00:00
[2025-01-24T12:03:53.963+0000] {logging_mixin.py:120} INFO - [2025-01-24T12:03:53.963+0000] {dag.py:3340} INFO - Setting next_dagrun for dataset_produces_2 to None, run_after=None
[2025-01-24T12:03:54.019+0000] {processor.py:176} INFO - Processing /home/airflow/.local/lib/python3.7/site-packages/airflow/example_dags/example_datasets.py took 0.238 seconds
[2025-01-24T12:04:24.715+0000] {processor.py:154} INFO - Started process (PID=1528) to work on /home/airflow/.local/lib/python3.7/site-packages/airflow/example_dags/example_datasets.py
[2025-01-24T12:04:24.716+0000] {processor.py:756} INFO - Processing file /home/airflow/.local/lib/python3.7/site-packages/airflow/example_dags/example_datasets.py for tasks to queue
[2025-01-24T12:04:24.717+0000] {logging_mixin.py:120} INFO - [2025-01-24T12:04:24.717+0000] {dagbag.py:537} INFO - Filling up the DagBag from /home/airflow/.local/lib/python3.7/site-packages/airflow/example_dags/example_datasets.py
[2025-01-24T12:04:24.740+0000] {processor.py:766} INFO - DAG(s) dict_keys(['dataset_produces_1', 'dataset_consumes_unknown_never_scheduled', 'dataset_consumes_1_never_scheduled', 'dataset_consumes_1_and_2', 'dataset_consumes_1', 'dataset_produces_2']) retrieved from /home/airflow/.local/lib/python3.7/site-packages/airflow/example_dags/example_datasets.py
[2025-01-24T12:04:24.832+0000] {logging_mixin.py:120} INFO - [2025-01-24T12:04:24.832+0000] {dag.py:2585} INFO - Sync 6 DAGs
[2025-01-24T12:04:24.880+0000] {logging_mixin.py:120} INFO - [2025-01-24T12:04:24.879+0000] {dag.py:3340} INFO - Setting next_dagrun for dataset_consumes_1 to None, run_after=None
[2025-01-24T12:04:24.887+0000] {logging_mixin.py:120} INFO - [2025-01-24T12:04:24.887+0000] {dag.py:3340} INFO - Setting next_dagrun for dataset_consumes_1_and_2 to None, run_after=None
[2025-01-24T12:04:24.890+0000] {logging_mixin.py:120} INFO - [2025-01-24T12:04:24.889+0000] {dag.py:3340} INFO - Setting next_dagrun for dataset_consumes_1_never_scheduled to None, run_after=None
[2025-01-24T12:04:24.892+0000] {logging_mixin.py:120} INFO - [2025-01-24T12:04:24.892+0000] {dag.py:3340} INFO - Setting next_dagrun for dataset_consumes_unknown_never_scheduled to None, run_after=None
[2025-01-24T12:04:24.898+0000] {logging_mixin.py:120} INFO - [2025-01-24T12:04:24.898+0000] {dag.py:3340} INFO - Setting next_dagrun for dataset_produces_1 to 2025-01-23T00:00:00+00:00, run_after=2025-01-24T00:00:00+00:00
[2025-01-24T12:04:24.901+0000] {logging_mixin.py:120} INFO - [2025-01-24T12:04:24.901+0000] {dag.py:3340} INFO - Setting next_dagrun for dataset_produces_2 to None, run_after=None
[2025-01-24T12:04:24.954+0000] {processor.py:176} INFO - Processing /home/airflow/.local/lib/python3.7/site-packages/airflow/example_dags/example_datasets.py took 0.243 seconds
[2025-01-24T12:04:55.088+0000] {processor.py:154} INFO - Started process (PID=1592) to work on /home/airflow/.local/lib/python3.7/site-packages/airflow/example_dags/example_datasets.py
[2025-01-24T12:04:55.089+0000] {processor.py:756} INFO - Processing file /home/airflow/.local/lib/python3.7/site-packages/airflow/example_dags/example_datasets.py for tasks to queue
[2025-01-24T12:04:55.089+0000] {logging_mixin.py:120} INFO - [2025-01-24T12:04:55.089+0000] {dagbag.py:537} INFO - Filling up the DagBag from /home/airflow/.local/lib/python3.7/site-packages/airflow/example_dags/example_datasets.py
[2025-01-24T12:04:55.111+0000] {processor.py:766} INFO - DAG(s) dict_keys(['dataset_produces_2', 'dataset_consumes_1_never_scheduled', 'dataset_produces_1', 'dataset_consumes_1', 'dataset_consumes_unknown_never_scheduled', 'dataset_consumes_1_and_2']) retrieved from /home/airflow/.local/lib/python3.7/site-packages/airflow/example_dags/example_datasets.py
[2025-01-24T12:04:55.190+0000] {logging_mixin.py:120} INFO - [2025-01-24T12:04:55.190+0000] {dag.py:2585} INFO - Sync 6 DAGs
[2025-01-24T12:04:55.226+0000] {logging_mixin.py:120} INFO - [2025-01-24T12:04:55.225+0000] {dag.py:3340} INFO - Setting next_dagrun for dataset_consumes_1 to None, run_after=None
[2025-01-24T12:04:55.231+0000] {logging_mixin.py:120} INFO - [2025-01-24T12:04:55.230+0000] {dag.py:3340} INFO - Setting next_dagrun for dataset_consumes_1_and_2 to None, run_after=None
[2025-01-24T12:04:55.232+0000] {logging_mixin.py:120} INFO - [2025-01-24T12:04:55.232+0000] {dag.py:3340} INFO - Setting next_dagrun for dataset_consumes_1_never_scheduled to None, run_after=None
[2025-01-24T12:04:55.234+0000] {logging_mixin.py:120} INFO - [2025-01-24T12:04:55.234+0000] {dag.py:3340} INFO - Setting next_dagrun for dataset_consumes_unknown_never_scheduled to None, run_after=None
[2025-01-24T12:04:55.237+0000] {logging_mixin.py:120} INFO - [2025-01-24T12:04:55.237+0000] {dag.py:3340} INFO - Setting next_dagrun for dataset_produces_1 to 2025-01-23T00:00:00+00:00, run_after=2025-01-24T00:00:00+00:00
[2025-01-24T12:04:55.239+0000] {logging_mixin.py:120} INFO - [2025-01-24T12:04:55.239+0000] {dag.py:3340} INFO - Setting next_dagrun for dataset_produces_2 to None, run_after=None
[2025-01-24T12:04:55.291+0000] {processor.py:176} INFO - Processing /home/airflow/.local/lib/python3.7/site-packages/airflow/example_dags/example_datasets.py took 0.207 seconds
[2025-01-24T12:05:26.100+0000] {processor.py:154} INFO - Started process (PID=1647) to work on /home/airflow/.local/lib/python3.7/site-packages/airflow/example_dags/example_datasets.py
[2025-01-24T12:05:26.102+0000] {processor.py:756} INFO - Processing file /home/airflow/.local/lib/python3.7/site-packages/airflow/example_dags/example_datasets.py for tasks to queue
[2025-01-24T12:05:26.102+0000] {logging_mixin.py:120} INFO - [2025-01-24T12:05:26.102+0000] {dagbag.py:537} INFO - Filling up the DagBag from /home/airflow/.local/lib/python3.7/site-packages/airflow/example_dags/example_datasets.py
[2025-01-24T12:05:26.126+0000] {processor.py:766} INFO - DAG(s) dict_keys(['dataset_consumes_unknown_never_scheduled', 'dataset_produces_1', 'dataset_produces_2', 'dataset_consumes_1_never_scheduled', 'dataset_consumes_1_and_2', 'dataset_consumes_1']) retrieved from /home/airflow/.local/lib/python3.7/site-packages/airflow/example_dags/example_datasets.py
[2025-01-24T12:05:26.207+0000] {logging_mixin.py:120} INFO - [2025-01-24T12:05:26.207+0000] {dag.py:2585} INFO - Sync 6 DAGs
[2025-01-24T12:05:26.260+0000] {logging_mixin.py:120} INFO - [2025-01-24T12:05:26.260+0000] {dag.py:3340} INFO - Setting next_dagrun for dataset_consumes_1 to None, run_after=None
[2025-01-24T12:05:26.267+0000] {logging_mixin.py:120} INFO - [2025-01-24T12:05:26.266+0000] {dag.py:3340} INFO - Setting next_dagrun for dataset_consumes_1_and_2 to None, run_after=None
[2025-01-24T12:05:26.269+0000] {logging_mixin.py:120} INFO - [2025-01-24T12:05:26.269+0000] {dag.py:3340} INFO - Setting next_dagrun for dataset_consumes_1_never_scheduled to None, run_after=None
[2025-01-24T12:05:26.272+0000] {logging_mixin.py:120} INFO - [2025-01-24T12:05:26.271+0000] {dag.py:3340} INFO - Setting next_dagrun for dataset_consumes_unknown_never_scheduled to None, run_after=None
[2025-01-24T12:05:26.277+0000] {logging_mixin.py:120} INFO - [2025-01-24T12:05:26.277+0000] {dag.py:3340} INFO - Setting next_dagrun for dataset_produces_1 to 2025-01-23T00:00:00+00:00, run_after=2025-01-24T00:00:00+00:00
[2025-01-24T12:05:26.280+0000] {logging_mixin.py:120} INFO - [2025-01-24T12:05:26.279+0000] {dag.py:3340} INFO - Setting next_dagrun for dataset_produces_2 to None, run_after=None
[2025-01-24T12:05:26.345+0000] {processor.py:176} INFO - Processing /home/airflow/.local/lib/python3.7/site-packages/airflow/example_dags/example_datasets.py took 0.248 seconds
[2025-01-24T12:05:56.576+0000] {processor.py:154} INFO - Started process (PID=1711) to work on /home/airflow/.local/lib/python3.7/site-packages/airflow/example_dags/example_datasets.py
[2025-01-24T12:05:56.577+0000] {processor.py:756} INFO - Processing file /home/airflow/.local/lib/python3.7/site-packages/airflow/example_dags/example_datasets.py for tasks to queue
[2025-01-24T12:05:56.578+0000] {logging_mixin.py:120} INFO - [2025-01-24T12:05:56.578+0000] {dagbag.py:537} INFO - Filling up the DagBag from /home/airflow/.local/lib/python3.7/site-packages/airflow/example_dags/example_datasets.py
[2025-01-24T12:05:56.601+0000] {processor.py:766} INFO - DAG(s) dict_keys(['dataset_consumes_1_and_2', 'dataset_consumes_unknown_never_scheduled', 'dataset_consumes_1', 'dataset_produces_1', 'dataset_produces_2', 'dataset_consumes_1_never_scheduled']) retrieved from /home/airflow/.local/lib/python3.7/site-packages/airflow/example_dags/example_datasets.py
[2025-01-24T12:05:56.683+0000] {logging_mixin.py:120} INFO - [2025-01-24T12:05:56.683+0000] {dag.py:2585} INFO - Sync 6 DAGs
[2025-01-24T12:05:56.725+0000] {logging_mixin.py:120} INFO - [2025-01-24T12:05:56.725+0000] {dag.py:3340} INFO - Setting next_dagrun for dataset_consumes_1 to None, run_after=None
[2025-01-24T12:05:56.731+0000] {logging_mixin.py:120} INFO - [2025-01-24T12:05:56.731+0000] {dag.py:3340} INFO - Setting next_dagrun for dataset_consumes_1_and_2 to None, run_after=None
[2025-01-24T12:05:56.733+0000] {logging_mixin.py:120} INFO - [2025-01-24T12:05:56.733+0000] {dag.py:3340} INFO - Setting next_dagrun for dataset_consumes_1_never_scheduled to None, run_after=None
[2025-01-24T12:05:56.735+0000] {logging_mixin.py:120} INFO - [2025-01-24T12:05:56.734+0000] {dag.py:3340} INFO - Setting next_dagrun for dataset_consumes_unknown_never_scheduled to None, run_after=None
[2025-01-24T12:05:56.738+0000] {logging_mixin.py:120} INFO - [2025-01-24T12:05:56.738+0000] {dag.py:3340} INFO - Setting next_dagrun for dataset_produces_1 to 2025-01-23T00:00:00+00:00, run_after=2025-01-24T00:00:00+00:00
[2025-01-24T12:05:56.740+0000] {logging_mixin.py:120} INFO - [2025-01-24T12:05:56.740+0000] {dag.py:3340} INFO - Setting next_dagrun for dataset_produces_2 to None, run_after=None
[2025-01-24T12:05:56.789+0000] {processor.py:176} INFO - Processing /home/airflow/.local/lib/python3.7/site-packages/airflow/example_dags/example_datasets.py took 0.217 seconds
