[2025-01-24T17:06:13.067+0000] {processor.py:154} INFO - Started process (PID=55) to work on /home/airflow/.local/lib/python3.7/site-packages/airflow/example_dags/example_external_task_marker_dag.py
[2025-01-24T17:06:13.068+0000] {processor.py:756} INFO - Processing file /home/airflow/.local/lib/python3.7/site-packages/airflow/example_dags/example_external_task_marker_dag.py for tasks to queue
[2025-01-24T17:06:13.069+0000] {logging_mixin.py:120} INFO - [2025-01-24T17:06:13.069+0000] {dagbag.py:537} INFO - Filling up the DagBag from /home/airflow/.local/lib/python3.7/site-packages/airflow/example_dags/example_external_task_marker_dag.py
[2025-01-24T17:06:13.098+0000] {processor.py:766} INFO - DAG(s) dict_keys(['example_external_task_marker_child', 'example_external_task_marker_parent']) retrieved from /home/airflow/.local/lib/python3.7/site-packages/airflow/example_dags/example_external_task_marker_dag.py
[2025-01-24T17:06:13.697+0000] {logging_mixin.py:120} INFO - [2025-01-24T17:06:13.697+0000] {dag.py:2585} INFO - Sync 2 DAGs
[2025-01-24T17:06:13.757+0000] {logging_mixin.py:120} INFO - [2025-01-24T17:06:13.757+0000] {dag.py:3340} INFO - Setting next_dagrun for example_external_task_marker_child to None, run_after=None
[2025-01-24T17:06:13.767+0000] {logging_mixin.py:120} INFO - [2025-01-24T17:06:13.767+0000] {dag.py:3340} INFO - Setting next_dagrun for example_external_task_marker_parent to None, run_after=None
[2025-01-24T17:06:13.816+0000] {processor.py:176} INFO - Processing /home/airflow/.local/lib/python3.7/site-packages/airflow/example_dags/example_external_task_marker_dag.py took 0.754 seconds
[2025-01-24T11:52:05.807+0000] {processor.py:154} INFO - Started process (PID=55) to work on /home/airflow/.local/lib/python3.7/site-packages/airflow/example_dags/example_external_task_marker_dag.py
[2025-01-24T11:52:05.811+0000] {processor.py:756} INFO - Processing file /home/airflow/.local/lib/python3.7/site-packages/airflow/example_dags/example_external_task_marker_dag.py for tasks to queue
[2025-01-24T11:52:05.812+0000] {logging_mixin.py:120} INFO - [2025-01-24T11:52:05.812+0000] {dagbag.py:537} INFO - Filling up the DagBag from /home/airflow/.local/lib/python3.7/site-packages/airflow/example_dags/example_external_task_marker_dag.py
[2025-01-24T11:52:05.864+0000] {processor.py:766} INFO - DAG(s) dict_keys(['example_external_task_marker_parent', 'example_external_task_marker_child']) retrieved from /home/airflow/.local/lib/python3.7/site-packages/airflow/example_dags/example_external_task_marker_dag.py
[2025-01-24T11:52:06.222+0000] {logging_mixin.py:120} INFO - [2025-01-24T11:52:06.222+0000] {dag.py:2585} INFO - Sync 2 DAGs
[2025-01-24T11:52:06.259+0000] {logging_mixin.py:120} INFO - [2025-01-24T11:52:06.258+0000] {dag.py:3340} INFO - Setting next_dagrun for example_external_task_marker_child to None, run_after=None
[2025-01-24T11:52:06.264+0000] {logging_mixin.py:120} INFO - [2025-01-24T11:52:06.264+0000] {dag.py:3340} INFO - Setting next_dagrun for example_external_task_marker_parent to None, run_after=None
[2025-01-24T11:52:06.299+0000] {processor.py:176} INFO - Processing /home/airflow/.local/lib/python3.7/site-packages/airflow/example_dags/example_external_task_marker_dag.py took 0.497 seconds
[2025-01-24T11:52:36.445+0000] {processor.py:154} INFO - Started process (PID=110) to work on /home/airflow/.local/lib/python3.7/site-packages/airflow/example_dags/example_external_task_marker_dag.py
[2025-01-24T11:52:36.446+0000] {processor.py:756} INFO - Processing file /home/airflow/.local/lib/python3.7/site-packages/airflow/example_dags/example_external_task_marker_dag.py for tasks to queue
[2025-01-24T11:52:36.447+0000] {logging_mixin.py:120} INFO - [2025-01-24T11:52:36.447+0000] {dagbag.py:537} INFO - Filling up the DagBag from /home/airflow/.local/lib/python3.7/site-packages/airflow/example_dags/example_external_task_marker_dag.py
[2025-01-24T11:52:36.470+0000] {processor.py:766} INFO - DAG(s) dict_keys(['example_external_task_marker_child', 'example_external_task_marker_parent']) retrieved from /home/airflow/.local/lib/python3.7/site-packages/airflow/example_dags/example_external_task_marker_dag.py
[2025-01-24T11:52:36.777+0000] {logging_mixin.py:120} INFO - [2025-01-24T11:52:36.777+0000] {dag.py:2585} INFO - Sync 2 DAGs
[2025-01-24T11:52:36.822+0000] {logging_mixin.py:120} INFO - [2025-01-24T11:52:36.822+0000] {dag.py:3340} INFO - Setting next_dagrun for example_external_task_marker_child to None, run_after=None
[2025-01-24T11:52:36.829+0000] {logging_mixin.py:120} INFO - [2025-01-24T11:52:36.828+0000] {dag.py:3340} INFO - Setting next_dagrun for example_external_task_marker_parent to None, run_after=None
[2025-01-24T11:52:36.861+0000] {processor.py:176} INFO - Processing /home/airflow/.local/lib/python3.7/site-packages/airflow/example_dags/example_external_task_marker_dag.py took 0.422 seconds
[2025-01-24T11:53:06.898+0000] {processor.py:154} INFO - Started process (PID=175) to work on /home/airflow/.local/lib/python3.7/site-packages/airflow/example_dags/example_external_task_marker_dag.py
[2025-01-24T11:53:06.903+0000] {processor.py:756} INFO - Processing file /home/airflow/.local/lib/python3.7/site-packages/airflow/example_dags/example_external_task_marker_dag.py for tasks to queue
[2025-01-24T11:53:06.904+0000] {logging_mixin.py:120} INFO - [2025-01-24T11:53:06.904+0000] {dagbag.py:537} INFO - Filling up the DagBag from /home/airflow/.local/lib/python3.7/site-packages/airflow/example_dags/example_external_task_marker_dag.py
[2025-01-24T11:53:06.925+0000] {processor.py:766} INFO - DAG(s) dict_keys(['example_external_task_marker_parent', 'example_external_task_marker_child']) retrieved from /home/airflow/.local/lib/python3.7/site-packages/airflow/example_dags/example_external_task_marker_dag.py
[2025-01-24T11:53:07.218+0000] {logging_mixin.py:120} INFO - [2025-01-24T11:53:07.217+0000] {dag.py:2585} INFO - Sync 2 DAGs
[2025-01-24T11:53:07.262+0000] {logging_mixin.py:120} INFO - [2025-01-24T11:53:07.262+0000] {dag.py:3340} INFO - Setting next_dagrun for example_external_task_marker_child to None, run_after=None
[2025-01-24T11:53:07.269+0000] {logging_mixin.py:120} INFO - [2025-01-24T11:53:07.269+0000] {dag.py:3340} INFO - Setting next_dagrun for example_external_task_marker_parent to None, run_after=None
[2025-01-24T11:53:07.305+0000] {processor.py:176} INFO - Processing /home/airflow/.local/lib/python3.7/site-packages/airflow/example_dags/example_external_task_marker_dag.py took 0.411 seconds
[2025-01-24T11:53:37.408+0000] {processor.py:154} INFO - Started process (PID=230) to work on /home/airflow/.local/lib/python3.7/site-packages/airflow/example_dags/example_external_task_marker_dag.py
[2025-01-24T11:53:37.412+0000] {processor.py:756} INFO - Processing file /home/airflow/.local/lib/python3.7/site-packages/airflow/example_dags/example_external_task_marker_dag.py for tasks to queue
[2025-01-24T11:53:37.413+0000] {logging_mixin.py:120} INFO - [2025-01-24T11:53:37.413+0000] {dagbag.py:537} INFO - Filling up the DagBag from /home/airflow/.local/lib/python3.7/site-packages/airflow/example_dags/example_external_task_marker_dag.py
[2025-01-24T11:53:37.433+0000] {processor.py:766} INFO - DAG(s) dict_keys(['example_external_task_marker_parent', 'example_external_task_marker_child']) retrieved from /home/airflow/.local/lib/python3.7/site-packages/airflow/example_dags/example_external_task_marker_dag.py
[2025-01-24T11:53:37.689+0000] {logging_mixin.py:120} INFO - [2025-01-24T11:53:37.689+0000] {dag.py:2585} INFO - Sync 2 DAGs
[2025-01-24T11:53:37.726+0000] {logging_mixin.py:120} INFO - [2025-01-24T11:53:37.726+0000] {dag.py:3340} INFO - Setting next_dagrun for example_external_task_marker_child to None, run_after=None
[2025-01-24T11:53:37.732+0000] {logging_mixin.py:120} INFO - [2025-01-24T11:53:37.732+0000] {dag.py:3340} INFO - Setting next_dagrun for example_external_task_marker_parent to None, run_after=None
[2025-01-24T11:53:37.763+0000] {processor.py:176} INFO - Processing /home/airflow/.local/lib/python3.7/site-packages/airflow/example_dags/example_external_task_marker_dag.py took 0.359 seconds
[2025-01-24T11:54:08.218+0000] {processor.py:154} INFO - Started process (PID=294) to work on /home/airflow/.local/lib/python3.7/site-packages/airflow/example_dags/example_external_task_marker_dag.py
[2025-01-24T11:54:08.219+0000] {processor.py:756} INFO - Processing file /home/airflow/.local/lib/python3.7/site-packages/airflow/example_dags/example_external_task_marker_dag.py for tasks to queue
[2025-01-24T11:54:08.219+0000] {logging_mixin.py:120} INFO - [2025-01-24T11:54:08.219+0000] {dagbag.py:537} INFO - Filling up the DagBag from /home/airflow/.local/lib/python3.7/site-packages/airflow/example_dags/example_external_task_marker_dag.py
[2025-01-24T11:54:08.240+0000] {processor.py:766} INFO - DAG(s) dict_keys(['example_external_task_marker_child', 'example_external_task_marker_parent']) retrieved from /home/airflow/.local/lib/python3.7/site-packages/airflow/example_dags/example_external_task_marker_dag.py
[2025-01-24T11:54:08.530+0000] {logging_mixin.py:120} INFO - [2025-01-24T11:54:08.529+0000] {dag.py:2585} INFO - Sync 2 DAGs
[2025-01-24T11:54:08.581+0000] {logging_mixin.py:120} INFO - [2025-01-24T11:54:08.581+0000] {dag.py:3340} INFO - Setting next_dagrun for example_external_task_marker_child to None, run_after=None
[2025-01-24T11:54:08.587+0000] {logging_mixin.py:120} INFO - [2025-01-24T11:54:08.587+0000] {dag.py:3340} INFO - Setting next_dagrun for example_external_task_marker_parent to None, run_after=None
[2025-01-24T11:54:08.626+0000] {processor.py:176} INFO - Processing /home/airflow/.local/lib/python3.7/site-packages/airflow/example_dags/example_external_task_marker_dag.py took 0.413 seconds
[2025-01-24T11:54:38.749+0000] {processor.py:154} INFO - Started process (PID=358) to work on /home/airflow/.local/lib/python3.7/site-packages/airflow/example_dags/example_external_task_marker_dag.py
[2025-01-24T11:54:38.751+0000] {processor.py:756} INFO - Processing file /home/airflow/.local/lib/python3.7/site-packages/airflow/example_dags/example_external_task_marker_dag.py for tasks to queue
[2025-01-24T11:54:38.752+0000] {logging_mixin.py:120} INFO - [2025-01-24T11:54:38.752+0000] {dagbag.py:537} INFO - Filling up the DagBag from /home/airflow/.local/lib/python3.7/site-packages/airflow/example_dags/example_external_task_marker_dag.py
[2025-01-24T11:54:38.781+0000] {processor.py:766} INFO - DAG(s) dict_keys(['example_external_task_marker_child', 'example_external_task_marker_parent']) retrieved from /home/airflow/.local/lib/python3.7/site-packages/airflow/example_dags/example_external_task_marker_dag.py
[2025-01-24T11:54:39.171+0000] {logging_mixin.py:120} INFO - [2025-01-24T11:54:39.171+0000] {dag.py:2585} INFO - Sync 2 DAGs
[2025-01-24T11:54:39.230+0000] {logging_mixin.py:120} INFO - [2025-01-24T11:54:39.229+0000] {dag.py:3340} INFO - Setting next_dagrun for example_external_task_marker_child to None, run_after=None
[2025-01-24T11:54:39.238+0000] {logging_mixin.py:120} INFO - [2025-01-24T11:54:39.237+0000] {dag.py:3340} INFO - Setting next_dagrun for example_external_task_marker_parent to None, run_after=None
[2025-01-24T11:54:39.280+0000] {processor.py:176} INFO - Processing /home/airflow/.local/lib/python3.7/site-packages/airflow/example_dags/example_external_task_marker_dag.py took 0.539 seconds
[2025-01-24T11:55:09.742+0000] {processor.py:154} INFO - Started process (PID=413) to work on /home/airflow/.local/lib/python3.7/site-packages/airflow/example_dags/example_external_task_marker_dag.py
[2025-01-24T11:55:09.746+0000] {processor.py:756} INFO - Processing file /home/airflow/.local/lib/python3.7/site-packages/airflow/example_dags/example_external_task_marker_dag.py for tasks to queue
[2025-01-24T11:55:09.746+0000] {logging_mixin.py:120} INFO - [2025-01-24T11:55:09.746+0000] {dagbag.py:537} INFO - Filling up the DagBag from /home/airflow/.local/lib/python3.7/site-packages/airflow/example_dags/example_external_task_marker_dag.py
[2025-01-24T11:55:09.768+0000] {processor.py:766} INFO - DAG(s) dict_keys(['example_external_task_marker_parent', 'example_external_task_marker_child']) retrieved from /home/airflow/.local/lib/python3.7/site-packages/airflow/example_dags/example_external_task_marker_dag.py
[2025-01-24T11:55:10.060+0000] {logging_mixin.py:120} INFO - [2025-01-24T11:55:10.060+0000] {dag.py:2585} INFO - Sync 2 DAGs
[2025-01-24T11:55:10.100+0000] {logging_mixin.py:120} INFO - [2025-01-24T11:55:10.100+0000] {dag.py:3340} INFO - Setting next_dagrun for example_external_task_marker_child to None, run_after=None
[2025-01-24T11:55:10.108+0000] {logging_mixin.py:120} INFO - [2025-01-24T11:55:10.108+0000] {dag.py:3340} INFO - Setting next_dagrun for example_external_task_marker_parent to None, run_after=None
[2025-01-24T11:55:10.145+0000] {processor.py:176} INFO - Processing /home/airflow/.local/lib/python3.7/site-packages/airflow/example_dags/example_external_task_marker_dag.py took 0.408 seconds
[2025-01-24T11:55:40.464+0000] {processor.py:154} INFO - Started process (PID=477) to work on /home/airflow/.local/lib/python3.7/site-packages/airflow/example_dags/example_external_task_marker_dag.py
[2025-01-24T11:55:40.465+0000] {processor.py:756} INFO - Processing file /home/airflow/.local/lib/python3.7/site-packages/airflow/example_dags/example_external_task_marker_dag.py for tasks to queue
[2025-01-24T11:55:40.466+0000] {logging_mixin.py:120} INFO - [2025-01-24T11:55:40.465+0000] {dagbag.py:537} INFO - Filling up the DagBag from /home/airflow/.local/lib/python3.7/site-packages/airflow/example_dags/example_external_task_marker_dag.py
[2025-01-24T11:55:40.485+0000] {processor.py:766} INFO - DAG(s) dict_keys(['example_external_task_marker_parent', 'example_external_task_marker_child']) retrieved from /home/airflow/.local/lib/python3.7/site-packages/airflow/example_dags/example_external_task_marker_dag.py
[2025-01-24T11:55:40.776+0000] {logging_mixin.py:120} INFO - [2025-01-24T11:55:40.775+0000] {dag.py:2585} INFO - Sync 2 DAGs
[2025-01-24T11:55:40.833+0000] {logging_mixin.py:120} INFO - [2025-01-24T11:55:40.832+0000] {dag.py:3340} INFO - Setting next_dagrun for example_external_task_marker_child to None, run_after=None
[2025-01-24T11:55:40.840+0000] {logging_mixin.py:120} INFO - [2025-01-24T11:55:40.840+0000] {dag.py:3340} INFO - Setting next_dagrun for example_external_task_marker_parent to None, run_after=None
[2025-01-24T11:55:40.875+0000] {processor.py:176} INFO - Processing /home/airflow/.local/lib/python3.7/site-packages/airflow/example_dags/example_external_task_marker_dag.py took 0.416 seconds
[2025-01-24T11:56:10.947+0000] {processor.py:154} INFO - Started process (PID=533) to work on /home/airflow/.local/lib/python3.7/site-packages/airflow/example_dags/example_external_task_marker_dag.py
[2025-01-24T11:56:10.950+0000] {processor.py:756} INFO - Processing file /home/airflow/.local/lib/python3.7/site-packages/airflow/example_dags/example_external_task_marker_dag.py for tasks to queue
[2025-01-24T11:56:10.951+0000] {logging_mixin.py:120} INFO - [2025-01-24T11:56:10.951+0000] {dagbag.py:537} INFO - Filling up the DagBag from /home/airflow/.local/lib/python3.7/site-packages/airflow/example_dags/example_external_task_marker_dag.py
[2025-01-24T11:56:10.973+0000] {processor.py:766} INFO - DAG(s) dict_keys(['example_external_task_marker_parent', 'example_external_task_marker_child']) retrieved from /home/airflow/.local/lib/python3.7/site-packages/airflow/example_dags/example_external_task_marker_dag.py
[2025-01-24T11:56:11.233+0000] {logging_mixin.py:120} INFO - [2025-01-24T11:56:11.233+0000] {dag.py:2585} INFO - Sync 2 DAGs
[2025-01-24T11:56:11.273+0000] {logging_mixin.py:120} INFO - [2025-01-24T11:56:11.273+0000] {dag.py:3340} INFO - Setting next_dagrun for example_external_task_marker_child to None, run_after=None
[2025-01-24T11:56:11.279+0000] {logging_mixin.py:120} INFO - [2025-01-24T11:56:11.279+0000] {dag.py:3340} INFO - Setting next_dagrun for example_external_task_marker_parent to None, run_after=None
[2025-01-24T11:56:11.307+0000] {processor.py:176} INFO - Processing /home/airflow/.local/lib/python3.7/site-packages/airflow/example_dags/example_external_task_marker_dag.py took 0.365 seconds
[2025-01-24T11:56:41.486+0000] {processor.py:154} INFO - Started process (PID=597) to work on /home/airflow/.local/lib/python3.7/site-packages/airflow/example_dags/example_external_task_marker_dag.py
[2025-01-24T11:56:41.489+0000] {processor.py:756} INFO - Processing file /home/airflow/.local/lib/python3.7/site-packages/airflow/example_dags/example_external_task_marker_dag.py for tasks to queue
[2025-01-24T11:56:41.490+0000] {logging_mixin.py:120} INFO - [2025-01-24T11:56:41.490+0000] {dagbag.py:537} INFO - Filling up the DagBag from /home/airflow/.local/lib/python3.7/site-packages/airflow/example_dags/example_external_task_marker_dag.py
[2025-01-24T11:56:41.510+0000] {processor.py:766} INFO - DAG(s) dict_keys(['example_external_task_marker_child', 'example_external_task_marker_parent']) retrieved from /home/airflow/.local/lib/python3.7/site-packages/airflow/example_dags/example_external_task_marker_dag.py
[2025-01-24T11:56:41.761+0000] {logging_mixin.py:120} INFO - [2025-01-24T11:56:41.760+0000] {dag.py:2585} INFO - Sync 2 DAGs
[2025-01-24T11:56:41.795+0000] {logging_mixin.py:120} INFO - [2025-01-24T11:56:41.795+0000] {dag.py:3340} INFO - Setting next_dagrun for example_external_task_marker_child to None, run_after=None
[2025-01-24T11:56:41.800+0000] {logging_mixin.py:120} INFO - [2025-01-24T11:56:41.800+0000] {dag.py:3340} INFO - Setting next_dagrun for example_external_task_marker_parent to None, run_after=None
[2025-01-24T11:56:41.827+0000] {processor.py:176} INFO - Processing /home/airflow/.local/lib/python3.7/site-packages/airflow/example_dags/example_external_task_marker_dag.py took 0.345 seconds
[2025-01-24T11:57:12.145+0000] {processor.py:154} INFO - Started process (PID=652) to work on /home/airflow/.local/lib/python3.7/site-packages/airflow/example_dags/example_external_task_marker_dag.py
[2025-01-24T11:57:12.146+0000] {processor.py:756} INFO - Processing file /home/airflow/.local/lib/python3.7/site-packages/airflow/example_dags/example_external_task_marker_dag.py for tasks to queue
[2025-01-24T11:57:12.147+0000] {logging_mixin.py:120} INFO - [2025-01-24T11:57:12.147+0000] {dagbag.py:537} INFO - Filling up the DagBag from /home/airflow/.local/lib/python3.7/site-packages/airflow/example_dags/example_external_task_marker_dag.py
[2025-01-24T11:57:12.166+0000] {processor.py:766} INFO - DAG(s) dict_keys(['example_external_task_marker_child', 'example_external_task_marker_parent']) retrieved from /home/airflow/.local/lib/python3.7/site-packages/airflow/example_dags/example_external_task_marker_dag.py
[2025-01-24T11:57:12.450+0000] {logging_mixin.py:120} INFO - [2025-01-24T11:57:12.449+0000] {dag.py:2585} INFO - Sync 2 DAGs
[2025-01-24T11:57:12.493+0000] {logging_mixin.py:120} INFO - [2025-01-24T11:57:12.493+0000] {dag.py:3340} INFO - Setting next_dagrun for example_external_task_marker_child to None, run_after=None
[2025-01-24T11:57:12.501+0000] {logging_mixin.py:120} INFO - [2025-01-24T11:57:12.500+0000] {dag.py:3340} INFO - Setting next_dagrun for example_external_task_marker_parent to None, run_after=None
[2025-01-24T11:57:12.539+0000] {processor.py:176} INFO - Processing /home/airflow/.local/lib/python3.7/site-packages/airflow/example_dags/example_external_task_marker_dag.py took 0.398 seconds
[2025-01-24T11:57:42.747+0000] {processor.py:154} INFO - Started process (PID=716) to work on /home/airflow/.local/lib/python3.7/site-packages/airflow/example_dags/example_external_task_marker_dag.py
[2025-01-24T11:57:42.749+0000] {processor.py:756} INFO - Processing file /home/airflow/.local/lib/python3.7/site-packages/airflow/example_dags/example_external_task_marker_dag.py for tasks to queue
[2025-01-24T11:57:42.750+0000] {logging_mixin.py:120} INFO - [2025-01-24T11:57:42.749+0000] {dagbag.py:537} INFO - Filling up the DagBag from /home/airflow/.local/lib/python3.7/site-packages/airflow/example_dags/example_external_task_marker_dag.py
[2025-01-24T11:57:42.773+0000] {processor.py:766} INFO - DAG(s) dict_keys(['example_external_task_marker_parent', 'example_external_task_marker_child']) retrieved from /home/airflow/.local/lib/python3.7/site-packages/airflow/example_dags/example_external_task_marker_dag.py
[2025-01-24T11:57:43.046+0000] {logging_mixin.py:120} INFO - [2025-01-24T11:57:43.045+0000] {dag.py:2585} INFO - Sync 2 DAGs
[2025-01-24T11:57:43.086+0000] {logging_mixin.py:120} INFO - [2025-01-24T11:57:43.085+0000] {dag.py:3340} INFO - Setting next_dagrun for example_external_task_marker_child to None, run_after=None
[2025-01-24T11:57:43.091+0000] {logging_mixin.py:120} INFO - [2025-01-24T11:57:43.091+0000] {dag.py:3340} INFO - Setting next_dagrun for example_external_task_marker_parent to None, run_after=None
[2025-01-24T11:57:43.125+0000] {processor.py:176} INFO - Processing /home/airflow/.local/lib/python3.7/site-packages/airflow/example_dags/example_external_task_marker_dag.py took 0.383 seconds
[2025-01-24T11:58:13.349+0000] {processor.py:154} INFO - Started process (PID=782) to work on /home/airflow/.local/lib/python3.7/site-packages/airflow/example_dags/example_external_task_marker_dag.py
[2025-01-24T11:58:13.350+0000] {processor.py:756} INFO - Processing file /home/airflow/.local/lib/python3.7/site-packages/airflow/example_dags/example_external_task_marker_dag.py for tasks to queue
[2025-01-24T11:58:13.352+0000] {logging_mixin.py:120} INFO - [2025-01-24T11:58:13.352+0000] {dagbag.py:537} INFO - Filling up the DagBag from /home/airflow/.local/lib/python3.7/site-packages/airflow/example_dags/example_external_task_marker_dag.py
[2025-01-24T11:58:13.378+0000] {processor.py:766} INFO - DAG(s) dict_keys(['example_external_task_marker_child', 'example_external_task_marker_parent']) retrieved from /home/airflow/.local/lib/python3.7/site-packages/airflow/example_dags/example_external_task_marker_dag.py
[2025-01-24T11:58:13.636+0000] {logging_mixin.py:120} INFO - [2025-01-24T11:58:13.636+0000] {dag.py:2585} INFO - Sync 2 DAGs
[2025-01-24T11:58:13.683+0000] {logging_mixin.py:120} INFO - [2025-01-24T11:58:13.683+0000] {dag.py:3340} INFO - Setting next_dagrun for example_external_task_marker_child to None, run_after=None
[2025-01-24T11:58:13.689+0000] {logging_mixin.py:120} INFO - [2025-01-24T11:58:13.688+0000] {dag.py:3340} INFO - Setting next_dagrun for example_external_task_marker_parent to None, run_after=None
[2025-01-24T11:58:13.729+0000] {processor.py:176} INFO - Processing /home/airflow/.local/lib/python3.7/site-packages/airflow/example_dags/example_external_task_marker_dag.py took 0.387 seconds
[2025-01-24T11:58:44.000+0000] {processor.py:154} INFO - Started process (PID=838) to work on /home/airflow/.local/lib/python3.7/site-packages/airflow/example_dags/example_external_task_marker_dag.py
[2025-01-24T11:58:44.001+0000] {processor.py:756} INFO - Processing file /home/airflow/.local/lib/python3.7/site-packages/airflow/example_dags/example_external_task_marker_dag.py for tasks to queue
[2025-01-24T11:58:44.002+0000] {logging_mixin.py:120} INFO - [2025-01-24T11:58:44.001+0000] {dagbag.py:537} INFO - Filling up the DagBag from /home/airflow/.local/lib/python3.7/site-packages/airflow/example_dags/example_external_task_marker_dag.py
[2025-01-24T11:58:44.021+0000] {processor.py:766} INFO - DAG(s) dict_keys(['example_external_task_marker_child', 'example_external_task_marker_parent']) retrieved from /home/airflow/.local/lib/python3.7/site-packages/airflow/example_dags/example_external_task_marker_dag.py
[2025-01-24T11:58:44.288+0000] {logging_mixin.py:120} INFO - [2025-01-24T11:58:44.287+0000] {dag.py:2585} INFO - Sync 2 DAGs
[2025-01-24T11:58:44.332+0000] {logging_mixin.py:120} INFO - [2025-01-24T11:58:44.332+0000] {dag.py:3340} INFO - Setting next_dagrun for example_external_task_marker_child to None, run_after=None
[2025-01-24T11:58:44.340+0000] {logging_mixin.py:120} INFO - [2025-01-24T11:58:44.339+0000] {dag.py:3340} INFO - Setting next_dagrun for example_external_task_marker_parent to None, run_after=None
[2025-01-24T11:58:44.374+0000] {processor.py:176} INFO - Processing /home/airflow/.local/lib/python3.7/site-packages/airflow/example_dags/example_external_task_marker_dag.py took 0.379 seconds
[2025-01-24T11:59:14.571+0000] {processor.py:154} INFO - Started process (PID=903) to work on /home/airflow/.local/lib/python3.7/site-packages/airflow/example_dags/example_external_task_marker_dag.py
[2025-01-24T11:59:14.572+0000] {processor.py:756} INFO - Processing file /home/airflow/.local/lib/python3.7/site-packages/airflow/example_dags/example_external_task_marker_dag.py for tasks to queue
[2025-01-24T11:59:14.573+0000] {logging_mixin.py:120} INFO - [2025-01-24T11:59:14.573+0000] {dagbag.py:537} INFO - Filling up the DagBag from /home/airflow/.local/lib/python3.7/site-packages/airflow/example_dags/example_external_task_marker_dag.py
[2025-01-24T11:59:14.592+0000] {processor.py:766} INFO - DAG(s) dict_keys(['example_external_task_marker_child', 'example_external_task_marker_parent']) retrieved from /home/airflow/.local/lib/python3.7/site-packages/airflow/example_dags/example_external_task_marker_dag.py
[2025-01-24T11:59:14.847+0000] {logging_mixin.py:120} INFO - [2025-01-24T11:59:14.847+0000] {dag.py:2585} INFO - Sync 2 DAGs
[2025-01-24T11:59:14.884+0000] {logging_mixin.py:120} INFO - [2025-01-24T11:59:14.883+0000] {dag.py:3340} INFO - Setting next_dagrun for example_external_task_marker_child to None, run_after=None
[2025-01-24T11:59:14.888+0000] {logging_mixin.py:120} INFO - [2025-01-24T11:59:14.888+0000] {dag.py:3340} INFO - Setting next_dagrun for example_external_task_marker_parent to None, run_after=None
[2025-01-24T11:59:14.915+0000] {processor.py:176} INFO - Processing /home/airflow/.local/lib/python3.7/site-packages/airflow/example_dags/example_external_task_marker_dag.py took 0.348 seconds
[2025-01-24T11:59:44.980+0000] {processor.py:154} INFO - Started process (PID=968) to work on /home/airflow/.local/lib/python3.7/site-packages/airflow/example_dags/example_external_task_marker_dag.py
[2025-01-24T11:59:44.981+0000] {processor.py:756} INFO - Processing file /home/airflow/.local/lib/python3.7/site-packages/airflow/example_dags/example_external_task_marker_dag.py for tasks to queue
[2025-01-24T11:59:44.982+0000] {logging_mixin.py:120} INFO - [2025-01-24T11:59:44.981+0000] {dagbag.py:537} INFO - Filling up the DagBag from /home/airflow/.local/lib/python3.7/site-packages/airflow/example_dags/example_external_task_marker_dag.py
[2025-01-24T11:59:45.003+0000] {processor.py:766} INFO - DAG(s) dict_keys(['example_external_task_marker_child', 'example_external_task_marker_parent']) retrieved from /home/airflow/.local/lib/python3.7/site-packages/airflow/example_dags/example_external_task_marker_dag.py
[2025-01-24T11:59:45.276+0000] {logging_mixin.py:120} INFO - [2025-01-24T11:59:45.276+0000] {dag.py:2585} INFO - Sync 2 DAGs
[2025-01-24T11:59:45.313+0000] {logging_mixin.py:120} INFO - [2025-01-24T11:59:45.313+0000] {dag.py:3340} INFO - Setting next_dagrun for example_external_task_marker_child to None, run_after=None
[2025-01-24T11:59:45.318+0000] {logging_mixin.py:120} INFO - [2025-01-24T11:59:45.318+0000] {dag.py:3340} INFO - Setting next_dagrun for example_external_task_marker_parent to None, run_after=None
[2025-01-24T11:59:45.347+0000] {processor.py:176} INFO - Processing /home/airflow/.local/lib/python3.7/site-packages/airflow/example_dags/example_external_task_marker_dag.py took 0.371 seconds
[2025-01-24T12:00:15.423+0000] {processor.py:154} INFO - Started process (PID=1023) to work on /home/airflow/.local/lib/python3.7/site-packages/airflow/example_dags/example_external_task_marker_dag.py
[2025-01-24T12:00:15.424+0000] {processor.py:756} INFO - Processing file /home/airflow/.local/lib/python3.7/site-packages/airflow/example_dags/example_external_task_marker_dag.py for tasks to queue
[2025-01-24T12:00:15.424+0000] {logging_mixin.py:120} INFO - [2025-01-24T12:00:15.424+0000] {dagbag.py:537} INFO - Filling up the DagBag from /home/airflow/.local/lib/python3.7/site-packages/airflow/example_dags/example_external_task_marker_dag.py
[2025-01-24T12:00:15.443+0000] {processor.py:766} INFO - DAG(s) dict_keys(['example_external_task_marker_parent', 'example_external_task_marker_child']) retrieved from /home/airflow/.local/lib/python3.7/site-packages/airflow/example_dags/example_external_task_marker_dag.py
[2025-01-24T12:00:15.731+0000] {logging_mixin.py:120} INFO - [2025-01-24T12:00:15.730+0000] {dag.py:2585} INFO - Sync 2 DAGs
[2025-01-24T12:00:15.771+0000] {logging_mixin.py:120} INFO - [2025-01-24T12:00:15.771+0000] {dag.py:3340} INFO - Setting next_dagrun for example_external_task_marker_child to None, run_after=None
[2025-01-24T12:00:15.778+0000] {logging_mixin.py:120} INFO - [2025-01-24T12:00:15.778+0000] {dag.py:3340} INFO - Setting next_dagrun for example_external_task_marker_parent to None, run_after=None
[2025-01-24T12:00:15.820+0000] {processor.py:176} INFO - Processing /home/airflow/.local/lib/python3.7/site-packages/airflow/example_dags/example_external_task_marker_dag.py took 0.403 seconds
[2025-01-24T12:00:45.907+0000] {processor.py:154} INFO - Started process (PID=1088) to work on /home/airflow/.local/lib/python3.7/site-packages/airflow/example_dags/example_external_task_marker_dag.py
[2025-01-24T12:00:45.908+0000] {processor.py:756} INFO - Processing file /home/airflow/.local/lib/python3.7/site-packages/airflow/example_dags/example_external_task_marker_dag.py for tasks to queue
[2025-01-24T12:00:45.909+0000] {logging_mixin.py:120} INFO - [2025-01-24T12:00:45.909+0000] {dagbag.py:537} INFO - Filling up the DagBag from /home/airflow/.local/lib/python3.7/site-packages/airflow/example_dags/example_external_task_marker_dag.py
[2025-01-24T12:00:45.932+0000] {processor.py:766} INFO - DAG(s) dict_keys(['example_external_task_marker_parent', 'example_external_task_marker_child']) retrieved from /home/airflow/.local/lib/python3.7/site-packages/airflow/example_dags/example_external_task_marker_dag.py
[2025-01-24T12:00:46.188+0000] {logging_mixin.py:120} INFO - [2025-01-24T12:00:46.187+0000] {dag.py:2585} INFO - Sync 2 DAGs
[2025-01-24T12:00:46.220+0000] {logging_mixin.py:120} INFO - [2025-01-24T12:00:46.220+0000] {dag.py:3340} INFO - Setting next_dagrun for example_external_task_marker_child to None, run_after=None
[2025-01-24T12:00:46.227+0000] {logging_mixin.py:120} INFO - [2025-01-24T12:00:46.227+0000] {dag.py:3340} INFO - Setting next_dagrun for example_external_task_marker_parent to None, run_after=None
[2025-01-24T12:00:46.254+0000] {processor.py:176} INFO - Processing /home/airflow/.local/lib/python3.7/site-packages/airflow/example_dags/example_external_task_marker_dag.py took 0.352 seconds
[2025-01-24T12:01:16.422+0000] {processor.py:154} INFO - Started process (PID=1146) to work on /home/airflow/.local/lib/python3.7/site-packages/airflow/example_dags/example_external_task_marker_dag.py
[2025-01-24T12:01:16.425+0000] {processor.py:756} INFO - Processing file /home/airflow/.local/lib/python3.7/site-packages/airflow/example_dags/example_external_task_marker_dag.py for tasks to queue
[2025-01-24T12:01:16.426+0000] {logging_mixin.py:120} INFO - [2025-01-24T12:01:16.426+0000] {dagbag.py:537} INFO - Filling up the DagBag from /home/airflow/.local/lib/python3.7/site-packages/airflow/example_dags/example_external_task_marker_dag.py
[2025-01-24T12:01:16.447+0000] {processor.py:766} INFO - DAG(s) dict_keys(['example_external_task_marker_child', 'example_external_task_marker_parent']) retrieved from /home/airflow/.local/lib/python3.7/site-packages/airflow/example_dags/example_external_task_marker_dag.py
[2025-01-24T12:01:16.729+0000] {logging_mixin.py:120} INFO - [2025-01-24T12:01:16.728+0000] {dag.py:2585} INFO - Sync 2 DAGs
[2025-01-24T12:01:16.777+0000] {logging_mixin.py:120} INFO - [2025-01-24T12:01:16.777+0000] {dag.py:3340} INFO - Setting next_dagrun for example_external_task_marker_child to None, run_after=None
[2025-01-24T12:01:16.785+0000] {logging_mixin.py:120} INFO - [2025-01-24T12:01:16.784+0000] {dag.py:3340} INFO - Setting next_dagrun for example_external_task_marker_parent to None, run_after=None
[2025-01-24T12:01:16.821+0000] {processor.py:176} INFO - Processing /home/airflow/.local/lib/python3.7/site-packages/airflow/example_dags/example_external_task_marker_dag.py took 0.404 seconds
[2025-01-24T12:01:47.549+0000] {processor.py:154} INFO - Started process (PID=1204) to work on /home/airflow/.local/lib/python3.7/site-packages/airflow/example_dags/example_external_task_marker_dag.py
[2025-01-24T12:01:47.553+0000] {processor.py:756} INFO - Processing file /home/airflow/.local/lib/python3.7/site-packages/airflow/example_dags/example_external_task_marker_dag.py for tasks to queue
[2025-01-24T12:01:47.554+0000] {logging_mixin.py:120} INFO - [2025-01-24T12:01:47.554+0000] {dagbag.py:537} INFO - Filling up the DagBag from /home/airflow/.local/lib/python3.7/site-packages/airflow/example_dags/example_external_task_marker_dag.py
[2025-01-24T12:01:47.574+0000] {processor.py:766} INFO - DAG(s) dict_keys(['example_external_task_marker_parent', 'example_external_task_marker_child']) retrieved from /home/airflow/.local/lib/python3.7/site-packages/airflow/example_dags/example_external_task_marker_dag.py
[2025-01-24T12:01:47.812+0000] {logging_mixin.py:120} INFO - [2025-01-24T12:01:47.811+0000] {dag.py:2585} INFO - Sync 2 DAGs
[2025-01-24T12:01:47.844+0000] {logging_mixin.py:120} INFO - [2025-01-24T12:01:47.844+0000] {dag.py:3340} INFO - Setting next_dagrun for example_external_task_marker_child to None, run_after=None
[2025-01-24T12:01:47.850+0000] {logging_mixin.py:120} INFO - [2025-01-24T12:01:47.849+0000] {dag.py:3340} INFO - Setting next_dagrun for example_external_task_marker_parent to None, run_after=None
[2025-01-24T12:01:47.877+0000] {processor.py:176} INFO - Processing /home/airflow/.local/lib/python3.7/site-packages/airflow/example_dags/example_external_task_marker_dag.py took 0.333 seconds
[2025-01-24T12:02:17.995+0000] {processor.py:154} INFO - Started process (PID=1268) to work on /home/airflow/.local/lib/python3.7/site-packages/airflow/example_dags/example_external_task_marker_dag.py
[2025-01-24T12:02:17.996+0000] {processor.py:756} INFO - Processing file /home/airflow/.local/lib/python3.7/site-packages/airflow/example_dags/example_external_task_marker_dag.py for tasks to queue
[2025-01-24T12:02:17.997+0000] {logging_mixin.py:120} INFO - [2025-01-24T12:02:17.997+0000] {dagbag.py:537} INFO - Filling up the DagBag from /home/airflow/.local/lib/python3.7/site-packages/airflow/example_dags/example_external_task_marker_dag.py
[2025-01-24T12:02:18.019+0000] {processor.py:766} INFO - DAG(s) dict_keys(['example_external_task_marker_child', 'example_external_task_marker_parent']) retrieved from /home/airflow/.local/lib/python3.7/site-packages/airflow/example_dags/example_external_task_marker_dag.py
[2025-01-24T12:02:18.331+0000] {logging_mixin.py:120} INFO - [2025-01-24T12:02:18.331+0000] {dag.py:2585} INFO - Sync 2 DAGs
[2025-01-24T12:02:18.386+0000] {logging_mixin.py:120} INFO - [2025-01-24T12:02:18.385+0000] {dag.py:3340} INFO - Setting next_dagrun for example_external_task_marker_child to None, run_after=None
[2025-01-24T12:02:18.394+0000] {logging_mixin.py:120} INFO - [2025-01-24T12:02:18.394+0000] {dag.py:3340} INFO - Setting next_dagrun for example_external_task_marker_parent to None, run_after=None
[2025-01-24T12:02:18.432+0000] {processor.py:176} INFO - Processing /home/airflow/.local/lib/python3.7/site-packages/airflow/example_dags/example_external_task_marker_dag.py took 0.442 seconds
[2025-01-24T12:02:48.613+0000] {processor.py:154} INFO - Started process (PID=1323) to work on /home/airflow/.local/lib/python3.7/site-packages/airflow/example_dags/example_external_task_marker_dag.py
[2025-01-24T12:02:48.614+0000] {processor.py:756} INFO - Processing file /home/airflow/.local/lib/python3.7/site-packages/airflow/example_dags/example_external_task_marker_dag.py for tasks to queue
[2025-01-24T12:02:48.615+0000] {logging_mixin.py:120} INFO - [2025-01-24T12:02:48.615+0000] {dagbag.py:537} INFO - Filling up the DagBag from /home/airflow/.local/lib/python3.7/site-packages/airflow/example_dags/example_external_task_marker_dag.py
[2025-01-24T12:02:48.637+0000] {processor.py:766} INFO - DAG(s) dict_keys(['example_external_task_marker_parent', 'example_external_task_marker_child']) retrieved from /home/airflow/.local/lib/python3.7/site-packages/airflow/example_dags/example_external_task_marker_dag.py
[2025-01-24T12:02:48.906+0000] {logging_mixin.py:120} INFO - [2025-01-24T12:02:48.905+0000] {dag.py:2585} INFO - Sync 2 DAGs
[2025-01-24T12:02:48.944+0000] {logging_mixin.py:120} INFO - [2025-01-24T12:02:48.944+0000] {dag.py:3340} INFO - Setting next_dagrun for example_external_task_marker_child to None, run_after=None
[2025-01-24T12:02:48.951+0000] {logging_mixin.py:120} INFO - [2025-01-24T12:02:48.951+0000] {dag.py:3340} INFO - Setting next_dagrun for example_external_task_marker_parent to None, run_after=None
[2025-01-24T12:02:48.980+0000] {processor.py:176} INFO - Processing /home/airflow/.local/lib/python3.7/site-packages/airflow/example_dags/example_external_task_marker_dag.py took 0.372 seconds
[2025-01-24T12:03:19.047+0000] {processor.py:154} INFO - Started process (PID=1388) to work on /home/airflow/.local/lib/python3.7/site-packages/airflow/example_dags/example_external_task_marker_dag.py
[2025-01-24T12:03:19.048+0000] {processor.py:756} INFO - Processing file /home/airflow/.local/lib/python3.7/site-packages/airflow/example_dags/example_external_task_marker_dag.py for tasks to queue
[2025-01-24T12:03:19.049+0000] {logging_mixin.py:120} INFO - [2025-01-24T12:03:19.049+0000] {dagbag.py:537} INFO - Filling up the DagBag from /home/airflow/.local/lib/python3.7/site-packages/airflow/example_dags/example_external_task_marker_dag.py
[2025-01-24T12:03:19.069+0000] {processor.py:766} INFO - DAG(s) dict_keys(['example_external_task_marker_child', 'example_external_task_marker_parent']) retrieved from /home/airflow/.local/lib/python3.7/site-packages/airflow/example_dags/example_external_task_marker_dag.py
[2025-01-24T12:03:19.311+0000] {logging_mixin.py:120} INFO - [2025-01-24T12:03:19.310+0000] {dag.py:2585} INFO - Sync 2 DAGs
[2025-01-24T12:03:19.355+0000] {logging_mixin.py:120} INFO - [2025-01-24T12:03:19.355+0000] {dag.py:3340} INFO - Setting next_dagrun for example_external_task_marker_child to None, run_after=None
[2025-01-24T12:03:19.362+0000] {logging_mixin.py:120} INFO - [2025-01-24T12:03:19.361+0000] {dag.py:3340} INFO - Setting next_dagrun for example_external_task_marker_parent to None, run_after=None
[2025-01-24T12:03:19.396+0000] {processor.py:176} INFO - Processing /home/airflow/.local/lib/python3.7/site-packages/airflow/example_dags/example_external_task_marker_dag.py took 0.354 seconds
[2025-01-24T12:03:49.537+0000] {processor.py:154} INFO - Started process (PID=1443) to work on /home/airflow/.local/lib/python3.7/site-packages/airflow/example_dags/example_external_task_marker_dag.py
[2025-01-24T12:03:49.538+0000] {processor.py:756} INFO - Processing file /home/airflow/.local/lib/python3.7/site-packages/airflow/example_dags/example_external_task_marker_dag.py for tasks to queue
[2025-01-24T12:03:49.539+0000] {logging_mixin.py:120} INFO - [2025-01-24T12:03:49.539+0000] {dagbag.py:537} INFO - Filling up the DagBag from /home/airflow/.local/lib/python3.7/site-packages/airflow/example_dags/example_external_task_marker_dag.py
[2025-01-24T12:03:49.561+0000] {processor.py:766} INFO - DAG(s) dict_keys(['example_external_task_marker_child', 'example_external_task_marker_parent']) retrieved from /home/airflow/.local/lib/python3.7/site-packages/airflow/example_dags/example_external_task_marker_dag.py
[2025-01-24T12:03:49.829+0000] {logging_mixin.py:120} INFO - [2025-01-24T12:03:49.829+0000] {dag.py:2585} INFO - Sync 2 DAGs
[2025-01-24T12:03:49.873+0000] {logging_mixin.py:120} INFO - [2025-01-24T12:03:49.873+0000] {dag.py:3340} INFO - Setting next_dagrun for example_external_task_marker_child to None, run_after=None
[2025-01-24T12:03:49.879+0000] {logging_mixin.py:120} INFO - [2025-01-24T12:03:49.878+0000] {dag.py:3340} INFO - Setting next_dagrun for example_external_task_marker_parent to None, run_after=None
[2025-01-24T12:03:49.912+0000] {processor.py:176} INFO - Processing /home/airflow/.local/lib/python3.7/site-packages/airflow/example_dags/example_external_task_marker_dag.py took 0.380 seconds
[2025-01-24T12:04:20.376+0000] {processor.py:154} INFO - Started process (PID=1506) to work on /home/airflow/.local/lib/python3.7/site-packages/airflow/example_dags/example_external_task_marker_dag.py
[2025-01-24T12:04:20.377+0000] {processor.py:756} INFO - Processing file /home/airflow/.local/lib/python3.7/site-packages/airflow/example_dags/example_external_task_marker_dag.py for tasks to queue
[2025-01-24T12:04:20.378+0000] {logging_mixin.py:120} INFO - [2025-01-24T12:04:20.378+0000] {dagbag.py:537} INFO - Filling up the DagBag from /home/airflow/.local/lib/python3.7/site-packages/airflow/example_dags/example_external_task_marker_dag.py
[2025-01-24T12:04:20.397+0000] {processor.py:766} INFO - DAG(s) dict_keys(['example_external_task_marker_child', 'example_external_task_marker_parent']) retrieved from /home/airflow/.local/lib/python3.7/site-packages/airflow/example_dags/example_external_task_marker_dag.py
[2025-01-24T12:04:20.643+0000] {logging_mixin.py:120} INFO - [2025-01-24T12:04:20.643+0000] {dag.py:2585} INFO - Sync 2 DAGs
[2025-01-24T12:04:20.682+0000] {logging_mixin.py:120} INFO - [2025-01-24T12:04:20.682+0000] {dag.py:3340} INFO - Setting next_dagrun for example_external_task_marker_child to None, run_after=None
[2025-01-24T12:04:20.687+0000] {logging_mixin.py:120} INFO - [2025-01-24T12:04:20.687+0000] {dag.py:3340} INFO - Setting next_dagrun for example_external_task_marker_parent to None, run_after=None
[2025-01-24T12:04:20.713+0000] {processor.py:176} INFO - Processing /home/airflow/.local/lib/python3.7/site-packages/airflow/example_dags/example_external_task_marker_dag.py took 0.341 seconds
[2025-01-24T12:04:51.443+0000] {processor.py:154} INFO - Started process (PID=1570) to work on /home/airflow/.local/lib/python3.7/site-packages/airflow/example_dags/example_external_task_marker_dag.py
[2025-01-24T12:04:51.444+0000] {processor.py:756} INFO - Processing file /home/airflow/.local/lib/python3.7/site-packages/airflow/example_dags/example_external_task_marker_dag.py for tasks to queue
[2025-01-24T12:04:51.444+0000] {logging_mixin.py:120} INFO - [2025-01-24T12:04:51.444+0000] {dagbag.py:537} INFO - Filling up the DagBag from /home/airflow/.local/lib/python3.7/site-packages/airflow/example_dags/example_external_task_marker_dag.py
[2025-01-24T12:04:51.465+0000] {processor.py:766} INFO - DAG(s) dict_keys(['example_external_task_marker_child', 'example_external_task_marker_parent']) retrieved from /home/airflow/.local/lib/python3.7/site-packages/airflow/example_dags/example_external_task_marker_dag.py
[2025-01-24T12:04:51.769+0000] {logging_mixin.py:120} INFO - [2025-01-24T12:04:51.769+0000] {dag.py:2585} INFO - Sync 2 DAGs
[2025-01-24T12:04:51.830+0000] {logging_mixin.py:120} INFO - [2025-01-24T12:04:51.829+0000] {dag.py:3340} INFO - Setting next_dagrun for example_external_task_marker_child to None, run_after=None
[2025-01-24T12:04:51.839+0000] {logging_mixin.py:120} INFO - [2025-01-24T12:04:51.838+0000] {dag.py:3340} INFO - Setting next_dagrun for example_external_task_marker_parent to None, run_after=None
[2025-01-24T12:04:51.882+0000] {processor.py:176} INFO - Processing /home/airflow/.local/lib/python3.7/site-packages/airflow/example_dags/example_external_task_marker_dag.py took 0.444 seconds
[2025-01-24T12:05:22.119+0000] {processor.py:154} INFO - Started process (PID=1625) to work on /home/airflow/.local/lib/python3.7/site-packages/airflow/example_dags/example_external_task_marker_dag.py
[2025-01-24T12:05:22.120+0000] {processor.py:756} INFO - Processing file /home/airflow/.local/lib/python3.7/site-packages/airflow/example_dags/example_external_task_marker_dag.py for tasks to queue
[2025-01-24T12:05:22.121+0000] {logging_mixin.py:120} INFO - [2025-01-24T12:05:22.121+0000] {dagbag.py:537} INFO - Filling up the DagBag from /home/airflow/.local/lib/python3.7/site-packages/airflow/example_dags/example_external_task_marker_dag.py
[2025-01-24T12:05:22.143+0000] {processor.py:766} INFO - DAG(s) dict_keys(['example_external_task_marker_parent', 'example_external_task_marker_child']) retrieved from /home/airflow/.local/lib/python3.7/site-packages/airflow/example_dags/example_external_task_marker_dag.py
[2025-01-24T12:05:22.437+0000] {logging_mixin.py:120} INFO - [2025-01-24T12:05:22.436+0000] {dag.py:2585} INFO - Sync 2 DAGs
[2025-01-24T12:05:22.476+0000] {logging_mixin.py:120} INFO - [2025-01-24T12:05:22.475+0000] {dag.py:3340} INFO - Setting next_dagrun for example_external_task_marker_child to None, run_after=None
[2025-01-24T12:05:22.481+0000] {logging_mixin.py:120} INFO - [2025-01-24T12:05:22.481+0000] {dag.py:3340} INFO - Setting next_dagrun for example_external_task_marker_parent to None, run_after=None
[2025-01-24T12:05:22.514+0000] {processor.py:176} INFO - Processing /home/airflow/.local/lib/python3.7/site-packages/airflow/example_dags/example_external_task_marker_dag.py took 0.399 seconds
[2025-01-24T12:05:52.670+0000] {processor.py:154} INFO - Started process (PID=1689) to work on /home/airflow/.local/lib/python3.7/site-packages/airflow/example_dags/example_external_task_marker_dag.py
[2025-01-24T12:05:52.671+0000] {processor.py:756} INFO - Processing file /home/airflow/.local/lib/python3.7/site-packages/airflow/example_dags/example_external_task_marker_dag.py for tasks to queue
[2025-01-24T12:05:52.672+0000] {logging_mixin.py:120} INFO - [2025-01-24T12:05:52.672+0000] {dagbag.py:537} INFO - Filling up the DagBag from /home/airflow/.local/lib/python3.7/site-packages/airflow/example_dags/example_external_task_marker_dag.py
[2025-01-24T12:05:52.695+0000] {processor.py:766} INFO - DAG(s) dict_keys(['example_external_task_marker_parent', 'example_external_task_marker_child']) retrieved from /home/airflow/.local/lib/python3.7/site-packages/airflow/example_dags/example_external_task_marker_dag.py
[2025-01-24T12:05:53.068+0000] {logging_mixin.py:120} INFO - [2025-01-24T12:05:53.068+0000] {dag.py:2585} INFO - Sync 2 DAGs
[2025-01-24T12:05:53.143+0000] {logging_mixin.py:120} INFO - [2025-01-24T12:05:53.143+0000] {dag.py:3340} INFO - Setting next_dagrun for example_external_task_marker_child to None, run_after=None
[2025-01-24T12:05:53.152+0000] {logging_mixin.py:120} INFO - [2025-01-24T12:05:53.151+0000] {dag.py:3340} INFO - Setting next_dagrun for example_external_task_marker_parent to None, run_after=None
[2025-01-24T12:05:53.205+0000] {processor.py:176} INFO - Processing /home/airflow/.local/lib/python3.7/site-packages/airflow/example_dags/example_external_task_marker_dag.py took 0.541 seconds
[2025-01-24T12:06:24.071+0000] {processor.py:154} INFO - Started process (PID=1745) to work on /home/airflow/.local/lib/python3.7/site-packages/airflow/example_dags/example_external_task_marker_dag.py
[2025-01-24T12:06:24.073+0000] {processor.py:756} INFO - Processing file /home/airflow/.local/lib/python3.7/site-packages/airflow/example_dags/example_external_task_marker_dag.py for tasks to queue
[2025-01-24T12:06:24.074+0000] {logging_mixin.py:120} INFO - [2025-01-24T12:06:24.074+0000] {dagbag.py:537} INFO - Filling up the DagBag from /home/airflow/.local/lib/python3.7/site-packages/airflow/example_dags/example_external_task_marker_dag.py
[2025-01-24T12:06:24.098+0000] {processor.py:766} INFO - DAG(s) dict_keys(['example_external_task_marker_child', 'example_external_task_marker_parent']) retrieved from /home/airflow/.local/lib/python3.7/site-packages/airflow/example_dags/example_external_task_marker_dag.py
[2025-01-24T12:06:24.356+0000] {logging_mixin.py:120} INFO - [2025-01-24T12:06:24.356+0000] {dag.py:2585} INFO - Sync 2 DAGs
[2025-01-24T12:06:24.396+0000] {logging_mixin.py:120} INFO - [2025-01-24T12:06:24.396+0000] {dag.py:3340} INFO - Setting next_dagrun for example_external_task_marker_child to None, run_after=None
[2025-01-24T12:06:24.401+0000] {logging_mixin.py:120} INFO - [2025-01-24T12:06:24.401+0000] {dag.py:3340} INFO - Setting next_dagrun for example_external_task_marker_parent to None, run_after=None
[2025-01-24T12:06:24.439+0000] {processor.py:176} INFO - Processing /home/airflow/.local/lib/python3.7/site-packages/airflow/example_dags/example_external_task_marker_dag.py took 0.373 seconds
