[2025-01-24T17:06:16.387+0000] {processor.py:154} INFO - Started process (PID=78) to work on /home/airflow/.local/lib/python3.7/site-packages/airflow/example_dags/example_complex.py
[2025-01-24T17:06:16.388+0000] {processor.py:756} INFO - Processing file /home/airflow/.local/lib/python3.7/site-packages/airflow/example_dags/example_complex.py for tasks to queue
[2025-01-24T17:06:16.389+0000] {logging_mixin.py:120} INFO - [2025-01-24T17:06:16.389+0000] {dagbag.py:537} INFO - Filling up the DagBag from /home/airflow/.local/lib/python3.7/site-packages/airflow/example_dags/example_complex.py
[2025-01-24T17:06:16.406+0000] {logging_mixin.py:120} INFO - [2025-01-24T17:06:16.406+0000] {taskmixin.py:205} WARNING - Dependency <Task(BashOperator): create_entry_group>, delete_entry_group already registered for DAG: example_complex
[2025-01-24T17:06:16.406+0000] {logging_mixin.py:120} INFO - [2025-01-24T17:06:16.406+0000] {taskmixin.py:205} WARNING - Dependency <Task(BashOperator): delete_entry_group>, create_entry_group already registered for DAG: example_complex
[2025-01-24T17:06:16.407+0000] {logging_mixin.py:120} INFO - [2025-01-24T17:06:16.406+0000] {taskmixin.py:205} WARNING - Dependency <Task(BashOperator): create_entry_gcs>, delete_entry already registered for DAG: example_complex
[2025-01-24T17:06:16.407+0000] {logging_mixin.py:120} INFO - [2025-01-24T17:06:16.407+0000] {taskmixin.py:205} WARNING - Dependency <Task(BashOperator): delete_entry>, create_entry_gcs already registered for DAG: example_complex
[2025-01-24T17:06:16.407+0000] {logging_mixin.py:120} INFO - [2025-01-24T17:06:16.407+0000] {taskmixin.py:205} WARNING - Dependency <Task(BashOperator): create_tag>, delete_tag already registered for DAG: example_complex
[2025-01-24T17:06:16.407+0000] {logging_mixin.py:120} INFO - [2025-01-24T17:06:16.407+0000] {taskmixin.py:205} WARNING - Dependency <Task(BashOperator): delete_tag>, create_tag already registered for DAG: example_complex
[2025-01-24T17:06:16.423+0000] {processor.py:766} INFO - DAG(s) dict_keys(['example_complex']) retrieved from /home/airflow/.local/lib/python3.7/site-packages/airflow/example_dags/example_complex.py
[2025-01-24T17:06:16.504+0000] {logging_mixin.py:120} INFO - [2025-01-24T17:06:16.504+0000] {dag.py:2585} INFO - Sync 1 DAGs
[2025-01-24T17:06:16.555+0000] {logging_mixin.py:120} INFO - [2025-01-24T17:06:16.555+0000] {dag.py:3340} INFO - Setting next_dagrun for example_complex to None, run_after=None
[2025-01-24T17:06:16.592+0000] {processor.py:176} INFO - Processing /home/airflow/.local/lib/python3.7/site-packages/airflow/example_dags/example_complex.py took 0.209 seconds
[2025-01-24T11:52:09.515+0000] {processor.py:154} INFO - Started process (PID=78) to work on /home/airflow/.local/lib/python3.7/site-packages/airflow/example_dags/example_complex.py
[2025-01-24T11:52:09.516+0000] {processor.py:756} INFO - Processing file /home/airflow/.local/lib/python3.7/site-packages/airflow/example_dags/example_complex.py for tasks to queue
[2025-01-24T11:52:09.517+0000] {logging_mixin.py:120} INFO - [2025-01-24T11:52:09.517+0000] {dagbag.py:537} INFO - Filling up the DagBag from /home/airflow/.local/lib/python3.7/site-packages/airflow/example_dags/example_complex.py
[2025-01-24T11:52:09.535+0000] {logging_mixin.py:120} INFO - [2025-01-24T11:52:09.535+0000] {taskmixin.py:205} WARNING - Dependency <Task(BashOperator): create_entry_group>, delete_entry_group already registered for DAG: example_complex
[2025-01-24T11:52:09.536+0000] {logging_mixin.py:120} INFO - [2025-01-24T11:52:09.536+0000] {taskmixin.py:205} WARNING - Dependency <Task(BashOperator): delete_entry_group>, create_entry_group already registered for DAG: example_complex
[2025-01-24T11:52:09.536+0000] {logging_mixin.py:120} INFO - [2025-01-24T11:52:09.536+0000] {taskmixin.py:205} WARNING - Dependency <Task(BashOperator): create_entry_gcs>, delete_entry already registered for DAG: example_complex
[2025-01-24T11:52:09.536+0000] {logging_mixin.py:120} INFO - [2025-01-24T11:52:09.536+0000] {taskmixin.py:205} WARNING - Dependency <Task(BashOperator): delete_entry>, create_entry_gcs already registered for DAG: example_complex
[2025-01-24T11:52:09.537+0000] {logging_mixin.py:120} INFO - [2025-01-24T11:52:09.537+0000] {taskmixin.py:205} WARNING - Dependency <Task(BashOperator): create_tag>, delete_tag already registered for DAG: example_complex
[2025-01-24T11:52:09.537+0000] {logging_mixin.py:120} INFO - [2025-01-24T11:52:09.537+0000] {taskmixin.py:205} WARNING - Dependency <Task(BashOperator): delete_tag>, create_tag already registered for DAG: example_complex
[2025-01-24T11:52:09.549+0000] {processor.py:766} INFO - DAG(s) dict_keys(['example_complex']) retrieved from /home/airflow/.local/lib/python3.7/site-packages/airflow/example_dags/example_complex.py
[2025-01-24T11:52:09.639+0000] {logging_mixin.py:120} INFO - [2025-01-24T11:52:09.638+0000] {dag.py:2585} INFO - Sync 1 DAGs
[2025-01-24T11:52:09.692+0000] {logging_mixin.py:120} INFO - [2025-01-24T11:52:09.692+0000] {dag.py:3340} INFO - Setting next_dagrun for example_complex to None, run_after=None
[2025-01-24T11:52:09.745+0000] {processor.py:176} INFO - Processing /home/airflow/.local/lib/python3.7/site-packages/airflow/example_dags/example_complex.py took 0.235 seconds
[2025-01-24T11:52:40.815+0000] {processor.py:154} INFO - Started process (PID=142) to work on /home/airflow/.local/lib/python3.7/site-packages/airflow/example_dags/example_complex.py
[2025-01-24T11:52:40.816+0000] {processor.py:756} INFO - Processing file /home/airflow/.local/lib/python3.7/site-packages/airflow/example_dags/example_complex.py for tasks to queue
[2025-01-24T11:52:40.817+0000] {logging_mixin.py:120} INFO - [2025-01-24T11:52:40.817+0000] {dagbag.py:537} INFO - Filling up the DagBag from /home/airflow/.local/lib/python3.7/site-packages/airflow/example_dags/example_complex.py
[2025-01-24T11:52:40.834+0000] {logging_mixin.py:120} INFO - [2025-01-24T11:52:40.834+0000] {taskmixin.py:205} WARNING - Dependency <Task(BashOperator): create_entry_group>, delete_entry_group already registered for DAG: example_complex
[2025-01-24T11:52:40.834+0000] {logging_mixin.py:120} INFO - [2025-01-24T11:52:40.834+0000] {taskmixin.py:205} WARNING - Dependency <Task(BashOperator): delete_entry_group>, create_entry_group already registered for DAG: example_complex
[2025-01-24T11:52:40.835+0000] {logging_mixin.py:120} INFO - [2025-01-24T11:52:40.835+0000] {taskmixin.py:205} WARNING - Dependency <Task(BashOperator): create_entry_gcs>, delete_entry already registered for DAG: example_complex
[2025-01-24T11:52:40.835+0000] {logging_mixin.py:120} INFO - [2025-01-24T11:52:40.835+0000] {taskmixin.py:205} WARNING - Dependency <Task(BashOperator): delete_entry>, create_entry_gcs already registered for DAG: example_complex
[2025-01-24T11:52:40.835+0000] {logging_mixin.py:120} INFO - [2025-01-24T11:52:40.835+0000] {taskmixin.py:205} WARNING - Dependency <Task(BashOperator): create_tag>, delete_tag already registered for DAG: example_complex
[2025-01-24T11:52:40.835+0000] {logging_mixin.py:120} INFO - [2025-01-24T11:52:40.835+0000] {taskmixin.py:205} WARNING - Dependency <Task(BashOperator): delete_tag>, create_tag already registered for DAG: example_complex
[2025-01-24T11:52:40.855+0000] {processor.py:766} INFO - DAG(s) dict_keys(['example_complex']) retrieved from /home/airflow/.local/lib/python3.7/site-packages/airflow/example_dags/example_complex.py
[2025-01-24T11:52:40.941+0000] {logging_mixin.py:120} INFO - [2025-01-24T11:52:40.940+0000] {dag.py:2585} INFO - Sync 1 DAGs
[2025-01-24T11:52:41.003+0000] {logging_mixin.py:120} INFO - [2025-01-24T11:52:41.002+0000] {dag.py:3340} INFO - Setting next_dagrun for example_complex to None, run_after=None
[2025-01-24T11:52:41.071+0000] {processor.py:176} INFO - Processing /home/airflow/.local/lib/python3.7/site-packages/airflow/example_dags/example_complex.py took 0.261 seconds
[2025-01-24T11:53:12.039+0000] {processor.py:154} INFO - Started process (PID=198) to work on /home/airflow/.local/lib/python3.7/site-packages/airflow/example_dags/example_complex.py
[2025-01-24T11:53:12.041+0000] {processor.py:756} INFO - Processing file /home/airflow/.local/lib/python3.7/site-packages/airflow/example_dags/example_complex.py for tasks to queue
[2025-01-24T11:53:12.042+0000] {logging_mixin.py:120} INFO - [2025-01-24T11:53:12.042+0000] {dagbag.py:537} INFO - Filling up the DagBag from /home/airflow/.local/lib/python3.7/site-packages/airflow/example_dags/example_complex.py
[2025-01-24T11:53:12.058+0000] {logging_mixin.py:120} INFO - [2025-01-24T11:53:12.058+0000] {taskmixin.py:205} WARNING - Dependency <Task(BashOperator): create_entry_group>, delete_entry_group already registered for DAG: example_complex
[2025-01-24T11:53:12.059+0000] {logging_mixin.py:120} INFO - [2025-01-24T11:53:12.058+0000] {taskmixin.py:205} WARNING - Dependency <Task(BashOperator): delete_entry_group>, create_entry_group already registered for DAG: example_complex
[2025-01-24T11:53:12.059+0000] {logging_mixin.py:120} INFO - [2025-01-24T11:53:12.059+0000] {taskmixin.py:205} WARNING - Dependency <Task(BashOperator): create_entry_gcs>, delete_entry already registered for DAG: example_complex
[2025-01-24T11:53:12.059+0000] {logging_mixin.py:120} INFO - [2025-01-24T11:53:12.059+0000] {taskmixin.py:205} WARNING - Dependency <Task(BashOperator): delete_entry>, create_entry_gcs already registered for DAG: example_complex
[2025-01-24T11:53:12.059+0000] {logging_mixin.py:120} INFO - [2025-01-24T11:53:12.059+0000] {taskmixin.py:205} WARNING - Dependency <Task(BashOperator): create_tag>, delete_tag already registered for DAG: example_complex
[2025-01-24T11:53:12.060+0000] {logging_mixin.py:120} INFO - [2025-01-24T11:53:12.060+0000] {taskmixin.py:205} WARNING - Dependency <Task(BashOperator): delete_tag>, create_tag already registered for DAG: example_complex
[2025-01-24T11:53:12.071+0000] {processor.py:766} INFO - DAG(s) dict_keys(['example_complex']) retrieved from /home/airflow/.local/lib/python3.7/site-packages/airflow/example_dags/example_complex.py
[2025-01-24T11:53:12.146+0000] {logging_mixin.py:120} INFO - [2025-01-24T11:53:12.146+0000] {dag.py:2585} INFO - Sync 1 DAGs
[2025-01-24T11:53:12.183+0000] {logging_mixin.py:120} INFO - [2025-01-24T11:53:12.183+0000] {dag.py:3340} INFO - Setting next_dagrun for example_complex to None, run_after=None
[2025-01-24T11:53:12.214+0000] {processor.py:176} INFO - Processing /home/airflow/.local/lib/python3.7/site-packages/airflow/example_dags/example_complex.py took 0.181 seconds
[2025-01-24T11:53:42.580+0000] {processor.py:154} INFO - Started process (PID=262) to work on /home/airflow/.local/lib/python3.7/site-packages/airflow/example_dags/example_complex.py
[2025-01-24T11:53:42.581+0000] {processor.py:756} INFO - Processing file /home/airflow/.local/lib/python3.7/site-packages/airflow/example_dags/example_complex.py for tasks to queue
[2025-01-24T11:53:42.582+0000] {logging_mixin.py:120} INFO - [2025-01-24T11:53:42.582+0000] {dagbag.py:537} INFO - Filling up the DagBag from /home/airflow/.local/lib/python3.7/site-packages/airflow/example_dags/example_complex.py
[2025-01-24T11:53:42.597+0000] {logging_mixin.py:120} INFO - [2025-01-24T11:53:42.597+0000] {taskmixin.py:205} WARNING - Dependency <Task(BashOperator): create_entry_group>, delete_entry_group already registered for DAG: example_complex
[2025-01-24T11:53:42.597+0000] {logging_mixin.py:120} INFO - [2025-01-24T11:53:42.597+0000] {taskmixin.py:205} WARNING - Dependency <Task(BashOperator): delete_entry_group>, create_entry_group already registered for DAG: example_complex
[2025-01-24T11:53:42.598+0000] {logging_mixin.py:120} INFO - [2025-01-24T11:53:42.597+0000] {taskmixin.py:205} WARNING - Dependency <Task(BashOperator): create_entry_gcs>, delete_entry already registered for DAG: example_complex
[2025-01-24T11:53:42.598+0000] {logging_mixin.py:120} INFO - [2025-01-24T11:53:42.598+0000] {taskmixin.py:205} WARNING - Dependency <Task(BashOperator): delete_entry>, create_entry_gcs already registered for DAG: example_complex
[2025-01-24T11:53:42.598+0000] {logging_mixin.py:120} INFO - [2025-01-24T11:53:42.598+0000] {taskmixin.py:205} WARNING - Dependency <Task(BashOperator): create_tag>, delete_tag already registered for DAG: example_complex
[2025-01-24T11:53:42.598+0000] {logging_mixin.py:120} INFO - [2025-01-24T11:53:42.598+0000] {taskmixin.py:205} WARNING - Dependency <Task(BashOperator): delete_tag>, create_tag already registered for DAG: example_complex
[2025-01-24T11:53:42.609+0000] {processor.py:766} INFO - DAG(s) dict_keys(['example_complex']) retrieved from /home/airflow/.local/lib/python3.7/site-packages/airflow/example_dags/example_complex.py
[2025-01-24T11:53:42.676+0000] {logging_mixin.py:120} INFO - [2025-01-24T11:53:42.675+0000] {dag.py:2585} INFO - Sync 1 DAGs
[2025-01-24T11:53:42.711+0000] {logging_mixin.py:120} INFO - [2025-01-24T11:53:42.710+0000] {dag.py:3340} INFO - Setting next_dagrun for example_complex to None, run_after=None
[2025-01-24T11:53:42.746+0000] {processor.py:176} INFO - Processing /home/airflow/.local/lib/python3.7/site-packages/airflow/example_dags/example_complex.py took 0.171 seconds
[2025-01-24T11:54:13.189+0000] {processor.py:154} INFO - Started process (PID=318) to work on /home/airflow/.local/lib/python3.7/site-packages/airflow/example_dags/example_complex.py
[2025-01-24T11:54:13.190+0000] {processor.py:756} INFO - Processing file /home/airflow/.local/lib/python3.7/site-packages/airflow/example_dags/example_complex.py for tasks to queue
[2025-01-24T11:54:13.191+0000] {logging_mixin.py:120} INFO - [2025-01-24T11:54:13.191+0000] {dagbag.py:537} INFO - Filling up the DagBag from /home/airflow/.local/lib/python3.7/site-packages/airflow/example_dags/example_complex.py
[2025-01-24T11:54:13.207+0000] {logging_mixin.py:120} INFO - [2025-01-24T11:54:13.207+0000] {taskmixin.py:205} WARNING - Dependency <Task(BashOperator): create_entry_group>, delete_entry_group already registered for DAG: example_complex
[2025-01-24T11:54:13.207+0000] {logging_mixin.py:120} INFO - [2025-01-24T11:54:13.207+0000] {taskmixin.py:205} WARNING - Dependency <Task(BashOperator): delete_entry_group>, create_entry_group already registered for DAG: example_complex
[2025-01-24T11:54:13.208+0000] {logging_mixin.py:120} INFO - [2025-01-24T11:54:13.208+0000] {taskmixin.py:205} WARNING - Dependency <Task(BashOperator): create_entry_gcs>, delete_entry already registered for DAG: example_complex
[2025-01-24T11:54:13.208+0000] {logging_mixin.py:120} INFO - [2025-01-24T11:54:13.208+0000] {taskmixin.py:205} WARNING - Dependency <Task(BashOperator): delete_entry>, create_entry_gcs already registered for DAG: example_complex
[2025-01-24T11:54:13.208+0000] {logging_mixin.py:120} INFO - [2025-01-24T11:54:13.208+0000] {taskmixin.py:205} WARNING - Dependency <Task(BashOperator): create_tag>, delete_tag already registered for DAG: example_complex
[2025-01-24T11:54:13.208+0000] {logging_mixin.py:120} INFO - [2025-01-24T11:54:13.208+0000] {taskmixin.py:205} WARNING - Dependency <Task(BashOperator): delete_tag>, create_tag already registered for DAG: example_complex
[2025-01-24T11:54:13.221+0000] {processor.py:766} INFO - DAG(s) dict_keys(['example_complex']) retrieved from /home/airflow/.local/lib/python3.7/site-packages/airflow/example_dags/example_complex.py
[2025-01-24T11:54:13.287+0000] {logging_mixin.py:120} INFO - [2025-01-24T11:54:13.287+0000] {dag.py:2585} INFO - Sync 1 DAGs
[2025-01-24T11:54:13.325+0000] {logging_mixin.py:120} INFO - [2025-01-24T11:54:13.325+0000] {dag.py:3340} INFO - Setting next_dagrun for example_complex to None, run_after=None
[2025-01-24T11:54:13.369+0000] {processor.py:176} INFO - Processing /home/airflow/.local/lib/python3.7/site-packages/airflow/example_dags/example_complex.py took 0.185 seconds
[2025-01-24T11:54:44.040+0000] {processor.py:154} INFO - Started process (PID=381) to work on /home/airflow/.local/lib/python3.7/site-packages/airflow/example_dags/example_complex.py
[2025-01-24T11:54:44.042+0000] {processor.py:756} INFO - Processing file /home/airflow/.local/lib/python3.7/site-packages/airflow/example_dags/example_complex.py for tasks to queue
[2025-01-24T11:54:44.043+0000] {logging_mixin.py:120} INFO - [2025-01-24T11:54:44.042+0000] {dagbag.py:537} INFO - Filling up the DagBag from /home/airflow/.local/lib/python3.7/site-packages/airflow/example_dags/example_complex.py
[2025-01-24T11:54:44.058+0000] {logging_mixin.py:120} INFO - [2025-01-24T11:54:44.058+0000] {taskmixin.py:205} WARNING - Dependency <Task(BashOperator): create_entry_group>, delete_entry_group already registered for DAG: example_complex
[2025-01-24T11:54:44.059+0000] {logging_mixin.py:120} INFO - [2025-01-24T11:54:44.058+0000] {taskmixin.py:205} WARNING - Dependency <Task(BashOperator): delete_entry_group>, create_entry_group already registered for DAG: example_complex
[2025-01-24T11:54:44.059+0000] {logging_mixin.py:120} INFO - [2025-01-24T11:54:44.059+0000] {taskmixin.py:205} WARNING - Dependency <Task(BashOperator): create_entry_gcs>, delete_entry already registered for DAG: example_complex
[2025-01-24T11:54:44.060+0000] {logging_mixin.py:120} INFO - [2025-01-24T11:54:44.059+0000] {taskmixin.py:205} WARNING - Dependency <Task(BashOperator): delete_entry>, create_entry_gcs already registered for DAG: example_complex
[2025-01-24T11:54:44.060+0000] {logging_mixin.py:120} INFO - [2025-01-24T11:54:44.060+0000] {taskmixin.py:205} WARNING - Dependency <Task(BashOperator): create_tag>, delete_tag already registered for DAG: example_complex
[2025-01-24T11:54:44.061+0000] {logging_mixin.py:120} INFO - [2025-01-24T11:54:44.061+0000] {taskmixin.py:205} WARNING - Dependency <Task(BashOperator): delete_tag>, create_tag already registered for DAG: example_complex
[2025-01-24T11:54:44.074+0000] {processor.py:766} INFO - DAG(s) dict_keys(['example_complex']) retrieved from /home/airflow/.local/lib/python3.7/site-packages/airflow/example_dags/example_complex.py
[2025-01-24T11:54:44.152+0000] {logging_mixin.py:120} INFO - [2025-01-24T11:54:44.151+0000] {dag.py:2585} INFO - Sync 1 DAGs
[2025-01-24T11:54:44.194+0000] {logging_mixin.py:120} INFO - [2025-01-24T11:54:44.193+0000] {dag.py:3340} INFO - Setting next_dagrun for example_complex to None, run_after=None
[2025-01-24T11:54:44.241+0000] {processor.py:176} INFO - Processing /home/airflow/.local/lib/python3.7/site-packages/airflow/example_dags/example_complex.py took 0.206 seconds
[2025-01-24T11:55:14.676+0000] {processor.py:154} INFO - Started process (PID=445) to work on /home/airflow/.local/lib/python3.7/site-packages/airflow/example_dags/example_complex.py
[2025-01-24T11:55:14.677+0000] {processor.py:756} INFO - Processing file /home/airflow/.local/lib/python3.7/site-packages/airflow/example_dags/example_complex.py for tasks to queue
[2025-01-24T11:55:14.678+0000] {logging_mixin.py:120} INFO - [2025-01-24T11:55:14.678+0000] {dagbag.py:537} INFO - Filling up the DagBag from /home/airflow/.local/lib/python3.7/site-packages/airflow/example_dags/example_complex.py
[2025-01-24T11:55:14.700+0000] {logging_mixin.py:120} INFO - [2025-01-24T11:55:14.700+0000] {taskmixin.py:205} WARNING - Dependency <Task(BashOperator): create_entry_group>, delete_entry_group already registered for DAG: example_complex
[2025-01-24T11:55:14.701+0000] {logging_mixin.py:120} INFO - [2025-01-24T11:55:14.701+0000] {taskmixin.py:205} WARNING - Dependency <Task(BashOperator): delete_entry_group>, create_entry_group already registered for DAG: example_complex
[2025-01-24T11:55:14.701+0000] {logging_mixin.py:120} INFO - [2025-01-24T11:55:14.701+0000] {taskmixin.py:205} WARNING - Dependency <Task(BashOperator): create_entry_gcs>, delete_entry already registered for DAG: example_complex
[2025-01-24T11:55:14.701+0000] {logging_mixin.py:120} INFO - [2025-01-24T11:55:14.701+0000] {taskmixin.py:205} WARNING - Dependency <Task(BashOperator): delete_entry>, create_entry_gcs already registered for DAG: example_complex
[2025-01-24T11:55:14.702+0000] {logging_mixin.py:120} INFO - [2025-01-24T11:55:14.702+0000] {taskmixin.py:205} WARNING - Dependency <Task(BashOperator): create_tag>, delete_tag already registered for DAG: example_complex
[2025-01-24T11:55:14.703+0000] {logging_mixin.py:120} INFO - [2025-01-24T11:55:14.702+0000] {taskmixin.py:205} WARNING - Dependency <Task(BashOperator): delete_tag>, create_tag already registered for DAG: example_complex
[2025-01-24T11:55:14.714+0000] {processor.py:766} INFO - DAG(s) dict_keys(['example_complex']) retrieved from /home/airflow/.local/lib/python3.7/site-packages/airflow/example_dags/example_complex.py
[2025-01-24T11:55:14.786+0000] {logging_mixin.py:120} INFO - [2025-01-24T11:55:14.785+0000] {dag.py:2585} INFO - Sync 1 DAGs
[2025-01-24T11:55:14.825+0000] {logging_mixin.py:120} INFO - [2025-01-24T11:55:14.824+0000] {dag.py:3340} INFO - Setting next_dagrun for example_complex to None, run_after=None
[2025-01-24T11:55:14.868+0000] {processor.py:176} INFO - Processing /home/airflow/.local/lib/python3.7/site-packages/airflow/example_dags/example_complex.py took 0.197 seconds
[2025-01-24T11:55:45.124+0000] {processor.py:154} INFO - Started process (PID=500) to work on /home/airflow/.local/lib/python3.7/site-packages/airflow/example_dags/example_complex.py
[2025-01-24T11:55:45.126+0000] {processor.py:756} INFO - Processing file /home/airflow/.local/lib/python3.7/site-packages/airflow/example_dags/example_complex.py for tasks to queue
[2025-01-24T11:55:45.126+0000] {logging_mixin.py:120} INFO - [2025-01-24T11:55:45.126+0000] {dagbag.py:537} INFO - Filling up the DagBag from /home/airflow/.local/lib/python3.7/site-packages/airflow/example_dags/example_complex.py
[2025-01-24T11:55:45.143+0000] {logging_mixin.py:120} INFO - [2025-01-24T11:55:45.143+0000] {taskmixin.py:205} WARNING - Dependency <Task(BashOperator): create_entry_group>, delete_entry_group already registered for DAG: example_complex
[2025-01-24T11:55:45.143+0000] {logging_mixin.py:120} INFO - [2025-01-24T11:55:45.143+0000] {taskmixin.py:205} WARNING - Dependency <Task(BashOperator): delete_entry_group>, create_entry_group already registered for DAG: example_complex
[2025-01-24T11:55:45.144+0000] {logging_mixin.py:120} INFO - [2025-01-24T11:55:45.143+0000] {taskmixin.py:205} WARNING - Dependency <Task(BashOperator): create_entry_gcs>, delete_entry already registered for DAG: example_complex
[2025-01-24T11:55:45.144+0000] {logging_mixin.py:120} INFO - [2025-01-24T11:55:45.144+0000] {taskmixin.py:205} WARNING - Dependency <Task(BashOperator): delete_entry>, create_entry_gcs already registered for DAG: example_complex
[2025-01-24T11:55:45.144+0000] {logging_mixin.py:120} INFO - [2025-01-24T11:55:45.144+0000] {taskmixin.py:205} WARNING - Dependency <Task(BashOperator): create_tag>, delete_tag already registered for DAG: example_complex
[2025-01-24T11:55:45.144+0000] {logging_mixin.py:120} INFO - [2025-01-24T11:55:45.144+0000] {taskmixin.py:205} WARNING - Dependency <Task(BashOperator): delete_tag>, create_tag already registered for DAG: example_complex
[2025-01-24T11:55:45.155+0000] {processor.py:766} INFO - DAG(s) dict_keys(['example_complex']) retrieved from /home/airflow/.local/lib/python3.7/site-packages/airflow/example_dags/example_complex.py
[2025-01-24T11:55:45.230+0000] {logging_mixin.py:120} INFO - [2025-01-24T11:55:45.230+0000] {dag.py:2585} INFO - Sync 1 DAGs
[2025-01-24T11:55:45.270+0000] {logging_mixin.py:120} INFO - [2025-01-24T11:55:45.269+0000] {dag.py:3340} INFO - Setting next_dagrun for example_complex to None, run_after=None
[2025-01-24T11:55:45.299+0000] {processor.py:176} INFO - Processing /home/airflow/.local/lib/python3.7/site-packages/airflow/example_dags/example_complex.py took 0.179 seconds
[2025-01-24T11:56:15.943+0000] {processor.py:154} INFO - Started process (PID=565) to work on /home/airflow/.local/lib/python3.7/site-packages/airflow/example_dags/example_complex.py
[2025-01-24T11:56:15.944+0000] {processor.py:756} INFO - Processing file /home/airflow/.local/lib/python3.7/site-packages/airflow/example_dags/example_complex.py for tasks to queue
[2025-01-24T11:56:15.944+0000] {logging_mixin.py:120} INFO - [2025-01-24T11:56:15.944+0000] {dagbag.py:537} INFO - Filling up the DagBag from /home/airflow/.local/lib/python3.7/site-packages/airflow/example_dags/example_complex.py
[2025-01-24T11:56:15.957+0000] {logging_mixin.py:120} INFO - [2025-01-24T11:56:15.956+0000] {taskmixin.py:205} WARNING - Dependency <Task(BashOperator): create_entry_group>, delete_entry_group already registered for DAG: example_complex
[2025-01-24T11:56:15.957+0000] {logging_mixin.py:120} INFO - [2025-01-24T11:56:15.957+0000] {taskmixin.py:205} WARNING - Dependency <Task(BashOperator): delete_entry_group>, create_entry_group already registered for DAG: example_complex
[2025-01-24T11:56:15.957+0000] {logging_mixin.py:120} INFO - [2025-01-24T11:56:15.957+0000] {taskmixin.py:205} WARNING - Dependency <Task(BashOperator): create_entry_gcs>, delete_entry already registered for DAG: example_complex
[2025-01-24T11:56:15.957+0000] {logging_mixin.py:120} INFO - [2025-01-24T11:56:15.957+0000] {taskmixin.py:205} WARNING - Dependency <Task(BashOperator): delete_entry>, create_entry_gcs already registered for DAG: example_complex
[2025-01-24T11:56:15.957+0000] {logging_mixin.py:120} INFO - [2025-01-24T11:56:15.957+0000] {taskmixin.py:205} WARNING - Dependency <Task(BashOperator): create_tag>, delete_tag already registered for DAG: example_complex
[2025-01-24T11:56:15.957+0000] {logging_mixin.py:120} INFO - [2025-01-24T11:56:15.957+0000] {taskmixin.py:205} WARNING - Dependency <Task(BashOperator): delete_tag>, create_tag already registered for DAG: example_complex
[2025-01-24T11:56:15.966+0000] {processor.py:766} INFO - DAG(s) dict_keys(['example_complex']) retrieved from /home/airflow/.local/lib/python3.7/site-packages/airflow/example_dags/example_complex.py
[2025-01-24T11:56:16.029+0000] {logging_mixin.py:120} INFO - [2025-01-24T11:56:16.028+0000] {dag.py:2585} INFO - Sync 1 DAGs
[2025-01-24T11:56:16.062+0000] {logging_mixin.py:120} INFO - [2025-01-24T11:56:16.061+0000] {dag.py:3340} INFO - Setting next_dagrun for example_complex to None, run_after=None
[2025-01-24T11:56:16.101+0000] {processor.py:176} INFO - Processing /home/airflow/.local/lib/python3.7/site-packages/airflow/example_dags/example_complex.py took 0.161 seconds
[2025-01-24T11:56:46.487+0000] {processor.py:154} INFO - Started process (PID=620) to work on /home/airflow/.local/lib/python3.7/site-packages/airflow/example_dags/example_complex.py
[2025-01-24T11:56:46.488+0000] {processor.py:756} INFO - Processing file /home/airflow/.local/lib/python3.7/site-packages/airflow/example_dags/example_complex.py for tasks to queue
[2025-01-24T11:56:46.489+0000] {logging_mixin.py:120} INFO - [2025-01-24T11:56:46.489+0000] {dagbag.py:537} INFO - Filling up the DagBag from /home/airflow/.local/lib/python3.7/site-packages/airflow/example_dags/example_complex.py
[2025-01-24T11:56:46.504+0000] {logging_mixin.py:120} INFO - [2025-01-24T11:56:46.504+0000] {taskmixin.py:205} WARNING - Dependency <Task(BashOperator): create_entry_group>, delete_entry_group already registered for DAG: example_complex
[2025-01-24T11:56:46.504+0000] {logging_mixin.py:120} INFO - [2025-01-24T11:56:46.504+0000] {taskmixin.py:205} WARNING - Dependency <Task(BashOperator): delete_entry_group>, create_entry_group already registered for DAG: example_complex
[2025-01-24T11:56:46.504+0000] {logging_mixin.py:120} INFO - [2025-01-24T11:56:46.504+0000] {taskmixin.py:205} WARNING - Dependency <Task(BashOperator): create_entry_gcs>, delete_entry already registered for DAG: example_complex
[2025-01-24T11:56:46.504+0000] {logging_mixin.py:120} INFO - [2025-01-24T11:56:46.504+0000] {taskmixin.py:205} WARNING - Dependency <Task(BashOperator): delete_entry>, create_entry_gcs already registered for DAG: example_complex
[2025-01-24T11:56:46.505+0000] {logging_mixin.py:120} INFO - [2025-01-24T11:56:46.505+0000] {taskmixin.py:205} WARNING - Dependency <Task(BashOperator): create_tag>, delete_tag already registered for DAG: example_complex
[2025-01-24T11:56:46.505+0000] {logging_mixin.py:120} INFO - [2025-01-24T11:56:46.505+0000] {taskmixin.py:205} WARNING - Dependency <Task(BashOperator): delete_tag>, create_tag already registered for DAG: example_complex
[2025-01-24T11:56:46.515+0000] {processor.py:766} INFO - DAG(s) dict_keys(['example_complex']) retrieved from /home/airflow/.local/lib/python3.7/site-packages/airflow/example_dags/example_complex.py
[2025-01-24T11:56:46.582+0000] {logging_mixin.py:120} INFO - [2025-01-24T11:56:46.581+0000] {dag.py:2585} INFO - Sync 1 DAGs
[2025-01-24T11:56:46.614+0000] {logging_mixin.py:120} INFO - [2025-01-24T11:56:46.614+0000] {dag.py:3340} INFO - Setting next_dagrun for example_complex to None, run_after=None
[2025-01-24T11:56:46.654+0000] {processor.py:176} INFO - Processing /home/airflow/.local/lib/python3.7/site-packages/airflow/example_dags/example_complex.py took 0.171 seconds
[2025-01-24T11:57:16.855+0000] {processor.py:154} INFO - Started process (PID=684) to work on /home/airflow/.local/lib/python3.7/site-packages/airflow/example_dags/example_complex.py
[2025-01-24T11:57:16.857+0000] {processor.py:756} INFO - Processing file /home/airflow/.local/lib/python3.7/site-packages/airflow/example_dags/example_complex.py for tasks to queue
[2025-01-24T11:57:16.858+0000] {logging_mixin.py:120} INFO - [2025-01-24T11:57:16.857+0000] {dagbag.py:537} INFO - Filling up the DagBag from /home/airflow/.local/lib/python3.7/site-packages/airflow/example_dags/example_complex.py
[2025-01-24T11:57:16.873+0000] {logging_mixin.py:120} INFO - [2025-01-24T11:57:16.873+0000] {taskmixin.py:205} WARNING - Dependency <Task(BashOperator): create_entry_group>, delete_entry_group already registered for DAG: example_complex
[2025-01-24T11:57:16.874+0000] {logging_mixin.py:120} INFO - [2025-01-24T11:57:16.874+0000] {taskmixin.py:205} WARNING - Dependency <Task(BashOperator): delete_entry_group>, create_entry_group already registered for DAG: example_complex
[2025-01-24T11:57:16.874+0000] {logging_mixin.py:120} INFO - [2025-01-24T11:57:16.874+0000] {taskmixin.py:205} WARNING - Dependency <Task(BashOperator): create_entry_gcs>, delete_entry already registered for DAG: example_complex
[2025-01-24T11:57:16.874+0000] {logging_mixin.py:120} INFO - [2025-01-24T11:57:16.874+0000] {taskmixin.py:205} WARNING - Dependency <Task(BashOperator): delete_entry>, create_entry_gcs already registered for DAG: example_complex
[2025-01-24T11:57:16.875+0000] {logging_mixin.py:120} INFO - [2025-01-24T11:57:16.874+0000] {taskmixin.py:205} WARNING - Dependency <Task(BashOperator): create_tag>, delete_tag already registered for DAG: example_complex
[2025-01-24T11:57:16.875+0000] {logging_mixin.py:120} INFO - [2025-01-24T11:57:16.875+0000] {taskmixin.py:205} WARNING - Dependency <Task(BashOperator): delete_tag>, create_tag already registered for DAG: example_complex
[2025-01-24T11:57:16.886+0000] {processor.py:766} INFO - DAG(s) dict_keys(['example_complex']) retrieved from /home/airflow/.local/lib/python3.7/site-packages/airflow/example_dags/example_complex.py
[2025-01-24T11:57:16.955+0000] {logging_mixin.py:120} INFO - [2025-01-24T11:57:16.955+0000] {dag.py:2585} INFO - Sync 1 DAGs
[2025-01-24T11:57:16.999+0000] {logging_mixin.py:120} INFO - [2025-01-24T11:57:16.999+0000] {dag.py:3340} INFO - Setting next_dagrun for example_complex to None, run_after=None
[2025-01-24T11:57:17.044+0000] {processor.py:176} INFO - Processing /home/airflow/.local/lib/python3.7/site-packages/airflow/example_dags/example_complex.py took 0.193 seconds
[2025-01-24T11:57:47.604+0000] {processor.py:154} INFO - Started process (PID=746) to work on /home/airflow/.local/lib/python3.7/site-packages/airflow/example_dags/example_complex.py
[2025-01-24T11:57:47.605+0000] {processor.py:756} INFO - Processing file /home/airflow/.local/lib/python3.7/site-packages/airflow/example_dags/example_complex.py for tasks to queue
[2025-01-24T11:57:47.606+0000] {logging_mixin.py:120} INFO - [2025-01-24T11:57:47.606+0000] {dagbag.py:537} INFO - Filling up the DagBag from /home/airflow/.local/lib/python3.7/site-packages/airflow/example_dags/example_complex.py
[2025-01-24T11:57:47.622+0000] {logging_mixin.py:120} INFO - [2025-01-24T11:57:47.621+0000] {taskmixin.py:205} WARNING - Dependency <Task(BashOperator): create_entry_group>, delete_entry_group already registered for DAG: example_complex
[2025-01-24T11:57:47.622+0000] {logging_mixin.py:120} INFO - [2025-01-24T11:57:47.622+0000] {taskmixin.py:205} WARNING - Dependency <Task(BashOperator): delete_entry_group>, create_entry_group already registered for DAG: example_complex
[2025-01-24T11:57:47.622+0000] {logging_mixin.py:120} INFO - [2025-01-24T11:57:47.622+0000] {taskmixin.py:205} WARNING - Dependency <Task(BashOperator): create_entry_gcs>, delete_entry already registered for DAG: example_complex
[2025-01-24T11:57:47.622+0000] {logging_mixin.py:120} INFO - [2025-01-24T11:57:47.622+0000] {taskmixin.py:205} WARNING - Dependency <Task(BashOperator): delete_entry>, create_entry_gcs already registered for DAG: example_complex
[2025-01-24T11:57:47.623+0000] {logging_mixin.py:120} INFO - [2025-01-24T11:57:47.623+0000] {taskmixin.py:205} WARNING - Dependency <Task(BashOperator): create_tag>, delete_tag already registered for DAG: example_complex
[2025-01-24T11:57:47.623+0000] {logging_mixin.py:120} INFO - [2025-01-24T11:57:47.623+0000] {taskmixin.py:205} WARNING - Dependency <Task(BashOperator): delete_tag>, create_tag already registered for DAG: example_complex
[2025-01-24T11:57:47.635+0000] {processor.py:766} INFO - DAG(s) dict_keys(['example_complex']) retrieved from /home/airflow/.local/lib/python3.7/site-packages/airflow/example_dags/example_complex.py
[2025-01-24T11:57:47.712+0000] {logging_mixin.py:120} INFO - [2025-01-24T11:57:47.712+0000] {dag.py:2585} INFO - Sync 1 DAGs
[2025-01-24T11:57:47.756+0000] {logging_mixin.py:120} INFO - [2025-01-24T11:57:47.756+0000] {dag.py:3340} INFO - Setting next_dagrun for example_complex to None, run_after=None
[2025-01-24T11:57:47.806+0000] {processor.py:176} INFO - Processing /home/airflow/.local/lib/python3.7/site-packages/airflow/example_dags/example_complex.py took 0.207 seconds
[2025-01-24T11:58:18.004+0000] {processor.py:154} INFO - Started process (PID=804) to work on /home/airflow/.local/lib/python3.7/site-packages/airflow/example_dags/example_complex.py
[2025-01-24T11:58:18.005+0000] {processor.py:756} INFO - Processing file /home/airflow/.local/lib/python3.7/site-packages/airflow/example_dags/example_complex.py for tasks to queue
[2025-01-24T11:58:18.005+0000] {logging_mixin.py:120} INFO - [2025-01-24T11:58:18.005+0000] {dagbag.py:537} INFO - Filling up the DagBag from /home/airflow/.local/lib/python3.7/site-packages/airflow/example_dags/example_complex.py
[2025-01-24T11:58:18.019+0000] {logging_mixin.py:120} INFO - [2025-01-24T11:58:18.019+0000] {taskmixin.py:205} WARNING - Dependency <Task(BashOperator): create_entry_group>, delete_entry_group already registered for DAG: example_complex
[2025-01-24T11:58:18.020+0000] {logging_mixin.py:120} INFO - [2025-01-24T11:58:18.019+0000] {taskmixin.py:205} WARNING - Dependency <Task(BashOperator): delete_entry_group>, create_entry_group already registered for DAG: example_complex
[2025-01-24T11:58:18.020+0000] {logging_mixin.py:120} INFO - [2025-01-24T11:58:18.020+0000] {taskmixin.py:205} WARNING - Dependency <Task(BashOperator): create_entry_gcs>, delete_entry already registered for DAG: example_complex
[2025-01-24T11:58:18.020+0000] {logging_mixin.py:120} INFO - [2025-01-24T11:58:18.020+0000] {taskmixin.py:205} WARNING - Dependency <Task(BashOperator): delete_entry>, create_entry_gcs already registered for DAG: example_complex
[2025-01-24T11:58:18.020+0000] {logging_mixin.py:120} INFO - [2025-01-24T11:58:18.020+0000] {taskmixin.py:205} WARNING - Dependency <Task(BashOperator): create_tag>, delete_tag already registered for DAG: example_complex
[2025-01-24T11:58:18.021+0000] {logging_mixin.py:120} INFO - [2025-01-24T11:58:18.020+0000] {taskmixin.py:205} WARNING - Dependency <Task(BashOperator): delete_tag>, create_tag already registered for DAG: example_complex
[2025-01-24T11:58:18.030+0000] {processor.py:766} INFO - DAG(s) dict_keys(['example_complex']) retrieved from /home/airflow/.local/lib/python3.7/site-packages/airflow/example_dags/example_complex.py
[2025-01-24T11:58:18.097+0000] {logging_mixin.py:120} INFO - [2025-01-24T11:58:18.097+0000] {dag.py:2585} INFO - Sync 1 DAGs
[2025-01-24T11:58:18.135+0000] {logging_mixin.py:120} INFO - [2025-01-24T11:58:18.135+0000] {dag.py:3340} INFO - Setting next_dagrun for example_complex to None, run_after=None
[2025-01-24T11:58:18.169+0000] {processor.py:176} INFO - Processing /home/airflow/.local/lib/python3.7/site-packages/airflow/example_dags/example_complex.py took 0.169 seconds
[2025-01-24T11:58:48.533+0000] {processor.py:154} INFO - Started process (PID=868) to work on /home/airflow/.local/lib/python3.7/site-packages/airflow/example_dags/example_complex.py
[2025-01-24T11:58:48.534+0000] {processor.py:756} INFO - Processing file /home/airflow/.local/lib/python3.7/site-packages/airflow/example_dags/example_complex.py for tasks to queue
[2025-01-24T11:58:48.535+0000] {logging_mixin.py:120} INFO - [2025-01-24T11:58:48.535+0000] {dagbag.py:537} INFO - Filling up the DagBag from /home/airflow/.local/lib/python3.7/site-packages/airflow/example_dags/example_complex.py
[2025-01-24T11:58:48.549+0000] {logging_mixin.py:120} INFO - [2025-01-24T11:58:48.549+0000] {taskmixin.py:205} WARNING - Dependency <Task(BashOperator): create_entry_group>, delete_entry_group already registered for DAG: example_complex
[2025-01-24T11:58:48.550+0000] {logging_mixin.py:120} INFO - [2025-01-24T11:58:48.549+0000] {taskmixin.py:205} WARNING - Dependency <Task(BashOperator): delete_entry_group>, create_entry_group already registered for DAG: example_complex
[2025-01-24T11:58:48.550+0000] {logging_mixin.py:120} INFO - [2025-01-24T11:58:48.550+0000] {taskmixin.py:205} WARNING - Dependency <Task(BashOperator): create_entry_gcs>, delete_entry already registered for DAG: example_complex
[2025-01-24T11:58:48.550+0000] {logging_mixin.py:120} INFO - [2025-01-24T11:58:48.550+0000] {taskmixin.py:205} WARNING - Dependency <Task(BashOperator): delete_entry>, create_entry_gcs already registered for DAG: example_complex
[2025-01-24T11:58:48.550+0000] {logging_mixin.py:120} INFO - [2025-01-24T11:58:48.550+0000] {taskmixin.py:205} WARNING - Dependency <Task(BashOperator): create_tag>, delete_tag already registered for DAG: example_complex
[2025-01-24T11:58:48.551+0000] {logging_mixin.py:120} INFO - [2025-01-24T11:58:48.550+0000] {taskmixin.py:205} WARNING - Dependency <Task(BashOperator): delete_tag>, create_tag already registered for DAG: example_complex
[2025-01-24T11:58:48.561+0000] {processor.py:766} INFO - DAG(s) dict_keys(['example_complex']) retrieved from /home/airflow/.local/lib/python3.7/site-packages/airflow/example_dags/example_complex.py
[2025-01-24T11:58:48.628+0000] {logging_mixin.py:120} INFO - [2025-01-24T11:58:48.628+0000] {dag.py:2585} INFO - Sync 1 DAGs
[2025-01-24T11:58:48.660+0000] {logging_mixin.py:120} INFO - [2025-01-24T11:58:48.660+0000] {dag.py:3340} INFO - Setting next_dagrun for example_complex to None, run_after=None
[2025-01-24T11:58:48.705+0000] {processor.py:176} INFO - Processing /home/airflow/.local/lib/python3.7/site-packages/airflow/example_dags/example_complex.py took 0.176 seconds
[2025-01-24T11:59:18.843+0000] {processor.py:154} INFO - Started process (PID=923) to work on /home/airflow/.local/lib/python3.7/site-packages/airflow/example_dags/example_complex.py
[2025-01-24T11:59:18.845+0000] {processor.py:756} INFO - Processing file /home/airflow/.local/lib/python3.7/site-packages/airflow/example_dags/example_complex.py for tasks to queue
[2025-01-24T11:59:18.845+0000] {logging_mixin.py:120} INFO - [2025-01-24T11:59:18.845+0000] {dagbag.py:537} INFO - Filling up the DagBag from /home/airflow/.local/lib/python3.7/site-packages/airflow/example_dags/example_complex.py
[2025-01-24T11:59:18.861+0000] {logging_mixin.py:120} INFO - [2025-01-24T11:59:18.861+0000] {taskmixin.py:205} WARNING - Dependency <Task(BashOperator): create_entry_group>, delete_entry_group already registered for DAG: example_complex
[2025-01-24T11:59:18.861+0000] {logging_mixin.py:120} INFO - [2025-01-24T11:59:18.861+0000] {taskmixin.py:205} WARNING - Dependency <Task(BashOperator): delete_entry_group>, create_entry_group already registered for DAG: example_complex
[2025-01-24T11:59:18.861+0000] {logging_mixin.py:120} INFO - [2025-01-24T11:59:18.861+0000] {taskmixin.py:205} WARNING - Dependency <Task(BashOperator): create_entry_gcs>, delete_entry already registered for DAG: example_complex
[2025-01-24T11:59:18.862+0000] {logging_mixin.py:120} INFO - [2025-01-24T11:59:18.862+0000] {taskmixin.py:205} WARNING - Dependency <Task(BashOperator): delete_entry>, create_entry_gcs already registered for DAG: example_complex
[2025-01-24T11:59:18.862+0000] {logging_mixin.py:120} INFO - [2025-01-24T11:59:18.862+0000] {taskmixin.py:205} WARNING - Dependency <Task(BashOperator): create_tag>, delete_tag already registered for DAG: example_complex
[2025-01-24T11:59:18.862+0000] {logging_mixin.py:120} INFO - [2025-01-24T11:59:18.862+0000] {taskmixin.py:205} WARNING - Dependency <Task(BashOperator): delete_tag>, create_tag already registered for DAG: example_complex
[2025-01-24T11:59:18.873+0000] {processor.py:766} INFO - DAG(s) dict_keys(['example_complex']) retrieved from /home/airflow/.local/lib/python3.7/site-packages/airflow/example_dags/example_complex.py
[2025-01-24T11:59:18.946+0000] {logging_mixin.py:120} INFO - [2025-01-24T11:59:18.945+0000] {dag.py:2585} INFO - Sync 1 DAGs
[2025-01-24T11:59:18.995+0000] {logging_mixin.py:120} INFO - [2025-01-24T11:59:18.995+0000] {dag.py:3340} INFO - Setting next_dagrun for example_complex to None, run_after=None
[2025-01-24T11:59:19.033+0000] {processor.py:176} INFO - Processing /home/airflow/.local/lib/python3.7/site-packages/airflow/example_dags/example_complex.py took 0.194 seconds
[2025-01-24T11:59:49.314+0000] {processor.py:154} INFO - Started process (PID=987) to work on /home/airflow/.local/lib/python3.7/site-packages/airflow/example_dags/example_complex.py
[2025-01-24T11:59:49.315+0000] {processor.py:756} INFO - Processing file /home/airflow/.local/lib/python3.7/site-packages/airflow/example_dags/example_complex.py for tasks to queue
[2025-01-24T11:59:49.316+0000] {logging_mixin.py:120} INFO - [2025-01-24T11:59:49.316+0000] {dagbag.py:537} INFO - Filling up the DagBag from /home/airflow/.local/lib/python3.7/site-packages/airflow/example_dags/example_complex.py
[2025-01-24T11:59:49.329+0000] {logging_mixin.py:120} INFO - [2025-01-24T11:59:49.328+0000] {taskmixin.py:205} WARNING - Dependency <Task(BashOperator): create_entry_group>, delete_entry_group already registered for DAG: example_complex
[2025-01-24T11:59:49.329+0000] {logging_mixin.py:120} INFO - [2025-01-24T11:59:49.329+0000] {taskmixin.py:205} WARNING - Dependency <Task(BashOperator): delete_entry_group>, create_entry_group already registered for DAG: example_complex
[2025-01-24T11:59:49.329+0000] {logging_mixin.py:120} INFO - [2025-01-24T11:59:49.329+0000] {taskmixin.py:205} WARNING - Dependency <Task(BashOperator): create_entry_gcs>, delete_entry already registered for DAG: example_complex
[2025-01-24T11:59:49.329+0000] {logging_mixin.py:120} INFO - [2025-01-24T11:59:49.329+0000] {taskmixin.py:205} WARNING - Dependency <Task(BashOperator): delete_entry>, create_entry_gcs already registered for DAG: example_complex
[2025-01-24T11:59:49.329+0000] {logging_mixin.py:120} INFO - [2025-01-24T11:59:49.329+0000] {taskmixin.py:205} WARNING - Dependency <Task(BashOperator): create_tag>, delete_tag already registered for DAG: example_complex
[2025-01-24T11:59:49.330+0000] {logging_mixin.py:120} INFO - [2025-01-24T11:59:49.329+0000] {taskmixin.py:205} WARNING - Dependency <Task(BashOperator): delete_tag>, create_tag already registered for DAG: example_complex
[2025-01-24T11:59:49.338+0000] {processor.py:766} INFO - DAG(s) dict_keys(['example_complex']) retrieved from /home/airflow/.local/lib/python3.7/site-packages/airflow/example_dags/example_complex.py
[2025-01-24T11:59:49.393+0000] {logging_mixin.py:120} INFO - [2025-01-24T11:59:49.393+0000] {dag.py:2585} INFO - Sync 1 DAGs
[2025-01-24T11:59:49.428+0000] {logging_mixin.py:120} INFO - [2025-01-24T11:59:49.428+0000] {dag.py:3340} INFO - Setting next_dagrun for example_complex to None, run_after=None
[2025-01-24T11:59:49.454+0000] {processor.py:176} INFO - Processing /home/airflow/.local/lib/python3.7/site-packages/airflow/example_dags/example_complex.py took 0.143 seconds
[2025-01-24T12:00:19.869+0000] {processor.py:154} INFO - Started process (PID=1051) to work on /home/airflow/.local/lib/python3.7/site-packages/airflow/example_dags/example_complex.py
[2025-01-24T12:00:19.870+0000] {processor.py:756} INFO - Processing file /home/airflow/.local/lib/python3.7/site-packages/airflow/example_dags/example_complex.py for tasks to queue
[2025-01-24T12:00:19.870+0000] {logging_mixin.py:120} INFO - [2025-01-24T12:00:19.870+0000] {dagbag.py:537} INFO - Filling up the DagBag from /home/airflow/.local/lib/python3.7/site-packages/airflow/example_dags/example_complex.py
[2025-01-24T12:00:19.886+0000] {logging_mixin.py:120} INFO - [2025-01-24T12:00:19.886+0000] {taskmixin.py:205} WARNING - Dependency <Task(BashOperator): create_entry_group>, delete_entry_group already registered for DAG: example_complex
[2025-01-24T12:00:19.886+0000] {logging_mixin.py:120} INFO - [2025-01-24T12:00:19.886+0000] {taskmixin.py:205} WARNING - Dependency <Task(BashOperator): delete_entry_group>, create_entry_group already registered for DAG: example_complex
[2025-01-24T12:00:19.887+0000] {logging_mixin.py:120} INFO - [2025-01-24T12:00:19.887+0000] {taskmixin.py:205} WARNING - Dependency <Task(BashOperator): create_entry_gcs>, delete_entry already registered for DAG: example_complex
[2025-01-24T12:00:19.887+0000] {logging_mixin.py:120} INFO - [2025-01-24T12:00:19.887+0000] {taskmixin.py:205} WARNING - Dependency <Task(BashOperator): delete_entry>, create_entry_gcs already registered for DAG: example_complex
[2025-01-24T12:00:19.887+0000] {logging_mixin.py:120} INFO - [2025-01-24T12:00:19.887+0000] {taskmixin.py:205} WARNING - Dependency <Task(BashOperator): create_tag>, delete_tag already registered for DAG: example_complex
[2025-01-24T12:00:19.887+0000] {logging_mixin.py:120} INFO - [2025-01-24T12:00:19.887+0000] {taskmixin.py:205} WARNING - Dependency <Task(BashOperator): delete_tag>, create_tag already registered for DAG: example_complex
[2025-01-24T12:00:19.898+0000] {processor.py:766} INFO - DAG(s) dict_keys(['example_complex']) retrieved from /home/airflow/.local/lib/python3.7/site-packages/airflow/example_dags/example_complex.py
[2025-01-24T12:00:19.958+0000] {logging_mixin.py:120} INFO - [2025-01-24T12:00:19.957+0000] {dag.py:2585} INFO - Sync 1 DAGs
[2025-01-24T12:00:19.990+0000] {logging_mixin.py:120} INFO - [2025-01-24T12:00:19.990+0000] {dag.py:3340} INFO - Setting next_dagrun for example_complex to None, run_after=None
[2025-01-24T12:00:20.021+0000] {processor.py:176} INFO - Processing /home/airflow/.local/lib/python3.7/site-packages/airflow/example_dags/example_complex.py took 0.157 seconds
[2025-01-24T12:00:50.695+0000] {processor.py:154} INFO - Started process (PID=1106) to work on /home/airflow/.local/lib/python3.7/site-packages/airflow/example_dags/example_complex.py
[2025-01-24T12:00:50.696+0000] {processor.py:756} INFO - Processing file /home/airflow/.local/lib/python3.7/site-packages/airflow/example_dags/example_complex.py for tasks to queue
[2025-01-24T12:00:50.697+0000] {logging_mixin.py:120} INFO - [2025-01-24T12:00:50.697+0000] {dagbag.py:537} INFO - Filling up the DagBag from /home/airflow/.local/lib/python3.7/site-packages/airflow/example_dags/example_complex.py
[2025-01-24T12:00:50.715+0000] {logging_mixin.py:120} INFO - [2025-01-24T12:00:50.714+0000] {taskmixin.py:205} WARNING - Dependency <Task(BashOperator): create_entry_group>, delete_entry_group already registered for DAG: example_complex
[2025-01-24T12:00:50.715+0000] {logging_mixin.py:120} INFO - [2025-01-24T12:00:50.715+0000] {taskmixin.py:205} WARNING - Dependency <Task(BashOperator): delete_entry_group>, create_entry_group already registered for DAG: example_complex
[2025-01-24T12:00:50.715+0000] {logging_mixin.py:120} INFO - [2025-01-24T12:00:50.715+0000] {taskmixin.py:205} WARNING - Dependency <Task(BashOperator): create_entry_gcs>, delete_entry already registered for DAG: example_complex
[2025-01-24T12:00:50.715+0000] {logging_mixin.py:120} INFO - [2025-01-24T12:00:50.715+0000] {taskmixin.py:205} WARNING - Dependency <Task(BashOperator): delete_entry>, create_entry_gcs already registered for DAG: example_complex
[2025-01-24T12:00:50.716+0000] {logging_mixin.py:120} INFO - [2025-01-24T12:00:50.716+0000] {taskmixin.py:205} WARNING - Dependency <Task(BashOperator): create_tag>, delete_tag already registered for DAG: example_complex
[2025-01-24T12:00:50.716+0000] {logging_mixin.py:120} INFO - [2025-01-24T12:00:50.716+0000] {taskmixin.py:205} WARNING - Dependency <Task(BashOperator): delete_tag>, create_tag already registered for DAG: example_complex
[2025-01-24T12:00:50.729+0000] {processor.py:766} INFO - DAG(s) dict_keys(['example_complex']) retrieved from /home/airflow/.local/lib/python3.7/site-packages/airflow/example_dags/example_complex.py
[2025-01-24T12:00:50.808+0000] {logging_mixin.py:120} INFO - [2025-01-24T12:00:50.807+0000] {dag.py:2585} INFO - Sync 1 DAGs
[2025-01-24T12:00:50.848+0000] {logging_mixin.py:120} INFO - [2025-01-24T12:00:50.847+0000] {dag.py:3340} INFO - Setting next_dagrun for example_complex to None, run_after=None
[2025-01-24T12:00:50.895+0000] {processor.py:176} INFO - Processing /home/airflow/.local/lib/python3.7/site-packages/airflow/example_dags/example_complex.py took 0.205 seconds
[2025-01-24T12:01:20.989+0000] {processor.py:154} INFO - Started process (PID=1171) to work on /home/airflow/.local/lib/python3.7/site-packages/airflow/example_dags/example_complex.py
[2025-01-24T12:01:20.990+0000] {processor.py:756} INFO - Processing file /home/airflow/.local/lib/python3.7/site-packages/airflow/example_dags/example_complex.py for tasks to queue
[2025-01-24T12:01:20.991+0000] {logging_mixin.py:120} INFO - [2025-01-24T12:01:20.991+0000] {dagbag.py:537} INFO - Filling up the DagBag from /home/airflow/.local/lib/python3.7/site-packages/airflow/example_dags/example_complex.py
[2025-01-24T12:01:21.006+0000] {logging_mixin.py:120} INFO - [2025-01-24T12:01:21.005+0000] {taskmixin.py:205} WARNING - Dependency <Task(BashOperator): create_entry_group>, delete_entry_group already registered for DAG: example_complex
[2025-01-24T12:01:21.006+0000] {logging_mixin.py:120} INFO - [2025-01-24T12:01:21.006+0000] {taskmixin.py:205} WARNING - Dependency <Task(BashOperator): delete_entry_group>, create_entry_group already registered for DAG: example_complex
[2025-01-24T12:01:21.006+0000] {logging_mixin.py:120} INFO - [2025-01-24T12:01:21.006+0000] {taskmixin.py:205} WARNING - Dependency <Task(BashOperator): create_entry_gcs>, delete_entry already registered for DAG: example_complex
[2025-01-24T12:01:21.006+0000] {logging_mixin.py:120} INFO - [2025-01-24T12:01:21.006+0000] {taskmixin.py:205} WARNING - Dependency <Task(BashOperator): delete_entry>, create_entry_gcs already registered for DAG: example_complex
[2025-01-24T12:01:21.007+0000] {logging_mixin.py:120} INFO - [2025-01-24T12:01:21.007+0000] {taskmixin.py:205} WARNING - Dependency <Task(BashOperator): create_tag>, delete_tag already registered for DAG: example_complex
[2025-01-24T12:01:21.007+0000] {logging_mixin.py:120} INFO - [2025-01-24T12:01:21.007+0000] {taskmixin.py:205} WARNING - Dependency <Task(BashOperator): delete_tag>, create_tag already registered for DAG: example_complex
[2025-01-24T12:01:21.017+0000] {processor.py:766} INFO - DAG(s) dict_keys(['example_complex']) retrieved from /home/airflow/.local/lib/python3.7/site-packages/airflow/example_dags/example_complex.py
[2025-01-24T12:01:21.093+0000] {logging_mixin.py:120} INFO - [2025-01-24T12:01:21.092+0000] {dag.py:2585} INFO - Sync 1 DAGs
[2025-01-24T12:01:21.131+0000] {logging_mixin.py:120} INFO - [2025-01-24T12:01:21.131+0000] {dag.py:3340} INFO - Setting next_dagrun for example_complex to None, run_after=None
[2025-01-24T12:01:21.169+0000] {processor.py:176} INFO - Processing /home/airflow/.local/lib/python3.7/site-packages/airflow/example_dags/example_complex.py took 0.184 seconds
[2025-01-24T12:01:52.234+0000] {processor.py:154} INFO - Started process (PID=1236) to work on /home/airflow/.local/lib/python3.7/site-packages/airflow/example_dags/example_complex.py
[2025-01-24T12:01:52.236+0000] {processor.py:756} INFO - Processing file /home/airflow/.local/lib/python3.7/site-packages/airflow/example_dags/example_complex.py for tasks to queue
[2025-01-24T12:01:52.237+0000] {logging_mixin.py:120} INFO - [2025-01-24T12:01:52.236+0000] {dagbag.py:537} INFO - Filling up the DagBag from /home/airflow/.local/lib/python3.7/site-packages/airflow/example_dags/example_complex.py
[2025-01-24T12:01:52.254+0000] {logging_mixin.py:120} INFO - [2025-01-24T12:01:52.254+0000] {taskmixin.py:205} WARNING - Dependency <Task(BashOperator): create_entry_group>, delete_entry_group already registered for DAG: example_complex
[2025-01-24T12:01:52.255+0000] {logging_mixin.py:120} INFO - [2025-01-24T12:01:52.254+0000] {taskmixin.py:205} WARNING - Dependency <Task(BashOperator): delete_entry_group>, create_entry_group already registered for DAG: example_complex
[2025-01-24T12:01:52.255+0000] {logging_mixin.py:120} INFO - [2025-01-24T12:01:52.255+0000] {taskmixin.py:205} WARNING - Dependency <Task(BashOperator): create_entry_gcs>, delete_entry already registered for DAG: example_complex
[2025-01-24T12:01:52.256+0000] {logging_mixin.py:120} INFO - [2025-01-24T12:01:52.256+0000] {taskmixin.py:205} WARNING - Dependency <Task(BashOperator): delete_entry>, create_entry_gcs already registered for DAG: example_complex
[2025-01-24T12:01:52.256+0000] {logging_mixin.py:120} INFO - [2025-01-24T12:01:52.256+0000] {taskmixin.py:205} WARNING - Dependency <Task(BashOperator): create_tag>, delete_tag already registered for DAG: example_complex
[2025-01-24T12:01:52.256+0000] {logging_mixin.py:120} INFO - [2025-01-24T12:01:52.256+0000] {taskmixin.py:205} WARNING - Dependency <Task(BashOperator): delete_tag>, create_tag already registered for DAG: example_complex
[2025-01-24T12:01:52.267+0000] {processor.py:766} INFO - DAG(s) dict_keys(['example_complex']) retrieved from /home/airflow/.local/lib/python3.7/site-packages/airflow/example_dags/example_complex.py
[2025-01-24T12:01:52.338+0000] {logging_mixin.py:120} INFO - [2025-01-24T12:01:52.337+0000] {dag.py:2585} INFO - Sync 1 DAGs
[2025-01-24T12:01:52.378+0000] {logging_mixin.py:120} INFO - [2025-01-24T12:01:52.377+0000] {dag.py:3340} INFO - Setting next_dagrun for example_complex to None, run_after=None
[2025-01-24T12:01:52.423+0000] {processor.py:176} INFO - Processing /home/airflow/.local/lib/python3.7/site-packages/airflow/example_dags/example_complex.py took 0.194 seconds
[2025-01-24T12:02:22.756+0000] {processor.py:154} INFO - Started process (PID=1291) to work on /home/airflow/.local/lib/python3.7/site-packages/airflow/example_dags/example_complex.py
[2025-01-24T12:02:22.757+0000] {processor.py:756} INFO - Processing file /home/airflow/.local/lib/python3.7/site-packages/airflow/example_dags/example_complex.py for tasks to queue
[2025-01-24T12:02:22.758+0000] {logging_mixin.py:120} INFO - [2025-01-24T12:02:22.757+0000] {dagbag.py:537} INFO - Filling up the DagBag from /home/airflow/.local/lib/python3.7/site-packages/airflow/example_dags/example_complex.py
[2025-01-24T12:02:22.774+0000] {logging_mixin.py:120} INFO - [2025-01-24T12:02:22.773+0000] {taskmixin.py:205} WARNING - Dependency <Task(BashOperator): create_entry_group>, delete_entry_group already registered for DAG: example_complex
[2025-01-24T12:02:22.774+0000] {logging_mixin.py:120} INFO - [2025-01-24T12:02:22.774+0000] {taskmixin.py:205} WARNING - Dependency <Task(BashOperator): delete_entry_group>, create_entry_group already registered for DAG: example_complex
[2025-01-24T12:02:22.774+0000] {logging_mixin.py:120} INFO - [2025-01-24T12:02:22.774+0000] {taskmixin.py:205} WARNING - Dependency <Task(BashOperator): create_entry_gcs>, delete_entry already registered for DAG: example_complex
[2025-01-24T12:02:22.774+0000] {logging_mixin.py:120} INFO - [2025-01-24T12:02:22.774+0000] {taskmixin.py:205} WARNING - Dependency <Task(BashOperator): delete_entry>, create_entry_gcs already registered for DAG: example_complex
[2025-01-24T12:02:22.775+0000] {logging_mixin.py:120} INFO - [2025-01-24T12:02:22.775+0000] {taskmixin.py:205} WARNING - Dependency <Task(BashOperator): create_tag>, delete_tag already registered for DAG: example_complex
[2025-01-24T12:02:22.775+0000] {logging_mixin.py:120} INFO - [2025-01-24T12:02:22.775+0000] {taskmixin.py:205} WARNING - Dependency <Task(BashOperator): delete_tag>, create_tag already registered for DAG: example_complex
[2025-01-24T12:02:22.786+0000] {processor.py:766} INFO - DAG(s) dict_keys(['example_complex']) retrieved from /home/airflow/.local/lib/python3.7/site-packages/airflow/example_dags/example_complex.py
[2025-01-24T12:02:22.858+0000] {logging_mixin.py:120} INFO - [2025-01-24T12:02:22.858+0000] {dag.py:2585} INFO - Sync 1 DAGs
[2025-01-24T12:02:22.901+0000] {logging_mixin.py:120} INFO - [2025-01-24T12:02:22.901+0000] {dag.py:3340} INFO - Setting next_dagrun for example_complex to None, run_after=None
[2025-01-24T12:02:22.934+0000] {processor.py:176} INFO - Processing /home/airflow/.local/lib/python3.7/site-packages/airflow/example_dags/example_complex.py took 0.183 seconds
[2025-01-24T12:02:53.256+0000] {processor.py:154} INFO - Started process (PID=1355) to work on /home/airflow/.local/lib/python3.7/site-packages/airflow/example_dags/example_complex.py
[2025-01-24T12:02:53.258+0000] {processor.py:756} INFO - Processing file /home/airflow/.local/lib/python3.7/site-packages/airflow/example_dags/example_complex.py for tasks to queue
[2025-01-24T12:02:53.259+0000] {logging_mixin.py:120} INFO - [2025-01-24T12:02:53.258+0000] {dagbag.py:537} INFO - Filling up the DagBag from /home/airflow/.local/lib/python3.7/site-packages/airflow/example_dags/example_complex.py
[2025-01-24T12:02:53.274+0000] {logging_mixin.py:120} INFO - [2025-01-24T12:02:53.274+0000] {taskmixin.py:205} WARNING - Dependency <Task(BashOperator): create_entry_group>, delete_entry_group already registered for DAG: example_complex
[2025-01-24T12:02:53.274+0000] {logging_mixin.py:120} INFO - [2025-01-24T12:02:53.274+0000] {taskmixin.py:205} WARNING - Dependency <Task(BashOperator): delete_entry_group>, create_entry_group already registered for DAG: example_complex
[2025-01-24T12:02:53.274+0000] {logging_mixin.py:120} INFO - [2025-01-24T12:02:53.274+0000] {taskmixin.py:205} WARNING - Dependency <Task(BashOperator): create_entry_gcs>, delete_entry already registered for DAG: example_complex
[2025-01-24T12:02:53.275+0000] {logging_mixin.py:120} INFO - [2025-01-24T12:02:53.274+0000] {taskmixin.py:205} WARNING - Dependency <Task(BashOperator): delete_entry>, create_entry_gcs already registered for DAG: example_complex
[2025-01-24T12:02:53.275+0000] {logging_mixin.py:120} INFO - [2025-01-24T12:02:53.275+0000] {taskmixin.py:205} WARNING - Dependency <Task(BashOperator): create_tag>, delete_tag already registered for DAG: example_complex
[2025-01-24T12:02:53.275+0000] {logging_mixin.py:120} INFO - [2025-01-24T12:02:53.275+0000] {taskmixin.py:205} WARNING - Dependency <Task(BashOperator): delete_tag>, create_tag already registered for DAG: example_complex
[2025-01-24T12:02:53.286+0000] {processor.py:766} INFO - DAG(s) dict_keys(['example_complex']) retrieved from /home/airflow/.local/lib/python3.7/site-packages/airflow/example_dags/example_complex.py
[2025-01-24T12:02:53.350+0000] {logging_mixin.py:120} INFO - [2025-01-24T12:02:53.350+0000] {dag.py:2585} INFO - Sync 1 DAGs
[2025-01-24T12:02:53.385+0000] {logging_mixin.py:120} INFO - [2025-01-24T12:02:53.385+0000] {dag.py:3340} INFO - Setting next_dagrun for example_complex to None, run_after=None
[2025-01-24T12:02:53.430+0000] {processor.py:176} INFO - Processing /home/airflow/.local/lib/python3.7/site-packages/airflow/example_dags/example_complex.py took 0.177 seconds
[2025-01-24T12:03:23.508+0000] {processor.py:154} INFO - Started process (PID=1410) to work on /home/airflow/.local/lib/python3.7/site-packages/airflow/example_dags/example_complex.py
[2025-01-24T12:03:23.508+0000] {processor.py:756} INFO - Processing file /home/airflow/.local/lib/python3.7/site-packages/airflow/example_dags/example_complex.py for tasks to queue
[2025-01-24T12:03:23.509+0000] {logging_mixin.py:120} INFO - [2025-01-24T12:03:23.509+0000] {dagbag.py:537} INFO - Filling up the DagBag from /home/airflow/.local/lib/python3.7/site-packages/airflow/example_dags/example_complex.py
[2025-01-24T12:03:23.524+0000] {logging_mixin.py:120} INFO - [2025-01-24T12:03:23.524+0000] {taskmixin.py:205} WARNING - Dependency <Task(BashOperator): create_entry_group>, delete_entry_group already registered for DAG: example_complex
[2025-01-24T12:03:23.524+0000] {logging_mixin.py:120} INFO - [2025-01-24T12:03:23.524+0000] {taskmixin.py:205} WARNING - Dependency <Task(BashOperator): delete_entry_group>, create_entry_group already registered for DAG: example_complex
[2025-01-24T12:03:23.525+0000] {logging_mixin.py:120} INFO - [2025-01-24T12:03:23.525+0000] {taskmixin.py:205} WARNING - Dependency <Task(BashOperator): create_entry_gcs>, delete_entry already registered for DAG: example_complex
[2025-01-24T12:03:23.525+0000] {logging_mixin.py:120} INFO - [2025-01-24T12:03:23.525+0000] {taskmixin.py:205} WARNING - Dependency <Task(BashOperator): delete_entry>, create_entry_gcs already registered for DAG: example_complex
[2025-01-24T12:03:23.525+0000] {logging_mixin.py:120} INFO - [2025-01-24T12:03:23.525+0000] {taskmixin.py:205} WARNING - Dependency <Task(BashOperator): create_tag>, delete_tag already registered for DAG: example_complex
[2025-01-24T12:03:23.525+0000] {logging_mixin.py:120} INFO - [2025-01-24T12:03:23.525+0000] {taskmixin.py:205} WARNING - Dependency <Task(BashOperator): delete_tag>, create_tag already registered for DAG: example_complex
[2025-01-24T12:03:23.536+0000] {processor.py:766} INFO - DAG(s) dict_keys(['example_complex']) retrieved from /home/airflow/.local/lib/python3.7/site-packages/airflow/example_dags/example_complex.py
[2025-01-24T12:03:23.599+0000] {logging_mixin.py:120} INFO - [2025-01-24T12:03:23.599+0000] {dag.py:2585} INFO - Sync 1 DAGs
[2025-01-24T12:03:23.635+0000] {logging_mixin.py:120} INFO - [2025-01-24T12:03:23.635+0000] {dag.py:3340} INFO - Setting next_dagrun for example_complex to None, run_after=None
[2025-01-24T12:03:23.665+0000] {processor.py:176} INFO - Processing /home/airflow/.local/lib/python3.7/site-packages/airflow/example_dags/example_complex.py took 0.162 seconds
[2025-01-24T12:03:53.970+0000] {processor.py:154} INFO - Started process (PID=1474) to work on /home/airflow/.local/lib/python3.7/site-packages/airflow/example_dags/example_complex.py
[2025-01-24T12:03:53.972+0000] {processor.py:756} INFO - Processing file /home/airflow/.local/lib/python3.7/site-packages/airflow/example_dags/example_complex.py for tasks to queue
[2025-01-24T12:03:53.973+0000] {logging_mixin.py:120} INFO - [2025-01-24T12:03:53.973+0000] {dagbag.py:537} INFO - Filling up the DagBag from /home/airflow/.local/lib/python3.7/site-packages/airflow/example_dags/example_complex.py
[2025-01-24T12:03:53.992+0000] {logging_mixin.py:120} INFO - [2025-01-24T12:03:53.992+0000] {taskmixin.py:205} WARNING - Dependency <Task(BashOperator): create_entry_group>, delete_entry_group already registered for DAG: example_complex
[2025-01-24T12:03:53.993+0000] {logging_mixin.py:120} INFO - [2025-01-24T12:03:53.993+0000] {taskmixin.py:205} WARNING - Dependency <Task(BashOperator): delete_entry_group>, create_entry_group already registered for DAG: example_complex
[2025-01-24T12:03:53.993+0000] {logging_mixin.py:120} INFO - [2025-01-24T12:03:53.993+0000] {taskmixin.py:205} WARNING - Dependency <Task(BashOperator): create_entry_gcs>, delete_entry already registered for DAG: example_complex
[2025-01-24T12:03:53.993+0000] {logging_mixin.py:120} INFO - [2025-01-24T12:03:53.993+0000] {taskmixin.py:205} WARNING - Dependency <Task(BashOperator): delete_entry>, create_entry_gcs already registered for DAG: example_complex
[2025-01-24T12:03:53.994+0000] {logging_mixin.py:120} INFO - [2025-01-24T12:03:53.993+0000] {taskmixin.py:205} WARNING - Dependency <Task(BashOperator): create_tag>, delete_tag already registered for DAG: example_complex
[2025-01-24T12:03:53.994+0000] {logging_mixin.py:120} INFO - [2025-01-24T12:03:53.994+0000] {taskmixin.py:205} WARNING - Dependency <Task(BashOperator): delete_tag>, create_tag already registered for DAG: example_complex
[2025-01-24T12:03:54.005+0000] {processor.py:766} INFO - DAG(s) dict_keys(['example_complex']) retrieved from /home/airflow/.local/lib/python3.7/site-packages/airflow/example_dags/example_complex.py
[2025-01-24T12:03:54.073+0000] {logging_mixin.py:120} INFO - [2025-01-24T12:03:54.072+0000] {dag.py:2585} INFO - Sync 1 DAGs
[2025-01-24T12:03:54.111+0000] {logging_mixin.py:120} INFO - [2025-01-24T12:03:54.110+0000] {dag.py:3340} INFO - Setting next_dagrun for example_complex to None, run_after=None
[2025-01-24T12:03:54.144+0000] {processor.py:176} INFO - Processing /home/airflow/.local/lib/python3.7/site-packages/airflow/example_dags/example_complex.py took 0.179 seconds
[2025-01-24T12:04:24.891+0000] {processor.py:154} INFO - Started process (PID=1529) to work on /home/airflow/.local/lib/python3.7/site-packages/airflow/example_dags/example_complex.py
[2025-01-24T12:04:24.892+0000] {processor.py:756} INFO - Processing file /home/airflow/.local/lib/python3.7/site-packages/airflow/example_dags/example_complex.py for tasks to queue
[2025-01-24T12:04:24.893+0000] {logging_mixin.py:120} INFO - [2025-01-24T12:04:24.892+0000] {dagbag.py:537} INFO - Filling up the DagBag from /home/airflow/.local/lib/python3.7/site-packages/airflow/example_dags/example_complex.py
[2025-01-24T12:04:24.907+0000] {logging_mixin.py:120} INFO - [2025-01-24T12:04:24.907+0000] {taskmixin.py:205} WARNING - Dependency <Task(BashOperator): create_entry_group>, delete_entry_group already registered for DAG: example_complex
[2025-01-24T12:04:24.908+0000] {logging_mixin.py:120} INFO - [2025-01-24T12:04:24.907+0000] {taskmixin.py:205} WARNING - Dependency <Task(BashOperator): delete_entry_group>, create_entry_group already registered for DAG: example_complex
[2025-01-24T12:04:24.908+0000] {logging_mixin.py:120} INFO - [2025-01-24T12:04:24.908+0000] {taskmixin.py:205} WARNING - Dependency <Task(BashOperator): create_entry_gcs>, delete_entry already registered for DAG: example_complex
[2025-01-24T12:04:24.908+0000] {logging_mixin.py:120} INFO - [2025-01-24T12:04:24.908+0000] {taskmixin.py:205} WARNING - Dependency <Task(BashOperator): delete_entry>, create_entry_gcs already registered for DAG: example_complex
[2025-01-24T12:04:24.908+0000] {logging_mixin.py:120} INFO - [2025-01-24T12:04:24.908+0000] {taskmixin.py:205} WARNING - Dependency <Task(BashOperator): create_tag>, delete_tag already registered for DAG: example_complex
[2025-01-24T12:04:24.909+0000] {logging_mixin.py:120} INFO - [2025-01-24T12:04:24.908+0000] {taskmixin.py:205} WARNING - Dependency <Task(BashOperator): delete_tag>, create_tag already registered for DAG: example_complex
[2025-01-24T12:04:24.918+0000] {processor.py:766} INFO - DAG(s) dict_keys(['example_complex']) retrieved from /home/airflow/.local/lib/python3.7/site-packages/airflow/example_dags/example_complex.py
[2025-01-24T12:04:24.984+0000] {logging_mixin.py:120} INFO - [2025-01-24T12:04:24.984+0000] {dag.py:2585} INFO - Sync 1 DAGs
[2025-01-24T12:04:25.019+0000] {logging_mixin.py:120} INFO - [2025-01-24T12:04:25.019+0000] {dag.py:3340} INFO - Setting next_dagrun for example_complex to None, run_after=None
[2025-01-24T12:04:25.050+0000] {processor.py:176} INFO - Processing /home/airflow/.local/lib/python3.7/site-packages/airflow/example_dags/example_complex.py took 0.164 seconds
[2025-01-24T12:04:55.273+0000] {processor.py:154} INFO - Started process (PID=1593) to work on /home/airflow/.local/lib/python3.7/site-packages/airflow/example_dags/example_complex.py
[2025-01-24T12:04:55.274+0000] {processor.py:756} INFO - Processing file /home/airflow/.local/lib/python3.7/site-packages/airflow/example_dags/example_complex.py for tasks to queue
[2025-01-24T12:04:55.275+0000] {logging_mixin.py:120} INFO - [2025-01-24T12:04:55.275+0000] {dagbag.py:537} INFO - Filling up the DagBag from /home/airflow/.local/lib/python3.7/site-packages/airflow/example_dags/example_complex.py
[2025-01-24T12:04:55.291+0000] {logging_mixin.py:120} INFO - [2025-01-24T12:04:55.290+0000] {taskmixin.py:205} WARNING - Dependency <Task(BashOperator): create_entry_group>, delete_entry_group already registered for DAG: example_complex
[2025-01-24T12:04:55.291+0000] {logging_mixin.py:120} INFO - [2025-01-24T12:04:55.291+0000] {taskmixin.py:205} WARNING - Dependency <Task(BashOperator): delete_entry_group>, create_entry_group already registered for DAG: example_complex
[2025-01-24T12:04:55.291+0000] {logging_mixin.py:120} INFO - [2025-01-24T12:04:55.291+0000] {taskmixin.py:205} WARNING - Dependency <Task(BashOperator): create_entry_gcs>, delete_entry already registered for DAG: example_complex
[2025-01-24T12:04:55.291+0000] {logging_mixin.py:120} INFO - [2025-01-24T12:04:55.291+0000] {taskmixin.py:205} WARNING - Dependency <Task(BashOperator): delete_entry>, create_entry_gcs already registered for DAG: example_complex
[2025-01-24T12:04:55.292+0000] {logging_mixin.py:120} INFO - [2025-01-24T12:04:55.292+0000] {taskmixin.py:205} WARNING - Dependency <Task(BashOperator): create_tag>, delete_tag already registered for DAG: example_complex
[2025-01-24T12:04:55.292+0000] {logging_mixin.py:120} INFO - [2025-01-24T12:04:55.292+0000] {taskmixin.py:205} WARNING - Dependency <Task(BashOperator): delete_tag>, create_tag already registered for DAG: example_complex
[2025-01-24T12:04:55.303+0000] {processor.py:766} INFO - DAG(s) dict_keys(['example_complex']) retrieved from /home/airflow/.local/lib/python3.7/site-packages/airflow/example_dags/example_complex.py
[2025-01-24T12:04:55.372+0000] {logging_mixin.py:120} INFO - [2025-01-24T12:04:55.372+0000] {dag.py:2585} INFO - Sync 1 DAGs
[2025-01-24T12:04:55.414+0000] {logging_mixin.py:120} INFO - [2025-01-24T12:04:55.413+0000] {dag.py:3340} INFO - Setting next_dagrun for example_complex to None, run_after=None
[2025-01-24T12:04:55.456+0000] {processor.py:176} INFO - Processing /home/airflow/.local/lib/python3.7/site-packages/airflow/example_dags/example_complex.py took 0.188 seconds
[2025-01-24T12:05:26.318+0000] {processor.py:154} INFO - Started process (PID=1648) to work on /home/airflow/.local/lib/python3.7/site-packages/airflow/example_dags/example_complex.py
[2025-01-24T12:05:26.320+0000] {processor.py:756} INFO - Processing file /home/airflow/.local/lib/python3.7/site-packages/airflow/example_dags/example_complex.py for tasks to queue
[2025-01-24T12:05:26.321+0000] {logging_mixin.py:120} INFO - [2025-01-24T12:05:26.320+0000] {dagbag.py:537} INFO - Filling up the DagBag from /home/airflow/.local/lib/python3.7/site-packages/airflow/example_dags/example_complex.py
[2025-01-24T12:05:26.339+0000] {logging_mixin.py:120} INFO - [2025-01-24T12:05:26.339+0000] {taskmixin.py:205} WARNING - Dependency <Task(BashOperator): create_entry_group>, delete_entry_group already registered for DAG: example_complex
[2025-01-24T12:05:26.339+0000] {logging_mixin.py:120} INFO - [2025-01-24T12:05:26.339+0000] {taskmixin.py:205} WARNING - Dependency <Task(BashOperator): delete_entry_group>, create_entry_group already registered for DAG: example_complex
[2025-01-24T12:05:26.340+0000] {logging_mixin.py:120} INFO - [2025-01-24T12:05:26.339+0000] {taskmixin.py:205} WARNING - Dependency <Task(BashOperator): create_entry_gcs>, delete_entry already registered for DAG: example_complex
[2025-01-24T12:05:26.340+0000] {logging_mixin.py:120} INFO - [2025-01-24T12:05:26.340+0000] {taskmixin.py:205} WARNING - Dependency <Task(BashOperator): delete_entry>, create_entry_gcs already registered for DAG: example_complex
[2025-01-24T12:05:26.340+0000] {logging_mixin.py:120} INFO - [2025-01-24T12:05:26.340+0000] {taskmixin.py:205} WARNING - Dependency <Task(BashOperator): create_tag>, delete_tag already registered for DAG: example_complex
[2025-01-24T12:05:26.340+0000] {logging_mixin.py:120} INFO - [2025-01-24T12:05:26.340+0000] {taskmixin.py:205} WARNING - Dependency <Task(BashOperator): delete_tag>, create_tag already registered for DAG: example_complex
[2025-01-24T12:05:26.352+0000] {processor.py:766} INFO - DAG(s) dict_keys(['example_complex']) retrieved from /home/airflow/.local/lib/python3.7/site-packages/airflow/example_dags/example_complex.py
[2025-01-24T12:05:26.420+0000] {logging_mixin.py:120} INFO - [2025-01-24T12:05:26.420+0000] {dag.py:2585} INFO - Sync 1 DAGs
[2025-01-24T12:05:26.464+0000] {logging_mixin.py:120} INFO - [2025-01-24T12:05:26.464+0000] {dag.py:3340} INFO - Setting next_dagrun for example_complex to None, run_after=None
[2025-01-24T12:05:26.502+0000] {processor.py:176} INFO - Processing /home/airflow/.local/lib/python3.7/site-packages/airflow/example_dags/example_complex.py took 0.188 seconds
[2025-01-24T12:05:56.748+0000] {processor.py:154} INFO - Started process (PID=1712) to work on /home/airflow/.local/lib/python3.7/site-packages/airflow/example_dags/example_complex.py
[2025-01-24T12:05:56.749+0000] {processor.py:756} INFO - Processing file /home/airflow/.local/lib/python3.7/site-packages/airflow/example_dags/example_complex.py for tasks to queue
[2025-01-24T12:05:56.750+0000] {logging_mixin.py:120} INFO - [2025-01-24T12:05:56.750+0000] {dagbag.py:537} INFO - Filling up the DagBag from /home/airflow/.local/lib/python3.7/site-packages/airflow/example_dags/example_complex.py
[2025-01-24T12:05:56.767+0000] {logging_mixin.py:120} INFO - [2025-01-24T12:05:56.766+0000] {taskmixin.py:205} WARNING - Dependency <Task(BashOperator): create_entry_group>, delete_entry_group already registered for DAG: example_complex
[2025-01-24T12:05:56.767+0000] {logging_mixin.py:120} INFO - [2025-01-24T12:05:56.767+0000] {taskmixin.py:205} WARNING - Dependency <Task(BashOperator): delete_entry_group>, create_entry_group already registered for DAG: example_complex
[2025-01-24T12:05:56.767+0000] {logging_mixin.py:120} INFO - [2025-01-24T12:05:56.767+0000] {taskmixin.py:205} WARNING - Dependency <Task(BashOperator): create_entry_gcs>, delete_entry already registered for DAG: example_complex
[2025-01-24T12:05:56.767+0000] {logging_mixin.py:120} INFO - [2025-01-24T12:05:56.767+0000] {taskmixin.py:205} WARNING - Dependency <Task(BashOperator): delete_entry>, create_entry_gcs already registered for DAG: example_complex
[2025-01-24T12:05:56.768+0000] {logging_mixin.py:120} INFO - [2025-01-24T12:05:56.768+0000] {taskmixin.py:205} WARNING - Dependency <Task(BashOperator): create_tag>, delete_tag already registered for DAG: example_complex
[2025-01-24T12:05:56.768+0000] {logging_mixin.py:120} INFO - [2025-01-24T12:05:56.768+0000] {taskmixin.py:205} WARNING - Dependency <Task(BashOperator): delete_tag>, create_tag already registered for DAG: example_complex
[2025-01-24T12:05:56.780+0000] {processor.py:766} INFO - DAG(s) dict_keys(['example_complex']) retrieved from /home/airflow/.local/lib/python3.7/site-packages/airflow/example_dags/example_complex.py
[2025-01-24T12:05:56.857+0000] {logging_mixin.py:120} INFO - [2025-01-24T12:05:56.857+0000] {dag.py:2585} INFO - Sync 1 DAGs
[2025-01-24T12:05:56.906+0000] {logging_mixin.py:120} INFO - [2025-01-24T12:05:56.905+0000] {dag.py:3340} INFO - Setting next_dagrun for example_complex to None, run_after=None
[2025-01-24T12:05:56.943+0000] {processor.py:176} INFO - Processing /home/airflow/.local/lib/python3.7/site-packages/airflow/example_dags/example_complex.py took 0.198 seconds
