[2025-01-24T17:06:16.821+0000] {processor.py:154} INFO - Started process (PID=81) to work on /home/airflow/.local/lib/python3.7/site-packages/airflow/example_dags/example_branch_operator.py
[2025-01-24T17:06:16.822+0000] {processor.py:756} INFO - Processing file /home/airflow/.local/lib/python3.7/site-packages/airflow/example_dags/example_branch_operator.py for tasks to queue
[2025-01-24T17:06:16.823+0000] {logging_mixin.py:120} INFO - [2025-01-24T17:06:16.823+0000] {dagbag.py:537} INFO - Filling up the DagBag from /home/airflow/.local/lib/python3.7/site-packages/airflow/example_dags/example_branch_operator.py
[2025-01-24T17:06:16.851+0000] {processor.py:766} INFO - DAG(s) dict_keys(['example_branch_operator']) retrieved from /home/airflow/.local/lib/python3.7/site-packages/airflow/example_dags/example_branch_operator.py
[2025-01-24T17:06:16.925+0000] {logging_mixin.py:120} INFO - [2025-01-24T17:06:16.925+0000] {dag.py:2585} INFO - Sync 1 DAGs
[2025-01-24T17:06:16.981+0000] {logging_mixin.py:120} INFO - [2025-01-24T17:06:16.981+0000] {dag.py:3340} INFO - Setting next_dagrun for example_branch_operator to 2025-01-23T00:00:00+00:00, run_after=2025-01-24T00:00:00+00:00
[2025-01-24T17:06:17.017+0000] {processor.py:176} INFO - Processing /home/airflow/.local/lib/python3.7/site-packages/airflow/example_dags/example_branch_operator.py took 0.200 seconds
[2025-01-24T11:52:10.020+0000] {processor.py:154} INFO - Started process (PID=81) to work on /home/airflow/.local/lib/python3.7/site-packages/airflow/example_dags/example_branch_operator.py
[2025-01-24T11:52:10.022+0000] {processor.py:756} INFO - Processing file /home/airflow/.local/lib/python3.7/site-packages/airflow/example_dags/example_branch_operator.py for tasks to queue
[2025-01-24T11:52:10.023+0000] {logging_mixin.py:120} INFO - [2025-01-24T11:52:10.023+0000] {dagbag.py:537} INFO - Filling up the DagBag from /home/airflow/.local/lib/python3.7/site-packages/airflow/example_dags/example_branch_operator.py
[2025-01-24T11:52:10.058+0000] {processor.py:766} INFO - DAG(s) dict_keys(['example_branch_operator']) retrieved from /home/airflow/.local/lib/python3.7/site-packages/airflow/example_dags/example_branch_operator.py
[2025-01-24T11:52:10.127+0000] {logging_mixin.py:120} INFO - [2025-01-24T11:52:10.126+0000] {dag.py:2585} INFO - Sync 1 DAGs
[2025-01-24T11:52:10.176+0000] {logging_mixin.py:120} INFO - [2025-01-24T11:52:10.176+0000] {dag.py:3340} INFO - Setting next_dagrun for example_branch_operator to 2025-01-23T00:00:00+00:00, run_after=2025-01-24T00:00:00+00:00
[2025-01-24T11:52:10.218+0000] {processor.py:176} INFO - Processing /home/airflow/.local/lib/python3.7/site-packages/airflow/example_dags/example_branch_operator.py took 0.205 seconds
[2025-01-24T11:52:41.517+0000] {processor.py:154} INFO - Started process (PID=145) to work on /home/airflow/.local/lib/python3.7/site-packages/airflow/example_dags/example_branch_operator.py
[2025-01-24T11:52:41.519+0000] {processor.py:756} INFO - Processing file /home/airflow/.local/lib/python3.7/site-packages/airflow/example_dags/example_branch_operator.py for tasks to queue
[2025-01-24T11:52:41.521+0000] {logging_mixin.py:120} INFO - [2025-01-24T11:52:41.521+0000] {dagbag.py:537} INFO - Filling up the DagBag from /home/airflow/.local/lib/python3.7/site-packages/airflow/example_dags/example_branch_operator.py
[2025-01-24T11:52:41.589+0000] {processor.py:766} INFO - DAG(s) dict_keys(['example_branch_operator']) retrieved from /home/airflow/.local/lib/python3.7/site-packages/airflow/example_dags/example_branch_operator.py
[2025-01-24T11:52:41.709+0000] {logging_mixin.py:120} INFO - [2025-01-24T11:52:41.708+0000] {dag.py:2585} INFO - Sync 1 DAGs
[2025-01-24T11:52:41.778+0000] {logging_mixin.py:120} INFO - [2025-01-24T11:52:41.778+0000] {dag.py:3340} INFO - Setting next_dagrun for example_branch_operator to 2025-01-23T00:00:00+00:00, run_after=2025-01-24T00:00:00+00:00
[2025-01-24T11:52:41.842+0000] {processor.py:176} INFO - Processing /home/airflow/.local/lib/python3.7/site-packages/airflow/example_dags/example_branch_operator.py took 0.335 seconds
[2025-01-24T11:53:12.248+0000] {processor.py:154} INFO - Started process (PID=201) to work on /home/airflow/.local/lib/python3.7/site-packages/airflow/example_dags/example_branch_operator.py
[2025-01-24T11:53:12.249+0000] {processor.py:756} INFO - Processing file /home/airflow/.local/lib/python3.7/site-packages/airflow/example_dags/example_branch_operator.py for tasks to queue
[2025-01-24T11:53:12.250+0000] {logging_mixin.py:120} INFO - [2025-01-24T11:53:12.250+0000] {dagbag.py:537} INFO - Filling up the DagBag from /home/airflow/.local/lib/python3.7/site-packages/airflow/example_dags/example_branch_operator.py
[2025-01-24T11:53:12.277+0000] {processor.py:766} INFO - DAG(s) dict_keys(['example_branch_operator']) retrieved from /home/airflow/.local/lib/python3.7/site-packages/airflow/example_dags/example_branch_operator.py
[2025-01-24T11:53:12.351+0000] {logging_mixin.py:120} INFO - [2025-01-24T11:53:12.350+0000] {dag.py:2585} INFO - Sync 1 DAGs
[2025-01-24T11:53:12.397+0000] {logging_mixin.py:120} INFO - [2025-01-24T11:53:12.396+0000] {dag.py:3340} INFO - Setting next_dagrun for example_branch_operator to 2025-01-23T00:00:00+00:00, run_after=2025-01-24T00:00:00+00:00
[2025-01-24T11:53:12.434+0000] {processor.py:176} INFO - Processing /home/airflow/.local/lib/python3.7/site-packages/airflow/example_dags/example_branch_operator.py took 0.191 seconds
[2025-01-24T11:53:42.965+0000] {processor.py:154} INFO - Started process (PID=265) to work on /home/airflow/.local/lib/python3.7/site-packages/airflow/example_dags/example_branch_operator.py
[2025-01-24T11:53:42.967+0000] {processor.py:756} INFO - Processing file /home/airflow/.local/lib/python3.7/site-packages/airflow/example_dags/example_branch_operator.py for tasks to queue
[2025-01-24T11:53:42.968+0000] {logging_mixin.py:120} INFO - [2025-01-24T11:53:42.968+0000] {dagbag.py:537} INFO - Filling up the DagBag from /home/airflow/.local/lib/python3.7/site-packages/airflow/example_dags/example_branch_operator.py
[2025-01-24T11:53:42.993+0000] {processor.py:766} INFO - DAG(s) dict_keys(['example_branch_operator']) retrieved from /home/airflow/.local/lib/python3.7/site-packages/airflow/example_dags/example_branch_operator.py
[2025-01-24T11:53:43.059+0000] {logging_mixin.py:120} INFO - [2025-01-24T11:53:43.058+0000] {dag.py:2585} INFO - Sync 1 DAGs
[2025-01-24T11:53:43.104+0000] {logging_mixin.py:120} INFO - [2025-01-24T11:53:43.104+0000] {dag.py:3340} INFO - Setting next_dagrun for example_branch_operator to 2025-01-23T00:00:00+00:00, run_after=2025-01-24T00:00:00+00:00
[2025-01-24T11:53:43.142+0000] {processor.py:176} INFO - Processing /home/airflow/.local/lib/python3.7/site-packages/airflow/example_dags/example_branch_operator.py took 0.182 seconds
[2025-01-24T11:54:13.407+0000] {processor.py:154} INFO - Started process (PID=320) to work on /home/airflow/.local/lib/python3.7/site-packages/airflow/example_dags/example_branch_operator.py
[2025-01-24T11:54:13.408+0000] {processor.py:756} INFO - Processing file /home/airflow/.local/lib/python3.7/site-packages/airflow/example_dags/example_branch_operator.py for tasks to queue
[2025-01-24T11:54:13.409+0000] {logging_mixin.py:120} INFO - [2025-01-24T11:54:13.409+0000] {dagbag.py:537} INFO - Filling up the DagBag from /home/airflow/.local/lib/python3.7/site-packages/airflow/example_dags/example_branch_operator.py
[2025-01-24T11:54:13.447+0000] {processor.py:766} INFO - DAG(s) dict_keys(['example_branch_operator']) retrieved from /home/airflow/.local/lib/python3.7/site-packages/airflow/example_dags/example_branch_operator.py
[2025-01-24T11:54:13.523+0000] {logging_mixin.py:120} INFO - [2025-01-24T11:54:13.523+0000] {dag.py:2585} INFO - Sync 1 DAGs
[2025-01-24T11:54:13.572+0000] {logging_mixin.py:120} INFO - [2025-01-24T11:54:13.572+0000] {dag.py:3340} INFO - Setting next_dagrun for example_branch_operator to 2025-01-23T00:00:00+00:00, run_after=2025-01-24T00:00:00+00:00
[2025-01-24T11:54:13.612+0000] {processor.py:176} INFO - Processing /home/airflow/.local/lib/python3.7/site-packages/airflow/example_dags/example_branch_operator.py took 0.211 seconds
[2025-01-24T11:54:44.487+0000] {processor.py:154} INFO - Started process (PID=384) to work on /home/airflow/.local/lib/python3.7/site-packages/airflow/example_dags/example_branch_operator.py
[2025-01-24T11:54:44.488+0000] {processor.py:756} INFO - Processing file /home/airflow/.local/lib/python3.7/site-packages/airflow/example_dags/example_branch_operator.py for tasks to queue
[2025-01-24T11:54:44.490+0000] {logging_mixin.py:120} INFO - [2025-01-24T11:54:44.489+0000] {dagbag.py:537} INFO - Filling up the DagBag from /home/airflow/.local/lib/python3.7/site-packages/airflow/example_dags/example_branch_operator.py
[2025-01-24T11:54:44.518+0000] {processor.py:766} INFO - DAG(s) dict_keys(['example_branch_operator']) retrieved from /home/airflow/.local/lib/python3.7/site-packages/airflow/example_dags/example_branch_operator.py
[2025-01-24T11:54:44.583+0000] {logging_mixin.py:120} INFO - [2025-01-24T11:54:44.583+0000] {dag.py:2585} INFO - Sync 1 DAGs
[2025-01-24T11:54:44.625+0000] {logging_mixin.py:120} INFO - [2025-01-24T11:54:44.625+0000] {dag.py:3340} INFO - Setting next_dagrun for example_branch_operator to 2025-01-23T00:00:00+00:00, run_after=2025-01-24T00:00:00+00:00
[2025-01-24T11:54:44.671+0000] {processor.py:176} INFO - Processing /home/airflow/.local/lib/python3.7/site-packages/airflow/example_dags/example_branch_operator.py took 0.191 seconds
[2025-01-24T11:55:15.141+0000] {processor.py:154} INFO - Started process (PID=448) to work on /home/airflow/.local/lib/python3.7/site-packages/airflow/example_dags/example_branch_operator.py
[2025-01-24T11:55:15.142+0000] {processor.py:756} INFO - Processing file /home/airflow/.local/lib/python3.7/site-packages/airflow/example_dags/example_branch_operator.py for tasks to queue
[2025-01-24T11:55:15.143+0000] {logging_mixin.py:120} INFO - [2025-01-24T11:55:15.143+0000] {dagbag.py:537} INFO - Filling up the DagBag from /home/airflow/.local/lib/python3.7/site-packages/airflow/example_dags/example_branch_operator.py
[2025-01-24T11:55:15.170+0000] {processor.py:766} INFO - DAG(s) dict_keys(['example_branch_operator']) retrieved from /home/airflow/.local/lib/python3.7/site-packages/airflow/example_dags/example_branch_operator.py
[2025-01-24T11:55:15.252+0000] {logging_mixin.py:120} INFO - [2025-01-24T11:55:15.251+0000] {dag.py:2585} INFO - Sync 1 DAGs
[2025-01-24T11:55:15.302+0000] {logging_mixin.py:120} INFO - [2025-01-24T11:55:15.302+0000] {dag.py:3340} INFO - Setting next_dagrun for example_branch_operator to 2025-01-23T00:00:00+00:00, run_after=2025-01-24T00:00:00+00:00
[2025-01-24T11:55:15.349+0000] {processor.py:176} INFO - Processing /home/airflow/.local/lib/python3.7/site-packages/airflow/example_dags/example_branch_operator.py took 0.215 seconds
[2025-01-24T11:55:45.530+0000] {processor.py:154} INFO - Started process (PID=503) to work on /home/airflow/.local/lib/python3.7/site-packages/airflow/example_dags/example_branch_operator.py
[2025-01-24T11:55:45.531+0000] {processor.py:756} INFO - Processing file /home/airflow/.local/lib/python3.7/site-packages/airflow/example_dags/example_branch_operator.py for tasks to queue
[2025-01-24T11:55:45.532+0000] {logging_mixin.py:120} INFO - [2025-01-24T11:55:45.532+0000] {dagbag.py:537} INFO - Filling up the DagBag from /home/airflow/.local/lib/python3.7/site-packages/airflow/example_dags/example_branch_operator.py
[2025-01-24T11:55:45.558+0000] {processor.py:766} INFO - DAG(s) dict_keys(['example_branch_operator']) retrieved from /home/airflow/.local/lib/python3.7/site-packages/airflow/example_dags/example_branch_operator.py
[2025-01-24T11:55:45.638+0000] {logging_mixin.py:120} INFO - [2025-01-24T11:55:45.637+0000] {dag.py:2585} INFO - Sync 1 DAGs
[2025-01-24T11:55:45.686+0000] {logging_mixin.py:120} INFO - [2025-01-24T11:55:45.686+0000] {dag.py:3340} INFO - Setting next_dagrun for example_branch_operator to 2025-01-23T00:00:00+00:00, run_after=2025-01-24T00:00:00+00:00
[2025-01-24T11:55:45.729+0000] {processor.py:176} INFO - Processing /home/airflow/.local/lib/python3.7/site-packages/airflow/example_dags/example_branch_operator.py took 0.202 seconds
[2025-01-24T11:56:16.303+0000] {processor.py:154} INFO - Started process (PID=568) to work on /home/airflow/.local/lib/python3.7/site-packages/airflow/example_dags/example_branch_operator.py
[2025-01-24T11:56:16.304+0000] {processor.py:756} INFO - Processing file /home/airflow/.local/lib/python3.7/site-packages/airflow/example_dags/example_branch_operator.py for tasks to queue
[2025-01-24T11:56:16.305+0000] {logging_mixin.py:120} INFO - [2025-01-24T11:56:16.305+0000] {dagbag.py:537} INFO - Filling up the DagBag from /home/airflow/.local/lib/python3.7/site-packages/airflow/example_dags/example_branch_operator.py
[2025-01-24T11:56:16.329+0000] {processor.py:766} INFO - DAG(s) dict_keys(['example_branch_operator']) retrieved from /home/airflow/.local/lib/python3.7/site-packages/airflow/example_dags/example_branch_operator.py
[2025-01-24T11:56:16.391+0000] {logging_mixin.py:120} INFO - [2025-01-24T11:56:16.390+0000] {dag.py:2585} INFO - Sync 1 DAGs
[2025-01-24T11:56:16.436+0000] {logging_mixin.py:120} INFO - [2025-01-24T11:56:16.436+0000] {dag.py:3340} INFO - Setting next_dagrun for example_branch_operator to 2025-01-23T00:00:00+00:00, run_after=2025-01-24T00:00:00+00:00
[2025-01-24T11:56:16.471+0000] {processor.py:176} INFO - Processing /home/airflow/.local/lib/python3.7/site-packages/airflow/example_dags/example_branch_operator.py took 0.172 seconds
[2025-01-24T11:56:46.872+0000] {processor.py:154} INFO - Started process (PID=623) to work on /home/airflow/.local/lib/python3.7/site-packages/airflow/example_dags/example_branch_operator.py
[2025-01-24T11:56:46.873+0000] {processor.py:756} INFO - Processing file /home/airflow/.local/lib/python3.7/site-packages/airflow/example_dags/example_branch_operator.py for tasks to queue
[2025-01-24T11:56:46.874+0000] {logging_mixin.py:120} INFO - [2025-01-24T11:56:46.874+0000] {dagbag.py:537} INFO - Filling up the DagBag from /home/airflow/.local/lib/python3.7/site-packages/airflow/example_dags/example_branch_operator.py
[2025-01-24T11:56:46.900+0000] {processor.py:766} INFO - DAG(s) dict_keys(['example_branch_operator']) retrieved from /home/airflow/.local/lib/python3.7/site-packages/airflow/example_dags/example_branch_operator.py
[2025-01-24T11:56:46.961+0000] {logging_mixin.py:120} INFO - [2025-01-24T11:56:46.960+0000] {dag.py:2585} INFO - Sync 1 DAGs
[2025-01-24T11:56:46.999+0000] {logging_mixin.py:120} INFO - [2025-01-24T11:56:46.999+0000] {dag.py:3340} INFO - Setting next_dagrun for example_branch_operator to 2025-01-23T00:00:00+00:00, run_after=2025-01-24T00:00:00+00:00
[2025-01-24T11:56:47.033+0000] {processor.py:176} INFO - Processing /home/airflow/.local/lib/python3.7/site-packages/airflow/example_dags/example_branch_operator.py took 0.165 seconds
[2025-01-24T11:57:17.243+0000] {processor.py:154} INFO - Started process (PID=687) to work on /home/airflow/.local/lib/python3.7/site-packages/airflow/example_dags/example_branch_operator.py
[2025-01-24T11:57:17.244+0000] {processor.py:756} INFO - Processing file /home/airflow/.local/lib/python3.7/site-packages/airflow/example_dags/example_branch_operator.py for tasks to queue
[2025-01-24T11:57:17.245+0000] {logging_mixin.py:120} INFO - [2025-01-24T11:57:17.245+0000] {dagbag.py:537} INFO - Filling up the DagBag from /home/airflow/.local/lib/python3.7/site-packages/airflow/example_dags/example_branch_operator.py
[2025-01-24T11:57:17.269+0000] {processor.py:766} INFO - DAG(s) dict_keys(['example_branch_operator']) retrieved from /home/airflow/.local/lib/python3.7/site-packages/airflow/example_dags/example_branch_operator.py
[2025-01-24T11:57:17.330+0000] {logging_mixin.py:120} INFO - [2025-01-24T11:57:17.330+0000] {dag.py:2585} INFO - Sync 1 DAGs
[2025-01-24T11:57:17.373+0000] {logging_mixin.py:120} INFO - [2025-01-24T11:57:17.372+0000] {dag.py:3340} INFO - Setting next_dagrun for example_branch_operator to 2025-01-23T00:00:00+00:00, run_after=2025-01-24T00:00:00+00:00
[2025-01-24T11:57:17.405+0000] {processor.py:176} INFO - Processing /home/airflow/.local/lib/python3.7/site-packages/airflow/example_dags/example_branch_operator.py took 0.168 seconds
[2025-01-24T11:57:48.040+0000] {processor.py:154} INFO - Started process (PID=751) to work on /home/airflow/.local/lib/python3.7/site-packages/airflow/example_dags/example_branch_operator.py
[2025-01-24T11:57:48.041+0000] {processor.py:756} INFO - Processing file /home/airflow/.local/lib/python3.7/site-packages/airflow/example_dags/example_branch_operator.py for tasks to queue
[2025-01-24T11:57:48.042+0000] {logging_mixin.py:120} INFO - [2025-01-24T11:57:48.041+0000] {dagbag.py:537} INFO - Filling up the DagBag from /home/airflow/.local/lib/python3.7/site-packages/airflow/example_dags/example_branch_operator.py
[2025-01-24T11:57:48.065+0000] {processor.py:766} INFO - DAG(s) dict_keys(['example_branch_operator']) retrieved from /home/airflow/.local/lib/python3.7/site-packages/airflow/example_dags/example_branch_operator.py
[2025-01-24T11:57:48.126+0000] {logging_mixin.py:120} INFO - [2025-01-24T11:57:48.126+0000] {dag.py:2585} INFO - Sync 1 DAGs
[2025-01-24T11:57:48.164+0000] {logging_mixin.py:120} INFO - [2025-01-24T11:57:48.163+0000] {dag.py:3340} INFO - Setting next_dagrun for example_branch_operator to 2025-01-23T00:00:00+00:00, run_after=2025-01-24T00:00:00+00:00
[2025-01-24T11:57:48.203+0000] {processor.py:176} INFO - Processing /home/airflow/.local/lib/python3.7/site-packages/airflow/example_dags/example_branch_operator.py took 0.167 seconds
[2025-01-24T11:58:18.407+0000] {processor.py:154} INFO - Started process (PID=807) to work on /home/airflow/.local/lib/python3.7/site-packages/airflow/example_dags/example_branch_operator.py
[2025-01-24T11:58:18.408+0000] {processor.py:756} INFO - Processing file /home/airflow/.local/lib/python3.7/site-packages/airflow/example_dags/example_branch_operator.py for tasks to queue
[2025-01-24T11:58:18.409+0000] {logging_mixin.py:120} INFO - [2025-01-24T11:58:18.408+0000] {dagbag.py:537} INFO - Filling up the DagBag from /home/airflow/.local/lib/python3.7/site-packages/airflow/example_dags/example_branch_operator.py
[2025-01-24T11:58:18.433+0000] {processor.py:766} INFO - DAG(s) dict_keys(['example_branch_operator']) retrieved from /home/airflow/.local/lib/python3.7/site-packages/airflow/example_dags/example_branch_operator.py
[2025-01-24T11:58:18.498+0000] {logging_mixin.py:120} INFO - [2025-01-24T11:58:18.498+0000] {dag.py:2585} INFO - Sync 1 DAGs
[2025-01-24T11:58:18.544+0000] {logging_mixin.py:120} INFO - [2025-01-24T11:58:18.544+0000] {dag.py:3340} INFO - Setting next_dagrun for example_branch_operator to 2025-01-23T00:00:00+00:00, run_after=2025-01-24T00:00:00+00:00
[2025-01-24T11:58:18.579+0000] {processor.py:176} INFO - Processing /home/airflow/.local/lib/python3.7/site-packages/airflow/example_dags/example_branch_operator.py took 0.177 seconds
[2025-01-24T11:58:48.930+0000] {processor.py:154} INFO - Started process (PID=871) to work on /home/airflow/.local/lib/python3.7/site-packages/airflow/example_dags/example_branch_operator.py
[2025-01-24T11:58:48.931+0000] {processor.py:756} INFO - Processing file /home/airflow/.local/lib/python3.7/site-packages/airflow/example_dags/example_branch_operator.py for tasks to queue
[2025-01-24T11:58:48.932+0000] {logging_mixin.py:120} INFO - [2025-01-24T11:58:48.932+0000] {dagbag.py:537} INFO - Filling up the DagBag from /home/airflow/.local/lib/python3.7/site-packages/airflow/example_dags/example_branch_operator.py
[2025-01-24T11:58:48.957+0000] {processor.py:766} INFO - DAG(s) dict_keys(['example_branch_operator']) retrieved from /home/airflow/.local/lib/python3.7/site-packages/airflow/example_dags/example_branch_operator.py
[2025-01-24T11:58:49.017+0000] {logging_mixin.py:120} INFO - [2025-01-24T11:58:49.017+0000] {dag.py:2585} INFO - Sync 1 DAGs
[2025-01-24T11:58:49.058+0000] {logging_mixin.py:120} INFO - [2025-01-24T11:58:49.058+0000] {dag.py:3340} INFO - Setting next_dagrun for example_branch_operator to 2025-01-23T00:00:00+00:00, run_after=2025-01-24T00:00:00+00:00
[2025-01-24T11:58:49.101+0000] {processor.py:176} INFO - Processing /home/airflow/.local/lib/python3.7/site-packages/airflow/example_dags/example_branch_operator.py took 0.174 seconds
[2025-01-24T11:59:19.461+0000] {processor.py:154} INFO - Started process (PID=926) to work on /home/airflow/.local/lib/python3.7/site-packages/airflow/example_dags/example_branch_operator.py
[2025-01-24T11:59:19.463+0000] {processor.py:756} INFO - Processing file /home/airflow/.local/lib/python3.7/site-packages/airflow/example_dags/example_branch_operator.py for tasks to queue
[2025-01-24T11:59:19.464+0000] {logging_mixin.py:120} INFO - [2025-01-24T11:59:19.464+0000] {dagbag.py:537} INFO - Filling up the DagBag from /home/airflow/.local/lib/python3.7/site-packages/airflow/example_dags/example_branch_operator.py
[2025-01-24T11:59:19.490+0000] {processor.py:766} INFO - DAG(s) dict_keys(['example_branch_operator']) retrieved from /home/airflow/.local/lib/python3.7/site-packages/airflow/example_dags/example_branch_operator.py
[2025-01-24T11:59:19.552+0000] {logging_mixin.py:120} INFO - [2025-01-24T11:59:19.552+0000] {dag.py:2585} INFO - Sync 1 DAGs
[2025-01-24T11:59:19.595+0000] {logging_mixin.py:120} INFO - [2025-01-24T11:59:19.594+0000] {dag.py:3340} INFO - Setting next_dagrun for example_branch_operator to 2025-01-23T00:00:00+00:00, run_after=2025-01-24T00:00:00+00:00
[2025-01-24T11:59:19.640+0000] {processor.py:176} INFO - Processing /home/airflow/.local/lib/python3.7/site-packages/airflow/example_dags/example_branch_operator.py took 0.184 seconds
[2025-01-24T11:59:49.665+0000] {processor.py:154} INFO - Started process (PID=990) to work on /home/airflow/.local/lib/python3.7/site-packages/airflow/example_dags/example_branch_operator.py
[2025-01-24T11:59:49.666+0000] {processor.py:756} INFO - Processing file /home/airflow/.local/lib/python3.7/site-packages/airflow/example_dags/example_branch_operator.py for tasks to queue
[2025-01-24T11:59:49.667+0000] {logging_mixin.py:120} INFO - [2025-01-24T11:59:49.667+0000] {dagbag.py:537} INFO - Filling up the DagBag from /home/airflow/.local/lib/python3.7/site-packages/airflow/example_dags/example_branch_operator.py
[2025-01-24T11:59:49.687+0000] {processor.py:766} INFO - DAG(s) dict_keys(['example_branch_operator']) retrieved from /home/airflow/.local/lib/python3.7/site-packages/airflow/example_dags/example_branch_operator.py
[2025-01-24T11:59:49.743+0000] {logging_mixin.py:120} INFO - [2025-01-24T11:59:49.742+0000] {dag.py:2585} INFO - Sync 1 DAGs
[2025-01-24T11:59:49.779+0000] {logging_mixin.py:120} INFO - [2025-01-24T11:59:49.779+0000] {dag.py:3340} INFO - Setting next_dagrun for example_branch_operator to 2025-01-23T00:00:00+00:00, run_after=2025-01-24T00:00:00+00:00
[2025-01-24T11:59:49.819+0000] {processor.py:176} INFO - Processing /home/airflow/.local/lib/python3.7/site-packages/airflow/example_dags/example_branch_operator.py took 0.157 seconds
[2025-01-24T12:00:20.209+0000] {processor.py:154} INFO - Started process (PID=1054) to work on /home/airflow/.local/lib/python3.7/site-packages/airflow/example_dags/example_branch_operator.py
[2025-01-24T12:00:20.211+0000] {processor.py:756} INFO - Processing file /home/airflow/.local/lib/python3.7/site-packages/airflow/example_dags/example_branch_operator.py for tasks to queue
[2025-01-24T12:00:20.211+0000] {logging_mixin.py:120} INFO - [2025-01-24T12:00:20.211+0000] {dagbag.py:537} INFO - Filling up the DagBag from /home/airflow/.local/lib/python3.7/site-packages/airflow/example_dags/example_branch_operator.py
[2025-01-24T12:00:20.232+0000] {processor.py:766} INFO - DAG(s) dict_keys(['example_branch_operator']) retrieved from /home/airflow/.local/lib/python3.7/site-packages/airflow/example_dags/example_branch_operator.py
[2025-01-24T12:00:20.281+0000] {logging_mixin.py:120} INFO - [2025-01-24T12:00:20.281+0000] {dag.py:2585} INFO - Sync 1 DAGs
[2025-01-24T12:00:20.315+0000] {logging_mixin.py:120} INFO - [2025-01-24T12:00:20.315+0000] {dag.py:3340} INFO - Setting next_dagrun for example_branch_operator to 2025-01-23T00:00:00+00:00, run_after=2025-01-24T00:00:00+00:00
[2025-01-24T12:00:20.353+0000] {processor.py:176} INFO - Processing /home/airflow/.local/lib/python3.7/site-packages/airflow/example_dags/example_branch_operator.py took 0.147 seconds
[2025-01-24T12:00:51.134+0000] {processor.py:154} INFO - Started process (PID=1109) to work on /home/airflow/.local/lib/python3.7/site-packages/airflow/example_dags/example_branch_operator.py
[2025-01-24T12:00:51.136+0000] {processor.py:756} INFO - Processing file /home/airflow/.local/lib/python3.7/site-packages/airflow/example_dags/example_branch_operator.py for tasks to queue
[2025-01-24T12:00:51.137+0000] {logging_mixin.py:120} INFO - [2025-01-24T12:00:51.137+0000] {dagbag.py:537} INFO - Filling up the DagBag from /home/airflow/.local/lib/python3.7/site-packages/airflow/example_dags/example_branch_operator.py
[2025-01-24T12:00:51.170+0000] {processor.py:766} INFO - DAG(s) dict_keys(['example_branch_operator']) retrieved from /home/airflow/.local/lib/python3.7/site-packages/airflow/example_dags/example_branch_operator.py
[2025-01-24T12:00:51.232+0000] {logging_mixin.py:120} INFO - [2025-01-24T12:00:51.232+0000] {dag.py:2585} INFO - Sync 1 DAGs
[2025-01-24T12:00:51.274+0000] {logging_mixin.py:120} INFO - [2025-01-24T12:00:51.274+0000] {dag.py:3340} INFO - Setting next_dagrun for example_branch_operator to 2025-01-23T00:00:00+00:00, run_after=2025-01-24T00:00:00+00:00
[2025-01-24T12:00:51.311+0000] {processor.py:176} INFO - Processing /home/airflow/.local/lib/python3.7/site-packages/airflow/example_dags/example_branch_operator.py took 0.183 seconds
[2025-01-24T12:01:21.381+0000] {processor.py:154} INFO - Started process (PID=1174) to work on /home/airflow/.local/lib/python3.7/site-packages/airflow/example_dags/example_branch_operator.py
[2025-01-24T12:01:21.382+0000] {processor.py:756} INFO - Processing file /home/airflow/.local/lib/python3.7/site-packages/airflow/example_dags/example_branch_operator.py for tasks to queue
[2025-01-24T12:01:21.383+0000] {logging_mixin.py:120} INFO - [2025-01-24T12:01:21.383+0000] {dagbag.py:537} INFO - Filling up the DagBag from /home/airflow/.local/lib/python3.7/site-packages/airflow/example_dags/example_branch_operator.py
[2025-01-24T12:01:21.406+0000] {processor.py:766} INFO - DAG(s) dict_keys(['example_branch_operator']) retrieved from /home/airflow/.local/lib/python3.7/site-packages/airflow/example_dags/example_branch_operator.py
[2025-01-24T12:01:21.465+0000] {logging_mixin.py:120} INFO - [2025-01-24T12:01:21.465+0000] {dag.py:2585} INFO - Sync 1 DAGs
[2025-01-24T12:01:21.507+0000] {logging_mixin.py:120} INFO - [2025-01-24T12:01:21.507+0000] {dag.py:3340} INFO - Setting next_dagrun for example_branch_operator to 2025-01-23T00:00:00+00:00, run_after=2025-01-24T00:00:00+00:00
[2025-01-24T12:01:21.537+0000] {processor.py:176} INFO - Processing /home/airflow/.local/lib/python3.7/site-packages/airflow/example_dags/example_branch_operator.py took 0.160 seconds
[2025-01-24T12:01:52.675+0000] {processor.py:154} INFO - Started process (PID=1239) to work on /home/airflow/.local/lib/python3.7/site-packages/airflow/example_dags/example_branch_operator.py
[2025-01-24T12:01:52.676+0000] {processor.py:756} INFO - Processing file /home/airflow/.local/lib/python3.7/site-packages/airflow/example_dags/example_branch_operator.py for tasks to queue
[2025-01-24T12:01:52.677+0000] {logging_mixin.py:120} INFO - [2025-01-24T12:01:52.677+0000] {dagbag.py:537} INFO - Filling up the DagBag from /home/airflow/.local/lib/python3.7/site-packages/airflow/example_dags/example_branch_operator.py
[2025-01-24T12:01:52.703+0000] {processor.py:766} INFO - DAG(s) dict_keys(['example_branch_operator']) retrieved from /home/airflow/.local/lib/python3.7/site-packages/airflow/example_dags/example_branch_operator.py
[2025-01-24T12:01:52.780+0000] {logging_mixin.py:120} INFO - [2025-01-24T12:01:52.780+0000] {dag.py:2585} INFO - Sync 1 DAGs
[2025-01-24T12:01:52.832+0000] {logging_mixin.py:120} INFO - [2025-01-24T12:01:52.831+0000] {dag.py:3340} INFO - Setting next_dagrun for example_branch_operator to 2025-01-23T00:00:00+00:00, run_after=2025-01-24T00:00:00+00:00
[2025-01-24T12:01:52.882+0000] {processor.py:176} INFO - Processing /home/airflow/.local/lib/python3.7/site-packages/airflow/example_dags/example_branch_operator.py took 0.211 seconds
[2025-01-24T12:02:23.158+0000] {processor.py:154} INFO - Started process (PID=1294) to work on /home/airflow/.local/lib/python3.7/site-packages/airflow/example_dags/example_branch_operator.py
[2025-01-24T12:02:23.159+0000] {processor.py:756} INFO - Processing file /home/airflow/.local/lib/python3.7/site-packages/airflow/example_dags/example_branch_operator.py for tasks to queue
[2025-01-24T12:02:23.160+0000] {logging_mixin.py:120} INFO - [2025-01-24T12:02:23.160+0000] {dagbag.py:537} INFO - Filling up the DagBag from /home/airflow/.local/lib/python3.7/site-packages/airflow/example_dags/example_branch_operator.py
[2025-01-24T12:02:23.187+0000] {processor.py:766} INFO - DAG(s) dict_keys(['example_branch_operator']) retrieved from /home/airflow/.local/lib/python3.7/site-packages/airflow/example_dags/example_branch_operator.py
[2025-01-24T12:02:23.263+0000] {logging_mixin.py:120} INFO - [2025-01-24T12:02:23.263+0000] {dag.py:2585} INFO - Sync 1 DAGs
[2025-01-24T12:02:23.314+0000] {logging_mixin.py:120} INFO - [2025-01-24T12:02:23.313+0000] {dag.py:3340} INFO - Setting next_dagrun for example_branch_operator to 2025-01-23T00:00:00+00:00, run_after=2025-01-24T00:00:00+00:00
[2025-01-24T12:02:23.347+0000] {processor.py:176} INFO - Processing /home/airflow/.local/lib/python3.7/site-packages/airflow/example_dags/example_branch_operator.py took 0.195 seconds
[2025-01-24T12:02:53.656+0000] {processor.py:154} INFO - Started process (PID=1358) to work on /home/airflow/.local/lib/python3.7/site-packages/airflow/example_dags/example_branch_operator.py
[2025-01-24T12:02:53.657+0000] {processor.py:756} INFO - Processing file /home/airflow/.local/lib/python3.7/site-packages/airflow/example_dags/example_branch_operator.py for tasks to queue
[2025-01-24T12:02:53.658+0000] {logging_mixin.py:120} INFO - [2025-01-24T12:02:53.658+0000] {dagbag.py:537} INFO - Filling up the DagBag from /home/airflow/.local/lib/python3.7/site-packages/airflow/example_dags/example_branch_operator.py
[2025-01-24T12:02:53.683+0000] {processor.py:766} INFO - DAG(s) dict_keys(['example_branch_operator']) retrieved from /home/airflow/.local/lib/python3.7/site-packages/airflow/example_dags/example_branch_operator.py
[2025-01-24T12:02:53.750+0000] {logging_mixin.py:120} INFO - [2025-01-24T12:02:53.750+0000] {dag.py:2585} INFO - Sync 1 DAGs
[2025-01-24T12:02:53.800+0000] {logging_mixin.py:120} INFO - [2025-01-24T12:02:53.799+0000] {dag.py:3340} INFO - Setting next_dagrun for example_branch_operator to 2025-01-23T00:00:00+00:00, run_after=2025-01-24T00:00:00+00:00
[2025-01-24T12:02:53.841+0000] {processor.py:176} INFO - Processing /home/airflow/.local/lib/python3.7/site-packages/airflow/example_dags/example_branch_operator.py took 0.189 seconds
[2025-01-24T12:03:23.877+0000] {processor.py:154} INFO - Started process (PID=1413) to work on /home/airflow/.local/lib/python3.7/site-packages/airflow/example_dags/example_branch_operator.py
[2025-01-24T12:03:23.879+0000] {processor.py:756} INFO - Processing file /home/airflow/.local/lib/python3.7/site-packages/airflow/example_dags/example_branch_operator.py for tasks to queue
[2025-01-24T12:03:23.880+0000] {logging_mixin.py:120} INFO - [2025-01-24T12:03:23.879+0000] {dagbag.py:537} INFO - Filling up the DagBag from /home/airflow/.local/lib/python3.7/site-packages/airflow/example_dags/example_branch_operator.py
[2025-01-24T12:03:23.905+0000] {processor.py:766} INFO - DAG(s) dict_keys(['example_branch_operator']) retrieved from /home/airflow/.local/lib/python3.7/site-packages/airflow/example_dags/example_branch_operator.py
[2025-01-24T12:03:23.963+0000] {logging_mixin.py:120} INFO - [2025-01-24T12:03:23.963+0000] {dag.py:2585} INFO - Sync 1 DAGs
[2025-01-24T12:03:24.001+0000] {logging_mixin.py:120} INFO - [2025-01-24T12:03:24.001+0000] {dag.py:3340} INFO - Setting next_dagrun for example_branch_operator to 2025-01-23T00:00:00+00:00, run_after=2025-01-24T00:00:00+00:00
[2025-01-24T12:03:24.041+0000] {processor.py:176} INFO - Processing /home/airflow/.local/lib/python3.7/site-packages/airflow/example_dags/example_branch_operator.py took 0.168 seconds
[2025-01-24T12:03:54.234+0000] {processor.py:154} INFO - Started process (PID=1477) to work on /home/airflow/.local/lib/python3.7/site-packages/airflow/example_dags/example_branch_operator.py
[2025-01-24T12:03:54.235+0000] {processor.py:756} INFO - Processing file /home/airflow/.local/lib/python3.7/site-packages/airflow/example_dags/example_branch_operator.py for tasks to queue
[2025-01-24T12:03:54.236+0000] {logging_mixin.py:120} INFO - [2025-01-24T12:03:54.235+0000] {dagbag.py:537} INFO - Filling up the DagBag from /home/airflow/.local/lib/python3.7/site-packages/airflow/example_dags/example_branch_operator.py
[2025-01-24T12:03:54.263+0000] {processor.py:766} INFO - DAG(s) dict_keys(['example_branch_operator']) retrieved from /home/airflow/.local/lib/python3.7/site-packages/airflow/example_dags/example_branch_operator.py
[2025-01-24T12:03:54.328+0000] {logging_mixin.py:120} INFO - [2025-01-24T12:03:54.328+0000] {dag.py:2585} INFO - Sync 1 DAGs
[2025-01-24T12:03:54.371+0000] {logging_mixin.py:120} INFO - [2025-01-24T12:03:54.370+0000] {dag.py:3340} INFO - Setting next_dagrun for example_branch_operator to 2025-01-23T00:00:00+00:00, run_after=2025-01-24T00:00:00+00:00
[2025-01-24T12:03:54.409+0000] {processor.py:176} INFO - Processing /home/airflow/.local/lib/python3.7/site-packages/airflow/example_dags/example_branch_operator.py took 0.180 seconds
[2025-01-24T12:04:25.161+0000] {processor.py:154} INFO - Started process (PID=1532) to work on /home/airflow/.local/lib/python3.7/site-packages/airflow/example_dags/example_branch_operator.py
[2025-01-24T12:04:25.162+0000] {processor.py:756} INFO - Processing file /home/airflow/.local/lib/python3.7/site-packages/airflow/example_dags/example_branch_operator.py for tasks to queue
[2025-01-24T12:04:25.163+0000] {logging_mixin.py:120} INFO - [2025-01-24T12:04:25.163+0000] {dagbag.py:537} INFO - Filling up the DagBag from /home/airflow/.local/lib/python3.7/site-packages/airflow/example_dags/example_branch_operator.py
[2025-01-24T12:04:25.188+0000] {processor.py:766} INFO - DAG(s) dict_keys(['example_branch_operator']) retrieved from /home/airflow/.local/lib/python3.7/site-packages/airflow/example_dags/example_branch_operator.py
[2025-01-24T12:04:25.247+0000] {logging_mixin.py:120} INFO - [2025-01-24T12:04:25.246+0000] {dag.py:2585} INFO - Sync 1 DAGs
[2025-01-24T12:04:25.284+0000] {logging_mixin.py:120} INFO - [2025-01-24T12:04:25.284+0000] {dag.py:3340} INFO - Setting next_dagrun for example_branch_operator to 2025-01-23T00:00:00+00:00, run_after=2025-01-24T00:00:00+00:00
[2025-01-24T12:04:25.314+0000] {processor.py:176} INFO - Processing /home/airflow/.local/lib/python3.7/site-packages/airflow/example_dags/example_branch_operator.py took 0.159 seconds
[2025-01-24T12:04:55.508+0000] {processor.py:154} INFO - Started process (PID=1596) to work on /home/airflow/.local/lib/python3.7/site-packages/airflow/example_dags/example_branch_operator.py
[2025-01-24T12:04:55.509+0000] {processor.py:756} INFO - Processing file /home/airflow/.local/lib/python3.7/site-packages/airflow/example_dags/example_branch_operator.py for tasks to queue
[2025-01-24T12:04:55.510+0000] {logging_mixin.py:120} INFO - [2025-01-24T12:04:55.509+0000] {dagbag.py:537} INFO - Filling up the DagBag from /home/airflow/.local/lib/python3.7/site-packages/airflow/example_dags/example_branch_operator.py
[2025-01-24T12:04:55.533+0000] {processor.py:766} INFO - DAG(s) dict_keys(['example_branch_operator']) retrieved from /home/airflow/.local/lib/python3.7/site-packages/airflow/example_dags/example_branch_operator.py
[2025-01-24T12:04:55.597+0000] {logging_mixin.py:120} INFO - [2025-01-24T12:04:55.596+0000] {dag.py:2585} INFO - Sync 1 DAGs
[2025-01-24T12:04:55.636+0000] {logging_mixin.py:120} INFO - [2025-01-24T12:04:55.636+0000] {dag.py:3340} INFO - Setting next_dagrun for example_branch_operator to 2025-01-23T00:00:00+00:00, run_after=2025-01-24T00:00:00+00:00
[2025-01-24T12:04:55.669+0000] {processor.py:176} INFO - Processing /home/airflow/.local/lib/python3.7/site-packages/airflow/example_dags/example_branch_operator.py took 0.165 seconds
[2025-01-24T12:05:26.572+0000] {processor.py:154} INFO - Started process (PID=1651) to work on /home/airflow/.local/lib/python3.7/site-packages/airflow/example_dags/example_branch_operator.py
[2025-01-24T12:05:26.573+0000] {processor.py:756} INFO - Processing file /home/airflow/.local/lib/python3.7/site-packages/airflow/example_dags/example_branch_operator.py for tasks to queue
[2025-01-24T12:05:26.574+0000] {logging_mixin.py:120} INFO - [2025-01-24T12:05:26.574+0000] {dagbag.py:537} INFO - Filling up the DagBag from /home/airflow/.local/lib/python3.7/site-packages/airflow/example_dags/example_branch_operator.py
[2025-01-24T12:05:26.601+0000] {processor.py:766} INFO - DAG(s) dict_keys(['example_branch_operator']) retrieved from /home/airflow/.local/lib/python3.7/site-packages/airflow/example_dags/example_branch_operator.py
[2025-01-24T12:05:26.674+0000] {logging_mixin.py:120} INFO - [2025-01-24T12:05:26.674+0000] {dag.py:2585} INFO - Sync 1 DAGs
[2025-01-24T12:05:26.731+0000] {logging_mixin.py:120} INFO - [2025-01-24T12:05:26.730+0000] {dag.py:3340} INFO - Setting next_dagrun for example_branch_operator to 2025-01-23T00:00:00+00:00, run_after=2025-01-24T00:00:00+00:00
[2025-01-24T12:05:26.773+0000] {processor.py:176} INFO - Processing /home/airflow/.local/lib/python3.7/site-packages/airflow/example_dags/example_branch_operator.py took 0.205 seconds
[2025-01-24T12:05:57.021+0000] {processor.py:154} INFO - Started process (PID=1715) to work on /home/airflow/.local/lib/python3.7/site-packages/airflow/example_dags/example_branch_operator.py
[2025-01-24T12:05:57.023+0000] {processor.py:756} INFO - Processing file /home/airflow/.local/lib/python3.7/site-packages/airflow/example_dags/example_branch_operator.py for tasks to queue
[2025-01-24T12:05:57.023+0000] {logging_mixin.py:120} INFO - [2025-01-24T12:05:57.023+0000] {dagbag.py:537} INFO - Filling up the DagBag from /home/airflow/.local/lib/python3.7/site-packages/airflow/example_dags/example_branch_operator.py
[2025-01-24T12:05:57.049+0000] {processor.py:766} INFO - DAG(s) dict_keys(['example_branch_operator']) retrieved from /home/airflow/.local/lib/python3.7/site-packages/airflow/example_dags/example_branch_operator.py
[2025-01-24T12:05:57.114+0000] {logging_mixin.py:120} INFO - [2025-01-24T12:05:57.113+0000] {dag.py:2585} INFO - Sync 1 DAGs
[2025-01-24T12:05:57.151+0000] {logging_mixin.py:120} INFO - [2025-01-24T12:05:57.150+0000] {dag.py:3340} INFO - Setting next_dagrun for example_branch_operator to 2025-01-23T00:00:00+00:00, run_after=2025-01-24T00:00:00+00:00
[2025-01-24T12:05:57.187+0000] {processor.py:176} INFO - Processing /home/airflow/.local/lib/python3.7/site-packages/airflow/example_dags/example_branch_operator.py took 0.171 seconds
