[2025-01-24T17:06:17.632+0000] {processor.py:154} INFO - Started process (PID=87) to work on /home/airflow/.local/lib/python3.7/site-packages/airflow/example_dags/example_latest_only_with_trigger.py
[2025-01-24T17:06:17.633+0000] {processor.py:756} INFO - Processing file /home/airflow/.local/lib/python3.7/site-packages/airflow/example_dags/example_latest_only_with_trigger.py for tasks to queue
[2025-01-24T17:06:17.634+0000] {logging_mixin.py:120} INFO - [2025-01-24T17:06:17.634+0000] {dagbag.py:537} INFO - Filling up the DagBag from /home/airflow/.local/lib/python3.7/site-packages/airflow/example_dags/example_latest_only_with_trigger.py
[2025-01-24T17:06:17.657+0000] {processor.py:766} INFO - DAG(s) dict_keys(['latest_only_with_trigger']) retrieved from /home/airflow/.local/lib/python3.7/site-packages/airflow/example_dags/example_latest_only_with_trigger.py
[2025-01-24T17:06:17.726+0000] {logging_mixin.py:120} INFO - [2025-01-24T17:06:17.726+0000] {dag.py:2585} INFO - Sync 1 DAGs
[2025-01-24T17:06:17.765+0000] {logging_mixin.py:120} INFO - [2025-01-24T17:06:17.765+0000] {dag.py:3340} INFO - Setting next_dagrun for latest_only_with_trigger to 2025-01-24T13:06:17.764845+00:00, run_after=2025-01-24T17:06:17.764845+00:00
[2025-01-24T17:06:17.796+0000] {processor.py:176} INFO - Processing /home/airflow/.local/lib/python3.7/site-packages/airflow/example_dags/example_latest_only_with_trigger.py took 0.169 seconds
[2025-01-24T11:52:10.929+0000] {processor.py:154} INFO - Started process (PID=87) to work on /home/airflow/.local/lib/python3.7/site-packages/airflow/example_dags/example_latest_only_with_trigger.py
[2025-01-24T11:52:10.931+0000] {processor.py:756} INFO - Processing file /home/airflow/.local/lib/python3.7/site-packages/airflow/example_dags/example_latest_only_with_trigger.py for tasks to queue
[2025-01-24T11:52:10.932+0000] {logging_mixin.py:120} INFO - [2025-01-24T11:52:10.932+0000] {dagbag.py:537} INFO - Filling up the DagBag from /home/airflow/.local/lib/python3.7/site-packages/airflow/example_dags/example_latest_only_with_trigger.py
[2025-01-24T11:52:10.955+0000] {processor.py:766} INFO - DAG(s) dict_keys(['latest_only_with_trigger']) retrieved from /home/airflow/.local/lib/python3.7/site-packages/airflow/example_dags/example_latest_only_with_trigger.py
[2025-01-24T11:52:11.022+0000] {logging_mixin.py:120} INFO - [2025-01-24T11:52:11.022+0000] {dag.py:2585} INFO - Sync 1 DAGs
[2025-01-24T11:52:11.066+0000] {logging_mixin.py:120} INFO - [2025-01-24T11:52:11.066+0000] {dag.py:3340} INFO - Setting next_dagrun for latest_only_with_trigger to 2025-01-24T07:52:11.066264+00:00, run_after=2025-01-24T11:52:11.066264+00:00
[2025-01-24T11:52:11.101+0000] {processor.py:176} INFO - Processing /home/airflow/.local/lib/python3.7/site-packages/airflow/example_dags/example_latest_only_with_trigger.py took 0.177 seconds
[2025-01-24T11:52:43.101+0000] {processor.py:154} INFO - Started process (PID=151) to work on /home/airflow/.local/lib/python3.7/site-packages/airflow/example_dags/example_latest_only_with_trigger.py
[2025-01-24T11:52:43.102+0000] {processor.py:756} INFO - Processing file /home/airflow/.local/lib/python3.7/site-packages/airflow/example_dags/example_latest_only_with_trigger.py for tasks to queue
[2025-01-24T11:52:43.103+0000] {logging_mixin.py:120} INFO - [2025-01-24T11:52:43.103+0000] {dagbag.py:537} INFO - Filling up the DagBag from /home/airflow/.local/lib/python3.7/site-packages/airflow/example_dags/example_latest_only_with_trigger.py
[2025-01-24T11:52:43.130+0000] {processor.py:766} INFO - DAG(s) dict_keys(['latest_only_with_trigger']) retrieved from /home/airflow/.local/lib/python3.7/site-packages/airflow/example_dags/example_latest_only_with_trigger.py
[2025-01-24T11:52:43.221+0000] {logging_mixin.py:120} INFO - [2025-01-24T11:52:43.220+0000] {dag.py:2585} INFO - Sync 1 DAGs
[2025-01-24T11:52:43.279+0000] {logging_mixin.py:120} INFO - [2025-01-24T11:52:43.279+0000] {dag.py:3340} INFO - Setting next_dagrun for latest_only_with_trigger to 2025-01-24T07:52:43.278818+00:00, run_after=2025-01-24T11:52:43.278818+00:00
[2025-01-24T11:52:43.318+0000] {processor.py:176} INFO - Processing /home/airflow/.local/lib/python3.7/site-packages/airflow/example_dags/example_latest_only_with_trigger.py took 0.222 seconds
[2025-01-24T11:53:13.998+0000] {processor.py:154} INFO - Started process (PID=207) to work on /home/airflow/.local/lib/python3.7/site-packages/airflow/example_dags/example_latest_only_with_trigger.py
[2025-01-24T11:53:13.999+0000] {processor.py:756} INFO - Processing file /home/airflow/.local/lib/python3.7/site-packages/airflow/example_dags/example_latest_only_with_trigger.py for tasks to queue
[2025-01-24T11:53:14.000+0000] {logging_mixin.py:120} INFO - [2025-01-24T11:53:14.000+0000] {dagbag.py:537} INFO - Filling up the DagBag from /home/airflow/.local/lib/python3.7/site-packages/airflow/example_dags/example_latest_only_with_trigger.py
[2025-01-24T11:53:14.021+0000] {processor.py:766} INFO - DAG(s) dict_keys(['latest_only_with_trigger']) retrieved from /home/airflow/.local/lib/python3.7/site-packages/airflow/example_dags/example_latest_only_with_trigger.py
[2025-01-24T11:53:14.080+0000] {logging_mixin.py:120} INFO - [2025-01-24T11:53:14.080+0000] {dag.py:2585} INFO - Sync 1 DAGs
[2025-01-24T11:53:14.120+0000] {logging_mixin.py:120} INFO - [2025-01-24T11:53:14.120+0000] {dag.py:3340} INFO - Setting next_dagrun for latest_only_with_trigger to 2025-01-24T07:53:14.119627+00:00, run_after=2025-01-24T11:53:14.119627+00:00
[2025-01-24T11:53:14.153+0000] {processor.py:176} INFO - Processing /home/airflow/.local/lib/python3.7/site-packages/airflow/example_dags/example_latest_only_with_trigger.py took 0.161 seconds
[2025-01-24T11:53:44.711+0000] {processor.py:154} INFO - Started process (PID=271) to work on /home/airflow/.local/lib/python3.7/site-packages/airflow/example_dags/example_latest_only_with_trigger.py
[2025-01-24T11:53:44.712+0000] {processor.py:756} INFO - Processing file /home/airflow/.local/lib/python3.7/site-packages/airflow/example_dags/example_latest_only_with_trigger.py for tasks to queue
[2025-01-24T11:53:44.713+0000] {logging_mixin.py:120} INFO - [2025-01-24T11:53:44.713+0000] {dagbag.py:537} INFO - Filling up the DagBag from /home/airflow/.local/lib/python3.7/site-packages/airflow/example_dags/example_latest_only_with_trigger.py
[2025-01-24T11:53:44.741+0000] {processor.py:766} INFO - DAG(s) dict_keys(['latest_only_with_trigger']) retrieved from /home/airflow/.local/lib/python3.7/site-packages/airflow/example_dags/example_latest_only_with_trigger.py
[2025-01-24T11:53:44.806+0000] {logging_mixin.py:120} INFO - [2025-01-24T11:53:44.806+0000] {dag.py:2585} INFO - Sync 1 DAGs
[2025-01-24T11:53:44.860+0000] {logging_mixin.py:120} INFO - [2025-01-24T11:53:44.859+0000] {dag.py:3340} INFO - Setting next_dagrun for latest_only_with_trigger to 2025-01-24T07:53:44.859161+00:00, run_after=2025-01-24T11:53:44.859161+00:00
[2025-01-24T11:53:44.906+0000] {processor.py:176} INFO - Processing /home/airflow/.local/lib/python3.7/site-packages/airflow/example_dags/example_latest_only_with_trigger.py took 0.199 seconds
[2025-01-24T11:54:15.279+0000] {processor.py:154} INFO - Started process (PID=335) to work on /home/airflow/.local/lib/python3.7/site-packages/airflow/example_dags/example_latest_only_with_trigger.py
[2025-01-24T11:54:15.281+0000] {processor.py:756} INFO - Processing file /home/airflow/.local/lib/python3.7/site-packages/airflow/example_dags/example_latest_only_with_trigger.py for tasks to queue
[2025-01-24T11:54:15.282+0000] {logging_mixin.py:120} INFO - [2025-01-24T11:54:15.282+0000] {dagbag.py:537} INFO - Filling up the DagBag from /home/airflow/.local/lib/python3.7/site-packages/airflow/example_dags/example_latest_only_with_trigger.py
[2025-01-24T11:54:15.307+0000] {processor.py:766} INFO - DAG(s) dict_keys(['latest_only_with_trigger']) retrieved from /home/airflow/.local/lib/python3.7/site-packages/airflow/example_dags/example_latest_only_with_trigger.py
[2025-01-24T11:54:15.377+0000] {logging_mixin.py:120} INFO - [2025-01-24T11:54:15.377+0000] {dag.py:2585} INFO - Sync 1 DAGs
[2025-01-24T11:54:15.421+0000] {logging_mixin.py:120} INFO - [2025-01-24T11:54:15.421+0000] {dag.py:3340} INFO - Setting next_dagrun for latest_only_with_trigger to 2025-01-24T07:54:15.421060+00:00, run_after=2025-01-24T11:54:15.421060+00:00
[2025-01-24T11:54:15.466+0000] {processor.py:176} INFO - Processing /home/airflow/.local/lib/python3.7/site-packages/airflow/example_dags/example_latest_only_with_trigger.py took 0.193 seconds
[2025-01-24T11:54:46.245+0000] {processor.py:154} INFO - Started process (PID=390) to work on /home/airflow/.local/lib/python3.7/site-packages/airflow/example_dags/example_latest_only_with_trigger.py
[2025-01-24T11:54:46.246+0000] {processor.py:756} INFO - Processing file /home/airflow/.local/lib/python3.7/site-packages/airflow/example_dags/example_latest_only_with_trigger.py for tasks to queue
[2025-01-24T11:54:46.248+0000] {logging_mixin.py:120} INFO - [2025-01-24T11:54:46.247+0000] {dagbag.py:537} INFO - Filling up the DagBag from /home/airflow/.local/lib/python3.7/site-packages/airflow/example_dags/example_latest_only_with_trigger.py
[2025-01-24T11:54:46.281+0000] {processor.py:766} INFO - DAG(s) dict_keys(['latest_only_with_trigger']) retrieved from /home/airflow/.local/lib/python3.7/site-packages/airflow/example_dags/example_latest_only_with_trigger.py
[2025-01-24T11:54:46.371+0000] {logging_mixin.py:120} INFO - [2025-01-24T11:54:46.371+0000] {dag.py:2585} INFO - Sync 1 DAGs
[2025-01-24T11:54:46.426+0000] {logging_mixin.py:120} INFO - [2025-01-24T11:54:46.425+0000] {dag.py:3340} INFO - Setting next_dagrun for latest_only_with_trigger to 2025-01-24T07:54:46.425313+00:00, run_after=2025-01-24T11:54:46.425313+00:00
[2025-01-24T11:54:46.475+0000] {processor.py:176} INFO - Processing /home/airflow/.local/lib/python3.7/site-packages/airflow/example_dags/example_latest_only_with_trigger.py took 0.235 seconds
[2025-01-24T11:55:16.895+0000] {processor.py:154} INFO - Started process (PID=454) to work on /home/airflow/.local/lib/python3.7/site-packages/airflow/example_dags/example_latest_only_with_trigger.py
[2025-01-24T11:55:16.896+0000] {processor.py:756} INFO - Processing file /home/airflow/.local/lib/python3.7/site-packages/airflow/example_dags/example_latest_only_with_trigger.py for tasks to queue
[2025-01-24T11:55:16.896+0000] {logging_mixin.py:120} INFO - [2025-01-24T11:55:16.896+0000] {dagbag.py:537} INFO - Filling up the DagBag from /home/airflow/.local/lib/python3.7/site-packages/airflow/example_dags/example_latest_only_with_trigger.py
[2025-01-24T11:55:16.923+0000] {processor.py:766} INFO - DAG(s) dict_keys(['latest_only_with_trigger']) retrieved from /home/airflow/.local/lib/python3.7/site-packages/airflow/example_dags/example_latest_only_with_trigger.py
[2025-01-24T11:55:16.991+0000] {logging_mixin.py:120} INFO - [2025-01-24T11:55:16.991+0000] {dag.py:2585} INFO - Sync 1 DAGs
[2025-01-24T11:55:17.032+0000] {logging_mixin.py:120} INFO - [2025-01-24T11:55:17.032+0000] {dag.py:3340} INFO - Setting next_dagrun for latest_only_with_trigger to 2025-01-24T07:55:17.031980+00:00, run_after=2025-01-24T11:55:17.031980+00:00
[2025-01-24T11:55:17.066+0000] {processor.py:176} INFO - Processing /home/airflow/.local/lib/python3.7/site-packages/airflow/example_dags/example_latest_only_with_trigger.py took 0.175 seconds
[2025-01-24T11:55:47.459+0000] {processor.py:154} INFO - Started process (PID=509) to work on /home/airflow/.local/lib/python3.7/site-packages/airflow/example_dags/example_latest_only_with_trigger.py
[2025-01-24T11:55:47.460+0000] {processor.py:756} INFO - Processing file /home/airflow/.local/lib/python3.7/site-packages/airflow/example_dags/example_latest_only_with_trigger.py for tasks to queue
[2025-01-24T11:55:47.460+0000] {logging_mixin.py:120} INFO - [2025-01-24T11:55:47.460+0000] {dagbag.py:537} INFO - Filling up the DagBag from /home/airflow/.local/lib/python3.7/site-packages/airflow/example_dags/example_latest_only_with_trigger.py
[2025-01-24T11:55:47.478+0000] {processor.py:766} INFO - DAG(s) dict_keys(['latest_only_with_trigger']) retrieved from /home/airflow/.local/lib/python3.7/site-packages/airflow/example_dags/example_latest_only_with_trigger.py
[2025-01-24T11:55:47.532+0000] {logging_mixin.py:120} INFO - [2025-01-24T11:55:47.532+0000] {dag.py:2585} INFO - Sync 1 DAGs
[2025-01-24T11:55:47.563+0000] {logging_mixin.py:120} INFO - [2025-01-24T11:55:47.562+0000] {dag.py:3340} INFO - Setting next_dagrun for latest_only_with_trigger to 2025-01-24T07:55:47.562566+00:00, run_after=2025-01-24T11:55:47.562566+00:00
[2025-01-24T11:55:47.607+0000] {processor.py:176} INFO - Processing /home/airflow/.local/lib/python3.7/site-packages/airflow/example_dags/example_latest_only_with_trigger.py took 0.152 seconds
[2025-01-24T11:56:17.993+0000] {processor.py:154} INFO - Started process (PID=574) to work on /home/airflow/.local/lib/python3.7/site-packages/airflow/example_dags/example_latest_only_with_trigger.py
[2025-01-24T11:56:17.994+0000] {processor.py:756} INFO - Processing file /home/airflow/.local/lib/python3.7/site-packages/airflow/example_dags/example_latest_only_with_trigger.py for tasks to queue
[2025-01-24T11:56:17.995+0000] {logging_mixin.py:120} INFO - [2025-01-24T11:56:17.995+0000] {dagbag.py:537} INFO - Filling up the DagBag from /home/airflow/.local/lib/python3.7/site-packages/airflow/example_dags/example_latest_only_with_trigger.py
[2025-01-24T11:56:18.017+0000] {processor.py:766} INFO - DAG(s) dict_keys(['latest_only_with_trigger']) retrieved from /home/airflow/.local/lib/python3.7/site-packages/airflow/example_dags/example_latest_only_with_trigger.py
[2025-01-24T11:56:18.077+0000] {logging_mixin.py:120} INFO - [2025-01-24T11:56:18.077+0000] {dag.py:2585} INFO - Sync 1 DAGs
[2025-01-24T11:56:18.118+0000] {logging_mixin.py:120} INFO - [2025-01-24T11:56:18.118+0000] {dag.py:3340} INFO - Setting next_dagrun for latest_only_with_trigger to 2025-01-24T07:56:18.118219+00:00, run_after=2025-01-24T11:56:18.118219+00:00
[2025-01-24T11:56:18.151+0000] {processor.py:176} INFO - Processing /home/airflow/.local/lib/python3.7/site-packages/airflow/example_dags/example_latest_only_with_trigger.py took 0.163 seconds
[2025-01-24T11:56:48.595+0000] {processor.py:154} INFO - Started process (PID=629) to work on /home/airflow/.local/lib/python3.7/site-packages/airflow/example_dags/example_latest_only_with_trigger.py
[2025-01-24T11:56:48.596+0000] {processor.py:756} INFO - Processing file /home/airflow/.local/lib/python3.7/site-packages/airflow/example_dags/example_latest_only_with_trigger.py for tasks to queue
[2025-01-24T11:56:48.597+0000] {logging_mixin.py:120} INFO - [2025-01-24T11:56:48.597+0000] {dagbag.py:537} INFO - Filling up the DagBag from /home/airflow/.local/lib/python3.7/site-packages/airflow/example_dags/example_latest_only_with_trigger.py
[2025-01-24T11:56:48.617+0000] {processor.py:766} INFO - DAG(s) dict_keys(['latest_only_with_trigger']) retrieved from /home/airflow/.local/lib/python3.7/site-packages/airflow/example_dags/example_latest_only_with_trigger.py
[2025-01-24T11:56:48.680+0000] {logging_mixin.py:120} INFO - [2025-01-24T11:56:48.680+0000] {dag.py:2585} INFO - Sync 1 DAGs
[2025-01-24T11:56:48.724+0000] {logging_mixin.py:120} INFO - [2025-01-24T11:56:48.723+0000] {dag.py:3340} INFO - Setting next_dagrun for latest_only_with_trigger to 2025-01-24T07:56:48.723402+00:00, run_after=2025-01-24T11:56:48.723402+00:00
[2025-01-24T11:56:48.766+0000] {processor.py:176} INFO - Processing /home/airflow/.local/lib/python3.7/site-packages/airflow/example_dags/example_latest_only_with_trigger.py took 0.178 seconds
[2025-01-24T11:57:19.044+0000] {processor.py:154} INFO - Started process (PID=693) to work on /home/airflow/.local/lib/python3.7/site-packages/airflow/example_dags/example_latest_only_with_trigger.py
[2025-01-24T11:57:19.045+0000] {processor.py:756} INFO - Processing file /home/airflow/.local/lib/python3.7/site-packages/airflow/example_dags/example_latest_only_with_trigger.py for tasks to queue
[2025-01-24T11:57:19.046+0000] {logging_mixin.py:120} INFO - [2025-01-24T11:57:19.046+0000] {dagbag.py:537} INFO - Filling up the DagBag from /home/airflow/.local/lib/python3.7/site-packages/airflow/example_dags/example_latest_only_with_trigger.py
[2025-01-24T11:57:19.066+0000] {processor.py:766} INFO - DAG(s) dict_keys(['latest_only_with_trigger']) retrieved from /home/airflow/.local/lib/python3.7/site-packages/airflow/example_dags/example_latest_only_with_trigger.py
[2025-01-24T11:57:19.125+0000] {logging_mixin.py:120} INFO - [2025-01-24T11:57:19.125+0000] {dag.py:2585} INFO - Sync 1 DAGs
[2025-01-24T11:57:19.165+0000] {logging_mixin.py:120} INFO - [2025-01-24T11:57:19.165+0000] {dag.py:3340} INFO - Setting next_dagrun for latest_only_with_trigger to 2025-01-24T07:57:19.165052+00:00, run_after=2025-01-24T11:57:19.165052+00:00
[2025-01-24T11:57:19.204+0000] {processor.py:176} INFO - Processing /home/airflow/.local/lib/python3.7/site-packages/airflow/example_dags/example_latest_only_with_trigger.py took 0.165 seconds
[2025-01-24T11:57:49.694+0000] {processor.py:154} INFO - Started process (PID=757) to work on /home/airflow/.local/lib/python3.7/site-packages/airflow/example_dags/example_latest_only_with_trigger.py
[2025-01-24T11:57:49.695+0000] {processor.py:756} INFO - Processing file /home/airflow/.local/lib/python3.7/site-packages/airflow/example_dags/example_latest_only_with_trigger.py for tasks to queue
[2025-01-24T11:57:49.696+0000] {logging_mixin.py:120} INFO - [2025-01-24T11:57:49.696+0000] {dagbag.py:537} INFO - Filling up the DagBag from /home/airflow/.local/lib/python3.7/site-packages/airflow/example_dags/example_latest_only_with_trigger.py
[2025-01-24T11:57:49.716+0000] {processor.py:766} INFO - DAG(s) dict_keys(['latest_only_with_trigger']) retrieved from /home/airflow/.local/lib/python3.7/site-packages/airflow/example_dags/example_latest_only_with_trigger.py
[2025-01-24T11:57:49.778+0000] {logging_mixin.py:120} INFO - [2025-01-24T11:57:49.777+0000] {dag.py:2585} INFO - Sync 1 DAGs
[2025-01-24T11:57:49.812+0000] {logging_mixin.py:120} INFO - [2025-01-24T11:57:49.812+0000] {dag.py:3340} INFO - Setting next_dagrun for latest_only_with_trigger to 2025-01-24T07:57:49.812021+00:00, run_after=2025-01-24T11:57:49.812021+00:00
[2025-01-24T11:57:49.843+0000] {processor.py:176} INFO - Processing /home/airflow/.local/lib/python3.7/site-packages/airflow/example_dags/example_latest_only_with_trigger.py took 0.153 seconds
[2025-01-24T11:58:20.267+0000] {processor.py:154} INFO - Started process (PID=813) to work on /home/airflow/.local/lib/python3.7/site-packages/airflow/example_dags/example_latest_only_with_trigger.py
[2025-01-24T11:58:20.268+0000] {processor.py:756} INFO - Processing file /home/airflow/.local/lib/python3.7/site-packages/airflow/example_dags/example_latest_only_with_trigger.py for tasks to queue
[2025-01-24T11:58:20.269+0000] {logging_mixin.py:120} INFO - [2025-01-24T11:58:20.269+0000] {dagbag.py:537} INFO - Filling up the DagBag from /home/airflow/.local/lib/python3.7/site-packages/airflow/example_dags/example_latest_only_with_trigger.py
[2025-01-24T11:58:20.288+0000] {processor.py:766} INFO - DAG(s) dict_keys(['latest_only_with_trigger']) retrieved from /home/airflow/.local/lib/python3.7/site-packages/airflow/example_dags/example_latest_only_with_trigger.py
[2025-01-24T11:58:20.340+0000] {logging_mixin.py:120} INFO - [2025-01-24T11:58:20.339+0000] {dag.py:2585} INFO - Sync 1 DAGs
[2025-01-24T11:58:20.374+0000] {logging_mixin.py:120} INFO - [2025-01-24T11:58:20.373+0000] {dag.py:3340} INFO - Setting next_dagrun for latest_only_with_trigger to 2025-01-24T07:58:20.373419+00:00, run_after=2025-01-24T11:58:20.373419+00:00
[2025-01-24T11:58:20.415+0000] {processor.py:176} INFO - Processing /home/airflow/.local/lib/python3.7/site-packages/airflow/example_dags/example_latest_only_with_trigger.py took 0.152 seconds
[2025-01-24T11:58:50.596+0000] {processor.py:154} INFO - Started process (PID=877) to work on /home/airflow/.local/lib/python3.7/site-packages/airflow/example_dags/example_latest_only_with_trigger.py
[2025-01-24T11:58:50.597+0000] {processor.py:756} INFO - Processing file /home/airflow/.local/lib/python3.7/site-packages/airflow/example_dags/example_latest_only_with_trigger.py for tasks to queue
[2025-01-24T11:58:50.598+0000] {logging_mixin.py:120} INFO - [2025-01-24T11:58:50.598+0000] {dagbag.py:537} INFO - Filling up the DagBag from /home/airflow/.local/lib/python3.7/site-packages/airflow/example_dags/example_latest_only_with_trigger.py
[2025-01-24T11:58:50.618+0000] {processor.py:766} INFO - DAG(s) dict_keys(['latest_only_with_trigger']) retrieved from /home/airflow/.local/lib/python3.7/site-packages/airflow/example_dags/example_latest_only_with_trigger.py
[2025-01-24T11:58:50.670+0000] {logging_mixin.py:120} INFO - [2025-01-24T11:58:50.670+0000] {dag.py:2585} INFO - Sync 1 DAGs
[2025-01-24T11:58:50.704+0000] {logging_mixin.py:120} INFO - [2025-01-24T11:58:50.704+0000] {dag.py:3340} INFO - Setting next_dagrun for latest_only_with_trigger to 2025-01-24T07:58:50.704362+00:00, run_after=2025-01-24T11:58:50.704362+00:00
[2025-01-24T11:58:50.738+0000] {processor.py:176} INFO - Processing /home/airflow/.local/lib/python3.7/site-packages/airflow/example_dags/example_latest_only_with_trigger.py took 0.147 seconds
[2025-01-24T11:59:20.904+0000] {processor.py:154} INFO - Started process (PID=941) to work on /home/airflow/.local/lib/python3.7/site-packages/airflow/example_dags/example_latest_only_with_trigger.py
[2025-01-24T11:59:20.905+0000] {processor.py:756} INFO - Processing file /home/airflow/.local/lib/python3.7/site-packages/airflow/example_dags/example_latest_only_with_trigger.py for tasks to queue
[2025-01-24T11:59:20.907+0000] {logging_mixin.py:120} INFO - [2025-01-24T11:59:20.906+0000] {dagbag.py:537} INFO - Filling up the DagBag from /home/airflow/.local/lib/python3.7/site-packages/airflow/example_dags/example_latest_only_with_trigger.py
[2025-01-24T11:59:20.929+0000] {processor.py:766} INFO - DAG(s) dict_keys(['latest_only_with_trigger']) retrieved from /home/airflow/.local/lib/python3.7/site-packages/airflow/example_dags/example_latest_only_with_trigger.py
[2025-01-24T11:59:20.994+0000] {logging_mixin.py:120} INFO - [2025-01-24T11:59:20.994+0000] {dag.py:2585} INFO - Sync 1 DAGs
[2025-01-24T11:59:21.035+0000] {logging_mixin.py:120} INFO - [2025-01-24T11:59:21.035+0000] {dag.py:3340} INFO - Setting next_dagrun for latest_only_with_trigger to 2025-01-24T07:59:21.034987+00:00, run_after=2025-01-24T11:59:21.034987+00:00
[2025-01-24T11:59:21.071+0000] {processor.py:176} INFO - Processing /home/airflow/.local/lib/python3.7/site-packages/airflow/example_dags/example_latest_only_with_trigger.py took 0.173 seconds
[2025-01-24T11:59:51.128+0000] {processor.py:154} INFO - Started process (PID=995) to work on /home/airflow/.local/lib/python3.7/site-packages/airflow/example_dags/example_latest_only_with_trigger.py
[2025-01-24T11:59:51.129+0000] {processor.py:756} INFO - Processing file /home/airflow/.local/lib/python3.7/site-packages/airflow/example_dags/example_latest_only_with_trigger.py for tasks to queue
[2025-01-24T11:59:51.130+0000] {logging_mixin.py:120} INFO - [2025-01-24T11:59:51.130+0000] {dagbag.py:537} INFO - Filling up the DagBag from /home/airflow/.local/lib/python3.7/site-packages/airflow/example_dags/example_latest_only_with_trigger.py
[2025-01-24T11:59:51.151+0000] {processor.py:766} INFO - DAG(s) dict_keys(['latest_only_with_trigger']) retrieved from /home/airflow/.local/lib/python3.7/site-packages/airflow/example_dags/example_latest_only_with_trigger.py
[2025-01-24T11:59:51.210+0000] {logging_mixin.py:120} INFO - [2025-01-24T11:59:51.210+0000] {dag.py:2585} INFO - Sync 1 DAGs
[2025-01-24T11:59:51.248+0000] {logging_mixin.py:120} INFO - [2025-01-24T11:59:51.247+0000] {dag.py:3340} INFO - Setting next_dagrun for latest_only_with_trigger to 2025-01-24T07:59:51.247254+00:00, run_after=2025-01-24T11:59:51.247254+00:00
[2025-01-24T11:59:51.279+0000] {processor.py:176} INFO - Processing /home/airflow/.local/lib/python3.7/site-packages/airflow/example_dags/example_latest_only_with_trigger.py took 0.155 seconds
[2025-01-24T12:00:21.661+0000] {processor.py:154} INFO - Started process (PID=1059) to work on /home/airflow/.local/lib/python3.7/site-packages/airflow/example_dags/example_latest_only_with_trigger.py
[2025-01-24T12:00:21.662+0000] {processor.py:756} INFO - Processing file /home/airflow/.local/lib/python3.7/site-packages/airflow/example_dags/example_latest_only_with_trigger.py for tasks to queue
[2025-01-24T12:00:21.663+0000] {logging_mixin.py:120} INFO - [2025-01-24T12:00:21.663+0000] {dagbag.py:537} INFO - Filling up the DagBag from /home/airflow/.local/lib/python3.7/site-packages/airflow/example_dags/example_latest_only_with_trigger.py
[2025-01-24T12:00:21.691+0000] {processor.py:766} INFO - DAG(s) dict_keys(['latest_only_with_trigger']) retrieved from /home/airflow/.local/lib/python3.7/site-packages/airflow/example_dags/example_latest_only_with_trigger.py
[2025-01-24T12:00:21.755+0000] {logging_mixin.py:120} INFO - [2025-01-24T12:00:21.754+0000] {dag.py:2585} INFO - Sync 1 DAGs
[2025-01-24T12:00:21.793+0000] {logging_mixin.py:120} INFO - [2025-01-24T12:00:21.792+0000] {dag.py:3340} INFO - Setting next_dagrun for latest_only_with_trigger to 2025-01-24T08:00:21.792436+00:00, run_after=2025-01-24T12:00:21.792436+00:00
[2025-01-24T12:00:21.826+0000] {processor.py:176} INFO - Processing /home/airflow/.local/lib/python3.7/site-packages/airflow/example_dags/example_latest_only_with_trigger.py took 0.170 seconds
[2025-01-24T12:00:52.884+0000] {processor.py:154} INFO - Started process (PID=1122) to work on /home/airflow/.local/lib/python3.7/site-packages/airflow/example_dags/example_latest_only_with_trigger.py
[2025-01-24T12:00:52.885+0000] {processor.py:756} INFO - Processing file /home/airflow/.local/lib/python3.7/site-packages/airflow/example_dags/example_latest_only_with_trigger.py for tasks to queue
[2025-01-24T12:00:52.886+0000] {logging_mixin.py:120} INFO - [2025-01-24T12:00:52.886+0000] {dagbag.py:537} INFO - Filling up the DagBag from /home/airflow/.local/lib/python3.7/site-packages/airflow/example_dags/example_latest_only_with_trigger.py
[2025-01-24T12:00:52.908+0000] {processor.py:766} INFO - DAG(s) dict_keys(['latest_only_with_trigger']) retrieved from /home/airflow/.local/lib/python3.7/site-packages/airflow/example_dags/example_latest_only_with_trigger.py
[2025-01-24T12:00:52.976+0000] {logging_mixin.py:120} INFO - [2025-01-24T12:00:52.976+0000] {dag.py:2585} INFO - Sync 1 DAGs
[2025-01-24T12:00:53.026+0000] {logging_mixin.py:120} INFO - [2025-01-24T12:00:53.025+0000] {dag.py:3340} INFO - Setting next_dagrun for latest_only_with_trigger to 2025-01-24T08:00:53.025449+00:00, run_after=2025-01-24T12:00:53.025449+00:00
[2025-01-24T12:00:53.071+0000] {processor.py:176} INFO - Processing /home/airflow/.local/lib/python3.7/site-packages/airflow/example_dags/example_latest_only_with_trigger.py took 0.192 seconds
[2025-01-24T12:01:24.053+0000] {processor.py:154} INFO - Started process (PID=1180) to work on /home/airflow/.local/lib/python3.7/site-packages/airflow/example_dags/example_latest_only_with_trigger.py
[2025-01-24T12:01:24.055+0000] {processor.py:756} INFO - Processing file /home/airflow/.local/lib/python3.7/site-packages/airflow/example_dags/example_latest_only_with_trigger.py for tasks to queue
[2025-01-24T12:01:24.055+0000] {logging_mixin.py:120} INFO - [2025-01-24T12:01:24.055+0000] {dagbag.py:537} INFO - Filling up the DagBag from /home/airflow/.local/lib/python3.7/site-packages/airflow/example_dags/example_latest_only_with_trigger.py
[2025-01-24T12:01:24.075+0000] {processor.py:766} INFO - DAG(s) dict_keys(['latest_only_with_trigger']) retrieved from /home/airflow/.local/lib/python3.7/site-packages/airflow/example_dags/example_latest_only_with_trigger.py
[2025-01-24T12:01:24.143+0000] {logging_mixin.py:120} INFO - [2025-01-24T12:01:24.142+0000] {dag.py:2585} INFO - Sync 1 DAGs
[2025-01-24T12:01:24.183+0000] {logging_mixin.py:120} INFO - [2025-01-24T12:01:24.183+0000] {dag.py:3340} INFO - Setting next_dagrun for latest_only_with_trigger to 2025-01-24T08:01:24.183256+00:00, run_after=2025-01-24T12:01:24.183256+00:00
[2025-01-24T12:01:24.217+0000] {processor.py:176} INFO - Processing /home/airflow/.local/lib/python3.7/site-packages/airflow/example_dags/example_latest_only_with_trigger.py took 0.168 seconds
[2025-01-24T12:01:54.526+0000] {processor.py:154} INFO - Started process (PID=1245) to work on /home/airflow/.local/lib/python3.7/site-packages/airflow/example_dags/example_latest_only_with_trigger.py
[2025-01-24T12:01:54.527+0000] {processor.py:756} INFO - Processing file /home/airflow/.local/lib/python3.7/site-packages/airflow/example_dags/example_latest_only_with_trigger.py for tasks to queue
[2025-01-24T12:01:54.528+0000] {logging_mixin.py:120} INFO - [2025-01-24T12:01:54.528+0000] {dagbag.py:537} INFO - Filling up the DagBag from /home/airflow/.local/lib/python3.7/site-packages/airflow/example_dags/example_latest_only_with_trigger.py
[2025-01-24T12:01:54.550+0000] {processor.py:766} INFO - DAG(s) dict_keys(['latest_only_with_trigger']) retrieved from /home/airflow/.local/lib/python3.7/site-packages/airflow/example_dags/example_latest_only_with_trigger.py
[2025-01-24T12:01:54.624+0000] {logging_mixin.py:120} INFO - [2025-01-24T12:01:54.624+0000] {dag.py:2585} INFO - Sync 1 DAGs
[2025-01-24T12:01:54.661+0000] {logging_mixin.py:120} INFO - [2025-01-24T12:01:54.661+0000] {dag.py:3340} INFO - Setting next_dagrun for latest_only_with_trigger to 2025-01-24T08:01:54.660687+00:00, run_after=2025-01-24T12:01:54.660687+00:00
[2025-01-24T12:01:54.691+0000] {processor.py:176} INFO - Processing /home/airflow/.local/lib/python3.7/site-packages/airflow/example_dags/example_latest_only_with_trigger.py took 0.170 seconds
[2025-01-24T12:02:24.884+0000] {processor.py:154} INFO - Started process (PID=1300) to work on /home/airflow/.local/lib/python3.7/site-packages/airflow/example_dags/example_latest_only_with_trigger.py
[2025-01-24T12:02:24.885+0000] {processor.py:756} INFO - Processing file /home/airflow/.local/lib/python3.7/site-packages/airflow/example_dags/example_latest_only_with_trigger.py for tasks to queue
[2025-01-24T12:02:24.886+0000] {logging_mixin.py:120} INFO - [2025-01-24T12:02:24.886+0000] {dagbag.py:537} INFO - Filling up the DagBag from /home/airflow/.local/lib/python3.7/site-packages/airflow/example_dags/example_latest_only_with_trigger.py
[2025-01-24T12:02:24.906+0000] {processor.py:766} INFO - DAG(s) dict_keys(['latest_only_with_trigger']) retrieved from /home/airflow/.local/lib/python3.7/site-packages/airflow/example_dags/example_latest_only_with_trigger.py
[2025-01-24T12:02:24.973+0000] {logging_mixin.py:120} INFO - [2025-01-24T12:02:24.972+0000] {dag.py:2585} INFO - Sync 1 DAGs
[2025-01-24T12:02:25.024+0000] {logging_mixin.py:120} INFO - [2025-01-24T12:02:25.023+0000] {dag.py:3340} INFO - Setting next_dagrun for latest_only_with_trigger to 2025-01-24T08:02:25.023388+00:00, run_after=2025-01-24T12:02:25.023388+00:00
[2025-01-24T12:02:25.071+0000] {processor.py:176} INFO - Processing /home/airflow/.local/lib/python3.7/site-packages/airflow/example_dags/example_latest_only_with_trigger.py took 0.191 seconds
[2025-01-24T12:02:55.410+0000] {processor.py:154} INFO - Started process (PID=1364) to work on /home/airflow/.local/lib/python3.7/site-packages/airflow/example_dags/example_latest_only_with_trigger.py
[2025-01-24T12:02:55.411+0000] {processor.py:756} INFO - Processing file /home/airflow/.local/lib/python3.7/site-packages/airflow/example_dags/example_latest_only_with_trigger.py for tasks to queue
[2025-01-24T12:02:55.412+0000] {logging_mixin.py:120} INFO - [2025-01-24T12:02:55.412+0000] {dagbag.py:537} INFO - Filling up the DagBag from /home/airflow/.local/lib/python3.7/site-packages/airflow/example_dags/example_latest_only_with_trigger.py
[2025-01-24T12:02:55.433+0000] {processor.py:766} INFO - DAG(s) dict_keys(['latest_only_with_trigger']) retrieved from /home/airflow/.local/lib/python3.7/site-packages/airflow/example_dags/example_latest_only_with_trigger.py
[2025-01-24T12:02:55.499+0000] {logging_mixin.py:120} INFO - [2025-01-24T12:02:55.499+0000] {dag.py:2585} INFO - Sync 1 DAGs
[2025-01-24T12:02:55.537+0000] {logging_mixin.py:120} INFO - [2025-01-24T12:02:55.536+0000] {dag.py:3340} INFO - Setting next_dagrun for latest_only_with_trigger to 2025-01-24T08:02:55.536424+00:00, run_after=2025-01-24T12:02:55.536424+00:00
[2025-01-24T12:02:55.570+0000] {processor.py:176} INFO - Processing /home/airflow/.local/lib/python3.7/site-packages/airflow/example_dags/example_latest_only_with_trigger.py took 0.164 seconds
[2025-01-24T12:03:25.845+0000] {processor.py:154} INFO - Started process (PID=1419) to work on /home/airflow/.local/lib/python3.7/site-packages/airflow/example_dags/example_latest_only_with_trigger.py
[2025-01-24T12:03:25.846+0000] {processor.py:756} INFO - Processing file /home/airflow/.local/lib/python3.7/site-packages/airflow/example_dags/example_latest_only_with_trigger.py for tasks to queue
[2025-01-24T12:03:25.846+0000] {logging_mixin.py:120} INFO - [2025-01-24T12:03:25.846+0000] {dagbag.py:537} INFO - Filling up the DagBag from /home/airflow/.local/lib/python3.7/site-packages/airflow/example_dags/example_latest_only_with_trigger.py
[2025-01-24T12:03:25.865+0000] {processor.py:766} INFO - DAG(s) dict_keys(['latest_only_with_trigger']) retrieved from /home/airflow/.local/lib/python3.7/site-packages/airflow/example_dags/example_latest_only_with_trigger.py
[2025-01-24T12:03:25.924+0000] {logging_mixin.py:120} INFO - [2025-01-24T12:03:25.924+0000] {dag.py:2585} INFO - Sync 1 DAGs
[2025-01-24T12:03:25.972+0000] {logging_mixin.py:120} INFO - [2025-01-24T12:03:25.972+0000] {dag.py:3340} INFO - Setting next_dagrun for latest_only_with_trigger to 2025-01-24T08:03:25.971959+00:00, run_after=2025-01-24T12:03:25.971959+00:00
[2025-01-24T12:03:26.014+0000] {processor.py:176} INFO - Processing /home/airflow/.local/lib/python3.7/site-packages/airflow/example_dags/example_latest_only_with_trigger.py took 0.175 seconds
[2025-01-24T12:03:56.719+0000] {processor.py:154} INFO - Started process (PID=1483) to work on /home/airflow/.local/lib/python3.7/site-packages/airflow/example_dags/example_latest_only_with_trigger.py
[2025-01-24T12:03:56.722+0000] {processor.py:756} INFO - Processing file /home/airflow/.local/lib/python3.7/site-packages/airflow/example_dags/example_latest_only_with_trigger.py for tasks to queue
[2025-01-24T12:03:56.723+0000] {logging_mixin.py:120} INFO - [2025-01-24T12:03:56.723+0000] {dagbag.py:537} INFO - Filling up the DagBag from /home/airflow/.local/lib/python3.7/site-packages/airflow/example_dags/example_latest_only_with_trigger.py
[2025-01-24T12:03:56.744+0000] {processor.py:766} INFO - DAG(s) dict_keys(['latest_only_with_trigger']) retrieved from /home/airflow/.local/lib/python3.7/site-packages/airflow/example_dags/example_latest_only_with_trigger.py
[2025-01-24T12:03:56.805+0000] {logging_mixin.py:120} INFO - [2025-01-24T12:03:56.805+0000] {dag.py:2585} INFO - Sync 1 DAGs
[2025-01-24T12:03:56.844+0000] {logging_mixin.py:120} INFO - [2025-01-24T12:03:56.843+0000] {dag.py:3340} INFO - Setting next_dagrun for latest_only_with_trigger to 2025-01-24T08:03:56.843459+00:00, run_after=2025-01-24T12:03:56.843459+00:00
[2025-01-24T12:03:56.887+0000] {processor.py:176} INFO - Processing /home/airflow/.local/lib/python3.7/site-packages/airflow/example_dags/example_latest_only_with_trigger.py took 0.174 seconds
[2025-01-24T12:04:27.699+0000] {processor.py:154} INFO - Started process (PID=1547) to work on /home/airflow/.local/lib/python3.7/site-packages/airflow/example_dags/example_latest_only_with_trigger.py
[2025-01-24T12:04:27.701+0000] {processor.py:756} INFO - Processing file /home/airflow/.local/lib/python3.7/site-packages/airflow/example_dags/example_latest_only_with_trigger.py for tasks to queue
[2025-01-24T12:04:27.703+0000] {logging_mixin.py:120} INFO - [2025-01-24T12:04:27.702+0000] {dagbag.py:537} INFO - Filling up the DagBag from /home/airflow/.local/lib/python3.7/site-packages/airflow/example_dags/example_latest_only_with_trigger.py
[2025-01-24T12:04:27.730+0000] {processor.py:766} INFO - DAG(s) dict_keys(['latest_only_with_trigger']) retrieved from /home/airflow/.local/lib/python3.7/site-packages/airflow/example_dags/example_latest_only_with_trigger.py
[2025-01-24T12:04:27.800+0000] {logging_mixin.py:120} INFO - [2025-01-24T12:04:27.800+0000] {dag.py:2585} INFO - Sync 1 DAGs
[2025-01-24T12:04:27.843+0000] {logging_mixin.py:120} INFO - [2025-01-24T12:04:27.843+0000] {dag.py:3340} INFO - Setting next_dagrun for latest_only_with_trigger to 2025-01-24T08:04:27.843095+00:00, run_after=2025-01-24T12:04:27.843095+00:00
[2025-01-24T12:04:27.888+0000] {processor.py:176} INFO - Processing /home/airflow/.local/lib/python3.7/site-packages/airflow/example_dags/example_latest_only_with_trigger.py took 0.196 seconds
[2025-01-24T12:04:58.036+0000] {processor.py:154} INFO - Started process (PID=1601) to work on /home/airflow/.local/lib/python3.7/site-packages/airflow/example_dags/example_latest_only_with_trigger.py
[2025-01-24T12:04:58.046+0000] {processor.py:756} INFO - Processing file /home/airflow/.local/lib/python3.7/site-packages/airflow/example_dags/example_latest_only_with_trigger.py for tasks to queue
[2025-01-24T12:04:58.047+0000] {logging_mixin.py:120} INFO - [2025-01-24T12:04:58.047+0000] {dagbag.py:537} INFO - Filling up the DagBag from /home/airflow/.local/lib/python3.7/site-packages/airflow/example_dags/example_latest_only_with_trigger.py
[2025-01-24T12:04:58.065+0000] {processor.py:766} INFO - DAG(s) dict_keys(['latest_only_with_trigger']) retrieved from /home/airflow/.local/lib/python3.7/site-packages/airflow/example_dags/example_latest_only_with_trigger.py
[2025-01-24T12:04:58.118+0000] {logging_mixin.py:120} INFO - [2025-01-24T12:04:58.117+0000] {dag.py:2585} INFO - Sync 1 DAGs
[2025-01-24T12:04:58.159+0000] {logging_mixin.py:120} INFO - [2025-01-24T12:04:58.158+0000] {dag.py:3340} INFO - Setting next_dagrun for latest_only_with_trigger to 2025-01-24T08:04:58.158366+00:00, run_after=2025-01-24T12:04:58.158366+00:00
[2025-01-24T12:04:58.205+0000] {processor.py:176} INFO - Processing /home/airflow/.local/lib/python3.7/site-packages/airflow/example_dags/example_latest_only_with_trigger.py took 0.172 seconds
[2025-01-24T12:05:28.550+0000] {processor.py:154} INFO - Started process (PID=1665) to work on /home/airflow/.local/lib/python3.7/site-packages/airflow/example_dags/example_latest_only_with_trigger.py
[2025-01-24T12:05:28.561+0000] {processor.py:756} INFO - Processing file /home/airflow/.local/lib/python3.7/site-packages/airflow/example_dags/example_latest_only_with_trigger.py for tasks to queue
[2025-01-24T12:05:28.562+0000] {logging_mixin.py:120} INFO - [2025-01-24T12:05:28.562+0000] {dagbag.py:537} INFO - Filling up the DagBag from /home/airflow/.local/lib/python3.7/site-packages/airflow/example_dags/example_latest_only_with_trigger.py
[2025-01-24T12:05:28.584+0000] {processor.py:766} INFO - DAG(s) dict_keys(['latest_only_with_trigger']) retrieved from /home/airflow/.local/lib/python3.7/site-packages/airflow/example_dags/example_latest_only_with_trigger.py
[2025-01-24T12:05:28.662+0000] {logging_mixin.py:120} INFO - [2025-01-24T12:05:28.661+0000] {dag.py:2585} INFO - Sync 1 DAGs
[2025-01-24T12:05:28.731+0000] {logging_mixin.py:120} INFO - [2025-01-24T12:05:28.731+0000] {dag.py:3340} INFO - Setting next_dagrun for latest_only_with_trigger to 2025-01-24T08:05:28.730926+00:00, run_after=2025-01-24T12:05:28.730926+00:00
[2025-01-24T12:05:28.793+0000] {processor.py:176} INFO - Processing /home/airflow/.local/lib/python3.7/site-packages/airflow/example_dags/example_latest_only_with_trigger.py took 0.248 seconds
[2025-01-24T12:05:59.049+0000] {processor.py:154} INFO - Started process (PID=1720) to work on /home/airflow/.local/lib/python3.7/site-packages/airflow/example_dags/example_latest_only_with_trigger.py
[2025-01-24T12:05:59.060+0000] {processor.py:756} INFO - Processing file /home/airflow/.local/lib/python3.7/site-packages/airflow/example_dags/example_latest_only_with_trigger.py for tasks to queue
[2025-01-24T12:05:59.061+0000] {logging_mixin.py:120} INFO - [2025-01-24T12:05:59.061+0000] {dagbag.py:537} INFO - Filling up the DagBag from /home/airflow/.local/lib/python3.7/site-packages/airflow/example_dags/example_latest_only_with_trigger.py
[2025-01-24T12:05:59.082+0000] {processor.py:766} INFO - DAG(s) dict_keys(['latest_only_with_trigger']) retrieved from /home/airflow/.local/lib/python3.7/site-packages/airflow/example_dags/example_latest_only_with_trigger.py
[2025-01-24T12:05:59.147+0000] {logging_mixin.py:120} INFO - [2025-01-24T12:05:59.147+0000] {dag.py:2585} INFO - Sync 1 DAGs
[2025-01-24T12:05:59.186+0000] {logging_mixin.py:120} INFO - [2025-01-24T12:05:59.186+0000] {dag.py:3340} INFO - Setting next_dagrun for latest_only_with_trigger to 2025-01-24T08:05:59.186188+00:00, run_after=2025-01-24T12:05:59.186188+00:00
[2025-01-24T12:05:59.231+0000] {processor.py:176} INFO - Processing /home/airflow/.local/lib/python3.7/site-packages/airflow/example_dags/example_latest_only_with_trigger.py took 0.187 seconds
