[2025-01-24T17:06:14.179+0000] {processor.py:154} INFO - Started process (PID=61) to work on /home/airflow/.local/lib/python3.7/site-packages/airflow/example_dags/example_short_circuit_decorator.py
[2025-01-24T17:06:14.180+0000] {processor.py:756} INFO - Processing file /home/airflow/.local/lib/python3.7/site-packages/airflow/example_dags/example_short_circuit_decorator.py for tasks to queue
[2025-01-24T17:06:14.181+0000] {logging_mixin.py:120} INFO - [2025-01-24T17:06:14.181+0000] {dagbag.py:537} INFO - Filling up the DagBag from /home/airflow/.local/lib/python3.7/site-packages/airflow/example_dags/example_short_circuit_decorator.py
[2025-01-24T17:06:14.218+0000] {processor.py:766} INFO - DAG(s) dict_keys(['example_short_circuit_decorator']) retrieved from /home/airflow/.local/lib/python3.7/site-packages/airflow/example_dags/example_short_circuit_decorator.py
[2025-01-24T17:06:14.277+0000] {logging_mixin.py:120} INFO - [2025-01-24T17:06:14.277+0000] {dag.py:2585} INFO - Sync 1 DAGs
[2025-01-24T17:06:14.318+0000] {logging_mixin.py:120} INFO - [2025-01-24T17:06:14.317+0000] {dag.py:3340} INFO - Setting next_dagrun for example_short_circuit_decorator to 2025-01-23T17:06:14.317601+00:00, run_after=2025-01-24T17:06:14.317601+00:00
[2025-01-24T17:06:14.357+0000] {processor.py:176} INFO - Processing /home/airflow/.local/lib/python3.7/site-packages/airflow/example_dags/example_short_circuit_decorator.py took 0.182 seconds
[2025-01-24T11:52:07.039+0000] {processor.py:154} INFO - Started process (PID=61) to work on /home/airflow/.local/lib/python3.7/site-packages/airflow/example_dags/example_short_circuit_decorator.py
[2025-01-24T11:52:07.042+0000] {processor.py:756} INFO - Processing file /home/airflow/.local/lib/python3.7/site-packages/airflow/example_dags/example_short_circuit_decorator.py for tasks to queue
[2025-01-24T11:52:07.044+0000] {logging_mixin.py:120} INFO - [2025-01-24T11:52:07.043+0000] {dagbag.py:537} INFO - Filling up the DagBag from /home/airflow/.local/lib/python3.7/site-packages/airflow/example_dags/example_short_circuit_decorator.py
[2025-01-24T11:52:07.111+0000] {processor.py:766} INFO - DAG(s) dict_keys(['example_short_circuit_decorator']) retrieved from /home/airflow/.local/lib/python3.7/site-packages/airflow/example_dags/example_short_circuit_decorator.py
[2025-01-24T11:52:07.215+0000] {logging_mixin.py:120} INFO - [2025-01-24T11:52:07.214+0000] {dag.py:2585} INFO - Sync 1 DAGs
[2025-01-24T11:52:07.275+0000] {logging_mixin.py:120} INFO - [2025-01-24T11:52:07.274+0000] {dag.py:3340} INFO - Setting next_dagrun for example_short_circuit_decorator to 2025-01-23T11:52:07.274399+00:00, run_after=2025-01-24T11:52:07.274399+00:00
[2025-01-24T11:52:07.334+0000] {processor.py:176} INFO - Processing /home/airflow/.local/lib/python3.7/site-packages/airflow/example_dags/example_short_circuit_decorator.py took 0.299 seconds
[2025-01-24T11:52:37.440+0000] {processor.py:154} INFO - Started process (PID=123) to work on /home/airflow/.local/lib/python3.7/site-packages/airflow/example_dags/example_short_circuit_decorator.py
[2025-01-24T11:52:37.442+0000] {processor.py:756} INFO - Processing file /home/airflow/.local/lib/python3.7/site-packages/airflow/example_dags/example_short_circuit_decorator.py for tasks to queue
[2025-01-24T11:52:37.444+0000] {logging_mixin.py:120} INFO - [2025-01-24T11:52:37.443+0000] {dagbag.py:537} INFO - Filling up the DagBag from /home/airflow/.local/lib/python3.7/site-packages/airflow/example_dags/example_short_circuit_decorator.py
[2025-01-24T11:52:37.512+0000] {processor.py:766} INFO - DAG(s) dict_keys(['example_short_circuit_decorator']) retrieved from /home/airflow/.local/lib/python3.7/site-packages/airflow/example_dags/example_short_circuit_decorator.py
[2025-01-24T11:52:37.625+0000] {logging_mixin.py:120} INFO - [2025-01-24T11:52:37.624+0000] {dag.py:2585} INFO - Sync 1 DAGs
[2025-01-24T11:52:37.694+0000] {logging_mixin.py:120} INFO - [2025-01-24T11:52:37.694+0000] {dag.py:3340} INFO - Setting next_dagrun for example_short_circuit_decorator to 2025-01-23T11:52:37.693432+00:00, run_after=2025-01-24T11:52:37.693432+00:00
[2025-01-24T11:52:37.742+0000] {processor.py:176} INFO - Processing /home/airflow/.local/lib/python3.7/site-packages/airflow/example_dags/example_short_circuit_decorator.py took 0.308 seconds
[2025-01-24T11:53:07.779+0000] {processor.py:154} INFO - Started process (PID=181) to work on /home/airflow/.local/lib/python3.7/site-packages/airflow/example_dags/example_short_circuit_decorator.py
[2025-01-24T11:53:07.780+0000] {processor.py:756} INFO - Processing file /home/airflow/.local/lib/python3.7/site-packages/airflow/example_dags/example_short_circuit_decorator.py for tasks to queue
[2025-01-24T11:53:07.781+0000] {logging_mixin.py:120} INFO - [2025-01-24T11:53:07.781+0000] {dagbag.py:537} INFO - Filling up the DagBag from /home/airflow/.local/lib/python3.7/site-packages/airflow/example_dags/example_short_circuit_decorator.py
[2025-01-24T11:53:07.819+0000] {processor.py:766} INFO - DAG(s) dict_keys(['example_short_circuit_decorator']) retrieved from /home/airflow/.local/lib/python3.7/site-packages/airflow/example_dags/example_short_circuit_decorator.py
[2025-01-24T11:53:07.884+0000] {logging_mixin.py:120} INFO - [2025-01-24T11:53:07.884+0000] {dag.py:2585} INFO - Sync 1 DAGs
[2025-01-24T11:53:07.927+0000] {logging_mixin.py:120} INFO - [2025-01-24T11:53:07.927+0000] {dag.py:3340} INFO - Setting next_dagrun for example_short_circuit_decorator to 2025-01-23T11:53:07.927342+00:00, run_after=2025-01-24T11:53:07.927342+00:00
[2025-01-24T11:53:07.964+0000] {processor.py:176} INFO - Processing /home/airflow/.local/lib/python3.7/site-packages/airflow/example_dags/example_short_circuit_decorator.py took 0.189 seconds
[2025-01-24T11:53:38.193+0000] {processor.py:154} INFO - Started process (PID=236) to work on /home/airflow/.local/lib/python3.7/site-packages/airflow/example_dags/example_short_circuit_decorator.py
[2025-01-24T11:53:38.195+0000] {processor.py:756} INFO - Processing file /home/airflow/.local/lib/python3.7/site-packages/airflow/example_dags/example_short_circuit_decorator.py for tasks to queue
[2025-01-24T11:53:38.195+0000] {logging_mixin.py:120} INFO - [2025-01-24T11:53:38.195+0000] {dagbag.py:537} INFO - Filling up the DagBag from /home/airflow/.local/lib/python3.7/site-packages/airflow/example_dags/example_short_circuit_decorator.py
[2025-01-24T11:53:38.230+0000] {processor.py:766} INFO - DAG(s) dict_keys(['example_short_circuit_decorator']) retrieved from /home/airflow/.local/lib/python3.7/site-packages/airflow/example_dags/example_short_circuit_decorator.py
[2025-01-24T11:53:38.291+0000] {logging_mixin.py:120} INFO - [2025-01-24T11:53:38.291+0000] {dag.py:2585} INFO - Sync 1 DAGs
[2025-01-24T11:53:38.329+0000] {logging_mixin.py:120} INFO - [2025-01-24T11:53:38.329+0000] {dag.py:3340} INFO - Setting next_dagrun for example_short_circuit_decorator to 2025-01-23T11:53:38.328852+00:00, run_after=2025-01-24T11:53:38.328852+00:00
[2025-01-24T11:53:38.359+0000] {processor.py:176} INFO - Processing /home/airflow/.local/lib/python3.7/site-packages/airflow/example_dags/example_short_circuit_decorator.py took 0.170 seconds
[2025-01-24T11:54:09.089+0000] {processor.py:154} INFO - Started process (PID=300) to work on /home/airflow/.local/lib/python3.7/site-packages/airflow/example_dags/example_short_circuit_decorator.py
[2025-01-24T11:54:09.090+0000] {processor.py:756} INFO - Processing file /home/airflow/.local/lib/python3.7/site-packages/airflow/example_dags/example_short_circuit_decorator.py for tasks to queue
[2025-01-24T11:54:09.091+0000] {logging_mixin.py:120} INFO - [2025-01-24T11:54:09.091+0000] {dagbag.py:537} INFO - Filling up the DagBag from /home/airflow/.local/lib/python3.7/site-packages/airflow/example_dags/example_short_circuit_decorator.py
[2025-01-24T11:54:09.130+0000] {processor.py:766} INFO - DAG(s) dict_keys(['example_short_circuit_decorator']) retrieved from /home/airflow/.local/lib/python3.7/site-packages/airflow/example_dags/example_short_circuit_decorator.py
[2025-01-24T11:54:09.222+0000] {logging_mixin.py:120} INFO - [2025-01-24T11:54:09.221+0000] {dag.py:2585} INFO - Sync 1 DAGs
[2025-01-24T11:54:09.300+0000] {logging_mixin.py:120} INFO - [2025-01-24T11:54:09.300+0000] {dag.py:3340} INFO - Setting next_dagrun for example_short_circuit_decorator to 2025-01-23T11:54:09.299579+00:00, run_after=2025-01-24T11:54:09.299579+00:00
[2025-01-24T11:54:09.358+0000] {processor.py:176} INFO - Processing /home/airflow/.local/lib/python3.7/site-packages/airflow/example_dags/example_short_circuit_decorator.py took 0.275 seconds
[2025-01-24T11:54:39.787+0000] {processor.py:154} INFO - Started process (PID=364) to work on /home/airflow/.local/lib/python3.7/site-packages/airflow/example_dags/example_short_circuit_decorator.py
[2025-01-24T11:54:39.788+0000] {processor.py:756} INFO - Processing file /home/airflow/.local/lib/python3.7/site-packages/airflow/example_dags/example_short_circuit_decorator.py for tasks to queue
[2025-01-24T11:54:39.789+0000] {logging_mixin.py:120} INFO - [2025-01-24T11:54:39.789+0000] {dagbag.py:537} INFO - Filling up the DagBag from /home/airflow/.local/lib/python3.7/site-packages/airflow/example_dags/example_short_circuit_decorator.py
[2025-01-24T11:54:39.831+0000] {processor.py:766} INFO - DAG(s) dict_keys(['example_short_circuit_decorator']) retrieved from /home/airflow/.local/lib/python3.7/site-packages/airflow/example_dags/example_short_circuit_decorator.py
[2025-01-24T11:54:39.894+0000] {logging_mixin.py:120} INFO - [2025-01-24T11:54:39.894+0000] {dag.py:2585} INFO - Sync 1 DAGs
[2025-01-24T11:54:39.940+0000] {logging_mixin.py:120} INFO - [2025-01-24T11:54:39.939+0000] {dag.py:3340} INFO - Setting next_dagrun for example_short_circuit_decorator to 2025-01-23T11:54:39.939337+00:00, run_after=2025-01-24T11:54:39.939337+00:00
[2025-01-24T11:54:39.981+0000] {processor.py:176} INFO - Processing /home/airflow/.local/lib/python3.7/site-packages/airflow/example_dags/example_short_circuit_decorator.py took 0.200 seconds
[2025-01-24T11:55:10.572+0000] {processor.py:154} INFO - Started process (PID=419) to work on /home/airflow/.local/lib/python3.7/site-packages/airflow/example_dags/example_short_circuit_decorator.py
[2025-01-24T11:55:10.573+0000] {processor.py:756} INFO - Processing file /home/airflow/.local/lib/python3.7/site-packages/airflow/example_dags/example_short_circuit_decorator.py for tasks to queue
[2025-01-24T11:55:10.574+0000] {logging_mixin.py:120} INFO - [2025-01-24T11:55:10.573+0000] {dagbag.py:537} INFO - Filling up the DagBag from /home/airflow/.local/lib/python3.7/site-packages/airflow/example_dags/example_short_circuit_decorator.py
[2025-01-24T11:55:10.609+0000] {processor.py:766} INFO - DAG(s) dict_keys(['example_short_circuit_decorator']) retrieved from /home/airflow/.local/lib/python3.7/site-packages/airflow/example_dags/example_short_circuit_decorator.py
[2025-01-24T11:55:10.671+0000] {logging_mixin.py:120} INFO - [2025-01-24T11:55:10.671+0000] {dag.py:2585} INFO - Sync 1 DAGs
[2025-01-24T11:55:10.720+0000] {logging_mixin.py:120} INFO - [2025-01-24T11:55:10.720+0000] {dag.py:3340} INFO - Setting next_dagrun for example_short_circuit_decorator to 2025-01-23T11:55:10.720169+00:00, run_after=2025-01-24T11:55:10.720169+00:00
[2025-01-24T11:55:10.752+0000] {processor.py:176} INFO - Processing /home/airflow/.local/lib/python3.7/site-packages/airflow/example_dags/example_short_circuit_decorator.py took 0.184 seconds
[2025-01-24T11:55:41.313+0000] {processor.py:154} INFO - Started process (PID=483) to work on /home/airflow/.local/lib/python3.7/site-packages/airflow/example_dags/example_short_circuit_decorator.py
[2025-01-24T11:55:41.315+0000] {processor.py:756} INFO - Processing file /home/airflow/.local/lib/python3.7/site-packages/airflow/example_dags/example_short_circuit_decorator.py for tasks to queue
[2025-01-24T11:55:41.316+0000] {logging_mixin.py:120} INFO - [2025-01-24T11:55:41.315+0000] {dagbag.py:537} INFO - Filling up the DagBag from /home/airflow/.local/lib/python3.7/site-packages/airflow/example_dags/example_short_circuit_decorator.py
[2025-01-24T11:55:41.353+0000] {processor.py:766} INFO - DAG(s) dict_keys(['example_short_circuit_decorator']) retrieved from /home/airflow/.local/lib/python3.7/site-packages/airflow/example_dags/example_short_circuit_decorator.py
[2025-01-24T11:55:41.426+0000] {logging_mixin.py:120} INFO - [2025-01-24T11:55:41.426+0000] {dag.py:2585} INFO - Sync 1 DAGs
[2025-01-24T11:55:41.473+0000] {logging_mixin.py:120} INFO - [2025-01-24T11:55:41.473+0000] {dag.py:3340} INFO - Setting next_dagrun for example_short_circuit_decorator to 2025-01-23T11:55:41.473143+00:00, run_after=2025-01-24T11:55:41.473143+00:00
[2025-01-24T11:55:41.513+0000] {processor.py:176} INFO - Processing /home/airflow/.local/lib/python3.7/site-packages/airflow/example_dags/example_short_circuit_decorator.py took 0.205 seconds
[2025-01-24T11:56:11.726+0000] {processor.py:154} INFO - Started process (PID=539) to work on /home/airflow/.local/lib/python3.7/site-packages/airflow/example_dags/example_short_circuit_decorator.py
[2025-01-24T11:56:11.727+0000] {processor.py:756} INFO - Processing file /home/airflow/.local/lib/python3.7/site-packages/airflow/example_dags/example_short_circuit_decorator.py for tasks to queue
[2025-01-24T11:56:11.728+0000] {logging_mixin.py:120} INFO - [2025-01-24T11:56:11.728+0000] {dagbag.py:537} INFO - Filling up the DagBag from /home/airflow/.local/lib/python3.7/site-packages/airflow/example_dags/example_short_circuit_decorator.py
[2025-01-24T11:56:11.763+0000] {processor.py:766} INFO - DAG(s) dict_keys(['example_short_circuit_decorator']) retrieved from /home/airflow/.local/lib/python3.7/site-packages/airflow/example_dags/example_short_circuit_decorator.py
[2025-01-24T11:56:11.823+0000] {logging_mixin.py:120} INFO - [2025-01-24T11:56:11.823+0000] {dag.py:2585} INFO - Sync 1 DAGs
[2025-01-24T11:56:11.857+0000] {logging_mixin.py:120} INFO - [2025-01-24T11:56:11.857+0000] {dag.py:3340} INFO - Setting next_dagrun for example_short_circuit_decorator to 2025-01-23T11:56:11.857214+00:00, run_after=2025-01-24T11:56:11.857214+00:00
[2025-01-24T11:56:11.890+0000] {processor.py:176} INFO - Processing /home/airflow/.local/lib/python3.7/site-packages/airflow/example_dags/example_short_circuit_decorator.py took 0.170 seconds
[2025-01-24T11:56:42.269+0000] {processor.py:154} INFO - Started process (PID=603) to work on /home/airflow/.local/lib/python3.7/site-packages/airflow/example_dags/example_short_circuit_decorator.py
[2025-01-24T11:56:42.270+0000] {processor.py:756} INFO - Processing file /home/airflow/.local/lib/python3.7/site-packages/airflow/example_dags/example_short_circuit_decorator.py for tasks to queue
[2025-01-24T11:56:42.271+0000] {logging_mixin.py:120} INFO - [2025-01-24T11:56:42.271+0000] {dagbag.py:537} INFO - Filling up the DagBag from /home/airflow/.local/lib/python3.7/site-packages/airflow/example_dags/example_short_circuit_decorator.py
[2025-01-24T11:56:42.306+0000] {processor.py:766} INFO - DAG(s) dict_keys(['example_short_circuit_decorator']) retrieved from /home/airflow/.local/lib/python3.7/site-packages/airflow/example_dags/example_short_circuit_decorator.py
[2025-01-24T11:56:42.364+0000] {logging_mixin.py:120} INFO - [2025-01-24T11:56:42.364+0000] {dag.py:2585} INFO - Sync 1 DAGs
[2025-01-24T11:56:42.404+0000] {logging_mixin.py:120} INFO - [2025-01-24T11:56:42.403+0000] {dag.py:3340} INFO - Setting next_dagrun for example_short_circuit_decorator to 2025-01-23T11:56:42.403597+00:00, run_after=2025-01-24T11:56:42.403597+00:00
[2025-01-24T11:56:42.436+0000] {processor.py:176} INFO - Processing /home/airflow/.local/lib/python3.7/site-packages/airflow/example_dags/example_short_circuit_decorator.py took 0.172 seconds
[2025-01-24T11:57:13.025+0000] {processor.py:154} INFO - Started process (PID=667) to work on /home/airflow/.local/lib/python3.7/site-packages/airflow/example_dags/example_short_circuit_decorator.py
[2025-01-24T11:57:13.027+0000] {processor.py:756} INFO - Processing file /home/airflow/.local/lib/python3.7/site-packages/airflow/example_dags/example_short_circuit_decorator.py for tasks to queue
[2025-01-24T11:57:13.027+0000] {logging_mixin.py:120} INFO - [2025-01-24T11:57:13.027+0000] {dagbag.py:537} INFO - Filling up the DagBag from /home/airflow/.local/lib/python3.7/site-packages/airflow/example_dags/example_short_circuit_decorator.py
[2025-01-24T11:57:13.064+0000] {processor.py:766} INFO - DAG(s) dict_keys(['example_short_circuit_decorator']) retrieved from /home/airflow/.local/lib/python3.7/site-packages/airflow/example_dags/example_short_circuit_decorator.py
[2025-01-24T11:57:13.139+0000] {logging_mixin.py:120} INFO - [2025-01-24T11:57:13.138+0000] {dag.py:2585} INFO - Sync 1 DAGs
[2025-01-24T11:57:13.190+0000] {logging_mixin.py:120} INFO - [2025-01-24T11:57:13.190+0000] {dag.py:3340} INFO - Setting next_dagrun for example_short_circuit_decorator to 2025-01-23T11:57:13.189776+00:00, run_after=2025-01-24T11:57:13.189776+00:00
[2025-01-24T11:57:13.235+0000] {processor.py:176} INFO - Processing /home/airflow/.local/lib/python3.7/site-packages/airflow/example_dags/example_short_circuit_decorator.py took 0.215 seconds
[2025-01-24T11:57:43.562+0000] {processor.py:154} INFO - Started process (PID=722) to work on /home/airflow/.local/lib/python3.7/site-packages/airflow/example_dags/example_short_circuit_decorator.py
[2025-01-24T11:57:43.563+0000] {processor.py:756} INFO - Processing file /home/airflow/.local/lib/python3.7/site-packages/airflow/example_dags/example_short_circuit_decorator.py for tasks to queue
[2025-01-24T11:57:43.564+0000] {logging_mixin.py:120} INFO - [2025-01-24T11:57:43.564+0000] {dagbag.py:537} INFO - Filling up the DagBag from /home/airflow/.local/lib/python3.7/site-packages/airflow/example_dags/example_short_circuit_decorator.py
[2025-01-24T11:57:43.602+0000] {processor.py:766} INFO - DAG(s) dict_keys(['example_short_circuit_decorator']) retrieved from /home/airflow/.local/lib/python3.7/site-packages/airflow/example_dags/example_short_circuit_decorator.py
[2025-01-24T11:57:43.662+0000] {logging_mixin.py:120} INFO - [2025-01-24T11:57:43.662+0000] {dag.py:2585} INFO - Sync 1 DAGs
[2025-01-24T11:57:43.695+0000] {logging_mixin.py:120} INFO - [2025-01-24T11:57:43.695+0000] {dag.py:3340} INFO - Setting next_dagrun for example_short_circuit_decorator to 2025-01-23T11:57:43.694885+00:00, run_after=2025-01-24T11:57:43.694885+00:00
[2025-01-24T11:57:43.727+0000] {processor.py:176} INFO - Processing /home/airflow/.local/lib/python3.7/site-packages/airflow/example_dags/example_short_circuit_decorator.py took 0.168 seconds
[2025-01-24T11:58:13.932+0000] {processor.py:154} INFO - Started process (PID=787) to work on /home/airflow/.local/lib/python3.7/site-packages/airflow/example_dags/example_short_circuit_decorator.py
[2025-01-24T11:58:13.933+0000] {processor.py:756} INFO - Processing file /home/airflow/.local/lib/python3.7/site-packages/airflow/example_dags/example_short_circuit_decorator.py for tasks to queue
[2025-01-24T11:58:13.934+0000] {logging_mixin.py:120} INFO - [2025-01-24T11:58:13.934+0000] {dagbag.py:537} INFO - Filling up the DagBag from /home/airflow/.local/lib/python3.7/site-packages/airflow/example_dags/example_short_circuit_decorator.py
[2025-01-24T11:58:13.968+0000] {processor.py:766} INFO - DAG(s) dict_keys(['example_short_circuit_decorator']) retrieved from /home/airflow/.local/lib/python3.7/site-packages/airflow/example_dags/example_short_circuit_decorator.py
[2025-01-24T11:58:14.026+0000] {logging_mixin.py:120} INFO - [2025-01-24T11:58:14.026+0000] {dag.py:2585} INFO - Sync 1 DAGs
[2025-01-24T11:58:14.062+0000] {logging_mixin.py:120} INFO - [2025-01-24T11:58:14.061+0000] {dag.py:3340} INFO - Setting next_dagrun for example_short_circuit_decorator to 2025-01-23T11:58:14.061519+00:00, run_after=2025-01-24T11:58:14.061519+00:00
[2025-01-24T11:58:14.099+0000] {processor.py:176} INFO - Processing /home/airflow/.local/lib/python3.7/site-packages/airflow/example_dags/example_short_circuit_decorator.py took 0.171 seconds
[2025-01-24T11:58:44.570+0000] {processor.py:154} INFO - Started process (PID=842) to work on /home/airflow/.local/lib/python3.7/site-packages/airflow/example_dags/example_short_circuit_decorator.py
[2025-01-24T11:58:44.571+0000] {processor.py:756} INFO - Processing file /home/airflow/.local/lib/python3.7/site-packages/airflow/example_dags/example_short_circuit_decorator.py for tasks to queue
[2025-01-24T11:58:44.573+0000] {logging_mixin.py:120} INFO - [2025-01-24T11:58:44.572+0000] {dagbag.py:537} INFO - Filling up the DagBag from /home/airflow/.local/lib/python3.7/site-packages/airflow/example_dags/example_short_circuit_decorator.py
[2025-01-24T11:58:44.617+0000] {processor.py:766} INFO - DAG(s) dict_keys(['example_short_circuit_decorator']) retrieved from /home/airflow/.local/lib/python3.7/site-packages/airflow/example_dags/example_short_circuit_decorator.py
[2025-01-24T11:58:44.677+0000] {logging_mixin.py:120} INFO - [2025-01-24T11:58:44.677+0000] {dag.py:2585} INFO - Sync 1 DAGs
[2025-01-24T11:58:44.719+0000] {logging_mixin.py:120} INFO - [2025-01-24T11:58:44.719+0000] {dag.py:3340} INFO - Setting next_dagrun for example_short_circuit_decorator to 2025-01-23T11:58:44.718829+00:00, run_after=2025-01-24T11:58:44.718829+00:00
[2025-01-24T11:58:44.762+0000] {processor.py:176} INFO - Processing /home/airflow/.local/lib/python3.7/site-packages/airflow/example_dags/example_short_circuit_decorator.py took 0.196 seconds
[2025-01-24T11:59:14.946+0000] {processor.py:154} INFO - Started process (PID=906) to work on /home/airflow/.local/lib/python3.7/site-packages/airflow/example_dags/example_short_circuit_decorator.py
[2025-01-24T11:59:14.946+0000] {processor.py:756} INFO - Processing file /home/airflow/.local/lib/python3.7/site-packages/airflow/example_dags/example_short_circuit_decorator.py for tasks to queue
[2025-01-24T11:59:14.947+0000] {logging_mixin.py:120} INFO - [2025-01-24T11:59:14.947+0000] {dagbag.py:537} INFO - Filling up the DagBag from /home/airflow/.local/lib/python3.7/site-packages/airflow/example_dags/example_short_circuit_decorator.py
[2025-01-24T11:59:14.982+0000] {processor.py:766} INFO - DAG(s) dict_keys(['example_short_circuit_decorator']) retrieved from /home/airflow/.local/lib/python3.7/site-packages/airflow/example_dags/example_short_circuit_decorator.py
[2025-01-24T11:59:15.040+0000] {logging_mixin.py:120} INFO - [2025-01-24T11:59:15.040+0000] {dag.py:2585} INFO - Sync 1 DAGs
[2025-01-24T11:59:15.077+0000] {logging_mixin.py:120} INFO - [2025-01-24T11:59:15.077+0000] {dag.py:3340} INFO - Setting next_dagrun for example_short_circuit_decorator to 2025-01-23T11:59:15.077070+00:00, run_after=2025-01-24T11:59:15.077070+00:00
[2025-01-24T11:59:15.115+0000] {processor.py:176} INFO - Processing /home/airflow/.local/lib/python3.7/site-packages/airflow/example_dags/example_short_circuit_decorator.py took 0.173 seconds
[2025-01-24T11:59:45.335+0000] {processor.py:154} INFO - Started process (PID=970) to work on /home/airflow/.local/lib/python3.7/site-packages/airflow/example_dags/example_short_circuit_decorator.py
[2025-01-24T11:59:45.336+0000] {processor.py:756} INFO - Processing file /home/airflow/.local/lib/python3.7/site-packages/airflow/example_dags/example_short_circuit_decorator.py for tasks to queue
[2025-01-24T11:59:45.336+0000] {logging_mixin.py:120} INFO - [2025-01-24T11:59:45.336+0000] {dagbag.py:537} INFO - Filling up the DagBag from /home/airflow/.local/lib/python3.7/site-packages/airflow/example_dags/example_short_circuit_decorator.py
[2025-01-24T11:59:45.373+0000] {processor.py:766} INFO - DAG(s) dict_keys(['example_short_circuit_decorator']) retrieved from /home/airflow/.local/lib/python3.7/site-packages/airflow/example_dags/example_short_circuit_decorator.py
[2025-01-24T11:59:45.431+0000] {logging_mixin.py:120} INFO - [2025-01-24T11:59:45.431+0000] {dag.py:2585} INFO - Sync 1 DAGs
[2025-01-24T11:59:45.470+0000] {logging_mixin.py:120} INFO - [2025-01-24T11:59:45.470+0000] {dag.py:3340} INFO - Setting next_dagrun for example_short_circuit_decorator to 2025-01-23T11:59:45.470028+00:00, run_after=2025-01-24T11:59:45.470028+00:00
[2025-01-24T11:59:45.509+0000] {processor.py:176} INFO - Processing /home/airflow/.local/lib/python3.7/site-packages/airflow/example_dags/example_short_circuit_decorator.py took 0.179 seconds
[2025-01-24T12:00:15.646+0000] {processor.py:154} INFO - Started process (PID=1025) to work on /home/airflow/.local/lib/python3.7/site-packages/airflow/example_dags/example_short_circuit_decorator.py
[2025-01-24T12:00:15.648+0000] {processor.py:756} INFO - Processing file /home/airflow/.local/lib/python3.7/site-packages/airflow/example_dags/example_short_circuit_decorator.py for tasks to queue
[2025-01-24T12:00:15.649+0000] {logging_mixin.py:120} INFO - [2025-01-24T12:00:15.649+0000] {dagbag.py:537} INFO - Filling up the DagBag from /home/airflow/.local/lib/python3.7/site-packages/airflow/example_dags/example_short_circuit_decorator.py
[2025-01-24T12:00:15.683+0000] {processor.py:766} INFO - DAG(s) dict_keys(['example_short_circuit_decorator']) retrieved from /home/airflow/.local/lib/python3.7/site-packages/airflow/example_dags/example_short_circuit_decorator.py
[2025-01-24T12:00:15.743+0000] {logging_mixin.py:120} INFO - [2025-01-24T12:00:15.743+0000] {dag.py:2585} INFO - Sync 1 DAGs
[2025-01-24T12:00:15.780+0000] {logging_mixin.py:120} INFO - [2025-01-24T12:00:15.780+0000] {dag.py:3340} INFO - Setting next_dagrun for example_short_circuit_decorator to 2025-01-23T12:00:15.780293+00:00, run_after=2025-01-24T12:00:15.780293+00:00
[2025-01-24T12:00:15.820+0000] {processor.py:176} INFO - Processing /home/airflow/.local/lib/python3.7/site-packages/airflow/example_dags/example_short_circuit_decorator.py took 0.179 seconds
[2025-01-24T12:00:45.973+0000] {processor.py:154} INFO - Started process (PID=1089) to work on /home/airflow/.local/lib/python3.7/site-packages/airflow/example_dags/example_short_circuit_decorator.py
[2025-01-24T12:00:45.974+0000] {processor.py:756} INFO - Processing file /home/airflow/.local/lib/python3.7/site-packages/airflow/example_dags/example_short_circuit_decorator.py for tasks to queue
[2025-01-24T12:00:45.976+0000] {logging_mixin.py:120} INFO - [2025-01-24T12:00:45.976+0000] {dagbag.py:537} INFO - Filling up the DagBag from /home/airflow/.local/lib/python3.7/site-packages/airflow/example_dags/example_short_circuit_decorator.py
[2025-01-24T12:00:46.008+0000] {processor.py:766} INFO - DAG(s) dict_keys(['example_short_circuit_decorator']) retrieved from /home/airflow/.local/lib/python3.7/site-packages/airflow/example_dags/example_short_circuit_decorator.py
[2025-01-24T12:00:46.069+0000] {logging_mixin.py:120} INFO - [2025-01-24T12:00:46.069+0000] {dag.py:2585} INFO - Sync 1 DAGs
[2025-01-24T12:00:46.106+0000] {logging_mixin.py:120} INFO - [2025-01-24T12:00:46.105+0000] {dag.py:3340} INFO - Setting next_dagrun for example_short_circuit_decorator to 2025-01-23T12:00:46.105638+00:00, run_after=2025-01-24T12:00:46.105638+00:00
[2025-01-24T12:00:46.137+0000] {processor.py:176} INFO - Processing /home/airflow/.local/lib/python3.7/site-packages/airflow/example_dags/example_short_circuit_decorator.py took 0.168 seconds
[2025-01-24T12:01:17.305+0000] {processor.py:154} INFO - Started process (PID=1154) to work on /home/airflow/.local/lib/python3.7/site-packages/airflow/example_dags/example_short_circuit_decorator.py
[2025-01-24T12:01:17.306+0000] {processor.py:756} INFO - Processing file /home/airflow/.local/lib/python3.7/site-packages/airflow/example_dags/example_short_circuit_decorator.py for tasks to queue
[2025-01-24T12:01:17.308+0000] {logging_mixin.py:120} INFO - [2025-01-24T12:01:17.307+0000] {dagbag.py:537} INFO - Filling up the DagBag from /home/airflow/.local/lib/python3.7/site-packages/airflow/example_dags/example_short_circuit_decorator.py
[2025-01-24T12:01:17.347+0000] {processor.py:766} INFO - DAG(s) dict_keys(['example_short_circuit_decorator']) retrieved from /home/airflow/.local/lib/python3.7/site-packages/airflow/example_dags/example_short_circuit_decorator.py
[2025-01-24T12:01:17.411+0000] {logging_mixin.py:120} INFO - [2025-01-24T12:01:17.411+0000] {dag.py:2585} INFO - Sync 1 DAGs
[2025-01-24T12:01:17.455+0000] {logging_mixin.py:120} INFO - [2025-01-24T12:01:17.454+0000] {dag.py:3340} INFO - Setting next_dagrun for example_short_circuit_decorator to 2025-01-23T12:01:17.454477+00:00, run_after=2025-01-24T12:01:17.454477+00:00
[2025-01-24T12:01:17.487+0000] {processor.py:176} INFO - Processing /home/airflow/.local/lib/python3.7/site-packages/airflow/example_dags/example_short_circuit_decorator.py took 0.188 seconds
[2025-01-24T12:01:48.284+0000] {processor.py:154} INFO - Started process (PID=1210) to work on /home/airflow/.local/lib/python3.7/site-packages/airflow/example_dags/example_short_circuit_decorator.py
[2025-01-24T12:01:48.285+0000] {processor.py:756} INFO - Processing file /home/airflow/.local/lib/python3.7/site-packages/airflow/example_dags/example_short_circuit_decorator.py for tasks to queue
[2025-01-24T12:01:48.286+0000] {logging_mixin.py:120} INFO - [2025-01-24T12:01:48.286+0000] {dagbag.py:537} INFO - Filling up the DagBag from /home/airflow/.local/lib/python3.7/site-packages/airflow/example_dags/example_short_circuit_decorator.py
[2025-01-24T12:01:48.319+0000] {processor.py:766} INFO - DAG(s) dict_keys(['example_short_circuit_decorator']) retrieved from /home/airflow/.local/lib/python3.7/site-packages/airflow/example_dags/example_short_circuit_decorator.py
[2025-01-24T12:01:48.378+0000] {logging_mixin.py:120} INFO - [2025-01-24T12:01:48.378+0000] {dag.py:2585} INFO - Sync 1 DAGs
[2025-01-24T12:01:48.418+0000] {logging_mixin.py:120} INFO - [2025-01-24T12:01:48.418+0000] {dag.py:3340} INFO - Setting next_dagrun for example_short_circuit_decorator to 2025-01-23T12:01:48.417931+00:00, run_after=2025-01-24T12:01:48.417931+00:00
[2025-01-24T12:01:48.452+0000] {processor.py:176} INFO - Processing /home/airflow/.local/lib/python3.7/site-packages/airflow/example_dags/example_short_circuit_decorator.py took 0.173 seconds
[2025-01-24T12:02:18.946+0000] {processor.py:154} INFO - Started process (PID=1274) to work on /home/airflow/.local/lib/python3.7/site-packages/airflow/example_dags/example_short_circuit_decorator.py
[2025-01-24T12:02:18.947+0000] {processor.py:756} INFO - Processing file /home/airflow/.local/lib/python3.7/site-packages/airflow/example_dags/example_short_circuit_decorator.py for tasks to queue
[2025-01-24T12:02:18.948+0000] {logging_mixin.py:120} INFO - [2025-01-24T12:02:18.948+0000] {dagbag.py:537} INFO - Filling up the DagBag from /home/airflow/.local/lib/python3.7/site-packages/airflow/example_dags/example_short_circuit_decorator.py
[2025-01-24T12:02:18.995+0000] {processor.py:766} INFO - DAG(s) dict_keys(['example_short_circuit_decorator']) retrieved from /home/airflow/.local/lib/python3.7/site-packages/airflow/example_dags/example_short_circuit_decorator.py
[2025-01-24T12:02:19.074+0000] {logging_mixin.py:120} INFO - [2025-01-24T12:02:19.074+0000] {dag.py:2585} INFO - Sync 1 DAGs
[2025-01-24T12:02:19.118+0000] {logging_mixin.py:120} INFO - [2025-01-24T12:02:19.117+0000] {dag.py:3340} INFO - Setting next_dagrun for example_short_circuit_decorator to 2025-01-23T12:02:19.117408+00:00, run_after=2025-01-24T12:02:19.117408+00:00
[2025-01-24T12:02:19.160+0000] {processor.py:176} INFO - Processing /home/airflow/.local/lib/python3.7/site-packages/airflow/example_dags/example_short_circuit_decorator.py took 0.219 seconds
[2025-01-24T12:02:49.477+0000] {processor.py:154} INFO - Started process (PID=1329) to work on /home/airflow/.local/lib/python3.7/site-packages/airflow/example_dags/example_short_circuit_decorator.py
[2025-01-24T12:02:49.479+0000] {processor.py:756} INFO - Processing file /home/airflow/.local/lib/python3.7/site-packages/airflow/example_dags/example_short_circuit_decorator.py for tasks to queue
[2025-01-24T12:02:49.481+0000] {logging_mixin.py:120} INFO - [2025-01-24T12:02:49.480+0000] {dagbag.py:537} INFO - Filling up the DagBag from /home/airflow/.local/lib/python3.7/site-packages/airflow/example_dags/example_short_circuit_decorator.py
[2025-01-24T12:02:49.540+0000] {processor.py:766} INFO - DAG(s) dict_keys(['example_short_circuit_decorator']) retrieved from /home/airflow/.local/lib/python3.7/site-packages/airflow/example_dags/example_short_circuit_decorator.py
[2025-01-24T12:02:49.610+0000] {logging_mixin.py:120} INFO - [2025-01-24T12:02:49.610+0000] {dag.py:2585} INFO - Sync 1 DAGs
[2025-01-24T12:02:49.647+0000] {logging_mixin.py:120} INFO - [2025-01-24T12:02:49.647+0000] {dag.py:3340} INFO - Setting next_dagrun for example_short_circuit_decorator to 2025-01-23T12:02:49.647348+00:00, run_after=2025-01-24T12:02:49.647348+00:00
[2025-01-24T12:02:49.682+0000] {processor.py:176} INFO - Processing /home/airflow/.local/lib/python3.7/site-packages/airflow/example_dags/example_short_circuit_decorator.py took 0.211 seconds
[2025-01-24T12:03:19.781+0000] {processor.py:154} INFO - Started process (PID=1393) to work on /home/airflow/.local/lib/python3.7/site-packages/airflow/example_dags/example_short_circuit_decorator.py
[2025-01-24T12:03:19.782+0000] {processor.py:756} INFO - Processing file /home/airflow/.local/lib/python3.7/site-packages/airflow/example_dags/example_short_circuit_decorator.py for tasks to queue
[2025-01-24T12:03:19.783+0000] {logging_mixin.py:120} INFO - [2025-01-24T12:03:19.783+0000] {dagbag.py:537} INFO - Filling up the DagBag from /home/airflow/.local/lib/python3.7/site-packages/airflow/example_dags/example_short_circuit_decorator.py
[2025-01-24T12:03:19.810+0000] {processor.py:766} INFO - DAG(s) dict_keys(['example_short_circuit_decorator']) retrieved from /home/airflow/.local/lib/python3.7/site-packages/airflow/example_dags/example_short_circuit_decorator.py
[2025-01-24T12:03:19.854+0000] {logging_mixin.py:120} INFO - [2025-01-24T12:03:19.854+0000] {dag.py:2585} INFO - Sync 1 DAGs
[2025-01-24T12:03:19.893+0000] {logging_mixin.py:120} INFO - [2025-01-24T12:03:19.893+0000] {dag.py:3340} INFO - Setting next_dagrun for example_short_circuit_decorator to 2025-01-23T12:03:19.892882+00:00, run_after=2025-01-24T12:03:19.892882+00:00
[2025-01-24T12:03:19.933+0000] {processor.py:176} INFO - Processing /home/airflow/.local/lib/python3.7/site-packages/airflow/example_dags/example_short_circuit_decorator.py took 0.155 seconds
[2025-01-24T12:03:50.118+0000] {processor.py:154} INFO - Started process (PID=1447) to work on /home/airflow/.local/lib/python3.7/site-packages/airflow/example_dags/example_short_circuit_decorator.py
[2025-01-24T12:03:50.119+0000] {processor.py:756} INFO - Processing file /home/airflow/.local/lib/python3.7/site-packages/airflow/example_dags/example_short_circuit_decorator.py for tasks to queue
[2025-01-24T12:03:50.120+0000] {logging_mixin.py:120} INFO - [2025-01-24T12:03:50.120+0000] {dagbag.py:537} INFO - Filling up the DagBag from /home/airflow/.local/lib/python3.7/site-packages/airflow/example_dags/example_short_circuit_decorator.py
[2025-01-24T12:03:50.155+0000] {processor.py:766} INFO - DAG(s) dict_keys(['example_short_circuit_decorator']) retrieved from /home/airflow/.local/lib/python3.7/site-packages/airflow/example_dags/example_short_circuit_decorator.py
[2025-01-24T12:03:50.219+0000] {logging_mixin.py:120} INFO - [2025-01-24T12:03:50.218+0000] {dag.py:2585} INFO - Sync 1 DAGs
[2025-01-24T12:03:50.268+0000] {logging_mixin.py:120} INFO - [2025-01-24T12:03:50.267+0000] {dag.py:3340} INFO - Setting next_dagrun for example_short_circuit_decorator to 2025-01-23T12:03:50.267370+00:00, run_after=2025-01-24T12:03:50.267370+00:00
[2025-01-24T12:03:50.316+0000] {processor.py:176} INFO - Processing /home/airflow/.local/lib/python3.7/site-packages/airflow/example_dags/example_short_circuit_decorator.py took 0.202 seconds
[2025-01-24T12:04:21.104+0000] {processor.py:154} INFO - Started process (PID=1512) to work on /home/airflow/.local/lib/python3.7/site-packages/airflow/example_dags/example_short_circuit_decorator.py
[2025-01-24T12:04:21.105+0000] {processor.py:756} INFO - Processing file /home/airflow/.local/lib/python3.7/site-packages/airflow/example_dags/example_short_circuit_decorator.py for tasks to queue
[2025-01-24T12:04:21.106+0000] {logging_mixin.py:120} INFO - [2025-01-24T12:04:21.106+0000] {dagbag.py:537} INFO - Filling up the DagBag from /home/airflow/.local/lib/python3.7/site-packages/airflow/example_dags/example_short_circuit_decorator.py
[2025-01-24T12:04:21.145+0000] {processor.py:766} INFO - DAG(s) dict_keys(['example_short_circuit_decorator']) retrieved from /home/airflow/.local/lib/python3.7/site-packages/airflow/example_dags/example_short_circuit_decorator.py
[2025-01-24T12:04:21.205+0000] {logging_mixin.py:120} INFO - [2025-01-24T12:04:21.205+0000] {dag.py:2585} INFO - Sync 1 DAGs
[2025-01-24T12:04:21.233+0000] {logging_mixin.py:120} INFO - [2025-01-24T12:04:21.233+0000] {dag.py:3340} INFO - Setting next_dagrun for example_short_circuit_decorator to 2025-01-23T12:04:21.232781+00:00, run_after=2025-01-24T12:04:21.232781+00:00
[2025-01-24T12:04:21.270+0000] {processor.py:176} INFO - Processing /home/airflow/.local/lib/python3.7/site-packages/airflow/example_dags/example_short_circuit_decorator.py took 0.172 seconds
[2025-01-24T12:04:52.416+0000] {processor.py:154} INFO - Started process (PID=1576) to work on /home/airflow/.local/lib/python3.7/site-packages/airflow/example_dags/example_short_circuit_decorator.py
[2025-01-24T12:04:52.417+0000] {processor.py:756} INFO - Processing file /home/airflow/.local/lib/python3.7/site-packages/airflow/example_dags/example_short_circuit_decorator.py for tasks to queue
[2025-01-24T12:04:52.418+0000] {logging_mixin.py:120} INFO - [2025-01-24T12:04:52.417+0000] {dagbag.py:537} INFO - Filling up the DagBag from /home/airflow/.local/lib/python3.7/site-packages/airflow/example_dags/example_short_circuit_decorator.py
[2025-01-24T12:04:52.459+0000] {processor.py:766} INFO - DAG(s) dict_keys(['example_short_circuit_decorator']) retrieved from /home/airflow/.local/lib/python3.7/site-packages/airflow/example_dags/example_short_circuit_decorator.py
[2025-01-24T12:04:52.539+0000] {logging_mixin.py:120} INFO - [2025-01-24T12:04:52.539+0000] {dag.py:2585} INFO - Sync 1 DAGs
[2025-01-24T12:04:52.593+0000] {logging_mixin.py:120} INFO - [2025-01-24T12:04:52.593+0000] {dag.py:3340} INFO - Setting next_dagrun for example_short_circuit_decorator to 2025-01-23T12:04:52.592846+00:00, run_after=2025-01-24T12:04:52.592846+00:00
[2025-01-24T12:04:52.642+0000] {processor.py:176} INFO - Processing /home/airflow/.local/lib/python3.7/site-packages/airflow/example_dags/example_short_circuit_decorator.py took 0.232 seconds
[2025-01-24T12:05:22.824+0000] {processor.py:154} INFO - Started process (PID=1631) to work on /home/airflow/.local/lib/python3.7/site-packages/airflow/example_dags/example_short_circuit_decorator.py
[2025-01-24T12:05:22.825+0000] {processor.py:756} INFO - Processing file /home/airflow/.local/lib/python3.7/site-packages/airflow/example_dags/example_short_circuit_decorator.py for tasks to queue
[2025-01-24T12:05:22.826+0000] {logging_mixin.py:120} INFO - [2025-01-24T12:05:22.826+0000] {dagbag.py:537} INFO - Filling up the DagBag from /home/airflow/.local/lib/python3.7/site-packages/airflow/example_dags/example_short_circuit_decorator.py
[2025-01-24T12:05:22.863+0000] {processor.py:766} INFO - DAG(s) dict_keys(['example_short_circuit_decorator']) retrieved from /home/airflow/.local/lib/python3.7/site-packages/airflow/example_dags/example_short_circuit_decorator.py
[2025-01-24T12:05:22.925+0000] {logging_mixin.py:120} INFO - [2025-01-24T12:05:22.925+0000] {dag.py:2585} INFO - Sync 1 DAGs
[2025-01-24T12:05:22.967+0000] {logging_mixin.py:120} INFO - [2025-01-24T12:05:22.967+0000] {dag.py:3340} INFO - Setting next_dagrun for example_short_circuit_decorator to 2025-01-23T12:05:22.966692+00:00, run_after=2025-01-24T12:05:22.966692+00:00
[2025-01-24T12:05:23.001+0000] {processor.py:176} INFO - Processing /home/airflow/.local/lib/python3.7/site-packages/airflow/example_dags/example_short_circuit_decorator.py took 0.182 seconds
[2025-01-24T12:05:53.668+0000] {processor.py:154} INFO - Started process (PID=1695) to work on /home/airflow/.local/lib/python3.7/site-packages/airflow/example_dags/example_short_circuit_decorator.py
[2025-01-24T12:05:53.669+0000] {processor.py:756} INFO - Processing file /home/airflow/.local/lib/python3.7/site-packages/airflow/example_dags/example_short_circuit_decorator.py for tasks to queue
[2025-01-24T12:05:53.670+0000] {logging_mixin.py:120} INFO - [2025-01-24T12:05:53.670+0000] {dagbag.py:537} INFO - Filling up the DagBag from /home/airflow/.local/lib/python3.7/site-packages/airflow/example_dags/example_short_circuit_decorator.py
[2025-01-24T12:05:53.699+0000] {processor.py:766} INFO - DAG(s) dict_keys(['example_short_circuit_decorator']) retrieved from /home/airflow/.local/lib/python3.7/site-packages/airflow/example_dags/example_short_circuit_decorator.py
[2025-01-24T12:05:53.748+0000] {logging_mixin.py:120} INFO - [2025-01-24T12:05:53.748+0000] {dag.py:2585} INFO - Sync 1 DAGs
[2025-01-24T12:05:53.774+0000] {logging_mixin.py:120} INFO - [2025-01-24T12:05:53.774+0000] {dag.py:3340} INFO - Setting next_dagrun for example_short_circuit_decorator to 2025-01-23T12:05:53.774171+00:00, run_after=2025-01-24T12:05:53.774171+00:00
[2025-01-24T12:05:53.812+0000] {processor.py:176} INFO - Processing /home/airflow/.local/lib/python3.7/site-packages/airflow/example_dags/example_short_circuit_decorator.py took 0.148 seconds
[2025-01-24T12:06:24.636+0000] {processor.py:154} INFO - Started process (PID=1750) to work on /home/airflow/.local/lib/python3.7/site-packages/airflow/example_dags/example_short_circuit_decorator.py
[2025-01-24T12:06:24.637+0000] {processor.py:756} INFO - Processing file /home/airflow/.local/lib/python3.7/site-packages/airflow/example_dags/example_short_circuit_decorator.py for tasks to queue
[2025-01-24T12:06:24.638+0000] {logging_mixin.py:120} INFO - [2025-01-24T12:06:24.638+0000] {dagbag.py:537} INFO - Filling up the DagBag from /home/airflow/.local/lib/python3.7/site-packages/airflow/example_dags/example_short_circuit_decorator.py
[2025-01-24T12:06:24.673+0000] {processor.py:766} INFO - DAG(s) dict_keys(['example_short_circuit_decorator']) retrieved from /home/airflow/.local/lib/python3.7/site-packages/airflow/example_dags/example_short_circuit_decorator.py
[2025-01-24T12:06:24.737+0000] {logging_mixin.py:120} INFO - [2025-01-24T12:06:24.737+0000] {dag.py:2585} INFO - Sync 1 DAGs
[2025-01-24T12:06:24.774+0000] {logging_mixin.py:120} INFO - [2025-01-24T12:06:24.774+0000] {dag.py:3340} INFO - Setting next_dagrun for example_short_circuit_decorator to 2025-01-23T12:06:24.774247+00:00, run_after=2025-01-24T12:06:24.774247+00:00
[2025-01-24T12:06:24.806+0000] {processor.py:176} INFO - Processing /home/airflow/.local/lib/python3.7/site-packages/airflow/example_dags/example_short_circuit_decorator.py took 0.174 seconds
