[2025-01-24T17:06:16.141+0000] {processor.py:154} INFO - Started process (PID=76) to work on /home/airflow/.local/lib/python3.7/site-packages/airflow/example_dags/example_bash_operator.py
[2025-01-24T17:06:16.142+0000] {processor.py:756} INFO - Processing file /home/airflow/.local/lib/python3.7/site-packages/airflow/example_dags/example_bash_operator.py for tasks to queue
[2025-01-24T17:06:16.143+0000] {logging_mixin.py:120} INFO - [2025-01-24T17:06:16.143+0000] {dagbag.py:537} INFO - Filling up the DagBag from /home/airflow/.local/lib/python3.7/site-packages/airflow/example_dags/example_bash_operator.py
[2025-01-24T17:06:16.176+0000] {processor.py:766} INFO - DAG(s) dict_keys(['example_bash_operator']) retrieved from /home/airflow/.local/lib/python3.7/site-packages/airflow/example_dags/example_bash_operator.py
[2025-01-24T17:06:16.248+0000] {logging_mixin.py:120} INFO - [2025-01-24T17:06:16.248+0000] {dag.py:2585} INFO - Sync 1 DAGs
[2025-01-24T17:06:16.308+0000] {logging_mixin.py:120} INFO - [2025-01-24T17:06:16.308+0000] {dag.py:3340} INFO - Setting next_dagrun for example_bash_operator to 2025-01-23T00:00:00+00:00, run_after=2025-01-24T00:00:00+00:00
[2025-01-24T17:06:16.350+0000] {processor.py:176} INFO - Processing /home/airflow/.local/lib/python3.7/site-packages/airflow/example_dags/example_bash_operator.py took 0.213 seconds
[2025-01-24T11:52:09.281+0000] {processor.py:154} INFO - Started process (PID=76) to work on /home/airflow/.local/lib/python3.7/site-packages/airflow/example_dags/example_bash_operator.py
[2025-01-24T11:52:09.282+0000] {processor.py:756} INFO - Processing file /home/airflow/.local/lib/python3.7/site-packages/airflow/example_dags/example_bash_operator.py for tasks to queue
[2025-01-24T11:52:09.283+0000] {logging_mixin.py:120} INFO - [2025-01-24T11:52:09.282+0000] {dagbag.py:537} INFO - Filling up the DagBag from /home/airflow/.local/lib/python3.7/site-packages/airflow/example_dags/example_bash_operator.py
[2025-01-24T11:52:09.316+0000] {processor.py:766} INFO - DAG(s) dict_keys(['example_bash_operator']) retrieved from /home/airflow/.local/lib/python3.7/site-packages/airflow/example_dags/example_bash_operator.py
[2025-01-24T11:52:09.395+0000] {logging_mixin.py:120} INFO - [2025-01-24T11:52:09.395+0000] {dag.py:2585} INFO - Sync 1 DAGs
[2025-01-24T11:52:09.439+0000] {logging_mixin.py:120} INFO - [2025-01-24T11:52:09.439+0000] {dag.py:3340} INFO - Setting next_dagrun for example_bash_operator to 2025-01-23T00:00:00+00:00, run_after=2025-01-24T00:00:00+00:00
[2025-01-24T11:52:09.482+0000] {processor.py:176} INFO - Processing /home/airflow/.local/lib/python3.7/site-packages/airflow/example_dags/example_bash_operator.py took 0.206 seconds
[2025-01-24T11:52:40.522+0000] {processor.py:154} INFO - Started process (PID=140) to work on /home/airflow/.local/lib/python3.7/site-packages/airflow/example_dags/example_bash_operator.py
[2025-01-24T11:52:40.523+0000] {processor.py:756} INFO - Processing file /home/airflow/.local/lib/python3.7/site-packages/airflow/example_dags/example_bash_operator.py for tasks to queue
[2025-01-24T11:52:40.525+0000] {logging_mixin.py:120} INFO - [2025-01-24T11:52:40.524+0000] {dagbag.py:537} INFO - Filling up the DagBag from /home/airflow/.local/lib/python3.7/site-packages/airflow/example_dags/example_bash_operator.py
[2025-01-24T11:52:40.570+0000] {processor.py:766} INFO - DAG(s) dict_keys(['example_bash_operator']) retrieved from /home/airflow/.local/lib/python3.7/site-packages/airflow/example_dags/example_bash_operator.py
[2025-01-24T11:52:40.673+0000] {logging_mixin.py:120} INFO - [2025-01-24T11:52:40.672+0000] {dag.py:2585} INFO - Sync 1 DAGs
[2025-01-24T11:52:40.729+0000] {logging_mixin.py:120} INFO - [2025-01-24T11:52:40.729+0000] {dag.py:3340} INFO - Setting next_dagrun for example_bash_operator to 2025-01-23T00:00:00+00:00, run_after=2025-01-24T00:00:00+00:00
[2025-01-24T11:52:40.774+0000] {processor.py:176} INFO - Processing /home/airflow/.local/lib/python3.7/site-packages/airflow/example_dags/example_bash_operator.py took 0.257 seconds
[2025-01-24T11:53:11.576+0000] {processor.py:154} INFO - Started process (PID=196) to work on /home/airflow/.local/lib/python3.7/site-packages/airflow/example_dags/example_bash_operator.py
[2025-01-24T11:53:11.579+0000] {processor.py:756} INFO - Processing file /home/airflow/.local/lib/python3.7/site-packages/airflow/example_dags/example_bash_operator.py for tasks to queue
[2025-01-24T11:53:11.580+0000] {logging_mixin.py:120} INFO - [2025-01-24T11:53:11.579+0000] {dagbag.py:537} INFO - Filling up the DagBag from /home/airflow/.local/lib/python3.7/site-packages/airflow/example_dags/example_bash_operator.py
[2025-01-24T11:53:11.608+0000] {processor.py:766} INFO - DAG(s) dict_keys(['example_bash_operator']) retrieved from /home/airflow/.local/lib/python3.7/site-packages/airflow/example_dags/example_bash_operator.py
[2025-01-24T11:53:11.680+0000] {logging_mixin.py:120} INFO - [2025-01-24T11:53:11.679+0000] {dag.py:2585} INFO - Sync 1 DAGs
[2025-01-24T11:53:11.730+0000] {logging_mixin.py:120} INFO - [2025-01-24T11:53:11.730+0000] {dag.py:3340} INFO - Setting next_dagrun for example_bash_operator to 2025-01-23T00:00:00+00:00, run_after=2025-01-24T00:00:00+00:00
[2025-01-24T11:53:11.760+0000] {processor.py:176} INFO - Processing /home/airflow/.local/lib/python3.7/site-packages/airflow/example_dags/example_bash_operator.py took 0.191 seconds
[2025-01-24T11:53:42.120+0000] {processor.py:154} INFO - Started process (PID=260) to work on /home/airflow/.local/lib/python3.7/site-packages/airflow/example_dags/example_bash_operator.py
[2025-01-24T11:53:42.122+0000] {processor.py:756} INFO - Processing file /home/airflow/.local/lib/python3.7/site-packages/airflow/example_dags/example_bash_operator.py for tasks to queue
[2025-01-24T11:53:42.123+0000] {logging_mixin.py:120} INFO - [2025-01-24T11:53:42.123+0000] {dagbag.py:537} INFO - Filling up the DagBag from /home/airflow/.local/lib/python3.7/site-packages/airflow/example_dags/example_bash_operator.py
[2025-01-24T11:53:42.157+0000] {processor.py:766} INFO - DAG(s) dict_keys(['example_bash_operator']) retrieved from /home/airflow/.local/lib/python3.7/site-packages/airflow/example_dags/example_bash_operator.py
[2025-01-24T11:53:42.227+0000] {logging_mixin.py:120} INFO - [2025-01-24T11:53:42.226+0000] {dag.py:2585} INFO - Sync 1 DAGs
[2025-01-24T11:53:42.265+0000] {logging_mixin.py:120} INFO - [2025-01-24T11:53:42.265+0000] {dag.py:3340} INFO - Setting next_dagrun for example_bash_operator to 2025-01-23T00:00:00+00:00, run_after=2025-01-24T00:00:00+00:00
[2025-01-24T11:53:42.298+0000] {processor.py:176} INFO - Processing /home/airflow/.local/lib/python3.7/site-packages/airflow/example_dags/example_bash_operator.py took 0.184 seconds
[2025-01-24T11:54:12.776+0000] {processor.py:154} INFO - Started process (PID=315) to work on /home/airflow/.local/lib/python3.7/site-packages/airflow/example_dags/example_bash_operator.py
[2025-01-24T11:54:12.780+0000] {processor.py:756} INFO - Processing file /home/airflow/.local/lib/python3.7/site-packages/airflow/example_dags/example_bash_operator.py for tasks to queue
[2025-01-24T11:54:12.781+0000] {logging_mixin.py:120} INFO - [2025-01-24T11:54:12.781+0000] {dagbag.py:537} INFO - Filling up the DagBag from /home/airflow/.local/lib/python3.7/site-packages/airflow/example_dags/example_bash_operator.py
[2025-01-24T11:54:12.810+0000] {processor.py:766} INFO - DAG(s) dict_keys(['example_bash_operator']) retrieved from /home/airflow/.local/lib/python3.7/site-packages/airflow/example_dags/example_bash_operator.py
[2025-01-24T11:54:12.884+0000] {logging_mixin.py:120} INFO - [2025-01-24T11:54:12.883+0000] {dag.py:2585} INFO - Sync 1 DAGs
[2025-01-24T11:54:12.926+0000] {logging_mixin.py:120} INFO - [2025-01-24T11:54:12.925+0000] {dag.py:3340} INFO - Setting next_dagrun for example_bash_operator to 2025-01-23T00:00:00+00:00, run_after=2025-01-24T00:00:00+00:00
[2025-01-24T11:54:12.959+0000] {processor.py:176} INFO - Processing /home/airflow/.local/lib/python3.7/site-packages/airflow/example_dags/example_bash_operator.py took 0.187 seconds
[2025-01-24T11:54:43.771+0000] {processor.py:154} INFO - Started process (PID=379) to work on /home/airflow/.local/lib/python3.7/site-packages/airflow/example_dags/example_bash_operator.py
[2025-01-24T11:54:43.773+0000] {processor.py:756} INFO - Processing file /home/airflow/.local/lib/python3.7/site-packages/airflow/example_dags/example_bash_operator.py for tasks to queue
[2025-01-24T11:54:43.775+0000] {logging_mixin.py:120} INFO - [2025-01-24T11:54:43.774+0000] {dagbag.py:537} INFO - Filling up the DagBag from /home/airflow/.local/lib/python3.7/site-packages/airflow/example_dags/example_bash_operator.py
[2025-01-24T11:54:43.819+0000] {processor.py:766} INFO - DAG(s) dict_keys(['example_bash_operator']) retrieved from /home/airflow/.local/lib/python3.7/site-packages/airflow/example_dags/example_bash_operator.py
[2025-01-24T11:54:43.905+0000] {logging_mixin.py:120} INFO - [2025-01-24T11:54:43.904+0000] {dag.py:2585} INFO - Sync 1 DAGs
[2025-01-24T11:54:43.960+0000] {logging_mixin.py:120} INFO - [2025-01-24T11:54:43.960+0000] {dag.py:3340} INFO - Setting next_dagrun for example_bash_operator to 2025-01-23T00:00:00+00:00, run_after=2025-01-24T00:00:00+00:00
[2025-01-24T11:54:44.003+0000] {processor.py:176} INFO - Processing /home/airflow/.local/lib/python3.7/site-packages/airflow/example_dags/example_bash_operator.py took 0.238 seconds
[2025-01-24T11:55:14.170+0000] {processor.py:154} INFO - Started process (PID=441) to work on /home/airflow/.local/lib/python3.7/site-packages/airflow/example_dags/example_bash_operator.py
[2025-01-24T11:55:14.172+0000] {processor.py:756} INFO - Processing file /home/airflow/.local/lib/python3.7/site-packages/airflow/example_dags/example_bash_operator.py for tasks to queue
[2025-01-24T11:55:14.174+0000] {logging_mixin.py:120} INFO - [2025-01-24T11:55:14.173+0000] {dagbag.py:537} INFO - Filling up the DagBag from /home/airflow/.local/lib/python3.7/site-packages/airflow/example_dags/example_bash_operator.py
[2025-01-24T11:55:14.206+0000] {processor.py:766} INFO - DAG(s) dict_keys(['example_bash_operator']) retrieved from /home/airflow/.local/lib/python3.7/site-packages/airflow/example_dags/example_bash_operator.py
[2025-01-24T11:55:14.287+0000] {logging_mixin.py:120} INFO - [2025-01-24T11:55:14.286+0000] {dag.py:2585} INFO - Sync 1 DAGs
[2025-01-24T11:55:14.340+0000] {logging_mixin.py:120} INFO - [2025-01-24T11:55:14.340+0000] {dag.py:3340} INFO - Setting next_dagrun for example_bash_operator to 2025-01-23T00:00:00+00:00, run_after=2025-01-24T00:00:00+00:00
[2025-01-24T11:55:14.385+0000] {processor.py:176} INFO - Processing /home/airflow/.local/lib/python3.7/site-packages/airflow/example_dags/example_bash_operator.py took 0.221 seconds
[2025-01-24T11:55:44.882+0000] {processor.py:154} INFO - Started process (PID=498) to work on /home/airflow/.local/lib/python3.7/site-packages/airflow/example_dags/example_bash_operator.py
[2025-01-24T11:55:44.886+0000] {processor.py:756} INFO - Processing file /home/airflow/.local/lib/python3.7/site-packages/airflow/example_dags/example_bash_operator.py for tasks to queue
[2025-01-24T11:55:44.887+0000] {logging_mixin.py:120} INFO - [2025-01-24T11:55:44.887+0000] {dagbag.py:537} INFO - Filling up the DagBag from /home/airflow/.local/lib/python3.7/site-packages/airflow/example_dags/example_bash_operator.py
[2025-01-24T11:55:44.917+0000] {processor.py:766} INFO - DAG(s) dict_keys(['example_bash_operator']) retrieved from /home/airflow/.local/lib/python3.7/site-packages/airflow/example_dags/example_bash_operator.py
[2025-01-24T11:55:44.989+0000] {logging_mixin.py:120} INFO - [2025-01-24T11:55:44.989+0000] {dag.py:2585} INFO - Sync 1 DAGs
[2025-01-24T11:55:45.041+0000] {logging_mixin.py:120} INFO - [2025-01-24T11:55:45.041+0000] {dag.py:3340} INFO - Setting next_dagrun for example_bash_operator to 2025-01-23T00:00:00+00:00, run_after=2025-01-24T00:00:00+00:00
[2025-01-24T11:55:45.088+0000] {processor.py:176} INFO - Processing /home/airflow/.local/lib/python3.7/site-packages/airflow/example_dags/example_bash_operator.py took 0.209 seconds
[2025-01-24T11:56:15.523+0000] {processor.py:154} INFO - Started process (PID=563) to work on /home/airflow/.local/lib/python3.7/site-packages/airflow/example_dags/example_bash_operator.py
[2025-01-24T11:56:15.524+0000] {processor.py:756} INFO - Processing file /home/airflow/.local/lib/python3.7/site-packages/airflow/example_dags/example_bash_operator.py for tasks to queue
[2025-01-24T11:56:15.525+0000] {logging_mixin.py:120} INFO - [2025-01-24T11:56:15.525+0000] {dagbag.py:537} INFO - Filling up the DagBag from /home/airflow/.local/lib/python3.7/site-packages/airflow/example_dags/example_bash_operator.py
[2025-01-24T11:56:15.554+0000] {processor.py:766} INFO - DAG(s) dict_keys(['example_bash_operator']) retrieved from /home/airflow/.local/lib/python3.7/site-packages/airflow/example_dags/example_bash_operator.py
[2025-01-24T11:56:15.629+0000] {logging_mixin.py:120} INFO - [2025-01-24T11:56:15.628+0000] {dag.py:2585} INFO - Sync 1 DAGs
[2025-01-24T11:56:15.668+0000] {logging_mixin.py:120} INFO - [2025-01-24T11:56:15.668+0000] {dag.py:3340} INFO - Setting next_dagrun for example_bash_operator to 2025-01-23T00:00:00+00:00, run_after=2025-01-24T00:00:00+00:00
[2025-01-24T11:56:15.698+0000] {processor.py:176} INFO - Processing /home/airflow/.local/lib/python3.7/site-packages/airflow/example_dags/example_bash_operator.py took 0.181 seconds
[2025-01-24T11:56:46.283+0000] {processor.py:154} INFO - Started process (PID=618) to work on /home/airflow/.local/lib/python3.7/site-packages/airflow/example_dags/example_bash_operator.py
[2025-01-24T11:56:46.284+0000] {processor.py:756} INFO - Processing file /home/airflow/.local/lib/python3.7/site-packages/airflow/example_dags/example_bash_operator.py for tasks to queue
[2025-01-24T11:56:46.285+0000] {logging_mixin.py:120} INFO - [2025-01-24T11:56:46.285+0000] {dagbag.py:537} INFO - Filling up the DagBag from /home/airflow/.local/lib/python3.7/site-packages/airflow/example_dags/example_bash_operator.py
[2025-01-24T11:56:46.315+0000] {processor.py:766} INFO - DAG(s) dict_keys(['example_bash_operator']) retrieved from /home/airflow/.local/lib/python3.7/site-packages/airflow/example_dags/example_bash_operator.py
[2025-01-24T11:56:46.381+0000] {logging_mixin.py:120} INFO - [2025-01-24T11:56:46.381+0000] {dag.py:2585} INFO - Sync 1 DAGs
[2025-01-24T11:56:46.421+0000] {logging_mixin.py:120} INFO - [2025-01-24T11:56:46.421+0000] {dag.py:3340} INFO - Setting next_dagrun for example_bash_operator to 2025-01-23T00:00:00+00:00, run_after=2025-01-24T00:00:00+00:00
[2025-01-24T11:56:46.456+0000] {processor.py:176} INFO - Processing /home/airflow/.local/lib/python3.7/site-packages/airflow/example_dags/example_bash_operator.py took 0.178 seconds
[2025-01-24T11:57:16.653+0000] {processor.py:154} INFO - Started process (PID=682) to work on /home/airflow/.local/lib/python3.7/site-packages/airflow/example_dags/example_bash_operator.py
[2025-01-24T11:57:16.654+0000] {processor.py:756} INFO - Processing file /home/airflow/.local/lib/python3.7/site-packages/airflow/example_dags/example_bash_operator.py for tasks to queue
[2025-01-24T11:57:16.655+0000] {logging_mixin.py:120} INFO - [2025-01-24T11:57:16.655+0000] {dagbag.py:537} INFO - Filling up the DagBag from /home/airflow/.local/lib/python3.7/site-packages/airflow/example_dags/example_bash_operator.py
[2025-01-24T11:57:16.684+0000] {processor.py:766} INFO - DAG(s) dict_keys(['example_bash_operator']) retrieved from /home/airflow/.local/lib/python3.7/site-packages/airflow/example_dags/example_bash_operator.py
[2025-01-24T11:57:16.754+0000] {logging_mixin.py:120} INFO - [2025-01-24T11:57:16.753+0000] {dag.py:2585} INFO - Sync 1 DAGs
[2025-01-24T11:57:16.794+0000] {logging_mixin.py:120} INFO - [2025-01-24T11:57:16.794+0000] {dag.py:3340} INFO - Setting next_dagrun for example_bash_operator to 2025-01-23T00:00:00+00:00, run_after=2025-01-24T00:00:00+00:00
[2025-01-24T11:57:16.822+0000] {processor.py:176} INFO - Processing /home/airflow/.local/lib/python3.7/site-packages/airflow/example_dags/example_bash_operator.py took 0.173 seconds
[2025-01-24T11:57:47.126+0000] {processor.py:154} INFO - Started process (PID=737) to work on /home/airflow/.local/lib/python3.7/site-packages/airflow/example_dags/example_bash_operator.py
[2025-01-24T11:57:47.129+0000] {processor.py:756} INFO - Processing file /home/airflow/.local/lib/python3.7/site-packages/airflow/example_dags/example_bash_operator.py for tasks to queue
[2025-01-24T11:57:47.130+0000] {logging_mixin.py:120} INFO - [2025-01-24T11:57:47.130+0000] {dagbag.py:537} INFO - Filling up the DagBag from /home/airflow/.local/lib/python3.7/site-packages/airflow/example_dags/example_bash_operator.py
[2025-01-24T11:57:47.160+0000] {processor.py:766} INFO - DAG(s) dict_keys(['example_bash_operator']) retrieved from /home/airflow/.local/lib/python3.7/site-packages/airflow/example_dags/example_bash_operator.py
[2025-01-24T11:57:47.235+0000] {logging_mixin.py:120} INFO - [2025-01-24T11:57:47.234+0000] {dag.py:2585} INFO - Sync 1 DAGs
[2025-01-24T11:57:47.286+0000] {logging_mixin.py:120} INFO - [2025-01-24T11:57:47.286+0000] {dag.py:3340} INFO - Setting next_dagrun for example_bash_operator to 2025-01-23T00:00:00+00:00, run_after=2025-01-24T00:00:00+00:00
[2025-01-24T11:57:47.324+0000] {processor.py:176} INFO - Processing /home/airflow/.local/lib/python3.7/site-packages/airflow/example_dags/example_bash_operator.py took 0.203 seconds
[2025-01-24T11:58:17.547+0000] {processor.py:154} INFO - Started process (PID=802) to work on /home/airflow/.local/lib/python3.7/site-packages/airflow/example_dags/example_bash_operator.py
[2025-01-24T11:58:17.548+0000] {processor.py:756} INFO - Processing file /home/airflow/.local/lib/python3.7/site-packages/airflow/example_dags/example_bash_operator.py for tasks to queue
[2025-01-24T11:58:17.549+0000] {logging_mixin.py:120} INFO - [2025-01-24T11:58:17.548+0000] {dagbag.py:537} INFO - Filling up the DagBag from /home/airflow/.local/lib/python3.7/site-packages/airflow/example_dags/example_bash_operator.py
[2025-01-24T11:58:17.577+0000] {processor.py:766} INFO - DAG(s) dict_keys(['example_bash_operator']) retrieved from /home/airflow/.local/lib/python3.7/site-packages/airflow/example_dags/example_bash_operator.py
[2025-01-24T11:58:17.640+0000] {logging_mixin.py:120} INFO - [2025-01-24T11:58:17.639+0000] {dag.py:2585} INFO - Sync 1 DAGs
[2025-01-24T11:58:17.680+0000] {logging_mixin.py:120} INFO - [2025-01-24T11:58:17.680+0000] {dag.py:3340} INFO - Setting next_dagrun for example_bash_operator to 2025-01-23T00:00:00+00:00, run_after=2025-01-24T00:00:00+00:00
[2025-01-24T11:58:17.715+0000] {processor.py:176} INFO - Processing /home/airflow/.local/lib/python3.7/site-packages/airflow/example_dags/example_bash_operator.py took 0.173 seconds
[2025-01-24T11:58:48.325+0000] {processor.py:154} INFO - Started process (PID=866) to work on /home/airflow/.local/lib/python3.7/site-packages/airflow/example_dags/example_bash_operator.py
[2025-01-24T11:58:48.327+0000] {processor.py:756} INFO - Processing file /home/airflow/.local/lib/python3.7/site-packages/airflow/example_dags/example_bash_operator.py for tasks to queue
[2025-01-24T11:58:48.328+0000] {logging_mixin.py:120} INFO - [2025-01-24T11:58:48.328+0000] {dagbag.py:537} INFO - Filling up the DagBag from /home/airflow/.local/lib/python3.7/site-packages/airflow/example_dags/example_bash_operator.py
[2025-01-24T11:58:48.356+0000] {processor.py:766} INFO - DAG(s) dict_keys(['example_bash_operator']) retrieved from /home/airflow/.local/lib/python3.7/site-packages/airflow/example_dags/example_bash_operator.py
[2025-01-24T11:58:48.424+0000] {logging_mixin.py:120} INFO - [2025-01-24T11:58:48.424+0000] {dag.py:2585} INFO - Sync 1 DAGs
[2025-01-24T11:58:48.467+0000] {logging_mixin.py:120} INFO - [2025-01-24T11:58:48.467+0000] {dag.py:3340} INFO - Setting next_dagrun for example_bash_operator to 2025-01-23T00:00:00+00:00, run_after=2025-01-24T00:00:00+00:00
[2025-01-24T11:58:48.496+0000] {processor.py:176} INFO - Processing /home/airflow/.local/lib/python3.7/site-packages/airflow/example_dags/example_bash_operator.py took 0.177 seconds
[2025-01-24T11:59:18.609+0000] {processor.py:154} INFO - Started process (PID=921) to work on /home/airflow/.local/lib/python3.7/site-packages/airflow/example_dags/example_bash_operator.py
[2025-01-24T11:59:18.612+0000] {processor.py:756} INFO - Processing file /home/airflow/.local/lib/python3.7/site-packages/airflow/example_dags/example_bash_operator.py for tasks to queue
[2025-01-24T11:59:18.613+0000] {logging_mixin.py:120} INFO - [2025-01-24T11:59:18.612+0000] {dagbag.py:537} INFO - Filling up the DagBag from /home/airflow/.local/lib/python3.7/site-packages/airflow/example_dags/example_bash_operator.py
[2025-01-24T11:59:18.642+0000] {processor.py:766} INFO - DAG(s) dict_keys(['example_bash_operator']) retrieved from /home/airflow/.local/lib/python3.7/site-packages/airflow/example_dags/example_bash_operator.py
[2025-01-24T11:59:18.716+0000] {logging_mixin.py:120} INFO - [2025-01-24T11:59:18.715+0000] {dag.py:2585} INFO - Sync 1 DAGs
[2025-01-24T11:59:18.767+0000] {logging_mixin.py:120} INFO - [2025-01-24T11:59:18.766+0000] {dag.py:3340} INFO - Setting next_dagrun for example_bash_operator to 2025-01-23T00:00:00+00:00, run_after=2025-01-24T00:00:00+00:00
[2025-01-24T11:59:18.807+0000] {processor.py:176} INFO - Processing /home/airflow/.local/lib/python3.7/site-packages/airflow/example_dags/example_bash_operator.py took 0.204 seconds
[2025-01-24T11:59:48.897+0000] {processor.py:154} INFO - Started process (PID=985) to work on /home/airflow/.local/lib/python3.7/site-packages/airflow/example_dags/example_bash_operator.py
[2025-01-24T11:59:48.901+0000] {processor.py:756} INFO - Processing file /home/airflow/.local/lib/python3.7/site-packages/airflow/example_dags/example_bash_operator.py for tasks to queue
[2025-01-24T11:59:48.902+0000] {logging_mixin.py:120} INFO - [2025-01-24T11:59:48.902+0000] {dagbag.py:537} INFO - Filling up the DagBag from /home/airflow/.local/lib/python3.7/site-packages/airflow/example_dags/example_bash_operator.py
[2025-01-24T11:59:48.934+0000] {processor.py:766} INFO - DAG(s) dict_keys(['example_bash_operator']) retrieved from /home/airflow/.local/lib/python3.7/site-packages/airflow/example_dags/example_bash_operator.py
[2025-01-24T11:59:49.004+0000] {logging_mixin.py:120} INFO - [2025-01-24T11:59:49.004+0000] {dag.py:2585} INFO - Sync 1 DAGs
[2025-01-24T11:59:49.040+0000] {logging_mixin.py:120} INFO - [2025-01-24T11:59:49.040+0000] {dag.py:3340} INFO - Setting next_dagrun for example_bash_operator to 2025-01-23T00:00:00+00:00, run_after=2025-01-24T00:00:00+00:00
[2025-01-24T11:59:49.071+0000] {processor.py:176} INFO - Processing /home/airflow/.local/lib/python3.7/site-packages/airflow/example_dags/example_bash_operator.py took 0.178 seconds
[2025-01-24T12:00:19.462+0000] {processor.py:154} INFO - Started process (PID=1049) to work on /home/airflow/.local/lib/python3.7/site-packages/airflow/example_dags/example_bash_operator.py
[2025-01-24T12:00:19.464+0000] {processor.py:756} INFO - Processing file /home/airflow/.local/lib/python3.7/site-packages/airflow/example_dags/example_bash_operator.py for tasks to queue
[2025-01-24T12:00:19.465+0000] {logging_mixin.py:120} INFO - [2025-01-24T12:00:19.465+0000] {dagbag.py:537} INFO - Filling up the DagBag from /home/airflow/.local/lib/python3.7/site-packages/airflow/example_dags/example_bash_operator.py
[2025-01-24T12:00:19.501+0000] {processor.py:766} INFO - DAG(s) dict_keys(['example_bash_operator']) retrieved from /home/airflow/.local/lib/python3.7/site-packages/airflow/example_dags/example_bash_operator.py
[2025-01-24T12:00:19.573+0000] {logging_mixin.py:120} INFO - [2025-01-24T12:00:19.572+0000] {dag.py:2585} INFO - Sync 1 DAGs
[2025-01-24T12:00:19.613+0000] {logging_mixin.py:120} INFO - [2025-01-24T12:00:19.613+0000] {dag.py:3340} INFO - Setting next_dagrun for example_bash_operator to 2025-01-23T00:00:00+00:00, run_after=2025-01-24T00:00:00+00:00
[2025-01-24T12:00:19.642+0000] {processor.py:176} INFO - Processing /home/airflow/.local/lib/python3.7/site-packages/airflow/example_dags/example_bash_operator.py took 0.186 seconds
[2025-01-24T12:00:50.478+0000] {processor.py:154} INFO - Started process (PID=1104) to work on /home/airflow/.local/lib/python3.7/site-packages/airflow/example_dags/example_bash_operator.py
[2025-01-24T12:00:50.481+0000] {processor.py:756} INFO - Processing file /home/airflow/.local/lib/python3.7/site-packages/airflow/example_dags/example_bash_operator.py for tasks to queue
[2025-01-24T12:00:50.482+0000] {logging_mixin.py:120} INFO - [2025-01-24T12:00:50.482+0000] {dagbag.py:537} INFO - Filling up the DagBag from /home/airflow/.local/lib/python3.7/site-packages/airflow/example_dags/example_bash_operator.py
[2025-01-24T12:00:50.514+0000] {processor.py:766} INFO - DAG(s) dict_keys(['example_bash_operator']) retrieved from /home/airflow/.local/lib/python3.7/site-packages/airflow/example_dags/example_bash_operator.py
[2025-01-24T12:00:50.587+0000] {logging_mixin.py:120} INFO - [2025-01-24T12:00:50.587+0000] {dag.py:2585} INFO - Sync 1 DAGs
[2025-01-24T12:00:50.626+0000] {logging_mixin.py:120} INFO - [2025-01-24T12:00:50.625+0000] {dag.py:3340} INFO - Setting next_dagrun for example_bash_operator to 2025-01-23T00:00:00+00:00, run_after=2025-01-24T00:00:00+00:00
[2025-01-24T12:00:50.659+0000] {processor.py:176} INFO - Processing /home/airflow/.local/lib/python3.7/site-packages/airflow/example_dags/example_bash_operator.py took 0.187 seconds
[2025-01-24T12:01:20.786+0000] {processor.py:154} INFO - Started process (PID=1169) to work on /home/airflow/.local/lib/python3.7/site-packages/airflow/example_dags/example_bash_operator.py
[2025-01-24T12:01:20.787+0000] {processor.py:756} INFO - Processing file /home/airflow/.local/lib/python3.7/site-packages/airflow/example_dags/example_bash_operator.py for tasks to queue
[2025-01-24T12:01:20.788+0000] {logging_mixin.py:120} INFO - [2025-01-24T12:01:20.788+0000] {dagbag.py:537} INFO - Filling up the DagBag from /home/airflow/.local/lib/python3.7/site-packages/airflow/example_dags/example_bash_operator.py
[2025-01-24T12:01:20.816+0000] {processor.py:766} INFO - DAG(s) dict_keys(['example_bash_operator']) retrieved from /home/airflow/.local/lib/python3.7/site-packages/airflow/example_dags/example_bash_operator.py
[2025-01-24T12:01:20.886+0000] {logging_mixin.py:120} INFO - [2025-01-24T12:01:20.886+0000] {dag.py:2585} INFO - Sync 1 DAGs
[2025-01-24T12:01:20.928+0000] {logging_mixin.py:120} INFO - [2025-01-24T12:01:20.928+0000] {dag.py:3340} INFO - Setting next_dagrun for example_bash_operator to 2025-01-23T00:00:00+00:00, run_after=2025-01-24T00:00:00+00:00
[2025-01-24T12:01:20.959+0000] {processor.py:176} INFO - Processing /home/airflow/.local/lib/python3.7/site-packages/airflow/example_dags/example_bash_operator.py took 0.176 seconds
[2025-01-24T12:01:51.758+0000] {processor.py:154} INFO - Started process (PID=1232) to work on /home/airflow/.local/lib/python3.7/site-packages/airflow/example_dags/example_bash_operator.py
[2025-01-24T12:01:51.762+0000] {processor.py:756} INFO - Processing file /home/airflow/.local/lib/python3.7/site-packages/airflow/example_dags/example_bash_operator.py for tasks to queue
[2025-01-24T12:01:51.763+0000] {logging_mixin.py:120} INFO - [2025-01-24T12:01:51.763+0000] {dagbag.py:537} INFO - Filling up the DagBag from /home/airflow/.local/lib/python3.7/site-packages/airflow/example_dags/example_bash_operator.py
[2025-01-24T12:01:51.795+0000] {processor.py:766} INFO - DAG(s) dict_keys(['example_bash_operator']) retrieved from /home/airflow/.local/lib/python3.7/site-packages/airflow/example_dags/example_bash_operator.py
[2025-01-24T12:01:51.869+0000] {logging_mixin.py:120} INFO - [2025-01-24T12:01:51.869+0000] {dag.py:2585} INFO - Sync 1 DAGs
[2025-01-24T12:01:51.918+0000] {logging_mixin.py:120} INFO - [2025-01-24T12:01:51.918+0000] {dag.py:3340} INFO - Setting next_dagrun for example_bash_operator to 2025-01-23T00:00:00+00:00, run_after=2025-01-24T00:00:00+00:00
[2025-01-24T12:01:51.957+0000] {processor.py:176} INFO - Processing /home/airflow/.local/lib/python3.7/site-packages/airflow/example_dags/example_bash_operator.py took 0.204 seconds
[2025-01-24T12:02:22.547+0000] {processor.py:154} INFO - Started process (PID=1289) to work on /home/airflow/.local/lib/python3.7/site-packages/airflow/example_dags/example_bash_operator.py
[2025-01-24T12:02:22.550+0000] {processor.py:756} INFO - Processing file /home/airflow/.local/lib/python3.7/site-packages/airflow/example_dags/example_bash_operator.py for tasks to queue
[2025-01-24T12:02:22.551+0000] {logging_mixin.py:120} INFO - [2025-01-24T12:02:22.550+0000] {dagbag.py:537} INFO - Filling up the DagBag from /home/airflow/.local/lib/python3.7/site-packages/airflow/example_dags/example_bash_operator.py
[2025-01-24T12:02:22.578+0000] {processor.py:766} INFO - DAG(s) dict_keys(['example_bash_operator']) retrieved from /home/airflow/.local/lib/python3.7/site-packages/airflow/example_dags/example_bash_operator.py
[2025-01-24T12:02:22.645+0000] {logging_mixin.py:120} INFO - [2025-01-24T12:02:22.645+0000] {dag.py:2585} INFO - Sync 1 DAGs
[2025-01-24T12:02:22.688+0000] {logging_mixin.py:120} INFO - [2025-01-24T12:02:22.687+0000] {dag.py:3340} INFO - Setting next_dagrun for example_bash_operator to 2025-01-23T00:00:00+00:00, run_after=2025-01-24T00:00:00+00:00
[2025-01-24T12:02:22.723+0000] {processor.py:176} INFO - Processing /home/airflow/.local/lib/python3.7/site-packages/airflow/example_dags/example_bash_operator.py took 0.180 seconds
[2025-01-24T12:02:53.011+0000] {processor.py:154} INFO - Started process (PID=1353) to work on /home/airflow/.local/lib/python3.7/site-packages/airflow/example_dags/example_bash_operator.py
[2025-01-24T12:02:53.013+0000] {processor.py:756} INFO - Processing file /home/airflow/.local/lib/python3.7/site-packages/airflow/example_dags/example_bash_operator.py for tasks to queue
[2025-01-24T12:02:53.014+0000] {logging_mixin.py:120} INFO - [2025-01-24T12:02:53.014+0000] {dagbag.py:537} INFO - Filling up the DagBag from /home/airflow/.local/lib/python3.7/site-packages/airflow/example_dags/example_bash_operator.py
[2025-01-24T12:02:53.048+0000] {processor.py:766} INFO - DAG(s) dict_keys(['example_bash_operator']) retrieved from /home/airflow/.local/lib/python3.7/site-packages/airflow/example_dags/example_bash_operator.py
[2025-01-24T12:02:53.125+0000] {logging_mixin.py:120} INFO - [2025-01-24T12:02:53.125+0000] {dag.py:2585} INFO - Sync 1 DAGs
[2025-01-24T12:02:53.182+0000] {logging_mixin.py:120} INFO - [2025-01-24T12:02:53.182+0000] {dag.py:3340} INFO - Setting next_dagrun for example_bash_operator to 2025-01-23T00:00:00+00:00, run_after=2025-01-24T00:00:00+00:00
[2025-01-24T12:02:53.229+0000] {processor.py:176} INFO - Processing /home/airflow/.local/lib/python3.7/site-packages/airflow/example_dags/example_bash_operator.py took 0.223 seconds
[2025-01-24T12:03:23.301+0000] {processor.py:154} INFO - Started process (PID=1408) to work on /home/airflow/.local/lib/python3.7/site-packages/airflow/example_dags/example_bash_operator.py
[2025-01-24T12:03:23.302+0000] {processor.py:756} INFO - Processing file /home/airflow/.local/lib/python3.7/site-packages/airflow/example_dags/example_bash_operator.py for tasks to queue
[2025-01-24T12:03:23.303+0000] {logging_mixin.py:120} INFO - [2025-01-24T12:03:23.303+0000] {dagbag.py:537} INFO - Filling up the DagBag from /home/airflow/.local/lib/python3.7/site-packages/airflow/example_dags/example_bash_operator.py
[2025-01-24T12:03:23.333+0000] {processor.py:766} INFO - DAG(s) dict_keys(['example_bash_operator']) retrieved from /home/airflow/.local/lib/python3.7/site-packages/airflow/example_dags/example_bash_operator.py
[2025-01-24T12:03:23.405+0000] {logging_mixin.py:120} INFO - [2025-01-24T12:03:23.405+0000] {dag.py:2585} INFO - Sync 1 DAGs
[2025-01-24T12:03:23.448+0000] {logging_mixin.py:120} INFO - [2025-01-24T12:03:23.448+0000] {dag.py:3340} INFO - Setting next_dagrun for example_bash_operator to 2025-01-23T00:00:00+00:00, run_after=2025-01-24T00:00:00+00:00
[2025-01-24T12:03:23.477+0000] {processor.py:176} INFO - Processing /home/airflow/.local/lib/python3.7/site-packages/airflow/example_dags/example_bash_operator.py took 0.179 seconds
[2025-01-24T12:03:53.746+0000] {processor.py:154} INFO - Started process (PID=1472) to work on /home/airflow/.local/lib/python3.7/site-packages/airflow/example_dags/example_bash_operator.py
[2025-01-24T12:03:53.747+0000] {processor.py:756} INFO - Processing file /home/airflow/.local/lib/python3.7/site-packages/airflow/example_dags/example_bash_operator.py for tasks to queue
[2025-01-24T12:03:53.748+0000] {logging_mixin.py:120} INFO - [2025-01-24T12:03:53.747+0000] {dagbag.py:537} INFO - Filling up the DagBag from /home/airflow/.local/lib/python3.7/site-packages/airflow/example_dags/example_bash_operator.py
[2025-01-24T12:03:53.778+0000] {processor.py:766} INFO - DAG(s) dict_keys(['example_bash_operator']) retrieved from /home/airflow/.local/lib/python3.7/site-packages/airflow/example_dags/example_bash_operator.py
[2025-01-24T12:03:53.849+0000] {logging_mixin.py:120} INFO - [2025-01-24T12:03:53.849+0000] {dag.py:2585} INFO - Sync 1 DAGs
[2025-01-24T12:03:53.895+0000] {logging_mixin.py:120} INFO - [2025-01-24T12:03:53.894+0000] {dag.py:3340} INFO - Setting next_dagrun for example_bash_operator to 2025-01-23T00:00:00+00:00, run_after=2025-01-24T00:00:00+00:00
[2025-01-24T12:03:53.933+0000] {processor.py:176} INFO - Processing /home/airflow/.local/lib/python3.7/site-packages/airflow/example_dags/example_bash_operator.py took 0.191 seconds
[2025-01-24T12:04:24.683+0000] {processor.py:154} INFO - Started process (PID=1527) to work on /home/airflow/.local/lib/python3.7/site-packages/airflow/example_dags/example_bash_operator.py
[2025-01-24T12:04:24.684+0000] {processor.py:756} INFO - Processing file /home/airflow/.local/lib/python3.7/site-packages/airflow/example_dags/example_bash_operator.py for tasks to queue
[2025-01-24T12:04:24.685+0000] {logging_mixin.py:120} INFO - [2025-01-24T12:04:24.684+0000] {dagbag.py:537} INFO - Filling up the DagBag from /home/airflow/.local/lib/python3.7/site-packages/airflow/example_dags/example_bash_operator.py
[2025-01-24T12:04:24.715+0000] {processor.py:766} INFO - DAG(s) dict_keys(['example_bash_operator']) retrieved from /home/airflow/.local/lib/python3.7/site-packages/airflow/example_dags/example_bash_operator.py
[2025-01-24T12:04:24.783+0000] {logging_mixin.py:120} INFO - [2025-01-24T12:04:24.783+0000] {dag.py:2585} INFO - Sync 1 DAGs
[2025-01-24T12:04:24.826+0000] {logging_mixin.py:120} INFO - [2025-01-24T12:04:24.826+0000] {dag.py:3340} INFO - Setting next_dagrun for example_bash_operator to 2025-01-23T00:00:00+00:00, run_after=2025-01-24T00:00:00+00:00
[2025-01-24T12:04:24.862+0000] {processor.py:176} INFO - Processing /home/airflow/.local/lib/python3.7/site-packages/airflow/example_dags/example_bash_operator.py took 0.184 seconds
[2025-01-24T12:04:55.068+0000] {processor.py:154} INFO - Started process (PID=1591) to work on /home/airflow/.local/lib/python3.7/site-packages/airflow/example_dags/example_bash_operator.py
[2025-01-24T12:04:55.069+0000] {processor.py:756} INFO - Processing file /home/airflow/.local/lib/python3.7/site-packages/airflow/example_dags/example_bash_operator.py for tasks to queue
[2025-01-24T12:04:55.070+0000] {logging_mixin.py:120} INFO - [2025-01-24T12:04:55.069+0000] {dagbag.py:537} INFO - Filling up the DagBag from /home/airflow/.local/lib/python3.7/site-packages/airflow/example_dags/example_bash_operator.py
[2025-01-24T12:04:55.100+0000] {processor.py:766} INFO - DAG(s) dict_keys(['example_bash_operator']) retrieved from /home/airflow/.local/lib/python3.7/site-packages/airflow/example_dags/example_bash_operator.py
[2025-01-24T12:04:55.169+0000] {logging_mixin.py:120} INFO - [2025-01-24T12:04:55.169+0000] {dag.py:2585} INFO - Sync 1 DAGs
[2025-01-24T12:04:55.208+0000] {logging_mixin.py:120} INFO - [2025-01-24T12:04:55.207+0000] {dag.py:3340} INFO - Setting next_dagrun for example_bash_operator to 2025-01-23T00:00:00+00:00, run_after=2025-01-24T00:00:00+00:00
[2025-01-24T12:04:55.238+0000] {processor.py:176} INFO - Processing /home/airflow/.local/lib/python3.7/site-packages/airflow/example_dags/example_bash_operator.py took 0.175 seconds
[2025-01-24T12:05:26.080+0000] {processor.py:154} INFO - Started process (PID=1646) to work on /home/airflow/.local/lib/python3.7/site-packages/airflow/example_dags/example_bash_operator.py
[2025-01-24T12:05:26.081+0000] {processor.py:756} INFO - Processing file /home/airflow/.local/lib/python3.7/site-packages/airflow/example_dags/example_bash_operator.py for tasks to queue
[2025-01-24T12:05:26.082+0000] {logging_mixin.py:120} INFO - [2025-01-24T12:05:26.082+0000] {dagbag.py:537} INFO - Filling up the DagBag from /home/airflow/.local/lib/python3.7/site-packages/airflow/example_dags/example_bash_operator.py
[2025-01-24T12:05:26.113+0000] {processor.py:766} INFO - DAG(s) dict_keys(['example_bash_operator']) retrieved from /home/airflow/.local/lib/python3.7/site-packages/airflow/example_dags/example_bash_operator.py
[2025-01-24T12:05:26.178+0000] {logging_mixin.py:120} INFO - [2025-01-24T12:05:26.178+0000] {dag.py:2585} INFO - Sync 1 DAGs
[2025-01-24T12:05:26.228+0000] {logging_mixin.py:120} INFO - [2025-01-24T12:05:26.227+0000] {dag.py:3340} INFO - Setting next_dagrun for example_bash_operator to 2025-01-23T00:00:00+00:00, run_after=2025-01-24T00:00:00+00:00
[2025-01-24T12:05:26.283+0000] {processor.py:176} INFO - Processing /home/airflow/.local/lib/python3.7/site-packages/airflow/example_dags/example_bash_operator.py took 0.207 seconds
[2025-01-24T12:05:56.544+0000] {processor.py:154} INFO - Started process (PID=1710) to work on /home/airflow/.local/lib/python3.7/site-packages/airflow/example_dags/example_bash_operator.py
[2025-01-24T12:05:56.545+0000] {processor.py:756} INFO - Processing file /home/airflow/.local/lib/python3.7/site-packages/airflow/example_dags/example_bash_operator.py for tasks to queue
[2025-01-24T12:05:56.546+0000] {logging_mixin.py:120} INFO - [2025-01-24T12:05:56.546+0000] {dagbag.py:537} INFO - Filling up the DagBag from /home/airflow/.local/lib/python3.7/site-packages/airflow/example_dags/example_bash_operator.py
[2025-01-24T12:05:56.576+0000] {processor.py:766} INFO - DAG(s) dict_keys(['example_bash_operator']) retrieved from /home/airflow/.local/lib/python3.7/site-packages/airflow/example_dags/example_bash_operator.py
[2025-01-24T12:05:56.644+0000] {logging_mixin.py:120} INFO - [2025-01-24T12:05:56.644+0000] {dag.py:2585} INFO - Sync 1 DAGs
[2025-01-24T12:05:56.684+0000] {logging_mixin.py:120} INFO - [2025-01-24T12:05:56.683+0000] {dag.py:3340} INFO - Setting next_dagrun for example_bash_operator to 2025-01-23T00:00:00+00:00, run_after=2025-01-24T00:00:00+00:00
[2025-01-24T12:05:56.717+0000] {processor.py:176} INFO - Processing /home/airflow/.local/lib/python3.7/site-packages/airflow/example_dags/example_bash_operator.py took 0.177 seconds
