[2025-01-24T17:06:13.428+0000] {processor.py:154} INFO - Started process (PID=56) to work on /home/airflow/.local/lib/python3.7/site-packages/airflow/example_dags/example_nested_branch_dag.py
[2025-01-24T17:06:13.429+0000] {processor.py:756} INFO - Processing file /home/airflow/.local/lib/python3.7/site-packages/airflow/example_dags/example_nested_branch_dag.py for tasks to queue
[2025-01-24T17:06:13.431+0000] {logging_mixin.py:120} INFO - [2025-01-24T17:06:13.430+0000] {dagbag.py:537} INFO - Filling up the DagBag from /home/airflow/.local/lib/python3.7/site-packages/airflow/example_dags/example_nested_branch_dag.py
[2025-01-24T17:06:13.496+0000] {processor.py:766} INFO - DAG(s) dict_keys(['example_nested_branch_dag']) retrieved from /home/airflow/.local/lib/python3.7/site-packages/airflow/example_dags/example_nested_branch_dag.py
[2025-01-24T17:06:13.587+0000] {logging_mixin.py:120} INFO - [2025-01-24T17:06:13.587+0000] {dag.py:2585} INFO - Sync 1 DAGs
[2025-01-24T17:06:13.644+0000] {logging_mixin.py:120} INFO - [2025-01-24T17:06:13.644+0000] {dag.py:3340} INFO - Setting next_dagrun for example_nested_branch_dag to 2025-01-23T00:00:00+00:00, run_after=2025-01-24T00:00:00+00:00
[2025-01-24T17:06:13.687+0000] {processor.py:176} INFO - Processing /home/airflow/.local/lib/python3.7/site-packages/airflow/example_dags/example_nested_branch_dag.py took 0.267 seconds
[2025-01-24T11:52:06.325+0000] {processor.py:154} INFO - Started process (PID=56) to work on /home/airflow/.local/lib/python3.7/site-packages/airflow/example_dags/example_nested_branch_dag.py
[2025-01-24T11:52:06.326+0000] {processor.py:756} INFO - Processing file /home/airflow/.local/lib/python3.7/site-packages/airflow/example_dags/example_nested_branch_dag.py for tasks to queue
[2025-01-24T11:52:06.327+0000] {logging_mixin.py:120} INFO - [2025-01-24T11:52:06.327+0000] {dagbag.py:537} INFO - Filling up the DagBag from /home/airflow/.local/lib/python3.7/site-packages/airflow/example_dags/example_nested_branch_dag.py
[2025-01-24T11:52:06.391+0000] {processor.py:766} INFO - DAG(s) dict_keys(['example_nested_branch_dag']) retrieved from /home/airflow/.local/lib/python3.7/site-packages/airflow/example_dags/example_nested_branch_dag.py
[2025-01-24T11:52:06.465+0000] {logging_mixin.py:120} INFO - [2025-01-24T11:52:06.465+0000] {dag.py:2585} INFO - Sync 1 DAGs
[2025-01-24T11:52:06.521+0000] {logging_mixin.py:120} INFO - [2025-01-24T11:52:06.521+0000] {dag.py:3340} INFO - Setting next_dagrun for example_nested_branch_dag to 2025-01-23T00:00:00+00:00, run_after=2025-01-24T00:00:00+00:00
[2025-01-24T11:52:06.560+0000] {processor.py:176} INFO - Processing /home/airflow/.local/lib/python3.7/site-packages/airflow/example_dags/example_nested_branch_dag.py took 0.239 seconds
[2025-01-24T11:52:36.785+0000] {processor.py:154} INFO - Started process (PID=111) to work on /home/airflow/.local/lib/python3.7/site-packages/airflow/example_dags/example_nested_branch_dag.py
[2025-01-24T11:52:36.786+0000] {processor.py:756} INFO - Processing file /home/airflow/.local/lib/python3.7/site-packages/airflow/example_dags/example_nested_branch_dag.py for tasks to queue
[2025-01-24T11:52:36.788+0000] {logging_mixin.py:120} INFO - [2025-01-24T11:52:36.787+0000] {dagbag.py:537} INFO - Filling up the DagBag from /home/airflow/.local/lib/python3.7/site-packages/airflow/example_dags/example_nested_branch_dag.py
[2025-01-24T11:52:36.846+0000] {processor.py:766} INFO - DAG(s) dict_keys(['example_nested_branch_dag']) retrieved from /home/airflow/.local/lib/python3.7/site-packages/airflow/example_dags/example_nested_branch_dag.py
[2025-01-24T11:52:36.927+0000] {logging_mixin.py:120} INFO - [2025-01-24T11:52:36.927+0000] {dag.py:2585} INFO - Sync 1 DAGs
[2025-01-24T11:52:36.979+0000] {logging_mixin.py:120} INFO - [2025-01-24T11:52:36.979+0000] {dag.py:3340} INFO - Setting next_dagrun for example_nested_branch_dag to 2025-01-23T00:00:00+00:00, run_after=2025-01-24T00:00:00+00:00
[2025-01-24T11:52:37.019+0000] {processor.py:176} INFO - Processing /home/airflow/.local/lib/python3.7/site-packages/airflow/example_dags/example_nested_branch_dag.py took 0.240 seconds
[2025-01-24T11:53:07.247+0000] {processor.py:154} INFO - Started process (PID=176) to work on /home/airflow/.local/lib/python3.7/site-packages/airflow/example_dags/example_nested_branch_dag.py
[2025-01-24T11:53:07.248+0000] {processor.py:756} INFO - Processing file /home/airflow/.local/lib/python3.7/site-packages/airflow/example_dags/example_nested_branch_dag.py for tasks to queue
[2025-01-24T11:53:07.250+0000] {logging_mixin.py:120} INFO - [2025-01-24T11:53:07.249+0000] {dagbag.py:537} INFO - Filling up the DagBag from /home/airflow/.local/lib/python3.7/site-packages/airflow/example_dags/example_nested_branch_dag.py
[2025-01-24T11:53:07.301+0000] {processor.py:766} INFO - DAG(s) dict_keys(['example_nested_branch_dag']) retrieved from /home/airflow/.local/lib/python3.7/site-packages/airflow/example_dags/example_nested_branch_dag.py
[2025-01-24T11:53:07.379+0000] {logging_mixin.py:120} INFO - [2025-01-24T11:53:07.379+0000] {dag.py:2585} INFO - Sync 1 DAGs
[2025-01-24T11:53:07.424+0000] {logging_mixin.py:120} INFO - [2025-01-24T11:53:07.424+0000] {dag.py:3340} INFO - Setting next_dagrun for example_nested_branch_dag to 2025-01-23T00:00:00+00:00, run_after=2025-01-24T00:00:00+00:00
[2025-01-24T11:53:07.456+0000] {processor.py:176} INFO - Processing /home/airflow/.local/lib/python3.7/site-packages/airflow/example_dags/example_nested_branch_dag.py took 0.214 seconds
[2025-01-24T11:53:37.676+0000] {processor.py:154} INFO - Started process (PID=231) to work on /home/airflow/.local/lib/python3.7/site-packages/airflow/example_dags/example_nested_branch_dag.py
[2025-01-24T11:53:37.677+0000] {processor.py:756} INFO - Processing file /home/airflow/.local/lib/python3.7/site-packages/airflow/example_dags/example_nested_branch_dag.py for tasks to queue
[2025-01-24T11:53:37.679+0000] {logging_mixin.py:120} INFO - [2025-01-24T11:53:37.678+0000] {dagbag.py:537} INFO - Filling up the DagBag from /home/airflow/.local/lib/python3.7/site-packages/airflow/example_dags/example_nested_branch_dag.py
[2025-01-24T11:53:37.716+0000] {processor.py:766} INFO - DAG(s) dict_keys(['example_nested_branch_dag']) retrieved from /home/airflow/.local/lib/python3.7/site-packages/airflow/example_dags/example_nested_branch_dag.py
[2025-01-24T11:53:37.776+0000] {logging_mixin.py:120} INFO - [2025-01-24T11:53:37.776+0000] {dag.py:2585} INFO - Sync 1 DAGs
[2025-01-24T11:53:37.816+0000] {logging_mixin.py:120} INFO - [2025-01-24T11:53:37.816+0000] {dag.py:3340} INFO - Setting next_dagrun for example_nested_branch_dag to 2025-01-23T00:00:00+00:00, run_after=2025-01-24T00:00:00+00:00
[2025-01-24T11:53:37.855+0000] {processor.py:176} INFO - Processing /home/airflow/.local/lib/python3.7/site-packages/airflow/example_dags/example_nested_branch_dag.py took 0.184 seconds
[2025-01-24T11:54:08.513+0000] {processor.py:154} INFO - Started process (PID=295) to work on /home/airflow/.local/lib/python3.7/site-packages/airflow/example_dags/example_nested_branch_dag.py
[2025-01-24T11:54:08.514+0000] {processor.py:756} INFO - Processing file /home/airflow/.local/lib/python3.7/site-packages/airflow/example_dags/example_nested_branch_dag.py for tasks to queue
[2025-01-24T11:54:08.515+0000] {logging_mixin.py:120} INFO - [2025-01-24T11:54:08.515+0000] {dagbag.py:537} INFO - Filling up the DagBag from /home/airflow/.local/lib/python3.7/site-packages/airflow/example_dags/example_nested_branch_dag.py
[2025-01-24T11:54:08.552+0000] {processor.py:766} INFO - DAG(s) dict_keys(['example_nested_branch_dag']) retrieved from /home/airflow/.local/lib/python3.7/site-packages/airflow/example_dags/example_nested_branch_dag.py
[2025-01-24T11:54:08.624+0000] {logging_mixin.py:120} INFO - [2025-01-24T11:54:08.624+0000] {dag.py:2585} INFO - Sync 1 DAGs
[2025-01-24T11:54:08.675+0000] {logging_mixin.py:120} INFO - [2025-01-24T11:54:08.675+0000] {dag.py:3340} INFO - Setting next_dagrun for example_nested_branch_dag to 2025-01-23T00:00:00+00:00, run_after=2025-01-24T00:00:00+00:00
[2025-01-24T11:54:08.716+0000] {processor.py:176} INFO - Processing /home/airflow/.local/lib/python3.7/site-packages/airflow/example_dags/example_nested_branch_dag.py took 0.209 seconds
[2025-01-24T11:54:39.112+0000] {processor.py:154} INFO - Started process (PID=359) to work on /home/airflow/.local/lib/python3.7/site-packages/airflow/example_dags/example_nested_branch_dag.py
[2025-01-24T11:54:39.113+0000] {processor.py:756} INFO - Processing file /home/airflow/.local/lib/python3.7/site-packages/airflow/example_dags/example_nested_branch_dag.py for tasks to queue
[2025-01-24T11:54:39.114+0000] {logging_mixin.py:120} INFO - [2025-01-24T11:54:39.114+0000] {dagbag.py:537} INFO - Filling up the DagBag from /home/airflow/.local/lib/python3.7/site-packages/airflow/example_dags/example_nested_branch_dag.py
[2025-01-24T11:54:39.152+0000] {processor.py:766} INFO - DAG(s) dict_keys(['example_nested_branch_dag']) retrieved from /home/airflow/.local/lib/python3.7/site-packages/airflow/example_dags/example_nested_branch_dag.py
[2025-01-24T11:54:39.226+0000] {logging_mixin.py:120} INFO - [2025-01-24T11:54:39.226+0000] {dag.py:2585} INFO - Sync 1 DAGs
[2025-01-24T11:54:39.285+0000] {logging_mixin.py:120} INFO - [2025-01-24T11:54:39.285+0000] {dag.py:3340} INFO - Setting next_dagrun for example_nested_branch_dag to 2025-01-23T00:00:00+00:00, run_after=2025-01-24T00:00:00+00:00
[2025-01-24T11:54:39.330+0000] {processor.py:176} INFO - Processing /home/airflow/.local/lib/python3.7/site-packages/airflow/example_dags/example_nested_branch_dag.py took 0.223 seconds
[2025-01-24T11:55:10.040+0000] {processor.py:154} INFO - Started process (PID=414) to work on /home/airflow/.local/lib/python3.7/site-packages/airflow/example_dags/example_nested_branch_dag.py
[2025-01-24T11:55:10.042+0000] {processor.py:756} INFO - Processing file /home/airflow/.local/lib/python3.7/site-packages/airflow/example_dags/example_nested_branch_dag.py for tasks to queue
[2025-01-24T11:55:10.043+0000] {logging_mixin.py:120} INFO - [2025-01-24T11:55:10.043+0000] {dagbag.py:537} INFO - Filling up the DagBag from /home/airflow/.local/lib/python3.7/site-packages/airflow/example_dags/example_nested_branch_dag.py
[2025-01-24T11:55:10.085+0000] {processor.py:766} INFO - DAG(s) dict_keys(['example_nested_branch_dag']) retrieved from /home/airflow/.local/lib/python3.7/site-packages/airflow/example_dags/example_nested_branch_dag.py
[2025-01-24T11:55:10.156+0000] {logging_mixin.py:120} INFO - [2025-01-24T11:55:10.156+0000] {dag.py:2585} INFO - Sync 1 DAGs
[2025-01-24T11:55:10.207+0000] {logging_mixin.py:120} INFO - [2025-01-24T11:55:10.207+0000] {dag.py:3340} INFO - Setting next_dagrun for example_nested_branch_dag to 2025-01-23T00:00:00+00:00, run_after=2025-01-24T00:00:00+00:00
[2025-01-24T11:55:10.242+0000] {processor.py:176} INFO - Processing /home/airflow/.local/lib/python3.7/site-packages/airflow/example_dags/example_nested_branch_dag.py took 0.207 seconds
[2025-01-24T11:55:40.739+0000] {processor.py:154} INFO - Started process (PID=478) to work on /home/airflow/.local/lib/python3.7/site-packages/airflow/example_dags/example_nested_branch_dag.py
[2025-01-24T11:55:40.740+0000] {processor.py:756} INFO - Processing file /home/airflow/.local/lib/python3.7/site-packages/airflow/example_dags/example_nested_branch_dag.py for tasks to queue
[2025-01-24T11:55:40.741+0000] {logging_mixin.py:120} INFO - [2025-01-24T11:55:40.741+0000] {dagbag.py:537} INFO - Filling up the DagBag from /home/airflow/.local/lib/python3.7/site-packages/airflow/example_dags/example_nested_branch_dag.py
[2025-01-24T11:55:40.777+0000] {processor.py:766} INFO - DAG(s) dict_keys(['example_nested_branch_dag']) retrieved from /home/airflow/.local/lib/python3.7/site-packages/airflow/example_dags/example_nested_branch_dag.py
[2025-01-24T11:55:40.845+0000] {logging_mixin.py:120} INFO - [2025-01-24T11:55:40.844+0000] {dag.py:2585} INFO - Sync 1 DAGs
[2025-01-24T11:55:40.886+0000] {logging_mixin.py:120} INFO - [2025-01-24T11:55:40.886+0000] {dag.py:3340} INFO - Setting next_dagrun for example_nested_branch_dag to 2025-01-23T00:00:00+00:00, run_after=2025-01-24T00:00:00+00:00
[2025-01-24T11:55:40.920+0000] {processor.py:176} INFO - Processing /home/airflow/.local/lib/python3.7/site-packages/airflow/example_dags/example_nested_branch_dag.py took 0.185 seconds
[2025-01-24T11:56:11.200+0000] {processor.py:154} INFO - Started process (PID=534) to work on /home/airflow/.local/lib/python3.7/site-packages/airflow/example_dags/example_nested_branch_dag.py
[2025-01-24T11:56:11.201+0000] {processor.py:756} INFO - Processing file /home/airflow/.local/lib/python3.7/site-packages/airflow/example_dags/example_nested_branch_dag.py for tasks to queue
[2025-01-24T11:56:11.202+0000] {logging_mixin.py:120} INFO - [2025-01-24T11:56:11.202+0000] {dagbag.py:537} INFO - Filling up the DagBag from /home/airflow/.local/lib/python3.7/site-packages/airflow/example_dags/example_nested_branch_dag.py
[2025-01-24T11:56:11.233+0000] {processor.py:766} INFO - DAG(s) dict_keys(['example_nested_branch_dag']) retrieved from /home/airflow/.local/lib/python3.7/site-packages/airflow/example_dags/example_nested_branch_dag.py
[2025-01-24T11:56:11.290+0000] {logging_mixin.py:120} INFO - [2025-01-24T11:56:11.290+0000] {dag.py:2585} INFO - Sync 1 DAGs
[2025-01-24T11:56:11.328+0000] {logging_mixin.py:120} INFO - [2025-01-24T11:56:11.328+0000] {dag.py:3340} INFO - Setting next_dagrun for example_nested_branch_dag to 2025-01-23T00:00:00+00:00, run_after=2025-01-24T00:00:00+00:00
[2025-01-24T11:56:11.361+0000] {processor.py:176} INFO - Processing /home/airflow/.local/lib/python3.7/site-packages/airflow/example_dags/example_nested_branch_dag.py took 0.165 seconds
[2025-01-24T11:56:41.727+0000] {processor.py:154} INFO - Started process (PID=598) to work on /home/airflow/.local/lib/python3.7/site-packages/airflow/example_dags/example_nested_branch_dag.py
[2025-01-24T11:56:41.728+0000] {processor.py:756} INFO - Processing file /home/airflow/.local/lib/python3.7/site-packages/airflow/example_dags/example_nested_branch_dag.py for tasks to queue
[2025-01-24T11:56:41.729+0000] {logging_mixin.py:120} INFO - [2025-01-24T11:56:41.729+0000] {dagbag.py:537} INFO - Filling up the DagBag from /home/airflow/.local/lib/python3.7/site-packages/airflow/example_dags/example_nested_branch_dag.py
[2025-01-24T11:56:41.761+0000] {processor.py:766} INFO - DAG(s) dict_keys(['example_nested_branch_dag']) retrieved from /home/airflow/.local/lib/python3.7/site-packages/airflow/example_dags/example_nested_branch_dag.py
[2025-01-24T11:56:41.817+0000] {logging_mixin.py:120} INFO - [2025-01-24T11:56:41.817+0000] {dag.py:2585} INFO - Sync 1 DAGs
[2025-01-24T11:56:41.859+0000] {logging_mixin.py:120} INFO - [2025-01-24T11:56:41.858+0000] {dag.py:3340} INFO - Setting next_dagrun for example_nested_branch_dag to 2025-01-23T00:00:00+00:00, run_after=2025-01-24T00:00:00+00:00
[2025-01-24T11:56:41.894+0000] {processor.py:176} INFO - Processing /home/airflow/.local/lib/python3.7/site-packages/airflow/example_dags/example_nested_branch_dag.py took 0.171 seconds
[2025-01-24T11:57:12.430+0000] {processor.py:154} INFO - Started process (PID=660) to work on /home/airflow/.local/lib/python3.7/site-packages/airflow/example_dags/example_nested_branch_dag.py
[2025-01-24T11:57:12.431+0000] {processor.py:756} INFO - Processing file /home/airflow/.local/lib/python3.7/site-packages/airflow/example_dags/example_nested_branch_dag.py for tasks to queue
[2025-01-24T11:57:12.432+0000] {logging_mixin.py:120} INFO - [2025-01-24T11:57:12.432+0000] {dagbag.py:537} INFO - Filling up the DagBag from /home/airflow/.local/lib/python3.7/site-packages/airflow/example_dags/example_nested_branch_dag.py
[2025-01-24T11:57:12.468+0000] {processor.py:766} INFO - DAG(s) dict_keys(['example_nested_branch_dag']) retrieved from /home/airflow/.local/lib/python3.7/site-packages/airflow/example_dags/example_nested_branch_dag.py
[2025-01-24T11:57:12.534+0000] {logging_mixin.py:120} INFO - [2025-01-24T11:57:12.533+0000] {dag.py:2585} INFO - Sync 1 DAGs
[2025-01-24T11:57:12.589+0000] {logging_mixin.py:120} INFO - [2025-01-24T11:57:12.589+0000] {dag.py:3340} INFO - Setting next_dagrun for example_nested_branch_dag to 2025-01-23T00:00:00+00:00, run_after=2025-01-24T00:00:00+00:00
[2025-01-24T11:57:12.628+0000] {processor.py:176} INFO - Processing /home/airflow/.local/lib/python3.7/site-packages/airflow/example_dags/example_nested_branch_dag.py took 0.204 seconds
[2025-01-24T11:57:42.754+0000] {processor.py:154} INFO - Started process (PID=717) to work on /home/airflow/.local/lib/python3.7/site-packages/airflow/example_dags/example_nested_branch_dag.py
[2025-01-24T11:57:42.756+0000] {processor.py:756} INFO - Processing file /home/airflow/.local/lib/python3.7/site-packages/airflow/example_dags/example_nested_branch_dag.py for tasks to queue
[2025-01-24T11:57:42.757+0000] {logging_mixin.py:120} INFO - [2025-01-24T11:57:42.756+0000] {dagbag.py:537} INFO - Filling up the DagBag from /home/airflow/.local/lib/python3.7/site-packages/airflow/example_dags/example_nested_branch_dag.py
[2025-01-24T11:57:42.792+0000] {processor.py:766} INFO - DAG(s) dict_keys(['example_nested_branch_dag']) retrieved from /home/airflow/.local/lib/python3.7/site-packages/airflow/example_dags/example_nested_branch_dag.py
[2025-01-24T11:57:42.856+0000] {logging_mixin.py:120} INFO - [2025-01-24T11:57:42.855+0000] {dag.py:2585} INFO - Sync 1 DAGs
[2025-01-24T11:57:42.900+0000] {logging_mixin.py:120} INFO - [2025-01-24T11:57:42.899+0000] {dag.py:3340} INFO - Setting next_dagrun for example_nested_branch_dag to 2025-01-23T00:00:00+00:00, run_after=2025-01-24T00:00:00+00:00
[2025-01-24T11:57:42.946+0000] {processor.py:176} INFO - Processing /home/airflow/.local/lib/python3.7/site-packages/airflow/example_dags/example_nested_branch_dag.py took 0.197 seconds
[2025-01-24T11:58:13.127+0000] {processor.py:154} INFO - Started process (PID=781) to work on /home/airflow/.local/lib/python3.7/site-packages/airflow/example_dags/example_nested_branch_dag.py
[2025-01-24T11:58:13.128+0000] {processor.py:756} INFO - Processing file /home/airflow/.local/lib/python3.7/site-packages/airflow/example_dags/example_nested_branch_dag.py for tasks to queue
[2025-01-24T11:58:13.129+0000] {logging_mixin.py:120} INFO - [2025-01-24T11:58:13.129+0000] {dagbag.py:537} INFO - Filling up the DagBag from /home/airflow/.local/lib/python3.7/site-packages/airflow/example_dags/example_nested_branch_dag.py
[2025-01-24T11:58:13.164+0000] {processor.py:766} INFO - DAG(s) dict_keys(['example_nested_branch_dag']) retrieved from /home/airflow/.local/lib/python3.7/site-packages/airflow/example_dags/example_nested_branch_dag.py
[2025-01-24T11:58:13.232+0000] {logging_mixin.py:120} INFO - [2025-01-24T11:58:13.232+0000] {dag.py:2585} INFO - Sync 1 DAGs
[2025-01-24T11:58:13.283+0000] {logging_mixin.py:120} INFO - [2025-01-24T11:58:13.283+0000] {dag.py:3340} INFO - Setting next_dagrun for example_nested_branch_dag to 2025-01-23T00:00:00+00:00, run_after=2025-01-24T00:00:00+00:00
[2025-01-24T11:58:13.318+0000] {processor.py:176} INFO - Processing /home/airflow/.local/lib/python3.7/site-packages/airflow/example_dags/example_nested_branch_dag.py took 0.195 seconds
[2025-01-24T11:58:43.737+0000] {processor.py:154} INFO - Started process (PID=836) to work on /home/airflow/.local/lib/python3.7/site-packages/airflow/example_dags/example_nested_branch_dag.py
[2025-01-24T11:58:43.739+0000] {processor.py:756} INFO - Processing file /home/airflow/.local/lib/python3.7/site-packages/airflow/example_dags/example_nested_branch_dag.py for tasks to queue
[2025-01-24T11:58:43.739+0000] {logging_mixin.py:120} INFO - [2025-01-24T11:58:43.739+0000] {dagbag.py:537} INFO - Filling up the DagBag from /home/airflow/.local/lib/python3.7/site-packages/airflow/example_dags/example_nested_branch_dag.py
[2025-01-24T11:58:43.773+0000] {processor.py:766} INFO - DAG(s) dict_keys(['example_nested_branch_dag']) retrieved from /home/airflow/.local/lib/python3.7/site-packages/airflow/example_dags/example_nested_branch_dag.py
[2025-01-24T11:58:43.832+0000] {logging_mixin.py:120} INFO - [2025-01-24T11:58:43.831+0000] {dag.py:2585} INFO - Sync 1 DAGs
[2025-01-24T11:58:43.882+0000] {logging_mixin.py:120} INFO - [2025-01-24T11:58:43.882+0000] {dag.py:3340} INFO - Setting next_dagrun for example_nested_branch_dag to 2025-01-23T00:00:00+00:00, run_after=2025-01-24T00:00:00+00:00
[2025-01-24T11:58:43.929+0000] {processor.py:176} INFO - Processing /home/airflow/.local/lib/python3.7/site-packages/airflow/example_dags/example_nested_branch_dag.py took 0.197 seconds
[2025-01-24T11:59:13.986+0000] {processor.py:154} INFO - Started process (PID=899) to work on /home/airflow/.local/lib/python3.7/site-packages/airflow/example_dags/example_nested_branch_dag.py
[2025-01-24T11:59:13.997+0000] {processor.py:756} INFO - Processing file /home/airflow/.local/lib/python3.7/site-packages/airflow/example_dags/example_nested_branch_dag.py for tasks to queue
[2025-01-24T11:59:13.999+0000] {logging_mixin.py:120} INFO - [2025-01-24T11:59:13.998+0000] {dagbag.py:537} INFO - Filling up the DagBag from /home/airflow/.local/lib/python3.7/site-packages/airflow/example_dags/example_nested_branch_dag.py
[2025-01-24T11:59:14.027+0000] {processor.py:766} INFO - DAG(s) dict_keys(['example_nested_branch_dag']) retrieved from /home/airflow/.local/lib/python3.7/site-packages/airflow/example_dags/example_nested_branch_dag.py
[2025-01-24T11:59:14.075+0000] {logging_mixin.py:120} INFO - [2025-01-24T11:59:14.075+0000] {dag.py:2585} INFO - Sync 1 DAGs
[2025-01-24T11:59:14.126+0000] {logging_mixin.py:120} INFO - [2025-01-24T11:59:14.125+0000] {dag.py:3340} INFO - Setting next_dagrun for example_nested_branch_dag to 2025-01-23T00:00:00+00:00, run_after=2025-01-24T00:00:00+00:00
[2025-01-24T11:59:14.166+0000] {processor.py:176} INFO - Processing /home/airflow/.local/lib/python3.7/site-packages/airflow/example_dags/example_nested_branch_dag.py took 0.186 seconds
[2025-01-24T11:59:44.487+0000] {processor.py:154} INFO - Started process (PID=964) to work on /home/airflow/.local/lib/python3.7/site-packages/airflow/example_dags/example_nested_branch_dag.py
[2025-01-24T11:59:44.489+0000] {processor.py:756} INFO - Processing file /home/airflow/.local/lib/python3.7/site-packages/airflow/example_dags/example_nested_branch_dag.py for tasks to queue
[2025-01-24T11:59:44.490+0000] {logging_mixin.py:120} INFO - [2025-01-24T11:59:44.490+0000] {dagbag.py:537} INFO - Filling up the DagBag from /home/airflow/.local/lib/python3.7/site-packages/airflow/example_dags/example_nested_branch_dag.py
[2025-01-24T11:59:44.529+0000] {processor.py:766} INFO - DAG(s) dict_keys(['example_nested_branch_dag']) retrieved from /home/airflow/.local/lib/python3.7/site-packages/airflow/example_dags/example_nested_branch_dag.py
[2025-01-24T11:59:44.594+0000] {logging_mixin.py:120} INFO - [2025-01-24T11:59:44.594+0000] {dag.py:2585} INFO - Sync 1 DAGs
[2025-01-24T11:59:44.644+0000] {logging_mixin.py:120} INFO - [2025-01-24T11:59:44.644+0000] {dag.py:3340} INFO - Setting next_dagrun for example_nested_branch_dag to 2025-01-23T00:00:00+00:00, run_after=2025-01-24T00:00:00+00:00
[2025-01-24T11:59:44.693+0000] {processor.py:176} INFO - Processing /home/airflow/.local/lib/python3.7/site-packages/airflow/example_dags/example_nested_branch_dag.py took 0.212 seconds
[2025-01-24T12:00:14.810+0000] {processor.py:154} INFO - Started process (PID=1019) to work on /home/airflow/.local/lib/python3.7/site-packages/airflow/example_dags/example_nested_branch_dag.py
[2025-01-24T12:00:14.814+0000] {processor.py:756} INFO - Processing file /home/airflow/.local/lib/python3.7/site-packages/airflow/example_dags/example_nested_branch_dag.py for tasks to queue
[2025-01-24T12:00:14.815+0000] {logging_mixin.py:120} INFO - [2025-01-24T12:00:14.815+0000] {dagbag.py:537} INFO - Filling up the DagBag from /home/airflow/.local/lib/python3.7/site-packages/airflow/example_dags/example_nested_branch_dag.py
[2025-01-24T12:00:14.848+0000] {processor.py:766} INFO - DAG(s) dict_keys(['example_nested_branch_dag']) retrieved from /home/airflow/.local/lib/python3.7/site-packages/airflow/example_dags/example_nested_branch_dag.py
[2025-01-24T12:00:14.910+0000] {logging_mixin.py:120} INFO - [2025-01-24T12:00:14.909+0000] {dag.py:2585} INFO - Sync 1 DAGs
[2025-01-24T12:00:14.954+0000] {logging_mixin.py:120} INFO - [2025-01-24T12:00:14.953+0000] {dag.py:3340} INFO - Setting next_dagrun for example_nested_branch_dag to 2025-01-23T00:00:00+00:00, run_after=2025-01-24T00:00:00+00:00
[2025-01-24T12:00:14.996+0000] {processor.py:176} INFO - Processing /home/airflow/.local/lib/python3.7/site-packages/airflow/example_dags/example_nested_branch_dag.py took 0.190 seconds
[2025-01-24T12:00:45.314+0000] {processor.py:154} INFO - Started process (PID=1083) to work on /home/airflow/.local/lib/python3.7/site-packages/airflow/example_dags/example_nested_branch_dag.py
[2025-01-24T12:00:45.316+0000] {processor.py:756} INFO - Processing file /home/airflow/.local/lib/python3.7/site-packages/airflow/example_dags/example_nested_branch_dag.py for tasks to queue
[2025-01-24T12:00:45.317+0000] {logging_mixin.py:120} INFO - [2025-01-24T12:00:45.317+0000] {dagbag.py:537} INFO - Filling up the DagBag from /home/airflow/.local/lib/python3.7/site-packages/airflow/example_dags/example_nested_branch_dag.py
[2025-01-24T12:00:45.351+0000] {processor.py:766} INFO - DAG(s) dict_keys(['example_nested_branch_dag']) retrieved from /home/airflow/.local/lib/python3.7/site-packages/airflow/example_dags/example_nested_branch_dag.py
[2025-01-24T12:00:45.413+0000] {logging_mixin.py:120} INFO - [2025-01-24T12:00:45.413+0000] {dag.py:2585} INFO - Sync 1 DAGs
[2025-01-24T12:00:45.458+0000] {logging_mixin.py:120} INFO - [2025-01-24T12:00:45.457+0000] {dag.py:3340} INFO - Setting next_dagrun for example_nested_branch_dag to 2025-01-23T00:00:00+00:00, run_after=2025-01-24T00:00:00+00:00
[2025-01-24T12:00:45.493+0000] {processor.py:176} INFO - Processing /home/airflow/.local/lib/python3.7/site-packages/airflow/example_dags/example_nested_branch_dag.py took 0.184 seconds
[2025-01-24T12:01:16.714+0000] {processor.py:154} INFO - Started process (PID=1147) to work on /home/airflow/.local/lib/python3.7/site-packages/airflow/example_dags/example_nested_branch_dag.py
[2025-01-24T12:01:16.716+0000] {processor.py:756} INFO - Processing file /home/airflow/.local/lib/python3.7/site-packages/airflow/example_dags/example_nested_branch_dag.py for tasks to queue
[2025-01-24T12:01:16.716+0000] {logging_mixin.py:120} INFO - [2025-01-24T12:01:16.716+0000] {dagbag.py:537} INFO - Filling up the DagBag from /home/airflow/.local/lib/python3.7/site-packages/airflow/example_dags/example_nested_branch_dag.py
[2025-01-24T12:01:16.753+0000] {processor.py:766} INFO - DAG(s) dict_keys(['example_nested_branch_dag']) retrieved from /home/airflow/.local/lib/python3.7/site-packages/airflow/example_dags/example_nested_branch_dag.py
[2025-01-24T12:01:16.817+0000] {logging_mixin.py:120} INFO - [2025-01-24T12:01:16.816+0000] {dag.py:2585} INFO - Sync 1 DAGs
[2025-01-24T12:01:16.863+0000] {logging_mixin.py:120} INFO - [2025-01-24T12:01:16.862+0000] {dag.py:3340} INFO - Setting next_dagrun for example_nested_branch_dag to 2025-01-23T00:00:00+00:00, run_after=2025-01-24T00:00:00+00:00
[2025-01-24T12:01:16.903+0000] {processor.py:176} INFO - Processing /home/airflow/.local/lib/python3.7/site-packages/airflow/example_dags/example_nested_branch_dag.py took 0.192 seconds
[2025-01-24T12:01:47.791+0000] {processor.py:154} INFO - Started process (PID=1205) to work on /home/airflow/.local/lib/python3.7/site-packages/airflow/example_dags/example_nested_branch_dag.py
[2025-01-24T12:01:47.792+0000] {processor.py:756} INFO - Processing file /home/airflow/.local/lib/python3.7/site-packages/airflow/example_dags/example_nested_branch_dag.py for tasks to queue
[2025-01-24T12:01:47.793+0000] {logging_mixin.py:120} INFO - [2025-01-24T12:01:47.793+0000] {dagbag.py:537} INFO - Filling up the DagBag from /home/airflow/.local/lib/python3.7/site-packages/airflow/example_dags/example_nested_branch_dag.py
[2025-01-24T12:01:47.824+0000] {processor.py:766} INFO - DAG(s) dict_keys(['example_nested_branch_dag']) retrieved from /home/airflow/.local/lib/python3.7/site-packages/airflow/example_dags/example_nested_branch_dag.py
[2025-01-24T12:01:47.882+0000] {logging_mixin.py:120} INFO - [2025-01-24T12:01:47.882+0000] {dag.py:2585} INFO - Sync 1 DAGs
[2025-01-24T12:01:47.928+0000] {logging_mixin.py:120} INFO - [2025-01-24T12:01:47.928+0000] {dag.py:3340} INFO - Setting next_dagrun for example_nested_branch_dag to 2025-01-23T00:00:00+00:00, run_after=2025-01-24T00:00:00+00:00
[2025-01-24T12:01:47.962+0000] {processor.py:176} INFO - Processing /home/airflow/.local/lib/python3.7/site-packages/airflow/example_dags/example_nested_branch_dag.py took 0.176 seconds
[2025-01-24T12:02:18.274+0000] {processor.py:154} INFO - Started process (PID=1269) to work on /home/airflow/.local/lib/python3.7/site-packages/airflow/example_dags/example_nested_branch_dag.py
[2025-01-24T12:02:18.276+0000] {processor.py:756} INFO - Processing file /home/airflow/.local/lib/python3.7/site-packages/airflow/example_dags/example_nested_branch_dag.py for tasks to queue
[2025-01-24T12:02:18.277+0000] {logging_mixin.py:120} INFO - [2025-01-24T12:02:18.276+0000] {dagbag.py:537} INFO - Filling up the DagBag from /home/airflow/.local/lib/python3.7/site-packages/airflow/example_dags/example_nested_branch_dag.py
[2025-01-24T12:02:18.317+0000] {processor.py:766} INFO - DAG(s) dict_keys(['example_nested_branch_dag']) retrieved from /home/airflow/.local/lib/python3.7/site-packages/airflow/example_dags/example_nested_branch_dag.py
[2025-01-24T12:02:18.395+0000] {logging_mixin.py:120} INFO - [2025-01-24T12:02:18.395+0000] {dag.py:2585} INFO - Sync 1 DAGs
[2025-01-24T12:02:18.459+0000] {logging_mixin.py:120} INFO - [2025-01-24T12:02:18.458+0000] {dag.py:3340} INFO - Setting next_dagrun for example_nested_branch_dag to 2025-01-23T00:00:00+00:00, run_after=2025-01-24T00:00:00+00:00
[2025-01-24T12:02:18.506+0000] {processor.py:176} INFO - Processing /home/airflow/.local/lib/python3.7/site-packages/airflow/example_dags/example_nested_branch_dag.py took 0.236 seconds
[2025-01-24T12:02:48.624+0000] {processor.py:154} INFO - Started process (PID=1324) to work on /home/airflow/.local/lib/python3.7/site-packages/airflow/example_dags/example_nested_branch_dag.py
[2025-01-24T12:02:48.626+0000] {processor.py:756} INFO - Processing file /home/airflow/.local/lib/python3.7/site-packages/airflow/example_dags/example_nested_branch_dag.py for tasks to queue
[2025-01-24T12:02:48.626+0000] {logging_mixin.py:120} INFO - [2025-01-24T12:02:48.626+0000] {dagbag.py:537} INFO - Filling up the DagBag from /home/airflow/.local/lib/python3.7/site-packages/airflow/example_dags/example_nested_branch_dag.py
[2025-01-24T12:02:48.664+0000] {processor.py:766} INFO - DAG(s) dict_keys(['example_nested_branch_dag']) retrieved from /home/airflow/.local/lib/python3.7/site-packages/airflow/example_dags/example_nested_branch_dag.py
[2025-01-24T12:02:48.724+0000] {logging_mixin.py:120} INFO - [2025-01-24T12:02:48.724+0000] {dag.py:2585} INFO - Sync 1 DAGs
[2025-01-24T12:02:48.763+0000] {logging_mixin.py:120} INFO - [2025-01-24T12:02:48.763+0000] {dag.py:3340} INFO - Setting next_dagrun for example_nested_branch_dag to 2025-01-23T00:00:00+00:00, run_after=2025-01-24T00:00:00+00:00
[2025-01-24T12:02:48.804+0000] {processor.py:176} INFO - Processing /home/airflow/.local/lib/python3.7/site-packages/airflow/example_dags/example_nested_branch_dag.py took 0.185 seconds
[2025-01-24T12:03:18.839+0000] {processor.py:154} INFO - Started process (PID=1387) to work on /home/airflow/.local/lib/python3.7/site-packages/airflow/example_dags/example_nested_branch_dag.py
[2025-01-24T12:03:18.840+0000] {processor.py:756} INFO - Processing file /home/airflow/.local/lib/python3.7/site-packages/airflow/example_dags/example_nested_branch_dag.py for tasks to queue
[2025-01-24T12:03:18.841+0000] {logging_mixin.py:120} INFO - [2025-01-24T12:03:18.841+0000] {dagbag.py:537} INFO - Filling up the DagBag from /home/airflow/.local/lib/python3.7/site-packages/airflow/example_dags/example_nested_branch_dag.py
[2025-01-24T12:03:18.876+0000] {processor.py:766} INFO - DAG(s) dict_keys(['example_nested_branch_dag']) retrieved from /home/airflow/.local/lib/python3.7/site-packages/airflow/example_dags/example_nested_branch_dag.py
[2025-01-24T12:03:18.932+0000] {logging_mixin.py:120} INFO - [2025-01-24T12:03:18.932+0000] {dag.py:2585} INFO - Sync 1 DAGs
[2025-01-24T12:03:18.971+0000] {logging_mixin.py:120} INFO - [2025-01-24T12:03:18.971+0000] {dag.py:3340} INFO - Setting next_dagrun for example_nested_branch_dag to 2025-01-23T00:00:00+00:00, run_after=2025-01-24T00:00:00+00:00
[2025-01-24T12:03:19.017+0000] {processor.py:176} INFO - Processing /home/airflow/.local/lib/python3.7/site-packages/airflow/example_dags/example_nested_branch_dag.py took 0.183 seconds
[2025-01-24T12:03:49.289+0000] {processor.py:154} INFO - Started process (PID=1441) to work on /home/airflow/.local/lib/python3.7/site-packages/airflow/example_dags/example_nested_branch_dag.py
[2025-01-24T12:03:49.292+0000] {processor.py:756} INFO - Processing file /home/airflow/.local/lib/python3.7/site-packages/airflow/example_dags/example_nested_branch_dag.py for tasks to queue
[2025-01-24T12:03:49.293+0000] {logging_mixin.py:120} INFO - [2025-01-24T12:03:49.293+0000] {dagbag.py:537} INFO - Filling up the DagBag from /home/airflow/.local/lib/python3.7/site-packages/airflow/example_dags/example_nested_branch_dag.py
[2025-01-24T12:03:49.329+0000] {processor.py:766} INFO - DAG(s) dict_keys(['example_nested_branch_dag']) retrieved from /home/airflow/.local/lib/python3.7/site-packages/airflow/example_dags/example_nested_branch_dag.py
[2025-01-24T12:03:49.388+0000] {logging_mixin.py:120} INFO - [2025-01-24T12:03:49.388+0000] {dag.py:2585} INFO - Sync 1 DAGs
[2025-01-24T12:03:49.427+0000] {logging_mixin.py:120} INFO - [2025-01-24T12:03:49.427+0000] {dag.py:3340} INFO - Setting next_dagrun for example_nested_branch_dag to 2025-01-23T00:00:00+00:00, run_after=2025-01-24T00:00:00+00:00
[2025-01-24T12:03:49.467+0000] {processor.py:176} INFO - Processing /home/airflow/.local/lib/python3.7/site-packages/airflow/example_dags/example_nested_branch_dag.py took 0.183 seconds
[2025-01-24T12:04:20.607+0000] {processor.py:154} INFO - Started process (PID=1507) to work on /home/airflow/.local/lib/python3.7/site-packages/airflow/example_dags/example_nested_branch_dag.py
[2025-01-24T12:04:20.608+0000] {processor.py:756} INFO - Processing file /home/airflow/.local/lib/python3.7/site-packages/airflow/example_dags/example_nested_branch_dag.py for tasks to queue
[2025-01-24T12:04:20.608+0000] {logging_mixin.py:120} INFO - [2025-01-24T12:04:20.608+0000] {dagbag.py:537} INFO - Filling up the DagBag from /home/airflow/.local/lib/python3.7/site-packages/airflow/example_dags/example_nested_branch_dag.py
[2025-01-24T12:04:20.641+0000] {processor.py:766} INFO - DAG(s) dict_keys(['example_nested_branch_dag']) retrieved from /home/airflow/.local/lib/python3.7/site-packages/airflow/example_dags/example_nested_branch_dag.py
[2025-01-24T12:04:20.697+0000] {logging_mixin.py:120} INFO - [2025-01-24T12:04:20.697+0000] {dag.py:2585} INFO - Sync 1 DAGs
[2025-01-24T12:04:20.737+0000] {logging_mixin.py:120} INFO - [2025-01-24T12:04:20.736+0000] {dag.py:3340} INFO - Setting next_dagrun for example_nested_branch_dag to 2025-01-23T00:00:00+00:00, run_after=2025-01-24T00:00:00+00:00
[2025-01-24T12:04:20.768+0000] {processor.py:176} INFO - Processing /home/airflow/.local/lib/python3.7/site-packages/airflow/example_dags/example_nested_branch_dag.py took 0.165 seconds
[2025-01-24T12:04:51.762+0000] {processor.py:154} INFO - Started process (PID=1571) to work on /home/airflow/.local/lib/python3.7/site-packages/airflow/example_dags/example_nested_branch_dag.py
[2025-01-24T12:04:51.763+0000] {processor.py:756} INFO - Processing file /home/airflow/.local/lib/python3.7/site-packages/airflow/example_dags/example_nested_branch_dag.py for tasks to queue
[2025-01-24T12:04:51.764+0000] {logging_mixin.py:120} INFO - [2025-01-24T12:04:51.763+0000] {dagbag.py:537} INFO - Filling up the DagBag from /home/airflow/.local/lib/python3.7/site-packages/airflow/example_dags/example_nested_branch_dag.py
[2025-01-24T12:04:51.806+0000] {processor.py:766} INFO - DAG(s) dict_keys(['example_nested_branch_dag']) retrieved from /home/airflow/.local/lib/python3.7/site-packages/airflow/example_dags/example_nested_branch_dag.py
[2025-01-24T12:04:51.880+0000] {logging_mixin.py:120} INFO - [2025-01-24T12:04:51.879+0000] {dag.py:2585} INFO - Sync 1 DAGs
[2025-01-24T12:04:51.938+0000] {logging_mixin.py:120} INFO - [2025-01-24T12:04:51.937+0000] {dag.py:3340} INFO - Setting next_dagrun for example_nested_branch_dag to 2025-01-23T00:00:00+00:00, run_after=2025-01-24T00:00:00+00:00
[2025-01-24T12:04:51.985+0000] {processor.py:176} INFO - Processing /home/airflow/.local/lib/python3.7/site-packages/airflow/example_dags/example_nested_branch_dag.py took 0.229 seconds
[2025-01-24T12:05:22.126+0000] {processor.py:154} INFO - Started process (PID=1626) to work on /home/airflow/.local/lib/python3.7/site-packages/airflow/example_dags/example_nested_branch_dag.py
[2025-01-24T12:05:22.127+0000] {processor.py:756} INFO - Processing file /home/airflow/.local/lib/python3.7/site-packages/airflow/example_dags/example_nested_branch_dag.py for tasks to queue
[2025-01-24T12:05:22.128+0000] {logging_mixin.py:120} INFO - [2025-01-24T12:05:22.128+0000] {dagbag.py:537} INFO - Filling up the DagBag from /home/airflow/.local/lib/python3.7/site-packages/airflow/example_dags/example_nested_branch_dag.py
[2025-01-24T12:05:22.166+0000] {processor.py:766} INFO - DAG(s) dict_keys(['example_nested_branch_dag']) retrieved from /home/airflow/.local/lib/python3.7/site-packages/airflow/example_dags/example_nested_branch_dag.py
[2025-01-24T12:05:22.236+0000] {logging_mixin.py:120} INFO - [2025-01-24T12:05:22.235+0000] {dag.py:2585} INFO - Sync 1 DAGs
[2025-01-24T12:05:22.291+0000] {logging_mixin.py:120} INFO - [2025-01-24T12:05:22.290+0000] {dag.py:3340} INFO - Setting next_dagrun for example_nested_branch_dag to 2025-01-23T00:00:00+00:00, run_after=2025-01-24T00:00:00+00:00
[2025-01-24T12:05:22.347+0000] {processor.py:176} INFO - Processing /home/airflow/.local/lib/python3.7/site-packages/airflow/example_dags/example_nested_branch_dag.py took 0.226 seconds
[2025-01-24T12:05:52.676+0000] {processor.py:154} INFO - Started process (PID=1690) to work on /home/airflow/.local/lib/python3.7/site-packages/airflow/example_dags/example_nested_branch_dag.py
[2025-01-24T12:05:52.678+0000] {processor.py:756} INFO - Processing file /home/airflow/.local/lib/python3.7/site-packages/airflow/example_dags/example_nested_branch_dag.py for tasks to queue
[2025-01-24T12:05:52.679+0000] {logging_mixin.py:120} INFO - [2025-01-24T12:05:52.678+0000] {dagbag.py:537} INFO - Filling up the DagBag from /home/airflow/.local/lib/python3.7/site-packages/airflow/example_dags/example_nested_branch_dag.py
[2025-01-24T12:05:52.728+0000] {processor.py:766} INFO - DAG(s) dict_keys(['example_nested_branch_dag']) retrieved from /home/airflow/.local/lib/python3.7/site-packages/airflow/example_dags/example_nested_branch_dag.py
[2025-01-24T12:05:52.811+0000] {logging_mixin.py:120} INFO - [2025-01-24T12:05:52.811+0000] {dag.py:2585} INFO - Sync 1 DAGs
[2025-01-24T12:05:52.870+0000] {logging_mixin.py:120} INFO - [2025-01-24T12:05:52.870+0000] {dag.py:3340} INFO - Setting next_dagrun for example_nested_branch_dag to 2025-01-23T00:00:00+00:00, run_after=2025-01-24T00:00:00+00:00
[2025-01-24T12:05:52.926+0000] {processor.py:176} INFO - Processing /home/airflow/.local/lib/python3.7/site-packages/airflow/example_dags/example_nested_branch_dag.py took 0.255 seconds
[2025-01-24T12:06:23.053+0000] {processor.py:154} INFO - Started process (PID=1744) to work on /home/airflow/.local/lib/python3.7/site-packages/airflow/example_dags/example_nested_branch_dag.py
[2025-01-24T12:06:23.054+0000] {processor.py:756} INFO - Processing file /home/airflow/.local/lib/python3.7/site-packages/airflow/example_dags/example_nested_branch_dag.py for tasks to queue
[2025-01-24T12:06:23.055+0000] {logging_mixin.py:120} INFO - [2025-01-24T12:06:23.055+0000] {dagbag.py:537} INFO - Filling up the DagBag from /home/airflow/.local/lib/python3.7/site-packages/airflow/example_dags/example_nested_branch_dag.py
[2025-01-24T12:06:23.083+0000] {processor.py:766} INFO - DAG(s) dict_keys(['example_nested_branch_dag']) retrieved from /home/airflow/.local/lib/python3.7/site-packages/airflow/example_dags/example_nested_branch_dag.py
[2025-01-24T12:06:23.132+0000] {logging_mixin.py:120} INFO - [2025-01-24T12:06:23.132+0000] {dag.py:2585} INFO - Sync 1 DAGs
[2025-01-24T12:06:23.161+0000] {logging_mixin.py:120} INFO - [2025-01-24T12:06:23.161+0000] {dag.py:3340} INFO - Setting next_dagrun for example_nested_branch_dag to 2025-01-23T00:00:00+00:00, run_after=2025-01-24T00:00:00+00:00
[2025-01-24T12:06:23.199+0000] {processor.py:176} INFO - Processing /home/airflow/.local/lib/python3.7/site-packages/airflow/example_dags/example_nested_branch_dag.py took 0.150 seconds
