[2025-01-24T17:06:17.425+0000] {processor.py:154} INFO - Started process (PID=85) to work on /home/airflow/.local/lib/python3.7/site-packages/airflow/example_dags/example_trigger_target_dag.py
[2025-01-24T17:06:17.426+0000] {processor.py:756} INFO - Processing file /home/airflow/.local/lib/python3.7/site-packages/airflow/example_dags/example_trigger_target_dag.py for tasks to queue
[2025-01-24T17:06:17.427+0000] {logging_mixin.py:120} INFO - [2025-01-24T17:06:17.427+0000] {dagbag.py:537} INFO - Filling up the DagBag from /home/airflow/.local/lib/python3.7/site-packages/airflow/example_dags/example_trigger_target_dag.py
[2025-01-24T17:06:17.462+0000] {processor.py:766} INFO - DAG(s) dict_keys(['example_trigger_target_dag']) retrieved from /home/airflow/.local/lib/python3.7/site-packages/airflow/example_dags/example_trigger_target_dag.py
[2025-01-24T17:06:17.526+0000] {logging_mixin.py:120} INFO - [2025-01-24T17:06:17.525+0000] {dag.py:2585} INFO - Sync 1 DAGs
[2025-01-24T17:06:17.567+0000] {logging_mixin.py:120} INFO - [2025-01-24T17:06:17.566+0000] {dag.py:3340} INFO - Setting next_dagrun for example_trigger_target_dag to None, run_after=None
[2025-01-24T17:06:17.604+0000] {processor.py:176} INFO - Processing /home/airflow/.local/lib/python3.7/site-packages/airflow/example_dags/example_trigger_target_dag.py took 0.183 seconds
[2025-01-24T11:52:10.724+0000] {processor.py:154} INFO - Started process (PID=85) to work on /home/airflow/.local/lib/python3.7/site-packages/airflow/example_dags/example_trigger_target_dag.py
[2025-01-24T11:52:10.725+0000] {processor.py:756} INFO - Processing file /home/airflow/.local/lib/python3.7/site-packages/airflow/example_dags/example_trigger_target_dag.py for tasks to queue
[2025-01-24T11:52:10.726+0000] {logging_mixin.py:120} INFO - [2025-01-24T11:52:10.726+0000] {dagbag.py:537} INFO - Filling up the DagBag from /home/airflow/.local/lib/python3.7/site-packages/airflow/example_dags/example_trigger_target_dag.py
[2025-01-24T11:52:10.761+0000] {processor.py:766} INFO - DAG(s) dict_keys(['example_trigger_target_dag']) retrieved from /home/airflow/.local/lib/python3.7/site-packages/airflow/example_dags/example_trigger_target_dag.py
[2025-01-24T11:52:10.823+0000] {logging_mixin.py:120} INFO - [2025-01-24T11:52:10.823+0000] {dag.py:2585} INFO - Sync 1 DAGs
[2025-01-24T11:52:10.864+0000] {logging_mixin.py:120} INFO - [2025-01-24T11:52:10.864+0000] {dag.py:3340} INFO - Setting next_dagrun for example_trigger_target_dag to None, run_after=None
[2025-01-24T11:52:10.899+0000] {processor.py:176} INFO - Processing /home/airflow/.local/lib/python3.7/site-packages/airflow/example_dags/example_trigger_target_dag.py took 0.181 seconds
[2025-01-24T11:52:42.747+0000] {processor.py:154} INFO - Started process (PID=149) to work on /home/airflow/.local/lib/python3.7/site-packages/airflow/example_dags/example_trigger_target_dag.py
[2025-01-24T11:52:42.749+0000] {processor.py:756} INFO - Processing file /home/airflow/.local/lib/python3.7/site-packages/airflow/example_dags/example_trigger_target_dag.py for tasks to queue
[2025-01-24T11:52:42.751+0000] {logging_mixin.py:120} INFO - [2025-01-24T11:52:42.751+0000] {dagbag.py:537} INFO - Filling up the DagBag from /home/airflow/.local/lib/python3.7/site-packages/airflow/example_dags/example_trigger_target_dag.py
[2025-01-24T11:52:42.826+0000] {processor.py:766} INFO - DAG(s) dict_keys(['example_trigger_target_dag']) retrieved from /home/airflow/.local/lib/python3.7/site-packages/airflow/example_dags/example_trigger_target_dag.py
[2025-01-24T11:52:42.938+0000] {logging_mixin.py:120} INFO - [2025-01-24T11:52:42.937+0000] {dag.py:2585} INFO - Sync 1 DAGs
[2025-01-24T11:52:43.005+0000] {logging_mixin.py:120} INFO - [2025-01-24T11:52:43.005+0000] {dag.py:3340} INFO - Setting next_dagrun for example_trigger_target_dag to None, run_after=None
[2025-01-24T11:52:43.055+0000] {processor.py:176} INFO - Processing /home/airflow/.local/lib/python3.7/site-packages/airflow/example_dags/example_trigger_target_dag.py took 0.316 seconds
[2025-01-24T11:53:13.768+0000] {processor.py:154} INFO - Started process (PID=205) to work on /home/airflow/.local/lib/python3.7/site-packages/airflow/example_dags/example_trigger_target_dag.py
[2025-01-24T11:53:13.769+0000] {processor.py:756} INFO - Processing file /home/airflow/.local/lib/python3.7/site-packages/airflow/example_dags/example_trigger_target_dag.py for tasks to queue
[2025-01-24T11:53:13.770+0000] {logging_mixin.py:120} INFO - [2025-01-24T11:53:13.770+0000] {dagbag.py:537} INFO - Filling up the DagBag from /home/airflow/.local/lib/python3.7/site-packages/airflow/example_dags/example_trigger_target_dag.py
[2025-01-24T11:53:13.806+0000] {processor.py:766} INFO - DAG(s) dict_keys(['example_trigger_target_dag']) retrieved from /home/airflow/.local/lib/python3.7/site-packages/airflow/example_dags/example_trigger_target_dag.py
[2025-01-24T11:53:13.872+0000] {logging_mixin.py:120} INFO - [2025-01-24T11:53:13.871+0000] {dag.py:2585} INFO - Sync 1 DAGs
[2025-01-24T11:53:13.921+0000] {logging_mixin.py:120} INFO - [2025-01-24T11:53:13.920+0000] {dag.py:3340} INFO - Setting next_dagrun for example_trigger_target_dag to None, run_after=None
[2025-01-24T11:53:13.961+0000] {processor.py:176} INFO - Processing /home/airflow/.local/lib/python3.7/site-packages/airflow/example_dags/example_trigger_target_dag.py took 0.199 seconds
[2025-01-24T11:53:44.507+0000] {processor.py:154} INFO - Started process (PID=269) to work on /home/airflow/.local/lib/python3.7/site-packages/airflow/example_dags/example_trigger_target_dag.py
[2025-01-24T11:53:44.508+0000] {processor.py:756} INFO - Processing file /home/airflow/.local/lib/python3.7/site-packages/airflow/example_dags/example_trigger_target_dag.py for tasks to queue
[2025-01-24T11:53:44.509+0000] {logging_mixin.py:120} INFO - [2025-01-24T11:53:44.509+0000] {dagbag.py:537} INFO - Filling up the DagBag from /home/airflow/.local/lib/python3.7/site-packages/airflow/example_dags/example_trigger_target_dag.py
[2025-01-24T11:53:44.540+0000] {processor.py:766} INFO - DAG(s) dict_keys(['example_trigger_target_dag']) retrieved from /home/airflow/.local/lib/python3.7/site-packages/airflow/example_dags/example_trigger_target_dag.py
[2025-01-24T11:53:44.603+0000] {logging_mixin.py:120} INFO - [2025-01-24T11:53:44.603+0000] {dag.py:2585} INFO - Sync 1 DAGs
[2025-01-24T11:53:44.643+0000] {logging_mixin.py:120} INFO - [2025-01-24T11:53:44.643+0000] {dag.py:3340} INFO - Setting next_dagrun for example_trigger_target_dag to None, run_after=None
[2025-01-24T11:53:44.679+0000] {processor.py:176} INFO - Processing /home/airflow/.local/lib/python3.7/site-packages/airflow/example_dags/example_trigger_target_dag.py took 0.177 seconds
[2025-01-24T11:54:15.040+0000] {processor.py:154} INFO - Started process (PID=333) to work on /home/airflow/.local/lib/python3.7/site-packages/airflow/example_dags/example_trigger_target_dag.py
[2025-01-24T11:54:15.041+0000] {processor.py:756} INFO - Processing file /home/airflow/.local/lib/python3.7/site-packages/airflow/example_dags/example_trigger_target_dag.py for tasks to queue
[2025-01-24T11:54:15.042+0000] {logging_mixin.py:120} INFO - [2025-01-24T11:54:15.042+0000] {dagbag.py:537} INFO - Filling up the DagBag from /home/airflow/.local/lib/python3.7/site-packages/airflow/example_dags/example_trigger_target_dag.py
[2025-01-24T11:54:15.074+0000] {processor.py:766} INFO - DAG(s) dict_keys(['example_trigger_target_dag']) retrieved from /home/airflow/.local/lib/python3.7/site-packages/airflow/example_dags/example_trigger_target_dag.py
[2025-01-24T11:54:15.141+0000] {logging_mixin.py:120} INFO - [2025-01-24T11:54:15.140+0000] {dag.py:2585} INFO - Sync 1 DAGs
[2025-01-24T11:54:15.193+0000] {logging_mixin.py:120} INFO - [2025-01-24T11:54:15.192+0000] {dag.py:3340} INFO - Setting next_dagrun for example_trigger_target_dag to None, run_after=None
[2025-01-24T11:54:15.241+0000] {processor.py:176} INFO - Processing /home/airflow/.local/lib/python3.7/site-packages/airflow/example_dags/example_trigger_target_dag.py took 0.205 seconds
[2025-01-24T11:54:46.026+0000] {processor.py:154} INFO - Started process (PID=388) to work on /home/airflow/.local/lib/python3.7/site-packages/airflow/example_dags/example_trigger_target_dag.py
[2025-01-24T11:54:46.027+0000] {processor.py:756} INFO - Processing file /home/airflow/.local/lib/python3.7/site-packages/airflow/example_dags/example_trigger_target_dag.py for tasks to queue
[2025-01-24T11:54:46.028+0000] {logging_mixin.py:120} INFO - [2025-01-24T11:54:46.028+0000] {dagbag.py:537} INFO - Filling up the DagBag from /home/airflow/.local/lib/python3.7/site-packages/airflow/example_dags/example_trigger_target_dag.py
[2025-01-24T11:54:46.063+0000] {processor.py:766} INFO - DAG(s) dict_keys(['example_trigger_target_dag']) retrieved from /home/airflow/.local/lib/python3.7/site-packages/airflow/example_dags/example_trigger_target_dag.py
[2025-01-24T11:54:46.131+0000] {logging_mixin.py:120} INFO - [2025-01-24T11:54:46.130+0000] {dag.py:2585} INFO - Sync 1 DAGs
[2025-01-24T11:54:46.174+0000] {logging_mixin.py:120} INFO - [2025-01-24T11:54:46.173+0000] {dag.py:3340} INFO - Setting next_dagrun for example_trigger_target_dag to None, run_after=None
[2025-01-24T11:54:46.213+0000] {processor.py:176} INFO - Processing /home/airflow/.local/lib/python3.7/site-packages/airflow/example_dags/example_trigger_target_dag.py took 0.192 seconds
[2025-01-24T11:55:16.703+0000] {processor.py:154} INFO - Started process (PID=452) to work on /home/airflow/.local/lib/python3.7/site-packages/airflow/example_dags/example_trigger_target_dag.py
[2025-01-24T11:55:16.704+0000] {processor.py:756} INFO - Processing file /home/airflow/.local/lib/python3.7/site-packages/airflow/example_dags/example_trigger_target_dag.py for tasks to queue
[2025-01-24T11:55:16.705+0000] {logging_mixin.py:120} INFO - [2025-01-24T11:55:16.705+0000] {dagbag.py:537} INFO - Filling up the DagBag from /home/airflow/.local/lib/python3.7/site-packages/airflow/example_dags/example_trigger_target_dag.py
[2025-01-24T11:55:16.735+0000] {processor.py:766} INFO - DAG(s) dict_keys(['example_trigger_target_dag']) retrieved from /home/airflow/.local/lib/python3.7/site-packages/airflow/example_dags/example_trigger_target_dag.py
[2025-01-24T11:55:16.797+0000] {logging_mixin.py:120} INFO - [2025-01-24T11:55:16.797+0000] {dag.py:2585} INFO - Sync 1 DAGs
[2025-01-24T11:55:16.834+0000] {logging_mixin.py:120} INFO - [2025-01-24T11:55:16.834+0000] {dag.py:3340} INFO - Setting next_dagrun for example_trigger_target_dag to None, run_after=None
[2025-01-24T11:55:16.866+0000] {processor.py:176} INFO - Processing /home/airflow/.local/lib/python3.7/site-packages/airflow/example_dags/example_trigger_target_dag.py took 0.166 seconds
[2025-01-24T11:55:47.037+0000] {processor.py:154} INFO - Started process (PID=507) to work on /home/airflow/.local/lib/python3.7/site-packages/airflow/example_dags/example_trigger_target_dag.py
[2025-01-24T11:55:47.038+0000] {processor.py:756} INFO - Processing file /home/airflow/.local/lib/python3.7/site-packages/airflow/example_dags/example_trigger_target_dag.py for tasks to queue
[2025-01-24T11:55:47.039+0000] {logging_mixin.py:120} INFO - [2025-01-24T11:55:47.039+0000] {dagbag.py:537} INFO - Filling up the DagBag from /home/airflow/.local/lib/python3.7/site-packages/airflow/example_dags/example_trigger_target_dag.py
[2025-01-24T11:55:47.071+0000] {processor.py:766} INFO - DAG(s) dict_keys(['example_trigger_target_dag']) retrieved from /home/airflow/.local/lib/python3.7/site-packages/airflow/example_dags/example_trigger_target_dag.py
[2025-01-24T11:55:47.138+0000] {logging_mixin.py:120} INFO - [2025-01-24T11:55:47.137+0000] {dag.py:2585} INFO - Sync 1 DAGs
[2025-01-24T11:55:47.173+0000] {logging_mixin.py:120} INFO - [2025-01-24T11:55:47.173+0000] {dag.py:3340} INFO - Setting next_dagrun for example_trigger_target_dag to None, run_after=None
[2025-01-24T11:55:47.212+0000] {processor.py:176} INFO - Processing /home/airflow/.local/lib/python3.7/site-packages/airflow/example_dags/example_trigger_target_dag.py took 0.181 seconds
[2025-01-24T11:56:17.810+0000] {processor.py:154} INFO - Started process (PID=572) to work on /home/airflow/.local/lib/python3.7/site-packages/airflow/example_dags/example_trigger_target_dag.py
[2025-01-24T11:56:17.811+0000] {processor.py:756} INFO - Processing file /home/airflow/.local/lib/python3.7/site-packages/airflow/example_dags/example_trigger_target_dag.py for tasks to queue
[2025-01-24T11:56:17.812+0000] {logging_mixin.py:120} INFO - [2025-01-24T11:56:17.812+0000] {dagbag.py:537} INFO - Filling up the DagBag from /home/airflow/.local/lib/python3.7/site-packages/airflow/example_dags/example_trigger_target_dag.py
[2025-01-24T11:56:17.840+0000] {processor.py:766} INFO - DAG(s) dict_keys(['example_trigger_target_dag']) retrieved from /home/airflow/.local/lib/python3.7/site-packages/airflow/example_dags/example_trigger_target_dag.py
[2025-01-24T11:56:17.897+0000] {logging_mixin.py:120} INFO - [2025-01-24T11:56:17.897+0000] {dag.py:2585} INFO - Sync 1 DAGs
[2025-01-24T11:56:17.932+0000] {logging_mixin.py:120} INFO - [2025-01-24T11:56:17.931+0000] {dag.py:3340} INFO - Setting next_dagrun for example_trigger_target_dag to None, run_after=None
[2025-01-24T11:56:17.961+0000] {processor.py:176} INFO - Processing /home/airflow/.local/lib/python3.7/site-packages/airflow/example_dags/example_trigger_target_dag.py took 0.155 seconds
[2025-01-24T11:56:48.359+0000] {processor.py:154} INFO - Started process (PID=627) to work on /home/airflow/.local/lib/python3.7/site-packages/airflow/example_dags/example_trigger_target_dag.py
[2025-01-24T11:56:48.360+0000] {processor.py:756} INFO - Processing file /home/airflow/.local/lib/python3.7/site-packages/airflow/example_dags/example_trigger_target_dag.py for tasks to queue
[2025-01-24T11:56:48.361+0000] {logging_mixin.py:120} INFO - [2025-01-24T11:56:48.361+0000] {dagbag.py:537} INFO - Filling up the DagBag from /home/airflow/.local/lib/python3.7/site-packages/airflow/example_dags/example_trigger_target_dag.py
[2025-01-24T11:56:48.398+0000] {processor.py:766} INFO - DAG(s) dict_keys(['example_trigger_target_dag']) retrieved from /home/airflow/.local/lib/python3.7/site-packages/airflow/example_dags/example_trigger_target_dag.py
[2025-01-24T11:56:48.471+0000] {logging_mixin.py:120} INFO - [2025-01-24T11:56:48.471+0000] {dag.py:2585} INFO - Sync 1 DAGs
[2025-01-24T11:56:48.523+0000] {logging_mixin.py:120} INFO - [2025-01-24T11:56:48.523+0000] {dag.py:3340} INFO - Setting next_dagrun for example_trigger_target_dag to None, run_after=None
[2025-01-24T11:56:48.558+0000] {processor.py:176} INFO - Processing /home/airflow/.local/lib/python3.7/site-packages/airflow/example_dags/example_trigger_target_dag.py took 0.205 seconds
[2025-01-24T11:57:18.686+0000] {processor.py:154} INFO - Started process (PID=691) to work on /home/airflow/.local/lib/python3.7/site-packages/airflow/example_dags/example_trigger_target_dag.py
[2025-01-24T11:57:18.687+0000] {processor.py:756} INFO - Processing file /home/airflow/.local/lib/python3.7/site-packages/airflow/example_dags/example_trigger_target_dag.py for tasks to queue
[2025-01-24T11:57:18.688+0000] {logging_mixin.py:120} INFO - [2025-01-24T11:57:18.688+0000] {dagbag.py:537} INFO - Filling up the DagBag from /home/airflow/.local/lib/python3.7/site-packages/airflow/example_dags/example_trigger_target_dag.py
[2025-01-24T11:57:18.717+0000] {processor.py:766} INFO - DAG(s) dict_keys(['example_trigger_target_dag']) retrieved from /home/airflow/.local/lib/python3.7/site-packages/airflow/example_dags/example_trigger_target_dag.py
[2025-01-24T11:57:18.784+0000] {logging_mixin.py:120} INFO - [2025-01-24T11:57:18.783+0000] {dag.py:2585} INFO - Sync 1 DAGs
[2025-01-24T11:57:18.828+0000] {logging_mixin.py:120} INFO - [2025-01-24T11:57:18.827+0000] {dag.py:3340} INFO - Setting next_dagrun for example_trigger_target_dag to None, run_after=None
[2025-01-24T11:57:18.873+0000] {processor.py:176} INFO - Processing /home/airflow/.local/lib/python3.7/site-packages/airflow/example_dags/example_trigger_target_dag.py took 0.190 seconds
[2025-01-24T11:57:49.506+0000] {processor.py:154} INFO - Started process (PID=755) to work on /home/airflow/.local/lib/python3.7/site-packages/airflow/example_dags/example_trigger_target_dag.py
[2025-01-24T11:57:49.507+0000] {processor.py:756} INFO - Processing file /home/airflow/.local/lib/python3.7/site-packages/airflow/example_dags/example_trigger_target_dag.py for tasks to queue
[2025-01-24T11:57:49.508+0000] {logging_mixin.py:120} INFO - [2025-01-24T11:57:49.508+0000] {dagbag.py:537} INFO - Filling up the DagBag from /home/airflow/.local/lib/python3.7/site-packages/airflow/example_dags/example_trigger_target_dag.py
[2025-01-24T11:57:49.536+0000] {processor.py:766} INFO - DAG(s) dict_keys(['example_trigger_target_dag']) retrieved from /home/airflow/.local/lib/python3.7/site-packages/airflow/example_dags/example_trigger_target_dag.py
[2025-01-24T11:57:49.595+0000] {logging_mixin.py:120} INFO - [2025-01-24T11:57:49.595+0000] {dag.py:2585} INFO - Sync 1 DAGs
[2025-01-24T11:57:49.632+0000] {logging_mixin.py:120} INFO - [2025-01-24T11:57:49.631+0000] {dag.py:3340} INFO - Setting next_dagrun for example_trigger_target_dag to None, run_after=None
[2025-01-24T11:57:49.664+0000] {processor.py:176} INFO - Processing /home/airflow/.local/lib/python3.7/site-packages/airflow/example_dags/example_trigger_target_dag.py took 0.163 seconds
[2025-01-24T11:58:19.859+0000] {processor.py:154} INFO - Started process (PID=811) to work on /home/airflow/.local/lib/python3.7/site-packages/airflow/example_dags/example_trigger_target_dag.py
[2025-01-24T11:58:19.860+0000] {processor.py:756} INFO - Processing file /home/airflow/.local/lib/python3.7/site-packages/airflow/example_dags/example_trigger_target_dag.py for tasks to queue
[2025-01-24T11:58:19.862+0000] {logging_mixin.py:120} INFO - [2025-01-24T11:58:19.861+0000] {dagbag.py:537} INFO - Filling up the DagBag from /home/airflow/.local/lib/python3.7/site-packages/airflow/example_dags/example_trigger_target_dag.py
[2025-01-24T11:58:19.892+0000] {processor.py:766} INFO - DAG(s) dict_keys(['example_trigger_target_dag']) retrieved from /home/airflow/.local/lib/python3.7/site-packages/airflow/example_dags/example_trigger_target_dag.py
[2025-01-24T11:58:19.950+0000] {logging_mixin.py:120} INFO - [2025-01-24T11:58:19.950+0000] {dag.py:2585} INFO - Sync 1 DAGs
[2025-01-24T11:58:19.988+0000] {logging_mixin.py:120} INFO - [2025-01-24T11:58:19.988+0000] {dag.py:3340} INFO - Setting next_dagrun for example_trigger_target_dag to None, run_after=None
[2025-01-24T11:58:20.030+0000] {processor.py:176} INFO - Processing /home/airflow/.local/lib/python3.7/site-packages/airflow/example_dags/example_trigger_target_dag.py took 0.176 seconds
[2025-01-24T11:58:50.141+0000] {processor.py:154} INFO - Started process (PID=874) to work on /home/airflow/.local/lib/python3.7/site-packages/airflow/example_dags/example_trigger_target_dag.py
[2025-01-24T11:58:50.146+0000] {processor.py:756} INFO - Processing file /home/airflow/.local/lib/python3.7/site-packages/airflow/example_dags/example_trigger_target_dag.py for tasks to queue
[2025-01-24T11:58:50.147+0000] {logging_mixin.py:120} INFO - [2025-01-24T11:58:50.147+0000] {dagbag.py:537} INFO - Filling up the DagBag from /home/airflow/.local/lib/python3.7/site-packages/airflow/example_dags/example_trigger_target_dag.py
[2025-01-24T11:58:50.182+0000] {processor.py:766} INFO - DAG(s) dict_keys(['example_trigger_target_dag']) retrieved from /home/airflow/.local/lib/python3.7/site-packages/airflow/example_dags/example_trigger_target_dag.py
[2025-01-24T11:58:50.241+0000] {logging_mixin.py:120} INFO - [2025-01-24T11:58:50.241+0000] {dag.py:2585} INFO - Sync 1 DAGs
[2025-01-24T11:58:50.278+0000] {logging_mixin.py:120} INFO - [2025-01-24T11:58:50.278+0000] {dag.py:3340} INFO - Setting next_dagrun for example_trigger_target_dag to None, run_after=None
[2025-01-24T11:58:50.319+0000] {processor.py:176} INFO - Processing /home/airflow/.local/lib/python3.7/site-packages/airflow/example_dags/example_trigger_target_dag.py took 0.182 seconds
[2025-01-24T11:59:20.488+0000] {processor.py:154} INFO - Started process (PID=938) to work on /home/airflow/.local/lib/python3.7/site-packages/airflow/example_dags/example_trigger_target_dag.py
[2025-01-24T11:59:20.490+0000] {processor.py:756} INFO - Processing file /home/airflow/.local/lib/python3.7/site-packages/airflow/example_dags/example_trigger_target_dag.py for tasks to queue
[2025-01-24T11:59:20.490+0000] {logging_mixin.py:120} INFO - [2025-01-24T11:59:20.490+0000] {dagbag.py:537} INFO - Filling up the DagBag from /home/airflow/.local/lib/python3.7/site-packages/airflow/example_dags/example_trigger_target_dag.py
[2025-01-24T11:59:20.519+0000] {processor.py:766} INFO - DAG(s) dict_keys(['example_trigger_target_dag']) retrieved from /home/airflow/.local/lib/python3.7/site-packages/airflow/example_dags/example_trigger_target_dag.py
[2025-01-24T11:59:20.583+0000] {logging_mixin.py:120} INFO - [2025-01-24T11:59:20.583+0000] {dag.py:2585} INFO - Sync 1 DAGs
[2025-01-24T11:59:20.623+0000] {logging_mixin.py:120} INFO - [2025-01-24T11:59:20.622+0000] {dag.py:3340} INFO - Setting next_dagrun for example_trigger_target_dag to None, run_after=None
[2025-01-24T11:59:20.664+0000] {processor.py:176} INFO - Processing /home/airflow/.local/lib/python3.7/site-packages/airflow/example_dags/example_trigger_target_dag.py took 0.179 seconds
[2025-01-24T11:59:50.866+0000] {processor.py:154} INFO - Started process (PID=993) to work on /home/airflow/.local/lib/python3.7/site-packages/airflow/example_dags/example_trigger_target_dag.py
[2025-01-24T11:59:50.869+0000] {processor.py:756} INFO - Processing file /home/airflow/.local/lib/python3.7/site-packages/airflow/example_dags/example_trigger_target_dag.py for tasks to queue
[2025-01-24T11:59:50.870+0000] {logging_mixin.py:120} INFO - [2025-01-24T11:59:50.870+0000] {dagbag.py:537} INFO - Filling up the DagBag from /home/airflow/.local/lib/python3.7/site-packages/airflow/example_dags/example_trigger_target_dag.py
[2025-01-24T11:59:50.897+0000] {processor.py:766} INFO - DAG(s) dict_keys(['example_trigger_target_dag']) retrieved from /home/airflow/.local/lib/python3.7/site-packages/airflow/example_dags/example_trigger_target_dag.py
[2025-01-24T11:59:50.960+0000] {logging_mixin.py:120} INFO - [2025-01-24T11:59:50.960+0000] {dag.py:2585} INFO - Sync 1 DAGs
[2025-01-24T11:59:51.001+0000] {logging_mixin.py:120} INFO - [2025-01-24T11:59:51.001+0000] {dag.py:3340} INFO - Setting next_dagrun for example_trigger_target_dag to None, run_after=None
[2025-01-24T11:59:51.044+0000] {processor.py:176} INFO - Processing /home/airflow/.local/lib/python3.7/site-packages/airflow/example_dags/example_trigger_target_dag.py took 0.183 seconds
[2025-01-24T12:00:21.404+0000] {processor.py:154} INFO - Started process (PID=1057) to work on /home/airflow/.local/lib/python3.7/site-packages/airflow/example_dags/example_trigger_target_dag.py
[2025-01-24T12:00:21.407+0000] {processor.py:756} INFO - Processing file /home/airflow/.local/lib/python3.7/site-packages/airflow/example_dags/example_trigger_target_dag.py for tasks to queue
[2025-01-24T12:00:21.409+0000] {logging_mixin.py:120} INFO - [2025-01-24T12:00:21.408+0000] {dagbag.py:537} INFO - Filling up the DagBag from /home/airflow/.local/lib/python3.7/site-packages/airflow/example_dags/example_trigger_target_dag.py
[2025-01-24T12:00:21.440+0000] {processor.py:766} INFO - DAG(s) dict_keys(['example_trigger_target_dag']) retrieved from /home/airflow/.local/lib/python3.7/site-packages/airflow/example_dags/example_trigger_target_dag.py
[2025-01-24T12:00:21.499+0000] {logging_mixin.py:120} INFO - [2025-01-24T12:00:21.498+0000] {dag.py:2585} INFO - Sync 1 DAGs
[2025-01-24T12:00:21.538+0000] {logging_mixin.py:120} INFO - [2025-01-24T12:00:21.538+0000] {dag.py:3340} INFO - Setting next_dagrun for example_trigger_target_dag to None, run_after=None
[2025-01-24T12:00:21.578+0000] {processor.py:176} INFO - Processing /home/airflow/.local/lib/python3.7/site-packages/airflow/example_dags/example_trigger_target_dag.py took 0.181 seconds
[2025-01-24T12:00:52.674+0000] {processor.py:154} INFO - Started process (PID=1113) to work on /home/airflow/.local/lib/python3.7/site-packages/airflow/example_dags/example_trigger_target_dag.py
[2025-01-24T12:00:52.675+0000] {processor.py:756} INFO - Processing file /home/airflow/.local/lib/python3.7/site-packages/airflow/example_dags/example_trigger_target_dag.py for tasks to queue
[2025-01-24T12:00:52.676+0000] {logging_mixin.py:120} INFO - [2025-01-24T12:00:52.676+0000] {dagbag.py:537} INFO - Filling up the DagBag from /home/airflow/.local/lib/python3.7/site-packages/airflow/example_dags/example_trigger_target_dag.py
[2025-01-24T12:00:52.707+0000] {processor.py:766} INFO - DAG(s) dict_keys(['example_trigger_target_dag']) retrieved from /home/airflow/.local/lib/python3.7/site-packages/airflow/example_dags/example_trigger_target_dag.py
[2025-01-24T12:00:52.772+0000] {logging_mixin.py:120} INFO - [2025-01-24T12:00:52.772+0000] {dag.py:2585} INFO - Sync 1 DAGs
[2025-01-24T12:00:52.814+0000] {logging_mixin.py:120} INFO - [2025-01-24T12:00:52.813+0000] {dag.py:3340} INFO - Setting next_dagrun for example_trigger_target_dag to None, run_after=None
[2025-01-24T12:00:52.848+0000] {processor.py:176} INFO - Processing /home/airflow/.local/lib/python3.7/site-packages/airflow/example_dags/example_trigger_target_dag.py took 0.179 seconds
[2025-01-24T12:01:23.864+0000] {processor.py:154} INFO - Started process (PID=1178) to work on /home/airflow/.local/lib/python3.7/site-packages/airflow/example_dags/example_trigger_target_dag.py
[2025-01-24T12:01:23.865+0000] {processor.py:756} INFO - Processing file /home/airflow/.local/lib/python3.7/site-packages/airflow/example_dags/example_trigger_target_dag.py for tasks to queue
[2025-01-24T12:01:23.866+0000] {logging_mixin.py:120} INFO - [2025-01-24T12:01:23.865+0000] {dagbag.py:537} INFO - Filling up the DagBag from /home/airflow/.local/lib/python3.7/site-packages/airflow/example_dags/example_trigger_target_dag.py
[2025-01-24T12:01:23.892+0000] {processor.py:766} INFO - DAG(s) dict_keys(['example_trigger_target_dag']) retrieved from /home/airflow/.local/lib/python3.7/site-packages/airflow/example_dags/example_trigger_target_dag.py
[2025-01-24T12:01:23.947+0000] {logging_mixin.py:120} INFO - [2025-01-24T12:01:23.947+0000] {dag.py:2585} INFO - Sync 1 DAGs
[2025-01-24T12:01:23.987+0000] {logging_mixin.py:120} INFO - [2025-01-24T12:01:23.987+0000] {dag.py:3340} INFO - Setting next_dagrun for example_trigger_target_dag to None, run_after=None
[2025-01-24T12:01:24.020+0000] {processor.py:176} INFO - Processing /home/airflow/.local/lib/python3.7/site-packages/airflow/example_dags/example_trigger_target_dag.py took 0.161 seconds
[2025-01-24T12:01:54.164+0000] {processor.py:154} INFO - Started process (PID=1243) to work on /home/airflow/.local/lib/python3.7/site-packages/airflow/example_dags/example_trigger_target_dag.py
[2025-01-24T12:01:54.165+0000] {processor.py:756} INFO - Processing file /home/airflow/.local/lib/python3.7/site-packages/airflow/example_dags/example_trigger_target_dag.py for tasks to queue
[2025-01-24T12:01:54.166+0000] {logging_mixin.py:120} INFO - [2025-01-24T12:01:54.166+0000] {dagbag.py:537} INFO - Filling up the DagBag from /home/airflow/.local/lib/python3.7/site-packages/airflow/example_dags/example_trigger_target_dag.py
[2025-01-24T12:01:54.196+0000] {processor.py:766} INFO - DAG(s) dict_keys(['example_trigger_target_dag']) retrieved from /home/airflow/.local/lib/python3.7/site-packages/airflow/example_dags/example_trigger_target_dag.py
[2025-01-24T12:01:54.253+0000] {logging_mixin.py:120} INFO - [2025-01-24T12:01:54.253+0000] {dag.py:2585} INFO - Sync 1 DAGs
[2025-01-24T12:01:54.292+0000] {logging_mixin.py:120} INFO - [2025-01-24T12:01:54.292+0000] {dag.py:3340} INFO - Setting next_dagrun for example_trigger_target_dag to None, run_after=None
[2025-01-24T12:01:54.321+0000] {processor.py:176} INFO - Processing /home/airflow/.local/lib/python3.7/site-packages/airflow/example_dags/example_trigger_target_dag.py took 0.161 seconds
[2025-01-24T12:02:24.390+0000] {processor.py:154} INFO - Started process (PID=1297) to work on /home/airflow/.local/lib/python3.7/site-packages/airflow/example_dags/example_trigger_target_dag.py
[2025-01-24T12:02:24.391+0000] {processor.py:756} INFO - Processing file /home/airflow/.local/lib/python3.7/site-packages/airflow/example_dags/example_trigger_target_dag.py for tasks to queue
[2025-01-24T12:02:24.392+0000] {logging_mixin.py:120} INFO - [2025-01-24T12:02:24.392+0000] {dagbag.py:537} INFO - Filling up the DagBag from /home/airflow/.local/lib/python3.7/site-packages/airflow/example_dags/example_trigger_target_dag.py
[2025-01-24T12:02:24.428+0000] {processor.py:766} INFO - DAG(s) dict_keys(['example_trigger_target_dag']) retrieved from /home/airflow/.local/lib/python3.7/site-packages/airflow/example_dags/example_trigger_target_dag.py
[2025-01-24T12:02:24.491+0000] {logging_mixin.py:120} INFO - [2025-01-24T12:02:24.491+0000] {dag.py:2585} INFO - Sync 1 DAGs
[2025-01-24T12:02:24.544+0000] {logging_mixin.py:120} INFO - [2025-01-24T12:02:24.543+0000] {dag.py:3340} INFO - Setting next_dagrun for example_trigger_target_dag to None, run_after=None
[2025-01-24T12:02:24.588+0000] {processor.py:176} INFO - Processing /home/airflow/.local/lib/python3.7/site-packages/airflow/example_dags/example_trigger_target_dag.py took 0.203 seconds
[2025-01-24T12:02:54.684+0000] {processor.py:154} INFO - Started process (PID=1361) to work on /home/airflow/.local/lib/python3.7/site-packages/airflow/example_dags/example_trigger_target_dag.py
[2025-01-24T12:02:54.687+0000] {processor.py:756} INFO - Processing file /home/airflow/.local/lib/python3.7/site-packages/airflow/example_dags/example_trigger_target_dag.py for tasks to queue
[2025-01-24T12:02:54.688+0000] {logging_mixin.py:120} INFO - [2025-01-24T12:02:54.688+0000] {dagbag.py:537} INFO - Filling up the DagBag from /home/airflow/.local/lib/python3.7/site-packages/airflow/example_dags/example_trigger_target_dag.py
[2025-01-24T12:02:54.724+0000] {processor.py:766} INFO - DAG(s) dict_keys(['example_trigger_target_dag']) retrieved from /home/airflow/.local/lib/python3.7/site-packages/airflow/example_dags/example_trigger_target_dag.py
[2025-01-24T12:02:54.781+0000] {logging_mixin.py:120} INFO - [2025-01-24T12:02:54.780+0000] {dag.py:2585} INFO - Sync 1 DAGs
[2025-01-24T12:02:54.817+0000] {logging_mixin.py:120} INFO - [2025-01-24T12:02:54.817+0000] {dag.py:3340} INFO - Setting next_dagrun for example_trigger_target_dag to None, run_after=None
[2025-01-24T12:02:54.854+0000] {processor.py:176} INFO - Processing /home/airflow/.local/lib/python3.7/site-packages/airflow/example_dags/example_trigger_target_dag.py took 0.175 seconds
[2025-01-24T12:03:24.901+0000] {processor.py:154} INFO - Started process (PID=1415) to work on /home/airflow/.local/lib/python3.7/site-packages/airflow/example_dags/example_trigger_target_dag.py
[2025-01-24T12:03:24.912+0000] {processor.py:756} INFO - Processing file /home/airflow/.local/lib/python3.7/site-packages/airflow/example_dags/example_trigger_target_dag.py for tasks to queue
[2025-01-24T12:03:24.913+0000] {logging_mixin.py:120} INFO - [2025-01-24T12:03:24.913+0000] {dagbag.py:537} INFO - Filling up the DagBag from /home/airflow/.local/lib/python3.7/site-packages/airflow/example_dags/example_trigger_target_dag.py
[2025-01-24T12:03:24.937+0000] {processor.py:766} INFO - DAG(s) dict_keys(['example_trigger_target_dag']) retrieved from /home/airflow/.local/lib/python3.7/site-packages/airflow/example_dags/example_trigger_target_dag.py
[2025-01-24T12:03:24.980+0000] {logging_mixin.py:120} INFO - [2025-01-24T12:03:24.979+0000] {dag.py:2585} INFO - Sync 1 DAGs
[2025-01-24T12:03:25.008+0000] {logging_mixin.py:120} INFO - [2025-01-24T12:03:25.007+0000] {dag.py:3340} INFO - Setting next_dagrun for example_trigger_target_dag to None, run_after=None
[2025-01-24T12:03:25.034+0000] {processor.py:176} INFO - Processing /home/airflow/.local/lib/python3.7/site-packages/airflow/example_dags/example_trigger_target_dag.py took 0.137 seconds
[2025-01-24T12:03:55.456+0000] {processor.py:154} INFO - Started process (PID=1480) to work on /home/airflow/.local/lib/python3.7/site-packages/airflow/example_dags/example_trigger_target_dag.py
[2025-01-24T12:03:55.457+0000] {processor.py:756} INFO - Processing file /home/airflow/.local/lib/python3.7/site-packages/airflow/example_dags/example_trigger_target_dag.py for tasks to queue
[2025-01-24T12:03:55.457+0000] {logging_mixin.py:120} INFO - [2025-01-24T12:03:55.457+0000] {dagbag.py:537} INFO - Filling up the DagBag from /home/airflow/.local/lib/python3.7/site-packages/airflow/example_dags/example_trigger_target_dag.py
[2025-01-24T12:03:55.486+0000] {processor.py:766} INFO - DAG(s) dict_keys(['example_trigger_target_dag']) retrieved from /home/airflow/.local/lib/python3.7/site-packages/airflow/example_dags/example_trigger_target_dag.py
[2025-01-24T12:03:55.541+0000] {logging_mixin.py:120} INFO - [2025-01-24T12:03:55.540+0000] {dag.py:2585} INFO - Sync 1 DAGs
[2025-01-24T12:03:55.576+0000] {logging_mixin.py:120} INFO - [2025-01-24T12:03:55.576+0000] {dag.py:3340} INFO - Setting next_dagrun for example_trigger_target_dag to None, run_after=None
[2025-01-24T12:03:55.615+0000] {processor.py:176} INFO - Processing /home/airflow/.local/lib/python3.7/site-packages/airflow/example_dags/example_trigger_target_dag.py took 0.164 seconds
[2025-01-24T12:04:26.360+0000] {processor.py:154} INFO - Started process (PID=1535) to work on /home/airflow/.local/lib/python3.7/site-packages/airflow/example_dags/example_trigger_target_dag.py
[2025-01-24T12:04:26.362+0000] {processor.py:756} INFO - Processing file /home/airflow/.local/lib/python3.7/site-packages/airflow/example_dags/example_trigger_target_dag.py for tasks to queue
[2025-01-24T12:04:26.363+0000] {logging_mixin.py:120} INFO - [2025-01-24T12:04:26.362+0000] {dagbag.py:537} INFO - Filling up the DagBag from /home/airflow/.local/lib/python3.7/site-packages/airflow/example_dags/example_trigger_target_dag.py
[2025-01-24T12:04:26.394+0000] {processor.py:766} INFO - DAG(s) dict_keys(['example_trigger_target_dag']) retrieved from /home/airflow/.local/lib/python3.7/site-packages/airflow/example_dags/example_trigger_target_dag.py
[2025-01-24T12:04:26.456+0000] {logging_mixin.py:120} INFO - [2025-01-24T12:04:26.456+0000] {dag.py:2585} INFO - Sync 1 DAGs
[2025-01-24T12:04:26.500+0000] {logging_mixin.py:120} INFO - [2025-01-24T12:04:26.499+0000] {dag.py:3340} INFO - Setting next_dagrun for example_trigger_target_dag to None, run_after=None
[2025-01-24T12:04:26.546+0000] {processor.py:176} INFO - Processing /home/airflow/.local/lib/python3.7/site-packages/airflow/example_dags/example_trigger_target_dag.py took 0.191 seconds
[2025-01-24T12:04:56.711+0000] {processor.py:154} INFO - Started process (PID=1599) to work on /home/airflow/.local/lib/python3.7/site-packages/airflow/example_dags/example_trigger_target_dag.py
[2025-01-24T12:04:56.716+0000] {processor.py:756} INFO - Processing file /home/airflow/.local/lib/python3.7/site-packages/airflow/example_dags/example_trigger_target_dag.py for tasks to queue
[2025-01-24T12:04:56.716+0000] {logging_mixin.py:120} INFO - [2025-01-24T12:04:56.716+0000] {dagbag.py:537} INFO - Filling up the DagBag from /home/airflow/.local/lib/python3.7/site-packages/airflow/example_dags/example_trigger_target_dag.py
[2025-01-24T12:04:56.749+0000] {processor.py:766} INFO - DAG(s) dict_keys(['example_trigger_target_dag']) retrieved from /home/airflow/.local/lib/python3.7/site-packages/airflow/example_dags/example_trigger_target_dag.py
[2025-01-24T12:04:56.817+0000] {logging_mixin.py:120} INFO - [2025-01-24T12:04:56.816+0000] {dag.py:2585} INFO - Sync 1 DAGs
[2025-01-24T12:04:56.864+0000] {logging_mixin.py:120} INFO - [2025-01-24T12:04:56.863+0000] {dag.py:3340} INFO - Setting next_dagrun for example_trigger_target_dag to None, run_after=None
[2025-01-24T12:04:56.908+0000] {processor.py:176} INFO - Processing /home/airflow/.local/lib/python3.7/site-packages/airflow/example_dags/example_trigger_target_dag.py took 0.201 seconds
[2025-01-24T12:05:27.026+0000] {processor.py:154} INFO - Started process (PID=1660) to work on /home/airflow/.local/lib/python3.7/site-packages/airflow/example_dags/example_trigger_target_dag.py
[2025-01-24T12:05:27.028+0000] {processor.py:756} INFO - Processing file /home/airflow/.local/lib/python3.7/site-packages/airflow/example_dags/example_trigger_target_dag.py for tasks to queue
[2025-01-24T12:05:27.028+0000] {logging_mixin.py:120} INFO - [2025-01-24T12:05:27.028+0000] {dagbag.py:537} INFO - Filling up the DagBag from /home/airflow/.local/lib/python3.7/site-packages/airflow/example_dags/example_trigger_target_dag.py
[2025-01-24T12:05:27.059+0000] {processor.py:766} INFO - DAG(s) dict_keys(['example_trigger_target_dag']) retrieved from /home/airflow/.local/lib/python3.7/site-packages/airflow/example_dags/example_trigger_target_dag.py
[2025-01-24T12:05:27.126+0000] {logging_mixin.py:120} INFO - [2025-01-24T12:05:27.125+0000] {dag.py:2585} INFO - Sync 1 DAGs
[2025-01-24T12:05:27.179+0000] {logging_mixin.py:120} INFO - [2025-01-24T12:05:27.179+0000] {dag.py:3340} INFO - Setting next_dagrun for example_trigger_target_dag to None, run_after=None
[2025-01-24T12:05:27.223+0000] {processor.py:176} INFO - Processing /home/airflow/.local/lib/python3.7/site-packages/airflow/example_dags/example_trigger_target_dag.py took 0.202 seconds
[2025-01-24T12:05:57.364+0000] {processor.py:154} INFO - Started process (PID=1717) to work on /home/airflow/.local/lib/python3.7/site-packages/airflow/example_dags/example_trigger_target_dag.py
[2025-01-24T12:05:57.365+0000] {processor.py:756} INFO - Processing file /home/airflow/.local/lib/python3.7/site-packages/airflow/example_dags/example_trigger_target_dag.py for tasks to queue
[2025-01-24T12:05:57.365+0000] {logging_mixin.py:120} INFO - [2025-01-24T12:05:57.365+0000] {dagbag.py:537} INFO - Filling up the DagBag from /home/airflow/.local/lib/python3.7/site-packages/airflow/example_dags/example_trigger_target_dag.py
[2025-01-24T12:05:57.392+0000] {processor.py:766} INFO - DAG(s) dict_keys(['example_trigger_target_dag']) retrieved from /home/airflow/.local/lib/python3.7/site-packages/airflow/example_dags/example_trigger_target_dag.py
[2025-01-24T12:05:57.450+0000] {logging_mixin.py:120} INFO - [2025-01-24T12:05:57.450+0000] {dag.py:2585} INFO - Sync 1 DAGs
[2025-01-24T12:05:57.484+0000] {logging_mixin.py:120} INFO - [2025-01-24T12:05:57.483+0000] {dag.py:3340} INFO - Setting next_dagrun for example_trigger_target_dag to None, run_after=None
[2025-01-24T12:05:57.512+0000] {processor.py:176} INFO - Processing /home/airflow/.local/lib/python3.7/site-packages/airflow/example_dags/example_trigger_target_dag.py took 0.152 seconds
