[2025-01-24T17:06:17.051+0000] {processor.py:154} INFO - Started process (PID=83) to work on /home/airflow/.local/lib/python3.7/site-packages/airflow/example_dags/example_short_circuit_operator.py
[2025-01-24T17:06:17.052+0000] {processor.py:756} INFO - Processing file /home/airflow/.local/lib/python3.7/site-packages/airflow/example_dags/example_short_circuit_operator.py for tasks to queue
[2025-01-24T17:06:17.053+0000] {logging_mixin.py:120} INFO - [2025-01-24T17:06:17.053+0000] {dagbag.py:537} INFO - Filling up the DagBag from /home/airflow/.local/lib/python3.7/site-packages/airflow/example_dags/example_short_circuit_operator.py
[2025-01-24T17:06:17.079+0000] {processor.py:766} INFO - DAG(s) dict_keys(['example_short_circuit_operator']) retrieved from /home/airflow/.local/lib/python3.7/site-packages/airflow/example_dags/example_short_circuit_operator.py
[2025-01-24T17:06:17.135+0000] {logging_mixin.py:120} INFO - [2025-01-24T17:06:17.135+0000] {dag.py:2585} INFO - Sync 1 DAGs
[2025-01-24T17:06:17.178+0000] {logging_mixin.py:120} INFO - [2025-01-24T17:06:17.178+0000] {dag.py:3340} INFO - Setting next_dagrun for example_short_circuit_operator to 2025-01-23T17:06:17.177961+00:00, run_after=2025-01-24T17:06:17.177961+00:00
[2025-01-24T17:06:17.213+0000] {processor.py:176} INFO - Processing /home/airflow/.local/lib/python3.7/site-packages/airflow/example_dags/example_short_circuit_operator.py took 0.166 seconds
[2025-01-24T11:52:10.267+0000] {processor.py:154} INFO - Started process (PID=83) to work on /home/airflow/.local/lib/python3.7/site-packages/airflow/example_dags/example_short_circuit_operator.py
[2025-01-24T11:52:10.269+0000] {processor.py:756} INFO - Processing file /home/airflow/.local/lib/python3.7/site-packages/airflow/example_dags/example_short_circuit_operator.py for tasks to queue
[2025-01-24T11:52:10.270+0000] {logging_mixin.py:120} INFO - [2025-01-24T11:52:10.270+0000] {dagbag.py:537} INFO - Filling up the DagBag from /home/airflow/.local/lib/python3.7/site-packages/airflow/example_dags/example_short_circuit_operator.py
[2025-01-24T11:52:10.309+0000] {processor.py:766} INFO - DAG(s) dict_keys(['example_short_circuit_operator']) retrieved from /home/airflow/.local/lib/python3.7/site-packages/airflow/example_dags/example_short_circuit_operator.py
[2025-01-24T11:52:10.386+0000] {logging_mixin.py:120} INFO - [2025-01-24T11:52:10.385+0000] {dag.py:2585} INFO - Sync 1 DAGs
[2025-01-24T11:52:10.423+0000] {logging_mixin.py:120} INFO - [2025-01-24T11:52:10.422+0000] {dag.py:3340} INFO - Setting next_dagrun for example_short_circuit_operator to 2025-01-23T11:52:10.422584+00:00, run_after=2025-01-24T11:52:10.422584+00:00
[2025-01-24T11:52:10.464+0000] {processor.py:176} INFO - Processing /home/airflow/.local/lib/python3.7/site-packages/airflow/example_dags/example_short_circuit_operator.py took 0.205 seconds
[2025-01-24T11:52:41.908+0000] {processor.py:154} INFO - Started process (PID=146) to work on /home/airflow/.local/lib/python3.7/site-packages/airflow/example_dags/example_short_circuit_operator.py
[2025-01-24T11:52:41.911+0000] {processor.py:756} INFO - Processing file /home/airflow/.local/lib/python3.7/site-packages/airflow/example_dags/example_short_circuit_operator.py for tasks to queue
[2025-01-24T11:52:41.912+0000] {logging_mixin.py:120} INFO - [2025-01-24T11:52:41.912+0000] {dagbag.py:537} INFO - Filling up the DagBag from /home/airflow/.local/lib/python3.7/site-packages/airflow/example_dags/example_short_circuit_operator.py
[2025-01-24T11:52:41.957+0000] {processor.py:766} INFO - DAG(s) dict_keys(['example_short_circuit_operator']) retrieved from /home/airflow/.local/lib/python3.7/site-packages/airflow/example_dags/example_short_circuit_operator.py
[2025-01-24T11:52:42.065+0000] {logging_mixin.py:120} INFO - [2025-01-24T11:52:42.064+0000] {dag.py:2585} INFO - Sync 1 DAGs
[2025-01-24T11:52:42.155+0000] {logging_mixin.py:120} INFO - [2025-01-24T11:52:42.155+0000] {dag.py:3340} INFO - Setting next_dagrun for example_short_circuit_operator to 2025-01-23T11:52:42.154867+00:00, run_after=2025-01-24T11:52:42.154867+00:00
[2025-01-24T11:52:42.223+0000] {processor.py:176} INFO - Processing /home/airflow/.local/lib/python3.7/site-packages/airflow/example_dags/example_short_circuit_operator.py took 0.325 seconds
[2025-01-24T11:53:12.460+0000] {processor.py:154} INFO - Started process (PID=202) to work on /home/airflow/.local/lib/python3.7/site-packages/airflow/example_dags/example_short_circuit_operator.py
[2025-01-24T11:53:12.461+0000] {processor.py:756} INFO - Processing file /home/airflow/.local/lib/python3.7/site-packages/airflow/example_dags/example_short_circuit_operator.py for tasks to queue
[2025-01-24T11:53:12.462+0000] {logging_mixin.py:120} INFO - [2025-01-24T11:53:12.462+0000] {dagbag.py:537} INFO - Filling up the DagBag from /home/airflow/.local/lib/python3.7/site-packages/airflow/example_dags/example_short_circuit_operator.py
[2025-01-24T11:53:12.484+0000] {processor.py:766} INFO - DAG(s) dict_keys(['example_short_circuit_operator']) retrieved from /home/airflow/.local/lib/python3.7/site-packages/airflow/example_dags/example_short_circuit_operator.py
[2025-01-24T11:53:12.540+0000] {logging_mixin.py:120} INFO - [2025-01-24T11:53:12.539+0000] {dag.py:2585} INFO - Sync 1 DAGs
[2025-01-24T11:53:12.587+0000] {logging_mixin.py:120} INFO - [2025-01-24T11:53:12.587+0000] {dag.py:3340} INFO - Setting next_dagrun for example_short_circuit_operator to 2025-01-23T11:53:12.587299+00:00, run_after=2025-01-24T11:53:12.587299+00:00
[2025-01-24T11:53:12.619+0000] {processor.py:176} INFO - Processing /home/airflow/.local/lib/python3.7/site-packages/airflow/example_dags/example_short_circuit_operator.py took 0.164 seconds
[2025-01-24T11:53:43.175+0000] {processor.py:154} INFO - Started process (PID=266) to work on /home/airflow/.local/lib/python3.7/site-packages/airflow/example_dags/example_short_circuit_operator.py
[2025-01-24T11:53:43.176+0000] {processor.py:756} INFO - Processing file /home/airflow/.local/lib/python3.7/site-packages/airflow/example_dags/example_short_circuit_operator.py for tasks to queue
[2025-01-24T11:53:43.177+0000] {logging_mixin.py:120} INFO - [2025-01-24T11:53:43.177+0000] {dagbag.py:537} INFO - Filling up the DagBag from /home/airflow/.local/lib/python3.7/site-packages/airflow/example_dags/example_short_circuit_operator.py
[2025-01-24T11:53:43.199+0000] {processor.py:766} INFO - DAG(s) dict_keys(['example_short_circuit_operator']) retrieved from /home/airflow/.local/lib/python3.7/site-packages/airflow/example_dags/example_short_circuit_operator.py
[2025-01-24T11:53:43.264+0000] {logging_mixin.py:120} INFO - [2025-01-24T11:53:43.263+0000] {dag.py:2585} INFO - Sync 1 DAGs
[2025-01-24T11:53:43.305+0000] {logging_mixin.py:120} INFO - [2025-01-24T11:53:43.305+0000] {dag.py:3340} INFO - Setting next_dagrun for example_short_circuit_operator to 2025-01-23T11:53:43.305112+00:00, run_after=2025-01-24T11:53:43.305112+00:00
[2025-01-24T11:53:43.339+0000] {processor.py:176} INFO - Processing /home/airflow/.local/lib/python3.7/site-packages/airflow/example_dags/example_short_circuit_operator.py took 0.168 seconds
[2025-01-24T11:54:13.475+0000] {processor.py:154} INFO - Started process (PID=321) to work on /home/airflow/.local/lib/python3.7/site-packages/airflow/example_dags/example_short_circuit_operator.py
[2025-01-24T11:54:13.477+0000] {processor.py:756} INFO - Processing file /home/airflow/.local/lib/python3.7/site-packages/airflow/example_dags/example_short_circuit_operator.py for tasks to queue
[2025-01-24T11:54:13.477+0000] {logging_mixin.py:120} INFO - [2025-01-24T11:54:13.477+0000] {dagbag.py:537} INFO - Filling up the DagBag from /home/airflow/.local/lib/python3.7/site-packages/airflow/example_dags/example_short_circuit_operator.py
[2025-01-24T11:54:13.505+0000] {processor.py:766} INFO - DAG(s) dict_keys(['example_short_circuit_operator']) retrieved from /home/airflow/.local/lib/python3.7/site-packages/airflow/example_dags/example_short_circuit_operator.py
[2025-01-24T11:54:13.572+0000] {logging_mixin.py:120} INFO - [2025-01-24T11:54:13.572+0000] {dag.py:2585} INFO - Sync 1 DAGs
[2025-01-24T11:54:13.615+0000] {logging_mixin.py:120} INFO - [2025-01-24T11:54:13.614+0000] {dag.py:3340} INFO - Setting next_dagrun for example_short_circuit_operator to 2025-01-23T11:54:13.614146+00:00, run_after=2025-01-24T11:54:13.614146+00:00
[2025-01-24T11:54:13.654+0000] {processor.py:176} INFO - Processing /home/airflow/.local/lib/python3.7/site-packages/airflow/example_dags/example_short_circuit_operator.py took 0.183 seconds
[2025-01-24T11:54:44.560+0000] {processor.py:154} INFO - Started process (PID=385) to work on /home/airflow/.local/lib/python3.7/site-packages/airflow/example_dags/example_short_circuit_operator.py
[2025-01-24T11:54:44.561+0000] {processor.py:756} INFO - Processing file /home/airflow/.local/lib/python3.7/site-packages/airflow/example_dags/example_short_circuit_operator.py for tasks to queue
[2025-01-24T11:54:44.562+0000] {logging_mixin.py:120} INFO - [2025-01-24T11:54:44.562+0000] {dagbag.py:537} INFO - Filling up the DagBag from /home/airflow/.local/lib/python3.7/site-packages/airflow/example_dags/example_short_circuit_operator.py
[2025-01-24T11:54:44.587+0000] {processor.py:766} INFO - DAG(s) dict_keys(['example_short_circuit_operator']) retrieved from /home/airflow/.local/lib/python3.7/site-packages/airflow/example_dags/example_short_circuit_operator.py
[2025-01-24T11:54:44.648+0000] {logging_mixin.py:120} INFO - [2025-01-24T11:54:44.648+0000] {dag.py:2585} INFO - Sync 1 DAGs
[2025-01-24T11:54:44.695+0000] {logging_mixin.py:120} INFO - [2025-01-24T11:54:44.694+0000] {dag.py:3340} INFO - Setting next_dagrun for example_short_circuit_operator to 2025-01-23T11:54:44.694391+00:00, run_after=2025-01-24T11:54:44.694391+00:00
[2025-01-24T11:54:44.727+0000] {processor.py:176} INFO - Processing /home/airflow/.local/lib/python3.7/site-packages/airflow/example_dags/example_short_circuit_operator.py took 0.173 seconds
[2025-01-24T11:55:15.179+0000] {processor.py:154} INFO - Started process (PID=449) to work on /home/airflow/.local/lib/python3.7/site-packages/airflow/example_dags/example_short_circuit_operator.py
[2025-01-24T11:55:15.180+0000] {processor.py:756} INFO - Processing file /home/airflow/.local/lib/python3.7/site-packages/airflow/example_dags/example_short_circuit_operator.py for tasks to queue
[2025-01-24T11:55:15.181+0000] {logging_mixin.py:120} INFO - [2025-01-24T11:55:15.181+0000] {dagbag.py:537} INFO - Filling up the DagBag from /home/airflow/.local/lib/python3.7/site-packages/airflow/example_dags/example_short_circuit_operator.py
[2025-01-24T11:55:15.207+0000] {processor.py:766} INFO - DAG(s) dict_keys(['example_short_circuit_operator']) retrieved from /home/airflow/.local/lib/python3.7/site-packages/airflow/example_dags/example_short_circuit_operator.py
[2025-01-24T11:55:15.281+0000] {logging_mixin.py:120} INFO - [2025-01-24T11:55:15.280+0000] {dag.py:2585} INFO - Sync 1 DAGs
[2025-01-24T11:55:15.328+0000] {logging_mixin.py:120} INFO - [2025-01-24T11:55:15.328+0000] {dag.py:3340} INFO - Setting next_dagrun for example_short_circuit_operator to 2025-01-23T11:55:15.327935+00:00, run_after=2025-01-24T11:55:15.327935+00:00
[2025-01-24T11:55:15.369+0000] {processor.py:176} INFO - Processing /home/airflow/.local/lib/python3.7/site-packages/airflow/example_dags/example_short_circuit_operator.py took 0.196 seconds
[2025-01-24T11:55:45.575+0000] {processor.py:154} INFO - Started process (PID=504) to work on /home/airflow/.local/lib/python3.7/site-packages/airflow/example_dags/example_short_circuit_operator.py
[2025-01-24T11:55:45.576+0000] {processor.py:756} INFO - Processing file /home/airflow/.local/lib/python3.7/site-packages/airflow/example_dags/example_short_circuit_operator.py for tasks to queue
[2025-01-24T11:55:45.577+0000] {logging_mixin.py:120} INFO - [2025-01-24T11:55:45.577+0000] {dagbag.py:537} INFO - Filling up the DagBag from /home/airflow/.local/lib/python3.7/site-packages/airflow/example_dags/example_short_circuit_operator.py
[2025-01-24T11:55:45.607+0000] {processor.py:766} INFO - DAG(s) dict_keys(['example_short_circuit_operator']) retrieved from /home/airflow/.local/lib/python3.7/site-packages/airflow/example_dags/example_short_circuit_operator.py
[2025-01-24T11:55:45.684+0000] {logging_mixin.py:120} INFO - [2025-01-24T11:55:45.684+0000] {dag.py:2585} INFO - Sync 1 DAGs
[2025-01-24T11:55:45.734+0000] {logging_mixin.py:120} INFO - [2025-01-24T11:55:45.733+0000] {dag.py:3340} INFO - Setting next_dagrun for example_short_circuit_operator to 2025-01-23T11:55:45.733187+00:00, run_after=2025-01-24T11:55:45.733187+00:00
[2025-01-24T11:55:45.778+0000] {processor.py:176} INFO - Processing /home/airflow/.local/lib/python3.7/site-packages/airflow/example_dags/example_short_circuit_operator.py took 0.209 seconds
[2025-01-24T11:56:16.343+0000] {processor.py:154} INFO - Started process (PID=569) to work on /home/airflow/.local/lib/python3.7/site-packages/airflow/example_dags/example_short_circuit_operator.py
[2025-01-24T11:56:16.344+0000] {processor.py:756} INFO - Processing file /home/airflow/.local/lib/python3.7/site-packages/airflow/example_dags/example_short_circuit_operator.py for tasks to queue
[2025-01-24T11:56:16.345+0000] {logging_mixin.py:120} INFO - [2025-01-24T11:56:16.345+0000] {dagbag.py:537} INFO - Filling up the DagBag from /home/airflow/.local/lib/python3.7/site-packages/airflow/example_dags/example_short_circuit_operator.py
[2025-01-24T11:56:16.369+0000] {processor.py:766} INFO - DAG(s) dict_keys(['example_short_circuit_operator']) retrieved from /home/airflow/.local/lib/python3.7/site-packages/airflow/example_dags/example_short_circuit_operator.py
[2025-01-24T11:56:16.434+0000] {logging_mixin.py:120} INFO - [2025-01-24T11:56:16.434+0000] {dag.py:2585} INFO - Sync 1 DAGs
[2025-01-24T11:56:16.479+0000] {logging_mixin.py:120} INFO - [2025-01-24T11:56:16.478+0000] {dag.py:3340} INFO - Setting next_dagrun for example_short_circuit_operator to 2025-01-23T11:56:16.478448+00:00, run_after=2025-01-24T11:56:16.478448+00:00
[2025-01-24T11:56:16.513+0000] {processor.py:176} INFO - Processing /home/airflow/.local/lib/python3.7/site-packages/airflow/example_dags/example_short_circuit_operator.py took 0.176 seconds
[2025-01-24T11:56:46.912+0000] {processor.py:154} INFO - Started process (PID=624) to work on /home/airflow/.local/lib/python3.7/site-packages/airflow/example_dags/example_short_circuit_operator.py
[2025-01-24T11:56:46.914+0000] {processor.py:756} INFO - Processing file /home/airflow/.local/lib/python3.7/site-packages/airflow/example_dags/example_short_circuit_operator.py for tasks to queue
[2025-01-24T11:56:46.914+0000] {logging_mixin.py:120} INFO - [2025-01-24T11:56:46.914+0000] {dagbag.py:537} INFO - Filling up the DagBag from /home/airflow/.local/lib/python3.7/site-packages/airflow/example_dags/example_short_circuit_operator.py
[2025-01-24T11:56:46.939+0000] {processor.py:766} INFO - DAG(s) dict_keys(['example_short_circuit_operator']) retrieved from /home/airflow/.local/lib/python3.7/site-packages/airflow/example_dags/example_short_circuit_operator.py
[2025-01-24T11:56:46.999+0000] {logging_mixin.py:120} INFO - [2025-01-24T11:56:46.999+0000] {dag.py:2585} INFO - Sync 1 DAGs
[2025-01-24T11:56:47.040+0000] {logging_mixin.py:120} INFO - [2025-01-24T11:56:47.040+0000] {dag.py:3340} INFO - Setting next_dagrun for example_short_circuit_operator to 2025-01-23T11:56:47.040208+00:00, run_after=2025-01-24T11:56:47.040208+00:00
[2025-01-24T11:56:47.073+0000] {processor.py:176} INFO - Processing /home/airflow/.local/lib/python3.7/site-packages/airflow/example_dags/example_short_circuit_operator.py took 0.164 seconds
[2025-01-24T11:57:17.430+0000] {processor.py:154} INFO - Started process (PID=688) to work on /home/airflow/.local/lib/python3.7/site-packages/airflow/example_dags/example_short_circuit_operator.py
[2025-01-24T11:57:17.431+0000] {processor.py:756} INFO - Processing file /home/airflow/.local/lib/python3.7/site-packages/airflow/example_dags/example_short_circuit_operator.py for tasks to queue
[2025-01-24T11:57:17.432+0000] {logging_mixin.py:120} INFO - [2025-01-24T11:57:17.431+0000] {dagbag.py:537} INFO - Filling up the DagBag from /home/airflow/.local/lib/python3.7/site-packages/airflow/example_dags/example_short_circuit_operator.py
[2025-01-24T11:57:17.450+0000] {processor.py:766} INFO - DAG(s) dict_keys(['example_short_circuit_operator']) retrieved from /home/airflow/.local/lib/python3.7/site-packages/airflow/example_dags/example_short_circuit_operator.py
[2025-01-24T11:57:17.500+0000] {logging_mixin.py:120} INFO - [2025-01-24T11:57:17.500+0000] {dag.py:2585} INFO - Sync 1 DAGs
[2025-01-24T11:57:17.537+0000] {logging_mixin.py:120} INFO - [2025-01-24T11:57:17.537+0000] {dag.py:3340} INFO - Setting next_dagrun for example_short_circuit_operator to 2025-01-23T11:57:17.536928+00:00, run_after=2025-01-24T11:57:17.536928+00:00
[2025-01-24T11:57:17.563+0000] {processor.py:176} INFO - Processing /home/airflow/.local/lib/python3.7/site-packages/airflow/example_dags/example_short_circuit_operator.py took 0.137 seconds
[2025-01-24T11:57:48.229+0000] {processor.py:154} INFO - Started process (PID=752) to work on /home/airflow/.local/lib/python3.7/site-packages/airflow/example_dags/example_short_circuit_operator.py
[2025-01-24T11:57:48.230+0000] {processor.py:756} INFO - Processing file /home/airflow/.local/lib/python3.7/site-packages/airflow/example_dags/example_short_circuit_operator.py for tasks to queue
[2025-01-24T11:57:48.231+0000] {logging_mixin.py:120} INFO - [2025-01-24T11:57:48.230+0000] {dagbag.py:537} INFO - Filling up the DagBag from /home/airflow/.local/lib/python3.7/site-packages/airflow/example_dags/example_short_circuit_operator.py
[2025-01-24T11:57:48.254+0000] {processor.py:766} INFO - DAG(s) dict_keys(['example_short_circuit_operator']) retrieved from /home/airflow/.local/lib/python3.7/site-packages/airflow/example_dags/example_short_circuit_operator.py
[2025-01-24T11:57:48.311+0000] {logging_mixin.py:120} INFO - [2025-01-24T11:57:48.310+0000] {dag.py:2585} INFO - Sync 1 DAGs
[2025-01-24T11:57:48.345+0000] {logging_mixin.py:120} INFO - [2025-01-24T11:57:48.344+0000] {dag.py:3340} INFO - Setting next_dagrun for example_short_circuit_operator to 2025-01-23T11:57:48.344476+00:00, run_after=2025-01-24T11:57:48.344476+00:00
[2025-01-24T11:57:48.378+0000] {processor.py:176} INFO - Processing /home/airflow/.local/lib/python3.7/site-packages/airflow/example_dags/example_short_circuit_operator.py took 0.153 seconds
[2025-01-24T11:58:18.429+0000] {processor.py:154} INFO - Started process (PID=808) to work on /home/airflow/.local/lib/python3.7/site-packages/airflow/example_dags/example_short_circuit_operator.py
[2025-01-24T11:58:18.430+0000] {processor.py:756} INFO - Processing file /home/airflow/.local/lib/python3.7/site-packages/airflow/example_dags/example_short_circuit_operator.py for tasks to queue
[2025-01-24T11:58:18.430+0000] {logging_mixin.py:120} INFO - [2025-01-24T11:58:18.430+0000] {dagbag.py:537} INFO - Filling up the DagBag from /home/airflow/.local/lib/python3.7/site-packages/airflow/example_dags/example_short_circuit_operator.py
[2025-01-24T11:58:18.453+0000] {processor.py:766} INFO - DAG(s) dict_keys(['example_short_circuit_operator']) retrieved from /home/airflow/.local/lib/python3.7/site-packages/airflow/example_dags/example_short_circuit_operator.py
[2025-01-24T11:58:18.518+0000] {logging_mixin.py:120} INFO - [2025-01-24T11:58:18.518+0000] {dag.py:2585} INFO - Sync 1 DAGs
[2025-01-24T11:58:18.555+0000] {logging_mixin.py:120} INFO - [2025-01-24T11:58:18.555+0000] {dag.py:3340} INFO - Setting next_dagrun for example_short_circuit_operator to 2025-01-23T11:58:18.555375+00:00, run_after=2025-01-24T11:58:18.555375+00:00
[2025-01-24T11:58:18.592+0000] {processor.py:176} INFO - Processing /home/airflow/.local/lib/python3.7/site-packages/airflow/example_dags/example_short_circuit_operator.py took 0.168 seconds
[2025-01-24T11:58:48.961+0000] {processor.py:154} INFO - Started process (PID=872) to work on /home/airflow/.local/lib/python3.7/site-packages/airflow/example_dags/example_short_circuit_operator.py
[2025-01-24T11:58:48.962+0000] {processor.py:756} INFO - Processing file /home/airflow/.local/lib/python3.7/site-packages/airflow/example_dags/example_short_circuit_operator.py for tasks to queue
[2025-01-24T11:58:48.963+0000] {logging_mixin.py:120} INFO - [2025-01-24T11:58:48.963+0000] {dagbag.py:537} INFO - Filling up the DagBag from /home/airflow/.local/lib/python3.7/site-packages/airflow/example_dags/example_short_circuit_operator.py
[2025-01-24T11:58:48.991+0000] {processor.py:766} INFO - DAG(s) dict_keys(['example_short_circuit_operator']) retrieved from /home/airflow/.local/lib/python3.7/site-packages/airflow/example_dags/example_short_circuit_operator.py
[2025-01-24T11:58:49.048+0000] {logging_mixin.py:120} INFO - [2025-01-24T11:58:49.048+0000] {dag.py:2585} INFO - Sync 1 DAGs
[2025-01-24T11:58:49.084+0000] {logging_mixin.py:120} INFO - [2025-01-24T11:58:49.084+0000] {dag.py:3340} INFO - Setting next_dagrun for example_short_circuit_operator to 2025-01-23T11:58:49.083820+00:00, run_after=2025-01-24T11:58:49.083820+00:00
[2025-01-24T11:58:49.114+0000] {processor.py:176} INFO - Processing /home/airflow/.local/lib/python3.7/site-packages/airflow/example_dags/example_short_circuit_operator.py took 0.159 seconds
[2025-01-24T11:59:19.469+0000] {processor.py:154} INFO - Started process (PID=927) to work on /home/airflow/.local/lib/python3.7/site-packages/airflow/example_dags/example_short_circuit_operator.py
[2025-01-24T11:59:19.471+0000] {processor.py:756} INFO - Processing file /home/airflow/.local/lib/python3.7/site-packages/airflow/example_dags/example_short_circuit_operator.py for tasks to queue
[2025-01-24T11:59:19.472+0000] {logging_mixin.py:120} INFO - [2025-01-24T11:59:19.472+0000] {dagbag.py:537} INFO - Filling up the DagBag from /home/airflow/.local/lib/python3.7/site-packages/airflow/example_dags/example_short_circuit_operator.py
[2025-01-24T11:59:19.499+0000] {processor.py:766} INFO - DAG(s) dict_keys(['example_short_circuit_operator']) retrieved from /home/airflow/.local/lib/python3.7/site-packages/airflow/example_dags/example_short_circuit_operator.py
[2025-01-24T11:59:19.562+0000] {logging_mixin.py:120} INFO - [2025-01-24T11:59:19.562+0000] {dag.py:2585} INFO - Sync 1 DAGs
[2025-01-24T11:59:19.604+0000] {logging_mixin.py:120} INFO - [2025-01-24T11:59:19.604+0000] {dag.py:3340} INFO - Setting next_dagrun for example_short_circuit_operator to 2025-01-23T11:59:19.603989+00:00, run_after=2025-01-24T11:59:19.603989+00:00
[2025-01-24T11:59:19.645+0000] {processor.py:176} INFO - Processing /home/airflow/.local/lib/python3.7/site-packages/airflow/example_dags/example_short_circuit_operator.py took 0.181 seconds
[2025-01-24T11:59:49.845+0000] {processor.py:154} INFO - Started process (PID=991) to work on /home/airflow/.local/lib/python3.7/site-packages/airflow/example_dags/example_short_circuit_operator.py
[2025-01-24T11:59:49.846+0000] {processor.py:756} INFO - Processing file /home/airflow/.local/lib/python3.7/site-packages/airflow/example_dags/example_short_circuit_operator.py for tasks to queue
[2025-01-24T11:59:49.847+0000] {logging_mixin.py:120} INFO - [2025-01-24T11:59:49.846+0000] {dagbag.py:537} INFO - Filling up the DagBag from /home/airflow/.local/lib/python3.7/site-packages/airflow/example_dags/example_short_circuit_operator.py
[2025-01-24T11:59:49.864+0000] {processor.py:766} INFO - DAG(s) dict_keys(['example_short_circuit_operator']) retrieved from /home/airflow/.local/lib/python3.7/site-packages/airflow/example_dags/example_short_circuit_operator.py
[2025-01-24T11:59:49.909+0000] {logging_mixin.py:120} INFO - [2025-01-24T11:59:49.909+0000] {dag.py:2585} INFO - Sync 1 DAGs
[2025-01-24T11:59:49.936+0000] {logging_mixin.py:120} INFO - [2025-01-24T11:59:49.936+0000] {dag.py:3340} INFO - Setting next_dagrun for example_short_circuit_operator to 2025-01-23T11:59:49.936105+00:00, run_after=2025-01-24T11:59:49.936105+00:00
[2025-01-24T11:59:49.963+0000] {processor.py:176} INFO - Processing /home/airflow/.local/lib/python3.7/site-packages/airflow/example_dags/example_short_circuit_operator.py took 0.121 seconds
[2025-01-24T12:00:20.378+0000] {processor.py:154} INFO - Started process (PID=1055) to work on /home/airflow/.local/lib/python3.7/site-packages/airflow/example_dags/example_short_circuit_operator.py
[2025-01-24T12:00:20.379+0000] {processor.py:756} INFO - Processing file /home/airflow/.local/lib/python3.7/site-packages/airflow/example_dags/example_short_circuit_operator.py for tasks to queue
[2025-01-24T12:00:20.379+0000] {logging_mixin.py:120} INFO - [2025-01-24T12:00:20.379+0000] {dagbag.py:537} INFO - Filling up the DagBag from /home/airflow/.local/lib/python3.7/site-packages/airflow/example_dags/example_short_circuit_operator.py
[2025-01-24T12:00:20.398+0000] {processor.py:766} INFO - DAG(s) dict_keys(['example_short_circuit_operator']) retrieved from /home/airflow/.local/lib/python3.7/site-packages/airflow/example_dags/example_short_circuit_operator.py
[2025-01-24T12:00:20.449+0000] {logging_mixin.py:120} INFO - [2025-01-24T12:00:20.449+0000] {dag.py:2585} INFO - Sync 1 DAGs
[2025-01-24T12:00:20.478+0000] {logging_mixin.py:120} INFO - [2025-01-24T12:00:20.478+0000] {dag.py:3340} INFO - Setting next_dagrun for example_short_circuit_operator to 2025-01-23T12:00:20.478476+00:00, run_after=2025-01-24T12:00:20.478476+00:00
[2025-01-24T12:00:20.503+0000] {processor.py:176} INFO - Processing /home/airflow/.local/lib/python3.7/site-packages/airflow/example_dags/example_short_circuit_operator.py took 0.129 seconds
[2025-01-24T12:00:51.185+0000] {processor.py:154} INFO - Started process (PID=1110) to work on /home/airflow/.local/lib/python3.7/site-packages/airflow/example_dags/example_short_circuit_operator.py
[2025-01-24T12:00:51.186+0000] {processor.py:756} INFO - Processing file /home/airflow/.local/lib/python3.7/site-packages/airflow/example_dags/example_short_circuit_operator.py for tasks to queue
[2025-01-24T12:00:51.187+0000] {logging_mixin.py:120} INFO - [2025-01-24T12:00:51.187+0000] {dagbag.py:537} INFO - Filling up the DagBag from /home/airflow/.local/lib/python3.7/site-packages/airflow/example_dags/example_short_circuit_operator.py
[2025-01-24T12:00:51.211+0000] {processor.py:766} INFO - DAG(s) dict_keys(['example_short_circuit_operator']) retrieved from /home/airflow/.local/lib/python3.7/site-packages/airflow/example_dags/example_short_circuit_operator.py
[2025-01-24T12:00:51.275+0000] {logging_mixin.py:120} INFO - [2025-01-24T12:00:51.275+0000] {dag.py:2585} INFO - Sync 1 DAGs
[2025-01-24T12:00:51.320+0000] {logging_mixin.py:120} INFO - [2025-01-24T12:00:51.319+0000] {dag.py:3340} INFO - Setting next_dagrun for example_short_circuit_operator to 2025-01-23T12:00:51.319238+00:00, run_after=2025-01-24T12:00:51.319238+00:00
[2025-01-24T12:00:51.360+0000] {processor.py:176} INFO - Processing /home/airflow/.local/lib/python3.7/site-packages/airflow/example_dags/example_short_circuit_operator.py took 0.180 seconds
[2025-01-24T12:01:21.432+0000] {processor.py:154} INFO - Started process (PID=1175) to work on /home/airflow/.local/lib/python3.7/site-packages/airflow/example_dags/example_short_circuit_operator.py
[2025-01-24T12:01:21.433+0000] {processor.py:756} INFO - Processing file /home/airflow/.local/lib/python3.7/site-packages/airflow/example_dags/example_short_circuit_operator.py for tasks to queue
[2025-01-24T12:01:21.434+0000] {logging_mixin.py:120} INFO - [2025-01-24T12:01:21.434+0000] {dagbag.py:537} INFO - Filling up the DagBag from /home/airflow/.local/lib/python3.7/site-packages/airflow/example_dags/example_short_circuit_operator.py
[2025-01-24T12:01:21.457+0000] {processor.py:766} INFO - DAG(s) dict_keys(['example_short_circuit_operator']) retrieved from /home/airflow/.local/lib/python3.7/site-packages/airflow/example_dags/example_short_circuit_operator.py
[2025-01-24T12:01:21.517+0000] {logging_mixin.py:120} INFO - [2025-01-24T12:01:21.516+0000] {dag.py:2585} INFO - Sync 1 DAGs
[2025-01-24T12:01:21.555+0000] {logging_mixin.py:120} INFO - [2025-01-24T12:01:21.555+0000] {dag.py:3340} INFO - Setting next_dagrun for example_short_circuit_operator to 2025-01-23T12:01:21.554741+00:00, run_after=2025-01-24T12:01:21.554741+00:00
[2025-01-24T12:01:21.587+0000] {processor.py:176} INFO - Processing /home/airflow/.local/lib/python3.7/site-packages/airflow/example_dags/example_short_circuit_operator.py took 0.159 seconds
[2025-01-24T12:01:52.683+0000] {processor.py:154} INFO - Started process (PID=1240) to work on /home/airflow/.local/lib/python3.7/site-packages/airflow/example_dags/example_short_circuit_operator.py
[2025-01-24T12:01:52.684+0000] {processor.py:756} INFO - Processing file /home/airflow/.local/lib/python3.7/site-packages/airflow/example_dags/example_short_circuit_operator.py for tasks to queue
[2025-01-24T12:01:52.686+0000] {logging_mixin.py:120} INFO - [2025-01-24T12:01:52.686+0000] {dagbag.py:537} INFO - Filling up the DagBag from /home/airflow/.local/lib/python3.7/site-packages/airflow/example_dags/example_short_circuit_operator.py
[2025-01-24T12:01:52.713+0000] {processor.py:766} INFO - DAG(s) dict_keys(['example_short_circuit_operator']) retrieved from /home/airflow/.local/lib/python3.7/site-packages/airflow/example_dags/example_short_circuit_operator.py
[2025-01-24T12:01:52.785+0000] {logging_mixin.py:120} INFO - [2025-01-24T12:01:52.785+0000] {dag.py:2585} INFO - Sync 1 DAGs
[2025-01-24T12:01:52.831+0000] {logging_mixin.py:120} INFO - [2025-01-24T12:01:52.831+0000] {dag.py:3340} INFO - Setting next_dagrun for example_short_circuit_operator to 2025-01-23T12:01:52.831107+00:00, run_after=2025-01-24T12:01:52.831107+00:00
[2025-01-24T12:01:52.883+0000] {processor.py:176} INFO - Processing /home/airflow/.local/lib/python3.7/site-packages/airflow/example_dags/example_short_circuit_operator.py took 0.204 seconds
[2025-01-24T12:02:23.210+0000] {processor.py:154} INFO - Started process (PID=1295) to work on /home/airflow/.local/lib/python3.7/site-packages/airflow/example_dags/example_short_circuit_operator.py
[2025-01-24T12:02:23.211+0000] {processor.py:756} INFO - Processing file /home/airflow/.local/lib/python3.7/site-packages/airflow/example_dags/example_short_circuit_operator.py for tasks to queue
[2025-01-24T12:02:23.212+0000] {logging_mixin.py:120} INFO - [2025-01-24T12:02:23.211+0000] {dagbag.py:537} INFO - Filling up the DagBag from /home/airflow/.local/lib/python3.7/site-packages/airflow/example_dags/example_short_circuit_operator.py
[2025-01-24T12:02:23.236+0000] {processor.py:766} INFO - DAG(s) dict_keys(['example_short_circuit_operator']) retrieved from /home/airflow/.local/lib/python3.7/site-packages/airflow/example_dags/example_short_circuit_operator.py
[2025-01-24T12:02:23.299+0000] {logging_mixin.py:120} INFO - [2025-01-24T12:02:23.298+0000] {dag.py:2585} INFO - Sync 1 DAGs
[2025-01-24T12:02:23.336+0000] {logging_mixin.py:120} INFO - [2025-01-24T12:02:23.336+0000] {dag.py:3340} INFO - Setting next_dagrun for example_short_circuit_operator to 2025-01-23T12:02:23.335768+00:00, run_after=2025-01-24T12:02:23.335768+00:00
[2025-01-24T12:02:23.366+0000] {processor.py:176} INFO - Processing /home/airflow/.local/lib/python3.7/site-packages/airflow/example_dags/example_short_circuit_operator.py took 0.163 seconds
[2025-01-24T12:02:53.663+0000] {processor.py:154} INFO - Started process (PID=1359) to work on /home/airflow/.local/lib/python3.7/site-packages/airflow/example_dags/example_short_circuit_operator.py
[2025-01-24T12:02:53.665+0000] {processor.py:756} INFO - Processing file /home/airflow/.local/lib/python3.7/site-packages/airflow/example_dags/example_short_circuit_operator.py for tasks to queue
[2025-01-24T12:02:53.666+0000] {logging_mixin.py:120} INFO - [2025-01-24T12:02:53.666+0000] {dagbag.py:537} INFO - Filling up the DagBag from /home/airflow/.local/lib/python3.7/site-packages/airflow/example_dags/example_short_circuit_operator.py
[2025-01-24T12:02:53.690+0000] {processor.py:766} INFO - DAG(s) dict_keys(['example_short_circuit_operator']) retrieved from /home/airflow/.local/lib/python3.7/site-packages/airflow/example_dags/example_short_circuit_operator.py
[2025-01-24T12:02:53.748+0000] {logging_mixin.py:120} INFO - [2025-01-24T12:02:53.748+0000] {dag.py:2585} INFO - Sync 1 DAGs
[2025-01-24T12:02:53.789+0000] {logging_mixin.py:120} INFO - [2025-01-24T12:02:53.789+0000] {dag.py:3340} INFO - Setting next_dagrun for example_short_circuit_operator to 2025-01-23T12:02:53.788919+00:00, run_after=2025-01-24T12:02:53.788919+00:00
[2025-01-24T12:02:53.837+0000] {processor.py:176} INFO - Processing /home/airflow/.local/lib/python3.7/site-packages/airflow/example_dags/example_short_circuit_operator.py took 0.179 seconds
[2025-01-24T12:03:23.887+0000] {processor.py:154} INFO - Started process (PID=1414) to work on /home/airflow/.local/lib/python3.7/site-packages/airflow/example_dags/example_short_circuit_operator.py
[2025-01-24T12:03:23.888+0000] {processor.py:756} INFO - Processing file /home/airflow/.local/lib/python3.7/site-packages/airflow/example_dags/example_short_circuit_operator.py for tasks to queue
[2025-01-24T12:03:23.889+0000] {logging_mixin.py:120} INFO - [2025-01-24T12:03:23.889+0000] {dagbag.py:537} INFO - Filling up the DagBag from /home/airflow/.local/lib/python3.7/site-packages/airflow/example_dags/example_short_circuit_operator.py
[2025-01-24T12:03:23.911+0000] {processor.py:766} INFO - DAG(s) dict_keys(['example_short_circuit_operator']) retrieved from /home/airflow/.local/lib/python3.7/site-packages/airflow/example_dags/example_short_circuit_operator.py
[2025-01-24T12:03:23.970+0000] {logging_mixin.py:120} INFO - [2025-01-24T12:03:23.969+0000] {dag.py:2585} INFO - Sync 1 DAGs
[2025-01-24T12:03:24.010+0000] {logging_mixin.py:120} INFO - [2025-01-24T12:03:24.010+0000] {dag.py:3340} INFO - Setting next_dagrun for example_short_circuit_operator to 2025-01-23T12:03:24.010199+00:00, run_after=2025-01-24T12:03:24.010199+00:00
[2025-01-24T12:03:24.043+0000] {processor.py:176} INFO - Processing /home/airflow/.local/lib/python3.7/site-packages/airflow/example_dags/example_short_circuit_operator.py took 0.161 seconds
[2025-01-24T12:03:54.399+0000] {processor.py:154} INFO - Started process (PID=1478) to work on /home/airflow/.local/lib/python3.7/site-packages/airflow/example_dags/example_short_circuit_operator.py
[2025-01-24T12:03:54.400+0000] {processor.py:756} INFO - Processing file /home/airflow/.local/lib/python3.7/site-packages/airflow/example_dags/example_short_circuit_operator.py for tasks to queue
[2025-01-24T12:03:54.401+0000] {logging_mixin.py:120} INFO - [2025-01-24T12:03:54.401+0000] {dagbag.py:537} INFO - Filling up the DagBag from /home/airflow/.local/lib/python3.7/site-packages/airflow/example_dags/example_short_circuit_operator.py
[2025-01-24T12:03:54.428+0000] {processor.py:766} INFO - DAG(s) dict_keys(['example_short_circuit_operator']) retrieved from /home/airflow/.local/lib/python3.7/site-packages/airflow/example_dags/example_short_circuit_operator.py
[2025-01-24T12:03:54.483+0000] {logging_mixin.py:120} INFO - [2025-01-24T12:03:54.483+0000] {dag.py:2585} INFO - Sync 1 DAGs
[2025-01-24T12:03:54.512+0000] {logging_mixin.py:120} INFO - [2025-01-24T12:03:54.511+0000] {dag.py:3340} INFO - Setting next_dagrun for example_short_circuit_operator to 2025-01-23T12:03:54.511567+00:00, run_after=2025-01-24T12:03:54.511567+00:00
[2025-01-24T12:03:54.543+0000] {processor.py:176} INFO - Processing /home/airflow/.local/lib/python3.7/site-packages/airflow/example_dags/example_short_circuit_operator.py took 0.150 seconds
[2025-01-24T12:04:25.281+0000] {processor.py:154} INFO - Started process (PID=1533) to work on /home/airflow/.local/lib/python3.7/site-packages/airflow/example_dags/example_short_circuit_operator.py
[2025-01-24T12:04:25.282+0000] {processor.py:756} INFO - Processing file /home/airflow/.local/lib/python3.7/site-packages/airflow/example_dags/example_short_circuit_operator.py for tasks to queue
[2025-01-24T12:04:25.283+0000] {logging_mixin.py:120} INFO - [2025-01-24T12:04:25.282+0000] {dagbag.py:537} INFO - Filling up the DagBag from /home/airflow/.local/lib/python3.7/site-packages/airflow/example_dags/example_short_circuit_operator.py
[2025-01-24T12:04:25.304+0000] {processor.py:766} INFO - DAG(s) dict_keys(['example_short_circuit_operator']) retrieved from /home/airflow/.local/lib/python3.7/site-packages/airflow/example_dags/example_short_circuit_operator.py
[2025-01-24T12:04:25.361+0000] {logging_mixin.py:120} INFO - [2025-01-24T12:04:25.361+0000] {dag.py:2585} INFO - Sync 1 DAGs
[2025-01-24T12:04:25.393+0000] {logging_mixin.py:120} INFO - [2025-01-24T12:04:25.393+0000] {dag.py:3340} INFO - Setting next_dagrun for example_short_circuit_operator to 2025-01-23T12:04:25.392771+00:00, run_after=2025-01-24T12:04:25.392771+00:00
[2025-01-24T12:04:25.422+0000] {processor.py:176} INFO - Processing /home/airflow/.local/lib/python3.7/site-packages/airflow/example_dags/example_short_circuit_operator.py took 0.145 seconds
[2025-01-24T12:04:55.690+0000] {processor.py:154} INFO - Started process (PID=1597) to work on /home/airflow/.local/lib/python3.7/site-packages/airflow/example_dags/example_short_circuit_operator.py
[2025-01-24T12:04:55.691+0000] {processor.py:756} INFO - Processing file /home/airflow/.local/lib/python3.7/site-packages/airflow/example_dags/example_short_circuit_operator.py for tasks to queue
[2025-01-24T12:04:55.691+0000] {logging_mixin.py:120} INFO - [2025-01-24T12:04:55.691+0000] {dagbag.py:537} INFO - Filling up the DagBag from /home/airflow/.local/lib/python3.7/site-packages/airflow/example_dags/example_short_circuit_operator.py
[2025-01-24T12:04:55.713+0000] {processor.py:766} INFO - DAG(s) dict_keys(['example_short_circuit_operator']) retrieved from /home/airflow/.local/lib/python3.7/site-packages/airflow/example_dags/example_short_circuit_operator.py
[2025-01-24T12:04:55.775+0000] {logging_mixin.py:120} INFO - [2025-01-24T12:04:55.774+0000] {dag.py:2585} INFO - Sync 1 DAGs
[2025-01-24T12:04:55.803+0000] {logging_mixin.py:120} INFO - [2025-01-24T12:04:55.803+0000] {dag.py:3340} INFO - Setting next_dagrun for example_short_circuit_operator to 2025-01-23T12:04:55.803317+00:00, run_after=2025-01-24T12:04:55.803317+00:00
[2025-01-24T12:04:55.829+0000] {processor.py:176} INFO - Processing /home/airflow/.local/lib/python3.7/site-packages/airflow/example_dags/example_short_circuit_operator.py took 0.143 seconds
[2025-01-24T12:05:26.795+0000] {processor.py:154} INFO - Started process (PID=1659) to work on /home/airflow/.local/lib/python3.7/site-packages/airflow/example_dags/example_short_circuit_operator.py
[2025-01-24T12:05:26.797+0000] {processor.py:756} INFO - Processing file /home/airflow/.local/lib/python3.7/site-packages/airflow/example_dags/example_short_circuit_operator.py for tasks to queue
[2025-01-24T12:05:26.798+0000] {logging_mixin.py:120} INFO - [2025-01-24T12:05:26.797+0000] {dagbag.py:537} INFO - Filling up the DagBag from /home/airflow/.local/lib/python3.7/site-packages/airflow/example_dags/example_short_circuit_operator.py
[2025-01-24T12:05:26.826+0000] {processor.py:766} INFO - DAG(s) dict_keys(['example_short_circuit_operator']) retrieved from /home/airflow/.local/lib/python3.7/site-packages/airflow/example_dags/example_short_circuit_operator.py
[2025-01-24T12:05:26.893+0000] {logging_mixin.py:120} INFO - [2025-01-24T12:05:26.893+0000] {dag.py:2585} INFO - Sync 1 DAGs
[2025-01-24T12:05:26.948+0000] {logging_mixin.py:120} INFO - [2025-01-24T12:05:26.948+0000] {dag.py:3340} INFO - Setting next_dagrun for example_short_circuit_operator to 2025-01-23T12:05:26.947874+00:00, run_after=2025-01-24T12:05:26.947874+00:00
[2025-01-24T12:05:26.991+0000] {processor.py:176} INFO - Processing /home/airflow/.local/lib/python3.7/site-packages/airflow/example_dags/example_short_circuit_operator.py took 0.201 seconds
[2025-01-24T12:05:57.185+0000] {processor.py:154} INFO - Started process (PID=1716) to work on /home/airflow/.local/lib/python3.7/site-packages/airflow/example_dags/example_short_circuit_operator.py
[2025-01-24T12:05:57.186+0000] {processor.py:756} INFO - Processing file /home/airflow/.local/lib/python3.7/site-packages/airflow/example_dags/example_short_circuit_operator.py for tasks to queue
[2025-01-24T12:05:57.187+0000] {logging_mixin.py:120} INFO - [2025-01-24T12:05:57.187+0000] {dagbag.py:537} INFO - Filling up the DagBag from /home/airflow/.local/lib/python3.7/site-packages/airflow/example_dags/example_short_circuit_operator.py
[2025-01-24T12:05:57.212+0000] {processor.py:766} INFO - DAG(s) dict_keys(['example_short_circuit_operator']) retrieved from /home/airflow/.local/lib/python3.7/site-packages/airflow/example_dags/example_short_circuit_operator.py
[2025-01-24T12:05:57.274+0000] {logging_mixin.py:120} INFO - [2025-01-24T12:05:57.273+0000] {dag.py:2585} INFO - Sync 1 DAGs
[2025-01-24T12:05:57.306+0000] {logging_mixin.py:120} INFO - [2025-01-24T12:05:57.306+0000] {dag.py:3340} INFO - Setting next_dagrun for example_short_circuit_operator to 2025-01-23T12:05:57.306176+00:00, run_after=2025-01-24T12:05:57.306176+00:00
[2025-01-24T12:05:57.335+0000] {processor.py:176} INFO - Processing /home/airflow/.local/lib/python3.7/site-packages/airflow/example_dags/example_short_circuit_operator.py took 0.154 seconds
