[2025-01-24T17:06:13.972+0000] {processor.py:154} INFO - Started process (PID=59) to work on /home/airflow/.local/lib/python3.7/site-packages/airflow/example_dags/example_branch_day_of_week_operator.py
[2025-01-24T17:06:13.973+0000] {processor.py:756} INFO - Processing file /home/airflow/.local/lib/python3.7/site-packages/airflow/example_dags/example_branch_day_of_week_operator.py for tasks to queue
[2025-01-24T17:06:13.974+0000] {logging_mixin.py:120} INFO - [2025-01-24T17:06:13.974+0000] {dagbag.py:537} INFO - Filling up the DagBag from /home/airflow/.local/lib/python3.7/site-packages/airflow/example_dags/example_branch_day_of_week_operator.py
[2025-01-24T17:06:13.999+0000] {processor.py:766} INFO - DAG(s) dict_keys(['example_weekday_branch_operator']) retrieved from /home/airflow/.local/lib/python3.7/site-packages/airflow/example_dags/example_branch_day_of_week_operator.py
[2025-01-24T17:06:14.061+0000] {logging_mixin.py:120} INFO - [2025-01-24T17:06:14.061+0000] {dag.py:2585} INFO - Sync 1 DAGs
[2025-01-24T17:06:14.105+0000] {logging_mixin.py:120} INFO - [2025-01-24T17:06:14.105+0000] {dag.py:3340} INFO - Setting next_dagrun for example_weekday_branch_operator to 2025-01-23T00:00:00+00:00, run_after=2025-01-24T00:00:00+00:00
[2025-01-24T17:06:14.147+0000] {processor.py:176} INFO - Processing /home/airflow/.local/lib/python3.7/site-packages/airflow/example_dags/example_branch_day_of_week_operator.py took 0.180 seconds
[2025-01-24T11:52:06.792+0000] {processor.py:154} INFO - Started process (PID=59) to work on /home/airflow/.local/lib/python3.7/site-packages/airflow/example_dags/example_branch_day_of_week_operator.py
[2025-01-24T11:52:06.794+0000] {processor.py:756} INFO - Processing file /home/airflow/.local/lib/python3.7/site-packages/airflow/example_dags/example_branch_day_of_week_operator.py for tasks to queue
[2025-01-24T11:52:06.795+0000] {logging_mixin.py:120} INFO - [2025-01-24T11:52:06.795+0000] {dagbag.py:537} INFO - Filling up the DagBag from /home/airflow/.local/lib/python3.7/site-packages/airflow/example_dags/example_branch_day_of_week_operator.py
[2025-01-24T11:52:06.824+0000] {processor.py:766} INFO - DAG(s) dict_keys(['example_weekday_branch_operator']) retrieved from /home/airflow/.local/lib/python3.7/site-packages/airflow/example_dags/example_branch_day_of_week_operator.py
[2025-01-24T11:52:06.897+0000] {logging_mixin.py:120} INFO - [2025-01-24T11:52:06.896+0000] {dag.py:2585} INFO - Sync 1 DAGs
[2025-01-24T11:52:06.951+0000] {logging_mixin.py:120} INFO - [2025-01-24T11:52:06.951+0000] {dag.py:3340} INFO - Setting next_dagrun for example_weekday_branch_operator to 2025-01-23T00:00:00+00:00, run_after=2025-01-24T00:00:00+00:00
[2025-01-24T11:52:07.000+0000] {processor.py:176} INFO - Processing /home/airflow/.local/lib/python3.7/site-packages/airflow/example_dags/example_branch_day_of_week_operator.py took 0.214 seconds
[2025-01-24T11:52:37.137+0000] {processor.py:154} INFO - Started process (PID=114) to work on /home/airflow/.local/lib/python3.7/site-packages/airflow/example_dags/example_branch_day_of_week_operator.py
[2025-01-24T11:52:37.138+0000] {processor.py:756} INFO - Processing file /home/airflow/.local/lib/python3.7/site-packages/airflow/example_dags/example_branch_day_of_week_operator.py for tasks to queue
[2025-01-24T11:52:37.139+0000] {logging_mixin.py:120} INFO - [2025-01-24T11:52:37.139+0000] {dagbag.py:537} INFO - Filling up the DagBag from /home/airflow/.local/lib/python3.7/site-packages/airflow/example_dags/example_branch_day_of_week_operator.py
[2025-01-24T11:52:37.172+0000] {processor.py:766} INFO - DAG(s) dict_keys(['example_weekday_branch_operator']) retrieved from /home/airflow/.local/lib/python3.7/site-packages/airflow/example_dags/example_branch_day_of_week_operator.py
[2025-01-24T11:52:37.279+0000] {logging_mixin.py:120} INFO - [2025-01-24T11:52:37.279+0000] {dag.py:2585} INFO - Sync 1 DAGs
[2025-01-24T11:52:37.339+0000] {logging_mixin.py:120} INFO - [2025-01-24T11:52:37.339+0000] {dag.py:3340} INFO - Setting next_dagrun for example_weekday_branch_operator to 2025-01-23T00:00:00+00:00, run_after=2025-01-24T00:00:00+00:00
[2025-01-24T11:52:37.392+0000] {processor.py:176} INFO - Processing /home/airflow/.local/lib/python3.7/site-packages/airflow/example_dags/example_branch_day_of_week_operator.py took 0.260 seconds
[2025-01-24T11:53:07.561+0000] {processor.py:154} INFO - Started process (PID=179) to work on /home/airflow/.local/lib/python3.7/site-packages/airflow/example_dags/example_branch_day_of_week_operator.py
[2025-01-24T11:53:07.563+0000] {processor.py:756} INFO - Processing file /home/airflow/.local/lib/python3.7/site-packages/airflow/example_dags/example_branch_day_of_week_operator.py for tasks to queue
[2025-01-24T11:53:07.565+0000] {logging_mixin.py:120} INFO - [2025-01-24T11:53:07.565+0000] {dagbag.py:537} INFO - Filling up the DagBag from /home/airflow/.local/lib/python3.7/site-packages/airflow/example_dags/example_branch_day_of_week_operator.py
[2025-01-24T11:53:07.593+0000] {processor.py:766} INFO - DAG(s) dict_keys(['example_weekday_branch_operator']) retrieved from /home/airflow/.local/lib/python3.7/site-packages/airflow/example_dags/example_branch_day_of_week_operator.py
[2025-01-24T11:53:07.659+0000] {logging_mixin.py:120} INFO - [2025-01-24T11:53:07.659+0000] {dag.py:2585} INFO - Sync 1 DAGs
[2025-01-24T11:53:07.704+0000] {logging_mixin.py:120} INFO - [2025-01-24T11:53:07.704+0000] {dag.py:3340} INFO - Setting next_dagrun for example_weekday_branch_operator to 2025-01-23T00:00:00+00:00, run_after=2025-01-24T00:00:00+00:00
[2025-01-24T11:53:07.743+0000] {processor.py:176} INFO - Processing /home/airflow/.local/lib/python3.7/site-packages/airflow/example_dags/example_branch_day_of_week_operator.py took 0.187 seconds
[2025-01-24T11:53:37.984+0000] {processor.py:154} INFO - Started process (PID=234) to work on /home/airflow/.local/lib/python3.7/site-packages/airflow/example_dags/example_branch_day_of_week_operator.py
[2025-01-24T11:53:37.986+0000] {processor.py:756} INFO - Processing file /home/airflow/.local/lib/python3.7/site-packages/airflow/example_dags/example_branch_day_of_week_operator.py for tasks to queue
[2025-01-24T11:53:37.987+0000] {logging_mixin.py:120} INFO - [2025-01-24T11:53:37.986+0000] {dagbag.py:537} INFO - Filling up the DagBag from /home/airflow/.local/lib/python3.7/site-packages/airflow/example_dags/example_branch_day_of_week_operator.py
[2025-01-24T11:53:38.009+0000] {processor.py:766} INFO - DAG(s) dict_keys(['example_weekday_branch_operator']) retrieved from /home/airflow/.local/lib/python3.7/site-packages/airflow/example_dags/example_branch_day_of_week_operator.py
[2025-01-24T11:53:38.077+0000] {logging_mixin.py:120} INFO - [2025-01-24T11:53:38.077+0000] {dag.py:2585} INFO - Sync 1 DAGs
[2025-01-24T11:53:38.121+0000] {logging_mixin.py:120} INFO - [2025-01-24T11:53:38.121+0000] {dag.py:3340} INFO - Setting next_dagrun for example_weekday_branch_operator to 2025-01-23T00:00:00+00:00, run_after=2025-01-24T00:00:00+00:00
[2025-01-24T11:53:38.160+0000] {processor.py:176} INFO - Processing /home/airflow/.local/lib/python3.7/site-packages/airflow/example_dags/example_branch_day_of_week_operator.py took 0.181 seconds
[2025-01-24T11:54:08.874+0000] {processor.py:154} INFO - Started process (PID=298) to work on /home/airflow/.local/lib/python3.7/site-packages/airflow/example_dags/example_branch_day_of_week_operator.py
[2025-01-24T11:54:08.876+0000] {processor.py:756} INFO - Processing file /home/airflow/.local/lib/python3.7/site-packages/airflow/example_dags/example_branch_day_of_week_operator.py for tasks to queue
[2025-01-24T11:54:08.877+0000] {logging_mixin.py:120} INFO - [2025-01-24T11:54:08.877+0000] {dagbag.py:537} INFO - Filling up the DagBag from /home/airflow/.local/lib/python3.7/site-packages/airflow/example_dags/example_branch_day_of_week_operator.py
[2025-01-24T11:54:08.900+0000] {processor.py:766} INFO - DAG(s) dict_keys(['example_weekday_branch_operator']) retrieved from /home/airflow/.local/lib/python3.7/site-packages/airflow/example_dags/example_branch_day_of_week_operator.py
[2025-01-24T11:54:08.968+0000] {logging_mixin.py:120} INFO - [2025-01-24T11:54:08.968+0000] {dag.py:2585} INFO - Sync 1 DAGs
[2025-01-24T11:54:09.010+0000] {logging_mixin.py:120} INFO - [2025-01-24T11:54:09.009+0000] {dag.py:3340} INFO - Setting next_dagrun for example_weekday_branch_operator to 2025-01-23T00:00:00+00:00, run_after=2025-01-24T00:00:00+00:00
[2025-01-24T11:54:09.049+0000] {processor.py:176} INFO - Processing /home/airflow/.local/lib/python3.7/site-packages/airflow/example_dags/example_branch_day_of_week_operator.py took 0.180 seconds
[2025-01-24T11:54:39.540+0000] {processor.py:154} INFO - Started process (PID=362) to work on /home/airflow/.local/lib/python3.7/site-packages/airflow/example_dags/example_branch_day_of_week_operator.py
[2025-01-24T11:54:39.542+0000] {processor.py:756} INFO - Processing file /home/airflow/.local/lib/python3.7/site-packages/airflow/example_dags/example_branch_day_of_week_operator.py for tasks to queue
[2025-01-24T11:54:39.542+0000] {logging_mixin.py:120} INFO - [2025-01-24T11:54:39.542+0000] {dagbag.py:537} INFO - Filling up the DagBag from /home/airflow/.local/lib/python3.7/site-packages/airflow/example_dags/example_branch_day_of_week_operator.py
[2025-01-24T11:54:39.567+0000] {processor.py:766} INFO - DAG(s) dict_keys(['example_weekday_branch_operator']) retrieved from /home/airflow/.local/lib/python3.7/site-packages/airflow/example_dags/example_branch_day_of_week_operator.py
[2025-01-24T11:54:39.643+0000] {logging_mixin.py:120} INFO - [2025-01-24T11:54:39.642+0000] {dag.py:2585} INFO - Sync 1 DAGs
[2025-01-24T11:54:39.697+0000] {logging_mixin.py:120} INFO - [2025-01-24T11:54:39.696+0000] {dag.py:3340} INFO - Setting next_dagrun for example_weekday_branch_operator to 2025-01-23T00:00:00+00:00, run_after=2025-01-24T00:00:00+00:00
[2025-01-24T11:54:39.751+0000] {processor.py:176} INFO - Processing /home/airflow/.local/lib/python3.7/site-packages/airflow/example_dags/example_branch_day_of_week_operator.py took 0.215 seconds
[2025-01-24T11:55:10.381+0000] {processor.py:154} INFO - Started process (PID=417) to work on /home/airflow/.local/lib/python3.7/site-packages/airflow/example_dags/example_branch_day_of_week_operator.py
[2025-01-24T11:55:10.382+0000] {processor.py:756} INFO - Processing file /home/airflow/.local/lib/python3.7/site-packages/airflow/example_dags/example_branch_day_of_week_operator.py for tasks to queue
[2025-01-24T11:55:10.383+0000] {logging_mixin.py:120} INFO - [2025-01-24T11:55:10.383+0000] {dagbag.py:537} INFO - Filling up the DagBag from /home/airflow/.local/lib/python3.7/site-packages/airflow/example_dags/example_branch_day_of_week_operator.py
[2025-01-24T11:55:10.406+0000] {processor.py:766} INFO - DAG(s) dict_keys(['example_weekday_branch_operator']) retrieved from /home/airflow/.local/lib/python3.7/site-packages/airflow/example_dags/example_branch_day_of_week_operator.py
[2025-01-24T11:55:10.468+0000] {logging_mixin.py:120} INFO - [2025-01-24T11:55:10.468+0000] {dag.py:2585} INFO - Sync 1 DAGs
[2025-01-24T11:55:10.511+0000] {logging_mixin.py:120} INFO - [2025-01-24T11:55:10.511+0000] {dag.py:3340} INFO - Setting next_dagrun for example_weekday_branch_operator to 2025-01-23T00:00:00+00:00, run_after=2025-01-24T00:00:00+00:00
[2025-01-24T11:55:10.542+0000] {processor.py:176} INFO - Processing /home/airflow/.local/lib/python3.7/site-packages/airflow/example_dags/example_branch_day_of_week_operator.py took 0.165 seconds
[2025-01-24T11:55:41.116+0000] {processor.py:154} INFO - Started process (PID=481) to work on /home/airflow/.local/lib/python3.7/site-packages/airflow/example_dags/example_branch_day_of_week_operator.py
[2025-01-24T11:55:41.118+0000] {processor.py:756} INFO - Processing file /home/airflow/.local/lib/python3.7/site-packages/airflow/example_dags/example_branch_day_of_week_operator.py for tasks to queue
[2025-01-24T11:55:41.119+0000] {logging_mixin.py:120} INFO - [2025-01-24T11:55:41.119+0000] {dagbag.py:537} INFO - Filling up the DagBag from /home/airflow/.local/lib/python3.7/site-packages/airflow/example_dags/example_branch_day_of_week_operator.py
[2025-01-24T11:55:41.142+0000] {processor.py:766} INFO - DAG(s) dict_keys(['example_weekday_branch_operator']) retrieved from /home/airflow/.local/lib/python3.7/site-packages/airflow/example_dags/example_branch_day_of_week_operator.py
[2025-01-24T11:55:41.206+0000] {logging_mixin.py:120} INFO - [2025-01-24T11:55:41.205+0000] {dag.py:2585} INFO - Sync 1 DAGs
[2025-01-24T11:55:41.247+0000] {logging_mixin.py:120} INFO - [2025-01-24T11:55:41.247+0000] {dag.py:3340} INFO - Setting next_dagrun for example_weekday_branch_operator to 2025-01-23T00:00:00+00:00, run_after=2025-01-24T00:00:00+00:00
[2025-01-24T11:55:41.280+0000] {processor.py:176} INFO - Processing /home/airflow/.local/lib/python3.7/site-packages/airflow/example_dags/example_branch_day_of_week_operator.py took 0.168 seconds
[2025-01-24T11:56:11.525+0000] {processor.py:154} INFO - Started process (PID=537) to work on /home/airflow/.local/lib/python3.7/site-packages/airflow/example_dags/example_branch_day_of_week_operator.py
[2025-01-24T11:56:11.526+0000] {processor.py:756} INFO - Processing file /home/airflow/.local/lib/python3.7/site-packages/airflow/example_dags/example_branch_day_of_week_operator.py for tasks to queue
[2025-01-24T11:56:11.527+0000] {logging_mixin.py:120} INFO - [2025-01-24T11:56:11.527+0000] {dagbag.py:537} INFO - Filling up the DagBag from /home/airflow/.local/lib/python3.7/site-packages/airflow/example_dags/example_branch_day_of_week_operator.py
[2025-01-24T11:56:11.549+0000] {processor.py:766} INFO - DAG(s) dict_keys(['example_weekday_branch_operator']) retrieved from /home/airflow/.local/lib/python3.7/site-packages/airflow/example_dags/example_branch_day_of_week_operator.py
[2025-01-24T11:56:11.609+0000] {logging_mixin.py:120} INFO - [2025-01-24T11:56:11.609+0000] {dag.py:2585} INFO - Sync 1 DAGs
[2025-01-24T11:56:11.657+0000] {logging_mixin.py:120} INFO - [2025-01-24T11:56:11.657+0000] {dag.py:3340} INFO - Setting next_dagrun for example_weekday_branch_operator to 2025-01-23T00:00:00+00:00, run_after=2025-01-24T00:00:00+00:00
[2025-01-24T11:56:11.694+0000] {processor.py:176} INFO - Processing /home/airflow/.local/lib/python3.7/site-packages/airflow/example_dags/example_branch_day_of_week_operator.py took 0.174 seconds
[2025-01-24T11:56:42.062+0000] {processor.py:154} INFO - Started process (PID=601) to work on /home/airflow/.local/lib/python3.7/site-packages/airflow/example_dags/example_branch_day_of_week_operator.py
[2025-01-24T11:56:42.063+0000] {processor.py:756} INFO - Processing file /home/airflow/.local/lib/python3.7/site-packages/airflow/example_dags/example_branch_day_of_week_operator.py for tasks to queue
[2025-01-24T11:56:42.064+0000] {logging_mixin.py:120} INFO - [2025-01-24T11:56:42.064+0000] {dagbag.py:537} INFO - Filling up the DagBag from /home/airflow/.local/lib/python3.7/site-packages/airflow/example_dags/example_branch_day_of_week_operator.py
[2025-01-24T11:56:42.089+0000] {processor.py:766} INFO - DAG(s) dict_keys(['example_weekday_branch_operator']) retrieved from /home/airflow/.local/lib/python3.7/site-packages/airflow/example_dags/example_branch_day_of_week_operator.py
[2025-01-24T11:56:42.157+0000] {logging_mixin.py:120} INFO - [2025-01-24T11:56:42.157+0000] {dag.py:2585} INFO - Sync 1 DAGs
[2025-01-24T11:56:42.199+0000] {logging_mixin.py:120} INFO - [2025-01-24T11:56:42.199+0000] {dag.py:3340} INFO - Setting next_dagrun for example_weekday_branch_operator to 2025-01-23T00:00:00+00:00, run_after=2025-01-24T00:00:00+00:00
[2025-01-24T11:56:42.234+0000] {processor.py:176} INFO - Processing /home/airflow/.local/lib/python3.7/site-packages/airflow/example_dags/example_branch_day_of_week_operator.py took 0.177 seconds
[2025-01-24T11:57:12.782+0000] {processor.py:154} INFO - Started process (PID=665) to work on /home/airflow/.local/lib/python3.7/site-packages/airflow/example_dags/example_branch_day_of_week_operator.py
[2025-01-24T11:57:12.783+0000] {processor.py:756} INFO - Processing file /home/airflow/.local/lib/python3.7/site-packages/airflow/example_dags/example_branch_day_of_week_operator.py for tasks to queue
[2025-01-24T11:57:12.784+0000] {logging_mixin.py:120} INFO - [2025-01-24T11:57:12.784+0000] {dagbag.py:537} INFO - Filling up the DagBag from /home/airflow/.local/lib/python3.7/site-packages/airflow/example_dags/example_branch_day_of_week_operator.py
[2025-01-24T11:57:12.808+0000] {processor.py:766} INFO - DAG(s) dict_keys(['example_weekday_branch_operator']) retrieved from /home/airflow/.local/lib/python3.7/site-packages/airflow/example_dags/example_branch_day_of_week_operator.py
[2025-01-24T11:57:12.882+0000] {logging_mixin.py:120} INFO - [2025-01-24T11:57:12.882+0000] {dag.py:2585} INFO - Sync 1 DAGs
[2025-01-24T11:57:12.937+0000] {logging_mixin.py:120} INFO - [2025-01-24T11:57:12.937+0000] {dag.py:3340} INFO - Setting next_dagrun for example_weekday_branch_operator to 2025-01-23T00:00:00+00:00, run_after=2025-01-24T00:00:00+00:00
[2025-01-24T11:57:12.987+0000] {processor.py:176} INFO - Processing /home/airflow/.local/lib/python3.7/site-packages/airflow/example_dags/example_branch_day_of_week_operator.py took 0.209 seconds
[2025-01-24T11:57:43.352+0000] {processor.py:154} INFO - Started process (PID=720) to work on /home/airflow/.local/lib/python3.7/site-packages/airflow/example_dags/example_branch_day_of_week_operator.py
[2025-01-24T11:57:43.354+0000] {processor.py:756} INFO - Processing file /home/airflow/.local/lib/python3.7/site-packages/airflow/example_dags/example_branch_day_of_week_operator.py for tasks to queue
[2025-01-24T11:57:43.355+0000] {logging_mixin.py:120} INFO - [2025-01-24T11:57:43.355+0000] {dagbag.py:537} INFO - Filling up the DagBag from /home/airflow/.local/lib/python3.7/site-packages/airflow/example_dags/example_branch_day_of_week_operator.py
[2025-01-24T11:57:43.381+0000] {processor.py:766} INFO - DAG(s) dict_keys(['example_weekday_branch_operator']) retrieved from /home/airflow/.local/lib/python3.7/site-packages/airflow/example_dags/example_branch_day_of_week_operator.py
[2025-01-24T11:57:43.445+0000] {logging_mixin.py:120} INFO - [2025-01-24T11:57:43.445+0000] {dag.py:2585} INFO - Sync 1 DAGs
[2025-01-24T11:57:43.490+0000] {logging_mixin.py:120} INFO - [2025-01-24T11:57:43.490+0000] {dag.py:3340} INFO - Setting next_dagrun for example_weekday_branch_operator to 2025-01-23T00:00:00+00:00, run_after=2025-01-24T00:00:00+00:00
[2025-01-24T11:57:43.533+0000] {processor.py:176} INFO - Processing /home/airflow/.local/lib/python3.7/site-packages/airflow/example_dags/example_branch_day_of_week_operator.py took 0.187 seconds
[2025-01-24T11:58:13.760+0000] {processor.py:154} INFO - Started process (PID=785) to work on /home/airflow/.local/lib/python3.7/site-packages/airflow/example_dags/example_branch_day_of_week_operator.py
[2025-01-24T11:58:13.761+0000] {processor.py:756} INFO - Processing file /home/airflow/.local/lib/python3.7/site-packages/airflow/example_dags/example_branch_day_of_week_operator.py for tasks to queue
[2025-01-24T11:58:13.762+0000] {logging_mixin.py:120} INFO - [2025-01-24T11:58:13.762+0000] {dagbag.py:537} INFO - Filling up the DagBag from /home/airflow/.local/lib/python3.7/site-packages/airflow/example_dags/example_branch_day_of_week_operator.py
[2025-01-24T11:58:13.781+0000] {processor.py:766} INFO - DAG(s) dict_keys(['example_weekday_branch_operator']) retrieved from /home/airflow/.local/lib/python3.7/site-packages/airflow/example_dags/example_branch_day_of_week_operator.py
[2025-01-24T11:58:13.832+0000] {logging_mixin.py:120} INFO - [2025-01-24T11:58:13.832+0000] {dag.py:2585} INFO - Sync 1 DAGs
[2025-01-24T11:58:13.864+0000] {logging_mixin.py:120} INFO - [2025-01-24T11:58:13.864+0000] {dag.py:3340} INFO - Setting next_dagrun for example_weekday_branch_operator to 2025-01-23T00:00:00+00:00, run_after=2025-01-24T00:00:00+00:00
[2025-01-24T11:58:13.902+0000] {processor.py:176} INFO - Processing /home/airflow/.local/lib/python3.7/site-packages/airflow/example_dags/example_branch_day_of_week_operator.py took 0.146 seconds
[2025-01-24T11:58:44.378+0000] {processor.py:154} INFO - Started process (PID=840) to work on /home/airflow/.local/lib/python3.7/site-packages/airflow/example_dags/example_branch_day_of_week_operator.py
[2025-01-24T11:58:44.379+0000] {processor.py:756} INFO - Processing file /home/airflow/.local/lib/python3.7/site-packages/airflow/example_dags/example_branch_day_of_week_operator.py for tasks to queue
[2025-01-24T11:58:44.380+0000] {logging_mixin.py:120} INFO - [2025-01-24T11:58:44.380+0000] {dagbag.py:537} INFO - Filling up the DagBag from /home/airflow/.local/lib/python3.7/site-packages/airflow/example_dags/example_branch_day_of_week_operator.py
[2025-01-24T11:58:44.403+0000] {processor.py:766} INFO - DAG(s) dict_keys(['example_weekday_branch_operator']) retrieved from /home/airflow/.local/lib/python3.7/site-packages/airflow/example_dags/example_branch_day_of_week_operator.py
[2025-01-24T11:58:44.466+0000] {logging_mixin.py:120} INFO - [2025-01-24T11:58:44.465+0000] {dag.py:2585} INFO - Sync 1 DAGs
[2025-01-24T11:58:44.507+0000] {logging_mixin.py:120} INFO - [2025-01-24T11:58:44.506+0000] {dag.py:3340} INFO - Setting next_dagrun for example_weekday_branch_operator to 2025-01-23T00:00:00+00:00, run_after=2025-01-24T00:00:00+00:00
[2025-01-24T11:58:44.539+0000] {processor.py:176} INFO - Processing /home/airflow/.local/lib/python3.7/site-packages/airflow/example_dags/example_branch_day_of_week_operator.py took 0.165 seconds
[2025-01-24T11:59:14.579+0000] {processor.py:154} INFO - Started process (PID=904) to work on /home/airflow/.local/lib/python3.7/site-packages/airflow/example_dags/example_branch_day_of_week_operator.py
[2025-01-24T11:59:14.580+0000] {processor.py:756} INFO - Processing file /home/airflow/.local/lib/python3.7/site-packages/airflow/example_dags/example_branch_day_of_week_operator.py for tasks to queue
[2025-01-24T11:59:14.581+0000] {logging_mixin.py:120} INFO - [2025-01-24T11:59:14.581+0000] {dagbag.py:537} INFO - Filling up the DagBag from /home/airflow/.local/lib/python3.7/site-packages/airflow/example_dags/example_branch_day_of_week_operator.py
[2025-01-24T11:59:14.604+0000] {processor.py:766} INFO - DAG(s) dict_keys(['example_weekday_branch_operator']) retrieved from /home/airflow/.local/lib/python3.7/site-packages/airflow/example_dags/example_branch_day_of_week_operator.py
[2025-01-24T11:59:14.666+0000] {logging_mixin.py:120} INFO - [2025-01-24T11:59:14.666+0000] {dag.py:2585} INFO - Sync 1 DAGs
[2025-01-24T11:59:14.708+0000] {logging_mixin.py:120} INFO - [2025-01-24T11:59:14.708+0000] {dag.py:3340} INFO - Setting next_dagrun for example_weekday_branch_operator to 2025-01-23T00:00:00+00:00, run_after=2025-01-24T00:00:00+00:00
[2025-01-24T11:59:14.735+0000] {processor.py:176} INFO - Processing /home/airflow/.local/lib/python3.7/site-packages/airflow/example_dags/example_branch_day_of_week_operator.py took 0.161 seconds
[2025-01-24T11:59:44.932+0000] {processor.py:154} INFO - Started process (PID=967) to work on /home/airflow/.local/lib/python3.7/site-packages/airflow/example_dags/example_branch_day_of_week_operator.py
[2025-01-24T11:59:44.933+0000] {processor.py:756} INFO - Processing file /home/airflow/.local/lib/python3.7/site-packages/airflow/example_dags/example_branch_day_of_week_operator.py for tasks to queue
[2025-01-24T11:59:44.933+0000] {logging_mixin.py:120} INFO - [2025-01-24T11:59:44.933+0000] {dagbag.py:537} INFO - Filling up the DagBag from /home/airflow/.local/lib/python3.7/site-packages/airflow/example_dags/example_branch_day_of_week_operator.py
[2025-01-24T11:59:44.956+0000] {processor.py:766} INFO - DAG(s) dict_keys(['example_weekday_branch_operator']) retrieved from /home/airflow/.local/lib/python3.7/site-packages/airflow/example_dags/example_branch_day_of_week_operator.py
[2025-01-24T11:59:45.020+0000] {logging_mixin.py:120} INFO - [2025-01-24T11:59:45.020+0000] {dag.py:2585} INFO - Sync 1 DAGs
[2025-01-24T11:59:45.068+0000] {logging_mixin.py:120} INFO - [2025-01-24T11:59:45.068+0000] {dag.py:3340} INFO - Setting next_dagrun for example_weekday_branch_operator to 2025-01-23T00:00:00+00:00, run_after=2025-01-24T00:00:00+00:00
[2025-01-24T11:59:45.110+0000] {processor.py:176} INFO - Processing /home/airflow/.local/lib/python3.7/site-packages/airflow/example_dags/example_branch_day_of_week_operator.py took 0.183 seconds
[2025-01-24T12:00:15.225+0000] {processor.py:154} INFO - Started process (PID=1022) to work on /home/airflow/.local/lib/python3.7/site-packages/airflow/example_dags/example_branch_day_of_week_operator.py
[2025-01-24T12:00:15.226+0000] {processor.py:756} INFO - Processing file /home/airflow/.local/lib/python3.7/site-packages/airflow/example_dags/example_branch_day_of_week_operator.py for tasks to queue
[2025-01-24T12:00:15.228+0000] {logging_mixin.py:120} INFO - [2025-01-24T12:00:15.228+0000] {dagbag.py:537} INFO - Filling up the DagBag from /home/airflow/.local/lib/python3.7/site-packages/airflow/example_dags/example_branch_day_of_week_operator.py
[2025-01-24T12:00:15.260+0000] {processor.py:766} INFO - DAG(s) dict_keys(['example_weekday_branch_operator']) retrieved from /home/airflow/.local/lib/python3.7/site-packages/airflow/example_dags/example_branch_day_of_week_operator.py
[2025-01-24T12:00:15.321+0000] {logging_mixin.py:120} INFO - [2025-01-24T12:00:15.320+0000] {dag.py:2585} INFO - Sync 1 DAGs
[2025-01-24T12:00:15.360+0000] {logging_mixin.py:120} INFO - [2025-01-24T12:00:15.360+0000] {dag.py:3340} INFO - Setting next_dagrun for example_weekday_branch_operator to 2025-01-23T00:00:00+00:00, run_after=2025-01-24T00:00:00+00:00
[2025-01-24T12:00:15.393+0000] {processor.py:176} INFO - Processing /home/airflow/.local/lib/python3.7/site-packages/airflow/example_dags/example_branch_day_of_week_operator.py took 0.175 seconds
[2025-01-24T12:00:45.717+0000] {processor.py:154} INFO - Started process (PID=1086) to work on /home/airflow/.local/lib/python3.7/site-packages/airflow/example_dags/example_branch_day_of_week_operator.py
[2025-01-24T12:00:45.718+0000] {processor.py:756} INFO - Processing file /home/airflow/.local/lib/python3.7/site-packages/airflow/example_dags/example_branch_day_of_week_operator.py for tasks to queue
[2025-01-24T12:00:45.719+0000] {logging_mixin.py:120} INFO - [2025-01-24T12:00:45.719+0000] {dagbag.py:537} INFO - Filling up the DagBag from /home/airflow/.local/lib/python3.7/site-packages/airflow/example_dags/example_branch_day_of_week_operator.py
[2025-01-24T12:00:45.741+0000] {processor.py:766} INFO - DAG(s) dict_keys(['example_weekday_branch_operator']) retrieved from /home/airflow/.local/lib/python3.7/site-packages/airflow/example_dags/example_branch_day_of_week_operator.py
[2025-01-24T12:00:45.806+0000] {logging_mixin.py:120} INFO - [2025-01-24T12:00:45.805+0000] {dag.py:2585} INFO - Sync 1 DAGs
[2025-01-24T12:00:45.845+0000] {logging_mixin.py:120} INFO - [2025-01-24T12:00:45.845+0000] {dag.py:3340} INFO - Setting next_dagrun for example_weekday_branch_operator to 2025-01-23T00:00:00+00:00, run_after=2025-01-24T00:00:00+00:00
[2025-01-24T12:00:45.875+0000] {processor.py:176} INFO - Processing /home/airflow/.local/lib/python3.7/site-packages/airflow/example_dags/example_branch_day_of_week_operator.py took 0.162 seconds
[2025-01-24T12:01:17.082+0000] {processor.py:154} INFO - Started process (PID=1152) to work on /home/airflow/.local/lib/python3.7/site-packages/airflow/example_dags/example_branch_day_of_week_operator.py
[2025-01-24T12:01:17.084+0000] {processor.py:756} INFO - Processing file /home/airflow/.local/lib/python3.7/site-packages/airflow/example_dags/example_branch_day_of_week_operator.py for tasks to queue
[2025-01-24T12:01:17.085+0000] {logging_mixin.py:120} INFO - [2025-01-24T12:01:17.085+0000] {dagbag.py:537} INFO - Filling up the DagBag from /home/airflow/.local/lib/python3.7/site-packages/airflow/example_dags/example_branch_day_of_week_operator.py
[2025-01-24T12:01:17.109+0000] {processor.py:766} INFO - DAG(s) dict_keys(['example_weekday_branch_operator']) retrieved from /home/airflow/.local/lib/python3.7/site-packages/airflow/example_dags/example_branch_day_of_week_operator.py
[2025-01-24T12:01:17.172+0000] {logging_mixin.py:120} INFO - [2025-01-24T12:01:17.171+0000] {dag.py:2585} INFO - Sync 1 DAGs
[2025-01-24T12:01:17.224+0000] {logging_mixin.py:120} INFO - [2025-01-24T12:01:17.224+0000] {dag.py:3340} INFO - Setting next_dagrun for example_weekday_branch_operator to 2025-01-23T00:00:00+00:00, run_after=2025-01-24T00:00:00+00:00
[2025-01-24T12:01:17.265+0000] {processor.py:176} INFO - Processing /home/airflow/.local/lib/python3.7/site-packages/airflow/example_dags/example_branch_day_of_week_operator.py took 0.188 seconds
[2025-01-24T12:01:48.099+0000] {processor.py:154} INFO - Started process (PID=1208) to work on /home/airflow/.local/lib/python3.7/site-packages/airflow/example_dags/example_branch_day_of_week_operator.py
[2025-01-24T12:01:48.100+0000] {processor.py:756} INFO - Processing file /home/airflow/.local/lib/python3.7/site-packages/airflow/example_dags/example_branch_day_of_week_operator.py for tasks to queue
[2025-01-24T12:01:48.101+0000] {logging_mixin.py:120} INFO - [2025-01-24T12:01:48.100+0000] {dagbag.py:537} INFO - Filling up the DagBag from /home/airflow/.local/lib/python3.7/site-packages/airflow/example_dags/example_branch_day_of_week_operator.py
[2025-01-24T12:01:48.123+0000] {processor.py:766} INFO - DAG(s) dict_keys(['example_weekday_branch_operator']) retrieved from /home/airflow/.local/lib/python3.7/site-packages/airflow/example_dags/example_branch_day_of_week_operator.py
[2025-01-24T12:01:48.179+0000] {logging_mixin.py:120} INFO - [2025-01-24T12:01:48.179+0000] {dag.py:2585} INFO - Sync 1 DAGs
[2025-01-24T12:01:48.220+0000] {logging_mixin.py:120} INFO - [2025-01-24T12:01:48.220+0000] {dag.py:3340} INFO - Setting next_dagrun for example_weekday_branch_operator to 2025-01-23T00:00:00+00:00, run_after=2025-01-24T00:00:00+00:00
[2025-01-24T12:01:48.250+0000] {processor.py:176} INFO - Processing /home/airflow/.local/lib/python3.7/site-packages/airflow/example_dags/example_branch_day_of_week_operator.py took 0.156 seconds
[2025-01-24T12:02:18.699+0000] {processor.py:154} INFO - Started process (PID=1272) to work on /home/airflow/.local/lib/python3.7/site-packages/airflow/example_dags/example_branch_day_of_week_operator.py
[2025-01-24T12:02:18.700+0000] {processor.py:756} INFO - Processing file /home/airflow/.local/lib/python3.7/site-packages/airflow/example_dags/example_branch_day_of_week_operator.py for tasks to queue
[2025-01-24T12:02:18.702+0000] {logging_mixin.py:120} INFO - [2025-01-24T12:02:18.701+0000] {dagbag.py:537} INFO - Filling up the DagBag from /home/airflow/.local/lib/python3.7/site-packages/airflow/example_dags/example_branch_day_of_week_operator.py
[2025-01-24T12:02:18.736+0000] {processor.py:766} INFO - DAG(s) dict_keys(['example_weekday_branch_operator']) retrieved from /home/airflow/.local/lib/python3.7/site-packages/airflow/example_dags/example_branch_day_of_week_operator.py
[2025-01-24T12:02:18.820+0000] {logging_mixin.py:120} INFO - [2025-01-24T12:02:18.819+0000] {dag.py:2585} INFO - Sync 1 DAGs
[2025-01-24T12:02:18.868+0000] {logging_mixin.py:120} INFO - [2025-01-24T12:02:18.868+0000] {dag.py:3340} INFO - Setting next_dagrun for example_weekday_branch_operator to 2025-01-23T00:00:00+00:00, run_after=2025-01-24T00:00:00+00:00
[2025-01-24T12:02:18.911+0000] {processor.py:176} INFO - Processing /home/airflow/.local/lib/python3.7/site-packages/airflow/example_dags/example_branch_day_of_week_operator.py took 0.219 seconds
[2025-01-24T12:02:49.191+0000] {processor.py:154} INFO - Started process (PID=1327) to work on /home/airflow/.local/lib/python3.7/site-packages/airflow/example_dags/example_branch_day_of_week_operator.py
[2025-01-24T12:02:49.192+0000] {processor.py:756} INFO - Processing file /home/airflow/.local/lib/python3.7/site-packages/airflow/example_dags/example_branch_day_of_week_operator.py for tasks to queue
[2025-01-24T12:02:49.193+0000] {logging_mixin.py:120} INFO - [2025-01-24T12:02:49.193+0000] {dagbag.py:537} INFO - Filling up the DagBag from /home/airflow/.local/lib/python3.7/site-packages/airflow/example_dags/example_branch_day_of_week_operator.py
[2025-01-24T12:02:49.214+0000] {processor.py:766} INFO - DAG(s) dict_keys(['example_weekday_branch_operator']) retrieved from /home/airflow/.local/lib/python3.7/site-packages/airflow/example_dags/example_branch_day_of_week_operator.py
[2025-01-24T12:02:49.280+0000] {logging_mixin.py:120} INFO - [2025-01-24T12:02:49.280+0000] {dag.py:2585} INFO - Sync 1 DAGs
[2025-01-24T12:02:49.354+0000] {logging_mixin.py:120} INFO - [2025-01-24T12:02:49.354+0000] {dag.py:3340} INFO - Setting next_dagrun for example_weekday_branch_operator to 2025-01-23T00:00:00+00:00, run_after=2025-01-24T00:00:00+00:00
[2025-01-24T12:02:49.428+0000] {processor.py:176} INFO - Processing /home/airflow/.local/lib/python3.7/site-packages/airflow/example_dags/example_branch_day_of_week_operator.py took 0.241 seconds
[2025-01-24T12:03:19.462+0000] {processor.py:154} INFO - Started process (PID=1391) to work on /home/airflow/.local/lib/python3.7/site-packages/airflow/example_dags/example_branch_day_of_week_operator.py
[2025-01-24T12:03:19.463+0000] {processor.py:756} INFO - Processing file /home/airflow/.local/lib/python3.7/site-packages/airflow/example_dags/example_branch_day_of_week_operator.py for tasks to queue
[2025-01-24T12:03:19.464+0000] {logging_mixin.py:120} INFO - [2025-01-24T12:03:19.464+0000] {dagbag.py:537} INFO - Filling up the DagBag from /home/airflow/.local/lib/python3.7/site-packages/airflow/example_dags/example_branch_day_of_week_operator.py
[2025-01-24T12:03:19.482+0000] {processor.py:766} INFO - DAG(s) dict_keys(['example_weekday_branch_operator']) retrieved from /home/airflow/.local/lib/python3.7/site-packages/airflow/example_dags/example_branch_day_of_week_operator.py
[2025-01-24T12:03:19.530+0000] {logging_mixin.py:120} INFO - [2025-01-24T12:03:19.529+0000] {dag.py:2585} INFO - Sync 1 DAGs
[2025-01-24T12:03:19.560+0000] {logging_mixin.py:120} INFO - [2025-01-24T12:03:19.560+0000] {dag.py:3340} INFO - Setting next_dagrun for example_weekday_branch_operator to 2025-01-23T00:00:00+00:00, run_after=2025-01-24T00:00:00+00:00
[2025-01-24T12:03:19.585+0000] {processor.py:176} INFO - Processing /home/airflow/.local/lib/python3.7/site-packages/airflow/example_dags/example_branch_day_of_week_operator.py took 0.126 seconds
[2025-01-24T12:03:49.911+0000] {processor.py:154} INFO - Started process (PID=1445) to work on /home/airflow/.local/lib/python3.7/site-packages/airflow/example_dags/example_branch_day_of_week_operator.py
[2025-01-24T12:03:49.912+0000] {processor.py:756} INFO - Processing file /home/airflow/.local/lib/python3.7/site-packages/airflow/example_dags/example_branch_day_of_week_operator.py for tasks to queue
[2025-01-24T12:03:49.914+0000] {logging_mixin.py:120} INFO - [2025-01-24T12:03:49.913+0000] {dagbag.py:537} INFO - Filling up the DagBag from /home/airflow/.local/lib/python3.7/site-packages/airflow/example_dags/example_branch_day_of_week_operator.py
[2025-01-24T12:03:49.945+0000] {processor.py:766} INFO - DAG(s) dict_keys(['example_weekday_branch_operator']) retrieved from /home/airflow/.local/lib/python3.7/site-packages/airflow/example_dags/example_branch_day_of_week_operator.py
[2025-01-24T12:03:50.004+0000] {logging_mixin.py:120} INFO - [2025-01-24T12:03:50.004+0000] {dag.py:2585} INFO - Sync 1 DAGs
[2025-01-24T12:03:50.046+0000] {logging_mixin.py:120} INFO - [2025-01-24T12:03:50.045+0000] {dag.py:3340} INFO - Setting next_dagrun for example_weekday_branch_operator to 2025-01-23T00:00:00+00:00, run_after=2025-01-24T00:00:00+00:00
[2025-01-24T12:03:50.088+0000] {processor.py:176} INFO - Processing /home/airflow/.local/lib/python3.7/site-packages/airflow/example_dags/example_branch_day_of_week_operator.py took 0.183 seconds
[2025-01-24T12:04:20.922+0000] {processor.py:154} INFO - Started process (PID=1510) to work on /home/airflow/.local/lib/python3.7/site-packages/airflow/example_dags/example_branch_day_of_week_operator.py
[2025-01-24T12:04:20.923+0000] {processor.py:756} INFO - Processing file /home/airflow/.local/lib/python3.7/site-packages/airflow/example_dags/example_branch_day_of_week_operator.py for tasks to queue
[2025-01-24T12:04:20.924+0000] {logging_mixin.py:120} INFO - [2025-01-24T12:04:20.924+0000] {dagbag.py:537} INFO - Filling up the DagBag from /home/airflow/.local/lib/python3.7/site-packages/airflow/example_dags/example_branch_day_of_week_operator.py
[2025-01-24T12:04:20.946+0000] {processor.py:766} INFO - DAG(s) dict_keys(['example_weekday_branch_operator']) retrieved from /home/airflow/.local/lib/python3.7/site-packages/airflow/example_dags/example_branch_day_of_week_operator.py
[2025-01-24T12:04:21.005+0000] {logging_mixin.py:120} INFO - [2025-01-24T12:04:21.005+0000] {dag.py:2585} INFO - Sync 1 DAGs
[2025-01-24T12:04:21.041+0000] {logging_mixin.py:120} INFO - [2025-01-24T12:04:21.041+0000] {dag.py:3340} INFO - Setting next_dagrun for example_weekday_branch_operator to 2025-01-23T00:00:00+00:00, run_after=2025-01-24T00:00:00+00:00
[2025-01-24T12:04:21.071+0000] {processor.py:176} INFO - Processing /home/airflow/.local/lib/python3.7/site-packages/airflow/example_dags/example_branch_day_of_week_operator.py took 0.154 seconds
[2025-01-24T12:04:52.159+0000] {processor.py:154} INFO - Started process (PID=1574) to work on /home/airflow/.local/lib/python3.7/site-packages/airflow/example_dags/example_branch_day_of_week_operator.py
[2025-01-24T12:04:52.160+0000] {processor.py:756} INFO - Processing file /home/airflow/.local/lib/python3.7/site-packages/airflow/example_dags/example_branch_day_of_week_operator.py for tasks to queue
[2025-01-24T12:04:52.161+0000] {logging_mixin.py:120} INFO - [2025-01-24T12:04:52.161+0000] {dagbag.py:537} INFO - Filling up the DagBag from /home/airflow/.local/lib/python3.7/site-packages/airflow/example_dags/example_branch_day_of_week_operator.py
[2025-01-24T12:04:52.197+0000] {processor.py:766} INFO - DAG(s) dict_keys(['example_weekday_branch_operator']) retrieved from /home/airflow/.local/lib/python3.7/site-packages/airflow/example_dags/example_branch_day_of_week_operator.py
[2025-01-24T12:04:52.273+0000] {logging_mixin.py:120} INFO - [2025-01-24T12:04:52.272+0000] {dag.py:2585} INFO - Sync 1 DAGs
[2025-01-24T12:04:52.331+0000] {logging_mixin.py:120} INFO - [2025-01-24T12:04:52.330+0000] {dag.py:3340} INFO - Setting next_dagrun for example_weekday_branch_operator to 2025-01-23T00:00:00+00:00, run_after=2025-01-24T00:00:00+00:00
[2025-01-24T12:04:52.377+0000] {processor.py:176} INFO - Processing /home/airflow/.local/lib/python3.7/site-packages/airflow/example_dags/example_branch_day_of_week_operator.py took 0.224 seconds
[2025-01-24T12:05:22.582+0000] {processor.py:154} INFO - Started process (PID=1629) to work on /home/airflow/.local/lib/python3.7/site-packages/airflow/example_dags/example_branch_day_of_week_operator.py
[2025-01-24T12:05:22.584+0000] {processor.py:756} INFO - Processing file /home/airflow/.local/lib/python3.7/site-packages/airflow/example_dags/example_branch_day_of_week_operator.py for tasks to queue
[2025-01-24T12:05:22.585+0000] {logging_mixin.py:120} INFO - [2025-01-24T12:05:22.585+0000] {dagbag.py:537} INFO - Filling up the DagBag from /home/airflow/.local/lib/python3.7/site-packages/airflow/example_dags/example_branch_day_of_week_operator.py
[2025-01-24T12:05:22.621+0000] {processor.py:766} INFO - DAG(s) dict_keys(['example_weekday_branch_operator']) retrieved from /home/airflow/.local/lib/python3.7/site-packages/airflow/example_dags/example_branch_day_of_week_operator.py
[2025-01-24T12:05:22.696+0000] {logging_mixin.py:120} INFO - [2025-01-24T12:05:22.695+0000] {dag.py:2585} INFO - Sync 1 DAGs
[2025-01-24T12:05:22.746+0000] {logging_mixin.py:120} INFO - [2025-01-24T12:05:22.746+0000] {dag.py:3340} INFO - Setting next_dagrun for example_weekday_branch_operator to 2025-01-23T00:00:00+00:00, run_after=2025-01-24T00:00:00+00:00
[2025-01-24T12:05:22.787+0000] {processor.py:176} INFO - Processing /home/airflow/.local/lib/python3.7/site-packages/airflow/example_dags/example_branch_day_of_week_operator.py took 0.211 seconds
[2025-01-24T12:05:53.463+0000] {processor.py:154} INFO - Started process (PID=1693) to work on /home/airflow/.local/lib/python3.7/site-packages/airflow/example_dags/example_branch_day_of_week_operator.py
[2025-01-24T12:05:53.464+0000] {processor.py:756} INFO - Processing file /home/airflow/.local/lib/python3.7/site-packages/airflow/example_dags/example_branch_day_of_week_operator.py for tasks to queue
[2025-01-24T12:05:53.465+0000] {logging_mixin.py:120} INFO - [2025-01-24T12:05:53.465+0000] {dagbag.py:537} INFO - Filling up the DagBag from /home/airflow/.local/lib/python3.7/site-packages/airflow/example_dags/example_branch_day_of_week_operator.py
[2025-01-24T12:05:53.489+0000] {processor.py:766} INFO - DAG(s) dict_keys(['example_weekday_branch_operator']) retrieved from /home/airflow/.local/lib/python3.7/site-packages/airflow/example_dags/example_branch_day_of_week_operator.py
[2025-01-24T12:05:53.553+0000] {logging_mixin.py:120} INFO - [2025-01-24T12:05:53.553+0000] {dag.py:2585} INFO - Sync 1 DAGs
[2025-01-24T12:05:53.603+0000] {logging_mixin.py:120} INFO - [2025-01-24T12:05:53.602+0000] {dag.py:3340} INFO - Setting next_dagrun for example_weekday_branch_operator to 2025-01-23T00:00:00+00:00, run_after=2025-01-24T00:00:00+00:00
[2025-01-24T12:05:53.638+0000] {processor.py:176} INFO - Processing /home/airflow/.local/lib/python3.7/site-packages/airflow/example_dags/example_branch_day_of_week_operator.py took 0.179 seconds
[2025-01-24T12:06:24.469+0000] {processor.py:154} INFO - Started process (PID=1748) to work on /home/airflow/.local/lib/python3.7/site-packages/airflow/example_dags/example_branch_day_of_week_operator.py
[2025-01-24T12:06:24.470+0000] {processor.py:756} INFO - Processing file /home/airflow/.local/lib/python3.7/site-packages/airflow/example_dags/example_branch_day_of_week_operator.py for tasks to queue
[2025-01-24T12:06:24.471+0000] {logging_mixin.py:120} INFO - [2025-01-24T12:06:24.471+0000] {dagbag.py:537} INFO - Filling up the DagBag from /home/airflow/.local/lib/python3.7/site-packages/airflow/example_dags/example_branch_day_of_week_operator.py
[2025-01-24T12:06:24.491+0000] {processor.py:766} INFO - DAG(s) dict_keys(['example_weekday_branch_operator']) retrieved from /home/airflow/.local/lib/python3.7/site-packages/airflow/example_dags/example_branch_day_of_week_operator.py
[2025-01-24T12:06:24.539+0000] {logging_mixin.py:120} INFO - [2025-01-24T12:06:24.539+0000] {dag.py:2585} INFO - Sync 1 DAGs
[2025-01-24T12:06:24.568+0000] {logging_mixin.py:120} INFO - [2025-01-24T12:06:24.568+0000] {dag.py:3340} INFO - Setting next_dagrun for example_weekday_branch_operator to 2025-01-23T00:00:00+00:00, run_after=2025-01-24T00:00:00+00:00
[2025-01-24T12:06:24.604+0000] {processor.py:176} INFO - Processing /home/airflow/.local/lib/python3.7/site-packages/airflow/example_dags/example_branch_day_of_week_operator.py took 0.140 seconds
