[2025-01-24T17:06:15.659+0000] {processor.py:154} INFO - Started process (PID=73) to work on /home/airflow/.local/lib/python3.7/site-packages/airflow/example_dags/example_time_delta_sensor_async.py
[2025-01-24T17:06:15.661+0000] {processor.py:756} INFO - Processing file /home/airflow/.local/lib/python3.7/site-packages/airflow/example_dags/example_time_delta_sensor_async.py for tasks to queue
[2025-01-24T17:06:15.662+0000] {logging_mixin.py:120} INFO - [2025-01-24T17:06:15.662+0000] {dagbag.py:537} INFO - Filling up the DagBag from /home/airflow/.local/lib/python3.7/site-packages/airflow/example_dags/example_time_delta_sensor_async.py
[2025-01-24T17:06:15.691+0000] {processor.py:766} INFO - DAG(s) dict_keys(['example_time_delta_sensor_async']) retrieved from /home/airflow/.local/lib/python3.7/site-packages/airflow/example_dags/example_time_delta_sensor_async.py
[2025-01-24T17:06:16.021+0000] {logging_mixin.py:120} INFO - [2025-01-24T17:06:16.020+0000] {dag.py:2585} INFO - Sync 1 DAGs
[2025-01-24T17:06:16.065+0000] {logging_mixin.py:120} INFO - [2025-01-24T17:06:16.065+0000] {dag.py:3340} INFO - Setting next_dagrun for example_time_delta_sensor_async to None, run_after=None
[2025-01-24T17:06:16.110+0000] {processor.py:176} INFO - Processing /home/airflow/.local/lib/python3.7/site-packages/airflow/example_dags/example_time_delta_sensor_async.py took 0.457 seconds
[2025-01-24T11:52:08.820+0000] {processor.py:154} INFO - Started process (PID=73) to work on /home/airflow/.local/lib/python3.7/site-packages/airflow/example_dags/example_time_delta_sensor_async.py
[2025-01-24T11:52:08.822+0000] {processor.py:756} INFO - Processing file /home/airflow/.local/lib/python3.7/site-packages/airflow/example_dags/example_time_delta_sensor_async.py for tasks to queue
[2025-01-24T11:52:08.824+0000] {logging_mixin.py:120} INFO - [2025-01-24T11:52:08.824+0000] {dagbag.py:537} INFO - Filling up the DagBag from /home/airflow/.local/lib/python3.7/site-packages/airflow/example_dags/example_time_delta_sensor_async.py
[2025-01-24T11:52:08.849+0000] {processor.py:766} INFO - DAG(s) dict_keys(['example_time_delta_sensor_async']) retrieved from /home/airflow/.local/lib/python3.7/site-packages/airflow/example_dags/example_time_delta_sensor_async.py
[2025-01-24T11:52:09.149+0000] {logging_mixin.py:120} INFO - [2025-01-24T11:52:09.149+0000] {dag.py:2585} INFO - Sync 1 DAGs
[2025-01-24T11:52:09.199+0000] {logging_mixin.py:120} INFO - [2025-01-24T11:52:09.199+0000] {dag.py:3340} INFO - Setting next_dagrun for example_time_delta_sensor_async to None, run_after=None
[2025-01-24T11:52:09.244+0000] {processor.py:176} INFO - Processing /home/airflow/.local/lib/python3.7/site-packages/airflow/example_dags/example_time_delta_sensor_async.py took 0.429 seconds
[2025-01-24T11:52:39.591+0000] {processor.py:154} INFO - Started process (PID=137) to work on /home/airflow/.local/lib/python3.7/site-packages/airflow/example_dags/example_time_delta_sensor_async.py
[2025-01-24T11:52:39.593+0000] {processor.py:756} INFO - Processing file /home/airflow/.local/lib/python3.7/site-packages/airflow/example_dags/example_time_delta_sensor_async.py for tasks to queue
[2025-01-24T11:52:39.593+0000] {logging_mixin.py:120} INFO - [2025-01-24T11:52:39.593+0000] {dagbag.py:537} INFO - Filling up the DagBag from /home/airflow/.local/lib/python3.7/site-packages/airflow/example_dags/example_time_delta_sensor_async.py
[2025-01-24T11:52:39.617+0000] {processor.py:766} INFO - DAG(s) dict_keys(['example_time_delta_sensor_async']) retrieved from /home/airflow/.local/lib/python3.7/site-packages/airflow/example_dags/example_time_delta_sensor_async.py
[2025-01-24T11:52:40.068+0000] {logging_mixin.py:120} INFO - [2025-01-24T11:52:40.068+0000] {dag.py:2585} INFO - Sync 1 DAGs
[2025-01-24T11:52:40.136+0000] {logging_mixin.py:120} INFO - [2025-01-24T11:52:40.135+0000] {dag.py:3340} INFO - Setting next_dagrun for example_time_delta_sensor_async to None, run_after=None
[2025-01-24T11:52:40.196+0000] {processor.py:176} INFO - Processing /home/airflow/.local/lib/python3.7/site-packages/airflow/example_dags/example_time_delta_sensor_async.py took 0.610 seconds
[2025-01-24T11:53:10.229+0000] {processor.py:154} INFO - Started process (PID=193) to work on /home/airflow/.local/lib/python3.7/site-packages/airflow/example_dags/example_time_delta_sensor_async.py
[2025-01-24T11:53:10.230+0000] {processor.py:756} INFO - Processing file /home/airflow/.local/lib/python3.7/site-packages/airflow/example_dags/example_time_delta_sensor_async.py for tasks to queue
[2025-01-24T11:53:10.232+0000] {logging_mixin.py:120} INFO - [2025-01-24T11:53:10.231+0000] {dagbag.py:537} INFO - Filling up the DagBag from /home/airflow/.local/lib/python3.7/site-packages/airflow/example_dags/example_time_delta_sensor_async.py
[2025-01-24T11:53:10.252+0000] {processor.py:766} INFO - DAG(s) dict_keys(['example_time_delta_sensor_async']) retrieved from /home/airflow/.local/lib/python3.7/site-packages/airflow/example_dags/example_time_delta_sensor_async.py
[2025-01-24T11:53:10.470+0000] {logging_mixin.py:120} INFO - [2025-01-24T11:53:10.470+0000] {dag.py:2585} INFO - Sync 1 DAGs
[2025-01-24T11:53:10.495+0000] {logging_mixin.py:120} INFO - [2025-01-24T11:53:10.495+0000] {dag.py:3340} INFO - Setting next_dagrun for example_time_delta_sensor_async to None, run_after=None
[2025-01-24T11:53:10.530+0000] {processor.py:176} INFO - Processing /home/airflow/.local/lib/python3.7/site-packages/airflow/example_dags/example_time_delta_sensor_async.py took 0.307 seconds
[2025-01-24T11:53:40.887+0000] {processor.py:154} INFO - Started process (PID=257) to work on /home/airflow/.local/lib/python3.7/site-packages/airflow/example_dags/example_time_delta_sensor_async.py
[2025-01-24T11:53:40.888+0000] {processor.py:756} INFO - Processing file /home/airflow/.local/lib/python3.7/site-packages/airflow/example_dags/example_time_delta_sensor_async.py for tasks to queue
[2025-01-24T11:53:40.889+0000] {logging_mixin.py:120} INFO - [2025-01-24T11:53:40.888+0000] {dagbag.py:537} INFO - Filling up the DagBag from /home/airflow/.local/lib/python3.7/site-packages/airflow/example_dags/example_time_delta_sensor_async.py
[2025-01-24T11:53:40.906+0000] {processor.py:766} INFO - DAG(s) dict_keys(['example_time_delta_sensor_async']) retrieved from /home/airflow/.local/lib/python3.7/site-packages/airflow/example_dags/example_time_delta_sensor_async.py
[2025-01-24T11:53:41.159+0000] {logging_mixin.py:120} INFO - [2025-01-24T11:53:41.159+0000] {dag.py:2585} INFO - Sync 1 DAGs
[2025-01-24T11:53:41.197+0000] {logging_mixin.py:120} INFO - [2025-01-24T11:53:41.197+0000] {dag.py:3340} INFO - Setting next_dagrun for example_time_delta_sensor_async to None, run_after=None
[2025-01-24T11:53:41.224+0000] {processor.py:176} INFO - Processing /home/airflow/.local/lib/python3.7/site-packages/airflow/example_dags/example_time_delta_sensor_async.py took 0.341 seconds
[2025-01-24T11:54:11.489+0000] {processor.py:154} INFO - Started process (PID=312) to work on /home/airflow/.local/lib/python3.7/site-packages/airflow/example_dags/example_time_delta_sensor_async.py
[2025-01-24T11:54:11.490+0000] {processor.py:756} INFO - Processing file /home/airflow/.local/lib/python3.7/site-packages/airflow/example_dags/example_time_delta_sensor_async.py for tasks to queue
[2025-01-24T11:54:11.491+0000] {logging_mixin.py:120} INFO - [2025-01-24T11:54:11.491+0000] {dagbag.py:537} INFO - Filling up the DagBag from /home/airflow/.local/lib/python3.7/site-packages/airflow/example_dags/example_time_delta_sensor_async.py
[2025-01-24T11:54:11.508+0000] {processor.py:766} INFO - DAG(s) dict_keys(['example_time_delta_sensor_async']) retrieved from /home/airflow/.local/lib/python3.7/site-packages/airflow/example_dags/example_time_delta_sensor_async.py
[2025-01-24T11:54:11.776+0000] {logging_mixin.py:120} INFO - [2025-01-24T11:54:11.776+0000] {dag.py:2585} INFO - Sync 1 DAGs
[2025-01-24T11:54:11.808+0000] {logging_mixin.py:120} INFO - [2025-01-24T11:54:11.807+0000] {dag.py:3340} INFO - Setting next_dagrun for example_time_delta_sensor_async to None, run_after=None
[2025-01-24T11:54:11.843+0000] {processor.py:176} INFO - Processing /home/airflow/.local/lib/python3.7/site-packages/airflow/example_dags/example_time_delta_sensor_async.py took 0.358 seconds
[2025-01-24T11:54:42.515+0000] {processor.py:154} INFO - Started process (PID=376) to work on /home/airflow/.local/lib/python3.7/site-packages/airflow/example_dags/example_time_delta_sensor_async.py
[2025-01-24T11:54:42.517+0000] {processor.py:756} INFO - Processing file /home/airflow/.local/lib/python3.7/site-packages/airflow/example_dags/example_time_delta_sensor_async.py for tasks to queue
[2025-01-24T11:54:42.518+0000] {logging_mixin.py:120} INFO - [2025-01-24T11:54:42.517+0000] {dagbag.py:537} INFO - Filling up the DagBag from /home/airflow/.local/lib/python3.7/site-packages/airflow/example_dags/example_time_delta_sensor_async.py
[2025-01-24T11:54:42.537+0000] {processor.py:766} INFO - DAG(s) dict_keys(['example_time_delta_sensor_async']) retrieved from /home/airflow/.local/lib/python3.7/site-packages/airflow/example_dags/example_time_delta_sensor_async.py
[2025-01-24T11:54:42.798+0000] {logging_mixin.py:120} INFO - [2025-01-24T11:54:42.798+0000] {dag.py:2585} INFO - Sync 1 DAGs
[2025-01-24T11:54:42.827+0000] {logging_mixin.py:120} INFO - [2025-01-24T11:54:42.827+0000] {dag.py:3340} INFO - Setting next_dagrun for example_time_delta_sensor_async to None, run_after=None
[2025-01-24T11:54:42.857+0000] {processor.py:176} INFO - Processing /home/airflow/.local/lib/python3.7/site-packages/airflow/example_dags/example_time_delta_sensor_async.py took 0.347 seconds
[2025-01-24T11:55:13.132+0000] {processor.py:154} INFO - Started process (PID=432) to work on /home/airflow/.local/lib/python3.7/site-packages/airflow/example_dags/example_time_delta_sensor_async.py
[2025-01-24T11:55:13.133+0000] {processor.py:756} INFO - Processing file /home/airflow/.local/lib/python3.7/site-packages/airflow/example_dags/example_time_delta_sensor_async.py for tasks to queue
[2025-01-24T11:55:13.134+0000] {logging_mixin.py:120} INFO - [2025-01-24T11:55:13.134+0000] {dagbag.py:537} INFO - Filling up the DagBag from /home/airflow/.local/lib/python3.7/site-packages/airflow/example_dags/example_time_delta_sensor_async.py
[2025-01-24T11:55:13.151+0000] {processor.py:766} INFO - DAG(s) dict_keys(['example_time_delta_sensor_async']) retrieved from /home/airflow/.local/lib/python3.7/site-packages/airflow/example_dags/example_time_delta_sensor_async.py
[2025-01-24T11:55:13.449+0000] {logging_mixin.py:120} INFO - [2025-01-24T11:55:13.449+0000] {dag.py:2585} INFO - Sync 1 DAGs
[2025-01-24T11:55:13.503+0000] {logging_mixin.py:120} INFO - [2025-01-24T11:55:13.503+0000] {dag.py:3340} INFO - Setting next_dagrun for example_time_delta_sensor_async to None, run_after=None
[2025-01-24T11:55:13.559+0000] {processor.py:176} INFO - Processing /home/airflow/.local/lib/python3.7/site-packages/airflow/example_dags/example_time_delta_sensor_async.py took 0.431 seconds
[2025-01-24T11:55:43.718+0000] {processor.py:154} INFO - Started process (PID=496) to work on /home/airflow/.local/lib/python3.7/site-packages/airflow/example_dags/example_time_delta_sensor_async.py
[2025-01-24T11:55:43.719+0000] {processor.py:756} INFO - Processing file /home/airflow/.local/lib/python3.7/site-packages/airflow/example_dags/example_time_delta_sensor_async.py for tasks to queue
[2025-01-24T11:55:43.719+0000] {logging_mixin.py:120} INFO - [2025-01-24T11:55:43.719+0000] {dagbag.py:537} INFO - Filling up the DagBag from /home/airflow/.local/lib/python3.7/site-packages/airflow/example_dags/example_time_delta_sensor_async.py
[2025-01-24T11:55:43.736+0000] {processor.py:766} INFO - DAG(s) dict_keys(['example_time_delta_sensor_async']) retrieved from /home/airflow/.local/lib/python3.7/site-packages/airflow/example_dags/example_time_delta_sensor_async.py
[2025-01-24T11:55:43.978+0000] {logging_mixin.py:120} INFO - [2025-01-24T11:55:43.978+0000] {dag.py:2585} INFO - Sync 1 DAGs
[2025-01-24T11:55:44.016+0000] {logging_mixin.py:120} INFO - [2025-01-24T11:55:44.016+0000] {dag.py:3340} INFO - Setting next_dagrun for example_time_delta_sensor_async to None, run_after=None
[2025-01-24T11:55:44.047+0000] {processor.py:176} INFO - Processing /home/airflow/.local/lib/python3.7/site-packages/airflow/example_dags/example_time_delta_sensor_async.py took 0.334 seconds
[2025-01-24T11:56:14.245+0000] {processor.py:154} INFO - Started process (PID=560) to work on /home/airflow/.local/lib/python3.7/site-packages/airflow/example_dags/example_time_delta_sensor_async.py
[2025-01-24T11:56:14.246+0000] {processor.py:756} INFO - Processing file /home/airflow/.local/lib/python3.7/site-packages/airflow/example_dags/example_time_delta_sensor_async.py for tasks to queue
[2025-01-24T11:56:14.247+0000] {logging_mixin.py:120} INFO - [2025-01-24T11:56:14.247+0000] {dagbag.py:537} INFO - Filling up the DagBag from /home/airflow/.local/lib/python3.7/site-packages/airflow/example_dags/example_time_delta_sensor_async.py
[2025-01-24T11:56:14.266+0000] {processor.py:766} INFO - DAG(s) dict_keys(['example_time_delta_sensor_async']) retrieved from /home/airflow/.local/lib/python3.7/site-packages/airflow/example_dags/example_time_delta_sensor_async.py
[2025-01-24T11:56:14.534+0000] {logging_mixin.py:120} INFO - [2025-01-24T11:56:14.534+0000] {dag.py:2585} INFO - Sync 1 DAGs
[2025-01-24T11:56:14.567+0000] {logging_mixin.py:120} INFO - [2025-01-24T11:56:14.567+0000] {dag.py:3340} INFO - Setting next_dagrun for example_time_delta_sensor_async to None, run_after=None
[2025-01-24T11:56:14.599+0000] {processor.py:176} INFO - Processing /home/airflow/.local/lib/python3.7/site-packages/airflow/example_dags/example_time_delta_sensor_async.py took 0.358 seconds
[2025-01-24T11:56:44.860+0000] {processor.py:154} INFO - Started process (PID=615) to work on /home/airflow/.local/lib/python3.7/site-packages/airflow/example_dags/example_time_delta_sensor_async.py
[2025-01-24T11:56:44.861+0000] {processor.py:756} INFO - Processing file /home/airflow/.local/lib/python3.7/site-packages/airflow/example_dags/example_time_delta_sensor_async.py for tasks to queue
[2025-01-24T11:56:44.862+0000] {logging_mixin.py:120} INFO - [2025-01-24T11:56:44.861+0000] {dagbag.py:537} INFO - Filling up the DagBag from /home/airflow/.local/lib/python3.7/site-packages/airflow/example_dags/example_time_delta_sensor_async.py
[2025-01-24T11:56:44.882+0000] {processor.py:766} INFO - DAG(s) dict_keys(['example_time_delta_sensor_async']) retrieved from /home/airflow/.local/lib/python3.7/site-packages/airflow/example_dags/example_time_delta_sensor_async.py
[2025-01-24T11:56:45.156+0000] {logging_mixin.py:120} INFO - [2025-01-24T11:56:45.155+0000] {dag.py:2585} INFO - Sync 1 DAGs
[2025-01-24T11:56:45.200+0000] {logging_mixin.py:120} INFO - [2025-01-24T11:56:45.199+0000] {dag.py:3340} INFO - Setting next_dagrun for example_time_delta_sensor_async to None, run_after=None
[2025-01-24T11:56:45.232+0000] {processor.py:176} INFO - Processing /home/airflow/.local/lib/python3.7/site-packages/airflow/example_dags/example_time_delta_sensor_async.py took 0.378 seconds
[2025-01-24T11:57:15.436+0000] {processor.py:154} INFO - Started process (PID=679) to work on /home/airflow/.local/lib/python3.7/site-packages/airflow/example_dags/example_time_delta_sensor_async.py
[2025-01-24T11:57:15.437+0000] {processor.py:756} INFO - Processing file /home/airflow/.local/lib/python3.7/site-packages/airflow/example_dags/example_time_delta_sensor_async.py for tasks to queue
[2025-01-24T11:57:15.437+0000] {logging_mixin.py:120} INFO - [2025-01-24T11:57:15.437+0000] {dagbag.py:537} INFO - Filling up the DagBag from /home/airflow/.local/lib/python3.7/site-packages/airflow/example_dags/example_time_delta_sensor_async.py
[2025-01-24T11:57:15.454+0000] {processor.py:766} INFO - DAG(s) dict_keys(['example_time_delta_sensor_async']) retrieved from /home/airflow/.local/lib/python3.7/site-packages/airflow/example_dags/example_time_delta_sensor_async.py
[2025-01-24T11:57:15.711+0000] {logging_mixin.py:120} INFO - [2025-01-24T11:57:15.710+0000] {dag.py:2585} INFO - Sync 1 DAGs
[2025-01-24T11:57:15.751+0000] {logging_mixin.py:120} INFO - [2025-01-24T11:57:15.750+0000] {dag.py:3340} INFO - Setting next_dagrun for example_time_delta_sensor_async to None, run_after=None
[2025-01-24T11:57:15.792+0000] {processor.py:176} INFO - Processing /home/airflow/.local/lib/python3.7/site-packages/airflow/example_dags/example_time_delta_sensor_async.py took 0.360 seconds
[2025-01-24T11:57:45.870+0000] {processor.py:154} INFO - Started process (PID=734) to work on /home/airflow/.local/lib/python3.7/site-packages/airflow/example_dags/example_time_delta_sensor_async.py
[2025-01-24T11:57:45.872+0000] {processor.py:756} INFO - Processing file /home/airflow/.local/lib/python3.7/site-packages/airflow/example_dags/example_time_delta_sensor_async.py for tasks to queue
[2025-01-24T11:57:45.872+0000] {logging_mixin.py:120} INFO - [2025-01-24T11:57:45.872+0000] {dagbag.py:537} INFO - Filling up the DagBag from /home/airflow/.local/lib/python3.7/site-packages/airflow/example_dags/example_time_delta_sensor_async.py
[2025-01-24T11:57:45.889+0000] {processor.py:766} INFO - DAG(s) dict_keys(['example_time_delta_sensor_async']) retrieved from /home/airflow/.local/lib/python3.7/site-packages/airflow/example_dags/example_time_delta_sensor_async.py
[2025-01-24T11:57:46.155+0000] {logging_mixin.py:120} INFO - [2025-01-24T11:57:46.155+0000] {dag.py:2585} INFO - Sync 1 DAGs
[2025-01-24T11:57:46.196+0000] {logging_mixin.py:120} INFO - [2025-01-24T11:57:46.195+0000] {dag.py:3340} INFO - Setting next_dagrun for example_time_delta_sensor_async to None, run_after=None
[2025-01-24T11:57:46.230+0000] {processor.py:176} INFO - Processing /home/airflow/.local/lib/python3.7/site-packages/airflow/example_dags/example_time_delta_sensor_async.py took 0.365 seconds
[2025-01-24T11:58:16.288+0000] {processor.py:154} INFO - Started process (PID=799) to work on /home/airflow/.local/lib/python3.7/site-packages/airflow/example_dags/example_time_delta_sensor_async.py
[2025-01-24T11:58:16.289+0000] {processor.py:756} INFO - Processing file /home/airflow/.local/lib/python3.7/site-packages/airflow/example_dags/example_time_delta_sensor_async.py for tasks to queue
[2025-01-24T11:58:16.290+0000] {logging_mixin.py:120} INFO - [2025-01-24T11:58:16.290+0000] {dagbag.py:537} INFO - Filling up the DagBag from /home/airflow/.local/lib/python3.7/site-packages/airflow/example_dags/example_time_delta_sensor_async.py
[2025-01-24T11:58:16.308+0000] {processor.py:766} INFO - DAG(s) dict_keys(['example_time_delta_sensor_async']) retrieved from /home/airflow/.local/lib/python3.7/site-packages/airflow/example_dags/example_time_delta_sensor_async.py
[2025-01-24T11:58:16.570+0000] {logging_mixin.py:120} INFO - [2025-01-24T11:58:16.569+0000] {dag.py:2585} INFO - Sync 1 DAGs
[2025-01-24T11:58:16.603+0000] {logging_mixin.py:120} INFO - [2025-01-24T11:58:16.603+0000] {dag.py:3340} INFO - Setting next_dagrun for example_time_delta_sensor_async to None, run_after=None
[2025-01-24T11:58:16.639+0000] {processor.py:176} INFO - Processing /home/airflow/.local/lib/python3.7/site-packages/airflow/example_dags/example_time_delta_sensor_async.py took 0.356 seconds
[2025-01-24T11:58:47.072+0000] {processor.py:154} INFO - Started process (PID=863) to work on /home/airflow/.local/lib/python3.7/site-packages/airflow/example_dags/example_time_delta_sensor_async.py
[2025-01-24T11:58:47.073+0000] {processor.py:756} INFO - Processing file /home/airflow/.local/lib/python3.7/site-packages/airflow/example_dags/example_time_delta_sensor_async.py for tasks to queue
[2025-01-24T11:58:47.074+0000] {logging_mixin.py:120} INFO - [2025-01-24T11:58:47.074+0000] {dagbag.py:537} INFO - Filling up the DagBag from /home/airflow/.local/lib/python3.7/site-packages/airflow/example_dags/example_time_delta_sensor_async.py
[2025-01-24T11:58:47.091+0000] {processor.py:766} INFO - DAG(s) dict_keys(['example_time_delta_sensor_async']) retrieved from /home/airflow/.local/lib/python3.7/site-packages/airflow/example_dags/example_time_delta_sensor_async.py
[2025-01-24T11:58:47.322+0000] {logging_mixin.py:120} INFO - [2025-01-24T11:58:47.321+0000] {dag.py:2585} INFO - Sync 1 DAGs
[2025-01-24T11:58:47.351+0000] {logging_mixin.py:120} INFO - [2025-01-24T11:58:47.351+0000] {dag.py:3340} INFO - Setting next_dagrun for example_time_delta_sensor_async to None, run_after=None
[2025-01-24T11:58:47.374+0000] {processor.py:176} INFO - Processing /home/airflow/.local/lib/python3.7/site-packages/airflow/example_dags/example_time_delta_sensor_async.py took 0.306 seconds
[2025-01-24T11:59:17.415+0000] {processor.py:154} INFO - Started process (PID=919) to work on /home/airflow/.local/lib/python3.7/site-packages/airflow/example_dags/example_time_delta_sensor_async.py
[2025-01-24T11:59:17.416+0000] {processor.py:756} INFO - Processing file /home/airflow/.local/lib/python3.7/site-packages/airflow/example_dags/example_time_delta_sensor_async.py for tasks to queue
[2025-01-24T11:59:17.417+0000] {logging_mixin.py:120} INFO - [2025-01-24T11:59:17.416+0000] {dagbag.py:537} INFO - Filling up the DagBag from /home/airflow/.local/lib/python3.7/site-packages/airflow/example_dags/example_time_delta_sensor_async.py
[2025-01-24T11:59:17.434+0000] {processor.py:766} INFO - DAG(s) dict_keys(['example_time_delta_sensor_async']) retrieved from /home/airflow/.local/lib/python3.7/site-packages/airflow/example_dags/example_time_delta_sensor_async.py
[2025-01-24T11:59:17.684+0000] {logging_mixin.py:120} INFO - [2025-01-24T11:59:17.684+0000] {dag.py:2585} INFO - Sync 1 DAGs
[2025-01-24T11:59:17.720+0000] {logging_mixin.py:120} INFO - [2025-01-24T11:59:17.720+0000] {dag.py:3340} INFO - Setting next_dagrun for example_time_delta_sensor_async to None, run_after=None
[2025-01-24T11:59:17.756+0000] {processor.py:176} INFO - Processing /home/airflow/.local/lib/python3.7/site-packages/airflow/example_dags/example_time_delta_sensor_async.py took 0.346 seconds
[2025-01-24T11:59:47.878+0000] {processor.py:154} INFO - Started process (PID=983) to work on /home/airflow/.local/lib/python3.7/site-packages/airflow/example_dags/example_time_delta_sensor_async.py
[2025-01-24T11:59:47.879+0000] {processor.py:756} INFO - Processing file /home/airflow/.local/lib/python3.7/site-packages/airflow/example_dags/example_time_delta_sensor_async.py for tasks to queue
[2025-01-24T11:59:47.880+0000] {logging_mixin.py:120} INFO - [2025-01-24T11:59:47.880+0000] {dagbag.py:537} INFO - Filling up the DagBag from /home/airflow/.local/lib/python3.7/site-packages/airflow/example_dags/example_time_delta_sensor_async.py
[2025-01-24T11:59:47.894+0000] {processor.py:766} INFO - DAG(s) dict_keys(['example_time_delta_sensor_async']) retrieved from /home/airflow/.local/lib/python3.7/site-packages/airflow/example_dags/example_time_delta_sensor_async.py
[2025-01-24T11:59:48.111+0000] {logging_mixin.py:120} INFO - [2025-01-24T11:59:48.111+0000] {dag.py:2585} INFO - Sync 1 DAGs
[2025-01-24T11:59:48.142+0000] {logging_mixin.py:120} INFO - [2025-01-24T11:59:48.141+0000] {dag.py:3340} INFO - Setting next_dagrun for example_time_delta_sensor_async to None, run_after=None
[2025-01-24T11:59:48.179+0000] {processor.py:176} INFO - Processing /home/airflow/.local/lib/python3.7/site-packages/airflow/example_dags/example_time_delta_sensor_async.py took 0.305 seconds
[2025-01-24T12:00:18.442+0000] {processor.py:154} INFO - Started process (PID=1045) to work on /home/airflow/.local/lib/python3.7/site-packages/airflow/example_dags/example_time_delta_sensor_async.py
[2025-01-24T12:00:18.443+0000] {processor.py:756} INFO - Processing file /home/airflow/.local/lib/python3.7/site-packages/airflow/example_dags/example_time_delta_sensor_async.py for tasks to queue
[2025-01-24T12:00:18.444+0000] {logging_mixin.py:120} INFO - [2025-01-24T12:00:18.444+0000] {dagbag.py:537} INFO - Filling up the DagBag from /home/airflow/.local/lib/python3.7/site-packages/airflow/example_dags/example_time_delta_sensor_async.py
[2025-01-24T12:00:18.461+0000] {processor.py:766} INFO - DAG(s) dict_keys(['example_time_delta_sensor_async']) retrieved from /home/airflow/.local/lib/python3.7/site-packages/airflow/example_dags/example_time_delta_sensor_async.py
[2025-01-24T12:00:18.690+0000] {logging_mixin.py:120} INFO - [2025-01-24T12:00:18.689+0000] {dag.py:2585} INFO - Sync 1 DAGs
[2025-01-24T12:00:18.724+0000] {logging_mixin.py:120} INFO - [2025-01-24T12:00:18.724+0000] {dag.py:3340} INFO - Setting next_dagrun for example_time_delta_sensor_async to None, run_after=None
[2025-01-24T12:00:18.762+0000] {processor.py:176} INFO - Processing /home/airflow/.local/lib/python3.7/site-packages/airflow/example_dags/example_time_delta_sensor_async.py took 0.324 seconds
[2025-01-24T12:00:49.256+0000] {processor.py:154} INFO - Started process (PID=1101) to work on /home/airflow/.local/lib/python3.7/site-packages/airflow/example_dags/example_time_delta_sensor_async.py
[2025-01-24T12:00:49.257+0000] {processor.py:756} INFO - Processing file /home/airflow/.local/lib/python3.7/site-packages/airflow/example_dags/example_time_delta_sensor_async.py for tasks to queue
[2025-01-24T12:00:49.258+0000] {logging_mixin.py:120} INFO - [2025-01-24T12:00:49.257+0000] {dagbag.py:537} INFO - Filling up the DagBag from /home/airflow/.local/lib/python3.7/site-packages/airflow/example_dags/example_time_delta_sensor_async.py
[2025-01-24T12:00:49.274+0000] {processor.py:766} INFO - DAG(s) dict_keys(['example_time_delta_sensor_async']) retrieved from /home/airflow/.local/lib/python3.7/site-packages/airflow/example_dags/example_time_delta_sensor_async.py
[2025-01-24T12:00:49.504+0000] {logging_mixin.py:120} INFO - [2025-01-24T12:00:49.504+0000] {dag.py:2585} INFO - Sync 1 DAGs
[2025-01-24T12:00:49.533+0000] {logging_mixin.py:120} INFO - [2025-01-24T12:00:49.533+0000] {dag.py:3340} INFO - Setting next_dagrun for example_time_delta_sensor_async to None, run_after=None
[2025-01-24T12:00:49.557+0000] {processor.py:176} INFO - Processing /home/airflow/.local/lib/python3.7/site-packages/airflow/example_dags/example_time_delta_sensor_async.py took 0.305 seconds
[2025-01-24T12:01:19.678+0000] {processor.py:154} INFO - Started process (PID=1167) to work on /home/airflow/.local/lib/python3.7/site-packages/airflow/example_dags/example_time_delta_sensor_async.py
[2025-01-24T12:01:19.679+0000] {processor.py:756} INFO - Processing file /home/airflow/.local/lib/python3.7/site-packages/airflow/example_dags/example_time_delta_sensor_async.py for tasks to queue
[2025-01-24T12:01:19.680+0000] {logging_mixin.py:120} INFO - [2025-01-24T12:01:19.680+0000] {dagbag.py:537} INFO - Filling up the DagBag from /home/airflow/.local/lib/python3.7/site-packages/airflow/example_dags/example_time_delta_sensor_async.py
[2025-01-24T12:01:19.697+0000] {processor.py:766} INFO - DAG(s) dict_keys(['example_time_delta_sensor_async']) retrieved from /home/airflow/.local/lib/python3.7/site-packages/airflow/example_dags/example_time_delta_sensor_async.py
[2025-01-24T12:01:19.926+0000] {logging_mixin.py:120} INFO - [2025-01-24T12:01:19.926+0000] {dag.py:2585} INFO - Sync 1 DAGs
[2025-01-24T12:01:19.953+0000] {logging_mixin.py:120} INFO - [2025-01-24T12:01:19.952+0000] {dag.py:3340} INFO - Setting next_dagrun for example_time_delta_sensor_async to None, run_after=None
[2025-01-24T12:01:19.990+0000] {processor.py:176} INFO - Processing /home/airflow/.local/lib/python3.7/site-packages/airflow/example_dags/example_time_delta_sensor_async.py took 0.316 seconds
[2025-01-24T12:01:50.480+0000] {processor.py:154} INFO - Started process (PID=1222) to work on /home/airflow/.local/lib/python3.7/site-packages/airflow/example_dags/example_time_delta_sensor_async.py
[2025-01-24T12:01:50.481+0000] {processor.py:756} INFO - Processing file /home/airflow/.local/lib/python3.7/site-packages/airflow/example_dags/example_time_delta_sensor_async.py for tasks to queue
[2025-01-24T12:01:50.482+0000] {logging_mixin.py:120} INFO - [2025-01-24T12:01:50.481+0000] {dagbag.py:537} INFO - Filling up the DagBag from /home/airflow/.local/lib/python3.7/site-packages/airflow/example_dags/example_time_delta_sensor_async.py
[2025-01-24T12:01:50.500+0000] {processor.py:766} INFO - DAG(s) dict_keys(['example_time_delta_sensor_async']) retrieved from /home/airflow/.local/lib/python3.7/site-packages/airflow/example_dags/example_time_delta_sensor_async.py
[2025-01-24T12:01:50.768+0000] {logging_mixin.py:120} INFO - [2025-01-24T12:01:50.768+0000] {dag.py:2585} INFO - Sync 1 DAGs
[2025-01-24T12:01:50.805+0000] {logging_mixin.py:120} INFO - [2025-01-24T12:01:50.805+0000] {dag.py:3340} INFO - Setting next_dagrun for example_time_delta_sensor_async to None, run_after=None
[2025-01-24T12:01:50.835+0000] {processor.py:176} INFO - Processing /home/airflow/.local/lib/python3.7/site-packages/airflow/example_dags/example_time_delta_sensor_async.py took 0.359 seconds
[2025-01-24T12:02:21.317+0000] {processor.py:154} INFO - Started process (PID=1286) to work on /home/airflow/.local/lib/python3.7/site-packages/airflow/example_dags/example_time_delta_sensor_async.py
[2025-01-24T12:02:21.318+0000] {processor.py:756} INFO - Processing file /home/airflow/.local/lib/python3.7/site-packages/airflow/example_dags/example_time_delta_sensor_async.py for tasks to queue
[2025-01-24T12:02:21.319+0000] {logging_mixin.py:120} INFO - [2025-01-24T12:02:21.319+0000] {dagbag.py:537} INFO - Filling up the DagBag from /home/airflow/.local/lib/python3.7/site-packages/airflow/example_dags/example_time_delta_sensor_async.py
[2025-01-24T12:02:21.337+0000] {processor.py:766} INFO - DAG(s) dict_keys(['example_time_delta_sensor_async']) retrieved from /home/airflow/.local/lib/python3.7/site-packages/airflow/example_dags/example_time_delta_sensor_async.py
[2025-01-24T12:02:21.585+0000] {logging_mixin.py:120} INFO - [2025-01-24T12:02:21.585+0000] {dag.py:2585} INFO - Sync 1 DAGs
[2025-01-24T12:02:21.618+0000] {logging_mixin.py:120} INFO - [2025-01-24T12:02:21.618+0000] {dag.py:3340} INFO - Setting next_dagrun for example_time_delta_sensor_async to None, run_after=None
[2025-01-24T12:02:21.647+0000] {processor.py:176} INFO - Processing /home/airflow/.local/lib/python3.7/site-packages/airflow/example_dags/example_time_delta_sensor_async.py took 0.334 seconds
[2025-01-24T12:02:52.231+0000] {processor.py:154} INFO - Started process (PID=1350) to work on /home/airflow/.local/lib/python3.7/site-packages/airflow/example_dags/example_time_delta_sensor_async.py
[2025-01-24T12:02:52.242+0000] {processor.py:756} INFO - Processing file /home/airflow/.local/lib/python3.7/site-packages/airflow/example_dags/example_time_delta_sensor_async.py for tasks to queue
[2025-01-24T12:02:52.243+0000] {logging_mixin.py:120} INFO - [2025-01-24T12:02:52.243+0000] {dagbag.py:537} INFO - Filling up the DagBag from /home/airflow/.local/lib/python3.7/site-packages/airflow/example_dags/example_time_delta_sensor_async.py
[2025-01-24T12:02:52.263+0000] {processor.py:766} INFO - DAG(s) dict_keys(['example_time_delta_sensor_async']) retrieved from /home/airflow/.local/lib/python3.7/site-packages/airflow/example_dags/example_time_delta_sensor_async.py
[2025-01-24T12:02:52.571+0000] {logging_mixin.py:120} INFO - [2025-01-24T12:02:52.570+0000] {dag.py:2585} INFO - Sync 1 DAGs
[2025-01-24T12:02:52.630+0000] {logging_mixin.py:120} INFO - [2025-01-24T12:02:52.629+0000] {dag.py:3340} INFO - Setting next_dagrun for example_time_delta_sensor_async to None, run_after=None
[2025-01-24T12:02:52.683+0000] {processor.py:176} INFO - Processing /home/airflow/.local/lib/python3.7/site-packages/airflow/example_dags/example_time_delta_sensor_async.py took 0.458 seconds
[2025-01-24T12:03:22.926+0000] {processor.py:154} INFO - Started process (PID=1405) to work on /home/airflow/.local/lib/python3.7/site-packages/airflow/example_dags/example_time_delta_sensor_async.py
[2025-01-24T12:03:22.937+0000] {processor.py:756} INFO - Processing file /home/airflow/.local/lib/python3.7/site-packages/airflow/example_dags/example_time_delta_sensor_async.py for tasks to queue
[2025-01-24T12:03:22.938+0000] {logging_mixin.py:120} INFO - [2025-01-24T12:03:22.938+0000] {dagbag.py:537} INFO - Filling up the DagBag from /home/airflow/.local/lib/python3.7/site-packages/airflow/example_dags/example_time_delta_sensor_async.py
[2025-01-24T12:03:22.955+0000] {processor.py:766} INFO - DAG(s) dict_keys(['example_time_delta_sensor_async']) retrieved from /home/airflow/.local/lib/python3.7/site-packages/airflow/example_dags/example_time_delta_sensor_async.py
[2025-01-24T12:03:23.205+0000] {logging_mixin.py:120} INFO - [2025-01-24T12:03:23.204+0000] {dag.py:2585} INFO - Sync 1 DAGs
[2025-01-24T12:03:23.240+0000] {logging_mixin.py:120} INFO - [2025-01-24T12:03:23.240+0000] {dag.py:3340} INFO - Setting next_dagrun for example_time_delta_sensor_async to None, run_after=None
[2025-01-24T12:03:23.269+0000] {processor.py:176} INFO - Processing /home/airflow/.local/lib/python3.7/site-packages/airflow/example_dags/example_time_delta_sensor_async.py took 0.349 seconds
[2025-01-24T12:03:53.380+0000] {processor.py:154} INFO - Started process (PID=1469) to work on /home/airflow/.local/lib/python3.7/site-packages/airflow/example_dags/example_time_delta_sensor_async.py
[2025-01-24T12:03:53.390+0000] {processor.py:756} INFO - Processing file /home/airflow/.local/lib/python3.7/site-packages/airflow/example_dags/example_time_delta_sensor_async.py for tasks to queue
[2025-01-24T12:03:53.391+0000] {logging_mixin.py:120} INFO - [2025-01-24T12:03:53.391+0000] {dagbag.py:537} INFO - Filling up the DagBag from /home/airflow/.local/lib/python3.7/site-packages/airflow/example_dags/example_time_delta_sensor_async.py
[2025-01-24T12:03:53.407+0000] {processor.py:766} INFO - DAG(s) dict_keys(['example_time_delta_sensor_async']) retrieved from /home/airflow/.local/lib/python3.7/site-packages/airflow/example_dags/example_time_delta_sensor_async.py
[2025-01-24T12:03:53.649+0000] {logging_mixin.py:120} INFO - [2025-01-24T12:03:53.649+0000] {dag.py:2585} INFO - Sync 1 DAGs
[2025-01-24T12:03:53.684+0000] {logging_mixin.py:120} INFO - [2025-01-24T12:03:53.684+0000] {dag.py:3340} INFO - Setting next_dagrun for example_time_delta_sensor_async to None, run_after=None
[2025-01-24T12:03:53.713+0000] {processor.py:176} INFO - Processing /home/airflow/.local/lib/python3.7/site-packages/airflow/example_dags/example_time_delta_sensor_async.py took 0.337 seconds
[2025-01-24T12:04:24.331+0000] {processor.py:154} INFO - Started process (PID=1524) to work on /home/airflow/.local/lib/python3.7/site-packages/airflow/example_dags/example_time_delta_sensor_async.py
[2025-01-24T12:04:24.332+0000] {processor.py:756} INFO - Processing file /home/airflow/.local/lib/python3.7/site-packages/airflow/example_dags/example_time_delta_sensor_async.py for tasks to queue
[2025-01-24T12:04:24.333+0000] {logging_mixin.py:120} INFO - [2025-01-24T12:04:24.333+0000] {dagbag.py:537} INFO - Filling up the DagBag from /home/airflow/.local/lib/python3.7/site-packages/airflow/example_dags/example_time_delta_sensor_async.py
[2025-01-24T12:04:24.349+0000] {processor.py:766} INFO - DAG(s) dict_keys(['example_time_delta_sensor_async']) retrieved from /home/airflow/.local/lib/python3.7/site-packages/airflow/example_dags/example_time_delta_sensor_async.py
[2025-01-24T12:04:24.589+0000] {logging_mixin.py:120} INFO - [2025-01-24T12:04:24.589+0000] {dag.py:2585} INFO - Sync 1 DAGs
[2025-01-24T12:04:24.624+0000] {logging_mixin.py:120} INFO - [2025-01-24T12:04:24.624+0000] {dag.py:3340} INFO - Setting next_dagrun for example_time_delta_sensor_async to None, run_after=None
[2025-01-24T12:04:24.654+0000] {processor.py:176} INFO - Processing /home/airflow/.local/lib/python3.7/site-packages/airflow/example_dags/example_time_delta_sensor_async.py took 0.327 seconds
[2025-01-24T12:04:54.732+0000] {processor.py:154} INFO - Started process (PID=1589) to work on /home/airflow/.local/lib/python3.7/site-packages/airflow/example_dags/example_time_delta_sensor_async.py
[2025-01-24T12:04:54.733+0000] {processor.py:756} INFO - Processing file /home/airflow/.local/lib/python3.7/site-packages/airflow/example_dags/example_time_delta_sensor_async.py for tasks to queue
[2025-01-24T12:04:54.734+0000] {logging_mixin.py:120} INFO - [2025-01-24T12:04:54.734+0000] {dagbag.py:537} INFO - Filling up the DagBag from /home/airflow/.local/lib/python3.7/site-packages/airflow/example_dags/example_time_delta_sensor_async.py
[2025-01-24T12:04:54.751+0000] {processor.py:766} INFO - DAG(s) dict_keys(['example_time_delta_sensor_async']) retrieved from /home/airflow/.local/lib/python3.7/site-packages/airflow/example_dags/example_time_delta_sensor_async.py
[2025-01-24T12:04:54.996+0000] {logging_mixin.py:120} INFO - [2025-01-24T12:04:54.995+0000] {dag.py:2585} INFO - Sync 1 DAGs
[2025-01-24T12:04:55.029+0000] {logging_mixin.py:120} INFO - [2025-01-24T12:04:55.029+0000] {dag.py:3340} INFO - Setting next_dagrun for example_time_delta_sensor_async to None, run_after=None
[2025-01-24T12:04:55.058+0000] {processor.py:176} INFO - Processing /home/airflow/.local/lib/python3.7/site-packages/airflow/example_dags/example_time_delta_sensor_async.py took 0.330 seconds
[2025-01-24T12:05:25.666+0000] {processor.py:154} INFO - Started process (PID=1643) to work on /home/airflow/.local/lib/python3.7/site-packages/airflow/example_dags/example_time_delta_sensor_async.py
[2025-01-24T12:05:25.677+0000] {processor.py:756} INFO - Processing file /home/airflow/.local/lib/python3.7/site-packages/airflow/example_dags/example_time_delta_sensor_async.py for tasks to queue
[2025-01-24T12:05:25.678+0000] {logging_mixin.py:120} INFO - [2025-01-24T12:05:25.678+0000] {dagbag.py:537} INFO - Filling up the DagBag from /home/airflow/.local/lib/python3.7/site-packages/airflow/example_dags/example_time_delta_sensor_async.py
[2025-01-24T12:05:25.696+0000] {processor.py:766} INFO - DAG(s) dict_keys(['example_time_delta_sensor_async']) retrieved from /home/airflow/.local/lib/python3.7/site-packages/airflow/example_dags/example_time_delta_sensor_async.py
[2025-01-24T12:05:25.971+0000] {logging_mixin.py:120} INFO - [2025-01-24T12:05:25.971+0000] {dag.py:2585} INFO - Sync 1 DAGs
[2025-01-24T12:05:26.018+0000] {logging_mixin.py:120} INFO - [2025-01-24T12:05:26.017+0000] {dag.py:3340} INFO - Setting next_dagrun for example_time_delta_sensor_async to None, run_after=None
[2025-01-24T12:05:26.049+0000] {processor.py:176} INFO - Processing /home/airflow/.local/lib/python3.7/site-packages/airflow/example_dags/example_time_delta_sensor_async.py took 0.387 seconds
[2025-01-24T12:05:56.129+0000] {processor.py:154} INFO - Started process (PID=1707) to work on /home/airflow/.local/lib/python3.7/site-packages/airflow/example_dags/example_time_delta_sensor_async.py
[2025-01-24T12:05:56.140+0000] {processor.py:756} INFO - Processing file /home/airflow/.local/lib/python3.7/site-packages/airflow/example_dags/example_time_delta_sensor_async.py for tasks to queue
[2025-01-24T12:05:56.141+0000] {logging_mixin.py:120} INFO - [2025-01-24T12:05:56.141+0000] {dagbag.py:537} INFO - Filling up the DagBag from /home/airflow/.local/lib/python3.7/site-packages/airflow/example_dags/example_time_delta_sensor_async.py
[2025-01-24T12:05:56.159+0000] {processor.py:766} INFO - DAG(s) dict_keys(['example_time_delta_sensor_async']) retrieved from /home/airflow/.local/lib/python3.7/site-packages/airflow/example_dags/example_time_delta_sensor_async.py
[2025-01-24T12:05:56.438+0000] {logging_mixin.py:120} INFO - [2025-01-24T12:05:56.438+0000] {dag.py:2585} INFO - Sync 1 DAGs
[2025-01-24T12:05:56.476+0000] {logging_mixin.py:120} INFO - [2025-01-24T12:05:56.475+0000] {dag.py:3340} INFO - Setting next_dagrun for example_time_delta_sensor_async to None, run_after=None
[2025-01-24T12:05:56.510+0000] {processor.py:176} INFO - Processing /home/airflow/.local/lib/python3.7/site-packages/airflow/example_dags/example_time_delta_sensor_async.py took 0.387 seconds
