[2025-01-24T17:06:14.394+0000] {processor.py:154} INFO - Started process (PID=63) to work on /home/airflow/.local/lib/python3.7/site-packages/airflow/example_dags/example_branch_datetime_operator.py
[2025-01-24T17:06:14.395+0000] {processor.py:756} INFO - Processing file /home/airflow/.local/lib/python3.7/site-packages/airflow/example_dags/example_branch_datetime_operator.py for tasks to queue
[2025-01-24T17:06:14.396+0000] {logging_mixin.py:120} INFO - [2025-01-24T17:06:14.396+0000] {dagbag.py:537} INFO - Filling up the DagBag from /home/airflow/.local/lib/python3.7/site-packages/airflow/example_dags/example_branch_datetime_operator.py
[2025-01-24T17:06:14.431+0000] {processor.py:766} INFO - DAG(s) dict_keys(['example_branch_datetime_operator', 'example_branch_datetime_operator_2', 'example_branch_datetime_operator_3']) retrieved from /home/airflow/.local/lib/python3.7/site-packages/airflow/example_dags/example_branch_datetime_operator.py
[2025-01-24T17:06:14.508+0000] {logging_mixin.py:120} INFO - [2025-01-24T17:06:14.508+0000] {dag.py:2585} INFO - Sync 3 DAGs
[2025-01-24T17:06:14.559+0000] {logging_mixin.py:120} INFO - [2025-01-24T17:06:14.559+0000] {dag.py:3340} INFO - Setting next_dagrun for example_branch_datetime_operator to 2025-01-23T00:00:00+00:00, run_after=2025-01-24T00:00:00+00:00
[2025-01-24T17:06:14.568+0000] {logging_mixin.py:120} INFO - [2025-01-24T17:06:14.568+0000] {dag.py:3340} INFO - Setting next_dagrun for example_branch_datetime_operator_2 to 2025-01-23T00:00:00+00:00, run_after=2025-01-24T00:00:00+00:00
[2025-01-24T17:06:14.574+0000] {logging_mixin.py:120} INFO - [2025-01-24T17:06:14.574+0000] {dag.py:3340} INFO - Setting next_dagrun for example_branch_datetime_operator_3 to 2025-01-23T00:00:00+00:00, run_after=2025-01-24T00:00:00+00:00
[2025-01-24T17:06:14.617+0000] {processor.py:176} INFO - Processing /home/airflow/.local/lib/python3.7/site-packages/airflow/example_dags/example_branch_datetime_operator.py took 0.228 seconds
[2025-01-24T11:52:07.382+0000] {processor.py:154} INFO - Started process (PID=63) to work on /home/airflow/.local/lib/python3.7/site-packages/airflow/example_dags/example_branch_datetime_operator.py
[2025-01-24T11:52:07.384+0000] {processor.py:756} INFO - Processing file /home/airflow/.local/lib/python3.7/site-packages/airflow/example_dags/example_branch_datetime_operator.py for tasks to queue
[2025-01-24T11:52:07.386+0000] {logging_mixin.py:120} INFO - [2025-01-24T11:52:07.385+0000] {dagbag.py:537} INFO - Filling up the DagBag from /home/airflow/.local/lib/python3.7/site-packages/airflow/example_dags/example_branch_datetime_operator.py
[2025-01-24T11:52:07.439+0000] {processor.py:766} INFO - DAG(s) dict_keys(['example_branch_datetime_operator_3', 'example_branch_datetime_operator', 'example_branch_datetime_operator_2']) retrieved from /home/airflow/.local/lib/python3.7/site-packages/airflow/example_dags/example_branch_datetime_operator.py
[2025-01-24T11:52:07.593+0000] {logging_mixin.py:120} INFO - [2025-01-24T11:52:07.593+0000] {dag.py:2585} INFO - Sync 3 DAGs
[2025-01-24T11:52:07.677+0000] {logging_mixin.py:120} INFO - [2025-01-24T11:52:07.677+0000] {dag.py:3340} INFO - Setting next_dagrun for example_branch_datetime_operator to 2025-01-23T00:00:00+00:00, run_after=2025-01-24T00:00:00+00:00
[2025-01-24T11:52:07.692+0000] {logging_mixin.py:120} INFO - [2025-01-24T11:52:07.692+0000] {dag.py:3340} INFO - Setting next_dagrun for example_branch_datetime_operator_2 to 2025-01-23T00:00:00+00:00, run_after=2025-01-24T00:00:00+00:00
[2025-01-24T11:52:07.701+0000] {logging_mixin.py:120} INFO - [2025-01-24T11:52:07.701+0000] {dag.py:3340} INFO - Setting next_dagrun for example_branch_datetime_operator_3 to 2025-01-23T00:00:00+00:00, run_after=2025-01-24T00:00:00+00:00
[2025-01-24T11:52:07.754+0000] {processor.py:176} INFO - Processing /home/airflow/.local/lib/python3.7/site-packages/airflow/example_dags/example_branch_datetime_operator.py took 0.378 seconds
[2025-01-24T11:52:37.981+0000] {processor.py:154} INFO - Started process (PID=127) to work on /home/airflow/.local/lib/python3.7/site-packages/airflow/example_dags/example_branch_datetime_operator.py
[2025-01-24T11:52:37.982+0000] {processor.py:756} INFO - Processing file /home/airflow/.local/lib/python3.7/site-packages/airflow/example_dags/example_branch_datetime_operator.py for tasks to queue
[2025-01-24T11:52:37.984+0000] {logging_mixin.py:120} INFO - [2025-01-24T11:52:37.983+0000] {dagbag.py:537} INFO - Filling up the DagBag from /home/airflow/.local/lib/python3.7/site-packages/airflow/example_dags/example_branch_datetime_operator.py
[2025-01-24T11:52:38.028+0000] {processor.py:766} INFO - DAG(s) dict_keys(['example_branch_datetime_operator_2', 'example_branch_datetime_operator', 'example_branch_datetime_operator_3']) retrieved from /home/airflow/.local/lib/python3.7/site-packages/airflow/example_dags/example_branch_datetime_operator.py
[2025-01-24T11:52:38.118+0000] {logging_mixin.py:120} INFO - [2025-01-24T11:52:38.117+0000] {dag.py:2585} INFO - Sync 3 DAGs
[2025-01-24T11:52:38.182+0000] {logging_mixin.py:120} INFO - [2025-01-24T11:52:38.182+0000] {dag.py:3340} INFO - Setting next_dagrun for example_branch_datetime_operator to 2025-01-23T00:00:00+00:00, run_after=2025-01-24T00:00:00+00:00
[2025-01-24T11:52:38.194+0000] {logging_mixin.py:120} INFO - [2025-01-24T11:52:38.194+0000] {dag.py:3340} INFO - Setting next_dagrun for example_branch_datetime_operator_2 to 2025-01-23T00:00:00+00:00, run_after=2025-01-24T00:00:00+00:00
[2025-01-24T11:52:38.203+0000] {logging_mixin.py:120} INFO - [2025-01-24T11:52:38.203+0000] {dag.py:3340} INFO - Setting next_dagrun for example_branch_datetime_operator_3 to 2025-01-23T00:00:00+00:00, run_after=2025-01-24T00:00:00+00:00
[2025-01-24T11:52:38.251+0000] {processor.py:176} INFO - Processing /home/airflow/.local/lib/python3.7/site-packages/airflow/example_dags/example_branch_datetime_operator.py took 0.275 seconds
[2025-01-24T11:53:09.010+0000] {processor.py:154} INFO - Started process (PID=183) to work on /home/airflow/.local/lib/python3.7/site-packages/airflow/example_dags/example_branch_datetime_operator.py
[2025-01-24T11:53:09.011+0000] {processor.py:756} INFO - Processing file /home/airflow/.local/lib/python3.7/site-packages/airflow/example_dags/example_branch_datetime_operator.py for tasks to queue
[2025-01-24T11:53:09.012+0000] {logging_mixin.py:120} INFO - [2025-01-24T11:53:09.012+0000] {dagbag.py:537} INFO - Filling up the DagBag from /home/airflow/.local/lib/python3.7/site-packages/airflow/example_dags/example_branch_datetime_operator.py
[2025-01-24T11:53:09.040+0000] {processor.py:766} INFO - DAG(s) dict_keys(['example_branch_datetime_operator_2', 'example_branch_datetime_operator_3', 'example_branch_datetime_operator']) retrieved from /home/airflow/.local/lib/python3.7/site-packages/airflow/example_dags/example_branch_datetime_operator.py
[2025-01-24T11:53:09.116+0000] {logging_mixin.py:120} INFO - [2025-01-24T11:53:09.116+0000] {dag.py:2585} INFO - Sync 3 DAGs
[2025-01-24T11:53:09.161+0000] {logging_mixin.py:120} INFO - [2025-01-24T11:53:09.161+0000] {dag.py:3340} INFO - Setting next_dagrun for example_branch_datetime_operator to 2025-01-23T00:00:00+00:00, run_after=2025-01-24T00:00:00+00:00
[2025-01-24T11:53:09.168+0000] {logging_mixin.py:120} INFO - [2025-01-24T11:53:09.168+0000] {dag.py:3340} INFO - Setting next_dagrun for example_branch_datetime_operator_2 to 2025-01-23T00:00:00+00:00, run_after=2025-01-24T00:00:00+00:00
[2025-01-24T11:53:09.172+0000] {logging_mixin.py:120} INFO - [2025-01-24T11:53:09.172+0000] {dag.py:3340} INFO - Setting next_dagrun for example_branch_datetime_operator_3 to 2025-01-23T00:00:00+00:00, run_after=2025-01-24T00:00:00+00:00
[2025-01-24T11:53:09.215+0000] {processor.py:176} INFO - Processing /home/airflow/.local/lib/python3.7/site-packages/airflow/example_dags/example_branch_datetime_operator.py took 0.211 seconds
[2025-01-24T11:53:39.403+0000] {processor.py:154} INFO - Started process (PID=247) to work on /home/airflow/.local/lib/python3.7/site-packages/airflow/example_dags/example_branch_datetime_operator.py
[2025-01-24T11:53:39.413+0000] {processor.py:756} INFO - Processing file /home/airflow/.local/lib/python3.7/site-packages/airflow/example_dags/example_branch_datetime_operator.py for tasks to queue
[2025-01-24T11:53:39.414+0000] {logging_mixin.py:120} INFO - [2025-01-24T11:53:39.414+0000] {dagbag.py:537} INFO - Filling up the DagBag from /home/airflow/.local/lib/python3.7/site-packages/airflow/example_dags/example_branch_datetime_operator.py
[2025-01-24T11:53:39.441+0000] {processor.py:766} INFO - DAG(s) dict_keys(['example_branch_datetime_operator', 'example_branch_datetime_operator_2', 'example_branch_datetime_operator_3']) retrieved from /home/airflow/.local/lib/python3.7/site-packages/airflow/example_dags/example_branch_datetime_operator.py
[2025-01-24T11:53:39.524+0000] {logging_mixin.py:120} INFO - [2025-01-24T11:53:39.524+0000] {dag.py:2585} INFO - Sync 3 DAGs
[2025-01-24T11:53:39.584+0000] {logging_mixin.py:120} INFO - [2025-01-24T11:53:39.584+0000] {dag.py:3340} INFO - Setting next_dagrun for example_branch_datetime_operator to 2025-01-23T00:00:00+00:00, run_after=2025-01-24T00:00:00+00:00
[2025-01-24T11:53:39.595+0000] {logging_mixin.py:120} INFO - [2025-01-24T11:53:39.595+0000] {dag.py:3340} INFO - Setting next_dagrun for example_branch_datetime_operator_2 to 2025-01-23T00:00:00+00:00, run_after=2025-01-24T00:00:00+00:00
[2025-01-24T11:53:39.602+0000] {logging_mixin.py:120} INFO - [2025-01-24T11:53:39.601+0000] {dag.py:3340} INFO - Setting next_dagrun for example_branch_datetime_operator_3 to 2025-01-23T00:00:00+00:00, run_after=2025-01-24T00:00:00+00:00
[2025-01-24T11:53:39.639+0000] {processor.py:176} INFO - Processing /home/airflow/.local/lib/python3.7/site-packages/airflow/example_dags/example_branch_datetime_operator.py took 0.241 seconds
[2025-01-24T11:54:10.405+0000] {processor.py:154} INFO - Started process (PID=302) to work on /home/airflow/.local/lib/python3.7/site-packages/airflow/example_dags/example_branch_datetime_operator.py
[2025-01-24T11:54:10.406+0000] {processor.py:756} INFO - Processing file /home/airflow/.local/lib/python3.7/site-packages/airflow/example_dags/example_branch_datetime_operator.py for tasks to queue
[2025-01-24T11:54:10.407+0000] {logging_mixin.py:120} INFO - [2025-01-24T11:54:10.407+0000] {dagbag.py:537} INFO - Filling up the DagBag from /home/airflow/.local/lib/python3.7/site-packages/airflow/example_dags/example_branch_datetime_operator.py
[2025-01-24T11:54:10.440+0000] {processor.py:766} INFO - DAG(s) dict_keys(['example_branch_datetime_operator_3', 'example_branch_datetime_operator', 'example_branch_datetime_operator_2']) retrieved from /home/airflow/.local/lib/python3.7/site-packages/airflow/example_dags/example_branch_datetime_operator.py
[2025-01-24T11:54:10.526+0000] {logging_mixin.py:120} INFO - [2025-01-24T11:54:10.525+0000] {dag.py:2585} INFO - Sync 3 DAGs
[2025-01-24T11:54:10.583+0000] {logging_mixin.py:120} INFO - [2025-01-24T11:54:10.583+0000] {dag.py:3340} INFO - Setting next_dagrun for example_branch_datetime_operator to 2025-01-23T00:00:00+00:00, run_after=2025-01-24T00:00:00+00:00
[2025-01-24T11:54:10.597+0000] {logging_mixin.py:120} INFO - [2025-01-24T11:54:10.597+0000] {dag.py:3340} INFO - Setting next_dagrun for example_branch_datetime_operator_2 to 2025-01-23T00:00:00+00:00, run_after=2025-01-24T00:00:00+00:00
[2025-01-24T11:54:10.607+0000] {logging_mixin.py:120} INFO - [2025-01-24T11:54:10.607+0000] {dag.py:3340} INFO - Setting next_dagrun for example_branch_datetime_operator_3 to 2025-01-23T00:00:00+00:00, run_after=2025-01-24T00:00:00+00:00
[2025-01-24T11:54:10.650+0000] {processor.py:176} INFO - Processing /home/airflow/.local/lib/python3.7/site-packages/airflow/example_dags/example_branch_datetime_operator.py took 0.251 seconds
[2025-01-24T11:54:41.021+0000] {processor.py:154} INFO - Started process (PID=366) to work on /home/airflow/.local/lib/python3.7/site-packages/airflow/example_dags/example_branch_datetime_operator.py
[2025-01-24T11:54:41.031+0000] {processor.py:756} INFO - Processing file /home/airflow/.local/lib/python3.7/site-packages/airflow/example_dags/example_branch_datetime_operator.py for tasks to queue
[2025-01-24T11:54:41.033+0000] {logging_mixin.py:120} INFO - [2025-01-24T11:54:41.032+0000] {dagbag.py:537} INFO - Filling up the DagBag from /home/airflow/.local/lib/python3.7/site-packages/airflow/example_dags/example_branch_datetime_operator.py
[2025-01-24T11:54:41.061+0000] {processor.py:766} INFO - DAG(s) dict_keys(['example_branch_datetime_operator', 'example_branch_datetime_operator_3', 'example_branch_datetime_operator_2']) retrieved from /home/airflow/.local/lib/python3.7/site-packages/airflow/example_dags/example_branch_datetime_operator.py
[2025-01-24T11:54:41.145+0000] {logging_mixin.py:120} INFO - [2025-01-24T11:54:41.145+0000] {dag.py:2585} INFO - Sync 3 DAGs
[2025-01-24T11:54:41.191+0000] {logging_mixin.py:120} INFO - [2025-01-24T11:54:41.191+0000] {dag.py:3340} INFO - Setting next_dagrun for example_branch_datetime_operator to 2025-01-23T00:00:00+00:00, run_after=2025-01-24T00:00:00+00:00
[2025-01-24T11:54:41.199+0000] {logging_mixin.py:120} INFO - [2025-01-24T11:54:41.199+0000] {dag.py:3340} INFO - Setting next_dagrun for example_branch_datetime_operator_2 to 2025-01-23T00:00:00+00:00, run_after=2025-01-24T00:00:00+00:00
[2025-01-24T11:54:41.204+0000] {logging_mixin.py:120} INFO - [2025-01-24T11:54:41.204+0000] {dag.py:3340} INFO - Setting next_dagrun for example_branch_datetime_operator_3 to 2025-01-23T00:00:00+00:00, run_after=2025-01-24T00:00:00+00:00
[2025-01-24T11:54:41.251+0000] {processor.py:176} INFO - Processing /home/airflow/.local/lib/python3.7/site-packages/airflow/example_dags/example_branch_datetime_operator.py took 0.235 seconds
[2025-01-24T11:55:11.790+0000] {processor.py:154} INFO - Started process (PID=421) to work on /home/airflow/.local/lib/python3.7/site-packages/airflow/example_dags/example_branch_datetime_operator.py
[2025-01-24T11:55:11.801+0000] {processor.py:756} INFO - Processing file /home/airflow/.local/lib/python3.7/site-packages/airflow/example_dags/example_branch_datetime_operator.py for tasks to queue
[2025-01-24T11:55:11.802+0000] {logging_mixin.py:120} INFO - [2025-01-24T11:55:11.801+0000] {dagbag.py:537} INFO - Filling up the DagBag from /home/airflow/.local/lib/python3.7/site-packages/airflow/example_dags/example_branch_datetime_operator.py
[2025-01-24T11:55:11.829+0000] {processor.py:766} INFO - DAG(s) dict_keys(['example_branch_datetime_operator', 'example_branch_datetime_operator_3', 'example_branch_datetime_operator_2']) retrieved from /home/airflow/.local/lib/python3.7/site-packages/airflow/example_dags/example_branch_datetime_operator.py
[2025-01-24T11:55:11.901+0000] {logging_mixin.py:120} INFO - [2025-01-24T11:55:11.900+0000] {dag.py:2585} INFO - Sync 3 DAGs
[2025-01-24T11:55:11.941+0000] {logging_mixin.py:120} INFO - [2025-01-24T11:55:11.941+0000] {dag.py:3340} INFO - Setting next_dagrun for example_branch_datetime_operator to 2025-01-23T00:00:00+00:00, run_after=2025-01-24T00:00:00+00:00
[2025-01-24T11:55:11.948+0000] {logging_mixin.py:120} INFO - [2025-01-24T11:55:11.948+0000] {dag.py:3340} INFO - Setting next_dagrun for example_branch_datetime_operator_2 to 2025-01-23T00:00:00+00:00, run_after=2025-01-24T00:00:00+00:00
[2025-01-24T11:55:11.952+0000] {logging_mixin.py:120} INFO - [2025-01-24T11:55:11.952+0000] {dag.py:3340} INFO - Setting next_dagrun for example_branch_datetime_operator_3 to 2025-01-23T00:00:00+00:00, run_after=2025-01-24T00:00:00+00:00
[2025-01-24T11:55:11.983+0000] {processor.py:176} INFO - Processing /home/airflow/.local/lib/python3.7/site-packages/airflow/example_dags/example_branch_datetime_operator.py took 0.198 seconds
[2025-01-24T11:55:42.555+0000] {processor.py:154} INFO - Started process (PID=485) to work on /home/airflow/.local/lib/python3.7/site-packages/airflow/example_dags/example_branch_datetime_operator.py
[2025-01-24T11:55:42.566+0000] {processor.py:756} INFO - Processing file /home/airflow/.local/lib/python3.7/site-packages/airflow/example_dags/example_branch_datetime_operator.py for tasks to queue
[2025-01-24T11:55:42.567+0000] {logging_mixin.py:120} INFO - [2025-01-24T11:55:42.567+0000] {dagbag.py:537} INFO - Filling up the DagBag from /home/airflow/.local/lib/python3.7/site-packages/airflow/example_dags/example_branch_datetime_operator.py
[2025-01-24T11:55:42.592+0000] {processor.py:766} INFO - DAG(s) dict_keys(['example_branch_datetime_operator_2', 'example_branch_datetime_operator', 'example_branch_datetime_operator_3']) retrieved from /home/airflow/.local/lib/python3.7/site-packages/airflow/example_dags/example_branch_datetime_operator.py
[2025-01-24T11:55:42.671+0000] {logging_mixin.py:120} INFO - [2025-01-24T11:55:42.671+0000] {dag.py:2585} INFO - Sync 3 DAGs
[2025-01-24T11:55:42.709+0000] {logging_mixin.py:120} INFO - [2025-01-24T11:55:42.709+0000] {dag.py:3340} INFO - Setting next_dagrun for example_branch_datetime_operator to 2025-01-23T00:00:00+00:00, run_after=2025-01-24T00:00:00+00:00
[2025-01-24T11:55:42.716+0000] {logging_mixin.py:120} INFO - [2025-01-24T11:55:42.716+0000] {dag.py:3340} INFO - Setting next_dagrun for example_branch_datetime_operator_2 to 2025-01-23T00:00:00+00:00, run_after=2025-01-24T00:00:00+00:00
[2025-01-24T11:55:42.719+0000] {logging_mixin.py:120} INFO - [2025-01-24T11:55:42.719+0000] {dag.py:3340} INFO - Setting next_dagrun for example_branch_datetime_operator_3 to 2025-01-23T00:00:00+00:00, run_after=2025-01-24T00:00:00+00:00
[2025-01-24T11:55:42.746+0000] {processor.py:176} INFO - Processing /home/airflow/.local/lib/python3.7/site-packages/airflow/example_dags/example_branch_datetime_operator.py took 0.195 seconds
[2025-01-24T11:56:12.927+0000] {processor.py:154} INFO - Started process (PID=541) to work on /home/airflow/.local/lib/python3.7/site-packages/airflow/example_dags/example_branch_datetime_operator.py
[2025-01-24T11:56:12.937+0000] {processor.py:756} INFO - Processing file /home/airflow/.local/lib/python3.7/site-packages/airflow/example_dags/example_branch_datetime_operator.py for tasks to queue
[2025-01-24T11:56:12.938+0000] {logging_mixin.py:120} INFO - [2025-01-24T11:56:12.938+0000] {dagbag.py:537} INFO - Filling up the DagBag from /home/airflow/.local/lib/python3.7/site-packages/airflow/example_dags/example_branch_datetime_operator.py
[2025-01-24T11:56:12.962+0000] {processor.py:766} INFO - DAG(s) dict_keys(['example_branch_datetime_operator_2', 'example_branch_datetime_operator_3', 'example_branch_datetime_operator']) retrieved from /home/airflow/.local/lib/python3.7/site-packages/airflow/example_dags/example_branch_datetime_operator.py
[2025-01-24T11:56:13.033+0000] {logging_mixin.py:120} INFO - [2025-01-24T11:56:13.033+0000] {dag.py:2585} INFO - Sync 3 DAGs
[2025-01-24T11:56:13.076+0000] {logging_mixin.py:120} INFO - [2025-01-24T11:56:13.076+0000] {dag.py:3340} INFO - Setting next_dagrun for example_branch_datetime_operator to 2025-01-23T00:00:00+00:00, run_after=2025-01-24T00:00:00+00:00
[2025-01-24T11:56:13.083+0000] {logging_mixin.py:120} INFO - [2025-01-24T11:56:13.083+0000] {dag.py:3340} INFO - Setting next_dagrun for example_branch_datetime_operator_2 to 2025-01-23T00:00:00+00:00, run_after=2025-01-24T00:00:00+00:00
[2025-01-24T11:56:13.087+0000] {logging_mixin.py:120} INFO - [2025-01-24T11:56:13.087+0000] {dag.py:3340} INFO - Setting next_dagrun for example_branch_datetime_operator_3 to 2025-01-23T00:00:00+00:00, run_after=2025-01-24T00:00:00+00:00
[2025-01-24T11:56:13.129+0000] {processor.py:176} INFO - Processing /home/airflow/.local/lib/python3.7/site-packages/airflow/example_dags/example_branch_datetime_operator.py took 0.207 seconds
[2025-01-24T11:56:43.475+0000] {processor.py:154} INFO - Started process (PID=605) to work on /home/airflow/.local/lib/python3.7/site-packages/airflow/example_dags/example_branch_datetime_operator.py
[2025-01-24T11:56:43.486+0000] {processor.py:756} INFO - Processing file /home/airflow/.local/lib/python3.7/site-packages/airflow/example_dags/example_branch_datetime_operator.py for tasks to queue
[2025-01-24T11:56:43.487+0000] {logging_mixin.py:120} INFO - [2025-01-24T11:56:43.487+0000] {dagbag.py:537} INFO - Filling up the DagBag from /home/airflow/.local/lib/python3.7/site-packages/airflow/example_dags/example_branch_datetime_operator.py
[2025-01-24T11:56:43.514+0000] {processor.py:766} INFO - DAG(s) dict_keys(['example_branch_datetime_operator_3', 'example_branch_datetime_operator', 'example_branch_datetime_operator_2']) retrieved from /home/airflow/.local/lib/python3.7/site-packages/airflow/example_dags/example_branch_datetime_operator.py
[2025-01-24T11:56:43.591+0000] {logging_mixin.py:120} INFO - [2025-01-24T11:56:43.591+0000] {dag.py:2585} INFO - Sync 3 DAGs
[2025-01-24T11:56:43.636+0000] {logging_mixin.py:120} INFO - [2025-01-24T11:56:43.635+0000] {dag.py:3340} INFO - Setting next_dagrun for example_branch_datetime_operator to 2025-01-23T00:00:00+00:00, run_after=2025-01-24T00:00:00+00:00
[2025-01-24T11:56:43.645+0000] {logging_mixin.py:120} INFO - [2025-01-24T11:56:43.645+0000] {dag.py:3340} INFO - Setting next_dagrun for example_branch_datetime_operator_2 to 2025-01-23T00:00:00+00:00, run_after=2025-01-24T00:00:00+00:00
[2025-01-24T11:56:43.649+0000] {logging_mixin.py:120} INFO - [2025-01-24T11:56:43.649+0000] {dag.py:3340} INFO - Setting next_dagrun for example_branch_datetime_operator_3 to 2025-01-23T00:00:00+00:00, run_after=2025-01-24T00:00:00+00:00
[2025-01-24T11:56:43.691+0000] {processor.py:176} INFO - Processing /home/airflow/.local/lib/python3.7/site-packages/airflow/example_dags/example_branch_datetime_operator.py took 0.221 seconds
[2025-01-24T11:57:14.279+0000] {processor.py:154} INFO - Started process (PID=669) to work on /home/airflow/.local/lib/python3.7/site-packages/airflow/example_dags/example_branch_datetime_operator.py
[2025-01-24T11:57:14.280+0000] {processor.py:756} INFO - Processing file /home/airflow/.local/lib/python3.7/site-packages/airflow/example_dags/example_branch_datetime_operator.py for tasks to queue
[2025-01-24T11:57:14.282+0000] {logging_mixin.py:120} INFO - [2025-01-24T11:57:14.281+0000] {dagbag.py:537} INFO - Filling up the DagBag from /home/airflow/.local/lib/python3.7/site-packages/airflow/example_dags/example_branch_datetime_operator.py
[2025-01-24T11:57:14.315+0000] {processor.py:766} INFO - DAG(s) dict_keys(['example_branch_datetime_operator_2', 'example_branch_datetime_operator_3', 'example_branch_datetime_operator']) retrieved from /home/airflow/.local/lib/python3.7/site-packages/airflow/example_dags/example_branch_datetime_operator.py
[2025-01-24T11:57:14.386+0000] {logging_mixin.py:120} INFO - [2025-01-24T11:57:14.386+0000] {dag.py:2585} INFO - Sync 3 DAGs
[2025-01-24T11:57:14.431+0000] {logging_mixin.py:120} INFO - [2025-01-24T11:57:14.431+0000] {dag.py:3340} INFO - Setting next_dagrun for example_branch_datetime_operator to 2025-01-23T00:00:00+00:00, run_after=2025-01-24T00:00:00+00:00
[2025-01-24T11:57:14.441+0000] {logging_mixin.py:120} INFO - [2025-01-24T11:57:14.441+0000] {dag.py:3340} INFO - Setting next_dagrun for example_branch_datetime_operator_2 to 2025-01-23T00:00:00+00:00, run_after=2025-01-24T00:00:00+00:00
[2025-01-24T11:57:14.446+0000] {logging_mixin.py:120} INFO - [2025-01-24T11:57:14.446+0000] {dag.py:3340} INFO - Setting next_dagrun for example_branch_datetime_operator_3 to 2025-01-23T00:00:00+00:00, run_after=2025-01-24T00:00:00+00:00
[2025-01-24T11:57:14.480+0000] {processor.py:176} INFO - Processing /home/airflow/.local/lib/python3.7/site-packages/airflow/example_dags/example_branch_datetime_operator.py took 0.206 seconds
[2025-01-24T11:57:44.770+0000] {processor.py:154} INFO - Started process (PID=724) to work on /home/airflow/.local/lib/python3.7/site-packages/airflow/example_dags/example_branch_datetime_operator.py
[2025-01-24T11:57:44.780+0000] {processor.py:756} INFO - Processing file /home/airflow/.local/lib/python3.7/site-packages/airflow/example_dags/example_branch_datetime_operator.py for tasks to queue
[2025-01-24T11:57:44.781+0000] {logging_mixin.py:120} INFO - [2025-01-24T11:57:44.781+0000] {dagbag.py:537} INFO - Filling up the DagBag from /home/airflow/.local/lib/python3.7/site-packages/airflow/example_dags/example_branch_datetime_operator.py
[2025-01-24T11:57:44.810+0000] {processor.py:766} INFO - DAG(s) dict_keys(['example_branch_datetime_operator', 'example_branch_datetime_operator_3', 'example_branch_datetime_operator_2']) retrieved from /home/airflow/.local/lib/python3.7/site-packages/airflow/example_dags/example_branch_datetime_operator.py
[2025-01-24T11:57:44.884+0000] {logging_mixin.py:120} INFO - [2025-01-24T11:57:44.883+0000] {dag.py:2585} INFO - Sync 3 DAGs
[2025-01-24T11:57:44.926+0000] {logging_mixin.py:120} INFO - [2025-01-24T11:57:44.926+0000] {dag.py:3340} INFO - Setting next_dagrun for example_branch_datetime_operator to 2025-01-23T00:00:00+00:00, run_after=2025-01-24T00:00:00+00:00
[2025-01-24T11:57:44.934+0000] {logging_mixin.py:120} INFO - [2025-01-24T11:57:44.933+0000] {dag.py:3340} INFO - Setting next_dagrun for example_branch_datetime_operator_2 to 2025-01-23T00:00:00+00:00, run_after=2025-01-24T00:00:00+00:00
[2025-01-24T11:57:44.938+0000] {logging_mixin.py:120} INFO - [2025-01-24T11:57:44.937+0000] {dag.py:3340} INFO - Setting next_dagrun for example_branch_datetime_operator_3 to 2025-01-23T00:00:00+00:00, run_after=2025-01-24T00:00:00+00:00
[2025-01-24T11:57:44.975+0000] {processor.py:176} INFO - Processing /home/airflow/.local/lib/python3.7/site-packages/airflow/example_dags/example_branch_datetime_operator.py took 0.210 seconds
[2025-01-24T11:58:15.140+0000] {processor.py:154} INFO - Started process (PID=789) to work on /home/airflow/.local/lib/python3.7/site-packages/airflow/example_dags/example_branch_datetime_operator.py
[2025-01-24T11:58:15.151+0000] {processor.py:756} INFO - Processing file /home/airflow/.local/lib/python3.7/site-packages/airflow/example_dags/example_branch_datetime_operator.py for tasks to queue
[2025-01-24T11:58:15.151+0000] {logging_mixin.py:120} INFO - [2025-01-24T11:58:15.151+0000] {dagbag.py:537} INFO - Filling up the DagBag from /home/airflow/.local/lib/python3.7/site-packages/airflow/example_dags/example_branch_datetime_operator.py
[2025-01-24T11:58:15.177+0000] {processor.py:766} INFO - DAG(s) dict_keys(['example_branch_datetime_operator_3', 'example_branch_datetime_operator_2', 'example_branch_datetime_operator']) retrieved from /home/airflow/.local/lib/python3.7/site-packages/airflow/example_dags/example_branch_datetime_operator.py
[2025-01-24T11:58:15.250+0000] {logging_mixin.py:120} INFO - [2025-01-24T11:58:15.250+0000] {dag.py:2585} INFO - Sync 3 DAGs
[2025-01-24T11:58:15.288+0000] {logging_mixin.py:120} INFO - [2025-01-24T11:58:15.288+0000] {dag.py:3340} INFO - Setting next_dagrun for example_branch_datetime_operator to 2025-01-23T00:00:00+00:00, run_after=2025-01-24T00:00:00+00:00
[2025-01-24T11:58:15.295+0000] {logging_mixin.py:120} INFO - [2025-01-24T11:58:15.295+0000] {dag.py:3340} INFO - Setting next_dagrun for example_branch_datetime_operator_2 to 2025-01-23T00:00:00+00:00, run_after=2025-01-24T00:00:00+00:00
[2025-01-24T11:58:15.298+0000] {logging_mixin.py:120} INFO - [2025-01-24T11:58:15.298+0000] {dag.py:3340} INFO - Setting next_dagrun for example_branch_datetime_operator_3 to 2025-01-23T00:00:00+00:00, run_after=2025-01-24T00:00:00+00:00
[2025-01-24T11:58:15.333+0000] {processor.py:176} INFO - Processing /home/airflow/.local/lib/python3.7/site-packages/airflow/example_dags/example_branch_datetime_operator.py took 0.197 seconds
[2025-01-24T11:58:45.799+0000] {processor.py:154} INFO - Started process (PID=853) to work on /home/airflow/.local/lib/python3.7/site-packages/airflow/example_dags/example_branch_datetime_operator.py
[2025-01-24T11:58:45.810+0000] {processor.py:756} INFO - Processing file /home/airflow/.local/lib/python3.7/site-packages/airflow/example_dags/example_branch_datetime_operator.py for tasks to queue
[2025-01-24T11:58:45.811+0000] {logging_mixin.py:120} INFO - [2025-01-24T11:58:45.810+0000] {dagbag.py:537} INFO - Filling up the DagBag from /home/airflow/.local/lib/python3.7/site-packages/airflow/example_dags/example_branch_datetime_operator.py
[2025-01-24T11:58:45.843+0000] {processor.py:766} INFO - DAG(s) dict_keys(['example_branch_datetime_operator_2', 'example_branch_datetime_operator_3', 'example_branch_datetime_operator']) retrieved from /home/airflow/.local/lib/python3.7/site-packages/airflow/example_dags/example_branch_datetime_operator.py
[2025-01-24T11:58:45.925+0000] {logging_mixin.py:120} INFO - [2025-01-24T11:58:45.925+0000] {dag.py:2585} INFO - Sync 3 DAGs
[2025-01-24T11:58:45.971+0000] {logging_mixin.py:120} INFO - [2025-01-24T11:58:45.971+0000] {dag.py:3340} INFO - Setting next_dagrun for example_branch_datetime_operator to 2025-01-23T00:00:00+00:00, run_after=2025-01-24T00:00:00+00:00
[2025-01-24T11:58:45.980+0000] {logging_mixin.py:120} INFO - [2025-01-24T11:58:45.979+0000] {dag.py:3340} INFO - Setting next_dagrun for example_branch_datetime_operator_2 to 2025-01-23T00:00:00+00:00, run_after=2025-01-24T00:00:00+00:00
[2025-01-24T11:58:45.985+0000] {logging_mixin.py:120} INFO - [2025-01-24T11:58:45.985+0000] {dag.py:3340} INFO - Setting next_dagrun for example_branch_datetime_operator_3 to 2025-01-23T00:00:00+00:00, run_after=2025-01-24T00:00:00+00:00
[2025-01-24T11:58:46.019+0000] {processor.py:176} INFO - Processing /home/airflow/.local/lib/python3.7/site-packages/airflow/example_dags/example_branch_datetime_operator.py took 0.225 seconds
[2025-01-24T11:59:16.153+0000] {processor.py:154} INFO - Started process (PID=908) to work on /home/airflow/.local/lib/python3.7/site-packages/airflow/example_dags/example_branch_datetime_operator.py
[2025-01-24T11:59:16.164+0000] {processor.py:756} INFO - Processing file /home/airflow/.local/lib/python3.7/site-packages/airflow/example_dags/example_branch_datetime_operator.py for tasks to queue
[2025-01-24T11:59:16.165+0000] {logging_mixin.py:120} INFO - [2025-01-24T11:59:16.165+0000] {dagbag.py:537} INFO - Filling up the DagBag from /home/airflow/.local/lib/python3.7/site-packages/airflow/example_dags/example_branch_datetime_operator.py
[2025-01-24T11:59:16.197+0000] {processor.py:766} INFO - DAG(s) dict_keys(['example_branch_datetime_operator_3', 'example_branch_datetime_operator_2', 'example_branch_datetime_operator']) retrieved from /home/airflow/.local/lib/python3.7/site-packages/airflow/example_dags/example_branch_datetime_operator.py
[2025-01-24T11:59:16.267+0000] {logging_mixin.py:120} INFO - [2025-01-24T11:59:16.267+0000] {dag.py:2585} INFO - Sync 3 DAGs
[2025-01-24T11:59:16.321+0000] {logging_mixin.py:120} INFO - [2025-01-24T11:59:16.320+0000] {dag.py:3340} INFO - Setting next_dagrun for example_branch_datetime_operator to 2025-01-23T00:00:00+00:00, run_after=2025-01-24T00:00:00+00:00
[2025-01-24T11:59:16.331+0000] {logging_mixin.py:120} INFO - [2025-01-24T11:59:16.330+0000] {dag.py:3340} INFO - Setting next_dagrun for example_branch_datetime_operator_2 to 2025-01-23T00:00:00+00:00, run_after=2025-01-24T00:00:00+00:00
[2025-01-24T11:59:16.337+0000] {logging_mixin.py:120} INFO - [2025-01-24T11:59:16.336+0000] {dag.py:3340} INFO - Setting next_dagrun for example_branch_datetime_operator_3 to 2025-01-23T00:00:00+00:00, run_after=2025-01-24T00:00:00+00:00
[2025-01-24T11:59:16.371+0000] {processor.py:176} INFO - Processing /home/airflow/.local/lib/python3.7/site-packages/airflow/example_dags/example_branch_datetime_operator.py took 0.224 seconds
[2025-01-24T11:59:46.545+0000] {processor.py:154} INFO - Started process (PID=972) to work on /home/airflow/.local/lib/python3.7/site-packages/airflow/example_dags/example_branch_datetime_operator.py
[2025-01-24T11:59:46.555+0000] {processor.py:756} INFO - Processing file /home/airflow/.local/lib/python3.7/site-packages/airflow/example_dags/example_branch_datetime_operator.py for tasks to queue
[2025-01-24T11:59:46.556+0000] {logging_mixin.py:120} INFO - [2025-01-24T11:59:46.556+0000] {dagbag.py:537} INFO - Filling up the DagBag from /home/airflow/.local/lib/python3.7/site-packages/airflow/example_dags/example_branch_datetime_operator.py
[2025-01-24T11:59:46.582+0000] {processor.py:766} INFO - DAG(s) dict_keys(['example_branch_datetime_operator', 'example_branch_datetime_operator_2', 'example_branch_datetime_operator_3']) retrieved from /home/airflow/.local/lib/python3.7/site-packages/airflow/example_dags/example_branch_datetime_operator.py
[2025-01-24T11:59:46.657+0000] {logging_mixin.py:120} INFO - [2025-01-24T11:59:46.657+0000] {dag.py:2585} INFO - Sync 3 DAGs
[2025-01-24T11:59:46.699+0000] {logging_mixin.py:120} INFO - [2025-01-24T11:59:46.699+0000] {dag.py:3340} INFO - Setting next_dagrun for example_branch_datetime_operator to 2025-01-23T00:00:00+00:00, run_after=2025-01-24T00:00:00+00:00
[2025-01-24T11:59:46.706+0000] {logging_mixin.py:120} INFO - [2025-01-24T11:59:46.706+0000] {dag.py:3340} INFO - Setting next_dagrun for example_branch_datetime_operator_2 to 2025-01-23T00:00:00+00:00, run_after=2025-01-24T00:00:00+00:00
[2025-01-24T11:59:46.709+0000] {logging_mixin.py:120} INFO - [2025-01-24T11:59:46.709+0000] {dag.py:3340} INFO - Setting next_dagrun for example_branch_datetime_operator_3 to 2025-01-23T00:00:00+00:00, run_after=2025-01-24T00:00:00+00:00
[2025-01-24T11:59:46.743+0000] {processor.py:176} INFO - Processing /home/airflow/.local/lib/python3.7/site-packages/airflow/example_dags/example_branch_datetime_operator.py took 0.202 seconds
[2025-01-24T12:00:16.865+0000] {processor.py:154} INFO - Started process (PID=1027) to work on /home/airflow/.local/lib/python3.7/site-packages/airflow/example_dags/example_branch_datetime_operator.py
[2025-01-24T12:00:16.876+0000] {processor.py:756} INFO - Processing file /home/airflow/.local/lib/python3.7/site-packages/airflow/example_dags/example_branch_datetime_operator.py for tasks to queue
[2025-01-24T12:00:16.877+0000] {logging_mixin.py:120} INFO - [2025-01-24T12:00:16.877+0000] {dagbag.py:537} INFO - Filling up the DagBag from /home/airflow/.local/lib/python3.7/site-packages/airflow/example_dags/example_branch_datetime_operator.py
[2025-01-24T12:00:16.903+0000] {processor.py:766} INFO - DAG(s) dict_keys(['example_branch_datetime_operator_2', 'example_branch_datetime_operator_3', 'example_branch_datetime_operator']) retrieved from /home/airflow/.local/lib/python3.7/site-packages/airflow/example_dags/example_branch_datetime_operator.py
[2025-01-24T12:00:16.982+0000] {logging_mixin.py:120} INFO - [2025-01-24T12:00:16.982+0000] {dag.py:2585} INFO - Sync 3 DAGs
[2025-01-24T12:00:17.038+0000] {logging_mixin.py:120} INFO - [2025-01-24T12:00:17.038+0000] {dag.py:3340} INFO - Setting next_dagrun for example_branch_datetime_operator to 2025-01-23T00:00:00+00:00, run_after=2025-01-24T00:00:00+00:00
[2025-01-24T12:00:17.050+0000] {logging_mixin.py:120} INFO - [2025-01-24T12:00:17.050+0000] {dag.py:3340} INFO - Setting next_dagrun for example_branch_datetime_operator_2 to 2025-01-23T00:00:00+00:00, run_after=2025-01-24T00:00:00+00:00
[2025-01-24T12:00:17.057+0000] {logging_mixin.py:120} INFO - [2025-01-24T12:00:17.057+0000] {dag.py:3340} INFO - Setting next_dagrun for example_branch_datetime_operator_3 to 2025-01-23T00:00:00+00:00, run_after=2025-01-24T00:00:00+00:00
[2025-01-24T12:00:17.097+0000] {processor.py:176} INFO - Processing /home/airflow/.local/lib/python3.7/site-packages/airflow/example_dags/example_branch_datetime_operator.py took 0.236 seconds
[2025-01-24T12:00:47.295+0000] {processor.py:154} INFO - Started process (PID=1091) to work on /home/airflow/.local/lib/python3.7/site-packages/airflow/example_dags/example_branch_datetime_operator.py
[2025-01-24T12:00:47.306+0000] {processor.py:756} INFO - Processing file /home/airflow/.local/lib/python3.7/site-packages/airflow/example_dags/example_branch_datetime_operator.py for tasks to queue
[2025-01-24T12:00:47.307+0000] {logging_mixin.py:120} INFO - [2025-01-24T12:00:47.306+0000] {dagbag.py:537} INFO - Filling up the DagBag from /home/airflow/.local/lib/python3.7/site-packages/airflow/example_dags/example_branch_datetime_operator.py
[2025-01-24T12:00:47.331+0000] {processor.py:766} INFO - DAG(s) dict_keys(['example_branch_datetime_operator_3', 'example_branch_datetime_operator', 'example_branch_datetime_operator_2']) retrieved from /home/airflow/.local/lib/python3.7/site-packages/airflow/example_dags/example_branch_datetime_operator.py
[2025-01-24T12:00:47.402+0000] {logging_mixin.py:120} INFO - [2025-01-24T12:00:47.402+0000] {dag.py:2585} INFO - Sync 3 DAGs
[2025-01-24T12:00:47.442+0000] {logging_mixin.py:120} INFO - [2025-01-24T12:00:47.442+0000] {dag.py:3340} INFO - Setting next_dagrun for example_branch_datetime_operator to 2025-01-23T00:00:00+00:00, run_after=2025-01-24T00:00:00+00:00
[2025-01-24T12:00:47.449+0000] {logging_mixin.py:120} INFO - [2025-01-24T12:00:47.449+0000] {dag.py:3340} INFO - Setting next_dagrun for example_branch_datetime_operator_2 to 2025-01-23T00:00:00+00:00, run_after=2025-01-24T00:00:00+00:00
[2025-01-24T12:00:47.452+0000] {logging_mixin.py:120} INFO - [2025-01-24T12:00:47.452+0000] {dag.py:3340} INFO - Setting next_dagrun for example_branch_datetime_operator_3 to 2025-01-23T00:00:00+00:00, run_after=2025-01-24T00:00:00+00:00
[2025-01-24T12:00:47.490+0000] {processor.py:176} INFO - Processing /home/airflow/.local/lib/python3.7/site-packages/airflow/example_dags/example_branch_datetime_operator.py took 0.200 seconds
[2025-01-24T12:01:17.524+0000] {processor.py:154} INFO - Started process (PID=1156) to work on /home/airflow/.local/lib/python3.7/site-packages/airflow/example_dags/example_branch_datetime_operator.py
[2025-01-24T12:01:17.526+0000] {processor.py:756} INFO - Processing file /home/airflow/.local/lib/python3.7/site-packages/airflow/example_dags/example_branch_datetime_operator.py for tasks to queue
[2025-01-24T12:01:17.527+0000] {logging_mixin.py:120} INFO - [2025-01-24T12:01:17.526+0000] {dagbag.py:537} INFO - Filling up the DagBag from /home/airflow/.local/lib/python3.7/site-packages/airflow/example_dags/example_branch_datetime_operator.py
[2025-01-24T12:01:17.553+0000] {processor.py:766} INFO - DAG(s) dict_keys(['example_branch_datetime_operator_3', 'example_branch_datetime_operator_2', 'example_branch_datetime_operator']) retrieved from /home/airflow/.local/lib/python3.7/site-packages/airflow/example_dags/example_branch_datetime_operator.py
[2025-01-24T12:01:17.640+0000] {logging_mixin.py:120} INFO - [2025-01-24T12:01:17.640+0000] {dag.py:2585} INFO - Sync 3 DAGs
[2025-01-24T12:01:17.694+0000] {logging_mixin.py:120} INFO - [2025-01-24T12:01:17.694+0000] {dag.py:3340} INFO - Setting next_dagrun for example_branch_datetime_operator to 2025-01-23T00:00:00+00:00, run_after=2025-01-24T00:00:00+00:00
[2025-01-24T12:01:17.704+0000] {logging_mixin.py:120} INFO - [2025-01-24T12:01:17.703+0000] {dag.py:3340} INFO - Setting next_dagrun for example_branch_datetime_operator_2 to 2025-01-23T00:00:00+00:00, run_after=2025-01-24T00:00:00+00:00
[2025-01-24T12:01:17.709+0000] {logging_mixin.py:120} INFO - [2025-01-24T12:01:17.709+0000] {dag.py:3340} INFO - Setting next_dagrun for example_branch_datetime_operator_3 to 2025-01-23T00:00:00+00:00, run_after=2025-01-24T00:00:00+00:00
[2025-01-24T12:01:17.744+0000] {processor.py:176} INFO - Processing /home/airflow/.local/lib/python3.7/site-packages/airflow/example_dags/example_branch_datetime_operator.py took 0.226 seconds
[2025-01-24T12:01:48.484+0000] {processor.py:154} INFO - Started process (PID=1212) to work on /home/airflow/.local/lib/python3.7/site-packages/airflow/example_dags/example_branch_datetime_operator.py
[2025-01-24T12:01:48.485+0000] {processor.py:756} INFO - Processing file /home/airflow/.local/lib/python3.7/site-packages/airflow/example_dags/example_branch_datetime_operator.py for tasks to queue
[2025-01-24T12:01:48.485+0000] {logging_mixin.py:120} INFO - [2025-01-24T12:01:48.485+0000] {dagbag.py:537} INFO - Filling up the DagBag from /home/airflow/.local/lib/python3.7/site-packages/airflow/example_dags/example_branch_datetime_operator.py
[2025-01-24T12:01:48.510+0000] {processor.py:766} INFO - DAG(s) dict_keys(['example_branch_datetime_operator_3', 'example_branch_datetime_operator', 'example_branch_datetime_operator_2']) retrieved from /home/airflow/.local/lib/python3.7/site-packages/airflow/example_dags/example_branch_datetime_operator.py
[2025-01-24T12:01:48.579+0000] {logging_mixin.py:120} INFO - [2025-01-24T12:01:48.579+0000] {dag.py:2585} INFO - Sync 3 DAGs
[2025-01-24T12:01:48.621+0000] {logging_mixin.py:120} INFO - [2025-01-24T12:01:48.620+0000] {dag.py:3340} INFO - Setting next_dagrun for example_branch_datetime_operator to 2025-01-23T00:00:00+00:00, run_after=2025-01-24T00:00:00+00:00
[2025-01-24T12:01:48.628+0000] {logging_mixin.py:120} INFO - [2025-01-24T12:01:48.628+0000] {dag.py:3340} INFO - Setting next_dagrun for example_branch_datetime_operator_2 to 2025-01-23T00:00:00+00:00, run_after=2025-01-24T00:00:00+00:00
[2025-01-24T12:01:48.632+0000] {logging_mixin.py:120} INFO - [2025-01-24T12:01:48.632+0000] {dag.py:3340} INFO - Setting next_dagrun for example_branch_datetime_operator_3 to 2025-01-23T00:00:00+00:00, run_after=2025-01-24T00:00:00+00:00
[2025-01-24T12:01:48.657+0000] {processor.py:176} INFO - Processing /home/airflow/.local/lib/python3.7/site-packages/airflow/example_dags/example_branch_datetime_operator.py took 0.178 seconds
[2025-01-24T12:02:19.191+0000] {processor.py:154} INFO - Started process (PID=1276) to work on /home/airflow/.local/lib/python3.7/site-packages/airflow/example_dags/example_branch_datetime_operator.py
[2025-01-24T12:02:19.193+0000] {processor.py:756} INFO - Processing file /home/airflow/.local/lib/python3.7/site-packages/airflow/example_dags/example_branch_datetime_operator.py for tasks to queue
[2025-01-24T12:02:19.194+0000] {logging_mixin.py:120} INFO - [2025-01-24T12:02:19.193+0000] {dagbag.py:537} INFO - Filling up the DagBag from /home/airflow/.local/lib/python3.7/site-packages/airflow/example_dags/example_branch_datetime_operator.py
[2025-01-24T12:02:19.220+0000] {processor.py:766} INFO - DAG(s) dict_keys(['example_branch_datetime_operator_3', 'example_branch_datetime_operator', 'example_branch_datetime_operator_2']) retrieved from /home/airflow/.local/lib/python3.7/site-packages/airflow/example_dags/example_branch_datetime_operator.py
[2025-01-24T12:02:19.296+0000] {logging_mixin.py:120} INFO - [2025-01-24T12:02:19.295+0000] {dag.py:2585} INFO - Sync 3 DAGs
[2025-01-24T12:02:19.340+0000] {logging_mixin.py:120} INFO - [2025-01-24T12:02:19.340+0000] {dag.py:3340} INFO - Setting next_dagrun for example_branch_datetime_operator to 2025-01-23T00:00:00+00:00, run_after=2025-01-24T00:00:00+00:00
[2025-01-24T12:02:19.348+0000] {logging_mixin.py:120} INFO - [2025-01-24T12:02:19.348+0000] {dag.py:3340} INFO - Setting next_dagrun for example_branch_datetime_operator_2 to 2025-01-23T00:00:00+00:00, run_after=2025-01-24T00:00:00+00:00
[2025-01-24T12:02:19.352+0000] {logging_mixin.py:120} INFO - [2025-01-24T12:02:19.352+0000] {dag.py:3340} INFO - Setting next_dagrun for example_branch_datetime_operator_3 to 2025-01-23T00:00:00+00:00, run_after=2025-01-24T00:00:00+00:00
[2025-01-24T12:02:19.380+0000] {processor.py:176} INFO - Processing /home/airflow/.local/lib/python3.7/site-packages/airflow/example_dags/example_branch_datetime_operator.py took 0.192 seconds
[2025-01-24T12:02:49.722+0000] {processor.py:154} INFO - Started process (PID=1331) to work on /home/airflow/.local/lib/python3.7/site-packages/airflow/example_dags/example_branch_datetime_operator.py
[2025-01-24T12:02:49.723+0000] {processor.py:756} INFO - Processing file /home/airflow/.local/lib/python3.7/site-packages/airflow/example_dags/example_branch_datetime_operator.py for tasks to queue
[2025-01-24T12:02:49.724+0000] {logging_mixin.py:120} INFO - [2025-01-24T12:02:49.724+0000] {dagbag.py:537} INFO - Filling up the DagBag from /home/airflow/.local/lib/python3.7/site-packages/airflow/example_dags/example_branch_datetime_operator.py
[2025-01-24T12:02:49.753+0000] {processor.py:766} INFO - DAG(s) dict_keys(['example_branch_datetime_operator_2', 'example_branch_datetime_operator_3', 'example_branch_datetime_operator']) retrieved from /home/airflow/.local/lib/python3.7/site-packages/airflow/example_dags/example_branch_datetime_operator.py
[2025-01-24T12:02:49.837+0000] {logging_mixin.py:120} INFO - [2025-01-24T12:02:49.837+0000] {dag.py:2585} INFO - Sync 3 DAGs
[2025-01-24T12:02:49.890+0000] {logging_mixin.py:120} INFO - [2025-01-24T12:02:49.889+0000] {dag.py:3340} INFO - Setting next_dagrun for example_branch_datetime_operator to 2025-01-23T00:00:00+00:00, run_after=2025-01-24T00:00:00+00:00
[2025-01-24T12:02:49.901+0000] {logging_mixin.py:120} INFO - [2025-01-24T12:02:49.901+0000] {dag.py:3340} INFO - Setting next_dagrun for example_branch_datetime_operator_2 to 2025-01-23T00:00:00+00:00, run_after=2025-01-24T00:00:00+00:00
[2025-01-24T12:02:49.909+0000] {logging_mixin.py:120} INFO - [2025-01-24T12:02:49.908+0000] {dag.py:3340} INFO - Setting next_dagrun for example_branch_datetime_operator_3 to 2025-01-23T00:00:00+00:00, run_after=2025-01-24T00:00:00+00:00
[2025-01-24T12:02:49.954+0000] {processor.py:176} INFO - Processing /home/airflow/.local/lib/python3.7/site-packages/airflow/example_dags/example_branch_datetime_operator.py took 0.236 seconds
[2025-01-24T12:03:20.808+0000] {processor.py:154} INFO - Started process (PID=1395) to work on /home/airflow/.local/lib/python3.7/site-packages/airflow/example_dags/example_branch_datetime_operator.py
[2025-01-24T12:03:20.810+0000] {processor.py:756} INFO - Processing file /home/airflow/.local/lib/python3.7/site-packages/airflow/example_dags/example_branch_datetime_operator.py for tasks to queue
[2025-01-24T12:03:20.811+0000] {logging_mixin.py:120} INFO - [2025-01-24T12:03:20.811+0000] {dagbag.py:537} INFO - Filling up the DagBag from /home/airflow/.local/lib/python3.7/site-packages/airflow/example_dags/example_branch_datetime_operator.py
[2025-01-24T12:03:20.840+0000] {processor.py:766} INFO - DAG(s) dict_keys(['example_branch_datetime_operator_3', 'example_branch_datetime_operator', 'example_branch_datetime_operator_2']) retrieved from /home/airflow/.local/lib/python3.7/site-packages/airflow/example_dags/example_branch_datetime_operator.py
[2025-01-24T12:03:20.909+0000] {logging_mixin.py:120} INFO - [2025-01-24T12:03:20.909+0000] {dag.py:2585} INFO - Sync 3 DAGs
[2025-01-24T12:03:20.950+0000] {logging_mixin.py:120} INFO - [2025-01-24T12:03:20.949+0000] {dag.py:3340} INFO - Setting next_dagrun for example_branch_datetime_operator to 2025-01-23T00:00:00+00:00, run_after=2025-01-24T00:00:00+00:00
[2025-01-24T12:03:20.958+0000] {logging_mixin.py:120} INFO - [2025-01-24T12:03:20.957+0000] {dag.py:3340} INFO - Setting next_dagrun for example_branch_datetime_operator_2 to 2025-01-23T00:00:00+00:00, run_after=2025-01-24T00:00:00+00:00
[2025-01-24T12:03:20.962+0000] {logging_mixin.py:120} INFO - [2025-01-24T12:03:20.962+0000] {dag.py:3340} INFO - Setting next_dagrun for example_branch_datetime_operator_3 to 2025-01-23T00:00:00+00:00, run_after=2025-01-24T00:00:00+00:00
[2025-01-24T12:03:20.994+0000] {processor.py:176} INFO - Processing /home/airflow/.local/lib/python3.7/site-packages/airflow/example_dags/example_branch_datetime_operator.py took 0.193 seconds
[2025-01-24T12:03:51.169+0000] {processor.py:154} INFO - Started process (PID=1459) to work on /home/airflow/.local/lib/python3.7/site-packages/airflow/example_dags/example_branch_datetime_operator.py
[2025-01-24T12:03:51.173+0000] {processor.py:756} INFO - Processing file /home/airflow/.local/lib/python3.7/site-packages/airflow/example_dags/example_branch_datetime_operator.py for tasks to queue
[2025-01-24T12:03:51.174+0000] {logging_mixin.py:120} INFO - [2025-01-24T12:03:51.174+0000] {dagbag.py:537} INFO - Filling up the DagBag from /home/airflow/.local/lib/python3.7/site-packages/airflow/example_dags/example_branch_datetime_operator.py
[2025-01-24T12:03:51.202+0000] {processor.py:766} INFO - DAG(s) dict_keys(['example_branch_datetime_operator', 'example_branch_datetime_operator_3', 'example_branch_datetime_operator_2']) retrieved from /home/airflow/.local/lib/python3.7/site-packages/airflow/example_dags/example_branch_datetime_operator.py
[2025-01-24T12:03:51.286+0000] {logging_mixin.py:120} INFO - [2025-01-24T12:03:51.286+0000] {dag.py:2585} INFO - Sync 3 DAGs
[2025-01-24T12:03:51.342+0000] {logging_mixin.py:120} INFO - [2025-01-24T12:03:51.342+0000] {dag.py:3340} INFO - Setting next_dagrun for example_branch_datetime_operator to 2025-01-23T00:00:00+00:00, run_after=2025-01-24T00:00:00+00:00
[2025-01-24T12:03:51.356+0000] {logging_mixin.py:120} INFO - [2025-01-24T12:03:51.355+0000] {dag.py:3340} INFO - Setting next_dagrun for example_branch_datetime_operator_2 to 2025-01-23T00:00:00+00:00, run_after=2025-01-24T00:00:00+00:00
[2025-01-24T12:03:51.361+0000] {logging_mixin.py:120} INFO - [2025-01-24T12:03:51.361+0000] {dag.py:3340} INFO - Setting next_dagrun for example_branch_datetime_operator_3 to 2025-01-23T00:00:00+00:00, run_after=2025-01-24T00:00:00+00:00
[2025-01-24T12:03:51.394+0000] {processor.py:176} INFO - Processing /home/airflow/.local/lib/python3.7/site-packages/airflow/example_dags/example_branch_datetime_operator.py took 0.231 seconds
[2025-01-24T12:04:22.202+0000] {processor.py:154} INFO - Started process (PID=1514) to work on /home/airflow/.local/lib/python3.7/site-packages/airflow/example_dags/example_branch_datetime_operator.py
[2025-01-24T12:04:22.207+0000] {processor.py:756} INFO - Processing file /home/airflow/.local/lib/python3.7/site-packages/airflow/example_dags/example_branch_datetime_operator.py for tasks to queue
[2025-01-24T12:04:22.208+0000] {logging_mixin.py:120} INFO - [2025-01-24T12:04:22.208+0000] {dagbag.py:537} INFO - Filling up the DagBag from /home/airflow/.local/lib/python3.7/site-packages/airflow/example_dags/example_branch_datetime_operator.py
[2025-01-24T12:04:22.236+0000] {processor.py:766} INFO - DAG(s) dict_keys(['example_branch_datetime_operator_2', 'example_branch_datetime_operator_3', 'example_branch_datetime_operator']) retrieved from /home/airflow/.local/lib/python3.7/site-packages/airflow/example_dags/example_branch_datetime_operator.py
[2025-01-24T12:04:22.314+0000] {logging_mixin.py:120} INFO - [2025-01-24T12:04:22.314+0000] {dag.py:2585} INFO - Sync 3 DAGs
[2025-01-24T12:04:22.363+0000] {logging_mixin.py:120} INFO - [2025-01-24T12:04:22.363+0000] {dag.py:3340} INFO - Setting next_dagrun for example_branch_datetime_operator to 2025-01-23T00:00:00+00:00, run_after=2025-01-24T00:00:00+00:00
[2025-01-24T12:04:22.371+0000] {logging_mixin.py:120} INFO - [2025-01-24T12:04:22.371+0000] {dag.py:3340} INFO - Setting next_dagrun for example_branch_datetime_operator_2 to 2025-01-23T00:00:00+00:00, run_after=2025-01-24T00:00:00+00:00
[2025-01-24T12:04:22.376+0000] {logging_mixin.py:120} INFO - [2025-01-24T12:04:22.376+0000] {dag.py:3340} INFO - Setting next_dagrun for example_branch_datetime_operator_3 to 2025-01-23T00:00:00+00:00, run_after=2025-01-24T00:00:00+00:00
[2025-01-24T12:04:22.407+0000] {processor.py:176} INFO - Processing /home/airflow/.local/lib/python3.7/site-packages/airflow/example_dags/example_branch_datetime_operator.py took 0.210 seconds
[2025-01-24T12:04:52.674+0000] {processor.py:154} INFO - Started process (PID=1578) to work on /home/airflow/.local/lib/python3.7/site-packages/airflow/example_dags/example_branch_datetime_operator.py
[2025-01-24T12:04:52.675+0000] {processor.py:756} INFO - Processing file /home/airflow/.local/lib/python3.7/site-packages/airflow/example_dags/example_branch_datetime_operator.py for tasks to queue
[2025-01-24T12:04:52.676+0000] {logging_mixin.py:120} INFO - [2025-01-24T12:04:52.675+0000] {dagbag.py:537} INFO - Filling up the DagBag from /home/airflow/.local/lib/python3.7/site-packages/airflow/example_dags/example_branch_datetime_operator.py
[2025-01-24T12:04:52.701+0000] {processor.py:766} INFO - DAG(s) dict_keys(['example_branch_datetime_operator', 'example_branch_datetime_operator_3', 'example_branch_datetime_operator_2']) retrieved from /home/airflow/.local/lib/python3.7/site-packages/airflow/example_dags/example_branch_datetime_operator.py
[2025-01-24T12:04:52.772+0000] {logging_mixin.py:120} INFO - [2025-01-24T12:04:52.772+0000] {dag.py:2585} INFO - Sync 3 DAGs
[2025-01-24T12:04:52.809+0000] {logging_mixin.py:120} INFO - [2025-01-24T12:04:52.809+0000] {dag.py:3340} INFO - Setting next_dagrun for example_branch_datetime_operator to 2025-01-23T00:00:00+00:00, run_after=2025-01-24T00:00:00+00:00
[2025-01-24T12:04:52.817+0000] {logging_mixin.py:120} INFO - [2025-01-24T12:04:52.816+0000] {dag.py:3340} INFO - Setting next_dagrun for example_branch_datetime_operator_2 to 2025-01-23T00:00:00+00:00, run_after=2025-01-24T00:00:00+00:00
[2025-01-24T12:04:52.821+0000] {logging_mixin.py:120} INFO - [2025-01-24T12:04:52.820+0000] {dag.py:3340} INFO - Setting next_dagrun for example_branch_datetime_operator_3 to 2025-01-23T00:00:00+00:00, run_after=2025-01-24T00:00:00+00:00
[2025-01-24T12:04:52.851+0000] {processor.py:176} INFO - Processing /home/airflow/.local/lib/python3.7/site-packages/airflow/example_dags/example_branch_datetime_operator.py took 0.181 seconds
[2025-01-24T12:05:23.320+0000] {processor.py:154} INFO - Started process (PID=1633) to work on /home/airflow/.local/lib/python3.7/site-packages/airflow/example_dags/example_branch_datetime_operator.py
[2025-01-24T12:05:23.322+0000] {processor.py:756} INFO - Processing file /home/airflow/.local/lib/python3.7/site-packages/airflow/example_dags/example_branch_datetime_operator.py for tasks to queue
[2025-01-24T12:05:23.323+0000] {logging_mixin.py:120} INFO - [2025-01-24T12:05:23.322+0000] {dagbag.py:537} INFO - Filling up the DagBag from /home/airflow/.local/lib/python3.7/site-packages/airflow/example_dags/example_branch_datetime_operator.py
[2025-01-24T12:05:23.353+0000] {processor.py:766} INFO - DAG(s) dict_keys(['example_branch_datetime_operator_3', 'example_branch_datetime_operator', 'example_branch_datetime_operator_2']) retrieved from /home/airflow/.local/lib/python3.7/site-packages/airflow/example_dags/example_branch_datetime_operator.py
[2025-01-24T12:05:23.459+0000] {logging_mixin.py:120} INFO - [2025-01-24T12:05:23.458+0000] {dag.py:2585} INFO - Sync 3 DAGs
[2025-01-24T12:05:23.526+0000] {logging_mixin.py:120} INFO - [2025-01-24T12:05:23.526+0000] {dag.py:3340} INFO - Setting next_dagrun for example_branch_datetime_operator to 2025-01-23T00:00:00+00:00, run_after=2025-01-24T00:00:00+00:00
[2025-01-24T12:05:23.537+0000] {logging_mixin.py:120} INFO - [2025-01-24T12:05:23.537+0000] {dag.py:3340} INFO - Setting next_dagrun for example_branch_datetime_operator_2 to 2025-01-23T00:00:00+00:00, run_after=2025-01-24T00:00:00+00:00
[2025-01-24T12:05:23.544+0000] {logging_mixin.py:120} INFO - [2025-01-24T12:05:23.543+0000] {dag.py:3340} INFO - Setting next_dagrun for example_branch_datetime_operator_3 to 2025-01-23T00:00:00+00:00, run_after=2025-01-24T00:00:00+00:00
[2025-01-24T12:05:23.589+0000] {processor.py:176} INFO - Processing /home/airflow/.local/lib/python3.7/site-packages/airflow/example_dags/example_branch_datetime_operator.py took 0.273 seconds
[2025-01-24T12:05:53.852+0000] {processor.py:154} INFO - Started process (PID=1697) to work on /home/airflow/.local/lib/python3.7/site-packages/airflow/example_dags/example_branch_datetime_operator.py
[2025-01-24T12:05:53.853+0000] {processor.py:756} INFO - Processing file /home/airflow/.local/lib/python3.7/site-packages/airflow/example_dags/example_branch_datetime_operator.py for tasks to queue
[2025-01-24T12:05:53.854+0000] {logging_mixin.py:120} INFO - [2025-01-24T12:05:53.854+0000] {dagbag.py:537} INFO - Filling up the DagBag from /home/airflow/.local/lib/python3.7/site-packages/airflow/example_dags/example_branch_datetime_operator.py
[2025-01-24T12:05:53.882+0000] {processor.py:766} INFO - DAG(s) dict_keys(['example_branch_datetime_operator_3', 'example_branch_datetime_operator_2', 'example_branch_datetime_operator']) retrieved from /home/airflow/.local/lib/python3.7/site-packages/airflow/example_dags/example_branch_datetime_operator.py
[2025-01-24T12:05:53.963+0000] {logging_mixin.py:120} INFO - [2025-01-24T12:05:53.963+0000] {dag.py:2585} INFO - Sync 3 DAGs
[2025-01-24T12:05:54.024+0000] {logging_mixin.py:120} INFO - [2025-01-24T12:05:54.023+0000] {dag.py:3340} INFO - Setting next_dagrun for example_branch_datetime_operator to 2025-01-23T00:00:00+00:00, run_after=2025-01-24T00:00:00+00:00
[2025-01-24T12:05:54.034+0000] {logging_mixin.py:120} INFO - [2025-01-24T12:05:54.034+0000] {dag.py:3340} INFO - Setting next_dagrun for example_branch_datetime_operator_2 to 2025-01-23T00:00:00+00:00, run_after=2025-01-24T00:00:00+00:00
[2025-01-24T12:05:54.040+0000] {logging_mixin.py:120} INFO - [2025-01-24T12:05:54.040+0000] {dag.py:3340} INFO - Setting next_dagrun for example_branch_datetime_operator_3 to 2025-01-23T00:00:00+00:00, run_after=2025-01-24T00:00:00+00:00
[2025-01-24T12:05:54.076+0000] {processor.py:176} INFO - Processing /home/airflow/.local/lib/python3.7/site-packages/airflow/example_dags/example_branch_datetime_operator.py took 0.230 seconds
[2025-01-24T12:06:25.018+0000] {processor.py:154} INFO - Started process (PID=1752) to work on /home/airflow/.local/lib/python3.7/site-packages/airflow/example_dags/example_branch_datetime_operator.py
[2025-01-24T12:06:25.020+0000] {processor.py:756} INFO - Processing file /home/airflow/.local/lib/python3.7/site-packages/airflow/example_dags/example_branch_datetime_operator.py for tasks to queue
[2025-01-24T12:06:25.021+0000] {logging_mixin.py:120} INFO - [2025-01-24T12:06:25.021+0000] {dagbag.py:537} INFO - Filling up the DagBag from /home/airflow/.local/lib/python3.7/site-packages/airflow/example_dags/example_branch_datetime_operator.py
[2025-01-24T12:06:25.048+0000] {processor.py:766} INFO - DAG(s) dict_keys(['example_branch_datetime_operator_3', 'example_branch_datetime_operator', 'example_branch_datetime_operator_2']) retrieved from /home/airflow/.local/lib/python3.7/site-packages/airflow/example_dags/example_branch_datetime_operator.py
[2025-01-24T12:06:25.120+0000] {logging_mixin.py:120} INFO - [2025-01-24T12:06:25.120+0000] {dag.py:2585} INFO - Sync 3 DAGs
[2025-01-24T12:06:25.162+0000] {logging_mixin.py:120} INFO - [2025-01-24T12:06:25.162+0000] {dag.py:3340} INFO - Setting next_dagrun for example_branch_datetime_operator to 2025-01-23T00:00:00+00:00, run_after=2025-01-24T00:00:00+00:00
[2025-01-24T12:06:25.169+0000] {logging_mixin.py:120} INFO - [2025-01-24T12:06:25.168+0000] {dag.py:3340} INFO - Setting next_dagrun for example_branch_datetime_operator_2 to 2025-01-23T00:00:00+00:00, run_after=2025-01-24T00:00:00+00:00
[2025-01-24T12:06:25.173+0000] {logging_mixin.py:120} INFO - [2025-01-24T12:06:25.172+0000] {dag.py:3340} INFO - Setting next_dagrun for example_branch_datetime_operator_3 to 2025-01-23T00:00:00+00:00, run_after=2025-01-24T00:00:00+00:00
[2025-01-24T12:06:25.217+0000] {processor.py:176} INFO - Processing /home/airflow/.local/lib/python3.7/site-packages/airflow/example_dags/example_branch_datetime_operator.py took 0.204 seconds
