[2025-01-24T17:06:17.516+0000] {processor.py:154} INFO - Started process (PID=86) to work on /home/airflow/.local/lib/python3.7/site-packages/airflow/example_dags/example_sla_dag.py
[2025-01-24T17:06:17.517+0000] {processor.py:756} INFO - Processing file /home/airflow/.local/lib/python3.7/site-packages/airflow/example_dags/example_sla_dag.py for tasks to queue
[2025-01-24T17:06:17.519+0000] {logging_mixin.py:120} INFO - [2025-01-24T17:06:17.519+0000] {dagbag.py:537} INFO - Filling up the DagBag from /home/airflow/.local/lib/python3.7/site-packages/airflow/example_dags/example_sla_dag.py
[2025-01-24T17:06:17.555+0000] {processor.py:766} INFO - DAG(s) dict_keys(['example_sla_dag']) retrieved from /home/airflow/.local/lib/python3.7/site-packages/airflow/example_dags/example_sla_dag.py
[2025-01-24T17:06:17.614+0000] {logging_mixin.py:120} INFO - [2025-01-24T17:06:17.614+0000] {dag.py:2585} INFO - Sync 1 DAGs
[2025-01-24T17:06:17.668+0000] {logging_mixin.py:120} INFO - [2025-01-24T17:06:17.668+0000] {dag.py:3340} INFO - Setting next_dagrun for example_sla_dag to 2025-01-24T17:04:00+00:00, run_after=2025-01-24T17:06:00+00:00
[2025-01-24T17:06:17.702+0000] {processor.py:176} INFO - Processing /home/airflow/.local/lib/python3.7/site-packages/airflow/example_dags/example_sla_dag.py took 0.189 seconds
[2025-01-24T11:52:10.809+0000] {processor.py:154} INFO - Started process (PID=86) to work on /home/airflow/.local/lib/python3.7/site-packages/airflow/example_dags/example_sla_dag.py
[2025-01-24T11:52:10.810+0000] {processor.py:756} INFO - Processing file /home/airflow/.local/lib/python3.7/site-packages/airflow/example_dags/example_sla_dag.py for tasks to queue
[2025-01-24T11:52:10.810+0000] {logging_mixin.py:120} INFO - [2025-01-24T11:52:10.810+0000] {dagbag.py:537} INFO - Filling up the DagBag from /home/airflow/.local/lib/python3.7/site-packages/airflow/example_dags/example_sla_dag.py
[2025-01-24T11:52:10.846+0000] {processor.py:766} INFO - DAG(s) dict_keys(['example_sla_dag']) retrieved from /home/airflow/.local/lib/python3.7/site-packages/airflow/example_dags/example_sla_dag.py
[2025-01-24T11:52:10.911+0000] {logging_mixin.py:120} INFO - [2025-01-24T11:52:10.911+0000] {dag.py:2585} INFO - Sync 1 DAGs
[2025-01-24T11:52:10.968+0000] {logging_mixin.py:120} INFO - [2025-01-24T11:52:10.967+0000] {dag.py:3340} INFO - Setting next_dagrun for example_sla_dag to 2025-01-24T11:50:00+00:00, run_after=2025-01-24T11:52:00+00:00
[2025-01-24T11:52:11.015+0000] {processor.py:176} INFO - Processing /home/airflow/.local/lib/python3.7/site-packages/airflow/example_dags/example_sla_dag.py took 0.211 seconds
[2025-01-24T11:52:42.784+0000] {processor.py:154} INFO - Started process (PID=150) to work on /home/airflow/.local/lib/python3.7/site-packages/airflow/example_dags/example_sla_dag.py
[2025-01-24T11:52:42.786+0000] {processor.py:756} INFO - Processing file /home/airflow/.local/lib/python3.7/site-packages/airflow/example_dags/example_sla_dag.py for tasks to queue
[2025-01-24T11:52:42.788+0000] {logging_mixin.py:120} INFO - [2025-01-24T11:52:42.787+0000] {dagbag.py:537} INFO - Filling up the DagBag from /home/airflow/.local/lib/python3.7/site-packages/airflow/example_dags/example_sla_dag.py
[2025-01-24T11:52:42.855+0000] {processor.py:766} INFO - DAG(s) dict_keys(['example_sla_dag']) retrieved from /home/airflow/.local/lib/python3.7/site-packages/airflow/example_dags/example_sla_dag.py
[2025-01-24T11:52:42.960+0000] {logging_mixin.py:120} INFO - [2025-01-24T11:52:42.960+0000] {dag.py:2585} INFO - Sync 1 DAGs
[2025-01-24T11:52:43.018+0000] {logging_mixin.py:120} INFO - [2025-01-24T11:52:43.018+0000] {dag.py:3340} INFO - Setting next_dagrun for example_sla_dag to 2025-01-24T11:50:00+00:00, run_after=2025-01-24T11:52:00+00:00
[2025-01-24T11:52:43.061+0000] {processor.py:176} INFO - Processing /home/airflow/.local/lib/python3.7/site-packages/airflow/example_dags/example_sla_dag.py took 0.284 seconds
[2025-01-24T11:53:13.894+0000] {processor.py:154} INFO - Started process (PID=206) to work on /home/airflow/.local/lib/python3.7/site-packages/airflow/example_dags/example_sla_dag.py
[2025-01-24T11:53:13.895+0000] {processor.py:756} INFO - Processing file /home/airflow/.local/lib/python3.7/site-packages/airflow/example_dags/example_sla_dag.py for tasks to queue
[2025-01-24T11:53:13.896+0000] {logging_mixin.py:120} INFO - [2025-01-24T11:53:13.896+0000] {dagbag.py:537} INFO - Filling up the DagBag from /home/airflow/.local/lib/python3.7/site-packages/airflow/example_dags/example_sla_dag.py
[2025-01-24T11:53:13.929+0000] {processor.py:766} INFO - DAG(s) dict_keys(['example_sla_dag']) retrieved from /home/airflow/.local/lib/python3.7/site-packages/airflow/example_dags/example_sla_dag.py
[2025-01-24T11:53:13.996+0000] {logging_mixin.py:120} INFO - [2025-01-24T11:53:13.996+0000] {dag.py:2585} INFO - Sync 1 DAGs
[2025-01-24T11:53:14.042+0000] {logging_mixin.py:120} INFO - [2025-01-24T11:53:14.042+0000] {dag.py:3340} INFO - Setting next_dagrun for example_sla_dag to 2025-01-24T11:50:00+00:00, run_after=2025-01-24T11:52:00+00:00
[2025-01-24T11:53:14.077+0000] {processor.py:176} INFO - Processing /home/airflow/.local/lib/python3.7/site-packages/airflow/example_dags/example_sla_dag.py took 0.187 seconds
[2025-01-24T11:53:44.681+0000] {processor.py:154} INFO - Started process (PID=270) to work on /home/airflow/.local/lib/python3.7/site-packages/airflow/example_dags/example_sla_dag.py
[2025-01-24T11:53:44.682+0000] {processor.py:756} INFO - Processing file /home/airflow/.local/lib/python3.7/site-packages/airflow/example_dags/example_sla_dag.py for tasks to queue
[2025-01-24T11:53:44.684+0000] {logging_mixin.py:120} INFO - [2025-01-24T11:53:44.683+0000] {dagbag.py:537} INFO - Filling up the DagBag from /home/airflow/.local/lib/python3.7/site-packages/airflow/example_dags/example_sla_dag.py
[2025-01-24T11:53:44.717+0000] {processor.py:766} INFO - DAG(s) dict_keys(['example_sla_dag']) retrieved from /home/airflow/.local/lib/python3.7/site-packages/airflow/example_dags/example_sla_dag.py
[2025-01-24T11:53:44.781+0000] {logging_mixin.py:120} INFO - [2025-01-24T11:53:44.780+0000] {dag.py:2585} INFO - Sync 1 DAGs
[2025-01-24T11:53:44.833+0000] {logging_mixin.py:120} INFO - [2025-01-24T11:53:44.833+0000] {dag.py:3340} INFO - Setting next_dagrun for example_sla_dag to 2025-01-24T11:50:00+00:00, run_after=2025-01-24T11:52:00+00:00
[2025-01-24T11:53:44.872+0000] {processor.py:176} INFO - Processing /home/airflow/.local/lib/python3.7/site-packages/airflow/example_dags/example_sla_dag.py took 0.197 seconds
[2025-01-24T11:54:15.227+0000] {processor.py:154} INFO - Started process (PID=334) to work on /home/airflow/.local/lib/python3.7/site-packages/airflow/example_dags/example_sla_dag.py
[2025-01-24T11:54:15.228+0000] {processor.py:756} INFO - Processing file /home/airflow/.local/lib/python3.7/site-packages/airflow/example_dags/example_sla_dag.py for tasks to queue
[2025-01-24T11:54:15.229+0000] {logging_mixin.py:120} INFO - [2025-01-24T11:54:15.229+0000] {dagbag.py:537} INFO - Filling up the DagBag from /home/airflow/.local/lib/python3.7/site-packages/airflow/example_dags/example_sla_dag.py
[2025-01-24T11:54:15.272+0000] {processor.py:766} INFO - DAG(s) dict_keys(['example_sla_dag']) retrieved from /home/airflow/.local/lib/python3.7/site-packages/airflow/example_dags/example_sla_dag.py
[2025-01-24T11:54:15.351+0000] {logging_mixin.py:120} INFO - [2025-01-24T11:54:15.351+0000] {dag.py:2585} INFO - Sync 1 DAGs
[2025-01-24T11:54:15.398+0000] {logging_mixin.py:120} INFO - [2025-01-24T11:54:15.397+0000] {dag.py:3340} INFO - Setting next_dagrun for example_sla_dag to 2025-01-24T11:52:00+00:00, run_after=2025-01-24T11:54:00+00:00
[2025-01-24T11:54:15.430+0000] {processor.py:176} INFO - Processing /home/airflow/.local/lib/python3.7/site-packages/airflow/example_dags/example_sla_dag.py took 0.207 seconds
[2025-01-24T11:54:46.184+0000] {processor.py:154} INFO - Started process (PID=389) to work on /home/airflow/.local/lib/python3.7/site-packages/airflow/example_dags/example_sla_dag.py
[2025-01-24T11:54:46.185+0000] {processor.py:756} INFO - Processing file /home/airflow/.local/lib/python3.7/site-packages/airflow/example_dags/example_sla_dag.py for tasks to queue
[2025-01-24T11:54:46.186+0000] {logging_mixin.py:120} INFO - [2025-01-24T11:54:46.185+0000] {dagbag.py:537} INFO - Filling up the DagBag from /home/airflow/.local/lib/python3.7/site-packages/airflow/example_dags/example_sla_dag.py
[2025-01-24T11:54:46.226+0000] {processor.py:766} INFO - DAG(s) dict_keys(['example_sla_dag']) retrieved from /home/airflow/.local/lib/python3.7/site-packages/airflow/example_dags/example_sla_dag.py
[2025-01-24T11:54:46.309+0000] {logging_mixin.py:120} INFO - [2025-01-24T11:54:46.309+0000] {dag.py:2585} INFO - Sync 1 DAGs
[2025-01-24T11:54:46.395+0000] {logging_mixin.py:120} INFO - [2025-01-24T11:54:46.395+0000] {dag.py:3340} INFO - Setting next_dagrun for example_sla_dag to 2025-01-24T11:52:00+00:00, run_after=2025-01-24T11:54:00+00:00
[2025-01-24T11:54:46.446+0000] {processor.py:176} INFO - Processing /home/airflow/.local/lib/python3.7/site-packages/airflow/example_dags/example_sla_dag.py took 0.268 seconds
[2025-01-24T11:55:16.879+0000] {processor.py:154} INFO - Started process (PID=453) to work on /home/airflow/.local/lib/python3.7/site-packages/airflow/example_dags/example_sla_dag.py
[2025-01-24T11:55:16.880+0000] {processor.py:756} INFO - Processing file /home/airflow/.local/lib/python3.7/site-packages/airflow/example_dags/example_sla_dag.py for tasks to queue
[2025-01-24T11:55:16.880+0000] {logging_mixin.py:120} INFO - [2025-01-24T11:55:16.880+0000] {dagbag.py:537} INFO - Filling up the DagBag from /home/airflow/.local/lib/python3.7/site-packages/airflow/example_dags/example_sla_dag.py
[2025-01-24T11:55:16.913+0000] {processor.py:766} INFO - DAG(s) dict_keys(['example_sla_dag']) retrieved from /home/airflow/.local/lib/python3.7/site-packages/airflow/example_dags/example_sla_dag.py
[2025-01-24T11:55:16.980+0000] {logging_mixin.py:120} INFO - [2025-01-24T11:55:16.980+0000] {dag.py:2585} INFO - Sync 1 DAGs
[2025-01-24T11:55:17.029+0000] {logging_mixin.py:120} INFO - [2025-01-24T11:55:17.028+0000] {dag.py:3340} INFO - Setting next_dagrun for example_sla_dag to 2025-01-24T11:52:00+00:00, run_after=2025-01-24T11:54:00+00:00
[2025-01-24T11:55:17.057+0000] {processor.py:176} INFO - Processing /home/airflow/.local/lib/python3.7/site-packages/airflow/example_dags/example_sla_dag.py took 0.182 seconds
[2025-01-24T11:55:47.246+0000] {processor.py:154} INFO - Started process (PID=508) to work on /home/airflow/.local/lib/python3.7/site-packages/airflow/example_dags/example_sla_dag.py
[2025-01-24T11:55:47.247+0000] {processor.py:756} INFO - Processing file /home/airflow/.local/lib/python3.7/site-packages/airflow/example_dags/example_sla_dag.py for tasks to queue
[2025-01-24T11:55:47.248+0000] {logging_mixin.py:120} INFO - [2025-01-24T11:55:47.248+0000] {dagbag.py:537} INFO - Filling up the DagBag from /home/airflow/.local/lib/python3.7/site-packages/airflow/example_dags/example_sla_dag.py
[2025-01-24T11:55:47.280+0000] {processor.py:766} INFO - DAG(s) dict_keys(['example_sla_dag']) retrieved from /home/airflow/.local/lib/python3.7/site-packages/airflow/example_dags/example_sla_dag.py
[2025-01-24T11:55:47.344+0000] {logging_mixin.py:120} INFO - [2025-01-24T11:55:47.343+0000] {dag.py:2585} INFO - Sync 1 DAGs
[2025-01-24T11:55:47.392+0000] {logging_mixin.py:120} INFO - [2025-01-24T11:55:47.392+0000] {dag.py:3340} INFO - Setting next_dagrun for example_sla_dag to 2025-01-24T11:52:00+00:00, run_after=2025-01-24T11:54:00+00:00
[2025-01-24T11:55:47.428+0000] {processor.py:176} INFO - Processing /home/airflow/.local/lib/python3.7/site-packages/airflow/example_dags/example_sla_dag.py took 0.187 seconds
[2025-01-24T11:56:17.963+0000] {processor.py:154} INFO - Started process (PID=573) to work on /home/airflow/.local/lib/python3.7/site-packages/airflow/example_dags/example_sla_dag.py
[2025-01-24T11:56:17.964+0000] {processor.py:756} INFO - Processing file /home/airflow/.local/lib/python3.7/site-packages/airflow/example_dags/example_sla_dag.py for tasks to queue
[2025-01-24T11:56:17.965+0000] {logging_mixin.py:120} INFO - [2025-01-24T11:56:17.965+0000] {dagbag.py:537} INFO - Filling up the DagBag from /home/airflow/.local/lib/python3.7/site-packages/airflow/example_dags/example_sla_dag.py
[2025-01-24T11:56:17.997+0000] {processor.py:766} INFO - DAG(s) dict_keys(['example_sla_dag']) retrieved from /home/airflow/.local/lib/python3.7/site-packages/airflow/example_dags/example_sla_dag.py
[2025-01-24T11:56:18.057+0000] {logging_mixin.py:120} INFO - [2025-01-24T11:56:18.056+0000] {dag.py:2585} INFO - Sync 1 DAGs
[2025-01-24T11:56:18.096+0000] {logging_mixin.py:120} INFO - [2025-01-24T11:56:18.096+0000] {dag.py:3340} INFO - Setting next_dagrun for example_sla_dag to 2025-01-24T11:54:00+00:00, run_after=2025-01-24T11:56:00+00:00
[2025-01-24T11:56:18.135+0000] {processor.py:176} INFO - Processing /home/airflow/.local/lib/python3.7/site-packages/airflow/example_dags/example_sla_dag.py took 0.175 seconds
[2025-01-24T11:56:48.544+0000] {processor.py:154} INFO - Started process (PID=628) to work on /home/airflow/.local/lib/python3.7/site-packages/airflow/example_dags/example_sla_dag.py
[2025-01-24T11:56:48.546+0000] {processor.py:756} INFO - Processing file /home/airflow/.local/lib/python3.7/site-packages/airflow/example_dags/example_sla_dag.py for tasks to queue
[2025-01-24T11:56:48.546+0000] {logging_mixin.py:120} INFO - [2025-01-24T11:56:48.546+0000] {dagbag.py:537} INFO - Filling up the DagBag from /home/airflow/.local/lib/python3.7/site-packages/airflow/example_dags/example_sla_dag.py
[2025-01-24T11:56:48.582+0000] {processor.py:766} INFO - DAG(s) dict_keys(['example_sla_dag']) retrieved from /home/airflow/.local/lib/python3.7/site-packages/airflow/example_dags/example_sla_dag.py
[2025-01-24T11:56:48.642+0000] {logging_mixin.py:120} INFO - [2025-01-24T11:56:48.642+0000] {dag.py:2585} INFO - Sync 1 DAGs
[2025-01-24T11:56:48.702+0000] {logging_mixin.py:120} INFO - [2025-01-24T11:56:48.702+0000] {dag.py:3340} INFO - Setting next_dagrun for example_sla_dag to 2025-01-24T11:54:00+00:00, run_after=2025-01-24T11:56:00+00:00
[2025-01-24T11:56:48.741+0000] {processor.py:176} INFO - Processing /home/airflow/.local/lib/python3.7/site-packages/airflow/example_dags/example_sla_dag.py took 0.203 seconds
[2025-01-24T11:57:18.903+0000] {processor.py:154} INFO - Started process (PID=692) to work on /home/airflow/.local/lib/python3.7/site-packages/airflow/example_dags/example_sla_dag.py
[2025-01-24T11:57:18.904+0000] {processor.py:756} INFO - Processing file /home/airflow/.local/lib/python3.7/site-packages/airflow/example_dags/example_sla_dag.py for tasks to queue
[2025-01-24T11:57:18.905+0000] {logging_mixin.py:120} INFO - [2025-01-24T11:57:18.905+0000] {dagbag.py:537} INFO - Filling up the DagBag from /home/airflow/.local/lib/python3.7/site-packages/airflow/example_dags/example_sla_dag.py
[2025-01-24T11:57:18.937+0000] {processor.py:766} INFO - DAG(s) dict_keys(['example_sla_dag']) retrieved from /home/airflow/.local/lib/python3.7/site-packages/airflow/example_dags/example_sla_dag.py
[2025-01-24T11:57:19.000+0000] {logging_mixin.py:120} INFO - [2025-01-24T11:57:19.000+0000] {dag.py:2585} INFO - Sync 1 DAGs
[2025-01-24T11:57:19.049+0000] {logging_mixin.py:120} INFO - [2025-01-24T11:57:19.049+0000] {dag.py:3340} INFO - Setting next_dagrun for example_sla_dag to 2025-01-24T11:54:00+00:00, run_after=2025-01-24T11:56:00+00:00
[2025-01-24T11:57:19.087+0000] {processor.py:176} INFO - Processing /home/airflow/.local/lib/python3.7/site-packages/airflow/example_dags/example_sla_dag.py took 0.187 seconds
[2025-01-24T11:57:49.650+0000] {processor.py:154} INFO - Started process (PID=756) to work on /home/airflow/.local/lib/python3.7/site-packages/airflow/example_dags/example_sla_dag.py
[2025-01-24T11:57:49.652+0000] {processor.py:756} INFO - Processing file /home/airflow/.local/lib/python3.7/site-packages/airflow/example_dags/example_sla_dag.py for tasks to queue
[2025-01-24T11:57:49.652+0000] {logging_mixin.py:120} INFO - [2025-01-24T11:57:49.652+0000] {dagbag.py:537} INFO - Filling up the DagBag from /home/airflow/.local/lib/python3.7/site-packages/airflow/example_dags/example_sla_dag.py
[2025-01-24T11:57:49.685+0000] {processor.py:766} INFO - DAG(s) dict_keys(['example_sla_dag']) retrieved from /home/airflow/.local/lib/python3.7/site-packages/airflow/example_dags/example_sla_dag.py
[2025-01-24T11:57:49.748+0000] {logging_mixin.py:120} INFO - [2025-01-24T11:57:49.748+0000] {dag.py:2585} INFO - Sync 1 DAGs
[2025-01-24T11:57:49.789+0000] {logging_mixin.py:120} INFO - [2025-01-24T11:57:49.789+0000] {dag.py:3340} INFO - Setting next_dagrun for example_sla_dag to 2025-01-24T11:54:00+00:00, run_after=2025-01-24T11:56:00+00:00
[2025-01-24T11:57:49.817+0000] {processor.py:176} INFO - Processing /home/airflow/.local/lib/python3.7/site-packages/airflow/example_dags/example_sla_dag.py took 0.171 seconds
[2025-01-24T11:58:20.061+0000] {processor.py:154} INFO - Started process (PID=812) to work on /home/airflow/.local/lib/python3.7/site-packages/airflow/example_dags/example_sla_dag.py
[2025-01-24T11:58:20.062+0000] {processor.py:756} INFO - Processing file /home/airflow/.local/lib/python3.7/site-packages/airflow/example_dags/example_sla_dag.py for tasks to queue
[2025-01-24T11:58:20.063+0000] {logging_mixin.py:120} INFO - [2025-01-24T11:58:20.063+0000] {dagbag.py:537} INFO - Filling up the DagBag from /home/airflow/.local/lib/python3.7/site-packages/airflow/example_dags/example_sla_dag.py
[2025-01-24T11:58:20.093+0000] {processor.py:766} INFO - DAG(s) dict_keys(['example_sla_dag']) retrieved from /home/airflow/.local/lib/python3.7/site-packages/airflow/example_dags/example_sla_dag.py
[2025-01-24T11:58:20.150+0000] {logging_mixin.py:120} INFO - [2025-01-24T11:58:20.150+0000] {dag.py:2585} INFO - Sync 1 DAGs
[2025-01-24T11:58:20.188+0000] {logging_mixin.py:120} INFO - [2025-01-24T11:58:20.188+0000] {dag.py:3340} INFO - Setting next_dagrun for example_sla_dag to 2025-01-24T11:56:00+00:00, run_after=2025-01-24T11:58:00+00:00
[2025-01-24T11:58:20.236+0000] {processor.py:176} INFO - Processing /home/airflow/.local/lib/python3.7/site-packages/airflow/example_dags/example_sla_dag.py took 0.179 seconds
[2025-01-24T11:58:50.398+0000] {processor.py:154} INFO - Started process (PID=876) to work on /home/airflow/.local/lib/python3.7/site-packages/airflow/example_dags/example_sla_dag.py
[2025-01-24T11:58:50.399+0000] {processor.py:756} INFO - Processing file /home/airflow/.local/lib/python3.7/site-packages/airflow/example_dags/example_sla_dag.py for tasks to queue
[2025-01-24T11:58:50.400+0000] {logging_mixin.py:120} INFO - [2025-01-24T11:58:50.400+0000] {dagbag.py:537} INFO - Filling up the DagBag from /home/airflow/.local/lib/python3.7/site-packages/airflow/example_dags/example_sla_dag.py
[2025-01-24T11:58:50.432+0000] {processor.py:766} INFO - DAG(s) dict_keys(['example_sla_dag']) retrieved from /home/airflow/.local/lib/python3.7/site-packages/airflow/example_dags/example_sla_dag.py
[2025-01-24T11:58:50.488+0000] {logging_mixin.py:120} INFO - [2025-01-24T11:58:50.488+0000] {dag.py:2585} INFO - Sync 1 DAGs
[2025-01-24T11:58:50.529+0000] {logging_mixin.py:120} INFO - [2025-01-24T11:58:50.528+0000] {dag.py:3340} INFO - Setting next_dagrun for example_sla_dag to 2025-01-24T11:56:00+00:00, run_after=2025-01-24T11:58:00+00:00
[2025-01-24T11:58:50.566+0000] {processor.py:176} INFO - Processing /home/airflow/.local/lib/python3.7/site-packages/airflow/example_dags/example_sla_dag.py took 0.171 seconds
[2025-01-24T11:59:20.694+0000] {processor.py:154} INFO - Started process (PID=939) to work on /home/airflow/.local/lib/python3.7/site-packages/airflow/example_dags/example_sla_dag.py
[2025-01-24T11:59:20.695+0000] {processor.py:756} INFO - Processing file /home/airflow/.local/lib/python3.7/site-packages/airflow/example_dags/example_sla_dag.py for tasks to queue
[2025-01-24T11:59:20.696+0000] {logging_mixin.py:120} INFO - [2025-01-24T11:59:20.695+0000] {dagbag.py:537} INFO - Filling up the DagBag from /home/airflow/.local/lib/python3.7/site-packages/airflow/example_dags/example_sla_dag.py
[2025-01-24T11:59:20.728+0000] {processor.py:766} INFO - DAG(s) dict_keys(['example_sla_dag']) retrieved from /home/airflow/.local/lib/python3.7/site-packages/airflow/example_dags/example_sla_dag.py
[2025-01-24T11:59:20.787+0000] {logging_mixin.py:120} INFO - [2025-01-24T11:59:20.786+0000] {dag.py:2585} INFO - Sync 1 DAGs
[2025-01-24T11:59:20.832+0000] {logging_mixin.py:120} INFO - [2025-01-24T11:59:20.832+0000] {dag.py:3340} INFO - Setting next_dagrun for example_sla_dag to 2025-01-24T11:56:00+00:00, run_after=2025-01-24T11:58:00+00:00
[2025-01-24T11:59:20.869+0000] {processor.py:176} INFO - Processing /home/airflow/.local/lib/python3.7/site-packages/airflow/example_dags/example_sla_dag.py took 0.180 seconds
[2025-01-24T11:59:51.074+0000] {processor.py:154} INFO - Started process (PID=994) to work on /home/airflow/.local/lib/python3.7/site-packages/airflow/example_dags/example_sla_dag.py
[2025-01-24T11:59:51.075+0000] {processor.py:756} INFO - Processing file /home/airflow/.local/lib/python3.7/site-packages/airflow/example_dags/example_sla_dag.py for tasks to queue
[2025-01-24T11:59:51.076+0000] {logging_mixin.py:120} INFO - [2025-01-24T11:59:51.076+0000] {dagbag.py:537} INFO - Filling up the DagBag from /home/airflow/.local/lib/python3.7/site-packages/airflow/example_dags/example_sla_dag.py
[2025-01-24T11:59:51.108+0000] {processor.py:766} INFO - DAG(s) dict_keys(['example_sla_dag']) retrieved from /home/airflow/.local/lib/python3.7/site-packages/airflow/example_dags/example_sla_dag.py
[2025-01-24T11:59:51.170+0000] {logging_mixin.py:120} INFO - [2025-01-24T11:59:51.169+0000] {dag.py:2585} INFO - Sync 1 DAGs
[2025-01-24T11:59:51.212+0000] {logging_mixin.py:120} INFO - [2025-01-24T11:59:51.212+0000] {dag.py:3340} INFO - Setting next_dagrun for example_sla_dag to 2025-01-24T11:56:00+00:00, run_after=2025-01-24T11:58:00+00:00
[2025-01-24T11:59:51.242+0000] {processor.py:176} INFO - Processing /home/airflow/.local/lib/python3.7/site-packages/airflow/example_dags/example_sla_dag.py took 0.173 seconds
[2025-01-24T12:00:21.607+0000] {processor.py:154} INFO - Started process (PID=1058) to work on /home/airflow/.local/lib/python3.7/site-packages/airflow/example_dags/example_sla_dag.py
[2025-01-24T12:00:21.608+0000] {processor.py:756} INFO - Processing file /home/airflow/.local/lib/python3.7/site-packages/airflow/example_dags/example_sla_dag.py for tasks to queue
[2025-01-24T12:00:21.609+0000] {logging_mixin.py:120} INFO - [2025-01-24T12:00:21.608+0000] {dagbag.py:537} INFO - Filling up the DagBag from /home/airflow/.local/lib/python3.7/site-packages/airflow/example_dags/example_sla_dag.py
[2025-01-24T12:00:21.637+0000] {processor.py:766} INFO - DAG(s) dict_keys(['example_sla_dag']) retrieved from /home/airflow/.local/lib/python3.7/site-packages/airflow/example_dags/example_sla_dag.py
[2025-01-24T12:00:21.700+0000] {logging_mixin.py:120} INFO - [2025-01-24T12:00:21.700+0000] {dag.py:2585} INFO - Sync 1 DAGs
[2025-01-24T12:00:21.745+0000] {logging_mixin.py:120} INFO - [2025-01-24T12:00:21.745+0000] {dag.py:3340} INFO - Setting next_dagrun for example_sla_dag to 2025-01-24T11:58:00+00:00, run_after=2025-01-24T12:00:00+00:00
[2025-01-24T12:00:21.783+0000] {processor.py:176} INFO - Processing /home/airflow/.local/lib/python3.7/site-packages/airflow/example_dags/example_sla_dag.py took 0.181 seconds
[2025-01-24T12:00:52.830+0000] {processor.py:154} INFO - Started process (PID=1114) to work on /home/airflow/.local/lib/python3.7/site-packages/airflow/example_dags/example_sla_dag.py
[2025-01-24T12:00:52.832+0000] {processor.py:756} INFO - Processing file /home/airflow/.local/lib/python3.7/site-packages/airflow/example_dags/example_sla_dag.py for tasks to queue
[2025-01-24T12:00:52.833+0000] {logging_mixin.py:120} INFO - [2025-01-24T12:00:52.832+0000] {dagbag.py:537} INFO - Filling up the DagBag from /home/airflow/.local/lib/python3.7/site-packages/airflow/example_dags/example_sla_dag.py
[2025-01-24T12:00:52.868+0000] {processor.py:766} INFO - DAG(s) dict_keys(['example_sla_dag']) retrieved from /home/airflow/.local/lib/python3.7/site-packages/airflow/example_dags/example_sla_dag.py
[2025-01-24T12:00:52.934+0000] {logging_mixin.py:120} INFO - [2025-01-24T12:00:52.934+0000] {dag.py:2585} INFO - Sync 1 DAGs
[2025-01-24T12:00:52.982+0000] {logging_mixin.py:120} INFO - [2025-01-24T12:00:52.982+0000] {dag.py:3340} INFO - Setting next_dagrun for example_sla_dag to 2025-01-24T11:58:00+00:00, run_after=2025-01-24T12:00:00+00:00
[2025-01-24T12:00:53.014+0000] {processor.py:176} INFO - Processing /home/airflow/.local/lib/python3.7/site-packages/airflow/example_dags/example_sla_dag.py took 0.189 seconds
[2025-01-24T12:01:23.968+0000] {processor.py:154} INFO - Started process (PID=1179) to work on /home/airflow/.local/lib/python3.7/site-packages/airflow/example_dags/example_sla_dag.py
[2025-01-24T12:01:23.969+0000] {processor.py:756} INFO - Processing file /home/airflow/.local/lib/python3.7/site-packages/airflow/example_dags/example_sla_dag.py for tasks to queue
[2025-01-24T12:01:23.970+0000] {logging_mixin.py:120} INFO - [2025-01-24T12:01:23.970+0000] {dagbag.py:537} INFO - Filling up the DagBag from /home/airflow/.local/lib/python3.7/site-packages/airflow/example_dags/example_sla_dag.py
[2025-01-24T12:01:24.001+0000] {processor.py:766} INFO - DAG(s) dict_keys(['example_sla_dag']) retrieved from /home/airflow/.local/lib/python3.7/site-packages/airflow/example_dags/example_sla_dag.py
[2025-01-24T12:01:24.063+0000] {logging_mixin.py:120} INFO - [2025-01-24T12:01:24.063+0000] {dag.py:2585} INFO - Sync 1 DAGs
[2025-01-24T12:01:24.110+0000] {logging_mixin.py:120} INFO - [2025-01-24T12:01:24.109+0000] {dag.py:3340} INFO - Setting next_dagrun for example_sla_dag to 2025-01-24T11:58:00+00:00, run_after=2025-01-24T12:00:00+00:00
[2025-01-24T12:01:24.145+0000] {processor.py:176} INFO - Processing /home/airflow/.local/lib/python3.7/site-packages/airflow/example_dags/example_sla_dag.py took 0.182 seconds
[2025-01-24T12:01:54.348+0000] {processor.py:154} INFO - Started process (PID=1244) to work on /home/airflow/.local/lib/python3.7/site-packages/airflow/example_dags/example_sla_dag.py
[2025-01-24T12:01:54.349+0000] {processor.py:756} INFO - Processing file /home/airflow/.local/lib/python3.7/site-packages/airflow/example_dags/example_sla_dag.py for tasks to queue
[2025-01-24T12:01:54.351+0000] {logging_mixin.py:120} INFO - [2025-01-24T12:01:54.350+0000] {dagbag.py:537} INFO - Filling up the DagBag from /home/airflow/.local/lib/python3.7/site-packages/airflow/example_dags/example_sla_dag.py
[2025-01-24T12:01:54.378+0000] {processor.py:766} INFO - DAG(s) dict_keys(['example_sla_dag']) retrieved from /home/airflow/.local/lib/python3.7/site-packages/airflow/example_dags/example_sla_dag.py
[2025-01-24T12:01:54.433+0000] {logging_mixin.py:120} INFO - [2025-01-24T12:01:54.432+0000] {dag.py:2585} INFO - Sync 1 DAGs
[2025-01-24T12:01:54.469+0000] {logging_mixin.py:120} INFO - [2025-01-24T12:01:54.469+0000] {dag.py:3340} INFO - Setting next_dagrun for example_sla_dag to 2025-01-24T11:58:00+00:00, run_after=2025-01-24T12:00:00+00:00
[2025-01-24T12:01:54.495+0000] {processor.py:176} INFO - Processing /home/airflow/.local/lib/python3.7/site-packages/airflow/example_dags/example_sla_dag.py took 0.151 seconds
[2025-01-24T12:02:24.664+0000] {processor.py:154} INFO - Started process (PID=1299) to work on /home/airflow/.local/lib/python3.7/site-packages/airflow/example_dags/example_sla_dag.py
[2025-01-24T12:02:24.666+0000] {processor.py:756} INFO - Processing file /home/airflow/.local/lib/python3.7/site-packages/airflow/example_dags/example_sla_dag.py for tasks to queue
[2025-01-24T12:02:24.667+0000] {logging_mixin.py:120} INFO - [2025-01-24T12:02:24.667+0000] {dagbag.py:537} INFO - Filling up the DagBag from /home/airflow/.local/lib/python3.7/site-packages/airflow/example_dags/example_sla_dag.py
[2025-01-24T12:02:24.710+0000] {processor.py:766} INFO - DAG(s) dict_keys(['example_sla_dag']) retrieved from /home/airflow/.local/lib/python3.7/site-packages/airflow/example_dags/example_sla_dag.py
[2025-01-24T12:02:24.771+0000] {logging_mixin.py:120} INFO - [2025-01-24T12:02:24.771+0000] {dag.py:2585} INFO - Sync 1 DAGs
[2025-01-24T12:02:24.822+0000] {logging_mixin.py:120} INFO - [2025-01-24T12:02:24.821+0000] {dag.py:3340} INFO - Setting next_dagrun for example_sla_dag to 2025-01-24T12:00:00+00:00, run_after=2025-01-24T12:02:00+00:00
[2025-01-24T12:02:24.855+0000] {processor.py:176} INFO - Processing /home/airflow/.local/lib/python3.7/site-packages/airflow/example_dags/example_sla_dag.py took 0.197 seconds
[2025-01-24T12:02:54.935+0000] {processor.py:154} INFO - Started process (PID=1362) to work on /home/airflow/.local/lib/python3.7/site-packages/airflow/example_dags/example_sla_dag.py
[2025-01-24T12:02:54.936+0000] {processor.py:756} INFO - Processing file /home/airflow/.local/lib/python3.7/site-packages/airflow/example_dags/example_sla_dag.py for tasks to queue
[2025-01-24T12:02:54.937+0000] {logging_mixin.py:120} INFO - [2025-01-24T12:02:54.937+0000] {dagbag.py:537} INFO - Filling up the DagBag from /home/airflow/.local/lib/python3.7/site-packages/airflow/example_dags/example_sla_dag.py
[2025-01-24T12:02:54.964+0000] {processor.py:766} INFO - DAG(s) dict_keys(['example_sla_dag']) retrieved from /home/airflow/.local/lib/python3.7/site-packages/airflow/example_dags/example_sla_dag.py
[2025-01-24T12:02:55.013+0000] {logging_mixin.py:120} INFO - [2025-01-24T12:02:55.013+0000] {dag.py:2585} INFO - Sync 1 DAGs
[2025-01-24T12:02:55.047+0000] {logging_mixin.py:120} INFO - [2025-01-24T12:02:55.046+0000] {dag.py:3340} INFO - Setting next_dagrun for example_sla_dag to 2025-01-24T12:00:00+00:00, run_after=2025-01-24T12:02:00+00:00
[2025-01-24T12:02:55.070+0000] {processor.py:176} INFO - Processing /home/airflow/.local/lib/python3.7/site-packages/airflow/example_dags/example_sla_dag.py took 0.140 seconds
[2025-01-24T12:03:25.272+0000] {processor.py:154} INFO - Started process (PID=1417) to work on /home/airflow/.local/lib/python3.7/site-packages/airflow/example_dags/example_sla_dag.py
[2025-01-24T12:03:25.273+0000] {processor.py:756} INFO - Processing file /home/airflow/.local/lib/python3.7/site-packages/airflow/example_dags/example_sla_dag.py for tasks to queue
[2025-01-24T12:03:25.274+0000] {logging_mixin.py:120} INFO - [2025-01-24T12:03:25.274+0000] {dagbag.py:537} INFO - Filling up the DagBag from /home/airflow/.local/lib/python3.7/site-packages/airflow/example_dags/example_sla_dag.py
[2025-01-24T12:03:25.299+0000] {processor.py:766} INFO - DAG(s) dict_keys(['example_sla_dag']) retrieved from /home/airflow/.local/lib/python3.7/site-packages/airflow/example_dags/example_sla_dag.py
[2025-01-24T12:03:25.345+0000] {logging_mixin.py:120} INFO - [2025-01-24T12:03:25.345+0000] {dag.py:2585} INFO - Sync 1 DAGs
[2025-01-24T12:03:25.379+0000] {logging_mixin.py:120} INFO - [2025-01-24T12:03:25.378+0000] {dag.py:3340} INFO - Setting next_dagrun for example_sla_dag to 2025-01-24T12:00:00+00:00, run_after=2025-01-24T12:02:00+00:00
[2025-01-24T12:03:25.414+0000] {processor.py:176} INFO - Processing /home/airflow/.local/lib/python3.7/site-packages/airflow/example_dags/example_sla_dag.py took 0.146 seconds
[2025-01-24T12:03:55.643+0000] {processor.py:154} INFO - Started process (PID=1481) to work on /home/airflow/.local/lib/python3.7/site-packages/airflow/example_dags/example_sla_dag.py
[2025-01-24T12:03:55.645+0000] {processor.py:756} INFO - Processing file /home/airflow/.local/lib/python3.7/site-packages/airflow/example_dags/example_sla_dag.py for tasks to queue
[2025-01-24T12:03:55.645+0000] {logging_mixin.py:120} INFO - [2025-01-24T12:03:55.645+0000] {dagbag.py:537} INFO - Filling up the DagBag from /home/airflow/.local/lib/python3.7/site-packages/airflow/example_dags/example_sla_dag.py
[2025-01-24T12:03:55.680+0000] {processor.py:766} INFO - DAG(s) dict_keys(['example_sla_dag']) retrieved from /home/airflow/.local/lib/python3.7/site-packages/airflow/example_dags/example_sla_dag.py
[2025-01-24T12:03:55.735+0000] {logging_mixin.py:120} INFO - [2025-01-24T12:03:55.735+0000] {dag.py:2585} INFO - Sync 1 DAGs
[2025-01-24T12:03:55.766+0000] {logging_mixin.py:120} INFO - [2025-01-24T12:03:55.766+0000] {dag.py:3340} INFO - Setting next_dagrun for example_sla_dag to 2025-01-24T12:00:00+00:00, run_after=2025-01-24T12:02:00+00:00
[2025-01-24T12:03:55.803+0000] {processor.py:176} INFO - Processing /home/airflow/.local/lib/python3.7/site-packages/airflow/example_dags/example_sla_dag.py took 0.164 seconds
[2025-01-24T12:04:26.577+0000] {processor.py:154} INFO - Started process (PID=1536) to work on /home/airflow/.local/lib/python3.7/site-packages/airflow/example_dags/example_sla_dag.py
[2025-01-24T12:04:26.578+0000] {processor.py:756} INFO - Processing file /home/airflow/.local/lib/python3.7/site-packages/airflow/example_dags/example_sla_dag.py for tasks to queue
[2025-01-24T12:04:26.579+0000] {logging_mixin.py:120} INFO - [2025-01-24T12:04:26.579+0000] {dagbag.py:537} INFO - Filling up the DagBag from /home/airflow/.local/lib/python3.7/site-packages/airflow/example_dags/example_sla_dag.py
[2025-01-24T12:04:26.615+0000] {processor.py:766} INFO - DAG(s) dict_keys(['example_sla_dag']) retrieved from /home/airflow/.local/lib/python3.7/site-packages/airflow/example_dags/example_sla_dag.py
[2025-01-24T12:04:26.690+0000] {logging_mixin.py:120} INFO - [2025-01-24T12:04:26.690+0000] {dag.py:2585} INFO - Sync 1 DAGs
[2025-01-24T12:04:26.750+0000] {logging_mixin.py:120} INFO - [2025-01-24T12:04:26.750+0000] {dag.py:3340} INFO - Setting next_dagrun for example_sla_dag to 2025-01-24T12:02:00+00:00, run_after=2025-01-24T12:04:00+00:00
[2025-01-24T12:04:26.801+0000] {processor.py:176} INFO - Processing /home/airflow/.local/lib/python3.7/site-packages/airflow/example_dags/example_sla_dag.py took 0.229 seconds
[2025-01-24T12:04:56.935+0000] {processor.py:154} INFO - Started process (PID=1600) to work on /home/airflow/.local/lib/python3.7/site-packages/airflow/example_dags/example_sla_dag.py
[2025-01-24T12:04:56.936+0000] {processor.py:756} INFO - Processing file /home/airflow/.local/lib/python3.7/site-packages/airflow/example_dags/example_sla_dag.py for tasks to queue
[2025-01-24T12:04:56.937+0000] {logging_mixin.py:120} INFO - [2025-01-24T12:04:56.937+0000] {dagbag.py:537} INFO - Filling up the DagBag from /home/airflow/.local/lib/python3.7/site-packages/airflow/example_dags/example_sla_dag.py
[2025-01-24T12:04:56.970+0000] {processor.py:766} INFO - DAG(s) dict_keys(['example_sla_dag']) retrieved from /home/airflow/.local/lib/python3.7/site-packages/airflow/example_dags/example_sla_dag.py
[2025-01-24T12:04:57.031+0000] {logging_mixin.py:120} INFO - [2025-01-24T12:04:57.031+0000] {dag.py:2585} INFO - Sync 1 DAGs
[2025-01-24T12:04:57.068+0000] {logging_mixin.py:120} INFO - [2025-01-24T12:04:57.068+0000] {dag.py:3340} INFO - Setting next_dagrun for example_sla_dag to 2025-01-24T12:02:00+00:00, run_after=2025-01-24T12:04:00+00:00
[2025-01-24T12:04:57.105+0000] {processor.py:176} INFO - Processing /home/airflow/.local/lib/python3.7/site-packages/airflow/example_dags/example_sla_dag.py took 0.174 seconds
[2025-01-24T12:05:27.267+0000] {processor.py:154} INFO - Started process (PID=1664) to work on /home/airflow/.local/lib/python3.7/site-packages/airflow/example_dags/example_sla_dag.py
[2025-01-24T12:05:27.269+0000] {processor.py:756} INFO - Processing file /home/airflow/.local/lib/python3.7/site-packages/airflow/example_dags/example_sla_dag.py for tasks to queue
[2025-01-24T12:05:27.270+0000] {logging_mixin.py:120} INFO - [2025-01-24T12:05:27.270+0000] {dagbag.py:537} INFO - Filling up the DagBag from /home/airflow/.local/lib/python3.7/site-packages/airflow/example_dags/example_sla_dag.py
[2025-01-24T12:05:27.315+0000] {processor.py:766} INFO - DAG(s) dict_keys(['example_sla_dag']) retrieved from /home/airflow/.local/lib/python3.7/site-packages/airflow/example_dags/example_sla_dag.py
[2025-01-24T12:05:27.397+0000] {logging_mixin.py:120} INFO - [2025-01-24T12:05:27.396+0000] {dag.py:2585} INFO - Sync 1 DAGs
[2025-01-24T12:05:27.454+0000] {logging_mixin.py:120} INFO - [2025-01-24T12:05:27.454+0000] {dag.py:3340} INFO - Setting next_dagrun for example_sla_dag to 2025-01-24T12:02:00+00:00, run_after=2025-01-24T12:04:00+00:00
[2025-01-24T12:05:27.506+0000] {processor.py:176} INFO - Processing /home/airflow/.local/lib/python3.7/site-packages/airflow/example_dags/example_sla_dag.py took 0.244 seconds
[2025-01-24T12:05:57.542+0000] {processor.py:154} INFO - Started process (PID=1718) to work on /home/airflow/.local/lib/python3.7/site-packages/airflow/example_dags/example_sla_dag.py
[2025-01-24T12:05:57.543+0000] {processor.py:756} INFO - Processing file /home/airflow/.local/lib/python3.7/site-packages/airflow/example_dags/example_sla_dag.py for tasks to queue
[2025-01-24T12:05:57.544+0000] {logging_mixin.py:120} INFO - [2025-01-24T12:05:57.544+0000] {dagbag.py:537} INFO - Filling up the DagBag from /home/airflow/.local/lib/python3.7/site-packages/airflow/example_dags/example_sla_dag.py
[2025-01-24T12:05:57.575+0000] {processor.py:766} INFO - DAG(s) dict_keys(['example_sla_dag']) retrieved from /home/airflow/.local/lib/python3.7/site-packages/airflow/example_dags/example_sla_dag.py
[2025-01-24T12:05:57.647+0000] {logging_mixin.py:120} INFO - [2025-01-24T12:05:57.646+0000] {dag.py:2585} INFO - Sync 1 DAGs
[2025-01-24T12:05:57.705+0000] {logging_mixin.py:120} INFO - [2025-01-24T12:05:57.704+0000] {dag.py:3340} INFO - Setting next_dagrun for example_sla_dag to 2025-01-24T12:02:00+00:00, run_after=2025-01-24T12:04:00+00:00
[2025-01-24T12:05:57.754+0000] {processor.py:176} INFO - Processing /home/airflow/.local/lib/python3.7/site-packages/airflow/example_dags/example_sla_dag.py took 0.216 seconds
