[2025-01-24T17:06:14.519+0000] {processor.py:154} INFO - Started process (PID=64) to work on /home/airflow/.local/lib/python3.7/site-packages/airflow/example_dags/example_task_group_decorator.py
[2025-01-24T17:06:14.521+0000] {processor.py:756} INFO - Processing file /home/airflow/.local/lib/python3.7/site-packages/airflow/example_dags/example_task_group_decorator.py for tasks to queue
[2025-01-24T17:06:14.522+0000] {logging_mixin.py:120} INFO - [2025-01-24T17:06:14.521+0000] {dagbag.py:537} INFO - Filling up the DagBag from /home/airflow/.local/lib/python3.7/site-packages/airflow/example_dags/example_task_group_decorator.py
[2025-01-24T17:06:14.579+0000] {processor.py:766} INFO - DAG(s) dict_keys(['example_task_group_decorator']) retrieved from /home/airflow/.local/lib/python3.7/site-packages/airflow/example_dags/example_task_group_decorator.py
[2025-01-24T17:06:14.651+0000] {logging_mixin.py:120} INFO - [2025-01-24T17:06:14.650+0000] {dag.py:2585} INFO - Sync 1 DAGs
[2025-01-24T17:06:14.702+0000] {logging_mixin.py:120} INFO - [2025-01-24T17:06:14.702+0000] {dag.py:3340} INFO - Setting next_dagrun for example_task_group_decorator to 2025-01-23T17:06:14.702021+00:00, run_after=2025-01-24T17:06:14.702021+00:00
[2025-01-24T17:06:14.754+0000] {processor.py:176} INFO - Processing /home/airflow/.local/lib/python3.7/site-packages/airflow/example_dags/example_task_group_decorator.py took 0.239 seconds
[2025-01-24T11:52:07.549+0000] {processor.py:154} INFO - Started process (PID=64) to work on /home/airflow/.local/lib/python3.7/site-packages/airflow/example_dags/example_task_group_decorator.py
[2025-01-24T11:52:07.551+0000] {processor.py:756} INFO - Processing file /home/airflow/.local/lib/python3.7/site-packages/airflow/example_dags/example_task_group_decorator.py for tasks to queue
[2025-01-24T11:52:07.553+0000] {logging_mixin.py:120} INFO - [2025-01-24T11:52:07.552+0000] {dagbag.py:537} INFO - Filling up the DagBag from /home/airflow/.local/lib/python3.7/site-packages/airflow/example_dags/example_task_group_decorator.py
[2025-01-24T11:52:07.657+0000] {processor.py:766} INFO - DAG(s) dict_keys(['example_task_group_decorator']) retrieved from /home/airflow/.local/lib/python3.7/site-packages/airflow/example_dags/example_task_group_decorator.py
[2025-01-24T11:52:07.785+0000] {logging_mixin.py:120} INFO - [2025-01-24T11:52:07.785+0000] {dag.py:2585} INFO - Sync 1 DAGs
[2025-01-24T11:52:07.839+0000] {logging_mixin.py:120} INFO - [2025-01-24T11:52:07.838+0000] {dag.py:3340} INFO - Setting next_dagrun for example_task_group_decorator to 2025-01-23T11:52:07.838398+00:00, run_after=2025-01-24T11:52:07.838398+00:00
[2025-01-24T11:52:07.887+0000] {processor.py:176} INFO - Processing /home/airflow/.local/lib/python3.7/site-packages/airflow/example_dags/example_task_group_decorator.py took 0.348 seconds
[2025-01-24T11:52:37.991+0000] {processor.py:154} INFO - Started process (PID=128) to work on /home/airflow/.local/lib/python3.7/site-packages/airflow/example_dags/example_task_group_decorator.py
[2025-01-24T11:52:37.993+0000] {processor.py:756} INFO - Processing file /home/airflow/.local/lib/python3.7/site-packages/airflow/example_dags/example_task_group_decorator.py for tasks to queue
[2025-01-24T11:52:37.994+0000] {logging_mixin.py:120} INFO - [2025-01-24T11:52:37.994+0000] {dagbag.py:537} INFO - Filling up the DagBag from /home/airflow/.local/lib/python3.7/site-packages/airflow/example_dags/example_task_group_decorator.py
[2025-01-24T11:52:38.057+0000] {processor.py:766} INFO - DAG(s) dict_keys(['example_task_group_decorator']) retrieved from /home/airflow/.local/lib/python3.7/site-packages/airflow/example_dags/example_task_group_decorator.py
[2025-01-24T11:52:38.148+0000] {logging_mixin.py:120} INFO - [2025-01-24T11:52:38.148+0000] {dag.py:2585} INFO - Sync 1 DAGs
[2025-01-24T11:52:38.197+0000] {logging_mixin.py:120} INFO - [2025-01-24T11:52:38.196+0000] {dag.py:3340} INFO - Setting next_dagrun for example_task_group_decorator to 2025-01-23T11:52:38.196517+00:00, run_after=2025-01-24T11:52:38.196517+00:00
[2025-01-24T11:52:38.248+0000] {processor.py:176} INFO - Processing /home/airflow/.local/lib/python3.7/site-packages/airflow/example_dags/example_task_group_decorator.py took 0.264 seconds
[2025-01-24T11:53:09.020+0000] {processor.py:154} INFO - Started process (PID=184) to work on /home/airflow/.local/lib/python3.7/site-packages/airflow/example_dags/example_task_group_decorator.py
[2025-01-24T11:53:09.021+0000] {processor.py:756} INFO - Processing file /home/airflow/.local/lib/python3.7/site-packages/airflow/example_dags/example_task_group_decorator.py for tasks to queue
[2025-01-24T11:53:09.022+0000] {logging_mixin.py:120} INFO - [2025-01-24T11:53:09.022+0000] {dagbag.py:537} INFO - Filling up the DagBag from /home/airflow/.local/lib/python3.7/site-packages/airflow/example_dags/example_task_group_decorator.py
[2025-01-24T11:53:09.065+0000] {processor.py:766} INFO - DAG(s) dict_keys(['example_task_group_decorator']) retrieved from /home/airflow/.local/lib/python3.7/site-packages/airflow/example_dags/example_task_group_decorator.py
[2025-01-24T11:53:09.130+0000] {logging_mixin.py:120} INFO - [2025-01-24T11:53:09.130+0000] {dag.py:2585} INFO - Sync 1 DAGs
[2025-01-24T11:53:09.168+0000] {logging_mixin.py:120} INFO - [2025-01-24T11:53:09.168+0000] {dag.py:3340} INFO - Setting next_dagrun for example_task_group_decorator to 2025-01-23T11:53:09.167801+00:00, run_after=2025-01-24T11:53:09.167801+00:00
[2025-01-24T11:53:09.213+0000] {processor.py:176} INFO - Processing /home/airflow/.local/lib/python3.7/site-packages/airflow/example_dags/example_task_group_decorator.py took 0.199 seconds
[2025-01-24T11:53:39.411+0000] {processor.py:154} INFO - Started process (PID=248) to work on /home/airflow/.local/lib/python3.7/site-packages/airflow/example_dags/example_task_group_decorator.py
[2025-01-24T11:53:39.413+0000] {processor.py:756} INFO - Processing file /home/airflow/.local/lib/python3.7/site-packages/airflow/example_dags/example_task_group_decorator.py for tasks to queue
[2025-01-24T11:53:39.414+0000] {logging_mixin.py:120} INFO - [2025-01-24T11:53:39.414+0000] {dagbag.py:537} INFO - Filling up the DagBag from /home/airflow/.local/lib/python3.7/site-packages/airflow/example_dags/example_task_group_decorator.py
[2025-01-24T11:53:39.457+0000] {processor.py:766} INFO - DAG(s) dict_keys(['example_task_group_decorator']) retrieved from /home/airflow/.local/lib/python3.7/site-packages/airflow/example_dags/example_task_group_decorator.py
[2025-01-24T11:53:39.531+0000] {logging_mixin.py:120} INFO - [2025-01-24T11:53:39.531+0000] {dag.py:2585} INFO - Sync 1 DAGs
[2025-01-24T11:53:39.581+0000] {logging_mixin.py:120} INFO - [2025-01-24T11:53:39.581+0000] {dag.py:3340} INFO - Setting next_dagrun for example_task_group_decorator to 2025-01-23T11:53:39.581018+00:00, run_after=2025-01-24T11:53:39.581018+00:00
[2025-01-24T11:53:39.634+0000] {processor.py:176} INFO - Processing /home/airflow/.local/lib/python3.7/site-packages/airflow/example_dags/example_task_group_decorator.py took 0.227 seconds
[2025-01-24T11:54:10.413+0000] {processor.py:154} INFO - Started process (PID=303) to work on /home/airflow/.local/lib/python3.7/site-packages/airflow/example_dags/example_task_group_decorator.py
[2025-01-24T11:54:10.415+0000] {processor.py:756} INFO - Processing file /home/airflow/.local/lib/python3.7/site-packages/airflow/example_dags/example_task_group_decorator.py for tasks to queue
[2025-01-24T11:54:10.416+0000] {logging_mixin.py:120} INFO - [2025-01-24T11:54:10.416+0000] {dagbag.py:537} INFO - Filling up the DagBag from /home/airflow/.local/lib/python3.7/site-packages/airflow/example_dags/example_task_group_decorator.py
[2025-01-24T11:54:10.471+0000] {processor.py:766} INFO - DAG(s) dict_keys(['example_task_group_decorator']) retrieved from /home/airflow/.local/lib/python3.7/site-packages/airflow/example_dags/example_task_group_decorator.py
[2025-01-24T11:54:10.544+0000] {logging_mixin.py:120} INFO - [2025-01-24T11:54:10.543+0000] {dag.py:2585} INFO - Sync 1 DAGs
[2025-01-24T11:54:10.595+0000] {logging_mixin.py:120} INFO - [2025-01-24T11:54:10.595+0000] {dag.py:3340} INFO - Setting next_dagrun for example_task_group_decorator to 2025-01-23T11:54:10.594443+00:00, run_after=2025-01-24T11:54:10.594443+00:00
[2025-01-24T11:54:10.639+0000] {processor.py:176} INFO - Processing /home/airflow/.local/lib/python3.7/site-packages/airflow/example_dags/example_task_group_decorator.py took 0.232 seconds
[2025-01-24T11:54:41.028+0000] {processor.py:154} INFO - Started process (PID=367) to work on /home/airflow/.local/lib/python3.7/site-packages/airflow/example_dags/example_task_group_decorator.py
[2025-01-24T11:54:41.031+0000] {processor.py:756} INFO - Processing file /home/airflow/.local/lib/python3.7/site-packages/airflow/example_dags/example_task_group_decorator.py for tasks to queue
[2025-01-24T11:54:41.032+0000] {logging_mixin.py:120} INFO - [2025-01-24T11:54:41.032+0000] {dagbag.py:537} INFO - Filling up the DagBag from /home/airflow/.local/lib/python3.7/site-packages/airflow/example_dags/example_task_group_decorator.py
[2025-01-24T11:54:41.077+0000] {processor.py:766} INFO - DAG(s) dict_keys(['example_task_group_decorator']) retrieved from /home/airflow/.local/lib/python3.7/site-packages/airflow/example_dags/example_task_group_decorator.py
[2025-01-24T11:54:41.149+0000] {logging_mixin.py:120} INFO - [2025-01-24T11:54:41.148+0000] {dag.py:2585} INFO - Sync 1 DAGs
[2025-01-24T11:54:41.202+0000] {logging_mixin.py:120} INFO - [2025-01-24T11:54:41.201+0000] {dag.py:3340} INFO - Setting next_dagrun for example_task_group_decorator to 2025-01-23T11:54:41.201371+00:00, run_after=2025-01-24T11:54:41.201371+00:00
[2025-01-24T11:54:41.253+0000] {processor.py:176} INFO - Processing /home/airflow/.local/lib/python3.7/site-packages/airflow/example_dags/example_task_group_decorator.py took 0.230 seconds
[2025-01-24T11:55:11.797+0000] {processor.py:154} INFO - Started process (PID=422) to work on /home/airflow/.local/lib/python3.7/site-packages/airflow/example_dags/example_task_group_decorator.py
[2025-01-24T11:55:11.801+0000] {processor.py:756} INFO - Processing file /home/airflow/.local/lib/python3.7/site-packages/airflow/example_dags/example_task_group_decorator.py for tasks to queue
[2025-01-24T11:55:11.802+0000] {logging_mixin.py:120} INFO - [2025-01-24T11:55:11.801+0000] {dagbag.py:537} INFO - Filling up the DagBag from /home/airflow/.local/lib/python3.7/site-packages/airflow/example_dags/example_task_group_decorator.py
[2025-01-24T11:55:11.843+0000] {processor.py:766} INFO - DAG(s) dict_keys(['example_task_group_decorator']) retrieved from /home/airflow/.local/lib/python3.7/site-packages/airflow/example_dags/example_task_group_decorator.py
[2025-01-24T11:55:11.908+0000] {logging_mixin.py:120} INFO - [2025-01-24T11:55:11.908+0000] {dag.py:2585} INFO - Sync 1 DAGs
[2025-01-24T11:55:11.952+0000] {logging_mixin.py:120} INFO - [2025-01-24T11:55:11.951+0000] {dag.py:3340} INFO - Setting next_dagrun for example_task_group_decorator to 2025-01-23T11:55:11.951359+00:00, run_after=2025-01-24T11:55:11.951359+00:00
[2025-01-24T11:55:11.988+0000] {processor.py:176} INFO - Processing /home/airflow/.local/lib/python3.7/site-packages/airflow/example_dags/example_task_group_decorator.py took 0.196 seconds
[2025-01-24T11:55:42.565+0000] {processor.py:154} INFO - Started process (PID=486) to work on /home/airflow/.local/lib/python3.7/site-packages/airflow/example_dags/example_task_group_decorator.py
[2025-01-24T11:55:42.566+0000] {processor.py:756} INFO - Processing file /home/airflow/.local/lib/python3.7/site-packages/airflow/example_dags/example_task_group_decorator.py for tasks to queue
[2025-01-24T11:55:42.567+0000] {logging_mixin.py:120} INFO - [2025-01-24T11:55:42.567+0000] {dagbag.py:537} INFO - Filling up the DagBag from /home/airflow/.local/lib/python3.7/site-packages/airflow/example_dags/example_task_group_decorator.py
[2025-01-24T11:55:42.606+0000] {processor.py:766} INFO - DAG(s) dict_keys(['example_task_group_decorator']) retrieved from /home/airflow/.local/lib/python3.7/site-packages/airflow/example_dags/example_task_group_decorator.py
[2025-01-24T11:55:42.668+0000] {logging_mixin.py:120} INFO - [2025-01-24T11:55:42.668+0000] {dag.py:2585} INFO - Sync 1 DAGs
[2025-01-24T11:55:42.704+0000] {logging_mixin.py:120} INFO - [2025-01-24T11:55:42.703+0000] {dag.py:3340} INFO - Setting next_dagrun for example_task_group_decorator to 2025-01-23T11:55:42.703476+00:00, run_after=2025-01-24T11:55:42.703476+00:00
[2025-01-24T11:55:42.743+0000] {processor.py:176} INFO - Processing /home/airflow/.local/lib/python3.7/site-packages/airflow/example_dags/example_task_group_decorator.py took 0.184 seconds
[2025-01-24T11:56:12.933+0000] {processor.py:154} INFO - Started process (PID=542) to work on /home/airflow/.local/lib/python3.7/site-packages/airflow/example_dags/example_task_group_decorator.py
[2025-01-24T11:56:12.937+0000] {processor.py:756} INFO - Processing file /home/airflow/.local/lib/python3.7/site-packages/airflow/example_dags/example_task_group_decorator.py for tasks to queue
[2025-01-24T11:56:12.938+0000] {logging_mixin.py:120} INFO - [2025-01-24T11:56:12.937+0000] {dagbag.py:537} INFO - Filling up the DagBag from /home/airflow/.local/lib/python3.7/site-packages/airflow/example_dags/example_task_group_decorator.py
[2025-01-24T11:56:12.976+0000] {processor.py:766} INFO - DAG(s) dict_keys(['example_task_group_decorator']) retrieved from /home/airflow/.local/lib/python3.7/site-packages/airflow/example_dags/example_task_group_decorator.py
[2025-01-24T11:56:13.041+0000] {logging_mixin.py:120} INFO - [2025-01-24T11:56:13.041+0000] {dag.py:2585} INFO - Sync 1 DAGs
[2025-01-24T11:56:13.081+0000] {logging_mixin.py:120} INFO - [2025-01-24T11:56:13.080+0000] {dag.py:3340} INFO - Setting next_dagrun for example_task_group_decorator to 2025-01-23T11:56:13.080370+00:00, run_after=2025-01-24T11:56:13.080370+00:00
[2025-01-24T11:56:13.127+0000] {processor.py:176} INFO - Processing /home/airflow/.local/lib/python3.7/site-packages/airflow/example_dags/example_task_group_decorator.py took 0.198 seconds
[2025-01-24T11:56:43.483+0000] {processor.py:154} INFO - Started process (PID=606) to work on /home/airflow/.local/lib/python3.7/site-packages/airflow/example_dags/example_task_group_decorator.py
[2025-01-24T11:56:43.486+0000] {processor.py:756} INFO - Processing file /home/airflow/.local/lib/python3.7/site-packages/airflow/example_dags/example_task_group_decorator.py for tasks to queue
[2025-01-24T11:56:43.487+0000] {logging_mixin.py:120} INFO - [2025-01-24T11:56:43.487+0000] {dagbag.py:537} INFO - Filling up the DagBag from /home/airflow/.local/lib/python3.7/site-packages/airflow/example_dags/example_task_group_decorator.py
[2025-01-24T11:56:43.529+0000] {processor.py:766} INFO - DAG(s) dict_keys(['example_task_group_decorator']) retrieved from /home/airflow/.local/lib/python3.7/site-packages/airflow/example_dags/example_task_group_decorator.py
[2025-01-24T11:56:43.596+0000] {logging_mixin.py:120} INFO - [2025-01-24T11:56:43.596+0000] {dag.py:2585} INFO - Sync 1 DAGs
[2025-01-24T11:56:43.647+0000] {logging_mixin.py:120} INFO - [2025-01-24T11:56:43.647+0000] {dag.py:3340} INFO - Setting next_dagrun for example_task_group_decorator to 2025-01-23T11:56:43.647270+00:00, run_after=2025-01-24T11:56:43.647270+00:00
[2025-01-24T11:56:43.698+0000] {processor.py:176} INFO - Processing /home/airflow/.local/lib/python3.7/site-packages/airflow/example_dags/example_task_group_decorator.py took 0.220 seconds
[2025-01-24T11:57:14.287+0000] {processor.py:154} INFO - Started process (PID=670) to work on /home/airflow/.local/lib/python3.7/site-packages/airflow/example_dags/example_task_group_decorator.py
[2025-01-24T11:57:14.288+0000] {processor.py:756} INFO - Processing file /home/airflow/.local/lib/python3.7/site-packages/airflow/example_dags/example_task_group_decorator.py for tasks to queue
[2025-01-24T11:57:14.289+0000] {logging_mixin.py:120} INFO - [2025-01-24T11:57:14.289+0000] {dagbag.py:537} INFO - Filling up the DagBag from /home/airflow/.local/lib/python3.7/site-packages/airflow/example_dags/example_task_group_decorator.py
[2025-01-24T11:57:14.332+0000] {processor.py:766} INFO - DAG(s) dict_keys(['example_task_group_decorator']) retrieved from /home/airflow/.local/lib/python3.7/site-packages/airflow/example_dags/example_task_group_decorator.py
[2025-01-24T11:57:14.402+0000] {logging_mixin.py:120} INFO - [2025-01-24T11:57:14.401+0000] {dag.py:2585} INFO - Sync 1 DAGs
[2025-01-24T11:57:14.447+0000] {logging_mixin.py:120} INFO - [2025-01-24T11:57:14.447+0000] {dag.py:3340} INFO - Setting next_dagrun for example_task_group_decorator to 2025-01-23T11:57:14.447091+00:00, run_after=2025-01-24T11:57:14.447091+00:00
[2025-01-24T11:57:14.486+0000] {processor.py:176} INFO - Processing /home/airflow/.local/lib/python3.7/site-packages/airflow/example_dags/example_task_group_decorator.py took 0.206 seconds
[2025-01-24T11:57:44.779+0000] {processor.py:154} INFO - Started process (PID=725) to work on /home/airflow/.local/lib/python3.7/site-packages/airflow/example_dags/example_task_group_decorator.py
[2025-01-24T11:57:44.781+0000] {processor.py:756} INFO - Processing file /home/airflow/.local/lib/python3.7/site-packages/airflow/example_dags/example_task_group_decorator.py for tasks to queue
[2025-01-24T11:57:44.782+0000] {logging_mixin.py:120} INFO - [2025-01-24T11:57:44.782+0000] {dagbag.py:537} INFO - Filling up the DagBag from /home/airflow/.local/lib/python3.7/site-packages/airflow/example_dags/example_task_group_decorator.py
[2025-01-24T11:57:44.843+0000] {processor.py:766} INFO - DAG(s) dict_keys(['example_task_group_decorator']) retrieved from /home/airflow/.local/lib/python3.7/site-packages/airflow/example_dags/example_task_group_decorator.py
[2025-01-24T11:57:44.918+0000] {logging_mixin.py:120} INFO - [2025-01-24T11:57:44.917+0000] {dag.py:2585} INFO - Sync 1 DAGs
[2025-01-24T11:57:44.958+0000] {logging_mixin.py:120} INFO - [2025-01-24T11:57:44.958+0000] {dag.py:3340} INFO - Setting next_dagrun for example_task_group_decorator to 2025-01-23T11:57:44.957854+00:00, run_after=2025-01-24T11:57:44.957854+00:00
[2025-01-24T11:57:44.993+0000] {processor.py:176} INFO - Processing /home/airflow/.local/lib/python3.7/site-packages/airflow/example_dags/example_task_group_decorator.py took 0.220 seconds
[2025-01-24T11:58:15.149+0000] {processor.py:154} INFO - Started process (PID=790) to work on /home/airflow/.local/lib/python3.7/site-packages/airflow/example_dags/example_task_group_decorator.py
[2025-01-24T11:58:15.151+0000] {processor.py:756} INFO - Processing file /home/airflow/.local/lib/python3.7/site-packages/airflow/example_dags/example_task_group_decorator.py for tasks to queue
[2025-01-24T11:58:15.152+0000] {logging_mixin.py:120} INFO - [2025-01-24T11:58:15.151+0000] {dagbag.py:537} INFO - Filling up the DagBag from /home/airflow/.local/lib/python3.7/site-packages/airflow/example_dags/example_task_group_decorator.py
[2025-01-24T11:58:15.191+0000] {processor.py:766} INFO - DAG(s) dict_keys(['example_task_group_decorator']) retrieved from /home/airflow/.local/lib/python3.7/site-packages/airflow/example_dags/example_task_group_decorator.py
[2025-01-24T11:58:15.256+0000] {logging_mixin.py:120} INFO - [2025-01-24T11:58:15.255+0000] {dag.py:2585} INFO - Sync 1 DAGs
[2025-01-24T11:58:15.290+0000] {logging_mixin.py:120} INFO - [2025-01-24T11:58:15.290+0000] {dag.py:3340} INFO - Setting next_dagrun for example_task_group_decorator to 2025-01-23T11:58:15.289761+00:00, run_after=2025-01-24T11:58:15.289761+00:00
[2025-01-24T11:58:15.332+0000] {processor.py:176} INFO - Processing /home/airflow/.local/lib/python3.7/site-packages/airflow/example_dags/example_task_group_decorator.py took 0.189 seconds
[2025-01-24T11:58:45.806+0000] {processor.py:154} INFO - Started process (PID=854) to work on /home/airflow/.local/lib/python3.7/site-packages/airflow/example_dags/example_task_group_decorator.py
[2025-01-24T11:58:45.809+0000] {processor.py:756} INFO - Processing file /home/airflow/.local/lib/python3.7/site-packages/airflow/example_dags/example_task_group_decorator.py for tasks to queue
[2025-01-24T11:58:45.810+0000] {logging_mixin.py:120} INFO - [2025-01-24T11:58:45.810+0000] {dagbag.py:537} INFO - Filling up the DagBag from /home/airflow/.local/lib/python3.7/site-packages/airflow/example_dags/example_task_group_decorator.py
[2025-01-24T11:58:45.850+0000] {processor.py:766} INFO - DAG(s) dict_keys(['example_task_group_decorator']) retrieved from /home/airflow/.local/lib/python3.7/site-packages/airflow/example_dags/example_task_group_decorator.py
[2025-01-24T11:58:45.915+0000] {logging_mixin.py:120} INFO - [2025-01-24T11:58:45.915+0000] {dag.py:2585} INFO - Sync 1 DAGs
[2025-01-24T11:58:45.960+0000] {logging_mixin.py:120} INFO - [2025-01-24T11:58:45.960+0000] {dag.py:3340} INFO - Setting next_dagrun for example_task_group_decorator to 2025-01-23T11:58:45.960233+00:00, run_after=2025-01-24T11:58:45.960233+00:00
[2025-01-24T11:58:46.007+0000] {processor.py:176} INFO - Processing /home/airflow/.local/lib/python3.7/site-packages/airflow/example_dags/example_task_group_decorator.py took 0.206 seconds
[2025-01-24T11:59:16.157+0000] {processor.py:154} INFO - Started process (PID=909) to work on /home/airflow/.local/lib/python3.7/site-packages/airflow/example_dags/example_task_group_decorator.py
[2025-01-24T11:59:16.164+0000] {processor.py:756} INFO - Processing file /home/airflow/.local/lib/python3.7/site-packages/airflow/example_dags/example_task_group_decorator.py for tasks to queue
[2025-01-24T11:59:16.165+0000] {logging_mixin.py:120} INFO - [2025-01-24T11:59:16.165+0000] {dagbag.py:537} INFO - Filling up the DagBag from /home/airflow/.local/lib/python3.7/site-packages/airflow/example_dags/example_task_group_decorator.py
[2025-01-24T11:59:16.204+0000] {processor.py:766} INFO - DAG(s) dict_keys(['example_task_group_decorator']) retrieved from /home/airflow/.local/lib/python3.7/site-packages/airflow/example_dags/example_task_group_decorator.py
[2025-01-24T11:59:16.264+0000] {logging_mixin.py:120} INFO - [2025-01-24T11:59:16.264+0000] {dag.py:2585} INFO - Sync 1 DAGs
[2025-01-24T11:59:16.311+0000] {logging_mixin.py:120} INFO - [2025-01-24T11:59:16.310+0000] {dag.py:3340} INFO - Setting next_dagrun for example_task_group_decorator to 2025-01-23T11:59:16.310482+00:00, run_after=2025-01-24T11:59:16.310482+00:00
[2025-01-24T11:59:16.356+0000] {processor.py:176} INFO - Processing /home/airflow/.local/lib/python3.7/site-packages/airflow/example_dags/example_task_group_decorator.py took 0.203 seconds
[2025-01-24T11:59:46.552+0000] {processor.py:154} INFO - Started process (PID=973) to work on /home/airflow/.local/lib/python3.7/site-packages/airflow/example_dags/example_task_group_decorator.py
[2025-01-24T11:59:46.555+0000] {processor.py:756} INFO - Processing file /home/airflow/.local/lib/python3.7/site-packages/airflow/example_dags/example_task_group_decorator.py for tasks to queue
[2025-01-24T11:59:46.556+0000] {logging_mixin.py:120} INFO - [2025-01-24T11:59:46.556+0000] {dagbag.py:537} INFO - Filling up the DagBag from /home/airflow/.local/lib/python3.7/site-packages/airflow/example_dags/example_task_group_decorator.py
[2025-01-24T11:59:46.596+0000] {processor.py:766} INFO - DAG(s) dict_keys(['example_task_group_decorator']) retrieved from /home/airflow/.local/lib/python3.7/site-packages/airflow/example_dags/example_task_group_decorator.py
[2025-01-24T11:59:46.662+0000] {logging_mixin.py:120} INFO - [2025-01-24T11:59:46.662+0000] {dag.py:2585} INFO - Sync 1 DAGs
[2025-01-24T11:59:46.697+0000] {logging_mixin.py:120} INFO - [2025-01-24T11:59:46.697+0000] {dag.py:3340} INFO - Setting next_dagrun for example_task_group_decorator to 2025-01-23T11:59:46.696844+00:00, run_after=2025-01-24T11:59:46.696844+00:00
[2025-01-24T11:59:46.742+0000] {processor.py:176} INFO - Processing /home/airflow/.local/lib/python3.7/site-packages/airflow/example_dags/example_task_group_decorator.py took 0.195 seconds
[2025-01-24T12:00:16.875+0000] {processor.py:154} INFO - Started process (PID=1028) to work on /home/airflow/.local/lib/python3.7/site-packages/airflow/example_dags/example_task_group_decorator.py
[2025-01-24T12:00:16.875+0000] {processor.py:756} INFO - Processing file /home/airflow/.local/lib/python3.7/site-packages/airflow/example_dags/example_task_group_decorator.py for tasks to queue
[2025-01-24T12:00:16.876+0000] {logging_mixin.py:120} INFO - [2025-01-24T12:00:16.876+0000] {dagbag.py:537} INFO - Filling up the DagBag from /home/airflow/.local/lib/python3.7/site-packages/airflow/example_dags/example_task_group_decorator.py
[2025-01-24T12:00:16.915+0000] {processor.py:766} INFO - DAG(s) dict_keys(['example_task_group_decorator']) retrieved from /home/airflow/.local/lib/python3.7/site-packages/airflow/example_dags/example_task_group_decorator.py
[2025-01-24T12:00:16.983+0000] {logging_mixin.py:120} INFO - [2025-01-24T12:00:16.982+0000] {dag.py:2585} INFO - Sync 1 DAGs
[2025-01-24T12:00:17.031+0000] {logging_mixin.py:120} INFO - [2025-01-24T12:00:17.030+0000] {dag.py:3340} INFO - Setting next_dagrun for example_task_group_decorator to 2025-01-23T12:00:17.029947+00:00, run_after=2025-01-24T12:00:17.029947+00:00
[2025-01-24T12:00:17.086+0000] {processor.py:176} INFO - Processing /home/airflow/.local/lib/python3.7/site-packages/airflow/example_dags/example_task_group_decorator.py took 0.216 seconds
[2025-01-24T12:00:47.302+0000] {processor.py:154} INFO - Started process (PID=1092) to work on /home/airflow/.local/lib/python3.7/site-packages/airflow/example_dags/example_task_group_decorator.py
[2025-01-24T12:00:47.305+0000] {processor.py:756} INFO - Processing file /home/airflow/.local/lib/python3.7/site-packages/airflow/example_dags/example_task_group_decorator.py for tasks to queue
[2025-01-24T12:00:47.306+0000] {logging_mixin.py:120} INFO - [2025-01-24T12:00:47.306+0000] {dagbag.py:537} INFO - Filling up the DagBag from /home/airflow/.local/lib/python3.7/site-packages/airflow/example_dags/example_task_group_decorator.py
[2025-01-24T12:00:47.347+0000] {processor.py:766} INFO - DAG(s) dict_keys(['example_task_group_decorator']) retrieved from /home/airflow/.local/lib/python3.7/site-packages/airflow/example_dags/example_task_group_decorator.py
[2025-01-24T12:00:47.409+0000] {logging_mixin.py:120} INFO - [2025-01-24T12:00:47.409+0000] {dag.py:2585} INFO - Sync 1 DAGs
[2025-01-24T12:00:47.450+0000] {logging_mixin.py:120} INFO - [2025-01-24T12:00:47.449+0000] {dag.py:3340} INFO - Setting next_dagrun for example_task_group_decorator to 2025-01-23T12:00:47.449348+00:00, run_after=2025-01-24T12:00:47.449348+00:00
[2025-01-24T12:00:47.492+0000] {processor.py:176} INFO - Processing /home/airflow/.local/lib/python3.7/site-packages/airflow/example_dags/example_task_group_decorator.py took 0.195 seconds
[2025-01-24T12:01:17.652+0000] {processor.py:154} INFO - Started process (PID=1157) to work on /home/airflow/.local/lib/python3.7/site-packages/airflow/example_dags/example_task_group_decorator.py
[2025-01-24T12:01:17.653+0000] {processor.py:756} INFO - Processing file /home/airflow/.local/lib/python3.7/site-packages/airflow/example_dags/example_task_group_decorator.py for tasks to queue
[2025-01-24T12:01:17.654+0000] {logging_mixin.py:120} INFO - [2025-01-24T12:01:17.654+0000] {dagbag.py:537} INFO - Filling up the DagBag from /home/airflow/.local/lib/python3.7/site-packages/airflow/example_dags/example_task_group_decorator.py
[2025-01-24T12:01:17.693+0000] {processor.py:766} INFO - DAG(s) dict_keys(['example_task_group_decorator']) retrieved from /home/airflow/.local/lib/python3.7/site-packages/airflow/example_dags/example_task_group_decorator.py
[2025-01-24T12:01:17.756+0000] {logging_mixin.py:120} INFO - [2025-01-24T12:01:17.756+0000] {dag.py:2585} INFO - Sync 1 DAGs
[2025-01-24T12:01:17.800+0000] {logging_mixin.py:120} INFO - [2025-01-24T12:01:17.800+0000] {dag.py:3340} INFO - Setting next_dagrun for example_task_group_decorator to 2025-01-23T12:01:17.799635+00:00, run_after=2025-01-24T12:01:17.799635+00:00
[2025-01-24T12:01:17.835+0000] {processor.py:176} INFO - Processing /home/airflow/.local/lib/python3.7/site-packages/airflow/example_dags/example_task_group_decorator.py took 0.188 seconds
[2025-01-24T12:01:48.619+0000] {processor.py:154} INFO - Started process (PID=1213) to work on /home/airflow/.local/lib/python3.7/site-packages/airflow/example_dags/example_task_group_decorator.py
[2025-01-24T12:01:48.620+0000] {processor.py:756} INFO - Processing file /home/airflow/.local/lib/python3.7/site-packages/airflow/example_dags/example_task_group_decorator.py for tasks to queue
[2025-01-24T12:01:48.621+0000] {logging_mixin.py:120} INFO - [2025-01-24T12:01:48.620+0000] {dagbag.py:537} INFO - Filling up the DagBag from /home/airflow/.local/lib/python3.7/site-packages/airflow/example_dags/example_task_group_decorator.py
[2025-01-24T12:01:48.660+0000] {processor.py:766} INFO - DAG(s) dict_keys(['example_task_group_decorator']) retrieved from /home/airflow/.local/lib/python3.7/site-packages/airflow/example_dags/example_task_group_decorator.py
[2025-01-24T12:01:48.726+0000] {logging_mixin.py:120} INFO - [2025-01-24T12:01:48.725+0000] {dag.py:2585} INFO - Sync 1 DAGs
[2025-01-24T12:01:48.772+0000] {logging_mixin.py:120} INFO - [2025-01-24T12:01:48.772+0000] {dag.py:3340} INFO - Setting next_dagrun for example_task_group_decorator to 2025-01-23T12:01:48.771874+00:00, run_after=2025-01-24T12:01:48.771874+00:00
[2025-01-24T12:01:48.804+0000] {processor.py:176} INFO - Processing /home/airflow/.local/lib/python3.7/site-packages/airflow/example_dags/example_task_group_decorator.py took 0.190 seconds
[2025-01-24T12:02:19.245+0000] {processor.py:154} INFO - Started process (PID=1277) to work on /home/airflow/.local/lib/python3.7/site-packages/airflow/example_dags/example_task_group_decorator.py
[2025-01-24T12:02:19.246+0000] {processor.py:756} INFO - Processing file /home/airflow/.local/lib/python3.7/site-packages/airflow/example_dags/example_task_group_decorator.py for tasks to queue
[2025-01-24T12:02:19.247+0000] {logging_mixin.py:120} INFO - [2025-01-24T12:02:19.247+0000] {dagbag.py:537} INFO - Filling up the DagBag from /home/airflow/.local/lib/python3.7/site-packages/airflow/example_dags/example_task_group_decorator.py
[2025-01-24T12:02:19.293+0000] {processor.py:766} INFO - DAG(s) dict_keys(['example_task_group_decorator']) retrieved from /home/airflow/.local/lib/python3.7/site-packages/airflow/example_dags/example_task_group_decorator.py
[2025-01-24T12:02:19.365+0000] {logging_mixin.py:120} INFO - [2025-01-24T12:02:19.365+0000] {dag.py:2585} INFO - Sync 1 DAGs
[2025-01-24T12:02:19.412+0000] {logging_mixin.py:120} INFO - [2025-01-24T12:02:19.412+0000] {dag.py:3340} INFO - Setting next_dagrun for example_task_group_decorator to 2025-01-23T12:02:19.411766+00:00, run_after=2025-01-24T12:02:19.411766+00:00
[2025-01-24T12:02:19.459+0000] {processor.py:176} INFO - Processing /home/airflow/.local/lib/python3.7/site-packages/airflow/example_dags/example_task_group_decorator.py took 0.217 seconds
[2025-01-24T12:02:49.973+0000] {processor.py:154} INFO - Started process (PID=1332) to work on /home/airflow/.local/lib/python3.7/site-packages/airflow/example_dags/example_task_group_decorator.py
[2025-01-24T12:02:49.974+0000] {processor.py:756} INFO - Processing file /home/airflow/.local/lib/python3.7/site-packages/airflow/example_dags/example_task_group_decorator.py for tasks to queue
[2025-01-24T12:02:49.975+0000] {logging_mixin.py:120} INFO - [2025-01-24T12:02:49.974+0000] {dagbag.py:537} INFO - Filling up the DagBag from /home/airflow/.local/lib/python3.7/site-packages/airflow/example_dags/example_task_group_decorator.py
[2025-01-24T12:02:50.018+0000] {processor.py:766} INFO - DAG(s) dict_keys(['example_task_group_decorator']) retrieved from /home/airflow/.local/lib/python3.7/site-packages/airflow/example_dags/example_task_group_decorator.py
[2025-01-24T12:02:50.081+0000] {logging_mixin.py:120} INFO - [2025-01-24T12:02:50.080+0000] {dag.py:2585} INFO - Sync 1 DAGs
[2025-01-24T12:02:50.122+0000] {logging_mixin.py:120} INFO - [2025-01-24T12:02:50.122+0000] {dag.py:3340} INFO - Setting next_dagrun for example_task_group_decorator to 2025-01-23T12:02:50.121738+00:00, run_after=2025-01-24T12:02:50.121738+00:00
[2025-01-24T12:02:50.165+0000] {processor.py:176} INFO - Processing /home/airflow/.local/lib/python3.7/site-packages/airflow/example_dags/example_task_group_decorator.py took 0.197 seconds
[2025-01-24T12:03:21.018+0000] {processor.py:154} INFO - Started process (PID=1396) to work on /home/airflow/.local/lib/python3.7/site-packages/airflow/example_dags/example_task_group_decorator.py
[2025-01-24T12:03:21.019+0000] {processor.py:756} INFO - Processing file /home/airflow/.local/lib/python3.7/site-packages/airflow/example_dags/example_task_group_decorator.py for tasks to queue
[2025-01-24T12:03:21.020+0000] {logging_mixin.py:120} INFO - [2025-01-24T12:03:21.020+0000] {dagbag.py:537} INFO - Filling up the DagBag from /home/airflow/.local/lib/python3.7/site-packages/airflow/example_dags/example_task_group_decorator.py
[2025-01-24T12:03:21.051+0000] {processor.py:766} INFO - DAG(s) dict_keys(['example_task_group_decorator']) retrieved from /home/airflow/.local/lib/python3.7/site-packages/airflow/example_dags/example_task_group_decorator.py
[2025-01-24T12:03:21.098+0000] {logging_mixin.py:120} INFO - [2025-01-24T12:03:21.098+0000] {dag.py:2585} INFO - Sync 1 DAGs
[2025-01-24T12:03:21.133+0000] {logging_mixin.py:120} INFO - [2025-01-24T12:03:21.132+0000] {dag.py:3340} INFO - Setting next_dagrun for example_task_group_decorator to 2025-01-23T12:03:21.132375+00:00, run_after=2025-01-24T12:03:21.132375+00:00
[2025-01-24T12:03:21.161+0000] {processor.py:176} INFO - Processing /home/airflow/.local/lib/python3.7/site-packages/airflow/example_dags/example_task_group_decorator.py took 0.147 seconds
[2025-01-24T12:03:51.428+0000] {processor.py:154} INFO - Started process (PID=1460) to work on /home/airflow/.local/lib/python3.7/site-packages/airflow/example_dags/example_task_group_decorator.py
[2025-01-24T12:03:51.430+0000] {processor.py:756} INFO - Processing file /home/airflow/.local/lib/python3.7/site-packages/airflow/example_dags/example_task_group_decorator.py for tasks to queue
[2025-01-24T12:03:51.431+0000] {logging_mixin.py:120} INFO - [2025-01-24T12:03:51.431+0000] {dagbag.py:537} INFO - Filling up the DagBag from /home/airflow/.local/lib/python3.7/site-packages/airflow/example_dags/example_task_group_decorator.py
[2025-01-24T12:03:51.487+0000] {processor.py:766} INFO - DAG(s) dict_keys(['example_task_group_decorator']) retrieved from /home/airflow/.local/lib/python3.7/site-packages/airflow/example_dags/example_task_group_decorator.py
[2025-01-24T12:03:51.564+0000] {logging_mixin.py:120} INFO - [2025-01-24T12:03:51.564+0000] {dag.py:2585} INFO - Sync 1 DAGs
[2025-01-24T12:03:51.611+0000] {logging_mixin.py:120} INFO - [2025-01-24T12:03:51.611+0000] {dag.py:3340} INFO - Setting next_dagrun for example_task_group_decorator to 2025-01-23T12:03:51.610471+00:00, run_after=2025-01-24T12:03:51.610471+00:00
[2025-01-24T12:03:51.656+0000] {processor.py:176} INFO - Processing /home/airflow/.local/lib/python3.7/site-packages/airflow/example_dags/example_task_group_decorator.py took 0.234 seconds
[2025-01-24T12:04:22.427+0000] {processor.py:154} INFO - Started process (PID=1515) to work on /home/airflow/.local/lib/python3.7/site-packages/airflow/example_dags/example_task_group_decorator.py
[2025-01-24T12:04:22.428+0000] {processor.py:756} INFO - Processing file /home/airflow/.local/lib/python3.7/site-packages/airflow/example_dags/example_task_group_decorator.py for tasks to queue
[2025-01-24T12:04:22.428+0000] {logging_mixin.py:120} INFO - [2025-01-24T12:04:22.428+0000] {dagbag.py:537} INFO - Filling up the DagBag from /home/airflow/.local/lib/python3.7/site-packages/airflow/example_dags/example_task_group_decorator.py
[2025-01-24T12:04:22.460+0000] {processor.py:766} INFO - DAG(s) dict_keys(['example_task_group_decorator']) retrieved from /home/airflow/.local/lib/python3.7/site-packages/airflow/example_dags/example_task_group_decorator.py
[2025-01-24T12:04:22.509+0000] {logging_mixin.py:120} INFO - [2025-01-24T12:04:22.509+0000] {dag.py:2585} INFO - Sync 1 DAGs
[2025-01-24T12:04:22.538+0000] {logging_mixin.py:120} INFO - [2025-01-24T12:04:22.538+0000] {dag.py:3340} INFO - Setting next_dagrun for example_task_group_decorator to 2025-01-23T12:04:22.537906+00:00, run_after=2025-01-24T12:04:22.537906+00:00
[2025-01-24T12:04:22.577+0000] {processor.py:176} INFO - Processing /home/airflow/.local/lib/python3.7/site-packages/airflow/example_dags/example_task_group_decorator.py took 0.155 seconds
[2025-01-24T12:04:52.731+0000] {processor.py:154} INFO - Started process (PID=1579) to work on /home/airflow/.local/lib/python3.7/site-packages/airflow/example_dags/example_task_group_decorator.py
[2025-01-24T12:04:52.732+0000] {processor.py:756} INFO - Processing file /home/airflow/.local/lib/python3.7/site-packages/airflow/example_dags/example_task_group_decorator.py for tasks to queue
[2025-01-24T12:04:52.733+0000] {logging_mixin.py:120} INFO - [2025-01-24T12:04:52.733+0000] {dagbag.py:537} INFO - Filling up the DagBag from /home/airflow/.local/lib/python3.7/site-packages/airflow/example_dags/example_task_group_decorator.py
[2025-01-24T12:04:52.773+0000] {processor.py:766} INFO - DAG(s) dict_keys(['example_task_group_decorator']) retrieved from /home/airflow/.local/lib/python3.7/site-packages/airflow/example_dags/example_task_group_decorator.py
[2025-01-24T12:04:52.832+0000] {logging_mixin.py:120} INFO - [2025-01-24T12:04:52.832+0000] {dag.py:2585} INFO - Sync 1 DAGs
[2025-01-24T12:04:52.870+0000] {logging_mixin.py:120} INFO - [2025-01-24T12:04:52.869+0000] {dag.py:3340} INFO - Setting next_dagrun for example_task_group_decorator to 2025-01-23T12:04:52.869566+00:00, run_after=2025-01-24T12:04:52.869566+00:00
[2025-01-24T12:04:52.906+0000] {processor.py:176} INFO - Processing /home/airflow/.local/lib/python3.7/site-packages/airflow/example_dags/example_task_group_decorator.py took 0.179 seconds
[2025-01-24T12:05:23.329+0000] {processor.py:154} INFO - Started process (PID=1634) to work on /home/airflow/.local/lib/python3.7/site-packages/airflow/example_dags/example_task_group_decorator.py
[2025-01-24T12:05:23.330+0000] {processor.py:756} INFO - Processing file /home/airflow/.local/lib/python3.7/site-packages/airflow/example_dags/example_task_group_decorator.py for tasks to queue
[2025-01-24T12:05:23.331+0000] {logging_mixin.py:120} INFO - [2025-01-24T12:05:23.331+0000] {dagbag.py:537} INFO - Filling up the DagBag from /home/airflow/.local/lib/python3.7/site-packages/airflow/example_dags/example_task_group_decorator.py
[2025-01-24T12:05:23.376+0000] {processor.py:766} INFO - DAG(s) dict_keys(['example_task_group_decorator']) retrieved from /home/airflow/.local/lib/python3.7/site-packages/airflow/example_dags/example_task_group_decorator.py
[2025-01-24T12:05:23.462+0000] {logging_mixin.py:120} INFO - [2025-01-24T12:05:23.462+0000] {dag.py:2585} INFO - Sync 1 DAGs
[2025-01-24T12:05:23.525+0000] {logging_mixin.py:120} INFO - [2025-01-24T12:05:23.524+0000] {dag.py:3340} INFO - Setting next_dagrun for example_task_group_decorator to 2025-01-23T12:05:23.524201+00:00, run_after=2025-01-24T12:05:23.524201+00:00
[2025-01-24T12:05:23.582+0000] {processor.py:176} INFO - Processing /home/airflow/.local/lib/python3.7/site-packages/airflow/example_dags/example_task_group_decorator.py took 0.258 seconds
[2025-01-24T12:05:54.067+0000] {processor.py:154} INFO - Started process (PID=1698) to work on /home/airflow/.local/lib/python3.7/site-packages/airflow/example_dags/example_task_group_decorator.py
[2025-01-24T12:05:54.069+0000] {processor.py:756} INFO - Processing file /home/airflow/.local/lib/python3.7/site-packages/airflow/example_dags/example_task_group_decorator.py for tasks to queue
[2025-01-24T12:05:54.069+0000] {logging_mixin.py:120} INFO - [2025-01-24T12:05:54.069+0000] {dagbag.py:537} INFO - Filling up the DagBag from /home/airflow/.local/lib/python3.7/site-packages/airflow/example_dags/example_task_group_decorator.py
[2025-01-24T12:05:54.114+0000] {processor.py:766} INFO - DAG(s) dict_keys(['example_task_group_decorator']) retrieved from /home/airflow/.local/lib/python3.7/site-packages/airflow/example_dags/example_task_group_decorator.py
[2025-01-24T12:05:54.188+0000] {logging_mixin.py:120} INFO - [2025-01-24T12:05:54.188+0000] {dag.py:2585} INFO - Sync 1 DAGs
[2025-01-24T12:05:54.228+0000] {logging_mixin.py:120} INFO - [2025-01-24T12:05:54.228+0000] {dag.py:3340} INFO - Setting next_dagrun for example_task_group_decorator to 2025-01-23T12:05:54.228354+00:00, run_after=2025-01-24T12:05:54.228354+00:00
[2025-01-24T12:05:54.258+0000] {processor.py:176} INFO - Processing /home/airflow/.local/lib/python3.7/site-packages/airflow/example_dags/example_task_group_decorator.py took 0.195 seconds
[2025-01-24T12:06:25.026+0000] {processor.py:154} INFO - Started process (PID=1753) to work on /home/airflow/.local/lib/python3.7/site-packages/airflow/example_dags/example_task_group_decorator.py
[2025-01-24T12:06:25.027+0000] {processor.py:756} INFO - Processing file /home/airflow/.local/lib/python3.7/site-packages/airflow/example_dags/example_task_group_decorator.py for tasks to queue
[2025-01-24T12:06:25.028+0000] {logging_mixin.py:120} INFO - [2025-01-24T12:06:25.028+0000] {dagbag.py:537} INFO - Filling up the DagBag from /home/airflow/.local/lib/python3.7/site-packages/airflow/example_dags/example_task_group_decorator.py
[2025-01-24T12:06:25.071+0000] {processor.py:766} INFO - DAG(s) dict_keys(['example_task_group_decorator']) retrieved from /home/airflow/.local/lib/python3.7/site-packages/airflow/example_dags/example_task_group_decorator.py
[2025-01-24T12:06:25.133+0000] {logging_mixin.py:120} INFO - [2025-01-24T12:06:25.133+0000] {dag.py:2585} INFO - Sync 1 DAGs
[2025-01-24T12:06:25.167+0000] {logging_mixin.py:120} INFO - [2025-01-24T12:06:25.167+0000] {dag.py:3340} INFO - Setting next_dagrun for example_task_group_decorator to 2025-01-23T12:06:25.167194+00:00, run_after=2025-01-24T12:06:25.167194+00:00
[2025-01-24T12:06:25.214+0000] {processor.py:176} INFO - Processing /home/airflow/.local/lib/python3.7/site-packages/airflow/example_dags/example_task_group_decorator.py took 0.194 seconds
