[2025-01-24T17:06:15.453+0000] {processor.py:154} INFO - Started process (PID=72) to work on /home/airflow/.local/lib/python3.7/site-packages/airflow/example_dags/example_branch_labels.py
[2025-01-24T17:06:15.454+0000] {processor.py:756} INFO - Processing file /home/airflow/.local/lib/python3.7/site-packages/airflow/example_dags/example_branch_labels.py for tasks to queue
[2025-01-24T17:06:15.456+0000] {logging_mixin.py:120} INFO - [2025-01-24T17:06:15.455+0000] {dagbag.py:537} INFO - Filling up the DagBag from /home/airflow/.local/lib/python3.7/site-packages/airflow/example_dags/example_branch_labels.py
[2025-01-24T17:06:15.481+0000] {processor.py:766} INFO - DAG(s) dict_keys(['example_branch_labels']) retrieved from /home/airflow/.local/lib/python3.7/site-packages/airflow/example_dags/example_branch_labels.py
[2025-01-24T17:06:15.549+0000] {logging_mixin.py:120} INFO - [2025-01-24T17:06:15.548+0000] {dag.py:2585} INFO - Sync 1 DAGs
[2025-01-24T17:06:15.592+0000] {logging_mixin.py:120} INFO - [2025-01-24T17:06:15.592+0000] {dag.py:3340} INFO - Setting next_dagrun for example_branch_labels to 2025-01-23T00:00:00+00:00, run_after=2025-01-24T00:00:00+00:00
[2025-01-24T17:06:15.629+0000] {processor.py:176} INFO - Processing /home/airflow/.local/lib/python3.7/site-packages/airflow/example_dags/example_branch_labels.py took 0.182 seconds
[2025-01-24T11:52:08.748+0000] {processor.py:154} INFO - Started process (PID=72) to work on /home/airflow/.local/lib/python3.7/site-packages/airflow/example_dags/example_branch_labels.py
[2025-01-24T11:52:08.749+0000] {processor.py:756} INFO - Processing file /home/airflow/.local/lib/python3.7/site-packages/airflow/example_dags/example_branch_labels.py for tasks to queue
[2025-01-24T11:52:08.751+0000] {logging_mixin.py:120} INFO - [2025-01-24T11:52:08.751+0000] {dagbag.py:537} INFO - Filling up the DagBag from /home/airflow/.local/lib/python3.7/site-packages/airflow/example_dags/example_branch_labels.py
[2025-01-24T11:52:08.791+0000] {processor.py:766} INFO - DAG(s) dict_keys(['example_branch_labels']) retrieved from /home/airflow/.local/lib/python3.7/site-packages/airflow/example_dags/example_branch_labels.py
[2025-01-24T11:52:08.870+0000] {logging_mixin.py:120} INFO - [2025-01-24T11:52:08.869+0000] {dag.py:2585} INFO - Sync 1 DAGs
[2025-01-24T11:52:08.933+0000] {logging_mixin.py:120} INFO - [2025-01-24T11:52:08.933+0000] {dag.py:3340} INFO - Setting next_dagrun for example_branch_labels to 2025-01-23T00:00:00+00:00, run_after=2025-01-24T00:00:00+00:00
[2025-01-24T11:52:08.976+0000] {processor.py:176} INFO - Processing /home/airflow/.local/lib/python3.7/site-packages/airflow/example_dags/example_branch_labels.py took 0.235 seconds
[2025-01-24T11:52:39.315+0000] {processor.py:154} INFO - Started process (PID=136) to work on /home/airflow/.local/lib/python3.7/site-packages/airflow/example_dags/example_branch_labels.py
[2025-01-24T11:52:39.317+0000] {processor.py:756} INFO - Processing file /home/airflow/.local/lib/python3.7/site-packages/airflow/example_dags/example_branch_labels.py for tasks to queue
[2025-01-24T11:52:39.318+0000] {logging_mixin.py:120} INFO - [2025-01-24T11:52:39.318+0000] {dagbag.py:537} INFO - Filling up the DagBag from /home/airflow/.local/lib/python3.7/site-packages/airflow/example_dags/example_branch_labels.py
[2025-01-24T11:52:39.347+0000] {processor.py:766} INFO - DAG(s) dict_keys(['example_branch_labels']) retrieved from /home/airflow/.local/lib/python3.7/site-packages/airflow/example_dags/example_branch_labels.py
[2025-01-24T11:52:39.431+0000] {logging_mixin.py:120} INFO - [2025-01-24T11:52:39.430+0000] {dag.py:2585} INFO - Sync 1 DAGs
[2025-01-24T11:52:39.492+0000] {logging_mixin.py:120} INFO - [2025-01-24T11:52:39.492+0000] {dag.py:3340} INFO - Setting next_dagrun for example_branch_labels to 2025-01-23T00:00:00+00:00, run_after=2025-01-24T00:00:00+00:00
[2025-01-24T11:52:39.551+0000] {processor.py:176} INFO - Processing /home/airflow/.local/lib/python3.7/site-packages/airflow/example_dags/example_branch_labels.py took 0.245 seconds
[2025-01-24T11:53:10.046+0000] {processor.py:154} INFO - Started process (PID=192) to work on /home/airflow/.local/lib/python3.7/site-packages/airflow/example_dags/example_branch_labels.py
[2025-01-24T11:53:10.048+0000] {processor.py:756} INFO - Processing file /home/airflow/.local/lib/python3.7/site-packages/airflow/example_dags/example_branch_labels.py for tasks to queue
[2025-01-24T11:53:10.048+0000] {logging_mixin.py:120} INFO - [2025-01-24T11:53:10.048+0000] {dagbag.py:537} INFO - Filling up the DagBag from /home/airflow/.local/lib/python3.7/site-packages/airflow/example_dags/example_branch_labels.py
[2025-01-24T11:53:10.070+0000] {processor.py:766} INFO - DAG(s) dict_keys(['example_branch_labels']) retrieved from /home/airflow/.local/lib/python3.7/site-packages/airflow/example_dags/example_branch_labels.py
[2025-01-24T11:53:10.130+0000] {logging_mixin.py:120} INFO - [2025-01-24T11:53:10.129+0000] {dag.py:2585} INFO - Sync 1 DAGs
[2025-01-24T11:53:10.173+0000] {logging_mixin.py:120} INFO - [2025-01-24T11:53:10.172+0000] {dag.py:3340} INFO - Setting next_dagrun for example_branch_labels to 2025-01-23T00:00:00+00:00, run_after=2025-01-24T00:00:00+00:00
[2025-01-24T11:53:10.211+0000] {processor.py:176} INFO - Processing /home/airflow/.local/lib/python3.7/site-packages/airflow/example_dags/example_branch_labels.py took 0.168 seconds
[2025-01-24T11:53:40.726+0000] {processor.py:154} INFO - Started process (PID=256) to work on /home/airflow/.local/lib/python3.7/site-packages/airflow/example_dags/example_branch_labels.py
[2025-01-24T11:53:40.727+0000] {processor.py:756} INFO - Processing file /home/airflow/.local/lib/python3.7/site-packages/airflow/example_dags/example_branch_labels.py for tasks to queue
[2025-01-24T11:53:40.727+0000] {logging_mixin.py:120} INFO - [2025-01-24T11:53:40.727+0000] {dagbag.py:537} INFO - Filling up the DagBag from /home/airflow/.local/lib/python3.7/site-packages/airflow/example_dags/example_branch_labels.py
[2025-01-24T11:53:40.745+0000] {processor.py:766} INFO - DAG(s) dict_keys(['example_branch_labels']) retrieved from /home/airflow/.local/lib/python3.7/site-packages/airflow/example_dags/example_branch_labels.py
[2025-01-24T11:53:40.803+0000] {logging_mixin.py:120} INFO - [2025-01-24T11:53:40.802+0000] {dag.py:2585} INFO - Sync 1 DAGs
[2025-01-24T11:53:40.836+0000] {logging_mixin.py:120} INFO - [2025-01-24T11:53:40.836+0000] {dag.py:3340} INFO - Setting next_dagrun for example_branch_labels to 2025-01-23T00:00:00+00:00, run_after=2025-01-24T00:00:00+00:00
[2025-01-24T11:53:40.861+0000] {processor.py:176} INFO - Processing /home/airflow/.local/lib/python3.7/site-packages/airflow/example_dags/example_branch_labels.py took 0.139 seconds
[2025-01-24T11:54:11.353+0000] {processor.py:154} INFO - Started process (PID=311) to work on /home/airflow/.local/lib/python3.7/site-packages/airflow/example_dags/example_branch_labels.py
[2025-01-24T11:54:11.354+0000] {processor.py:756} INFO - Processing file /home/airflow/.local/lib/python3.7/site-packages/airflow/example_dags/example_branch_labels.py for tasks to queue
[2025-01-24T11:54:11.355+0000] {logging_mixin.py:120} INFO - [2025-01-24T11:54:11.354+0000] {dagbag.py:537} INFO - Filling up the DagBag from /home/airflow/.local/lib/python3.7/site-packages/airflow/example_dags/example_branch_labels.py
[2025-01-24T11:54:11.377+0000] {processor.py:766} INFO - DAG(s) dict_keys(['example_branch_labels']) retrieved from /home/airflow/.local/lib/python3.7/site-packages/airflow/example_dags/example_branch_labels.py
[2025-01-24T11:54:11.446+0000] {logging_mixin.py:120} INFO - [2025-01-24T11:54:11.445+0000] {dag.py:2585} INFO - Sync 1 DAGs
[2025-01-24T11:54:11.491+0000] {logging_mixin.py:120} INFO - [2025-01-24T11:54:11.491+0000] {dag.py:3340} INFO - Setting next_dagrun for example_branch_labels to 2025-01-23T00:00:00+00:00, run_after=2025-01-24T00:00:00+00:00
[2025-01-24T11:54:11.527+0000] {processor.py:176} INFO - Processing /home/airflow/.local/lib/python3.7/site-packages/airflow/example_dags/example_branch_labels.py took 0.178 seconds
[2025-01-24T11:54:42.340+0000] {processor.py:154} INFO - Started process (PID=375) to work on /home/airflow/.local/lib/python3.7/site-packages/airflow/example_dags/example_branch_labels.py
[2025-01-24T11:54:42.342+0000] {processor.py:756} INFO - Processing file /home/airflow/.local/lib/python3.7/site-packages/airflow/example_dags/example_branch_labels.py for tasks to queue
[2025-01-24T11:54:42.343+0000] {logging_mixin.py:120} INFO - [2025-01-24T11:54:42.343+0000] {dagbag.py:537} INFO - Filling up the DagBag from /home/airflow/.local/lib/python3.7/site-packages/airflow/example_dags/example_branch_labels.py
[2025-01-24T11:54:42.367+0000] {processor.py:766} INFO - DAG(s) dict_keys(['example_branch_labels']) retrieved from /home/airflow/.local/lib/python3.7/site-packages/airflow/example_dags/example_branch_labels.py
[2025-01-24T11:54:42.423+0000] {logging_mixin.py:120} INFO - [2025-01-24T11:54:42.423+0000] {dag.py:2585} INFO - Sync 1 DAGs
[2025-01-24T11:54:42.456+0000] {logging_mixin.py:120} INFO - [2025-01-24T11:54:42.456+0000] {dag.py:3340} INFO - Setting next_dagrun for example_branch_labels to 2025-01-23T00:00:00+00:00, run_after=2025-01-24T00:00:00+00:00
[2025-01-24T11:54:42.485+0000] {processor.py:176} INFO - Processing /home/airflow/.local/lib/python3.7/site-packages/airflow/example_dags/example_branch_labels.py took 0.150 seconds
[2025-01-24T11:55:12.946+0000] {processor.py:154} INFO - Started process (PID=430) to work on /home/airflow/.local/lib/python3.7/site-packages/airflow/example_dags/example_branch_labels.py
[2025-01-24T11:55:12.947+0000] {processor.py:756} INFO - Processing file /home/airflow/.local/lib/python3.7/site-packages/airflow/example_dags/example_branch_labels.py for tasks to queue
[2025-01-24T11:55:12.948+0000] {logging_mixin.py:120} INFO - [2025-01-24T11:55:12.948+0000] {dagbag.py:537} INFO - Filling up the DagBag from /home/airflow/.local/lib/python3.7/site-packages/airflow/example_dags/example_branch_labels.py
[2025-01-24T11:55:12.969+0000] {processor.py:766} INFO - DAG(s) dict_keys(['example_branch_labels']) retrieved from /home/airflow/.local/lib/python3.7/site-packages/airflow/example_dags/example_branch_labels.py
[2025-01-24T11:55:13.029+0000] {logging_mixin.py:120} INFO - [2025-01-24T11:55:13.029+0000] {dag.py:2585} INFO - Sync 1 DAGs
[2025-01-24T11:55:13.070+0000] {logging_mixin.py:120} INFO - [2025-01-24T11:55:13.070+0000] {dag.py:3340} INFO - Setting next_dagrun for example_branch_labels to 2025-01-23T00:00:00+00:00, run_after=2025-01-24T00:00:00+00:00
[2025-01-24T11:55:13.099+0000] {processor.py:176} INFO - Processing /home/airflow/.local/lib/python3.7/site-packages/airflow/example_dags/example_branch_labels.py took 0.157 seconds
[2025-01-24T11:55:43.523+0000] {processor.py:154} INFO - Started process (PID=494) to work on /home/airflow/.local/lib/python3.7/site-packages/airflow/example_dags/example_branch_labels.py
[2025-01-24T11:55:43.525+0000] {processor.py:756} INFO - Processing file /home/airflow/.local/lib/python3.7/site-packages/airflow/example_dags/example_branch_labels.py for tasks to queue
[2025-01-24T11:55:43.527+0000] {logging_mixin.py:120} INFO - [2025-01-24T11:55:43.527+0000] {dagbag.py:537} INFO - Filling up the DagBag from /home/airflow/.local/lib/python3.7/site-packages/airflow/example_dags/example_branch_labels.py
[2025-01-24T11:55:43.550+0000] {processor.py:766} INFO - DAG(s) dict_keys(['example_branch_labels']) retrieved from /home/airflow/.local/lib/python3.7/site-packages/airflow/example_dags/example_branch_labels.py
[2025-01-24T11:55:43.613+0000] {logging_mixin.py:120} INFO - [2025-01-24T11:55:43.613+0000] {dag.py:2585} INFO - Sync 1 DAGs
[2025-01-24T11:55:43.655+0000] {logging_mixin.py:120} INFO - [2025-01-24T11:55:43.655+0000] {dag.py:3340} INFO - Setting next_dagrun for example_branch_labels to 2025-01-23T00:00:00+00:00, run_after=2025-01-24T00:00:00+00:00
[2025-01-24T11:55:43.685+0000] {processor.py:176} INFO - Processing /home/airflow/.local/lib/python3.7/site-packages/airflow/example_dags/example_branch_labels.py took 0.170 seconds
[2025-01-24T11:56:14.075+0000] {processor.py:154} INFO - Started process (PID=559) to work on /home/airflow/.local/lib/python3.7/site-packages/airflow/example_dags/example_branch_labels.py
[2025-01-24T11:56:14.076+0000] {processor.py:756} INFO - Processing file /home/airflow/.local/lib/python3.7/site-packages/airflow/example_dags/example_branch_labels.py for tasks to queue
[2025-01-24T11:56:14.077+0000] {logging_mixin.py:120} INFO - [2025-01-24T11:56:14.077+0000] {dagbag.py:537} INFO - Filling up the DagBag from /home/airflow/.local/lib/python3.7/site-packages/airflow/example_dags/example_branch_labels.py
[2025-01-24T11:56:14.107+0000] {processor.py:766} INFO - DAG(s) dict_keys(['example_branch_labels']) retrieved from /home/airflow/.local/lib/python3.7/site-packages/airflow/example_dags/example_branch_labels.py
[2025-01-24T11:56:14.179+0000] {logging_mixin.py:120} INFO - [2025-01-24T11:56:14.179+0000] {dag.py:2585} INFO - Sync 1 DAGs
[2025-01-24T11:56:14.225+0000] {logging_mixin.py:120} INFO - [2025-01-24T11:56:14.224+0000] {dag.py:3340} INFO - Setting next_dagrun for example_branch_labels to 2025-01-23T00:00:00+00:00, run_after=2025-01-24T00:00:00+00:00
[2025-01-24T11:56:14.263+0000] {processor.py:176} INFO - Processing /home/airflow/.local/lib/python3.7/site-packages/airflow/example_dags/example_branch_labels.py took 0.195 seconds
[2025-01-24T11:56:44.850+0000] {processor.py:154} INFO - Started process (PID=614) to work on /home/airflow/.local/lib/python3.7/site-packages/airflow/example_dags/example_branch_labels.py
[2025-01-24T11:56:44.851+0000] {processor.py:756} INFO - Processing file /home/airflow/.local/lib/python3.7/site-packages/airflow/example_dags/example_branch_labels.py for tasks to queue
[2025-01-24T11:56:44.852+0000] {logging_mixin.py:120} INFO - [2025-01-24T11:56:44.852+0000] {dagbag.py:537} INFO - Filling up the DagBag from /home/airflow/.local/lib/python3.7/site-packages/airflow/example_dags/example_branch_labels.py
[2025-01-24T11:56:44.877+0000] {processor.py:766} INFO - DAG(s) dict_keys(['example_branch_labels']) retrieved from /home/airflow/.local/lib/python3.7/site-packages/airflow/example_dags/example_branch_labels.py
[2025-01-24T11:56:44.945+0000] {logging_mixin.py:120} INFO - [2025-01-24T11:56:44.945+0000] {dag.py:2585} INFO - Sync 1 DAGs
[2025-01-24T11:56:44.988+0000] {logging_mixin.py:120} INFO - [2025-01-24T11:56:44.988+0000] {dag.py:3340} INFO - Setting next_dagrun for example_branch_labels to 2025-01-23T00:00:00+00:00, run_after=2025-01-24T00:00:00+00:00
[2025-01-24T11:56:45.026+0000] {processor.py:176} INFO - Processing /home/airflow/.local/lib/python3.7/site-packages/airflow/example_dags/example_branch_labels.py took 0.183 seconds
[2025-01-24T11:57:15.430+0000] {processor.py:154} INFO - Started process (PID=678) to work on /home/airflow/.local/lib/python3.7/site-packages/airflow/example_dags/example_branch_labels.py
[2025-01-24T11:57:15.431+0000] {processor.py:756} INFO - Processing file /home/airflow/.local/lib/python3.7/site-packages/airflow/example_dags/example_branch_labels.py for tasks to queue
[2025-01-24T11:57:15.431+0000] {logging_mixin.py:120} INFO - [2025-01-24T11:57:15.431+0000] {dagbag.py:537} INFO - Filling up the DagBag from /home/airflow/.local/lib/python3.7/site-packages/airflow/example_dags/example_branch_labels.py
[2025-01-24T11:57:15.451+0000] {processor.py:766} INFO - DAG(s) dict_keys(['example_branch_labels']) retrieved from /home/airflow/.local/lib/python3.7/site-packages/airflow/example_dags/example_branch_labels.py
[2025-01-24T11:57:15.516+0000] {logging_mixin.py:120} INFO - [2025-01-24T11:57:15.515+0000] {dag.py:2585} INFO - Sync 1 DAGs
[2025-01-24T11:57:15.560+0000] {logging_mixin.py:120} INFO - [2025-01-24T11:57:15.560+0000] {dag.py:3340} INFO - Setting next_dagrun for example_branch_labels to 2025-01-23T00:00:00+00:00, run_after=2025-01-24T00:00:00+00:00
[2025-01-24T11:57:15.597+0000] {processor.py:176} INFO - Processing /home/airflow/.local/lib/python3.7/site-packages/airflow/example_dags/example_branch_labels.py took 0.172 seconds
[2025-01-24T11:57:45.730+0000] {processor.py:154} INFO - Started process (PID=733) to work on /home/airflow/.local/lib/python3.7/site-packages/airflow/example_dags/example_branch_labels.py
[2025-01-24T11:57:45.731+0000] {processor.py:756} INFO - Processing file /home/airflow/.local/lib/python3.7/site-packages/airflow/example_dags/example_branch_labels.py for tasks to queue
[2025-01-24T11:57:45.732+0000] {logging_mixin.py:120} INFO - [2025-01-24T11:57:45.731+0000] {dagbag.py:537} INFO - Filling up the DagBag from /home/airflow/.local/lib/python3.7/site-packages/airflow/example_dags/example_branch_labels.py
[2025-01-24T11:57:45.747+0000] {processor.py:766} INFO - DAG(s) dict_keys(['example_branch_labels']) retrieved from /home/airflow/.local/lib/python3.7/site-packages/airflow/example_dags/example_branch_labels.py
[2025-01-24T11:57:45.792+0000] {logging_mixin.py:120} INFO - [2025-01-24T11:57:45.792+0000] {dag.py:2585} INFO - Sync 1 DAGs
[2025-01-24T11:57:45.821+0000] {logging_mixin.py:120} INFO - [2025-01-24T11:57:45.821+0000] {dag.py:3340} INFO - Setting next_dagrun for example_branch_labels to 2025-01-23T00:00:00+00:00, run_after=2025-01-24T00:00:00+00:00
[2025-01-24T11:57:45.843+0000] {processor.py:176} INFO - Processing /home/airflow/.local/lib/python3.7/site-packages/airflow/example_dags/example_branch_labels.py took 0.117 seconds
[2025-01-24T11:58:16.131+0000] {processor.py:154} INFO - Started process (PID=798) to work on /home/airflow/.local/lib/python3.7/site-packages/airflow/example_dags/example_branch_labels.py
[2025-01-24T11:58:16.132+0000] {processor.py:756} INFO - Processing file /home/airflow/.local/lib/python3.7/site-packages/airflow/example_dags/example_branch_labels.py for tasks to queue
[2025-01-24T11:58:16.133+0000] {logging_mixin.py:120} INFO - [2025-01-24T11:58:16.133+0000] {dagbag.py:537} INFO - Filling up the DagBag from /home/airflow/.local/lib/python3.7/site-packages/airflow/example_dags/example_branch_labels.py
[2025-01-24T11:58:16.154+0000] {processor.py:766} INFO - DAG(s) dict_keys(['example_branch_labels']) retrieved from /home/airflow/.local/lib/python3.7/site-packages/airflow/example_dags/example_branch_labels.py
[2025-01-24T11:58:16.218+0000] {logging_mixin.py:120} INFO - [2025-01-24T11:58:16.218+0000] {dag.py:2585} INFO - Sync 1 DAGs
[2025-01-24T11:58:16.258+0000] {logging_mixin.py:120} INFO - [2025-01-24T11:58:16.258+0000] {dag.py:3340} INFO - Setting next_dagrun for example_branch_labels to 2025-01-23T00:00:00+00:00, run_after=2025-01-24T00:00:00+00:00
[2025-01-24T11:58:16.291+0000] {processor.py:176} INFO - Processing /home/airflow/.local/lib/python3.7/site-packages/airflow/example_dags/example_branch_labels.py took 0.163 seconds
[2025-01-24T11:58:46.872+0000] {processor.py:154} INFO - Started process (PID=862) to work on /home/airflow/.local/lib/python3.7/site-packages/airflow/example_dags/example_branch_labels.py
[2025-01-24T11:58:46.874+0000] {processor.py:756} INFO - Processing file /home/airflow/.local/lib/python3.7/site-packages/airflow/example_dags/example_branch_labels.py for tasks to queue
[2025-01-24T11:58:46.875+0000] {logging_mixin.py:120} INFO - [2025-01-24T11:58:46.875+0000] {dagbag.py:537} INFO - Filling up the DagBag from /home/airflow/.local/lib/python3.7/site-packages/airflow/example_dags/example_branch_labels.py
[2025-01-24T11:58:46.906+0000] {processor.py:766} INFO - DAG(s) dict_keys(['example_branch_labels']) retrieved from /home/airflow/.local/lib/python3.7/site-packages/airflow/example_dags/example_branch_labels.py
[2025-01-24T11:58:46.978+0000] {logging_mixin.py:120} INFO - [2025-01-24T11:58:46.978+0000] {dag.py:2585} INFO - Sync 1 DAGs
[2025-01-24T11:58:47.036+0000] {logging_mixin.py:120} INFO - [2025-01-24T11:58:47.036+0000] {dag.py:3340} INFO - Setting next_dagrun for example_branch_labels to 2025-01-23T00:00:00+00:00, run_after=2025-01-24T00:00:00+00:00
[2025-01-24T11:58:47.074+0000] {processor.py:176} INFO - Processing /home/airflow/.local/lib/python3.7/site-packages/airflow/example_dags/example_branch_labels.py took 0.206 seconds
[2025-01-24T11:59:17.208+0000] {processor.py:154} INFO - Started process (PID=917) to work on /home/airflow/.local/lib/python3.7/site-packages/airflow/example_dags/example_branch_labels.py
[2025-01-24T11:59:17.209+0000] {processor.py:756} INFO - Processing file /home/airflow/.local/lib/python3.7/site-packages/airflow/example_dags/example_branch_labels.py for tasks to queue
[2025-01-24T11:59:17.210+0000] {logging_mixin.py:120} INFO - [2025-01-24T11:59:17.210+0000] {dagbag.py:537} INFO - Filling up the DagBag from /home/airflow/.local/lib/python3.7/site-packages/airflow/example_dags/example_branch_labels.py
[2025-01-24T11:59:17.231+0000] {processor.py:766} INFO - DAG(s) dict_keys(['example_branch_labels']) retrieved from /home/airflow/.local/lib/python3.7/site-packages/airflow/example_dags/example_branch_labels.py
[2025-01-24T11:59:17.293+0000] {logging_mixin.py:120} INFO - [2025-01-24T11:59:17.293+0000] {dag.py:2585} INFO - Sync 1 DAGs
[2025-01-24T11:59:17.340+0000] {logging_mixin.py:120} INFO - [2025-01-24T11:59:17.340+0000] {dag.py:3340} INFO - Setting next_dagrun for example_branch_labels to 2025-01-23T00:00:00+00:00, run_after=2025-01-24T00:00:00+00:00
[2025-01-24T11:59:17.378+0000] {processor.py:176} INFO - Processing /home/airflow/.local/lib/python3.7/site-packages/airflow/example_dags/example_branch_labels.py took 0.175 seconds
[2025-01-24T11:59:47.506+0000] {processor.py:154} INFO - Started process (PID=981) to work on /home/airflow/.local/lib/python3.7/site-packages/airflow/example_dags/example_branch_labels.py
[2025-01-24T11:59:47.507+0000] {processor.py:756} INFO - Processing file /home/airflow/.local/lib/python3.7/site-packages/airflow/example_dags/example_branch_labels.py for tasks to queue
[2025-01-24T11:59:47.508+0000] {logging_mixin.py:120} INFO - [2025-01-24T11:59:47.508+0000] {dagbag.py:537} INFO - Filling up the DagBag from /home/airflow/.local/lib/python3.7/site-packages/airflow/example_dags/example_branch_labels.py
[2025-01-24T11:59:47.529+0000] {processor.py:766} INFO - DAG(s) dict_keys(['example_branch_labels']) retrieved from /home/airflow/.local/lib/python3.7/site-packages/airflow/example_dags/example_branch_labels.py
[2025-01-24T11:59:47.591+0000] {logging_mixin.py:120} INFO - [2025-01-24T11:59:47.591+0000] {dag.py:2585} INFO - Sync 1 DAGs
[2025-01-24T11:59:47.639+0000] {logging_mixin.py:120} INFO - [2025-01-24T11:59:47.639+0000] {dag.py:3340} INFO - Setting next_dagrun for example_branch_labels to 2025-01-23T00:00:00+00:00, run_after=2025-01-24T00:00:00+00:00
[2025-01-24T11:59:47.677+0000] {processor.py:176} INFO - Processing /home/airflow/.local/lib/python3.7/site-packages/airflow/example_dags/example_branch_labels.py took 0.176 seconds
[2025-01-24T12:00:17.979+0000] {processor.py:154} INFO - Started process (PID=1036) to work on /home/airflow/.local/lib/python3.7/site-packages/airflow/example_dags/example_branch_labels.py
[2025-01-24T12:00:17.980+0000] {processor.py:756} INFO - Processing file /home/airflow/.local/lib/python3.7/site-packages/airflow/example_dags/example_branch_labels.py for tasks to queue
[2025-01-24T12:00:17.981+0000] {logging_mixin.py:120} INFO - [2025-01-24T12:00:17.981+0000] {dagbag.py:537} INFO - Filling up the DagBag from /home/airflow/.local/lib/python3.7/site-packages/airflow/example_dags/example_branch_labels.py
[2025-01-24T12:00:18.008+0000] {processor.py:766} INFO - DAG(s) dict_keys(['example_branch_labels']) retrieved from /home/airflow/.local/lib/python3.7/site-packages/airflow/example_dags/example_branch_labels.py
[2025-01-24T12:00:18.077+0000] {logging_mixin.py:120} INFO - [2025-01-24T12:00:18.076+0000] {dag.py:2585} INFO - Sync 1 DAGs
[2025-01-24T12:00:18.121+0000] {logging_mixin.py:120} INFO - [2025-01-24T12:00:18.121+0000] {dag.py:3340} INFO - Setting next_dagrun for example_branch_labels to 2025-01-23T00:00:00+00:00, run_after=2025-01-24T00:00:00+00:00
[2025-01-24T12:00:18.158+0000] {processor.py:176} INFO - Processing /home/airflow/.local/lib/python3.7/site-packages/airflow/example_dags/example_branch_labels.py took 0.185 seconds
[2025-01-24T12:00:48.243+0000] {processor.py:154} INFO - Started process (PID=1100) to work on /home/airflow/.local/lib/python3.7/site-packages/airflow/example_dags/example_branch_labels.py
[2025-01-24T12:00:48.244+0000] {processor.py:756} INFO - Processing file /home/airflow/.local/lib/python3.7/site-packages/airflow/example_dags/example_branch_labels.py for tasks to queue
[2025-01-24T12:00:48.245+0000] {logging_mixin.py:120} INFO - [2025-01-24T12:00:48.245+0000] {dagbag.py:537} INFO - Filling up the DagBag from /home/airflow/.local/lib/python3.7/site-packages/airflow/example_dags/example_branch_labels.py
[2025-01-24T12:00:48.262+0000] {processor.py:766} INFO - DAG(s) dict_keys(['example_branch_labels']) retrieved from /home/airflow/.local/lib/python3.7/site-packages/airflow/example_dags/example_branch_labels.py
[2025-01-24T12:00:48.312+0000] {logging_mixin.py:120} INFO - [2025-01-24T12:00:48.311+0000] {dag.py:2585} INFO - Sync 1 DAGs
[2025-01-24T12:00:48.340+0000] {logging_mixin.py:120} INFO - [2025-01-24T12:00:48.340+0000] {dag.py:3340} INFO - Setting next_dagrun for example_branch_labels to 2025-01-23T00:00:00+00:00, run_after=2025-01-24T00:00:00+00:00
[2025-01-24T12:00:48.364+0000] {processor.py:176} INFO - Processing /home/airflow/.local/lib/python3.7/site-packages/airflow/example_dags/example_branch_labels.py took 0.125 seconds
[2025-01-24T12:01:18.497+0000] {processor.py:154} INFO - Started process (PID=1165) to work on /home/airflow/.local/lib/python3.7/site-packages/airflow/example_dags/example_branch_labels.py
[2025-01-24T12:01:18.498+0000] {processor.py:756} INFO - Processing file /home/airflow/.local/lib/python3.7/site-packages/airflow/example_dags/example_branch_labels.py for tasks to queue
[2025-01-24T12:01:18.499+0000] {logging_mixin.py:120} INFO - [2025-01-24T12:01:18.499+0000] {dagbag.py:537} INFO - Filling up the DagBag from /home/airflow/.local/lib/python3.7/site-packages/airflow/example_dags/example_branch_labels.py
[2025-01-24T12:01:18.520+0000] {processor.py:766} INFO - DAG(s) dict_keys(['example_branch_labels']) retrieved from /home/airflow/.local/lib/python3.7/site-packages/airflow/example_dags/example_branch_labels.py
[2025-01-24T12:01:18.576+0000] {logging_mixin.py:120} INFO - [2025-01-24T12:01:18.576+0000] {dag.py:2585} INFO - Sync 1 DAGs
[2025-01-24T12:01:18.612+0000] {logging_mixin.py:120} INFO - [2025-01-24T12:01:18.612+0000] {dag.py:3340} INFO - Setting next_dagrun for example_branch_labels to 2025-01-23T00:00:00+00:00, run_after=2025-01-24T00:00:00+00:00
[2025-01-24T12:01:18.641+0000] {processor.py:176} INFO - Processing /home/airflow/.local/lib/python3.7/site-packages/airflow/example_dags/example_branch_labels.py took 0.150 seconds
[2025-01-24T12:01:49.463+0000] {processor.py:154} INFO - Started process (PID=1221) to work on /home/airflow/.local/lib/python3.7/site-packages/airflow/example_dags/example_branch_labels.py
[2025-01-24T12:01:49.465+0000] {processor.py:756} INFO - Processing file /home/airflow/.local/lib/python3.7/site-packages/airflow/example_dags/example_branch_labels.py for tasks to queue
[2025-01-24T12:01:49.465+0000] {logging_mixin.py:120} INFO - [2025-01-24T12:01:49.465+0000] {dagbag.py:537} INFO - Filling up the DagBag from /home/airflow/.local/lib/python3.7/site-packages/airflow/example_dags/example_branch_labels.py
[2025-01-24T12:01:49.487+0000] {processor.py:766} INFO - DAG(s) dict_keys(['example_branch_labels']) retrieved from /home/airflow/.local/lib/python3.7/site-packages/airflow/example_dags/example_branch_labels.py
[2025-01-24T12:01:49.550+0000] {logging_mixin.py:120} INFO - [2025-01-24T12:01:49.550+0000] {dag.py:2585} INFO - Sync 1 DAGs
[2025-01-24T12:01:49.585+0000] {logging_mixin.py:120} INFO - [2025-01-24T12:01:49.585+0000] {dag.py:3340} INFO - Setting next_dagrun for example_branch_labels to 2025-01-23T00:00:00+00:00, run_after=2025-01-24T00:00:00+00:00
[2025-01-24T12:01:49.611+0000] {processor.py:176} INFO - Processing /home/airflow/.local/lib/python3.7/site-packages/airflow/example_dags/example_branch_labels.py took 0.152 seconds
[2025-01-24T12:02:20.206+0000] {processor.py:154} INFO - Started process (PID=1285) to work on /home/airflow/.local/lib/python3.7/site-packages/airflow/example_dags/example_branch_labels.py
[2025-01-24T12:02:20.207+0000] {processor.py:756} INFO - Processing file /home/airflow/.local/lib/python3.7/site-packages/airflow/example_dags/example_branch_labels.py for tasks to queue
[2025-01-24T12:02:20.208+0000] {logging_mixin.py:120} INFO - [2025-01-24T12:02:20.208+0000] {dagbag.py:537} INFO - Filling up the DagBag from /home/airflow/.local/lib/python3.7/site-packages/airflow/example_dags/example_branch_labels.py
[2025-01-24T12:02:20.228+0000] {processor.py:766} INFO - DAG(s) dict_keys(['example_branch_labels']) retrieved from /home/airflow/.local/lib/python3.7/site-packages/airflow/example_dags/example_branch_labels.py
[2025-01-24T12:02:20.295+0000] {logging_mixin.py:120} INFO - [2025-01-24T12:02:20.295+0000] {dag.py:2585} INFO - Sync 1 DAGs
[2025-01-24T12:02:20.343+0000] {logging_mixin.py:120} INFO - [2025-01-24T12:02:20.343+0000] {dag.py:3340} INFO - Setting next_dagrun for example_branch_labels to 2025-01-23T00:00:00+00:00, run_after=2025-01-24T00:00:00+00:00
[2025-01-24T12:02:20.378+0000] {processor.py:176} INFO - Processing /home/airflow/.local/lib/python3.7/site-packages/airflow/example_dags/example_branch_labels.py took 0.177 seconds
[2025-01-24T12:02:51.196+0000] {processor.py:154} INFO - Started process (PID=1347) to work on /home/airflow/.local/lib/python3.7/site-packages/airflow/example_dags/example_branch_labels.py
[2025-01-24T12:02:51.198+0000] {processor.py:756} INFO - Processing file /home/airflow/.local/lib/python3.7/site-packages/airflow/example_dags/example_branch_labels.py for tasks to queue
[2025-01-24T12:02:51.200+0000] {logging_mixin.py:120} INFO - [2025-01-24T12:02:51.199+0000] {dagbag.py:537} INFO - Filling up the DagBag from /home/airflow/.local/lib/python3.7/site-packages/airflow/example_dags/example_branch_labels.py
[2025-01-24T12:02:51.229+0000] {processor.py:766} INFO - DAG(s) dict_keys(['example_branch_labels']) retrieved from /home/airflow/.local/lib/python3.7/site-packages/airflow/example_dags/example_branch_labels.py
[2025-01-24T12:02:51.292+0000] {logging_mixin.py:120} INFO - [2025-01-24T12:02:51.292+0000] {dag.py:2585} INFO - Sync 1 DAGs
[2025-01-24T12:02:51.334+0000] {logging_mixin.py:120} INFO - [2025-01-24T12:02:51.334+0000] {dag.py:3340} INFO - Setting next_dagrun for example_branch_labels to 2025-01-23T00:00:00+00:00, run_after=2025-01-24T00:00:00+00:00
[2025-01-24T12:02:51.366+0000] {processor.py:176} INFO - Processing /home/airflow/.local/lib/python3.7/site-packages/airflow/example_dags/example_branch_labels.py took 0.174 seconds
[2025-01-24T12:03:21.808+0000] {processor.py:154} INFO - Started process (PID=1404) to work on /home/airflow/.local/lib/python3.7/site-packages/airflow/example_dags/example_branch_labels.py
[2025-01-24T12:03:21.810+0000] {processor.py:756} INFO - Processing file /home/airflow/.local/lib/python3.7/site-packages/airflow/example_dags/example_branch_labels.py for tasks to queue
[2025-01-24T12:03:21.811+0000] {logging_mixin.py:120} INFO - [2025-01-24T12:03:21.810+0000] {dagbag.py:537} INFO - Filling up the DagBag from /home/airflow/.local/lib/python3.7/site-packages/airflow/example_dags/example_branch_labels.py
[2025-01-24T12:03:21.834+0000] {processor.py:766} INFO - DAG(s) dict_keys(['example_branch_labels']) retrieved from /home/airflow/.local/lib/python3.7/site-packages/airflow/example_dags/example_branch_labels.py
[2025-01-24T12:03:21.895+0000] {logging_mixin.py:120} INFO - [2025-01-24T12:03:21.894+0000] {dag.py:2585} INFO - Sync 1 DAGs
[2025-01-24T12:03:21.942+0000] {logging_mixin.py:120} INFO - [2025-01-24T12:03:21.941+0000] {dag.py:3340} INFO - Setting next_dagrun for example_branch_labels to 2025-01-23T00:00:00+00:00, run_after=2025-01-24T00:00:00+00:00
[2025-01-24T12:03:21.966+0000] {processor.py:176} INFO - Processing /home/airflow/.local/lib/python3.7/site-packages/airflow/example_dags/example_branch_labels.py took 0.163 seconds
[2025-01-24T12:03:52.367+0000] {processor.py:154} INFO - Started process (PID=1468) to work on /home/airflow/.local/lib/python3.7/site-packages/airflow/example_dags/example_branch_labels.py
[2025-01-24T12:03:52.368+0000] {processor.py:756} INFO - Processing file /home/airflow/.local/lib/python3.7/site-packages/airflow/example_dags/example_branch_labels.py for tasks to queue
[2025-01-24T12:03:52.368+0000] {logging_mixin.py:120} INFO - [2025-01-24T12:03:52.368+0000] {dagbag.py:537} INFO - Filling up the DagBag from /home/airflow/.local/lib/python3.7/site-packages/airflow/example_dags/example_branch_labels.py
[2025-01-24T12:03:52.391+0000] {processor.py:766} INFO - DAG(s) dict_keys(['example_branch_labels']) retrieved from /home/airflow/.local/lib/python3.7/site-packages/airflow/example_dags/example_branch_labels.py
[2025-01-24T12:03:52.457+0000] {logging_mixin.py:120} INFO - [2025-01-24T12:03:52.457+0000] {dag.py:2585} INFO - Sync 1 DAGs
[2025-01-24T12:03:52.498+0000] {logging_mixin.py:120} INFO - [2025-01-24T12:03:52.498+0000] {dag.py:3340} INFO - Setting next_dagrun for example_branch_labels to 2025-01-23T00:00:00+00:00, run_after=2025-01-24T00:00:00+00:00
[2025-01-24T12:03:52.526+0000] {processor.py:176} INFO - Processing /home/airflow/.local/lib/python3.7/site-packages/airflow/example_dags/example_branch_labels.py took 0.164 seconds
[2025-01-24T12:04:23.192+0000] {processor.py:154} INFO - Started process (PID=1523) to work on /home/airflow/.local/lib/python3.7/site-packages/airflow/example_dags/example_branch_labels.py
[2025-01-24T12:04:23.193+0000] {processor.py:756} INFO - Processing file /home/airflow/.local/lib/python3.7/site-packages/airflow/example_dags/example_branch_labels.py for tasks to queue
[2025-01-24T12:04:23.194+0000] {logging_mixin.py:120} INFO - [2025-01-24T12:04:23.194+0000] {dagbag.py:537} INFO - Filling up the DagBag from /home/airflow/.local/lib/python3.7/site-packages/airflow/example_dags/example_branch_labels.py
[2025-01-24T12:04:23.215+0000] {processor.py:766} INFO - DAG(s) dict_keys(['example_branch_labels']) retrieved from /home/airflow/.local/lib/python3.7/site-packages/airflow/example_dags/example_branch_labels.py
[2025-01-24T12:04:23.274+0000] {logging_mixin.py:120} INFO - [2025-01-24T12:04:23.273+0000] {dag.py:2585} INFO - Sync 1 DAGs
[2025-01-24T12:04:23.313+0000] {logging_mixin.py:120} INFO - [2025-01-24T12:04:23.313+0000] {dag.py:3340} INFO - Setting next_dagrun for example_branch_labels to 2025-01-23T00:00:00+00:00, run_after=2025-01-24T00:00:00+00:00
[2025-01-24T12:04:23.345+0000] {processor.py:176} INFO - Processing /home/airflow/.local/lib/python3.7/site-packages/airflow/example_dags/example_branch_labels.py took 0.157 seconds
[2025-01-24T12:04:53.549+0000] {processor.py:154} INFO - Started process (PID=1587) to work on /home/airflow/.local/lib/python3.7/site-packages/airflow/example_dags/example_branch_labels.py
[2025-01-24T12:04:53.550+0000] {processor.py:756} INFO - Processing file /home/airflow/.local/lib/python3.7/site-packages/airflow/example_dags/example_branch_labels.py for tasks to queue
[2025-01-24T12:04:53.551+0000] {logging_mixin.py:120} INFO - [2025-01-24T12:04:53.551+0000] {dagbag.py:537} INFO - Filling up the DagBag from /home/airflow/.local/lib/python3.7/site-packages/airflow/example_dags/example_branch_labels.py
[2025-01-24T12:04:53.571+0000] {processor.py:766} INFO - DAG(s) dict_keys(['example_branch_labels']) retrieved from /home/airflow/.local/lib/python3.7/site-packages/airflow/example_dags/example_branch_labels.py
[2025-01-24T12:04:53.635+0000] {logging_mixin.py:120} INFO - [2025-01-24T12:04:53.635+0000] {dag.py:2585} INFO - Sync 1 DAGs
[2025-01-24T12:04:53.671+0000] {logging_mixin.py:120} INFO - [2025-01-24T12:04:53.671+0000] {dag.py:3340} INFO - Setting next_dagrun for example_branch_labels to 2025-01-23T00:00:00+00:00, run_after=2025-01-24T00:00:00+00:00
[2025-01-24T12:04:53.697+0000] {processor.py:176} INFO - Processing /home/airflow/.local/lib/python3.7/site-packages/airflow/example_dags/example_branch_labels.py took 0.152 seconds
[2025-01-24T12:05:24.598+0000] {processor.py:154} INFO - Started process (PID=1642) to work on /home/airflow/.local/lib/python3.7/site-packages/airflow/example_dags/example_branch_labels.py
[2025-01-24T12:05:24.600+0000] {processor.py:756} INFO - Processing file /home/airflow/.local/lib/python3.7/site-packages/airflow/example_dags/example_branch_labels.py for tasks to queue
[2025-01-24T12:05:24.601+0000] {logging_mixin.py:120} INFO - [2025-01-24T12:05:24.601+0000] {dagbag.py:537} INFO - Filling up the DagBag from /home/airflow/.local/lib/python3.7/site-packages/airflow/example_dags/example_branch_labels.py
[2025-01-24T12:05:24.624+0000] {processor.py:766} INFO - DAG(s) dict_keys(['example_branch_labels']) retrieved from /home/airflow/.local/lib/python3.7/site-packages/airflow/example_dags/example_branch_labels.py
[2025-01-24T12:05:24.684+0000] {logging_mixin.py:120} INFO - [2025-01-24T12:05:24.684+0000] {dag.py:2585} INFO - Sync 1 DAGs
[2025-01-24T12:05:24.727+0000] {logging_mixin.py:120} INFO - [2025-01-24T12:05:24.726+0000] {dag.py:3340} INFO - Setting next_dagrun for example_branch_labels to 2025-01-23T00:00:00+00:00, run_after=2025-01-24T00:00:00+00:00
[2025-01-24T12:05:24.767+0000] {processor.py:176} INFO - Processing /home/airflow/.local/lib/python3.7/site-packages/airflow/example_dags/example_branch_labels.py took 0.174 seconds
[2025-01-24T12:05:55.111+0000] {processor.py:154} INFO - Started process (PID=1706) to work on /home/airflow/.local/lib/python3.7/site-packages/airflow/example_dags/example_branch_labels.py
[2025-01-24T12:05:55.112+0000] {processor.py:756} INFO - Processing file /home/airflow/.local/lib/python3.7/site-packages/airflow/example_dags/example_branch_labels.py for tasks to queue
[2025-01-24T12:05:55.113+0000] {logging_mixin.py:120} INFO - [2025-01-24T12:05:55.113+0000] {dagbag.py:537} INFO - Filling up the DagBag from /home/airflow/.local/lib/python3.7/site-packages/airflow/example_dags/example_branch_labels.py
[2025-01-24T12:05:55.132+0000] {processor.py:766} INFO - DAG(s) dict_keys(['example_branch_labels']) retrieved from /home/airflow/.local/lib/python3.7/site-packages/airflow/example_dags/example_branch_labels.py
[2025-01-24T12:05:55.185+0000] {logging_mixin.py:120} INFO - [2025-01-24T12:05:55.185+0000] {dag.py:2585} INFO - Sync 1 DAGs
[2025-01-24T12:05:55.219+0000] {logging_mixin.py:120} INFO - [2025-01-24T12:05:55.219+0000] {dag.py:3340} INFO - Setting next_dagrun for example_branch_labels to 2025-01-23T00:00:00+00:00, run_after=2025-01-24T00:00:00+00:00
[2025-01-24T12:05:55.259+0000] {processor.py:176} INFO - Processing /home/airflow/.local/lib/python3.7/site-packages/airflow/example_dags/example_branch_labels.py took 0.154 seconds
