[2025-01-24T17:06:16.995+0000] {processor.py:154} INFO - Started process (PID=82) to work on /home/airflow/.local/lib/python3.7/site-packages/airflow/example_dags/example_subdag_operator.py
[2025-01-24T17:06:16.996+0000] {processor.py:756} INFO - Processing file /home/airflow/.local/lib/python3.7/site-packages/airflow/example_dags/example_subdag_operator.py for tasks to queue
[2025-01-24T17:06:16.997+0000] {logging_mixin.py:120} INFO - [2025-01-24T17:06:16.997+0000] {dagbag.py:537} INFO - Filling up the DagBag from /home/airflow/.local/lib/python3.7/site-packages/airflow/example_dags/example_subdag_operator.py
[2025-01-24T17:06:17.053+0000] {processor.py:766} INFO - DAG(s) dict_keys(['example_subdag_operator.section-1', 'example_subdag_operator.section-2', 'example_subdag_operator']) retrieved from /home/airflow/.local/lib/python3.7/site-packages/airflow/example_dags/example_subdag_operator.py
[2025-01-24T17:06:17.309+0000] {logging_mixin.py:120} INFO - [2025-01-24T17:06:17.309+0000] {dag.py:2585} INFO - Sync 3 DAGs
[2025-01-24T17:06:17.347+0000] {logging_mixin.py:120} INFO - [2025-01-24T17:06:17.347+0000] {dag.py:3340} INFO - Setting next_dagrun for example_subdag_operator to 2022-01-01T00:00:00+00:00, run_after=2022-01-01T00:00:00+00:00
[2025-01-24T17:06:17.353+0000] {logging_mixin.py:120} INFO - [2025-01-24T17:06:17.352+0000] {dag.py:3340} INFO - Setting next_dagrun for example_subdag_operator.section-1 to None, run_after=None
[2025-01-24T17:06:17.355+0000] {logging_mixin.py:120} INFO - [2025-01-24T17:06:17.355+0000] {dag.py:3340} INFO - Setting next_dagrun for example_subdag_operator.section-2 to None, run_after=None
[2025-01-24T17:06:17.367+0000] {logging_mixin.py:120} INFO - [2025-01-24T17:06:17.366+0000] {dag.py:2585} INFO - Sync 2 DAGs
[2025-01-24T17:06:17.377+0000] {logging_mixin.py:120} INFO - [2025-01-24T17:06:17.376+0000] {dag.py:3340} INFO - Setting next_dagrun for example_subdag_operator.section-1 to None, run_after=None
[2025-01-24T17:06:17.377+0000] {logging_mixin.py:120} INFO - [2025-01-24T17:06:17.377+0000] {dag.py:3340} INFO - Setting next_dagrun for example_subdag_operator.section-2 to None, run_after=None
[2025-01-24T17:06:17.397+0000] {processor.py:176} INFO - Processing /home/airflow/.local/lib/python3.7/site-packages/airflow/example_dags/example_subdag_operator.py took 0.406 seconds
[2025-01-24T11:52:10.214+0000] {processor.py:154} INFO - Started process (PID=82) to work on /home/airflow/.local/lib/python3.7/site-packages/airflow/example_dags/example_subdag_operator.py
[2025-01-24T11:52:10.216+0000] {processor.py:756} INFO - Processing file /home/airflow/.local/lib/python3.7/site-packages/airflow/example_dags/example_subdag_operator.py for tasks to queue
[2025-01-24T11:52:10.217+0000] {logging_mixin.py:120} INFO - [2025-01-24T11:52:10.217+0000] {dagbag.py:537} INFO - Filling up the DagBag from /home/airflow/.local/lib/python3.7/site-packages/airflow/example_dags/example_subdag_operator.py
[2025-01-24T11:52:10.299+0000] {processor.py:766} INFO - DAG(s) dict_keys(['example_subdag_operator.section-1', 'example_subdag_operator.section-2', 'example_subdag_operator']) retrieved from /home/airflow/.local/lib/python3.7/site-packages/airflow/example_dags/example_subdag_operator.py
[2025-01-24T11:52:10.576+0000] {logging_mixin.py:120} INFO - [2025-01-24T11:52:10.576+0000] {dag.py:2585} INFO - Sync 3 DAGs
[2025-01-24T11:52:10.620+0000] {logging_mixin.py:120} INFO - [2025-01-24T11:52:10.620+0000] {dag.py:3340} INFO - Setting next_dagrun for example_subdag_operator to 2022-01-01T00:00:00+00:00, run_after=2022-01-01T00:00:00+00:00
[2025-01-24T11:52:10.626+0000] {logging_mixin.py:120} INFO - [2025-01-24T11:52:10.626+0000] {dag.py:3340} INFO - Setting next_dagrun for example_subdag_operator.section-1 to None, run_after=None
[2025-01-24T11:52:10.629+0000] {logging_mixin.py:120} INFO - [2025-01-24T11:52:10.629+0000] {dag.py:3340} INFO - Setting next_dagrun for example_subdag_operator.section-2 to None, run_after=None
[2025-01-24T11:52:10.645+0000] {logging_mixin.py:120} INFO - [2025-01-24T11:52:10.644+0000] {dag.py:2585} INFO - Sync 2 DAGs
[2025-01-24T11:52:10.656+0000] {logging_mixin.py:120} INFO - [2025-01-24T11:52:10.656+0000] {dag.py:3340} INFO - Setting next_dagrun for example_subdag_operator.section-1 to None, run_after=None
[2025-01-24T11:52:10.657+0000] {logging_mixin.py:120} INFO - [2025-01-24T11:52:10.657+0000] {dag.py:3340} INFO - Setting next_dagrun for example_subdag_operator.section-2 to None, run_after=None
[2025-01-24T11:52:10.685+0000] {processor.py:176} INFO - Processing /home/airflow/.local/lib/python3.7/site-packages/airflow/example_dags/example_subdag_operator.py took 0.477 seconds
[2025-01-24T11:52:41.937+0000] {processor.py:154} INFO - Started process (PID=147) to work on /home/airflow/.local/lib/python3.7/site-packages/airflow/example_dags/example_subdag_operator.py
[2025-01-24T11:52:41.939+0000] {processor.py:756} INFO - Processing file /home/airflow/.local/lib/python3.7/site-packages/airflow/example_dags/example_subdag_operator.py for tasks to queue
[2025-01-24T11:52:41.940+0000] {logging_mixin.py:120} INFO - [2025-01-24T11:52:41.940+0000] {dagbag.py:537} INFO - Filling up the DagBag from /home/airflow/.local/lib/python3.7/site-packages/airflow/example_dags/example_subdag_operator.py
[2025-01-24T11:52:42.046+0000] {processor.py:766} INFO - DAG(s) dict_keys(['example_subdag_operator.section-1', 'example_subdag_operator.section-2', 'example_subdag_operator']) retrieved from /home/airflow/.local/lib/python3.7/site-packages/airflow/example_dags/example_subdag_operator.py
[2025-01-24T11:52:42.559+0000] {logging_mixin.py:120} INFO - [2025-01-24T11:52:42.558+0000] {dag.py:2585} INFO - Sync 3 DAGs
[2025-01-24T11:52:42.622+0000] {logging_mixin.py:120} INFO - [2025-01-24T11:52:42.622+0000] {dag.py:3340} INFO - Setting next_dagrun for example_subdag_operator to 2022-01-01T00:00:00+00:00, run_after=2022-01-01T00:00:00+00:00
[2025-01-24T11:52:42.632+0000] {logging_mixin.py:120} INFO - [2025-01-24T11:52:42.632+0000] {dag.py:3340} INFO - Setting next_dagrun for example_subdag_operator.section-1 to None, run_after=None
[2025-01-24T11:52:42.635+0000] {logging_mixin.py:120} INFO - [2025-01-24T11:52:42.635+0000] {dag.py:3340} INFO - Setting next_dagrun for example_subdag_operator.section-2 to None, run_after=None
[2025-01-24T11:52:42.654+0000] {logging_mixin.py:120} INFO - [2025-01-24T11:52:42.654+0000] {dag.py:2585} INFO - Sync 2 DAGs
[2025-01-24T11:52:42.668+0000] {logging_mixin.py:120} INFO - [2025-01-24T11:52:42.667+0000] {dag.py:3340} INFO - Setting next_dagrun for example_subdag_operator.section-1 to None, run_after=None
[2025-01-24T11:52:42.668+0000] {logging_mixin.py:120} INFO - [2025-01-24T11:52:42.668+0000] {dag.py:3340} INFO - Setting next_dagrun for example_subdag_operator.section-2 to None, run_after=None
[2025-01-24T11:52:42.697+0000] {processor.py:176} INFO - Processing /home/airflow/.local/lib/python3.7/site-packages/airflow/example_dags/example_subdag_operator.py took 0.769 seconds
[2025-01-24T11:53:13.475+0000] {processor.py:154} INFO - Started process (PID=203) to work on /home/airflow/.local/lib/python3.7/site-packages/airflow/example_dags/example_subdag_operator.py
[2025-01-24T11:53:13.476+0000] {processor.py:756} INFO - Processing file /home/airflow/.local/lib/python3.7/site-packages/airflow/example_dags/example_subdag_operator.py for tasks to queue
[2025-01-24T11:53:13.477+0000] {logging_mixin.py:120} INFO - [2025-01-24T11:53:13.477+0000] {dagbag.py:537} INFO - Filling up the DagBag from /home/airflow/.local/lib/python3.7/site-packages/airflow/example_dags/example_subdag_operator.py
[2025-01-24T11:53:13.527+0000] {processor.py:766} INFO - DAG(s) dict_keys(['example_subdag_operator.section-1', 'example_subdag_operator.section-2', 'example_subdag_operator']) retrieved from /home/airflow/.local/lib/python3.7/site-packages/airflow/example_dags/example_subdag_operator.py
[2025-01-24T11:53:13.773+0000] {logging_mixin.py:120} INFO - [2025-01-24T11:53:13.772+0000] {dag.py:2585} INFO - Sync 3 DAGs
[2025-01-24T11:53:13.810+0000] {logging_mixin.py:120} INFO - [2025-01-24T11:53:13.809+0000] {dag.py:3340} INFO - Setting next_dagrun for example_subdag_operator to 2022-01-01T00:00:00+00:00, run_after=2022-01-01T00:00:00+00:00
[2025-01-24T11:53:13.815+0000] {logging_mixin.py:120} INFO - [2025-01-24T11:53:13.814+0000] {dag.py:3340} INFO - Setting next_dagrun for example_subdag_operator.section-1 to None, run_after=None
[2025-01-24T11:53:13.817+0000] {logging_mixin.py:120} INFO - [2025-01-24T11:53:13.817+0000] {dag.py:3340} INFO - Setting next_dagrun for example_subdag_operator.section-2 to None, run_after=None
[2025-01-24T11:53:13.828+0000] {logging_mixin.py:120} INFO - [2025-01-24T11:53:13.828+0000] {dag.py:2585} INFO - Sync 2 DAGs
[2025-01-24T11:53:13.838+0000] {logging_mixin.py:120} INFO - [2025-01-24T11:53:13.838+0000] {dag.py:3340} INFO - Setting next_dagrun for example_subdag_operator.section-1 to None, run_after=None
[2025-01-24T11:53:13.838+0000] {logging_mixin.py:120} INFO - [2025-01-24T11:53:13.838+0000] {dag.py:3340} INFO - Setting next_dagrun for example_subdag_operator.section-2 to None, run_after=None
[2025-01-24T11:53:13.859+0000] {processor.py:176} INFO - Processing /home/airflow/.local/lib/python3.7/site-packages/airflow/example_dags/example_subdag_operator.py took 0.388 seconds
[2025-01-24T11:53:44.189+0000] {processor.py:154} INFO - Started process (PID=267) to work on /home/airflow/.local/lib/python3.7/site-packages/airflow/example_dags/example_subdag_operator.py
[2025-01-24T11:53:44.200+0000] {processor.py:756} INFO - Processing file /home/airflow/.local/lib/python3.7/site-packages/airflow/example_dags/example_subdag_operator.py for tasks to queue
[2025-01-24T11:53:44.201+0000] {logging_mixin.py:120} INFO - [2025-01-24T11:53:44.201+0000] {dagbag.py:537} INFO - Filling up the DagBag from /home/airflow/.local/lib/python3.7/site-packages/airflow/example_dags/example_subdag_operator.py
[2025-01-24T11:53:44.258+0000] {processor.py:766} INFO - DAG(s) dict_keys(['example_subdag_operator.section-1', 'example_subdag_operator.section-2', 'example_subdag_operator']) retrieved from /home/airflow/.local/lib/python3.7/site-packages/airflow/example_dags/example_subdag_operator.py
[2025-01-24T11:53:44.549+0000] {logging_mixin.py:120} INFO - [2025-01-24T11:53:44.548+0000] {dag.py:2585} INFO - Sync 3 DAGs
[2025-01-24T11:53:44.587+0000] {logging_mixin.py:120} INFO - [2025-01-24T11:53:44.587+0000] {dag.py:3340} INFO - Setting next_dagrun for example_subdag_operator to 2022-01-01T00:00:00+00:00, run_after=2022-01-01T00:00:00+00:00
[2025-01-24T11:53:44.592+0000] {logging_mixin.py:120} INFO - [2025-01-24T11:53:44.592+0000] {dag.py:3340} INFO - Setting next_dagrun for example_subdag_operator.section-1 to None, run_after=None
[2025-01-24T11:53:44.594+0000] {logging_mixin.py:120} INFO - [2025-01-24T11:53:44.594+0000] {dag.py:3340} INFO - Setting next_dagrun for example_subdag_operator.section-2 to None, run_after=None
[2025-01-24T11:53:44.606+0000] {logging_mixin.py:120} INFO - [2025-01-24T11:53:44.606+0000] {dag.py:2585} INFO - Sync 2 DAGs
[2025-01-24T11:53:44.618+0000] {logging_mixin.py:120} INFO - [2025-01-24T11:53:44.618+0000] {dag.py:3340} INFO - Setting next_dagrun for example_subdag_operator.section-1 to None, run_after=None
[2025-01-24T11:53:44.619+0000] {logging_mixin.py:120} INFO - [2025-01-24T11:53:44.619+0000] {dag.py:3340} INFO - Setting next_dagrun for example_subdag_operator.section-2 to None, run_after=None
[2025-01-24T11:53:44.645+0000] {processor.py:176} INFO - Processing /home/airflow/.local/lib/python3.7/site-packages/airflow/example_dags/example_subdag_operator.py took 0.461 seconds
[2025-01-24T11:54:14.693+0000] {processor.py:154} INFO - Started process (PID=332) to work on /home/airflow/.local/lib/python3.7/site-packages/airflow/example_dags/example_subdag_operator.py
[2025-01-24T11:54:14.695+0000] {processor.py:756} INFO - Processing file /home/airflow/.local/lib/python3.7/site-packages/airflow/example_dags/example_subdag_operator.py for tasks to queue
[2025-01-24T11:54:14.697+0000] {logging_mixin.py:120} INFO - [2025-01-24T11:54:14.697+0000] {dagbag.py:537} INFO - Filling up the DagBag from /home/airflow/.local/lib/python3.7/site-packages/airflow/example_dags/example_subdag_operator.py
[2025-01-24T11:54:14.777+0000] {processor.py:766} INFO - DAG(s) dict_keys(['example_subdag_operator.section-1', 'example_subdag_operator.section-2', 'example_subdag_operator']) retrieved from /home/airflow/.local/lib/python3.7/site-packages/airflow/example_dags/example_subdag_operator.py
[2025-01-24T11:54:15.072+0000] {logging_mixin.py:120} INFO - [2025-01-24T11:54:15.072+0000] {dag.py:2585} INFO - Sync 3 DAGs
[2025-01-24T11:54:15.125+0000] {logging_mixin.py:120} INFO - [2025-01-24T11:54:15.125+0000] {dag.py:3340} INFO - Setting next_dagrun for example_subdag_operator to 2022-01-01T00:00:00+00:00, run_after=2022-01-01T00:00:00+00:00
[2025-01-24T11:54:15.133+0000] {logging_mixin.py:120} INFO - [2025-01-24T11:54:15.133+0000] {dag.py:3340} INFO - Setting next_dagrun for example_subdag_operator.section-1 to None, run_after=None
[2025-01-24T11:54:15.136+0000] {logging_mixin.py:120} INFO - [2025-01-24T11:54:15.136+0000] {dag.py:3340} INFO - Setting next_dagrun for example_subdag_operator.section-2 to None, run_after=None
[2025-01-24T11:54:15.151+0000] {logging_mixin.py:120} INFO - [2025-01-24T11:54:15.151+0000] {dag.py:2585} INFO - Sync 2 DAGs
[2025-01-24T11:54:15.164+0000] {logging_mixin.py:120} INFO - [2025-01-24T11:54:15.164+0000] {dag.py:3340} INFO - Setting next_dagrun for example_subdag_operator.section-1 to None, run_after=None
[2025-01-24T11:54:15.165+0000] {logging_mixin.py:120} INFO - [2025-01-24T11:54:15.165+0000] {dag.py:3340} INFO - Setting next_dagrun for example_subdag_operator.section-2 to None, run_after=None
[2025-01-24T11:54:15.192+0000] {processor.py:176} INFO - Processing /home/airflow/.local/lib/python3.7/site-packages/airflow/example_dags/example_subdag_operator.py took 0.504 seconds
[2025-01-24T11:54:45.717+0000] {processor.py:154} INFO - Started process (PID=386) to work on /home/airflow/.local/lib/python3.7/site-packages/airflow/example_dags/example_subdag_operator.py
[2025-01-24T11:54:45.728+0000] {processor.py:756} INFO - Processing file /home/airflow/.local/lib/python3.7/site-packages/airflow/example_dags/example_subdag_operator.py for tasks to queue
[2025-01-24T11:54:45.729+0000] {logging_mixin.py:120} INFO - [2025-01-24T11:54:45.728+0000] {dagbag.py:537} INFO - Filling up the DagBag from /home/airflow/.local/lib/python3.7/site-packages/airflow/example_dags/example_subdag_operator.py
[2025-01-24T11:54:45.784+0000] {processor.py:766} INFO - DAG(s) dict_keys(['example_subdag_operator.section-1', 'example_subdag_operator.section-2', 'example_subdag_operator']) retrieved from /home/airflow/.local/lib/python3.7/site-packages/airflow/example_dags/example_subdag_operator.py
[2025-01-24T11:54:46.051+0000] {logging_mixin.py:120} INFO - [2025-01-24T11:54:46.050+0000] {dag.py:2585} INFO - Sync 3 DAGs
[2025-01-24T11:54:46.096+0000] {logging_mixin.py:120} INFO - [2025-01-24T11:54:46.095+0000] {dag.py:3340} INFO - Setting next_dagrun for example_subdag_operator to 2022-01-01T00:00:00+00:00, run_after=2022-01-01T00:00:00+00:00
[2025-01-24T11:54:46.102+0000] {logging_mixin.py:120} INFO - [2025-01-24T11:54:46.102+0000] {dag.py:3340} INFO - Setting next_dagrun for example_subdag_operator.section-1 to None, run_after=None
[2025-01-24T11:54:46.105+0000] {logging_mixin.py:120} INFO - [2025-01-24T11:54:46.104+0000] {dag.py:3340} INFO - Setting next_dagrun for example_subdag_operator.section-2 to None, run_after=None
[2025-01-24T11:54:46.118+0000] {logging_mixin.py:120} INFO - [2025-01-24T11:54:46.118+0000] {dag.py:2585} INFO - Sync 2 DAGs
[2025-01-24T11:54:46.129+0000] {logging_mixin.py:120} INFO - [2025-01-24T11:54:46.129+0000] {dag.py:3340} INFO - Setting next_dagrun for example_subdag_operator.section-1 to None, run_after=None
[2025-01-24T11:54:46.129+0000] {logging_mixin.py:120} INFO - [2025-01-24T11:54:46.129+0000] {dag.py:3340} INFO - Setting next_dagrun for example_subdag_operator.section-2 to None, run_after=None
[2025-01-24T11:54:46.151+0000] {processor.py:176} INFO - Processing /home/airflow/.local/lib/python3.7/site-packages/airflow/example_dags/example_subdag_operator.py took 0.440 seconds
[2025-01-24T11:55:16.394+0000] {processor.py:154} INFO - Started process (PID=450) to work on /home/airflow/.local/lib/python3.7/site-packages/airflow/example_dags/example_subdag_operator.py
[2025-01-24T11:55:16.396+0000] {processor.py:756} INFO - Processing file /home/airflow/.local/lib/python3.7/site-packages/airflow/example_dags/example_subdag_operator.py for tasks to queue
[2025-01-24T11:55:16.398+0000] {logging_mixin.py:120} INFO - [2025-01-24T11:55:16.397+0000] {dagbag.py:537} INFO - Filling up the DagBag from /home/airflow/.local/lib/python3.7/site-packages/airflow/example_dags/example_subdag_operator.py
[2025-01-24T11:55:16.489+0000] {processor.py:766} INFO - DAG(s) dict_keys(['example_subdag_operator.section-1', 'example_subdag_operator.section-2', 'example_subdag_operator']) retrieved from /home/airflow/.local/lib/python3.7/site-packages/airflow/example_dags/example_subdag_operator.py
[2025-01-24T11:55:16.754+0000] {logging_mixin.py:120} INFO - [2025-01-24T11:55:16.754+0000] {dag.py:2585} INFO - Sync 3 DAGs
[2025-01-24T11:55:16.801+0000] {logging_mixin.py:120} INFO - [2025-01-24T11:55:16.800+0000] {dag.py:3340} INFO - Setting next_dagrun for example_subdag_operator to 2022-01-01T00:00:00+00:00, run_after=2022-01-01T00:00:00+00:00
[2025-01-24T11:55:16.807+0000] {logging_mixin.py:120} INFO - [2025-01-24T11:55:16.806+0000] {dag.py:3340} INFO - Setting next_dagrun for example_subdag_operator.section-1 to None, run_after=None
[2025-01-24T11:55:16.809+0000] {logging_mixin.py:120} INFO - [2025-01-24T11:55:16.809+0000] {dag.py:3340} INFO - Setting next_dagrun for example_subdag_operator.section-2 to None, run_after=None
[2025-01-24T11:55:16.819+0000] {logging_mixin.py:120} INFO - [2025-01-24T11:55:16.819+0000] {dag.py:2585} INFO - Sync 2 DAGs
[2025-01-24T11:55:16.829+0000] {logging_mixin.py:120} INFO - [2025-01-24T11:55:16.828+0000] {dag.py:3340} INFO - Setting next_dagrun for example_subdag_operator.section-1 to None, run_after=None
[2025-01-24T11:55:16.829+0000] {logging_mixin.py:120} INFO - [2025-01-24T11:55:16.829+0000] {dag.py:3340} INFO - Setting next_dagrun for example_subdag_operator.section-2 to None, run_after=None
[2025-01-24T11:55:16.848+0000] {processor.py:176} INFO - Processing /home/airflow/.local/lib/python3.7/site-packages/airflow/example_dags/example_subdag_operator.py took 0.461 seconds
[2025-01-24T11:55:47.027+0000] {processor.py:154} INFO - Started process (PID=506) to work on /home/airflow/.local/lib/python3.7/site-packages/airflow/example_dags/example_subdag_operator.py
[2025-01-24T11:55:47.028+0000] {processor.py:756} INFO - Processing file /home/airflow/.local/lib/python3.7/site-packages/airflow/example_dags/example_subdag_operator.py for tasks to queue
[2025-01-24T11:55:47.029+0000] {logging_mixin.py:120} INFO - [2025-01-24T11:55:47.028+0000] {dagbag.py:537} INFO - Filling up the DagBag from /home/airflow/.local/lib/python3.7/site-packages/airflow/example_dags/example_subdag_operator.py
[2025-01-24T11:55:47.079+0000] {processor.py:766} INFO - DAG(s) dict_keys(['example_subdag_operator.section-1', 'example_subdag_operator.section-2', 'example_subdag_operator']) retrieved from /home/airflow/.local/lib/python3.7/site-packages/airflow/example_dags/example_subdag_operator.py
[2025-01-24T11:55:47.344+0000] {logging_mixin.py:120} INFO - [2025-01-24T11:55:47.343+0000] {dag.py:2585} INFO - Sync 3 DAGs
[2025-01-24T11:55:47.384+0000] {logging_mixin.py:120} INFO - [2025-01-24T11:55:47.383+0000] {dag.py:3340} INFO - Setting next_dagrun for example_subdag_operator to 2022-01-01T00:00:00+00:00, run_after=2022-01-01T00:00:00+00:00
[2025-01-24T11:55:47.389+0000] {logging_mixin.py:120} INFO - [2025-01-24T11:55:47.389+0000] {dag.py:3340} INFO - Setting next_dagrun for example_subdag_operator.section-1 to None, run_after=None
[2025-01-24T11:55:47.391+0000] {logging_mixin.py:120} INFO - [2025-01-24T11:55:47.391+0000] {dag.py:3340} INFO - Setting next_dagrun for example_subdag_operator.section-2 to None, run_after=None
[2025-01-24T11:55:47.403+0000] {logging_mixin.py:120} INFO - [2025-01-24T11:55:47.403+0000] {dag.py:2585} INFO - Sync 2 DAGs
[2025-01-24T11:55:47.413+0000] {logging_mixin.py:120} INFO - [2025-01-24T11:55:47.413+0000] {dag.py:3340} INFO - Setting next_dagrun for example_subdag_operator.section-1 to None, run_after=None
[2025-01-24T11:55:47.413+0000] {logging_mixin.py:120} INFO - [2025-01-24T11:55:47.413+0000] {dag.py:3340} INFO - Setting next_dagrun for example_subdag_operator.section-2 to None, run_after=None
[2025-01-24T11:55:47.434+0000] {processor.py:176} INFO - Processing /home/airflow/.local/lib/python3.7/site-packages/airflow/example_dags/example_subdag_operator.py took 0.412 seconds
[2025-01-24T11:56:17.510+0000] {processor.py:154} INFO - Started process (PID=570) to work on /home/airflow/.local/lib/python3.7/site-packages/airflow/example_dags/example_subdag_operator.py
[2025-01-24T11:56:17.521+0000] {processor.py:756} INFO - Processing file /home/airflow/.local/lib/python3.7/site-packages/airflow/example_dags/example_subdag_operator.py for tasks to queue
[2025-01-24T11:56:17.522+0000] {logging_mixin.py:120} INFO - [2025-01-24T11:56:17.522+0000] {dagbag.py:537} INFO - Filling up the DagBag from /home/airflow/.local/lib/python3.7/site-packages/airflow/example_dags/example_subdag_operator.py
[2025-01-24T11:56:17.574+0000] {processor.py:766} INFO - DAG(s) dict_keys(['example_subdag_operator.section-1', 'example_subdag_operator.section-2', 'example_subdag_operator']) retrieved from /home/airflow/.local/lib/python3.7/site-packages/airflow/example_dags/example_subdag_operator.py
[2025-01-24T11:56:17.835+0000] {logging_mixin.py:120} INFO - [2025-01-24T11:56:17.834+0000] {dag.py:2585} INFO - Sync 3 DAGs
[2025-01-24T11:56:17.876+0000] {logging_mixin.py:120} INFO - [2025-01-24T11:56:17.875+0000] {dag.py:3340} INFO - Setting next_dagrun for example_subdag_operator to 2022-01-01T00:00:00+00:00, run_after=2022-01-01T00:00:00+00:00
[2025-01-24T11:56:17.882+0000] {logging_mixin.py:120} INFO - [2025-01-24T11:56:17.882+0000] {dag.py:3340} INFO - Setting next_dagrun for example_subdag_operator.section-1 to None, run_after=None
[2025-01-24T11:56:17.885+0000] {logging_mixin.py:120} INFO - [2025-01-24T11:56:17.884+0000] {dag.py:3340} INFO - Setting next_dagrun for example_subdag_operator.section-2 to None, run_after=None
[2025-01-24T11:56:17.899+0000] {logging_mixin.py:120} INFO - [2025-01-24T11:56:17.899+0000] {dag.py:2585} INFO - Sync 2 DAGs
[2025-01-24T11:56:17.909+0000] {logging_mixin.py:120} INFO - [2025-01-24T11:56:17.909+0000] {dag.py:3340} INFO - Setting next_dagrun for example_subdag_operator.section-1 to None, run_after=None
[2025-01-24T11:56:17.910+0000] {logging_mixin.py:120} INFO - [2025-01-24T11:56:17.910+0000] {dag.py:3340} INFO - Setting next_dagrun for example_subdag_operator.section-2 to None, run_after=None
[2025-01-24T11:56:17.932+0000] {processor.py:176} INFO - Processing /home/airflow/.local/lib/python3.7/site-packages/airflow/example_dags/example_subdag_operator.py took 0.428 seconds
[2025-01-24T11:56:48.072+0000] {processor.py:154} INFO - Started process (PID=625) to work on /home/airflow/.local/lib/python3.7/site-packages/airflow/example_dags/example_subdag_operator.py
[2025-01-24T11:56:48.073+0000] {processor.py:756} INFO - Processing file /home/airflow/.local/lib/python3.7/site-packages/airflow/example_dags/example_subdag_operator.py for tasks to queue
[2025-01-24T11:56:48.074+0000] {logging_mixin.py:120} INFO - [2025-01-24T11:56:48.073+0000] {dagbag.py:537} INFO - Filling up the DagBag from /home/airflow/.local/lib/python3.7/site-packages/airflow/example_dags/example_subdag_operator.py
[2025-01-24T11:56:48.129+0000] {processor.py:766} INFO - DAG(s) dict_keys(['example_subdag_operator.section-1', 'example_subdag_operator.section-2', 'example_subdag_operator']) retrieved from /home/airflow/.local/lib/python3.7/site-packages/airflow/example_dags/example_subdag_operator.py
[2025-01-24T11:56:48.384+0000] {logging_mixin.py:120} INFO - [2025-01-24T11:56:48.384+0000] {dag.py:2585} INFO - Sync 3 DAGs
[2025-01-24T11:56:48.433+0000] {logging_mixin.py:120} INFO - [2025-01-24T11:56:48.433+0000] {dag.py:3340} INFO - Setting next_dagrun for example_subdag_operator to 2022-01-01T00:00:00+00:00, run_after=2022-01-01T00:00:00+00:00
[2025-01-24T11:56:48.440+0000] {logging_mixin.py:120} INFO - [2025-01-24T11:56:48.440+0000] {dag.py:3340} INFO - Setting next_dagrun for example_subdag_operator.section-1 to None, run_after=None
[2025-01-24T11:56:48.444+0000] {logging_mixin.py:120} INFO - [2025-01-24T11:56:48.443+0000] {dag.py:3340} INFO - Setting next_dagrun for example_subdag_operator.section-2 to None, run_after=None
[2025-01-24T11:56:48.460+0000] {logging_mixin.py:120} INFO - [2025-01-24T11:56:48.460+0000] {dag.py:2585} INFO - Sync 2 DAGs
[2025-01-24T11:56:48.473+0000] {logging_mixin.py:120} INFO - [2025-01-24T11:56:48.472+0000] {dag.py:3340} INFO - Setting next_dagrun for example_subdag_operator.section-1 to None, run_after=None
[2025-01-24T11:56:48.473+0000] {logging_mixin.py:120} INFO - [2025-01-24T11:56:48.473+0000] {dag.py:3340} INFO - Setting next_dagrun for example_subdag_operator.section-2 to None, run_after=None
[2025-01-24T11:56:48.505+0000] {processor.py:176} INFO - Processing /home/airflow/.local/lib/python3.7/site-packages/airflow/example_dags/example_subdag_operator.py took 0.438 seconds
[2025-01-24T11:57:18.602+0000] {processor.py:154} INFO - Started process (PID=690) to work on /home/airflow/.local/lib/python3.7/site-packages/airflow/example_dags/example_subdag_operator.py
[2025-01-24T11:57:18.603+0000] {processor.py:756} INFO - Processing file /home/airflow/.local/lib/python3.7/site-packages/airflow/example_dags/example_subdag_operator.py for tasks to queue
[2025-01-24T11:57:18.604+0000] {logging_mixin.py:120} INFO - [2025-01-24T11:57:18.604+0000] {dagbag.py:537} INFO - Filling up the DagBag from /home/airflow/.local/lib/python3.7/site-packages/airflow/example_dags/example_subdag_operator.py
[2025-01-24T11:57:18.653+0000] {processor.py:766} INFO - DAG(s) dict_keys(['example_subdag_operator.section-1', 'example_subdag_operator.section-2', 'example_subdag_operator']) retrieved from /home/airflow/.local/lib/python3.7/site-packages/airflow/example_dags/example_subdag_operator.py
[2025-01-24T11:57:18.918+0000] {logging_mixin.py:120} INFO - [2025-01-24T11:57:18.918+0000] {dag.py:2585} INFO - Sync 3 DAGs
[2025-01-24T11:57:18.963+0000] {logging_mixin.py:120} INFO - [2025-01-24T11:57:18.963+0000] {dag.py:3340} INFO - Setting next_dagrun for example_subdag_operator to 2022-01-01T00:00:00+00:00, run_after=2022-01-01T00:00:00+00:00
[2025-01-24T11:57:18.968+0000] {logging_mixin.py:120} INFO - [2025-01-24T11:57:18.968+0000] {dag.py:3340} INFO - Setting next_dagrun for example_subdag_operator.section-1 to None, run_after=None
[2025-01-24T11:57:18.970+0000] {logging_mixin.py:120} INFO - [2025-01-24T11:57:18.970+0000] {dag.py:3340} INFO - Setting next_dagrun for example_subdag_operator.section-2 to None, run_after=None
[2025-01-24T11:57:18.982+0000] {logging_mixin.py:120} INFO - [2025-01-24T11:57:18.982+0000] {dag.py:2585} INFO - Sync 2 DAGs
[2025-01-24T11:57:18.992+0000] {logging_mixin.py:120} INFO - [2025-01-24T11:57:18.991+0000] {dag.py:3340} INFO - Setting next_dagrun for example_subdag_operator.section-1 to None, run_after=None
[2025-01-24T11:57:18.992+0000] {logging_mixin.py:120} INFO - [2025-01-24T11:57:18.992+0000] {dag.py:3340} INFO - Setting next_dagrun for example_subdag_operator.section-2 to None, run_after=None
[2025-01-24T11:57:19.013+0000] {processor.py:176} INFO - Processing /home/airflow/.local/lib/python3.7/site-packages/airflow/example_dags/example_subdag_operator.py took 0.416 seconds
[2025-01-24T11:57:49.240+0000] {processor.py:154} INFO - Started process (PID=753) to work on /home/airflow/.local/lib/python3.7/site-packages/airflow/example_dags/example_subdag_operator.py
[2025-01-24T11:57:49.251+0000] {processor.py:756} INFO - Processing file /home/airflow/.local/lib/python3.7/site-packages/airflow/example_dags/example_subdag_operator.py for tasks to queue
[2025-01-24T11:57:49.252+0000] {logging_mixin.py:120} INFO - [2025-01-24T11:57:49.251+0000] {dagbag.py:537} INFO - Filling up the DagBag from /home/airflow/.local/lib/python3.7/site-packages/airflow/example_dags/example_subdag_operator.py
[2025-01-24T11:57:49.301+0000] {processor.py:766} INFO - DAG(s) dict_keys(['example_subdag_operator.section-1', 'example_subdag_operator.section-2', 'example_subdag_operator']) retrieved from /home/airflow/.local/lib/python3.7/site-packages/airflow/example_dags/example_subdag_operator.py
[2025-01-24T11:57:49.532+0000] {logging_mixin.py:120} INFO - [2025-01-24T11:57:49.532+0000] {dag.py:2585} INFO - Sync 3 DAGs
[2025-01-24T11:57:49.568+0000] {logging_mixin.py:120} INFO - [2025-01-24T11:57:49.568+0000] {dag.py:3340} INFO - Setting next_dagrun for example_subdag_operator to 2022-01-01T00:00:00+00:00, run_after=2022-01-01T00:00:00+00:00
[2025-01-24T11:57:49.573+0000] {logging_mixin.py:120} INFO - [2025-01-24T11:57:49.573+0000] {dag.py:3340} INFO - Setting next_dagrun for example_subdag_operator.section-1 to None, run_after=None
[2025-01-24T11:57:49.575+0000] {logging_mixin.py:120} INFO - [2025-01-24T11:57:49.575+0000] {dag.py:3340} INFO - Setting next_dagrun for example_subdag_operator.section-2 to None, run_after=None
[2025-01-24T11:57:49.587+0000] {logging_mixin.py:120} INFO - [2025-01-24T11:57:49.587+0000] {dag.py:2585} INFO - Sync 2 DAGs
[2025-01-24T11:57:49.596+0000] {logging_mixin.py:120} INFO - [2025-01-24T11:57:49.596+0000] {dag.py:3340} INFO - Setting next_dagrun for example_subdag_operator.section-1 to None, run_after=None
[2025-01-24T11:57:49.596+0000] {logging_mixin.py:120} INFO - [2025-01-24T11:57:49.596+0000] {dag.py:3340} INFO - Setting next_dagrun for example_subdag_operator.section-2 to None, run_after=None
[2025-01-24T11:57:49.618+0000] {processor.py:176} INFO - Processing /home/airflow/.local/lib/python3.7/site-packages/airflow/example_dags/example_subdag_operator.py took 0.381 seconds
[2025-01-24T11:58:19.851+0000] {processor.py:154} INFO - Started process (PID=810) to work on /home/airflow/.local/lib/python3.7/site-packages/airflow/example_dags/example_subdag_operator.py
[2025-01-24T11:58:19.852+0000] {processor.py:756} INFO - Processing file /home/airflow/.local/lib/python3.7/site-packages/airflow/example_dags/example_subdag_operator.py for tasks to queue
[2025-01-24T11:58:19.852+0000] {logging_mixin.py:120} INFO - [2025-01-24T11:58:19.852+0000] {dagbag.py:537} INFO - Filling up the DagBag from /home/airflow/.local/lib/python3.7/site-packages/airflow/example_dags/example_subdag_operator.py
[2025-01-24T11:58:19.898+0000] {processor.py:766} INFO - DAG(s) dict_keys(['example_subdag_operator.section-1', 'example_subdag_operator.section-2', 'example_subdag_operator']) retrieved from /home/airflow/.local/lib/python3.7/site-packages/airflow/example_dags/example_subdag_operator.py
[2025-01-24T11:58:20.132+0000] {logging_mixin.py:120} INFO - [2025-01-24T11:58:20.132+0000] {dag.py:2585} INFO - Sync 3 DAGs
[2025-01-24T11:58:20.166+0000] {logging_mixin.py:120} INFO - [2025-01-24T11:58:20.166+0000] {dag.py:3340} INFO - Setting next_dagrun for example_subdag_operator to 2022-01-01T00:00:00+00:00, run_after=2022-01-01T00:00:00+00:00
[2025-01-24T11:58:20.171+0000] {logging_mixin.py:120} INFO - [2025-01-24T11:58:20.171+0000] {dag.py:3340} INFO - Setting next_dagrun for example_subdag_operator.section-1 to None, run_after=None
[2025-01-24T11:58:20.173+0000] {logging_mixin.py:120} INFO - [2025-01-24T11:58:20.173+0000] {dag.py:3340} INFO - Setting next_dagrun for example_subdag_operator.section-2 to None, run_after=None
[2025-01-24T11:58:20.185+0000] {logging_mixin.py:120} INFO - [2025-01-24T11:58:20.185+0000] {dag.py:2585} INFO - Sync 2 DAGs
[2025-01-24T11:58:20.194+0000] {logging_mixin.py:120} INFO - [2025-01-24T11:58:20.193+0000] {dag.py:3340} INFO - Setting next_dagrun for example_subdag_operator.section-1 to None, run_after=None
[2025-01-24T11:58:20.194+0000] {logging_mixin.py:120} INFO - [2025-01-24T11:58:20.194+0000] {dag.py:3340} INFO - Setting next_dagrun for example_subdag_operator.section-2 to None, run_after=None
[2025-01-24T11:58:20.229+0000] {processor.py:176} INFO - Processing /home/airflow/.local/lib/python3.7/site-packages/airflow/example_dags/example_subdag_operator.py took 0.383 seconds
[2025-01-24T11:58:50.344+0000] {processor.py:154} INFO - Started process (PID=875) to work on /home/airflow/.local/lib/python3.7/site-packages/airflow/example_dags/example_subdag_operator.py
[2025-01-24T11:58:50.345+0000] {processor.py:756} INFO - Processing file /home/airflow/.local/lib/python3.7/site-packages/airflow/example_dags/example_subdag_operator.py for tasks to queue
[2025-01-24T11:58:50.346+0000] {logging_mixin.py:120} INFO - [2025-01-24T11:58:50.345+0000] {dagbag.py:537} INFO - Filling up the DagBag from /home/airflow/.local/lib/python3.7/site-packages/airflow/example_dags/example_subdag_operator.py
[2025-01-24T11:58:50.391+0000] {processor.py:766} INFO - DAG(s) dict_keys(['example_subdag_operator.section-1', 'example_subdag_operator.section-2', 'example_subdag_operator']) retrieved from /home/airflow/.local/lib/python3.7/site-packages/airflow/example_dags/example_subdag_operator.py
[2025-01-24T11:58:50.630+0000] {logging_mixin.py:120} INFO - [2025-01-24T11:58:50.630+0000] {dag.py:2585} INFO - Sync 3 DAGs
[2025-01-24T11:58:50.666+0000] {logging_mixin.py:120} INFO - [2025-01-24T11:58:50.666+0000] {dag.py:3340} INFO - Setting next_dagrun for example_subdag_operator to 2022-01-01T00:00:00+00:00, run_after=2022-01-01T00:00:00+00:00
[2025-01-24T11:58:50.671+0000] {logging_mixin.py:120} INFO - [2025-01-24T11:58:50.670+0000] {dag.py:3340} INFO - Setting next_dagrun for example_subdag_operator.section-1 to None, run_after=None
[2025-01-24T11:58:50.672+0000] {logging_mixin.py:120} INFO - [2025-01-24T11:58:50.672+0000] {dag.py:3340} INFO - Setting next_dagrun for example_subdag_operator.section-2 to None, run_after=None
[2025-01-24T11:58:50.683+0000] {logging_mixin.py:120} INFO - [2025-01-24T11:58:50.683+0000] {dag.py:2585} INFO - Sync 2 DAGs
[2025-01-24T11:58:50.691+0000] {logging_mixin.py:120} INFO - [2025-01-24T11:58:50.691+0000] {dag.py:3340} INFO - Setting next_dagrun for example_subdag_operator.section-1 to None, run_after=None
[2025-01-24T11:58:50.691+0000] {logging_mixin.py:120} INFO - [2025-01-24T11:58:50.691+0000] {dag.py:3340} INFO - Setting next_dagrun for example_subdag_operator.section-2 to None, run_after=None
[2025-01-24T11:58:50.710+0000] {processor.py:176} INFO - Processing /home/airflow/.local/lib/python3.7/site-packages/airflow/example_dags/example_subdag_operator.py took 0.370 seconds
[2025-01-24T11:59:20.780+0000] {processor.py:154} INFO - Started process (PID=940) to work on /home/airflow/.local/lib/python3.7/site-packages/airflow/example_dags/example_subdag_operator.py
[2025-01-24T11:59:20.781+0000] {processor.py:756} INFO - Processing file /home/airflow/.local/lib/python3.7/site-packages/airflow/example_dags/example_subdag_operator.py for tasks to queue
[2025-01-24T11:59:20.781+0000] {logging_mixin.py:120} INFO - [2025-01-24T11:59:20.781+0000] {dagbag.py:537} INFO - Filling up the DagBag from /home/airflow/.local/lib/python3.7/site-packages/airflow/example_dags/example_subdag_operator.py
[2025-01-24T11:59:20.826+0000] {processor.py:766} INFO - DAG(s) dict_keys(['example_subdag_operator.section-1', 'example_subdag_operator.section-2', 'example_subdag_operator']) retrieved from /home/airflow/.local/lib/python3.7/site-packages/airflow/example_dags/example_subdag_operator.py
[2025-01-24T11:59:21.086+0000] {logging_mixin.py:120} INFO - [2025-01-24T11:59:21.086+0000] {dag.py:2585} INFO - Sync 3 DAGs
[2025-01-24T11:59:21.125+0000] {logging_mixin.py:120} INFO - [2025-01-24T11:59:21.125+0000] {dag.py:3340} INFO - Setting next_dagrun for example_subdag_operator to 2022-01-01T00:00:00+00:00, run_after=2022-01-01T00:00:00+00:00
[2025-01-24T11:59:21.130+0000] {logging_mixin.py:120} INFO - [2025-01-24T11:59:21.130+0000] {dag.py:3340} INFO - Setting next_dagrun for example_subdag_operator.section-1 to None, run_after=None
[2025-01-24T11:59:21.132+0000] {logging_mixin.py:120} INFO - [2025-01-24T11:59:21.132+0000] {dag.py:3340} INFO - Setting next_dagrun for example_subdag_operator.section-2 to None, run_after=None
[2025-01-24T11:59:21.144+0000] {logging_mixin.py:120} INFO - [2025-01-24T11:59:21.143+0000] {dag.py:2585} INFO - Sync 2 DAGs
[2025-01-24T11:59:21.153+0000] {logging_mixin.py:120} INFO - [2025-01-24T11:59:21.153+0000] {dag.py:3340} INFO - Setting next_dagrun for example_subdag_operator.section-1 to None, run_after=None
[2025-01-24T11:59:21.153+0000] {logging_mixin.py:120} INFO - [2025-01-24T11:59:21.153+0000] {dag.py:3340} INFO - Setting next_dagrun for example_subdag_operator.section-2 to None, run_after=None
[2025-01-24T11:59:21.173+0000] {processor.py:176} INFO - Processing /home/airflow/.local/lib/python3.7/site-packages/airflow/example_dags/example_subdag_operator.py took 0.398 seconds
[2025-01-24T11:59:51.271+0000] {processor.py:154} INFO - Started process (PID=996) to work on /home/airflow/.local/lib/python3.7/site-packages/airflow/example_dags/example_subdag_operator.py
[2025-01-24T11:59:51.272+0000] {processor.py:756} INFO - Processing file /home/airflow/.local/lib/python3.7/site-packages/airflow/example_dags/example_subdag_operator.py for tasks to queue
[2025-01-24T11:59:51.273+0000] {logging_mixin.py:120} INFO - [2025-01-24T11:59:51.273+0000] {dagbag.py:537} INFO - Filling up the DagBag from /home/airflow/.local/lib/python3.7/site-packages/airflow/example_dags/example_subdag_operator.py
[2025-01-24T11:59:51.324+0000] {processor.py:766} INFO - DAG(s) dict_keys(['example_subdag_operator.section-1', 'example_subdag_operator.section-2', 'example_subdag_operator']) retrieved from /home/airflow/.local/lib/python3.7/site-packages/airflow/example_dags/example_subdag_operator.py
[2025-01-24T11:59:51.566+0000] {logging_mixin.py:120} INFO - [2025-01-24T11:59:51.565+0000] {dag.py:2585} INFO - Sync 3 DAGs
[2025-01-24T11:59:51.602+0000] {logging_mixin.py:120} INFO - [2025-01-24T11:59:51.602+0000] {dag.py:3340} INFO - Setting next_dagrun for example_subdag_operator to 2022-01-01T00:00:00+00:00, run_after=2022-01-01T00:00:00+00:00
[2025-01-24T11:59:51.608+0000] {logging_mixin.py:120} INFO - [2025-01-24T11:59:51.608+0000] {dag.py:3340} INFO - Setting next_dagrun for example_subdag_operator.section-1 to None, run_after=None
[2025-01-24T11:59:51.610+0000] {logging_mixin.py:120} INFO - [2025-01-24T11:59:51.610+0000] {dag.py:3340} INFO - Setting next_dagrun for example_subdag_operator.section-2 to None, run_after=None
[2025-01-24T11:59:51.622+0000] {logging_mixin.py:120} INFO - [2025-01-24T11:59:51.622+0000] {dag.py:2585} INFO - Sync 2 DAGs
[2025-01-24T11:59:51.634+0000] {logging_mixin.py:120} INFO - [2025-01-24T11:59:51.633+0000] {dag.py:3340} INFO - Setting next_dagrun for example_subdag_operator.section-1 to None, run_after=None
[2025-01-24T11:59:51.634+0000] {logging_mixin.py:120} INFO - [2025-01-24T11:59:51.634+0000] {dag.py:3340} INFO - Setting next_dagrun for example_subdag_operator.section-2 to None, run_after=None
[2025-01-24T11:59:51.656+0000] {processor.py:176} INFO - Processing /home/airflow/.local/lib/python3.7/site-packages/airflow/example_dags/example_subdag_operator.py took 0.389 seconds
[2025-01-24T12:00:21.859+0000] {processor.py:154} INFO - Started process (PID=1061) to work on /home/airflow/.local/lib/python3.7/site-packages/airflow/example_dags/example_subdag_operator.py
[2025-01-24T12:00:21.860+0000] {processor.py:756} INFO - Processing file /home/airflow/.local/lib/python3.7/site-packages/airflow/example_dags/example_subdag_operator.py for tasks to queue
[2025-01-24T12:00:21.861+0000] {logging_mixin.py:120} INFO - [2025-01-24T12:00:21.861+0000] {dagbag.py:537} INFO - Filling up the DagBag from /home/airflow/.local/lib/python3.7/site-packages/airflow/example_dags/example_subdag_operator.py
[2025-01-24T12:00:21.911+0000] {processor.py:766} INFO - DAG(s) dict_keys(['example_subdag_operator.section-1', 'example_subdag_operator.section-2', 'example_subdag_operator']) retrieved from /home/airflow/.local/lib/python3.7/site-packages/airflow/example_dags/example_subdag_operator.py
[2025-01-24T12:00:22.148+0000] {logging_mixin.py:120} INFO - [2025-01-24T12:00:22.148+0000] {dag.py:2585} INFO - Sync 3 DAGs
[2025-01-24T12:00:22.178+0000] {logging_mixin.py:120} INFO - [2025-01-24T12:00:22.178+0000] {dag.py:3340} INFO - Setting next_dagrun for example_subdag_operator to 2022-01-01T00:00:00+00:00, run_after=2022-01-01T00:00:00+00:00
[2025-01-24T12:00:22.183+0000] {logging_mixin.py:120} INFO - [2025-01-24T12:00:22.182+0000] {dag.py:3340} INFO - Setting next_dagrun for example_subdag_operator.section-1 to None, run_after=None
[2025-01-24T12:00:22.184+0000] {logging_mixin.py:120} INFO - [2025-01-24T12:00:22.184+0000] {dag.py:3340} INFO - Setting next_dagrun for example_subdag_operator.section-2 to None, run_after=None
[2025-01-24T12:00:22.196+0000] {logging_mixin.py:120} INFO - [2025-01-24T12:00:22.196+0000] {dag.py:2585} INFO - Sync 2 DAGs
[2025-01-24T12:00:22.204+0000] {logging_mixin.py:120} INFO - [2025-01-24T12:00:22.204+0000] {dag.py:3340} INFO - Setting next_dagrun for example_subdag_operator.section-1 to None, run_after=None
[2025-01-24T12:00:22.205+0000] {logging_mixin.py:120} INFO - [2025-01-24T12:00:22.205+0000] {dag.py:3340} INFO - Setting next_dagrun for example_subdag_operator.section-2 to None, run_after=None
[2025-01-24T12:00:22.238+0000] {processor.py:176} INFO - Processing /home/airflow/.local/lib/python3.7/site-packages/airflow/example_dags/example_subdag_operator.py took 0.383 seconds
[2025-01-24T12:00:52.350+0000] {processor.py:154} INFO - Started process (PID=1111) to work on /home/airflow/.local/lib/python3.7/site-packages/airflow/example_dags/example_subdag_operator.py
[2025-01-24T12:00:52.361+0000] {processor.py:756} INFO - Processing file /home/airflow/.local/lib/python3.7/site-packages/airflow/example_dags/example_subdag_operator.py for tasks to queue
[2025-01-24T12:00:52.363+0000] {logging_mixin.py:120} INFO - [2025-01-24T12:00:52.362+0000] {dagbag.py:537} INFO - Filling up the DagBag from /home/airflow/.local/lib/python3.7/site-packages/airflow/example_dags/example_subdag_operator.py
[2025-01-24T12:00:52.419+0000] {processor.py:766} INFO - DAG(s) dict_keys(['example_subdag_operator.section-1', 'example_subdag_operator.section-2', 'example_subdag_operator']) retrieved from /home/airflow/.local/lib/python3.7/site-packages/airflow/example_dags/example_subdag_operator.py
[2025-01-24T12:00:52.692+0000] {logging_mixin.py:120} INFO - [2025-01-24T12:00:52.692+0000] {dag.py:2585} INFO - Sync 3 DAGs
[2025-01-24T12:00:52.739+0000] {logging_mixin.py:120} INFO - [2025-01-24T12:00:52.739+0000] {dag.py:3340} INFO - Setting next_dagrun for example_subdag_operator to 2022-01-01T00:00:00+00:00, run_after=2022-01-01T00:00:00+00:00
[2025-01-24T12:00:52.745+0000] {logging_mixin.py:120} INFO - [2025-01-24T12:00:52.745+0000] {dag.py:3340} INFO - Setting next_dagrun for example_subdag_operator.section-1 to None, run_after=None
[2025-01-24T12:00:52.747+0000] {logging_mixin.py:120} INFO - [2025-01-24T12:00:52.747+0000] {dag.py:3340} INFO - Setting next_dagrun for example_subdag_operator.section-2 to None, run_after=None
[2025-01-24T12:00:52.762+0000] {logging_mixin.py:120} INFO - [2025-01-24T12:00:52.762+0000] {dag.py:2585} INFO - Sync 2 DAGs
[2025-01-24T12:00:52.772+0000] {logging_mixin.py:120} INFO - [2025-01-24T12:00:52.771+0000] {dag.py:3340} INFO - Setting next_dagrun for example_subdag_operator.section-1 to None, run_after=None
[2025-01-24T12:00:52.772+0000] {logging_mixin.py:120} INFO - [2025-01-24T12:00:52.772+0000] {dag.py:3340} INFO - Setting next_dagrun for example_subdag_operator.section-2 to None, run_after=None
[2025-01-24T12:00:52.795+0000] {processor.py:176} INFO - Processing /home/airflow/.local/lib/python3.7/site-packages/airflow/example_dags/example_subdag_operator.py took 0.450 seconds
[2025-01-24T12:01:23.583+0000] {processor.py:154} INFO - Started process (PID=1176) to work on /home/airflow/.local/lib/python3.7/site-packages/airflow/example_dags/example_subdag_operator.py
[2025-01-24T12:01:23.594+0000] {processor.py:756} INFO - Processing file /home/airflow/.local/lib/python3.7/site-packages/airflow/example_dags/example_subdag_operator.py for tasks to queue
[2025-01-24T12:01:23.595+0000] {logging_mixin.py:120} INFO - [2025-01-24T12:01:23.595+0000] {dagbag.py:537} INFO - Filling up the DagBag from /home/airflow/.local/lib/python3.7/site-packages/airflow/example_dags/example_subdag_operator.py
[2025-01-24T12:01:23.638+0000] {processor.py:766} INFO - DAG(s) dict_keys(['example_subdag_operator.section-1', 'example_subdag_operator.section-2', 'example_subdag_operator']) retrieved from /home/airflow/.local/lib/python3.7/site-packages/airflow/example_dags/example_subdag_operator.py
[2025-01-24T12:01:23.861+0000] {logging_mixin.py:120} INFO - [2025-01-24T12:01:23.860+0000] {dag.py:2585} INFO - Sync 3 DAGs
[2025-01-24T12:01:23.894+0000] {logging_mixin.py:120} INFO - [2025-01-24T12:01:23.894+0000] {dag.py:3340} INFO - Setting next_dagrun for example_subdag_operator to 2022-01-01T00:00:00+00:00, run_after=2022-01-01T00:00:00+00:00
[2025-01-24T12:01:23.899+0000] {logging_mixin.py:120} INFO - [2025-01-24T12:01:23.899+0000] {dag.py:3340} INFO - Setting next_dagrun for example_subdag_operator.section-1 to None, run_after=None
[2025-01-24T12:01:23.900+0000] {logging_mixin.py:120} INFO - [2025-01-24T12:01:23.900+0000] {dag.py:3340} INFO - Setting next_dagrun for example_subdag_operator.section-2 to None, run_after=None
[2025-01-24T12:01:23.910+0000] {logging_mixin.py:120} INFO - [2025-01-24T12:01:23.910+0000] {dag.py:2585} INFO - Sync 2 DAGs
[2025-01-24T12:01:23.918+0000] {logging_mixin.py:120} INFO - [2025-01-24T12:01:23.918+0000] {dag.py:3340} INFO - Setting next_dagrun for example_subdag_operator.section-1 to None, run_after=None
[2025-01-24T12:01:23.918+0000] {logging_mixin.py:120} INFO - [2025-01-24T12:01:23.918+0000] {dag.py:3340} INFO - Setting next_dagrun for example_subdag_operator.section-2 to None, run_after=None
[2025-01-24T12:01:23.935+0000] {processor.py:176} INFO - Processing /home/airflow/.local/lib/python3.7/site-packages/airflow/example_dags/example_subdag_operator.py took 0.359 seconds
[2025-01-24T12:01:54.158+0000] {processor.py:154} INFO - Started process (PID=1242) to work on /home/airflow/.local/lib/python3.7/site-packages/airflow/example_dags/example_subdag_operator.py
[2025-01-24T12:01:54.159+0000] {processor.py:756} INFO - Processing file /home/airflow/.local/lib/python3.7/site-packages/airflow/example_dags/example_subdag_operator.py for tasks to queue
[2025-01-24T12:01:54.160+0000] {logging_mixin.py:120} INFO - [2025-01-24T12:01:54.160+0000] {dagbag.py:537} INFO - Filling up the DagBag from /home/airflow/.local/lib/python3.7/site-packages/airflow/example_dags/example_subdag_operator.py
[2025-01-24T12:01:54.210+0000] {processor.py:766} INFO - DAG(s) dict_keys(['example_subdag_operator.section-1', 'example_subdag_operator.section-2', 'example_subdag_operator']) retrieved from /home/airflow/.local/lib/python3.7/site-packages/airflow/example_dags/example_subdag_operator.py
[2025-01-24T12:01:54.441+0000] {logging_mixin.py:120} INFO - [2025-01-24T12:01:54.441+0000] {dag.py:2585} INFO - Sync 3 DAGs
[2025-01-24T12:01:54.476+0000] {logging_mixin.py:120} INFO - [2025-01-24T12:01:54.476+0000] {dag.py:3340} INFO - Setting next_dagrun for example_subdag_operator to 2022-01-01T00:00:00+00:00, run_after=2022-01-01T00:00:00+00:00
[2025-01-24T12:01:54.481+0000] {logging_mixin.py:120} INFO - [2025-01-24T12:01:54.481+0000] {dag.py:3340} INFO - Setting next_dagrun for example_subdag_operator.section-1 to None, run_after=None
[2025-01-24T12:01:54.483+0000] {logging_mixin.py:120} INFO - [2025-01-24T12:01:54.482+0000] {dag.py:3340} INFO - Setting next_dagrun for example_subdag_operator.section-2 to None, run_after=None
[2025-01-24T12:01:54.493+0000] {logging_mixin.py:120} INFO - [2025-01-24T12:01:54.492+0000] {dag.py:2585} INFO - Sync 2 DAGs
[2025-01-24T12:01:54.501+0000] {logging_mixin.py:120} INFO - [2025-01-24T12:01:54.501+0000] {dag.py:3340} INFO - Setting next_dagrun for example_subdag_operator.section-1 to None, run_after=None
[2025-01-24T12:01:54.501+0000] {logging_mixin.py:120} INFO - [2025-01-24T12:01:54.501+0000] {dag.py:3340} INFO - Setting next_dagrun for example_subdag_operator.section-2 to None, run_after=None
[2025-01-24T12:01:54.525+0000] {processor.py:176} INFO - Processing /home/airflow/.local/lib/python3.7/site-packages/airflow/example_dags/example_subdag_operator.py took 0.371 seconds
[2025-01-24T12:02:24.619+0000] {processor.py:154} INFO - Started process (PID=1298) to work on /home/airflow/.local/lib/python3.7/site-packages/airflow/example_dags/example_subdag_operator.py
[2025-01-24T12:02:24.620+0000] {processor.py:756} INFO - Processing file /home/airflow/.local/lib/python3.7/site-packages/airflow/example_dags/example_subdag_operator.py for tasks to queue
[2025-01-24T12:02:24.621+0000] {logging_mixin.py:120} INFO - [2025-01-24T12:02:24.620+0000] {dagbag.py:537} INFO - Filling up the DagBag from /home/airflow/.local/lib/python3.7/site-packages/airflow/example_dags/example_subdag_operator.py
[2025-01-24T12:02:24.676+0000] {processor.py:766} INFO - DAG(s) dict_keys(['example_subdag_operator.section-1', 'example_subdag_operator.section-2', 'example_subdag_operator']) retrieved from /home/airflow/.local/lib/python3.7/site-packages/airflow/example_dags/example_subdag_operator.py
[2025-01-24T12:02:24.940+0000] {logging_mixin.py:120} INFO - [2025-01-24T12:02:24.940+0000] {dag.py:2585} INFO - Sync 3 DAGs
[2025-01-24T12:02:24.988+0000] {logging_mixin.py:120} INFO - [2025-01-24T12:02:24.987+0000] {dag.py:3340} INFO - Setting next_dagrun for example_subdag_operator to 2022-01-01T00:00:00+00:00, run_after=2022-01-01T00:00:00+00:00
[2025-01-24T12:02:24.994+0000] {logging_mixin.py:120} INFO - [2025-01-24T12:02:24.993+0000] {dag.py:3340} INFO - Setting next_dagrun for example_subdag_operator.section-1 to None, run_after=None
[2025-01-24T12:02:24.996+0000] {logging_mixin.py:120} INFO - [2025-01-24T12:02:24.996+0000] {dag.py:3340} INFO - Setting next_dagrun for example_subdag_operator.section-2 to None, run_after=None
[2025-01-24T12:02:25.012+0000] {logging_mixin.py:120} INFO - [2025-01-24T12:02:25.011+0000] {dag.py:2585} INFO - Sync 2 DAGs
[2025-01-24T12:02:25.023+0000] {logging_mixin.py:120} INFO - [2025-01-24T12:02:25.022+0000] {dag.py:3340} INFO - Setting next_dagrun for example_subdag_operator.section-1 to None, run_after=None
[2025-01-24T12:02:25.023+0000] {logging_mixin.py:120} INFO - [2025-01-24T12:02:25.023+0000] {dag.py:3340} INFO - Setting next_dagrun for example_subdag_operator.section-2 to None, run_after=None
[2025-01-24T12:02:25.050+0000] {processor.py:176} INFO - Processing /home/airflow/.local/lib/python3.7/site-packages/airflow/example_dags/example_subdag_operator.py took 0.435 seconds
[2025-01-24T12:02:55.098+0000] {processor.py:154} INFO - Started process (PID=1363) to work on /home/airflow/.local/lib/python3.7/site-packages/airflow/example_dags/example_subdag_operator.py
[2025-01-24T12:02:55.099+0000] {processor.py:756} INFO - Processing file /home/airflow/.local/lib/python3.7/site-packages/airflow/example_dags/example_subdag_operator.py for tasks to queue
[2025-01-24T12:02:55.100+0000] {logging_mixin.py:120} INFO - [2025-01-24T12:02:55.100+0000] {dagbag.py:537} INFO - Filling up the DagBag from /home/airflow/.local/lib/python3.7/site-packages/airflow/example_dags/example_subdag_operator.py
[2025-01-24T12:02:55.140+0000] {processor.py:766} INFO - DAG(s) dict_keys(['example_subdag_operator.section-1', 'example_subdag_operator.section-2', 'example_subdag_operator']) retrieved from /home/airflow/.local/lib/python3.7/site-packages/airflow/example_dags/example_subdag_operator.py
[2025-01-24T12:02:55.317+0000] {logging_mixin.py:120} INFO - [2025-01-24T12:02:55.316+0000] {dag.py:2585} INFO - Sync 3 DAGs
[2025-01-24T12:02:55.344+0000] {logging_mixin.py:120} INFO - [2025-01-24T12:02:55.344+0000] {dag.py:3340} INFO - Setting next_dagrun for example_subdag_operator to 2022-01-01T00:00:00+00:00, run_after=2022-01-01T00:00:00+00:00
[2025-01-24T12:02:55.347+0000] {logging_mixin.py:120} INFO - [2025-01-24T12:02:55.347+0000] {dag.py:3340} INFO - Setting next_dagrun for example_subdag_operator.section-1 to None, run_after=None
[2025-01-24T12:02:55.349+0000] {logging_mixin.py:120} INFO - [2025-01-24T12:02:55.349+0000] {dag.py:3340} INFO - Setting next_dagrun for example_subdag_operator.section-2 to None, run_after=None
[2025-01-24T12:02:55.357+0000] {logging_mixin.py:120} INFO - [2025-01-24T12:02:55.357+0000] {dag.py:2585} INFO - Sync 2 DAGs
[2025-01-24T12:02:55.363+0000] {logging_mixin.py:120} INFO - [2025-01-24T12:02:55.363+0000] {dag.py:3340} INFO - Setting next_dagrun for example_subdag_operator.section-1 to None, run_after=None
[2025-01-24T12:02:55.363+0000] {logging_mixin.py:120} INFO - [2025-01-24T12:02:55.363+0000] {dag.py:3340} INFO - Setting next_dagrun for example_subdag_operator.section-2 to None, run_after=None
[2025-01-24T12:02:55.380+0000] {processor.py:176} INFO - Processing /home/airflow/.local/lib/python3.7/site-packages/airflow/example_dags/example_subdag_operator.py took 0.288 seconds
[2025-01-24T12:03:25.440+0000] {processor.py:154} INFO - Started process (PID=1418) to work on /home/airflow/.local/lib/python3.7/site-packages/airflow/example_dags/example_subdag_operator.py
[2025-01-24T12:03:25.441+0000] {processor.py:756} INFO - Processing file /home/airflow/.local/lib/python3.7/site-packages/airflow/example_dags/example_subdag_operator.py for tasks to queue
[2025-01-24T12:03:25.442+0000] {logging_mixin.py:120} INFO - [2025-01-24T12:03:25.442+0000] {dagbag.py:537} INFO - Filling up the DagBag from /home/airflow/.local/lib/python3.7/site-packages/airflow/example_dags/example_subdag_operator.py
[2025-01-24T12:03:25.481+0000] {processor.py:766} INFO - DAG(s) dict_keys(['example_subdag_operator.section-1', 'example_subdag_operator.section-2', 'example_subdag_operator']) retrieved from /home/airflow/.local/lib/python3.7/site-packages/airflow/example_dags/example_subdag_operator.py
[2025-01-24T12:03:25.724+0000] {logging_mixin.py:120} INFO - [2025-01-24T12:03:25.724+0000] {dag.py:2585} INFO - Sync 3 DAGs
[2025-01-24T12:03:25.758+0000] {logging_mixin.py:120} INFO - [2025-01-24T12:03:25.758+0000] {dag.py:3340} INFO - Setting next_dagrun for example_subdag_operator to 2022-01-01T00:00:00+00:00, run_after=2022-01-01T00:00:00+00:00
[2025-01-24T12:03:25.763+0000] {logging_mixin.py:120} INFO - [2025-01-24T12:03:25.762+0000] {dag.py:3340} INFO - Setting next_dagrun for example_subdag_operator.section-1 to None, run_after=None
[2025-01-24T12:03:25.764+0000] {logging_mixin.py:120} INFO - [2025-01-24T12:03:25.764+0000] {dag.py:3340} INFO - Setting next_dagrun for example_subdag_operator.section-2 to None, run_after=None
[2025-01-24T12:03:25.774+0000] {logging_mixin.py:120} INFO - [2025-01-24T12:03:25.773+0000] {dag.py:2585} INFO - Sync 2 DAGs
[2025-01-24T12:03:25.782+0000] {logging_mixin.py:120} INFO - [2025-01-24T12:03:25.782+0000] {dag.py:3340} INFO - Setting next_dagrun for example_subdag_operator.section-1 to None, run_after=None
[2025-01-24T12:03:25.782+0000] {logging_mixin.py:120} INFO - [2025-01-24T12:03:25.782+0000] {dag.py:3340} INFO - Setting next_dagrun for example_subdag_operator.section-2 to None, run_after=None
[2025-01-24T12:03:25.810+0000] {processor.py:176} INFO - Processing /home/airflow/.local/lib/python3.7/site-packages/airflow/example_dags/example_subdag_operator.py took 0.374 seconds
[2025-01-24T12:03:56.711+0000] {processor.py:154} INFO - Started process (PID=1482) to work on /home/airflow/.local/lib/python3.7/site-packages/airflow/example_dags/example_subdag_operator.py
[2025-01-24T12:03:56.722+0000] {processor.py:756} INFO - Processing file /home/airflow/.local/lib/python3.7/site-packages/airflow/example_dags/example_subdag_operator.py for tasks to queue
[2025-01-24T12:03:56.724+0000] {logging_mixin.py:120} INFO - [2025-01-24T12:03:56.724+0000] {dagbag.py:537} INFO - Filling up the DagBag from /home/airflow/.local/lib/python3.7/site-packages/airflow/example_dags/example_subdag_operator.py
[2025-01-24T12:03:56.778+0000] {processor.py:766} INFO - DAG(s) dict_keys(['example_subdag_operator.section-1', 'example_subdag_operator.section-2', 'example_subdag_operator']) retrieved from /home/airflow/.local/lib/python3.7/site-packages/airflow/example_dags/example_subdag_operator.py
[2025-01-24T12:03:57.018+0000] {logging_mixin.py:120} INFO - [2025-01-24T12:03:57.018+0000] {dag.py:2585} INFO - Sync 3 DAGs
[2025-01-24T12:03:57.057+0000] {logging_mixin.py:120} INFO - [2025-01-24T12:03:57.057+0000] {dag.py:3340} INFO - Setting next_dagrun for example_subdag_operator to 2022-01-01T00:00:00+00:00, run_after=2022-01-01T00:00:00+00:00
[2025-01-24T12:03:57.063+0000] {logging_mixin.py:120} INFO - [2025-01-24T12:03:57.063+0000] {dag.py:3340} INFO - Setting next_dagrun for example_subdag_operator.section-1 to None, run_after=None
[2025-01-24T12:03:57.065+0000] {logging_mixin.py:120} INFO - [2025-01-24T12:03:57.065+0000] {dag.py:3340} INFO - Setting next_dagrun for example_subdag_operator.section-2 to None, run_after=None
[2025-01-24T12:03:57.079+0000] {logging_mixin.py:120} INFO - [2025-01-24T12:03:57.078+0000] {dag.py:2585} INFO - Sync 2 DAGs
[2025-01-24T12:03:57.089+0000] {logging_mixin.py:120} INFO - [2025-01-24T12:03:57.089+0000] {dag.py:3340} INFO - Setting next_dagrun for example_subdag_operator.section-1 to None, run_after=None
[2025-01-24T12:03:57.090+0000] {logging_mixin.py:120} INFO - [2025-01-24T12:03:57.089+0000] {dag.py:3340} INFO - Setting next_dagrun for example_subdag_operator.section-2 to None, run_after=None
[2025-01-24T12:03:57.110+0000] {processor.py:176} INFO - Processing /home/airflow/.local/lib/python3.7/site-packages/airflow/example_dags/example_subdag_operator.py took 0.404 seconds
[2025-01-24T12:04:27.689+0000] {processor.py:154} INFO - Started process (PID=1546) to work on /home/airflow/.local/lib/python3.7/site-packages/airflow/example_dags/example_subdag_operator.py
[2025-01-24T12:04:27.690+0000] {processor.py:756} INFO - Processing file /home/airflow/.local/lib/python3.7/site-packages/airflow/example_dags/example_subdag_operator.py for tasks to queue
[2025-01-24T12:04:27.692+0000] {logging_mixin.py:120} INFO - [2025-01-24T12:04:27.691+0000] {dagbag.py:537} INFO - Filling up the DagBag from /home/airflow/.local/lib/python3.7/site-packages/airflow/example_dags/example_subdag_operator.py
[2025-01-24T12:04:27.759+0000] {processor.py:766} INFO - DAG(s) dict_keys(['example_subdag_operator.section-1', 'example_subdag_operator.section-2', 'example_subdag_operator']) retrieved from /home/airflow/.local/lib/python3.7/site-packages/airflow/example_dags/example_subdag_operator.py
[2025-01-24T12:04:28.026+0000] {logging_mixin.py:120} INFO - [2025-01-24T12:04:28.026+0000] {dag.py:2585} INFO - Sync 3 DAGs
[2025-01-24T12:04:28.073+0000] {logging_mixin.py:120} INFO - [2025-01-24T12:04:28.072+0000] {dag.py:3340} INFO - Setting next_dagrun for example_subdag_operator to 2022-01-01T00:00:00+00:00, run_after=2022-01-01T00:00:00+00:00
[2025-01-24T12:04:28.079+0000] {logging_mixin.py:120} INFO - [2025-01-24T12:04:28.079+0000] {dag.py:3340} INFO - Setting next_dagrun for example_subdag_operator.section-1 to None, run_after=None
[2025-01-24T12:04:28.081+0000] {logging_mixin.py:120} INFO - [2025-01-24T12:04:28.081+0000] {dag.py:3340} INFO - Setting next_dagrun for example_subdag_operator.section-2 to None, run_after=None
[2025-01-24T12:04:28.098+0000] {logging_mixin.py:120} INFO - [2025-01-24T12:04:28.097+0000] {dag.py:2585} INFO - Sync 2 DAGs
[2025-01-24T12:04:28.109+0000] {logging_mixin.py:120} INFO - [2025-01-24T12:04:28.109+0000] {dag.py:3340} INFO - Setting next_dagrun for example_subdag_operator.section-1 to None, run_after=None
[2025-01-24T12:04:28.110+0000] {logging_mixin.py:120} INFO - [2025-01-24T12:04:28.110+0000] {dag.py:3340} INFO - Setting next_dagrun for example_subdag_operator.section-2 to None, run_after=None
[2025-01-24T12:04:28.133+0000] {processor.py:176} INFO - Processing /home/airflow/.local/lib/python3.7/site-packages/airflow/example_dags/example_subdag_operator.py took 0.452 seconds
[2025-01-24T12:04:58.239+0000] {processor.py:154} INFO - Started process (PID=1602) to work on /home/airflow/.local/lib/python3.7/site-packages/airflow/example_dags/example_subdag_operator.py
[2025-01-24T12:04:58.240+0000] {processor.py:756} INFO - Processing file /home/airflow/.local/lib/python3.7/site-packages/airflow/example_dags/example_subdag_operator.py for tasks to queue
[2025-01-24T12:04:58.241+0000] {logging_mixin.py:120} INFO - [2025-01-24T12:04:58.241+0000] {dagbag.py:537} INFO - Filling up the DagBag from /home/airflow/.local/lib/python3.7/site-packages/airflow/example_dags/example_subdag_operator.py
[2025-01-24T12:04:58.297+0000] {processor.py:766} INFO - DAG(s) dict_keys(['example_subdag_operator.section-1', 'example_subdag_operator.section-2', 'example_subdag_operator']) retrieved from /home/airflow/.local/lib/python3.7/site-packages/airflow/example_dags/example_subdag_operator.py
[2025-01-24T12:04:58.562+0000] {logging_mixin.py:120} INFO - [2025-01-24T12:04:58.561+0000] {dag.py:2585} INFO - Sync 3 DAGs
[2025-01-24T12:04:58.600+0000] {logging_mixin.py:120} INFO - [2025-01-24T12:04:58.599+0000] {dag.py:3340} INFO - Setting next_dagrun for example_subdag_operator to 2022-01-01T00:00:00+00:00, run_after=2022-01-01T00:00:00+00:00
[2025-01-24T12:04:58.604+0000] {logging_mixin.py:120} INFO - [2025-01-24T12:04:58.604+0000] {dag.py:3340} INFO - Setting next_dagrun for example_subdag_operator.section-1 to None, run_after=None
[2025-01-24T12:04:58.606+0000] {logging_mixin.py:120} INFO - [2025-01-24T12:04:58.606+0000] {dag.py:3340} INFO - Setting next_dagrun for example_subdag_operator.section-2 to None, run_after=None
[2025-01-24T12:04:58.616+0000] {logging_mixin.py:120} INFO - [2025-01-24T12:04:58.616+0000] {dag.py:2585} INFO - Sync 2 DAGs
[2025-01-24T12:04:58.624+0000] {logging_mixin.py:120} INFO - [2025-01-24T12:04:58.623+0000] {dag.py:3340} INFO - Setting next_dagrun for example_subdag_operator.section-1 to None, run_after=None
[2025-01-24T12:04:58.624+0000] {logging_mixin.py:120} INFO - [2025-01-24T12:04:58.624+0000] {dag.py:3340} INFO - Setting next_dagrun for example_subdag_operator.section-2 to None, run_after=None
[2025-01-24T12:04:58.641+0000] {processor.py:176} INFO - Processing /home/airflow/.local/lib/python3.7/site-packages/airflow/example_dags/example_subdag_operator.py took 0.410 seconds
[2025-01-24T12:05:28.877+0000] {processor.py:154} INFO - Started process (PID=1668) to work on /home/airflow/.local/lib/python3.7/site-packages/airflow/example_dags/example_subdag_operator.py
[2025-01-24T12:05:28.878+0000] {processor.py:756} INFO - Processing file /home/airflow/.local/lib/python3.7/site-packages/airflow/example_dags/example_subdag_operator.py for tasks to queue
[2025-01-24T12:05:28.878+0000] {logging_mixin.py:120} INFO - [2025-01-24T12:05:28.878+0000] {dagbag.py:537} INFO - Filling up the DagBag from /home/airflow/.local/lib/python3.7/site-packages/airflow/example_dags/example_subdag_operator.py
[2025-01-24T12:05:28.928+0000] {processor.py:766} INFO - DAG(s) dict_keys(['example_subdag_operator.section-1', 'example_subdag_operator.section-2', 'example_subdag_operator']) retrieved from /home/airflow/.local/lib/python3.7/site-packages/airflow/example_dags/example_subdag_operator.py
[2025-01-24T12:05:29.119+0000] {logging_mixin.py:120} INFO - [2025-01-24T12:05:29.119+0000] {dag.py:2585} INFO - Sync 3 DAGs
[2025-01-24T12:05:29.152+0000] {logging_mixin.py:120} INFO - [2025-01-24T12:05:29.152+0000] {dag.py:3340} INFO - Setting next_dagrun for example_subdag_operator to 2022-01-01T00:00:00+00:00, run_after=2022-01-01T00:00:00+00:00
[2025-01-24T12:05:29.157+0000] {logging_mixin.py:120} INFO - [2025-01-24T12:05:29.157+0000] {dag.py:3340} INFO - Setting next_dagrun for example_subdag_operator.section-1 to None, run_after=None
[2025-01-24T12:05:29.158+0000] {logging_mixin.py:120} INFO - [2025-01-24T12:05:29.158+0000] {dag.py:3340} INFO - Setting next_dagrun for example_subdag_operator.section-2 to None, run_after=None
[2025-01-24T12:05:29.167+0000] {logging_mixin.py:120} INFO - [2025-01-24T12:05:29.167+0000] {dag.py:2585} INFO - Sync 2 DAGs
[2025-01-24T12:05:29.174+0000] {logging_mixin.py:120} INFO - [2025-01-24T12:05:29.173+0000] {dag.py:3340} INFO - Setting next_dagrun for example_subdag_operator.section-1 to None, run_after=None
[2025-01-24T12:05:29.174+0000] {logging_mixin.py:120} INFO - [2025-01-24T12:05:29.174+0000] {dag.py:3340} INFO - Setting next_dagrun for example_subdag_operator.section-2 to None, run_after=None
[2025-01-24T12:05:29.203+0000] {processor.py:176} INFO - Processing /home/airflow/.local/lib/python3.7/site-packages/airflow/example_dags/example_subdag_operator.py took 0.330 seconds
[2025-01-24T12:05:59.324+0000] {processor.py:154} INFO - Started process (PID=1724) to work on /home/airflow/.local/lib/python3.7/site-packages/airflow/example_dags/example_subdag_operator.py
[2025-01-24T12:05:59.325+0000] {processor.py:756} INFO - Processing file /home/airflow/.local/lib/python3.7/site-packages/airflow/example_dags/example_subdag_operator.py for tasks to queue
[2025-01-24T12:05:59.326+0000] {logging_mixin.py:120} INFO - [2025-01-24T12:05:59.326+0000] {dagbag.py:537} INFO - Filling up the DagBag from /home/airflow/.local/lib/python3.7/site-packages/airflow/example_dags/example_subdag_operator.py
[2025-01-24T12:05:59.378+0000] {processor.py:766} INFO - DAG(s) dict_keys(['example_subdag_operator.section-1', 'example_subdag_operator.section-2', 'example_subdag_operator']) retrieved from /home/airflow/.local/lib/python3.7/site-packages/airflow/example_dags/example_subdag_operator.py
[2025-01-24T12:05:59.575+0000] {logging_mixin.py:120} INFO - [2025-01-24T12:05:59.575+0000] {dag.py:2585} INFO - Sync 3 DAGs
[2025-01-24T12:05:59.600+0000] {logging_mixin.py:120} INFO - [2025-01-24T12:05:59.600+0000] {dag.py:3340} INFO - Setting next_dagrun for example_subdag_operator to 2022-01-01T00:00:00+00:00, run_after=2022-01-01T00:00:00+00:00
[2025-01-24T12:05:59.605+0000] {logging_mixin.py:120} INFO - [2025-01-24T12:05:59.604+0000] {dag.py:3340} INFO - Setting next_dagrun for example_subdag_operator.section-1 to None, run_after=None
[2025-01-24T12:05:59.606+0000] {logging_mixin.py:120} INFO - [2025-01-24T12:05:59.606+0000] {dag.py:3340} INFO - Setting next_dagrun for example_subdag_operator.section-2 to None, run_after=None
[2025-01-24T12:05:59.614+0000] {logging_mixin.py:120} INFO - [2025-01-24T12:05:59.614+0000] {dag.py:2585} INFO - Sync 2 DAGs
[2025-01-24T12:05:59.621+0000] {logging_mixin.py:120} INFO - [2025-01-24T12:05:59.621+0000] {dag.py:3340} INFO - Setting next_dagrun for example_subdag_operator.section-1 to None, run_after=None
[2025-01-24T12:05:59.622+0000] {logging_mixin.py:120} INFO - [2025-01-24T12:05:59.621+0000] {dag.py:3340} INFO - Setting next_dagrun for example_subdag_operator.section-2 to None, run_after=None
[2025-01-24T12:05:59.651+0000] {processor.py:176} INFO - Processing /home/airflow/.local/lib/python3.7/site-packages/airflow/example_dags/example_subdag_operator.py took 0.331 seconds
