[2025-01-24T17:06:15.031+0000] {processor.py:154} INFO - Started process (PID=69) to work on /home/airflow/.local/lib/python3.7/site-packages/airflow/example_dags/tutorial_taskflow_api.py
[2025-01-24T17:06:15.033+0000] {processor.py:756} INFO - Processing file /home/airflow/.local/lib/python3.7/site-packages/airflow/example_dags/tutorial_taskflow_api.py for tasks to queue
[2025-01-24T17:06:15.034+0000] {logging_mixin.py:120} INFO - [2025-01-24T17:06:15.034+0000] {dagbag.py:537} INFO - Filling up the DagBag from /home/airflow/.local/lib/python3.7/site-packages/airflow/example_dags/tutorial_taskflow_api.py
[2025-01-24T17:06:15.069+0000] {processor.py:766} INFO - DAG(s) dict_keys(['tutorial_taskflow_api']) retrieved from /home/airflow/.local/lib/python3.7/site-packages/airflow/example_dags/tutorial_taskflow_api.py
[2025-01-24T17:06:15.132+0000] {logging_mixin.py:120} INFO - [2025-01-24T17:06:15.132+0000] {dag.py:2585} INFO - Sync 1 DAGs
[2025-01-24T17:06:15.180+0000] {logging_mixin.py:120} INFO - [2025-01-24T17:06:15.179+0000] {dag.py:3340} INFO - Setting next_dagrun for tutorial_taskflow_api to None, run_after=None
[2025-01-24T17:06:15.221+0000] {processor.py:176} INFO - Processing /home/airflow/.local/lib/python3.7/site-packages/airflow/example_dags/tutorial_taskflow_api.py took 0.195 seconds
[2025-01-24T11:52:08.279+0000] {processor.py:154} INFO - Started process (PID=69) to work on /home/airflow/.local/lib/python3.7/site-packages/airflow/example_dags/tutorial_taskflow_api.py
[2025-01-24T11:52:08.280+0000] {processor.py:756} INFO - Processing file /home/airflow/.local/lib/python3.7/site-packages/airflow/example_dags/tutorial_taskflow_api.py for tasks to queue
[2025-01-24T11:52:08.281+0000] {logging_mixin.py:120} INFO - [2025-01-24T11:52:08.281+0000] {dagbag.py:537} INFO - Filling up the DagBag from /home/airflow/.local/lib/python3.7/site-packages/airflow/example_dags/tutorial_taskflow_api.py
[2025-01-24T11:52:08.316+0000] {processor.py:766} INFO - DAG(s) dict_keys(['tutorial_taskflow_api']) retrieved from /home/airflow/.local/lib/python3.7/site-packages/airflow/example_dags/tutorial_taskflow_api.py
[2025-01-24T11:52:08.396+0000] {logging_mixin.py:120} INFO - [2025-01-24T11:52:08.396+0000] {dag.py:2585} INFO - Sync 1 DAGs
[2025-01-24T11:52:08.442+0000] {logging_mixin.py:120} INFO - [2025-01-24T11:52:08.441+0000] {dag.py:3340} INFO - Setting next_dagrun for tutorial_taskflow_api to None, run_after=None
[2025-01-24T11:52:08.487+0000] {processor.py:176} INFO - Processing /home/airflow/.local/lib/python3.7/site-packages/airflow/example_dags/tutorial_taskflow_api.py took 0.212 seconds
[2025-01-24T11:52:39.017+0000] {processor.py:154} INFO - Started process (PID=133) to work on /home/airflow/.local/lib/python3.7/site-packages/airflow/example_dags/tutorial_taskflow_api.py
[2025-01-24T11:52:39.019+0000] {processor.py:756} INFO - Processing file /home/airflow/.local/lib/python3.7/site-packages/airflow/example_dags/tutorial_taskflow_api.py for tasks to queue
[2025-01-24T11:52:39.020+0000] {logging_mixin.py:120} INFO - [2025-01-24T11:52:39.020+0000] {dagbag.py:537} INFO - Filling up the DagBag from /home/airflow/.local/lib/python3.7/site-packages/airflow/example_dags/tutorial_taskflow_api.py
[2025-01-24T11:52:39.066+0000] {processor.py:766} INFO - DAG(s) dict_keys(['tutorial_taskflow_api']) retrieved from /home/airflow/.local/lib/python3.7/site-packages/airflow/example_dags/tutorial_taskflow_api.py
[2025-01-24T11:52:39.152+0000] {logging_mixin.py:120} INFO - [2025-01-24T11:52:39.152+0000] {dag.py:2585} INFO - Sync 1 DAGs
[2025-01-24T11:52:39.215+0000] {logging_mixin.py:120} INFO - [2025-01-24T11:52:39.214+0000] {dag.py:3340} INFO - Setting next_dagrun for tutorial_taskflow_api to None, run_after=None
[2025-01-24T11:52:39.260+0000] {processor.py:176} INFO - Processing /home/airflow/.local/lib/python3.7/site-packages/airflow/example_dags/tutorial_taskflow_api.py took 0.248 seconds
[2025-01-24T11:53:09.833+0000] {processor.py:154} INFO - Started process (PID=189) to work on /home/airflow/.local/lib/python3.7/site-packages/airflow/example_dags/tutorial_taskflow_api.py
[2025-01-24T11:53:09.835+0000] {processor.py:756} INFO - Processing file /home/airflow/.local/lib/python3.7/site-packages/airflow/example_dags/tutorial_taskflow_api.py for tasks to queue
[2025-01-24T11:53:09.836+0000] {logging_mixin.py:120} INFO - [2025-01-24T11:53:09.836+0000] {dagbag.py:537} INFO - Filling up the DagBag from /home/airflow/.local/lib/python3.7/site-packages/airflow/example_dags/tutorial_taskflow_api.py
[2025-01-24T11:53:09.869+0000] {processor.py:766} INFO - DAG(s) dict_keys(['tutorial_taskflow_api']) retrieved from /home/airflow/.local/lib/python3.7/site-packages/airflow/example_dags/tutorial_taskflow_api.py
[2025-01-24T11:53:09.927+0000] {logging_mixin.py:120} INFO - [2025-01-24T11:53:09.927+0000] {dag.py:2585} INFO - Sync 1 DAGs
[2025-01-24T11:53:09.968+0000] {logging_mixin.py:120} INFO - [2025-01-24T11:53:09.968+0000] {dag.py:3340} INFO - Setting next_dagrun for tutorial_taskflow_api to None, run_after=None
[2025-01-24T11:53:10.004+0000] {processor.py:176} INFO - Processing /home/airflow/.local/lib/python3.7/site-packages/airflow/example_dags/tutorial_taskflow_api.py took 0.176 seconds
[2025-01-24T11:53:40.333+0000] {processor.py:154} INFO - Started process (PID=253) to work on /home/airflow/.local/lib/python3.7/site-packages/airflow/example_dags/tutorial_taskflow_api.py
[2025-01-24T11:53:40.334+0000] {processor.py:756} INFO - Processing file /home/airflow/.local/lib/python3.7/site-packages/airflow/example_dags/tutorial_taskflow_api.py for tasks to queue
[2025-01-24T11:53:40.335+0000] {logging_mixin.py:120} INFO - [2025-01-24T11:53:40.335+0000] {dagbag.py:537} INFO - Filling up the DagBag from /home/airflow/.local/lib/python3.7/site-packages/airflow/example_dags/tutorial_taskflow_api.py
[2025-01-24T11:53:40.370+0000] {processor.py:766} INFO - DAG(s) dict_keys(['tutorial_taskflow_api']) retrieved from /home/airflow/.local/lib/python3.7/site-packages/airflow/example_dags/tutorial_taskflow_api.py
[2025-01-24T11:53:40.441+0000] {logging_mixin.py:120} INFO - [2025-01-24T11:53:40.441+0000] {dag.py:2585} INFO - Sync 1 DAGs
[2025-01-24T11:53:40.477+0000] {logging_mixin.py:120} INFO - [2025-01-24T11:53:40.477+0000] {dag.py:3340} INFO - Setting next_dagrun for tutorial_taskflow_api to None, run_after=None
[2025-01-24T11:53:40.514+0000] {processor.py:176} INFO - Processing /home/airflow/.local/lib/python3.7/site-packages/airflow/example_dags/tutorial_taskflow_api.py took 0.187 seconds
[2025-01-24T11:54:11.066+0000] {processor.py:154} INFO - Started process (PID=308) to work on /home/airflow/.local/lib/python3.7/site-packages/airflow/example_dags/tutorial_taskflow_api.py
[2025-01-24T11:54:11.067+0000] {processor.py:756} INFO - Processing file /home/airflow/.local/lib/python3.7/site-packages/airflow/example_dags/tutorial_taskflow_api.py for tasks to queue
[2025-01-24T11:54:11.068+0000] {logging_mixin.py:120} INFO - [2025-01-24T11:54:11.068+0000] {dagbag.py:537} INFO - Filling up the DagBag from /home/airflow/.local/lib/python3.7/site-packages/airflow/example_dags/tutorial_taskflow_api.py
[2025-01-24T11:54:11.099+0000] {processor.py:766} INFO - DAG(s) dict_keys(['tutorial_taskflow_api']) retrieved from /home/airflow/.local/lib/python3.7/site-packages/airflow/example_dags/tutorial_taskflow_api.py
[2025-01-24T11:54:11.172+0000] {logging_mixin.py:120} INFO - [2025-01-24T11:54:11.171+0000] {dag.py:2585} INFO - Sync 1 DAGs
[2025-01-24T11:54:11.213+0000] {logging_mixin.py:120} INFO - [2025-01-24T11:54:11.213+0000] {dag.py:3340} INFO - Setting next_dagrun for tutorial_taskflow_api to None, run_after=None
[2025-01-24T11:54:11.250+0000] {processor.py:176} INFO - Processing /home/airflow/.local/lib/python3.7/site-packages/airflow/example_dags/tutorial_taskflow_api.py took 0.189 seconds
[2025-01-24T11:54:41.917+0000] {processor.py:154} INFO - Started process (PID=372) to work on /home/airflow/.local/lib/python3.7/site-packages/airflow/example_dags/tutorial_taskflow_api.py
[2025-01-24T11:54:41.918+0000] {processor.py:756} INFO - Processing file /home/airflow/.local/lib/python3.7/site-packages/airflow/example_dags/tutorial_taskflow_api.py for tasks to queue
[2025-01-24T11:54:41.919+0000] {logging_mixin.py:120} INFO - [2025-01-24T11:54:41.919+0000] {dagbag.py:537} INFO - Filling up the DagBag from /home/airflow/.local/lib/python3.7/site-packages/airflow/example_dags/tutorial_taskflow_api.py
[2025-01-24T11:54:41.951+0000] {processor.py:766} INFO - DAG(s) dict_keys(['tutorial_taskflow_api']) retrieved from /home/airflow/.local/lib/python3.7/site-packages/airflow/example_dags/tutorial_taskflow_api.py
[2025-01-24T11:54:42.013+0000] {logging_mixin.py:120} INFO - [2025-01-24T11:54:42.012+0000] {dag.py:2585} INFO - Sync 1 DAGs
[2025-01-24T11:54:42.054+0000] {logging_mixin.py:120} INFO - [2025-01-24T11:54:42.054+0000] {dag.py:3340} INFO - Setting next_dagrun for tutorial_taskflow_api to None, run_after=None
[2025-01-24T11:54:42.086+0000] {processor.py:176} INFO - Processing /home/airflow/.local/lib/python3.7/site-packages/airflow/example_dags/tutorial_taskflow_api.py took 0.174 seconds
[2025-01-24T11:55:12.564+0000] {processor.py:154} INFO - Started process (PID=427) to work on /home/airflow/.local/lib/python3.7/site-packages/airflow/example_dags/tutorial_taskflow_api.py
[2025-01-24T11:55:12.566+0000] {processor.py:756} INFO - Processing file /home/airflow/.local/lib/python3.7/site-packages/airflow/example_dags/tutorial_taskflow_api.py for tasks to queue
[2025-01-24T11:55:12.567+0000] {logging_mixin.py:120} INFO - [2025-01-24T11:55:12.567+0000] {dagbag.py:537} INFO - Filling up the DagBag from /home/airflow/.local/lib/python3.7/site-packages/airflow/example_dags/tutorial_taskflow_api.py
[2025-01-24T11:55:12.598+0000] {processor.py:766} INFO - DAG(s) dict_keys(['tutorial_taskflow_api']) retrieved from /home/airflow/.local/lib/python3.7/site-packages/airflow/example_dags/tutorial_taskflow_api.py
[2025-01-24T11:55:12.660+0000] {logging_mixin.py:120} INFO - [2025-01-24T11:55:12.659+0000] {dag.py:2585} INFO - Sync 1 DAGs
[2025-01-24T11:55:12.709+0000] {logging_mixin.py:120} INFO - [2025-01-24T11:55:12.708+0000] {dag.py:3340} INFO - Setting next_dagrun for tutorial_taskflow_api to None, run_after=None
[2025-01-24T11:55:12.741+0000] {processor.py:176} INFO - Processing /home/airflow/.local/lib/python3.7/site-packages/airflow/example_dags/tutorial_taskflow_api.py took 0.181 seconds
[2025-01-24T11:55:43.290+0000] {processor.py:154} INFO - Started process (PID=491) to work on /home/airflow/.local/lib/python3.7/site-packages/airflow/example_dags/tutorial_taskflow_api.py
[2025-01-24T11:55:43.291+0000] {processor.py:756} INFO - Processing file /home/airflow/.local/lib/python3.7/site-packages/airflow/example_dags/tutorial_taskflow_api.py for tasks to queue
[2025-01-24T11:55:43.292+0000] {logging_mixin.py:120} INFO - [2025-01-24T11:55:43.292+0000] {dagbag.py:537} INFO - Filling up the DagBag from /home/airflow/.local/lib/python3.7/site-packages/airflow/example_dags/tutorial_taskflow_api.py
[2025-01-24T11:55:43.324+0000] {processor.py:766} INFO - DAG(s) dict_keys(['tutorial_taskflow_api']) retrieved from /home/airflow/.local/lib/python3.7/site-packages/airflow/example_dags/tutorial_taskflow_api.py
[2025-01-24T11:55:43.387+0000] {logging_mixin.py:120} INFO - [2025-01-24T11:55:43.386+0000] {dag.py:2585} INFO - Sync 1 DAGs
[2025-01-24T11:55:43.430+0000] {logging_mixin.py:120} INFO - [2025-01-24T11:55:43.430+0000] {dag.py:3340} INFO - Setting next_dagrun for tutorial_taskflow_api to None, run_after=None
[2025-01-24T11:55:43.464+0000] {processor.py:176} INFO - Processing /home/airflow/.local/lib/python3.7/site-packages/airflow/example_dags/tutorial_taskflow_api.py took 0.179 seconds
[2025-01-24T11:56:13.824+0000] {processor.py:154} INFO - Started process (PID=556) to work on /home/airflow/.local/lib/python3.7/site-packages/airflow/example_dags/tutorial_taskflow_api.py
[2025-01-24T11:56:13.825+0000] {processor.py:756} INFO - Processing file /home/airflow/.local/lib/python3.7/site-packages/airflow/example_dags/tutorial_taskflow_api.py for tasks to queue
[2025-01-24T11:56:13.827+0000] {logging_mixin.py:120} INFO - [2025-01-24T11:56:13.826+0000] {dagbag.py:537} INFO - Filling up the DagBag from /home/airflow/.local/lib/python3.7/site-packages/airflow/example_dags/tutorial_taskflow_api.py
[2025-01-24T11:56:13.857+0000] {processor.py:766} INFO - DAG(s) dict_keys(['tutorial_taskflow_api']) retrieved from /home/airflow/.local/lib/python3.7/site-packages/airflow/example_dags/tutorial_taskflow_api.py
[2025-01-24T11:56:13.918+0000] {logging_mixin.py:120} INFO - [2025-01-24T11:56:13.918+0000] {dag.py:2585} INFO - Sync 1 DAGs
[2025-01-24T11:56:13.958+0000] {logging_mixin.py:120} INFO - [2025-01-24T11:56:13.957+0000] {dag.py:3340} INFO - Setting next_dagrun for tutorial_taskflow_api to None, run_after=None
[2025-01-24T11:56:13.993+0000] {processor.py:176} INFO - Processing /home/airflow/.local/lib/python3.7/site-packages/airflow/example_dags/tutorial_taskflow_api.py took 0.174 seconds
[2025-01-24T11:56:44.249+0000] {processor.py:154} INFO - Started process (PID=611) to work on /home/airflow/.local/lib/python3.7/site-packages/airflow/example_dags/tutorial_taskflow_api.py
[2025-01-24T11:56:44.251+0000] {processor.py:756} INFO - Processing file /home/airflow/.local/lib/python3.7/site-packages/airflow/example_dags/tutorial_taskflow_api.py for tasks to queue
[2025-01-24T11:56:44.252+0000] {logging_mixin.py:120} INFO - [2025-01-24T11:56:44.252+0000] {dagbag.py:537} INFO - Filling up the DagBag from /home/airflow/.local/lib/python3.7/site-packages/airflow/example_dags/tutorial_taskflow_api.py
[2025-01-24T11:56:44.283+0000] {processor.py:766} INFO - DAG(s) dict_keys(['tutorial_taskflow_api']) retrieved from /home/airflow/.local/lib/python3.7/site-packages/airflow/example_dags/tutorial_taskflow_api.py
[2025-01-24T11:56:44.341+0000] {logging_mixin.py:120} INFO - [2025-01-24T11:56:44.340+0000] {dag.py:2585} INFO - Sync 1 DAGs
[2025-01-24T11:56:44.378+0000] {logging_mixin.py:120} INFO - [2025-01-24T11:56:44.377+0000] {dag.py:3340} INFO - Setting next_dagrun for tutorial_taskflow_api to None, run_after=None
[2025-01-24T11:56:44.410+0000] {processor.py:176} INFO - Processing /home/airflow/.local/lib/python3.7/site-packages/airflow/example_dags/tutorial_taskflow_api.py took 0.166 seconds
[2025-01-24T11:57:15.045+0000] {processor.py:154} INFO - Started process (PID=675) to work on /home/airflow/.local/lib/python3.7/site-packages/airflow/example_dags/tutorial_taskflow_api.py
[2025-01-24T11:57:15.046+0000] {processor.py:756} INFO - Processing file /home/airflow/.local/lib/python3.7/site-packages/airflow/example_dags/tutorial_taskflow_api.py for tasks to queue
[2025-01-24T11:57:15.047+0000] {logging_mixin.py:120} INFO - [2025-01-24T11:57:15.047+0000] {dagbag.py:537} INFO - Filling up the DagBag from /home/airflow/.local/lib/python3.7/site-packages/airflow/example_dags/tutorial_taskflow_api.py
[2025-01-24T11:57:15.075+0000] {processor.py:766} INFO - DAG(s) dict_keys(['tutorial_taskflow_api']) retrieved from /home/airflow/.local/lib/python3.7/site-packages/airflow/example_dags/tutorial_taskflow_api.py
[2025-01-24T11:57:15.139+0000] {logging_mixin.py:120} INFO - [2025-01-24T11:57:15.139+0000] {dag.py:2585} INFO - Sync 1 DAGs
[2025-01-24T11:57:15.184+0000] {logging_mixin.py:120} INFO - [2025-01-24T11:57:15.183+0000] {dag.py:3340} INFO - Setting next_dagrun for tutorial_taskflow_api to None, run_after=None
[2025-01-24T11:57:15.221+0000] {processor.py:176} INFO - Processing /home/airflow/.local/lib/python3.7/site-packages/airflow/example_dags/tutorial_taskflow_api.py took 0.180 seconds
[2025-01-24T11:57:45.366+0000] {processor.py:154} INFO - Started process (PID=730) to work on /home/airflow/.local/lib/python3.7/site-packages/airflow/example_dags/tutorial_taskflow_api.py
[2025-01-24T11:57:45.368+0000] {processor.py:756} INFO - Processing file /home/airflow/.local/lib/python3.7/site-packages/airflow/example_dags/tutorial_taskflow_api.py for tasks to queue
[2025-01-24T11:57:45.368+0000] {logging_mixin.py:120} INFO - [2025-01-24T11:57:45.368+0000] {dagbag.py:537} INFO - Filling up the DagBag from /home/airflow/.local/lib/python3.7/site-packages/airflow/example_dags/tutorial_taskflow_api.py
[2025-01-24T11:57:45.399+0000] {processor.py:766} INFO - DAG(s) dict_keys(['tutorial_taskflow_api']) retrieved from /home/airflow/.local/lib/python3.7/site-packages/airflow/example_dags/tutorial_taskflow_api.py
[2025-01-24T11:57:45.462+0000] {logging_mixin.py:120} INFO - [2025-01-24T11:57:45.462+0000] {dag.py:2585} INFO - Sync 1 DAGs
[2025-01-24T11:57:45.507+0000] {logging_mixin.py:120} INFO - [2025-01-24T11:57:45.507+0000] {dag.py:3340} INFO - Setting next_dagrun for tutorial_taskflow_api to None, run_after=None
[2025-01-24T11:57:45.548+0000] {processor.py:176} INFO - Processing /home/airflow/.local/lib/python3.7/site-packages/airflow/example_dags/tutorial_taskflow_api.py took 0.187 seconds
[2025-01-24T11:58:15.897+0000] {processor.py:154} INFO - Started process (PID=795) to work on /home/airflow/.local/lib/python3.7/site-packages/airflow/example_dags/tutorial_taskflow_api.py
[2025-01-24T11:58:15.898+0000] {processor.py:756} INFO - Processing file /home/airflow/.local/lib/python3.7/site-packages/airflow/example_dags/tutorial_taskflow_api.py for tasks to queue
[2025-01-24T11:58:15.899+0000] {logging_mixin.py:120} INFO - [2025-01-24T11:58:15.899+0000] {dagbag.py:537} INFO - Filling up the DagBag from /home/airflow/.local/lib/python3.7/site-packages/airflow/example_dags/tutorial_taskflow_api.py
[2025-01-24T11:58:15.928+0000] {processor.py:766} INFO - DAG(s) dict_keys(['tutorial_taskflow_api']) retrieved from /home/airflow/.local/lib/python3.7/site-packages/airflow/example_dags/tutorial_taskflow_api.py
[2025-01-24T11:58:15.989+0000] {logging_mixin.py:120} INFO - [2025-01-24T11:58:15.989+0000] {dag.py:2585} INFO - Sync 1 DAGs
[2025-01-24T11:58:16.026+0000] {logging_mixin.py:120} INFO - [2025-01-24T11:58:16.026+0000] {dag.py:3340} INFO - Setting next_dagrun for tutorial_taskflow_api to None, run_after=None
[2025-01-24T11:58:16.059+0000] {processor.py:176} INFO - Processing /home/airflow/.local/lib/python3.7/site-packages/airflow/example_dags/tutorial_taskflow_api.py took 0.167 seconds
[2025-01-24T11:58:46.639+0000] {processor.py:154} INFO - Started process (PID=859) to work on /home/airflow/.local/lib/python3.7/site-packages/airflow/example_dags/tutorial_taskflow_api.py
[2025-01-24T11:58:46.640+0000] {processor.py:756} INFO - Processing file /home/airflow/.local/lib/python3.7/site-packages/airflow/example_dags/tutorial_taskflow_api.py for tasks to queue
[2025-01-24T11:58:46.641+0000] {logging_mixin.py:120} INFO - [2025-01-24T11:58:46.641+0000] {dagbag.py:537} INFO - Filling up the DagBag from /home/airflow/.local/lib/python3.7/site-packages/airflow/example_dags/tutorial_taskflow_api.py
[2025-01-24T11:58:46.671+0000] {processor.py:766} INFO - DAG(s) dict_keys(['tutorial_taskflow_api']) retrieved from /home/airflow/.local/lib/python3.7/site-packages/airflow/example_dags/tutorial_taskflow_api.py
[2025-01-24T11:58:46.732+0000] {logging_mixin.py:120} INFO - [2025-01-24T11:58:46.732+0000] {dag.py:2585} INFO - Sync 1 DAGs
[2025-01-24T11:58:46.771+0000] {logging_mixin.py:120} INFO - [2025-01-24T11:58:46.771+0000] {dag.py:3340} INFO - Setting next_dagrun for tutorial_taskflow_api to None, run_after=None
[2025-01-24T11:58:46.813+0000] {processor.py:176} INFO - Processing /home/airflow/.local/lib/python3.7/site-packages/airflow/example_dags/tutorial_taskflow_api.py took 0.178 seconds
[2025-01-24T11:59:16.959+0000] {processor.py:154} INFO - Started process (PID=914) to work on /home/airflow/.local/lib/python3.7/site-packages/airflow/example_dags/tutorial_taskflow_api.py
[2025-01-24T11:59:16.960+0000] {processor.py:756} INFO - Processing file /home/airflow/.local/lib/python3.7/site-packages/airflow/example_dags/tutorial_taskflow_api.py for tasks to queue
[2025-01-24T11:59:16.961+0000] {logging_mixin.py:120} INFO - [2025-01-24T11:59:16.961+0000] {dagbag.py:537} INFO - Filling up the DagBag from /home/airflow/.local/lib/python3.7/site-packages/airflow/example_dags/tutorial_taskflow_api.py
[2025-01-24T11:59:16.998+0000] {processor.py:766} INFO - DAG(s) dict_keys(['tutorial_taskflow_api']) retrieved from /home/airflow/.local/lib/python3.7/site-packages/airflow/example_dags/tutorial_taskflow_api.py
[2025-01-24T11:59:17.061+0000] {logging_mixin.py:120} INFO - [2025-01-24T11:59:17.060+0000] {dag.py:2585} INFO - Sync 1 DAGs
[2025-01-24T11:59:17.101+0000] {logging_mixin.py:120} INFO - [2025-01-24T11:59:17.101+0000] {dag.py:3340} INFO - Setting next_dagrun for tutorial_taskflow_api to None, run_after=None
[2025-01-24T11:59:17.144+0000] {processor.py:176} INFO - Processing /home/airflow/.local/lib/python3.7/site-packages/airflow/example_dags/tutorial_taskflow_api.py took 0.190 seconds
[2025-01-24T11:59:47.276+0000] {processor.py:154} INFO - Started process (PID=978) to work on /home/airflow/.local/lib/python3.7/site-packages/airflow/example_dags/tutorial_taskflow_api.py
[2025-01-24T11:59:47.277+0000] {processor.py:756} INFO - Processing file /home/airflow/.local/lib/python3.7/site-packages/airflow/example_dags/tutorial_taskflow_api.py for tasks to queue
[2025-01-24T11:59:47.277+0000] {logging_mixin.py:120} INFO - [2025-01-24T11:59:47.277+0000] {dagbag.py:537} INFO - Filling up the DagBag from /home/airflow/.local/lib/python3.7/site-packages/airflow/example_dags/tutorial_taskflow_api.py
[2025-01-24T11:59:47.308+0000] {processor.py:766} INFO - DAG(s) dict_keys(['tutorial_taskflow_api']) retrieved from /home/airflow/.local/lib/python3.7/site-packages/airflow/example_dags/tutorial_taskflow_api.py
[2025-01-24T11:59:47.368+0000] {logging_mixin.py:120} INFO - [2025-01-24T11:59:47.367+0000] {dag.py:2585} INFO - Sync 1 DAGs
[2025-01-24T11:59:47.405+0000] {logging_mixin.py:120} INFO - [2025-01-24T11:59:47.405+0000] {dag.py:3340} INFO - Setting next_dagrun for tutorial_taskflow_api to None, run_after=None
[2025-01-24T11:59:47.436+0000] {processor.py:176} INFO - Processing /home/airflow/.local/lib/python3.7/site-packages/airflow/example_dags/tutorial_taskflow_api.py took 0.164 seconds
[2025-01-24T12:00:17.568+0000] {processor.py:154} INFO - Started process (PID=1033) to work on /home/airflow/.local/lib/python3.7/site-packages/airflow/example_dags/tutorial_taskflow_api.py
[2025-01-24T12:00:17.569+0000] {processor.py:756} INFO - Processing file /home/airflow/.local/lib/python3.7/site-packages/airflow/example_dags/tutorial_taskflow_api.py for tasks to queue
[2025-01-24T12:00:17.570+0000] {logging_mixin.py:120} INFO - [2025-01-24T12:00:17.570+0000] {dagbag.py:537} INFO - Filling up the DagBag from /home/airflow/.local/lib/python3.7/site-packages/airflow/example_dags/tutorial_taskflow_api.py
[2025-01-24T12:00:17.599+0000] {processor.py:766} INFO - DAG(s) dict_keys(['tutorial_taskflow_api']) retrieved from /home/airflow/.local/lib/python3.7/site-packages/airflow/example_dags/tutorial_taskflow_api.py
[2025-01-24T12:00:17.665+0000] {logging_mixin.py:120} INFO - [2025-01-24T12:00:17.665+0000] {dag.py:2585} INFO - Sync 1 DAGs
[2025-01-24T12:00:17.706+0000] {logging_mixin.py:120} INFO - [2025-01-24T12:00:17.706+0000] {dag.py:3340} INFO - Setting next_dagrun for tutorial_taskflow_api to None, run_after=None
[2025-01-24T12:00:17.742+0000] {processor.py:176} INFO - Processing /home/airflow/.local/lib/python3.7/site-packages/airflow/example_dags/tutorial_taskflow_api.py took 0.180 seconds
[2025-01-24T12:00:47.865+0000] {processor.py:154} INFO - Started process (PID=1097) to work on /home/airflow/.local/lib/python3.7/site-packages/airflow/example_dags/tutorial_taskflow_api.py
[2025-01-24T12:00:47.866+0000] {processor.py:756} INFO - Processing file /home/airflow/.local/lib/python3.7/site-packages/airflow/example_dags/tutorial_taskflow_api.py for tasks to queue
[2025-01-24T12:00:47.867+0000] {logging_mixin.py:120} INFO - [2025-01-24T12:00:47.866+0000] {dagbag.py:537} INFO - Filling up the DagBag from /home/airflow/.local/lib/python3.7/site-packages/airflow/example_dags/tutorial_taskflow_api.py
[2025-01-24T12:00:47.895+0000] {processor.py:766} INFO - DAG(s) dict_keys(['tutorial_taskflow_api']) retrieved from /home/airflow/.local/lib/python3.7/site-packages/airflow/example_dags/tutorial_taskflow_api.py
[2025-01-24T12:00:47.955+0000] {logging_mixin.py:120} INFO - [2025-01-24T12:00:47.955+0000] {dag.py:2585} INFO - Sync 1 DAGs
[2025-01-24T12:00:47.994+0000] {logging_mixin.py:120} INFO - [2025-01-24T12:00:47.994+0000] {dag.py:3340} INFO - Setting next_dagrun for tutorial_taskflow_api to None, run_after=None
[2025-01-24T12:00:48.028+0000] {processor.py:176} INFO - Processing /home/airflow/.local/lib/python3.7/site-packages/airflow/example_dags/tutorial_taskflow_api.py took 0.168 seconds
[2025-01-24T12:01:18.167+0000] {processor.py:154} INFO - Started process (PID=1162) to work on /home/airflow/.local/lib/python3.7/site-packages/airflow/example_dags/tutorial_taskflow_api.py
[2025-01-24T12:01:18.168+0000] {processor.py:756} INFO - Processing file /home/airflow/.local/lib/python3.7/site-packages/airflow/example_dags/tutorial_taskflow_api.py for tasks to queue
[2025-01-24T12:01:18.169+0000] {logging_mixin.py:120} INFO - [2025-01-24T12:01:18.169+0000] {dagbag.py:537} INFO - Filling up the DagBag from /home/airflow/.local/lib/python3.7/site-packages/airflow/example_dags/tutorial_taskflow_api.py
[2025-01-24T12:01:18.198+0000] {processor.py:766} INFO - DAG(s) dict_keys(['tutorial_taskflow_api']) retrieved from /home/airflow/.local/lib/python3.7/site-packages/airflow/example_dags/tutorial_taskflow_api.py
[2025-01-24T12:01:18.261+0000] {logging_mixin.py:120} INFO - [2025-01-24T12:01:18.260+0000] {dag.py:2585} INFO - Sync 1 DAGs
[2025-01-24T12:01:18.307+0000] {logging_mixin.py:120} INFO - [2025-01-24T12:01:18.307+0000] {dag.py:3340} INFO - Setting next_dagrun for tutorial_taskflow_api to None, run_after=None
[2025-01-24T12:01:18.342+0000] {processor.py:176} INFO - Processing /home/airflow/.local/lib/python3.7/site-packages/airflow/example_dags/tutorial_taskflow_api.py took 0.180 seconds
[2025-01-24T12:01:49.080+0000] {processor.py:154} INFO - Started process (PID=1218) to work on /home/airflow/.local/lib/python3.7/site-packages/airflow/example_dags/tutorial_taskflow_api.py
[2025-01-24T12:01:49.081+0000] {processor.py:756} INFO - Processing file /home/airflow/.local/lib/python3.7/site-packages/airflow/example_dags/tutorial_taskflow_api.py for tasks to queue
[2025-01-24T12:01:49.082+0000] {logging_mixin.py:120} INFO - [2025-01-24T12:01:49.082+0000] {dagbag.py:537} INFO - Filling up the DagBag from /home/airflow/.local/lib/python3.7/site-packages/airflow/example_dags/tutorial_taskflow_api.py
[2025-01-24T12:01:49.114+0000] {processor.py:766} INFO - DAG(s) dict_keys(['tutorial_taskflow_api']) retrieved from /home/airflow/.local/lib/python3.7/site-packages/airflow/example_dags/tutorial_taskflow_api.py
[2025-01-24T12:01:49.177+0000] {logging_mixin.py:120} INFO - [2025-01-24T12:01:49.177+0000] {dag.py:2585} INFO - Sync 1 DAGs
[2025-01-24T12:01:49.214+0000] {logging_mixin.py:120} INFO - [2025-01-24T12:01:49.214+0000] {dag.py:3340} INFO - Setting next_dagrun for tutorial_taskflow_api to None, run_after=None
[2025-01-24T12:01:49.249+0000] {processor.py:176} INFO - Processing /home/airflow/.local/lib/python3.7/site-packages/airflow/example_dags/tutorial_taskflow_api.py took 0.173 seconds
[2025-01-24T12:02:19.895+0000] {processor.py:154} INFO - Started process (PID=1282) to work on /home/airflow/.local/lib/python3.7/site-packages/airflow/example_dags/tutorial_taskflow_api.py
[2025-01-24T12:02:19.896+0000] {processor.py:756} INFO - Processing file /home/airflow/.local/lib/python3.7/site-packages/airflow/example_dags/tutorial_taskflow_api.py for tasks to queue
[2025-01-24T12:02:19.897+0000] {logging_mixin.py:120} INFO - [2025-01-24T12:02:19.897+0000] {dagbag.py:537} INFO - Filling up the DagBag from /home/airflow/.local/lib/python3.7/site-packages/airflow/example_dags/tutorial_taskflow_api.py
[2025-01-24T12:02:19.943+0000] {processor.py:766} INFO - DAG(s) dict_keys(['tutorial_taskflow_api']) retrieved from /home/airflow/.local/lib/python3.7/site-packages/airflow/example_dags/tutorial_taskflow_api.py
[2025-01-24T12:02:20.011+0000] {logging_mixin.py:120} INFO - [2025-01-24T12:02:20.011+0000] {dag.py:2585} INFO - Sync 1 DAGs
[2025-01-24T12:02:20.048+0000] {logging_mixin.py:120} INFO - [2025-01-24T12:02:20.047+0000] {dag.py:3340} INFO - Setting next_dagrun for tutorial_taskflow_api to None, run_after=None
[2025-01-24T12:02:20.085+0000] {processor.py:176} INFO - Processing /home/airflow/.local/lib/python3.7/site-packages/airflow/example_dags/tutorial_taskflow_api.py took 0.194 seconds
[2025-01-24T12:02:50.675+0000] {processor.py:154} INFO - Started process (PID=1337) to work on /home/airflow/.local/lib/python3.7/site-packages/airflow/example_dags/tutorial_taskflow_api.py
[2025-01-24T12:02:50.676+0000] {processor.py:756} INFO - Processing file /home/airflow/.local/lib/python3.7/site-packages/airflow/example_dags/tutorial_taskflow_api.py for tasks to queue
[2025-01-24T12:02:50.677+0000] {logging_mixin.py:120} INFO - [2025-01-24T12:02:50.677+0000] {dagbag.py:537} INFO - Filling up the DagBag from /home/airflow/.local/lib/python3.7/site-packages/airflow/example_dags/tutorial_taskflow_api.py
[2025-01-24T12:02:50.710+0000] {processor.py:766} INFO - DAG(s) dict_keys(['tutorial_taskflow_api']) retrieved from /home/airflow/.local/lib/python3.7/site-packages/airflow/example_dags/tutorial_taskflow_api.py
[2025-01-24T12:02:50.769+0000] {logging_mixin.py:120} INFO - [2025-01-24T12:02:50.769+0000] {dag.py:2585} INFO - Sync 1 DAGs
[2025-01-24T12:02:50.816+0000] {logging_mixin.py:120} INFO - [2025-01-24T12:02:50.815+0000] {dag.py:3340} INFO - Setting next_dagrun for tutorial_taskflow_api to None, run_after=None
[2025-01-24T12:02:50.865+0000] {processor.py:176} INFO - Processing /home/airflow/.local/lib/python3.7/site-packages/airflow/example_dags/tutorial_taskflow_api.py took 0.195 seconds
[2025-01-24T12:03:21.546+0000] {processor.py:154} INFO - Started process (PID=1401) to work on /home/airflow/.local/lib/python3.7/site-packages/airflow/example_dags/tutorial_taskflow_api.py
[2025-01-24T12:03:21.547+0000] {processor.py:756} INFO - Processing file /home/airflow/.local/lib/python3.7/site-packages/airflow/example_dags/tutorial_taskflow_api.py for tasks to queue
[2025-01-24T12:03:21.547+0000] {logging_mixin.py:120} INFO - [2025-01-24T12:03:21.547+0000] {dagbag.py:537} INFO - Filling up the DagBag from /home/airflow/.local/lib/python3.7/site-packages/airflow/example_dags/tutorial_taskflow_api.py
[2025-01-24T12:03:21.576+0000] {processor.py:766} INFO - DAG(s) dict_keys(['tutorial_taskflow_api']) retrieved from /home/airflow/.local/lib/python3.7/site-packages/airflow/example_dags/tutorial_taskflow_api.py
[2025-01-24T12:03:21.634+0000] {logging_mixin.py:120} INFO - [2025-01-24T12:03:21.634+0000] {dag.py:2585} INFO - Sync 1 DAGs
[2025-01-24T12:03:21.672+0000] {logging_mixin.py:120} INFO - [2025-01-24T12:03:21.672+0000] {dag.py:3340} INFO - Setting next_dagrun for tutorial_taskflow_api to None, run_after=None
[2025-01-24T12:03:21.703+0000] {processor.py:176} INFO - Processing /home/airflow/.local/lib/python3.7/site-packages/airflow/example_dags/tutorial_taskflow_api.py took 0.162 seconds
[2025-01-24T12:03:51.941+0000] {processor.py:154} INFO - Started process (PID=1465) to work on /home/airflow/.local/lib/python3.7/site-packages/airflow/example_dags/tutorial_taskflow_api.py
[2025-01-24T12:03:51.942+0000] {processor.py:756} INFO - Processing file /home/airflow/.local/lib/python3.7/site-packages/airflow/example_dags/tutorial_taskflow_api.py for tasks to queue
[2025-01-24T12:03:51.943+0000] {logging_mixin.py:120} INFO - [2025-01-24T12:03:51.943+0000] {dagbag.py:537} INFO - Filling up the DagBag from /home/airflow/.local/lib/python3.7/site-packages/airflow/example_dags/tutorial_taskflow_api.py
[2025-01-24T12:03:51.975+0000] {processor.py:766} INFO - DAG(s) dict_keys(['tutorial_taskflow_api']) retrieved from /home/airflow/.local/lib/python3.7/site-packages/airflow/example_dags/tutorial_taskflow_api.py
[2025-01-24T12:03:52.043+0000] {logging_mixin.py:120} INFO - [2025-01-24T12:03:52.043+0000] {dag.py:2585} INFO - Sync 1 DAGs
[2025-01-24T12:03:52.084+0000] {logging_mixin.py:120} INFO - [2025-01-24T12:03:52.083+0000] {dag.py:3340} INFO - Setting next_dagrun for tutorial_taskflow_api to None, run_after=None
[2025-01-24T12:03:52.119+0000] {processor.py:176} INFO - Processing /home/airflow/.local/lib/python3.7/site-packages/airflow/example_dags/tutorial_taskflow_api.py took 0.183 seconds
[2025-01-24T12:04:22.956+0000] {processor.py:154} INFO - Started process (PID=1520) to work on /home/airflow/.local/lib/python3.7/site-packages/airflow/example_dags/tutorial_taskflow_api.py
[2025-01-24T12:04:22.957+0000] {processor.py:756} INFO - Processing file /home/airflow/.local/lib/python3.7/site-packages/airflow/example_dags/tutorial_taskflow_api.py for tasks to queue
[2025-01-24T12:04:22.957+0000] {logging_mixin.py:120} INFO - [2025-01-24T12:04:22.957+0000] {dagbag.py:537} INFO - Filling up the DagBag from /home/airflow/.local/lib/python3.7/site-packages/airflow/example_dags/tutorial_taskflow_api.py
[2025-01-24T12:04:22.985+0000] {processor.py:766} INFO - DAG(s) dict_keys(['tutorial_taskflow_api']) retrieved from /home/airflow/.local/lib/python3.7/site-packages/airflow/example_dags/tutorial_taskflow_api.py
[2025-01-24T12:04:23.047+0000] {logging_mixin.py:120} INFO - [2025-01-24T12:04:23.047+0000] {dag.py:2585} INFO - Sync 1 DAGs
[2025-01-24T12:04:23.089+0000] {logging_mixin.py:120} INFO - [2025-01-24T12:04:23.089+0000] {dag.py:3340} INFO - Setting next_dagrun for tutorial_taskflow_api to None, run_after=None
[2025-01-24T12:04:23.121+0000] {processor.py:176} INFO - Processing /home/airflow/.local/lib/python3.7/site-packages/airflow/example_dags/tutorial_taskflow_api.py took 0.170 seconds
[2025-01-24T12:04:53.262+0000] {processor.py:154} INFO - Started process (PID=1584) to work on /home/airflow/.local/lib/python3.7/site-packages/airflow/example_dags/tutorial_taskflow_api.py
[2025-01-24T12:04:53.263+0000] {processor.py:756} INFO - Processing file /home/airflow/.local/lib/python3.7/site-packages/airflow/example_dags/tutorial_taskflow_api.py for tasks to queue
[2025-01-24T12:04:53.264+0000] {logging_mixin.py:120} INFO - [2025-01-24T12:04:53.264+0000] {dagbag.py:537} INFO - Filling up the DagBag from /home/airflow/.local/lib/python3.7/site-packages/airflow/example_dags/tutorial_taskflow_api.py
[2025-01-24T12:04:53.291+0000] {processor.py:766} INFO - DAG(s) dict_keys(['tutorial_taskflow_api']) retrieved from /home/airflow/.local/lib/python3.7/site-packages/airflow/example_dags/tutorial_taskflow_api.py
[2025-01-24T12:04:53.347+0000] {logging_mixin.py:120} INFO - [2025-01-24T12:04:53.346+0000] {dag.py:2585} INFO - Sync 1 DAGs
[2025-01-24T12:04:53.389+0000] {logging_mixin.py:120} INFO - [2025-01-24T12:04:53.389+0000] {dag.py:3340} INFO - Setting next_dagrun for tutorial_taskflow_api to None, run_after=None
[2025-01-24T12:04:53.429+0000] {processor.py:176} INFO - Processing /home/airflow/.local/lib/python3.7/site-packages/airflow/example_dags/tutorial_taskflow_api.py took 0.170 seconds
[2025-01-24T12:05:24.157+0000] {processor.py:154} INFO - Started process (PID=1639) to work on /home/airflow/.local/lib/python3.7/site-packages/airflow/example_dags/tutorial_taskflow_api.py
[2025-01-24T12:05:24.159+0000] {processor.py:756} INFO - Processing file /home/airflow/.local/lib/python3.7/site-packages/airflow/example_dags/tutorial_taskflow_api.py for tasks to queue
[2025-01-24T12:05:24.160+0000] {logging_mixin.py:120} INFO - [2025-01-24T12:05:24.160+0000] {dagbag.py:537} INFO - Filling up the DagBag from /home/airflow/.local/lib/python3.7/site-packages/airflow/example_dags/tutorial_taskflow_api.py
[2025-01-24T12:05:24.206+0000] {processor.py:766} INFO - DAG(s) dict_keys(['tutorial_taskflow_api']) retrieved from /home/airflow/.local/lib/python3.7/site-packages/airflow/example_dags/tutorial_taskflow_api.py
[2025-01-24T12:05:24.290+0000] {logging_mixin.py:120} INFO - [2025-01-24T12:05:24.289+0000] {dag.py:2585} INFO - Sync 1 DAGs
[2025-01-24T12:05:24.352+0000] {logging_mixin.py:120} INFO - [2025-01-24T12:05:24.352+0000] {dag.py:3340} INFO - Setting next_dagrun for tutorial_taskflow_api to None, run_after=None
[2025-01-24T12:05:24.397+0000] {processor.py:176} INFO - Processing /home/airflow/.local/lib/python3.7/site-packages/airflow/example_dags/tutorial_taskflow_api.py took 0.247 seconds
[2025-01-24T12:05:54.683+0000] {processor.py:154} INFO - Started process (PID=1703) to work on /home/airflow/.local/lib/python3.7/site-packages/airflow/example_dags/tutorial_taskflow_api.py
[2025-01-24T12:05:54.684+0000] {processor.py:756} INFO - Processing file /home/airflow/.local/lib/python3.7/site-packages/airflow/example_dags/tutorial_taskflow_api.py for tasks to queue
[2025-01-24T12:05:54.685+0000] {logging_mixin.py:120} INFO - [2025-01-24T12:05:54.685+0000] {dagbag.py:537} INFO - Filling up the DagBag from /home/airflow/.local/lib/python3.7/site-packages/airflow/example_dags/tutorial_taskflow_api.py
[2025-01-24T12:05:54.714+0000] {processor.py:766} INFO - DAG(s) dict_keys(['tutorial_taskflow_api']) retrieved from /home/airflow/.local/lib/python3.7/site-packages/airflow/example_dags/tutorial_taskflow_api.py
[2025-01-24T12:05:54.777+0000] {logging_mixin.py:120} INFO - [2025-01-24T12:05:54.777+0000] {dag.py:2585} INFO - Sync 1 DAGs
[2025-01-24T12:05:54.826+0000] {logging_mixin.py:120} INFO - [2025-01-24T12:05:54.826+0000] {dag.py:3340} INFO - Setting next_dagrun for tutorial_taskflow_api to None, run_after=None
[2025-01-24T12:05:54.876+0000] {processor.py:176} INFO - Processing /home/airflow/.local/lib/python3.7/site-packages/airflow/example_dags/tutorial_taskflow_api.py took 0.197 seconds
[2025-01-24T12:06:25.949+0000] {processor.py:154} INFO - Started process (PID=1758) to work on /home/airflow/.local/lib/python3.7/site-packages/airflow/example_dags/tutorial_taskflow_api.py
[2025-01-24T12:06:25.952+0000] {processor.py:756} INFO - Processing file /home/airflow/.local/lib/python3.7/site-packages/airflow/example_dags/tutorial_taskflow_api.py for tasks to queue
[2025-01-24T12:06:25.955+0000] {logging_mixin.py:120} INFO - [2025-01-24T12:06:25.954+0000] {dagbag.py:537} INFO - Filling up the DagBag from /home/airflow/.local/lib/python3.7/site-packages/airflow/example_dags/tutorial_taskflow_api.py
[2025-01-24T12:06:26.016+0000] {processor.py:766} INFO - DAG(s) dict_keys(['tutorial_taskflow_api']) retrieved from /home/airflow/.local/lib/python3.7/site-packages/airflow/example_dags/tutorial_taskflow_api.py
[2025-01-24T12:06:26.167+0000] {logging_mixin.py:120} INFO - [2025-01-24T12:06:26.166+0000] {dag.py:2585} INFO - Sync 1 DAGs
[2025-01-24T12:06:26.277+0000] {logging_mixin.py:120} INFO - [2025-01-24T12:06:26.276+0000] {dag.py:3340} INFO - Setting next_dagrun for tutorial_taskflow_api to None, run_after=None
[2025-01-24T12:06:26.939+0000] {logging_mixin.py:120} INFO - [2025-01-24T12:06:26.939+0000] {process_utils.py:256} INFO - Waiting up to 5 seconds for processes to exit...
