[2025-01-24T17:06:16.618+0000] {processor.py:154} INFO - Started process (PID=79) to work on /home/airflow/.local/lib/python3.7/site-packages/airflow/example_dags/tutorial_dag.py
[2025-01-24T17:06:16.619+0000] {processor.py:756} INFO - Processing file /home/airflow/.local/lib/python3.7/site-packages/airflow/example_dags/tutorial_dag.py for tasks to queue
[2025-01-24T17:06:16.620+0000] {logging_mixin.py:120} INFO - [2025-01-24T17:06:16.620+0000] {dagbag.py:537} INFO - Filling up the DagBag from /home/airflow/.local/lib/python3.7/site-packages/airflow/example_dags/tutorial_dag.py
[2025-01-24T17:06:16.640+0000] {processor.py:766} INFO - DAG(s) dict_keys(['tutorial_dag']) retrieved from /home/airflow/.local/lib/python3.7/site-packages/airflow/example_dags/tutorial_dag.py
[2025-01-24T17:06:16.698+0000] {logging_mixin.py:120} INFO - [2025-01-24T17:06:16.697+0000] {dag.py:2585} INFO - Sync 1 DAGs
[2025-01-24T17:06:16.750+0000] {logging_mixin.py:120} INFO - [2025-01-24T17:06:16.749+0000] {dag.py:3340} INFO - Setting next_dagrun for tutorial_dag to None, run_after=None
[2025-01-24T17:06:16.790+0000] {processor.py:176} INFO - Processing /home/airflow/.local/lib/python3.7/site-packages/airflow/example_dags/tutorial_dag.py took 0.175 seconds
[2025-01-24T11:52:09.779+0000] {processor.py:154} INFO - Started process (PID=79) to work on /home/airflow/.local/lib/python3.7/site-packages/airflow/example_dags/tutorial_dag.py
[2025-01-24T11:52:09.781+0000] {processor.py:756} INFO - Processing file /home/airflow/.local/lib/python3.7/site-packages/airflow/example_dags/tutorial_dag.py for tasks to queue
[2025-01-24T11:52:09.782+0000] {logging_mixin.py:120} INFO - [2025-01-24T11:52:09.782+0000] {dagbag.py:537} INFO - Filling up the DagBag from /home/airflow/.local/lib/python3.7/site-packages/airflow/example_dags/tutorial_dag.py
[2025-01-24T11:52:09.809+0000] {processor.py:766} INFO - DAG(s) dict_keys(['tutorial_dag']) retrieved from /home/airflow/.local/lib/python3.7/site-packages/airflow/example_dags/tutorial_dag.py
[2025-01-24T11:52:09.879+0000] {logging_mixin.py:120} INFO - [2025-01-24T11:52:09.879+0000] {dag.py:2585} INFO - Sync 1 DAGs
[2025-01-24T11:52:09.929+0000] {logging_mixin.py:120} INFO - [2025-01-24T11:52:09.929+0000] {dag.py:3340} INFO - Setting next_dagrun for tutorial_dag to None, run_after=None
[2025-01-24T11:52:09.973+0000] {processor.py:176} INFO - Processing /home/airflow/.local/lib/python3.7/site-packages/airflow/example_dags/tutorial_dag.py took 0.199 seconds
[2025-01-24T11:52:41.117+0000] {processor.py:154} INFO - Started process (PID=143) to work on /home/airflow/.local/lib/python3.7/site-packages/airflow/example_dags/tutorial_dag.py
[2025-01-24T11:52:41.120+0000] {processor.py:756} INFO - Processing file /home/airflow/.local/lib/python3.7/site-packages/airflow/example_dags/tutorial_dag.py for tasks to queue
[2025-01-24T11:52:41.122+0000] {logging_mixin.py:120} INFO - [2025-01-24T11:52:41.121+0000] {dagbag.py:537} INFO - Filling up the DagBag from /home/airflow/.local/lib/python3.7/site-packages/airflow/example_dags/tutorial_dag.py
[2025-01-24T11:52:41.163+0000] {processor.py:766} INFO - DAG(s) dict_keys(['tutorial_dag']) retrieved from /home/airflow/.local/lib/python3.7/site-packages/airflow/example_dags/tutorial_dag.py
[2025-01-24T11:52:41.287+0000] {logging_mixin.py:120} INFO - [2025-01-24T11:52:41.286+0000] {dag.py:2585} INFO - Sync 1 DAGs
[2025-01-24T11:52:41.370+0000] {logging_mixin.py:120} INFO - [2025-01-24T11:52:41.369+0000] {dag.py:3340} INFO - Setting next_dagrun for tutorial_dag to None, run_after=None
[2025-01-24T11:52:41.447+0000] {processor.py:176} INFO - Processing /home/airflow/.local/lib/python3.7/site-packages/airflow/example_dags/tutorial_dag.py took 0.338 seconds
[2025-01-24T11:53:12.047+0000] {processor.py:154} INFO - Started process (PID=199) to work on /home/airflow/.local/lib/python3.7/site-packages/airflow/example_dags/tutorial_dag.py
[2025-01-24T11:53:12.048+0000] {processor.py:756} INFO - Processing file /home/airflow/.local/lib/python3.7/site-packages/airflow/example_dags/tutorial_dag.py for tasks to queue
[2025-01-24T11:53:12.049+0000] {logging_mixin.py:120} INFO - [2025-01-24T11:53:12.049+0000] {dagbag.py:537} INFO - Filling up the DagBag from /home/airflow/.local/lib/python3.7/site-packages/airflow/example_dags/tutorial_dag.py
[2025-01-24T11:53:12.068+0000] {processor.py:766} INFO - DAG(s) dict_keys(['tutorial_dag']) retrieved from /home/airflow/.local/lib/python3.7/site-packages/airflow/example_dags/tutorial_dag.py
[2025-01-24T11:53:12.132+0000] {logging_mixin.py:120} INFO - [2025-01-24T11:53:12.131+0000] {dag.py:2585} INFO - Sync 1 DAGs
[2025-01-24T11:53:12.168+0000] {logging_mixin.py:120} INFO - [2025-01-24T11:53:12.168+0000] {dag.py:3340} INFO - Setting next_dagrun for tutorial_dag to None, run_after=None
[2025-01-24T11:53:12.199+0000] {processor.py:176} INFO - Processing /home/airflow/.local/lib/python3.7/site-packages/airflow/example_dags/tutorial_dag.py took 0.158 seconds
[2025-01-24T11:53:42.588+0000] {processor.py:154} INFO - Started process (PID=263) to work on /home/airflow/.local/lib/python3.7/site-packages/airflow/example_dags/tutorial_dag.py
[2025-01-24T11:53:42.589+0000] {processor.py:756} INFO - Processing file /home/airflow/.local/lib/python3.7/site-packages/airflow/example_dags/tutorial_dag.py for tasks to queue
[2025-01-24T11:53:42.590+0000] {logging_mixin.py:120} INFO - [2025-01-24T11:53:42.589+0000] {dagbag.py:537} INFO - Filling up the DagBag from /home/airflow/.local/lib/python3.7/site-packages/airflow/example_dags/tutorial_dag.py
[2025-01-24T11:53:42.607+0000] {processor.py:766} INFO - DAG(s) dict_keys(['tutorial_dag']) retrieved from /home/airflow/.local/lib/python3.7/site-packages/airflow/example_dags/tutorial_dag.py
[2025-01-24T11:53:42.667+0000] {logging_mixin.py:120} INFO - [2025-01-24T11:53:42.667+0000] {dag.py:2585} INFO - Sync 1 DAGs
[2025-01-24T11:53:42.703+0000] {logging_mixin.py:120} INFO - [2025-01-24T11:53:42.703+0000] {dag.py:3340} INFO - Setting next_dagrun for tutorial_dag to None, run_after=None
[2025-01-24T11:53:42.735+0000] {processor.py:176} INFO - Processing /home/airflow/.local/lib/python3.7/site-packages/airflow/example_dags/tutorial_dag.py took 0.152 seconds
[2025-01-24T11:54:12.991+0000] {processor.py:154} INFO - Started process (PID=317) to work on /home/airflow/.local/lib/python3.7/site-packages/airflow/example_dags/tutorial_dag.py
[2025-01-24T11:54:12.993+0000] {processor.py:756} INFO - Processing file /home/airflow/.local/lib/python3.7/site-packages/airflow/example_dags/tutorial_dag.py for tasks to queue
[2025-01-24T11:54:12.993+0000] {logging_mixin.py:120} INFO - [2025-01-24T11:54:12.993+0000] {dagbag.py:537} INFO - Filling up the DagBag from /home/airflow/.local/lib/python3.7/site-packages/airflow/example_dags/tutorial_dag.py
[2025-01-24T11:54:13.011+0000] {processor.py:766} INFO - DAG(s) dict_keys(['tutorial_dag']) retrieved from /home/airflow/.local/lib/python3.7/site-packages/airflow/example_dags/tutorial_dag.py
[2025-01-24T11:54:13.073+0000] {logging_mixin.py:120} INFO - [2025-01-24T11:54:13.073+0000] {dag.py:2585} INFO - Sync 1 DAGs
[2025-01-24T11:54:13.108+0000] {logging_mixin.py:120} INFO - [2025-01-24T11:54:13.107+0000] {dag.py:3340} INFO - Setting next_dagrun for tutorial_dag to None, run_after=None
[2025-01-24T11:54:13.152+0000] {processor.py:176} INFO - Processing /home/airflow/.local/lib/python3.7/site-packages/airflow/example_dags/tutorial_dag.py took 0.166 seconds
[2025-01-24T11:54:44.273+0000] {processor.py:154} INFO - Started process (PID=382) to work on /home/airflow/.local/lib/python3.7/site-packages/airflow/example_dags/tutorial_dag.py
[2025-01-24T11:54:44.275+0000] {processor.py:756} INFO - Processing file /home/airflow/.local/lib/python3.7/site-packages/airflow/example_dags/tutorial_dag.py for tasks to queue
[2025-01-24T11:54:44.275+0000] {logging_mixin.py:120} INFO - [2025-01-24T11:54:44.275+0000] {dagbag.py:537} INFO - Filling up the DagBag from /home/airflow/.local/lib/python3.7/site-packages/airflow/example_dags/tutorial_dag.py
[2025-01-24T11:54:44.295+0000] {processor.py:766} INFO - DAG(s) dict_keys(['tutorial_dag']) retrieved from /home/airflow/.local/lib/python3.7/site-packages/airflow/example_dags/tutorial_dag.py
[2025-01-24T11:54:44.361+0000] {logging_mixin.py:120} INFO - [2025-01-24T11:54:44.361+0000] {dag.py:2585} INFO - Sync 1 DAGs
[2025-01-24T11:54:44.407+0000] {logging_mixin.py:120} INFO - [2025-01-24T11:54:44.407+0000] {dag.py:3340} INFO - Setting next_dagrun for tutorial_dag to None, run_after=None
[2025-01-24T11:54:44.451+0000] {processor.py:176} INFO - Processing /home/airflow/.local/lib/python3.7/site-packages/airflow/example_dags/tutorial_dag.py took 0.183 seconds
[2025-01-24T11:55:14.904+0000] {processor.py:154} INFO - Started process (PID=446) to work on /home/airflow/.local/lib/python3.7/site-packages/airflow/example_dags/tutorial_dag.py
[2025-01-24T11:55:14.905+0000] {processor.py:756} INFO - Processing file /home/airflow/.local/lib/python3.7/site-packages/airflow/example_dags/tutorial_dag.py for tasks to queue
[2025-01-24T11:55:14.907+0000] {logging_mixin.py:120} INFO - [2025-01-24T11:55:14.907+0000] {dagbag.py:537} INFO - Filling up the DagBag from /home/airflow/.local/lib/python3.7/site-packages/airflow/example_dags/tutorial_dag.py
[2025-01-24T11:55:14.931+0000] {processor.py:766} INFO - DAG(s) dict_keys(['tutorial_dag']) retrieved from /home/airflow/.local/lib/python3.7/site-packages/airflow/example_dags/tutorial_dag.py
[2025-01-24T11:55:15.002+0000] {logging_mixin.py:120} INFO - [2025-01-24T11:55:15.002+0000] {dag.py:2585} INFO - Sync 1 DAGs
[2025-01-24T11:55:15.053+0000] {logging_mixin.py:120} INFO - [2025-01-24T11:55:15.053+0000] {dag.py:3340} INFO - Setting next_dagrun for tutorial_dag to None, run_after=None
[2025-01-24T11:55:15.103+0000] {processor.py:176} INFO - Processing /home/airflow/.local/lib/python3.7/site-packages/airflow/example_dags/tutorial_dag.py took 0.204 seconds
[2025-01-24T11:55:45.331+0000] {processor.py:154} INFO - Started process (PID=501) to work on /home/airflow/.local/lib/python3.7/site-packages/airflow/example_dags/tutorial_dag.py
[2025-01-24T11:55:45.333+0000] {processor.py:756} INFO - Processing file /home/airflow/.local/lib/python3.7/site-packages/airflow/example_dags/tutorial_dag.py for tasks to queue
[2025-01-24T11:55:45.334+0000] {logging_mixin.py:120} INFO - [2025-01-24T11:55:45.334+0000] {dagbag.py:537} INFO - Filling up the DagBag from /home/airflow/.local/lib/python3.7/site-packages/airflow/example_dags/tutorial_dag.py
[2025-01-24T11:55:45.357+0000] {processor.py:766} INFO - DAG(s) dict_keys(['tutorial_dag']) retrieved from /home/airflow/.local/lib/python3.7/site-packages/airflow/example_dags/tutorial_dag.py
[2025-01-24T11:55:45.422+0000] {logging_mixin.py:120} INFO - [2025-01-24T11:55:45.421+0000] {dag.py:2585} INFO - Sync 1 DAGs
[2025-01-24T11:55:45.464+0000] {logging_mixin.py:120} INFO - [2025-01-24T11:55:45.464+0000] {dag.py:3340} INFO - Setting next_dagrun for tutorial_dag to None, run_after=None
[2025-01-24T11:55:45.496+0000] {processor.py:176} INFO - Processing /home/airflow/.local/lib/python3.7/site-packages/airflow/example_dags/tutorial_dag.py took 0.169 seconds
[2025-01-24T11:56:16.130+0000] {processor.py:154} INFO - Started process (PID=566) to work on /home/airflow/.local/lib/python3.7/site-packages/airflow/example_dags/tutorial_dag.py
[2025-01-24T11:56:16.131+0000] {processor.py:756} INFO - Processing file /home/airflow/.local/lib/python3.7/site-packages/airflow/example_dags/tutorial_dag.py for tasks to queue
[2025-01-24T11:56:16.132+0000] {logging_mixin.py:120} INFO - [2025-01-24T11:56:16.132+0000] {dagbag.py:537} INFO - Filling up the DagBag from /home/airflow/.local/lib/python3.7/site-packages/airflow/example_dags/tutorial_dag.py
[2025-01-24T11:56:16.152+0000] {processor.py:766} INFO - DAG(s) dict_keys(['tutorial_dag']) retrieved from /home/airflow/.local/lib/python3.7/site-packages/airflow/example_dags/tutorial_dag.py
[2025-01-24T11:56:16.210+0000] {logging_mixin.py:120} INFO - [2025-01-24T11:56:16.210+0000] {dag.py:2585} INFO - Sync 1 DAGs
[2025-01-24T11:56:16.245+0000] {logging_mixin.py:120} INFO - [2025-01-24T11:56:16.245+0000] {dag.py:3340} INFO - Setting next_dagrun for tutorial_dag to None, run_after=None
[2025-01-24T11:56:16.274+0000] {processor.py:176} INFO - Processing /home/airflow/.local/lib/python3.7/site-packages/airflow/example_dags/tutorial_dag.py took 0.149 seconds
[2025-01-24T11:56:46.682+0000] {processor.py:154} INFO - Started process (PID=621) to work on /home/airflow/.local/lib/python3.7/site-packages/airflow/example_dags/tutorial_dag.py
[2025-01-24T11:56:46.683+0000] {processor.py:756} INFO - Processing file /home/airflow/.local/lib/python3.7/site-packages/airflow/example_dags/tutorial_dag.py for tasks to queue
[2025-01-24T11:56:46.684+0000] {logging_mixin.py:120} INFO - [2025-01-24T11:56:46.684+0000] {dagbag.py:537} INFO - Filling up the DagBag from /home/airflow/.local/lib/python3.7/site-packages/airflow/example_dags/tutorial_dag.py
[2025-01-24T11:56:46.703+0000] {processor.py:766} INFO - DAG(s) dict_keys(['tutorial_dag']) retrieved from /home/airflow/.local/lib/python3.7/site-packages/airflow/example_dags/tutorial_dag.py
[2025-01-24T11:56:46.762+0000] {logging_mixin.py:120} INFO - [2025-01-24T11:56:46.761+0000] {dag.py:2585} INFO - Sync 1 DAGs
[2025-01-24T11:56:46.801+0000] {logging_mixin.py:120} INFO - [2025-01-24T11:56:46.801+0000] {dag.py:3340} INFO - Setting next_dagrun for tutorial_dag to None, run_after=None
[2025-01-24T11:56:46.844+0000] {processor.py:176} INFO - Processing /home/airflow/.local/lib/python3.7/site-packages/airflow/example_dags/tutorial_dag.py took 0.165 seconds
[2025-01-24T11:57:17.069+0000] {processor.py:154} INFO - Started process (PID=685) to work on /home/airflow/.local/lib/python3.7/site-packages/airflow/example_dags/tutorial_dag.py
[2025-01-24T11:57:17.070+0000] {processor.py:756} INFO - Processing file /home/airflow/.local/lib/python3.7/site-packages/airflow/example_dags/tutorial_dag.py for tasks to queue
[2025-01-24T11:57:17.071+0000] {logging_mixin.py:120} INFO - [2025-01-24T11:57:17.070+0000] {dagbag.py:537} INFO - Filling up the DagBag from /home/airflow/.local/lib/python3.7/site-packages/airflow/example_dags/tutorial_dag.py
[2025-01-24T11:57:17.088+0000] {processor.py:766} INFO - DAG(s) dict_keys(['tutorial_dag']) retrieved from /home/airflow/.local/lib/python3.7/site-packages/airflow/example_dags/tutorial_dag.py
[2025-01-24T11:57:17.139+0000] {logging_mixin.py:120} INFO - [2025-01-24T11:57:17.139+0000] {dag.py:2585} INFO - Sync 1 DAGs
[2025-01-24T11:57:17.171+0000] {logging_mixin.py:120} INFO - [2025-01-24T11:57:17.171+0000] {dag.py:3340} INFO - Setting next_dagrun for tutorial_dag to None, run_after=None
[2025-01-24T11:57:17.210+0000] {processor.py:176} INFO - Processing /home/airflow/.local/lib/python3.7/site-packages/airflow/example_dags/tutorial_dag.py took 0.145 seconds
[2025-01-24T11:57:47.836+0000] {processor.py:154} INFO - Started process (PID=749) to work on /home/airflow/.local/lib/python3.7/site-packages/airflow/example_dags/tutorial_dag.py
[2025-01-24T11:57:47.838+0000] {processor.py:756} INFO - Processing file /home/airflow/.local/lib/python3.7/site-packages/airflow/example_dags/tutorial_dag.py for tasks to queue
[2025-01-24T11:57:47.839+0000] {logging_mixin.py:120} INFO - [2025-01-24T11:57:47.839+0000] {dagbag.py:537} INFO - Filling up the DagBag from /home/airflow/.local/lib/python3.7/site-packages/airflow/example_dags/tutorial_dag.py
[2025-01-24T11:57:47.859+0000] {processor.py:766} INFO - DAG(s) dict_keys(['tutorial_dag']) retrieved from /home/airflow/.local/lib/python3.7/site-packages/airflow/example_dags/tutorial_dag.py
[2025-01-24T11:57:47.923+0000] {logging_mixin.py:120} INFO - [2025-01-24T11:57:47.923+0000] {dag.py:2585} INFO - Sync 1 DAGs
[2025-01-24T11:57:47.962+0000] {logging_mixin.py:120} INFO - [2025-01-24T11:57:47.962+0000] {dag.py:3340} INFO - Setting next_dagrun for tutorial_dag to None, run_after=None
[2025-01-24T11:57:48.010+0000] {processor.py:176} INFO - Processing /home/airflow/.local/lib/python3.7/site-packages/airflow/example_dags/tutorial_dag.py took 0.179 seconds
[2025-01-24T11:58:18.201+0000] {processor.py:154} INFO - Started process (PID=805) to work on /home/airflow/.local/lib/python3.7/site-packages/airflow/example_dags/tutorial_dag.py
[2025-01-24T11:58:18.202+0000] {processor.py:756} INFO - Processing file /home/airflow/.local/lib/python3.7/site-packages/airflow/example_dags/tutorial_dag.py for tasks to queue
[2025-01-24T11:58:18.203+0000] {logging_mixin.py:120} INFO - [2025-01-24T11:58:18.203+0000] {dagbag.py:537} INFO - Filling up the DagBag from /home/airflow/.local/lib/python3.7/site-packages/airflow/example_dags/tutorial_dag.py
[2025-01-24T11:58:18.222+0000] {processor.py:766} INFO - DAG(s) dict_keys(['tutorial_dag']) retrieved from /home/airflow/.local/lib/python3.7/site-packages/airflow/example_dags/tutorial_dag.py
[2025-01-24T11:58:18.286+0000] {logging_mixin.py:120} INFO - [2025-01-24T11:58:18.286+0000] {dag.py:2585} INFO - Sync 1 DAGs
[2025-01-24T11:58:18.327+0000] {logging_mixin.py:120} INFO - [2025-01-24T11:58:18.327+0000] {dag.py:3340} INFO - Setting next_dagrun for tutorial_dag to None, run_after=None
[2025-01-24T11:58:18.373+0000] {processor.py:176} INFO - Processing /home/airflow/.local/lib/python3.7/site-packages/airflow/example_dags/tutorial_dag.py took 0.176 seconds
[2025-01-24T11:58:48.741+0000] {processor.py:154} INFO - Started process (PID=869) to work on /home/airflow/.local/lib/python3.7/site-packages/airflow/example_dags/tutorial_dag.py
[2025-01-24T11:58:48.742+0000] {processor.py:756} INFO - Processing file /home/airflow/.local/lib/python3.7/site-packages/airflow/example_dags/tutorial_dag.py for tasks to queue
[2025-01-24T11:58:48.742+0000] {logging_mixin.py:120} INFO - [2025-01-24T11:58:48.742+0000] {dagbag.py:537} INFO - Filling up the DagBag from /home/airflow/.local/lib/python3.7/site-packages/airflow/example_dags/tutorial_dag.py
[2025-01-24T11:58:48.761+0000] {processor.py:766} INFO - DAG(s) dict_keys(['tutorial_dag']) retrieved from /home/airflow/.local/lib/python3.7/site-packages/airflow/example_dags/tutorial_dag.py
[2025-01-24T11:58:48.822+0000] {logging_mixin.py:120} INFO - [2025-01-24T11:58:48.821+0000] {dag.py:2585} INFO - Sync 1 DAGs
[2025-01-24T11:58:48.862+0000] {logging_mixin.py:120} INFO - [2025-01-24T11:58:48.862+0000] {dag.py:3340} INFO - Setting next_dagrun for tutorial_dag to None, run_after=None
[2025-01-24T11:58:48.900+0000] {processor.py:176} INFO - Processing /home/airflow/.local/lib/python3.7/site-packages/airflow/example_dags/tutorial_dag.py took 0.163 seconds
[2025-01-24T11:59:19.059+0000] {processor.py:154} INFO - Started process (PID=924) to work on /home/airflow/.local/lib/python3.7/site-packages/airflow/example_dags/tutorial_dag.py
[2025-01-24T11:59:19.060+0000] {processor.py:756} INFO - Processing file /home/airflow/.local/lib/python3.7/site-packages/airflow/example_dags/tutorial_dag.py for tasks to queue
[2025-01-24T11:59:19.061+0000] {logging_mixin.py:120} INFO - [2025-01-24T11:59:19.061+0000] {dagbag.py:537} INFO - Filling up the DagBag from /home/airflow/.local/lib/python3.7/site-packages/airflow/example_dags/tutorial_dag.py
[2025-01-24T11:59:19.079+0000] {processor.py:766} INFO - DAG(s) dict_keys(['tutorial_dag']) retrieved from /home/airflow/.local/lib/python3.7/site-packages/airflow/example_dags/tutorial_dag.py
[2025-01-24T11:59:19.140+0000] {logging_mixin.py:120} INFO - [2025-01-24T11:59:19.140+0000] {dag.py:2585} INFO - Sync 1 DAGs
[2025-01-24T11:59:19.179+0000] {logging_mixin.py:120} INFO - [2025-01-24T11:59:19.179+0000] {dag.py:3340} INFO - Setting next_dagrun for tutorial_dag to None, run_after=None
[2025-01-24T11:59:19.224+0000] {processor.py:176} INFO - Processing /home/airflow/.local/lib/python3.7/site-packages/airflow/example_dags/tutorial_dag.py took 0.169 seconds
[2025-01-24T11:59:49.481+0000] {processor.py:154} INFO - Started process (PID=988) to work on /home/airflow/.local/lib/python3.7/site-packages/airflow/example_dags/tutorial_dag.py
[2025-01-24T11:59:49.482+0000] {processor.py:756} INFO - Processing file /home/airflow/.local/lib/python3.7/site-packages/airflow/example_dags/tutorial_dag.py for tasks to queue
[2025-01-24T11:59:49.483+0000] {logging_mixin.py:120} INFO - [2025-01-24T11:59:49.483+0000] {dagbag.py:537} INFO - Filling up the DagBag from /home/airflow/.local/lib/python3.7/site-packages/airflow/example_dags/tutorial_dag.py
[2025-01-24T11:59:49.499+0000] {processor.py:766} INFO - DAG(s) dict_keys(['tutorial_dag']) retrieved from /home/airflow/.local/lib/python3.7/site-packages/airflow/example_dags/tutorial_dag.py
[2025-01-24T11:59:49.557+0000] {logging_mixin.py:120} INFO - [2025-01-24T11:59:49.557+0000] {dag.py:2585} INFO - Sync 1 DAGs
[2025-01-24T11:59:49.594+0000] {logging_mixin.py:120} INFO - [2025-01-24T11:59:49.593+0000] {dag.py:3340} INFO - Setting next_dagrun for tutorial_dag to None, run_after=None
[2025-01-24T11:59:49.628+0000] {processor.py:176} INFO - Processing /home/airflow/.local/lib/python3.7/site-packages/airflow/example_dags/tutorial_dag.py took 0.152 seconds
[2025-01-24T12:00:19.877+0000] {processor.py:154} INFO - Started process (PID=1052) to work on /home/airflow/.local/lib/python3.7/site-packages/airflow/example_dags/tutorial_dag.py
[2025-01-24T12:00:19.878+0000] {processor.py:756} INFO - Processing file /home/airflow/.local/lib/python3.7/site-packages/airflow/example_dags/tutorial_dag.py for tasks to queue
[2025-01-24T12:00:19.878+0000] {logging_mixin.py:120} INFO - [2025-01-24T12:00:19.878+0000] {dagbag.py:537} INFO - Filling up the DagBag from /home/airflow/.local/lib/python3.7/site-packages/airflow/example_dags/tutorial_dag.py
[2025-01-24T12:00:19.896+0000] {processor.py:766} INFO - DAG(s) dict_keys(['tutorial_dag']) retrieved from /home/airflow/.local/lib/python3.7/site-packages/airflow/example_dags/tutorial_dag.py
[2025-01-24T12:00:19.948+0000] {logging_mixin.py:120} INFO - [2025-01-24T12:00:19.948+0000] {dag.py:2585} INFO - Sync 1 DAGs
[2025-01-24T12:00:19.980+0000] {logging_mixin.py:120} INFO - [2025-01-24T12:00:19.980+0000] {dag.py:3340} INFO - Setting next_dagrun for tutorial_dag to None, run_after=None
[2025-01-24T12:00:20.011+0000] {processor.py:176} INFO - Processing /home/airflow/.local/lib/python3.7/site-packages/airflow/example_dags/tutorial_dag.py took 0.139 seconds
[2025-01-24T12:00:50.925+0000] {processor.py:154} INFO - Started process (PID=1107) to work on /home/airflow/.local/lib/python3.7/site-packages/airflow/example_dags/tutorial_dag.py
[2025-01-24T12:00:50.926+0000] {processor.py:756} INFO - Processing file /home/airflow/.local/lib/python3.7/site-packages/airflow/example_dags/tutorial_dag.py for tasks to queue
[2025-01-24T12:00:50.927+0000] {logging_mixin.py:120} INFO - [2025-01-24T12:00:50.927+0000] {dagbag.py:537} INFO - Filling up the DagBag from /home/airflow/.local/lib/python3.7/site-packages/airflow/example_dags/tutorial_dag.py
[2025-01-24T12:00:50.946+0000] {processor.py:766} INFO - DAG(s) dict_keys(['tutorial_dag']) retrieved from /home/airflow/.local/lib/python3.7/site-packages/airflow/example_dags/tutorial_dag.py
[2025-01-24T12:00:51.008+0000] {logging_mixin.py:120} INFO - [2025-01-24T12:00:51.008+0000] {dag.py:2585} INFO - Sync 1 DAGs
[2025-01-24T12:00:51.052+0000] {logging_mixin.py:120} INFO - [2025-01-24T12:00:51.051+0000] {dag.py:3340} INFO - Setting next_dagrun for tutorial_dag to None, run_after=None
[2025-01-24T12:00:51.098+0000] {processor.py:176} INFO - Processing /home/airflow/.local/lib/python3.7/site-packages/airflow/example_dags/tutorial_dag.py took 0.176 seconds
[2025-01-24T12:01:21.201+0000] {processor.py:154} INFO - Started process (PID=1172) to work on /home/airflow/.local/lib/python3.7/site-packages/airflow/example_dags/tutorial_dag.py
[2025-01-24T12:01:21.202+0000] {processor.py:756} INFO - Processing file /home/airflow/.local/lib/python3.7/site-packages/airflow/example_dags/tutorial_dag.py for tasks to queue
[2025-01-24T12:01:21.203+0000] {logging_mixin.py:120} INFO - [2025-01-24T12:01:21.203+0000] {dagbag.py:537} INFO - Filling up the DagBag from /home/airflow/.local/lib/python3.7/site-packages/airflow/example_dags/tutorial_dag.py
[2025-01-24T12:01:21.222+0000] {processor.py:766} INFO - DAG(s) dict_keys(['tutorial_dag']) retrieved from /home/airflow/.local/lib/python3.7/site-packages/airflow/example_dags/tutorial_dag.py
[2025-01-24T12:01:21.284+0000] {logging_mixin.py:120} INFO - [2025-01-24T12:01:21.283+0000] {dag.py:2585} INFO - Sync 1 DAGs
[2025-01-24T12:01:21.325+0000] {logging_mixin.py:120} INFO - [2025-01-24T12:01:21.325+0000] {dag.py:3340} INFO - Setting next_dagrun for tutorial_dag to None, run_after=None
[2025-01-24T12:01:21.353+0000] {processor.py:176} INFO - Processing /home/airflow/.local/lib/python3.7/site-packages/airflow/example_dags/tutorial_dag.py took 0.157 seconds
[2025-01-24T12:01:52.242+0000] {processor.py:154} INFO - Started process (PID=1237) to work on /home/airflow/.local/lib/python3.7/site-packages/airflow/example_dags/tutorial_dag.py
[2025-01-24T12:01:52.243+0000] {processor.py:756} INFO - Processing file /home/airflow/.local/lib/python3.7/site-packages/airflow/example_dags/tutorial_dag.py for tasks to queue
[2025-01-24T12:01:52.244+0000] {logging_mixin.py:120} INFO - [2025-01-24T12:01:52.244+0000] {dagbag.py:537} INFO - Filling up the DagBag from /home/airflow/.local/lib/python3.7/site-packages/airflow/example_dags/tutorial_dag.py
[2025-01-24T12:01:52.267+0000] {processor.py:766} INFO - DAG(s) dict_keys(['tutorial_dag']) retrieved from /home/airflow/.local/lib/python3.7/site-packages/airflow/example_dags/tutorial_dag.py
[2025-01-24T12:01:52.334+0000] {logging_mixin.py:120} INFO - [2025-01-24T12:01:52.334+0000] {dag.py:2585} INFO - Sync 1 DAGs
[2025-01-24T12:01:52.382+0000] {logging_mixin.py:120} INFO - [2025-01-24T12:01:52.381+0000] {dag.py:3340} INFO - Setting next_dagrun for tutorial_dag to None, run_after=None
[2025-01-24T12:01:52.425+0000] {processor.py:176} INFO - Processing /home/airflow/.local/lib/python3.7/site-packages/airflow/example_dags/tutorial_dag.py took 0.188 seconds
[2025-01-24T12:02:22.965+0000] {processor.py:154} INFO - Started process (PID=1292) to work on /home/airflow/.local/lib/python3.7/site-packages/airflow/example_dags/tutorial_dag.py
[2025-01-24T12:02:22.966+0000] {processor.py:756} INFO - Processing file /home/airflow/.local/lib/python3.7/site-packages/airflow/example_dags/tutorial_dag.py for tasks to queue
[2025-01-24T12:02:22.967+0000] {logging_mixin.py:120} INFO - [2025-01-24T12:02:22.967+0000] {dagbag.py:537} INFO - Filling up the DagBag from /home/airflow/.local/lib/python3.7/site-packages/airflow/example_dags/tutorial_dag.py
[2025-01-24T12:02:22.985+0000] {processor.py:766} INFO - DAG(s) dict_keys(['tutorial_dag']) retrieved from /home/airflow/.local/lib/python3.7/site-packages/airflow/example_dags/tutorial_dag.py
[2025-01-24T12:02:23.046+0000] {logging_mixin.py:120} INFO - [2025-01-24T12:02:23.046+0000] {dag.py:2585} INFO - Sync 1 DAGs
[2025-01-24T12:02:23.087+0000] {logging_mixin.py:120} INFO - [2025-01-24T12:02:23.086+0000] {dag.py:3340} INFO - Setting next_dagrun for tutorial_dag to None, run_after=None
[2025-01-24T12:02:23.123+0000] {processor.py:176} INFO - Processing /home/airflow/.local/lib/python3.7/site-packages/airflow/example_dags/tutorial_dag.py took 0.164 seconds
[2025-01-24T12:02:53.284+0000] {processor.py:154} INFO - Started process (PID=1356) to work on /home/airflow/.local/lib/python3.7/site-packages/airflow/example_dags/tutorial_dag.py
[2025-01-24T12:02:53.285+0000] {processor.py:756} INFO - Processing file /home/airflow/.local/lib/python3.7/site-packages/airflow/example_dags/tutorial_dag.py for tasks to queue
[2025-01-24T12:02:53.286+0000] {logging_mixin.py:120} INFO - [2025-01-24T12:02:53.286+0000] {dagbag.py:537} INFO - Filling up the DagBag from /home/airflow/.local/lib/python3.7/site-packages/airflow/example_dags/tutorial_dag.py
[2025-01-24T12:02:53.304+0000] {processor.py:766} INFO - DAG(s) dict_keys(['tutorial_dag']) retrieved from /home/airflow/.local/lib/python3.7/site-packages/airflow/example_dags/tutorial_dag.py
[2025-01-24T12:02:53.362+0000] {logging_mixin.py:120} INFO - [2025-01-24T12:02:53.361+0000] {dag.py:2585} INFO - Sync 1 DAGs
[2025-01-24T12:02:53.401+0000] {logging_mixin.py:120} INFO - [2025-01-24T12:02:53.400+0000] {dag.py:3340} INFO - Setting next_dagrun for tutorial_dag to None, run_after=None
[2025-01-24T12:02:53.433+0000] {processor.py:176} INFO - Processing /home/airflow/.local/lib/python3.7/site-packages/airflow/example_dags/tutorial_dag.py took 0.154 seconds
[2025-01-24T12:03:23.558+0000] {processor.py:154} INFO - Started process (PID=1411) to work on /home/airflow/.local/lib/python3.7/site-packages/airflow/example_dags/tutorial_dag.py
[2025-01-24T12:03:23.559+0000] {processor.py:756} INFO - Processing file /home/airflow/.local/lib/python3.7/site-packages/airflow/example_dags/tutorial_dag.py for tasks to queue
[2025-01-24T12:03:23.560+0000] {logging_mixin.py:120} INFO - [2025-01-24T12:03:23.560+0000] {dagbag.py:537} INFO - Filling up the DagBag from /home/airflow/.local/lib/python3.7/site-packages/airflow/example_dags/tutorial_dag.py
[2025-01-24T12:03:23.578+0000] {processor.py:766} INFO - DAG(s) dict_keys(['tutorial_dag']) retrieved from /home/airflow/.local/lib/python3.7/site-packages/airflow/example_dags/tutorial_dag.py
[2025-01-24T12:03:23.634+0000] {logging_mixin.py:120} INFO - [2025-01-24T12:03:23.634+0000] {dag.py:2585} INFO - Sync 1 DAGs
[2025-01-24T12:03:23.671+0000] {logging_mixin.py:120} INFO - [2025-01-24T12:03:23.671+0000] {dag.py:3340} INFO - Setting next_dagrun for tutorial_dag to None, run_after=None
[2025-01-24T12:03:23.702+0000] {processor.py:176} INFO - Processing /home/airflow/.local/lib/python3.7/site-packages/airflow/example_dags/tutorial_dag.py took 0.149 seconds
[2025-01-24T12:03:54.053+0000] {processor.py:154} INFO - Started process (PID=1475) to work on /home/airflow/.local/lib/python3.7/site-packages/airflow/example_dags/tutorial_dag.py
[2025-01-24T12:03:54.054+0000] {processor.py:756} INFO - Processing file /home/airflow/.local/lib/python3.7/site-packages/airflow/example_dags/tutorial_dag.py for tasks to queue
[2025-01-24T12:03:54.055+0000] {logging_mixin.py:120} INFO - [2025-01-24T12:03:54.054+0000] {dagbag.py:537} INFO - Filling up the DagBag from /home/airflow/.local/lib/python3.7/site-packages/airflow/example_dags/tutorial_dag.py
[2025-01-24T12:03:54.073+0000] {processor.py:766} INFO - DAG(s) dict_keys(['tutorial_dag']) retrieved from /home/airflow/.local/lib/python3.7/site-packages/airflow/example_dags/tutorial_dag.py
[2025-01-24T12:03:54.134+0000] {logging_mixin.py:120} INFO - [2025-01-24T12:03:54.133+0000] {dag.py:2585} INFO - Sync 1 DAGs
[2025-01-24T12:03:54.173+0000] {logging_mixin.py:120} INFO - [2025-01-24T12:03:54.173+0000] {dag.py:3340} INFO - Setting next_dagrun for tutorial_dag to None, run_after=None
[2025-01-24T12:03:54.203+0000] {processor.py:176} INFO - Processing /home/airflow/.local/lib/python3.7/site-packages/airflow/example_dags/tutorial_dag.py took 0.155 seconds
[2025-01-24T12:04:24.984+0000] {processor.py:154} INFO - Started process (PID=1530) to work on /home/airflow/.local/lib/python3.7/site-packages/airflow/example_dags/tutorial_dag.py
[2025-01-24T12:04:24.986+0000] {processor.py:756} INFO - Processing file /home/airflow/.local/lib/python3.7/site-packages/airflow/example_dags/tutorial_dag.py for tasks to queue
[2025-01-24T12:04:24.987+0000] {logging_mixin.py:120} INFO - [2025-01-24T12:04:24.986+0000] {dagbag.py:537} INFO - Filling up the DagBag from /home/airflow/.local/lib/python3.7/site-packages/airflow/example_dags/tutorial_dag.py
[2025-01-24T12:04:25.006+0000] {processor.py:766} INFO - DAG(s) dict_keys(['tutorial_dag']) retrieved from /home/airflow/.local/lib/python3.7/site-packages/airflow/example_dags/tutorial_dag.py
[2025-01-24T12:04:25.064+0000] {logging_mixin.py:120} INFO - [2025-01-24T12:04:25.064+0000] {dag.py:2585} INFO - Sync 1 DAGs
[2025-01-24T12:04:25.101+0000] {logging_mixin.py:120} INFO - [2025-01-24T12:04:25.100+0000] {dag.py:3340} INFO - Setting next_dagrun for tutorial_dag to None, run_after=None
[2025-01-24T12:04:25.130+0000] {processor.py:176} INFO - Processing /home/airflow/.local/lib/python3.7/site-packages/airflow/example_dags/tutorial_dag.py took 0.150 seconds
[2025-01-24T12:04:55.324+0000] {processor.py:154} INFO - Started process (PID=1594) to work on /home/airflow/.local/lib/python3.7/site-packages/airflow/example_dags/tutorial_dag.py
[2025-01-24T12:04:55.325+0000] {processor.py:756} INFO - Processing file /home/airflow/.local/lib/python3.7/site-packages/airflow/example_dags/tutorial_dag.py for tasks to queue
[2025-01-24T12:04:55.326+0000] {logging_mixin.py:120} INFO - [2025-01-24T12:04:55.326+0000] {dagbag.py:537} INFO - Filling up the DagBag from /home/airflow/.local/lib/python3.7/site-packages/airflow/example_dags/tutorial_dag.py
[2025-01-24T12:04:55.344+0000] {processor.py:766} INFO - DAG(s) dict_keys(['tutorial_dag']) retrieved from /home/airflow/.local/lib/python3.7/site-packages/airflow/example_dags/tutorial_dag.py
[2025-01-24T12:04:55.407+0000] {logging_mixin.py:120} INFO - [2025-01-24T12:04:55.407+0000] {dag.py:2585} INFO - Sync 1 DAGs
[2025-01-24T12:04:55.442+0000] {logging_mixin.py:120} INFO - [2025-01-24T12:04:55.442+0000] {dag.py:3340} INFO - Setting next_dagrun for tutorial_dag to None, run_after=None
[2025-01-24T12:04:55.473+0000] {processor.py:176} INFO - Processing /home/airflow/.local/lib/python3.7/site-packages/airflow/example_dags/tutorial_dag.py took 0.153 seconds
[2025-01-24T12:05:26.377+0000] {processor.py:154} INFO - Started process (PID=1649) to work on /home/airflow/.local/lib/python3.7/site-packages/airflow/example_dags/tutorial_dag.py
[2025-01-24T12:05:26.379+0000] {processor.py:756} INFO - Processing file /home/airflow/.local/lib/python3.7/site-packages/airflow/example_dags/tutorial_dag.py for tasks to queue
[2025-01-24T12:05:26.379+0000] {logging_mixin.py:120} INFO - [2025-01-24T12:05:26.379+0000] {dagbag.py:537} INFO - Filling up the DagBag from /home/airflow/.local/lib/python3.7/site-packages/airflow/example_dags/tutorial_dag.py
[2025-01-24T12:05:26.398+0000] {processor.py:766} INFO - DAG(s) dict_keys(['tutorial_dag']) retrieved from /home/airflow/.local/lib/python3.7/site-packages/airflow/example_dags/tutorial_dag.py
[2025-01-24T12:05:26.458+0000] {logging_mixin.py:120} INFO - [2025-01-24T12:05:26.457+0000] {dag.py:2585} INFO - Sync 1 DAGs
[2025-01-24T12:05:26.498+0000] {logging_mixin.py:120} INFO - [2025-01-24T12:05:26.498+0000] {dag.py:3340} INFO - Setting next_dagrun for tutorial_dag to None, run_after=None
[2025-01-24T12:05:26.537+0000] {processor.py:176} INFO - Processing /home/airflow/.local/lib/python3.7/site-packages/airflow/example_dags/tutorial_dag.py took 0.164 seconds
[2025-01-24T12:05:56.823+0000] {processor.py:154} INFO - Started process (PID=1713) to work on /home/airflow/.local/lib/python3.7/site-packages/airflow/example_dags/tutorial_dag.py
[2025-01-24T12:05:56.824+0000] {processor.py:756} INFO - Processing file /home/airflow/.local/lib/python3.7/site-packages/airflow/example_dags/tutorial_dag.py for tasks to queue
[2025-01-24T12:05:56.826+0000] {logging_mixin.py:120} INFO - [2025-01-24T12:05:56.825+0000] {dagbag.py:537} INFO - Filling up the DagBag from /home/airflow/.local/lib/python3.7/site-packages/airflow/example_dags/tutorial_dag.py
[2025-01-24T12:05:56.845+0000] {processor.py:766} INFO - DAG(s) dict_keys(['tutorial_dag']) retrieved from /home/airflow/.local/lib/python3.7/site-packages/airflow/example_dags/tutorial_dag.py
[2025-01-24T12:05:56.908+0000] {logging_mixin.py:120} INFO - [2025-01-24T12:05:56.908+0000] {dag.py:2585} INFO - Sync 1 DAGs
[2025-01-24T12:05:56.948+0000] {logging_mixin.py:120} INFO - [2025-01-24T12:05:56.947+0000] {dag.py:3340} INFO - Setting next_dagrun for tutorial_dag to None, run_after=None
[2025-01-24T12:05:56.985+0000] {processor.py:176} INFO - Processing /home/airflow/.local/lib/python3.7/site-packages/airflow/example_dags/tutorial_dag.py took 0.167 seconds
