[2025-01-24T17:06:13.721+0000] {processor.py:154} INFO - Started process (PID=57) to work on /home/airflow/.local/lib/python3.7/site-packages/airflow/example_dags/tutorial.py
[2025-01-24T17:06:13.722+0000] {processor.py:756} INFO - Processing file /home/airflow/.local/lib/python3.7/site-packages/airflow/example_dags/tutorial.py for tasks to queue
[2025-01-24T17:06:13.724+0000] {logging_mixin.py:120} INFO - [2025-01-24T17:06:13.723+0000] {dagbag.py:537} INFO - Filling up the DagBag from /home/airflow/.local/lib/python3.7/site-packages/airflow/example_dags/tutorial.py
[2025-01-24T17:06:13.761+0000] {processor.py:766} INFO - DAG(s) dict_keys(['tutorial']) retrieved from /home/airflow/.local/lib/python3.7/site-packages/airflow/example_dags/tutorial.py
[2025-01-24T17:06:13.842+0000] {logging_mixin.py:120} INFO - [2025-01-24T17:06:13.842+0000] {dag.py:2585} INFO - Sync 1 DAGs
[2025-01-24T17:06:13.892+0000] {logging_mixin.py:120} INFO - [2025-01-24T17:06:13.892+0000] {dag.py:3340} INFO - Setting next_dagrun for tutorial to 2025-01-23T17:06:13.892087+00:00, run_after=2025-01-24T17:06:13.892087+00:00
[2025-01-24T17:06:13.940+0000] {processor.py:176} INFO - Processing /home/airflow/.local/lib/python3.7/site-packages/airflow/example_dags/tutorial.py took 0.225 seconds
[2025-01-24T11:52:06.591+0000] {processor.py:154} INFO - Started process (PID=57) to work on /home/airflow/.local/lib/python3.7/site-packages/airflow/example_dags/tutorial.py
[2025-01-24T11:52:06.593+0000] {processor.py:756} INFO - Processing file /home/airflow/.local/lib/python3.7/site-packages/airflow/example_dags/tutorial.py for tasks to queue
[2025-01-24T11:52:06.594+0000] {logging_mixin.py:120} INFO - [2025-01-24T11:52:06.593+0000] {dagbag.py:537} INFO - Filling up the DagBag from /home/airflow/.local/lib/python3.7/site-packages/airflow/example_dags/tutorial.py
[2025-01-24T11:52:06.617+0000] {processor.py:766} INFO - DAG(s) dict_keys(['tutorial']) retrieved from /home/airflow/.local/lib/python3.7/site-packages/airflow/example_dags/tutorial.py
[2025-01-24T11:52:06.682+0000] {logging_mixin.py:120} INFO - [2025-01-24T11:52:06.682+0000] {dag.py:2585} INFO - Sync 1 DAGs
[2025-01-24T11:52:06.720+0000] {logging_mixin.py:120} INFO - [2025-01-24T11:52:06.720+0000] {dag.py:3340} INFO - Setting next_dagrun for tutorial to 2025-01-23T11:52:06.719887+00:00, run_after=2025-01-24T11:52:06.719887+00:00
[2025-01-24T11:52:06.755+0000] {processor.py:176} INFO - Processing /home/airflow/.local/lib/python3.7/site-packages/airflow/example_dags/tutorial.py took 0.169 seconds
[2025-01-24T11:52:36.900+0000] {processor.py:154} INFO - Started process (PID=112) to work on /home/airflow/.local/lib/python3.7/site-packages/airflow/example_dags/tutorial.py
[2025-01-24T11:52:36.901+0000] {processor.py:756} INFO - Processing file /home/airflow/.local/lib/python3.7/site-packages/airflow/example_dags/tutorial.py for tasks to queue
[2025-01-24T11:52:36.902+0000] {logging_mixin.py:120} INFO - [2025-01-24T11:52:36.902+0000] {dagbag.py:537} INFO - Filling up the DagBag from /home/airflow/.local/lib/python3.7/site-packages/airflow/example_dags/tutorial.py
[2025-01-24T11:52:36.925+0000] {processor.py:766} INFO - DAG(s) dict_keys(['tutorial']) retrieved from /home/airflow/.local/lib/python3.7/site-packages/airflow/example_dags/tutorial.py
[2025-01-24T11:52:37.000+0000] {logging_mixin.py:120} INFO - [2025-01-24T11:52:37.000+0000] {dag.py:2585} INFO - Sync 1 DAGs
[2025-01-24T11:52:37.050+0000] {logging_mixin.py:120} INFO - [2025-01-24T11:52:37.049+0000] {dag.py:3340} INFO - Setting next_dagrun for tutorial to 2025-01-23T11:52:37.049155+00:00, run_after=2025-01-24T11:52:37.049155+00:00
[2025-01-24T11:52:37.097+0000] {processor.py:176} INFO - Processing /home/airflow/.local/lib/python3.7/site-packages/airflow/example_dags/tutorial.py took 0.204 seconds
[2025-01-24T11:53:07.341+0000] {processor.py:154} INFO - Started process (PID=177) to work on /home/airflow/.local/lib/python3.7/site-packages/airflow/example_dags/tutorial.py
[2025-01-24T11:53:07.343+0000] {processor.py:756} INFO - Processing file /home/airflow/.local/lib/python3.7/site-packages/airflow/example_dags/tutorial.py for tasks to queue
[2025-01-24T11:53:07.344+0000] {logging_mixin.py:120} INFO - [2025-01-24T11:53:07.343+0000] {dagbag.py:537} INFO - Filling up the DagBag from /home/airflow/.local/lib/python3.7/site-packages/airflow/example_dags/tutorial.py
[2025-01-24T11:53:07.366+0000] {processor.py:766} INFO - DAG(s) dict_keys(['tutorial']) retrieved from /home/airflow/.local/lib/python3.7/site-packages/airflow/example_dags/tutorial.py
[2025-01-24T11:53:07.433+0000] {logging_mixin.py:120} INFO - [2025-01-24T11:53:07.433+0000] {dag.py:2585} INFO - Sync 1 DAGs
[2025-01-24T11:53:07.478+0000] {logging_mixin.py:120} INFO - [2025-01-24T11:53:07.478+0000] {dag.py:3340} INFO - Setting next_dagrun for tutorial to 2025-01-23T11:53:07.477503+00:00, run_after=2025-01-24T11:53:07.477503+00:00
[2025-01-24T11:53:07.523+0000] {processor.py:176} INFO - Processing /home/airflow/.local/lib/python3.7/site-packages/airflow/example_dags/tutorial.py took 0.187 seconds
[2025-01-24T11:53:37.797+0000] {processor.py:154} INFO - Started process (PID=232) to work on /home/airflow/.local/lib/python3.7/site-packages/airflow/example_dags/tutorial.py
[2025-01-24T11:53:37.798+0000] {processor.py:756} INFO - Processing file /home/airflow/.local/lib/python3.7/site-packages/airflow/example_dags/tutorial.py for tasks to queue
[2025-01-24T11:53:37.799+0000] {logging_mixin.py:120} INFO - [2025-01-24T11:53:37.798+0000] {dagbag.py:537} INFO - Filling up the DagBag from /home/airflow/.local/lib/python3.7/site-packages/airflow/example_dags/tutorial.py
[2025-01-24T11:53:37.818+0000] {processor.py:766} INFO - DAG(s) dict_keys(['tutorial']) retrieved from /home/airflow/.local/lib/python3.7/site-packages/airflow/example_dags/tutorial.py
[2025-01-24T11:53:37.882+0000] {logging_mixin.py:120} INFO - [2025-01-24T11:53:37.881+0000] {dag.py:2585} INFO - Sync 1 DAGs
[2025-01-24T11:53:37.919+0000] {logging_mixin.py:120} INFO - [2025-01-24T11:53:37.919+0000] {dag.py:3340} INFO - Setting next_dagrun for tutorial to 2025-01-23T11:53:37.918731+00:00, run_after=2025-01-24T11:53:37.918731+00:00
[2025-01-24T11:53:37.951+0000] {processor.py:176} INFO - Processing /home/airflow/.local/lib/python3.7/site-packages/airflow/example_dags/tutorial.py took 0.159 seconds
[2025-01-24T11:54:08.659+0000] {processor.py:154} INFO - Started process (PID=296) to work on /home/airflow/.local/lib/python3.7/site-packages/airflow/example_dags/tutorial.py
[2025-01-24T11:54:08.660+0000] {processor.py:756} INFO - Processing file /home/airflow/.local/lib/python3.7/site-packages/airflow/example_dags/tutorial.py for tasks to queue
[2025-01-24T11:54:08.661+0000] {logging_mixin.py:120} INFO - [2025-01-24T11:54:08.661+0000] {dagbag.py:537} INFO - Filling up the DagBag from /home/airflow/.local/lib/python3.7/site-packages/airflow/example_dags/tutorial.py
[2025-01-24T11:54:08.681+0000] {processor.py:766} INFO - DAG(s) dict_keys(['tutorial']) retrieved from /home/airflow/.local/lib/python3.7/site-packages/airflow/example_dags/tutorial.py
[2025-01-24T11:54:08.748+0000] {logging_mixin.py:120} INFO - [2025-01-24T11:54:08.748+0000] {dag.py:2585} INFO - Sync 1 DAGs
[2025-01-24T11:54:08.800+0000] {logging_mixin.py:120} INFO - [2025-01-24T11:54:08.800+0000] {dag.py:3340} INFO - Setting next_dagrun for tutorial to 2025-01-23T11:54:08.800006+00:00, run_after=2025-01-24T11:54:08.800006+00:00
[2025-01-24T11:54:08.841+0000] {processor.py:176} INFO - Processing /home/airflow/.local/lib/python3.7/site-packages/airflow/example_dags/tutorial.py took 0.187 seconds
[2025-01-24T11:54:39.313+0000] {processor.py:154} INFO - Started process (PID=360) to work on /home/airflow/.local/lib/python3.7/site-packages/airflow/example_dags/tutorial.py
[2025-01-24T11:54:39.314+0000] {processor.py:756} INFO - Processing file /home/airflow/.local/lib/python3.7/site-packages/airflow/example_dags/tutorial.py for tasks to queue
[2025-01-24T11:54:39.315+0000] {logging_mixin.py:120} INFO - [2025-01-24T11:54:39.315+0000] {dagbag.py:537} INFO - Filling up the DagBag from /home/airflow/.local/lib/python3.7/site-packages/airflow/example_dags/tutorial.py
[2025-01-24T11:54:39.338+0000] {processor.py:766} INFO - DAG(s) dict_keys(['tutorial']) retrieved from /home/airflow/.local/lib/python3.7/site-packages/airflow/example_dags/tutorial.py
[2025-01-24T11:54:39.408+0000] {logging_mixin.py:120} INFO - [2025-01-24T11:54:39.408+0000] {dag.py:2585} INFO - Sync 1 DAGs
[2025-01-24T11:54:39.456+0000] {logging_mixin.py:120} INFO - [2025-01-24T11:54:39.456+0000] {dag.py:3340} INFO - Setting next_dagrun for tutorial to 2025-01-23T11:54:39.455929+00:00, run_after=2025-01-24T11:54:39.455929+00:00
[2025-01-24T11:54:39.501+0000] {processor.py:176} INFO - Processing /home/airflow/.local/lib/python3.7/site-packages/airflow/example_dags/tutorial.py took 0.193 seconds
[2025-01-24T11:55:10.182+0000] {processor.py:154} INFO - Started process (PID=415) to work on /home/airflow/.local/lib/python3.7/site-packages/airflow/example_dags/tutorial.py
[2025-01-24T11:55:10.183+0000] {processor.py:756} INFO - Processing file /home/airflow/.local/lib/python3.7/site-packages/airflow/example_dags/tutorial.py for tasks to queue
[2025-01-24T11:55:10.184+0000] {logging_mixin.py:120} INFO - [2025-01-24T11:55:10.183+0000] {dagbag.py:537} INFO - Filling up the DagBag from /home/airflow/.local/lib/python3.7/site-packages/airflow/example_dags/tutorial.py
[2025-01-24T11:55:10.205+0000] {processor.py:766} INFO - DAG(s) dict_keys(['tutorial']) retrieved from /home/airflow/.local/lib/python3.7/site-packages/airflow/example_dags/tutorial.py
[2025-01-24T11:55:10.270+0000] {logging_mixin.py:120} INFO - [2025-01-24T11:55:10.270+0000] {dag.py:2585} INFO - Sync 1 DAGs
[2025-01-24T11:55:10.316+0000] {logging_mixin.py:120} INFO - [2025-01-24T11:55:10.316+0000] {dag.py:3340} INFO - Setting next_dagrun for tutorial to 2025-01-23T11:55:10.315911+00:00, run_after=2025-01-24T11:55:10.315911+00:00
[2025-01-24T11:55:10.350+0000] {processor.py:176} INFO - Processing /home/airflow/.local/lib/python3.7/site-packages/airflow/example_dags/tutorial.py took 0.173 seconds
[2025-01-24T11:55:40.906+0000] {processor.py:154} INFO - Started process (PID=479) to work on /home/airflow/.local/lib/python3.7/site-packages/airflow/example_dags/tutorial.py
[2025-01-24T11:55:40.907+0000] {processor.py:756} INFO - Processing file /home/airflow/.local/lib/python3.7/site-packages/airflow/example_dags/tutorial.py for tasks to queue
[2025-01-24T11:55:40.908+0000] {logging_mixin.py:120} INFO - [2025-01-24T11:55:40.908+0000] {dagbag.py:537} INFO - Filling up the DagBag from /home/airflow/.local/lib/python3.7/site-packages/airflow/example_dags/tutorial.py
[2025-01-24T11:55:40.929+0000] {processor.py:766} INFO - DAG(s) dict_keys(['tutorial']) retrieved from /home/airflow/.local/lib/python3.7/site-packages/airflow/example_dags/tutorial.py
[2025-01-24T11:55:41.003+0000] {logging_mixin.py:120} INFO - [2025-01-24T11:55:41.003+0000] {dag.py:2585} INFO - Sync 1 DAGs
[2025-01-24T11:55:41.050+0000] {logging_mixin.py:120} INFO - [2025-01-24T11:55:41.050+0000] {dag.py:3340} INFO - Setting next_dagrun for tutorial to 2025-01-23T11:55:41.049736+00:00, run_after=2025-01-24T11:55:41.049736+00:00
[2025-01-24T11:55:41.084+0000] {processor.py:176} INFO - Processing /home/airflow/.local/lib/python3.7/site-packages/airflow/example_dags/tutorial.py took 0.182 seconds
[2025-01-24T11:56:11.340+0000] {processor.py:154} INFO - Started process (PID=535) to work on /home/airflow/.local/lib/python3.7/site-packages/airflow/example_dags/tutorial.py
[2025-01-24T11:56:11.341+0000] {processor.py:756} INFO - Processing file /home/airflow/.local/lib/python3.7/site-packages/airflow/example_dags/tutorial.py for tasks to queue
[2025-01-24T11:56:11.342+0000] {logging_mixin.py:120} INFO - [2025-01-24T11:56:11.342+0000] {dagbag.py:537} INFO - Filling up the DagBag from /home/airflow/.local/lib/python3.7/site-packages/airflow/example_dags/tutorial.py
[2025-01-24T11:56:11.363+0000] {processor.py:766} INFO - DAG(s) dict_keys(['tutorial']) retrieved from /home/airflow/.local/lib/python3.7/site-packages/airflow/example_dags/tutorial.py
[2025-01-24T11:56:11.424+0000] {logging_mixin.py:120} INFO - [2025-01-24T11:56:11.424+0000] {dag.py:2585} INFO - Sync 1 DAGs
[2025-01-24T11:56:11.460+0000] {logging_mixin.py:120} INFO - [2025-01-24T11:56:11.459+0000] {dag.py:3340} INFO - Setting next_dagrun for tutorial to 2025-01-23T11:56:11.459606+00:00, run_after=2025-01-24T11:56:11.459606+00:00
[2025-01-24T11:56:11.492+0000] {processor.py:176} INFO - Processing /home/airflow/.local/lib/python3.7/site-packages/airflow/example_dags/tutorial.py took 0.155 seconds
[2025-01-24T11:56:41.860+0000] {processor.py:154} INFO - Started process (PID=599) to work on /home/airflow/.local/lib/python3.7/site-packages/airflow/example_dags/tutorial.py
[2025-01-24T11:56:41.861+0000] {processor.py:756} INFO - Processing file /home/airflow/.local/lib/python3.7/site-packages/airflow/example_dags/tutorial.py for tasks to queue
[2025-01-24T11:56:41.862+0000] {logging_mixin.py:120} INFO - [2025-01-24T11:56:41.862+0000] {dagbag.py:537} INFO - Filling up the DagBag from /home/airflow/.local/lib/python3.7/site-packages/airflow/example_dags/tutorial.py
[2025-01-24T11:56:41.882+0000] {processor.py:766} INFO - DAG(s) dict_keys(['tutorial']) retrieved from /home/airflow/.local/lib/python3.7/site-packages/airflow/example_dags/tutorial.py
[2025-01-24T11:56:41.944+0000] {logging_mixin.py:120} INFO - [2025-01-24T11:56:41.943+0000] {dag.py:2585} INFO - Sync 1 DAGs
[2025-01-24T11:56:41.987+0000] {logging_mixin.py:120} INFO - [2025-01-24T11:56:41.986+0000] {dag.py:3340} INFO - Setting next_dagrun for tutorial to 2025-01-23T11:56:41.986347+00:00, run_after=2025-01-24T11:56:41.986347+00:00
[2025-01-24T11:56:42.028+0000] {processor.py:176} INFO - Processing /home/airflow/.local/lib/python3.7/site-packages/airflow/example_dags/tutorial.py took 0.173 seconds
[2025-01-24T11:57:12.571+0000] {processor.py:154} INFO - Started process (PID=661) to work on /home/airflow/.local/lib/python3.7/site-packages/airflow/example_dags/tutorial.py
[2025-01-24T11:57:12.572+0000] {processor.py:756} INFO - Processing file /home/airflow/.local/lib/python3.7/site-packages/airflow/example_dags/tutorial.py for tasks to queue
[2025-01-24T11:57:12.573+0000] {logging_mixin.py:120} INFO - [2025-01-24T11:57:12.573+0000] {dagbag.py:537} INFO - Filling up the DagBag from /home/airflow/.local/lib/python3.7/site-packages/airflow/example_dags/tutorial.py
[2025-01-24T11:57:12.594+0000] {processor.py:766} INFO - DAG(s) dict_keys(['tutorial']) retrieved from /home/airflow/.local/lib/python3.7/site-packages/airflow/example_dags/tutorial.py
[2025-01-24T11:57:12.660+0000] {logging_mixin.py:120} INFO - [2025-01-24T11:57:12.659+0000] {dag.py:2585} INFO - Sync 1 DAGs
[2025-01-24T11:57:12.708+0000] {logging_mixin.py:120} INFO - [2025-01-24T11:57:12.708+0000] {dag.py:3340} INFO - Setting next_dagrun for tutorial to 2025-01-23T11:57:12.707802+00:00, run_after=2025-01-24T11:57:12.707802+00:00
[2025-01-24T11:57:12.749+0000] {processor.py:176} INFO - Processing /home/airflow/.local/lib/python3.7/site-packages/airflow/example_dags/tutorial.py took 0.182 seconds
[2025-01-24T11:57:42.983+0000] {processor.py:154} INFO - Started process (PID=718) to work on /home/airflow/.local/lib/python3.7/site-packages/airflow/example_dags/tutorial.py
[2025-01-24T11:57:42.985+0000] {processor.py:756} INFO - Processing file /home/airflow/.local/lib/python3.7/site-packages/airflow/example_dags/tutorial.py for tasks to queue
[2025-01-24T11:57:42.986+0000] {logging_mixin.py:120} INFO - [2025-01-24T11:57:42.986+0000] {dagbag.py:537} INFO - Filling up the DagBag from /home/airflow/.local/lib/python3.7/site-packages/airflow/example_dags/tutorial.py
[2025-01-24T11:57:43.006+0000] {processor.py:766} INFO - DAG(s) dict_keys(['tutorial']) retrieved from /home/airflow/.local/lib/python3.7/site-packages/airflow/example_dags/tutorial.py
[2025-01-24T11:57:43.065+0000] {logging_mixin.py:120} INFO - [2025-01-24T11:57:43.064+0000] {dag.py:2585} INFO - Sync 1 DAGs
[2025-01-24T11:57:43.104+0000] {logging_mixin.py:120} INFO - [2025-01-24T11:57:43.103+0000] {dag.py:3340} INFO - Setting next_dagrun for tutorial to 2025-01-23T11:57:43.103453+00:00, run_after=2025-01-24T11:57:43.103453+00:00
[2025-01-24T11:57:43.138+0000] {processor.py:176} INFO - Processing /home/airflow/.local/lib/python3.7/site-packages/airflow/example_dags/tutorial.py took 0.160 seconds
[2025-01-24T11:58:13.379+0000] {processor.py:154} INFO - Started process (PID=783) to work on /home/airflow/.local/lib/python3.7/site-packages/airflow/example_dags/tutorial.py
[2025-01-24T11:58:13.380+0000] {processor.py:756} INFO - Processing file /home/airflow/.local/lib/python3.7/site-packages/airflow/example_dags/tutorial.py for tasks to queue
[2025-01-24T11:58:13.380+0000] {logging_mixin.py:120} INFO - [2025-01-24T11:58:13.380+0000] {dagbag.py:537} INFO - Filling up the DagBag from /home/airflow/.local/lib/python3.7/site-packages/airflow/example_dags/tutorial.py
[2025-01-24T11:58:13.399+0000] {processor.py:766} INFO - DAG(s) dict_keys(['tutorial']) retrieved from /home/airflow/.local/lib/python3.7/site-packages/airflow/example_dags/tutorial.py
[2025-01-24T11:58:13.456+0000] {logging_mixin.py:120} INFO - [2025-01-24T11:58:13.456+0000] {dag.py:2585} INFO - Sync 1 DAGs
[2025-01-24T11:58:13.489+0000] {logging_mixin.py:120} INFO - [2025-01-24T11:58:13.489+0000] {dag.py:3340} INFO - Setting next_dagrun for tutorial to 2025-01-23T11:58:13.489401+00:00, run_after=2025-01-24T11:58:13.489401+00:00
[2025-01-24T11:58:13.526+0000] {processor.py:176} INFO - Processing /home/airflow/.local/lib/python3.7/site-packages/airflow/example_dags/tutorial.py took 0.151 seconds
[2025-01-24T11:58:43.964+0000] {processor.py:154} INFO - Started process (PID=837) to work on /home/airflow/.local/lib/python3.7/site-packages/airflow/example_dags/tutorial.py
[2025-01-24T11:58:43.965+0000] {processor.py:756} INFO - Processing file /home/airflow/.local/lib/python3.7/site-packages/airflow/example_dags/tutorial.py for tasks to queue
[2025-01-24T11:58:43.966+0000] {logging_mixin.py:120} INFO - [2025-01-24T11:58:43.966+0000] {dagbag.py:537} INFO - Filling up the DagBag from /home/airflow/.local/lib/python3.7/site-packages/airflow/example_dags/tutorial.py
[2025-01-24T11:58:43.986+0000] {processor.py:766} INFO - DAG(s) dict_keys(['tutorial']) retrieved from /home/airflow/.local/lib/python3.7/site-packages/airflow/example_dags/tutorial.py
[2025-01-24T11:58:44.046+0000] {logging_mixin.py:120} INFO - [2025-01-24T11:58:44.046+0000] {dag.py:2585} INFO - Sync 1 DAGs
[2025-01-24T11:58:44.091+0000] {logging_mixin.py:120} INFO - [2025-01-24T11:58:44.090+0000] {dag.py:3340} INFO - Setting next_dagrun for tutorial to 2025-01-23T11:58:44.090431+00:00, run_after=2025-01-24T11:58:44.090431+00:00
[2025-01-24T11:58:44.125+0000] {processor.py:176} INFO - Processing /home/airflow/.local/lib/python3.7/site-packages/airflow/example_dags/tutorial.py took 0.167 seconds
[2025-01-24T11:59:14.206+0000] {processor.py:154} INFO - Started process (PID=901) to work on /home/airflow/.local/lib/python3.7/site-packages/airflow/example_dags/tutorial.py
[2025-01-24T11:59:14.207+0000] {processor.py:756} INFO - Processing file /home/airflow/.local/lib/python3.7/site-packages/airflow/example_dags/tutorial.py for tasks to queue
[2025-01-24T11:59:14.208+0000] {logging_mixin.py:120} INFO - [2025-01-24T11:59:14.208+0000] {dagbag.py:537} INFO - Filling up the DagBag from /home/airflow/.local/lib/python3.7/site-packages/airflow/example_dags/tutorial.py
[2025-01-24T11:59:14.228+0000] {processor.py:766} INFO - DAG(s) dict_keys(['tutorial']) retrieved from /home/airflow/.local/lib/python3.7/site-packages/airflow/example_dags/tutorial.py
[2025-01-24T11:59:14.289+0000] {logging_mixin.py:120} INFO - [2025-01-24T11:59:14.289+0000] {dag.py:2585} INFO - Sync 1 DAGs
[2025-01-24T11:59:14.335+0000] {logging_mixin.py:120} INFO - [2025-01-24T11:59:14.334+0000] {dag.py:3340} INFO - Setting next_dagrun for tutorial to 2025-01-23T11:59:14.334635+00:00, run_after=2025-01-24T11:59:14.334635+00:00
[2025-01-24T11:59:14.368+0000] {processor.py:176} INFO - Processing /home/airflow/.local/lib/python3.7/site-packages/airflow/example_dags/tutorial.py took 0.166 seconds
[2025-01-24T11:59:44.721+0000] {processor.py:154} INFO - Started process (PID=965) to work on /home/airflow/.local/lib/python3.7/site-packages/airflow/example_dags/tutorial.py
[2025-01-24T11:59:44.722+0000] {processor.py:756} INFO - Processing file /home/airflow/.local/lib/python3.7/site-packages/airflow/example_dags/tutorial.py for tasks to queue
[2025-01-24T11:59:44.723+0000] {logging_mixin.py:120} INFO - [2025-01-24T11:59:44.723+0000] {dagbag.py:537} INFO - Filling up the DagBag from /home/airflow/.local/lib/python3.7/site-packages/airflow/example_dags/tutorial.py
[2025-01-24T11:59:44.743+0000] {processor.py:766} INFO - DAG(s) dict_keys(['tutorial']) retrieved from /home/airflow/.local/lib/python3.7/site-packages/airflow/example_dags/tutorial.py
[2025-01-24T11:59:44.809+0000] {logging_mixin.py:120} INFO - [2025-01-24T11:59:44.808+0000] {dag.py:2585} INFO - Sync 1 DAGs
[2025-01-24T11:59:44.863+0000] {logging_mixin.py:120} INFO - [2025-01-24T11:59:44.862+0000] {dag.py:3340} INFO - Setting next_dagrun for tutorial to 2025-01-23T11:59:44.862399+00:00, run_after=2025-01-24T11:59:44.862399+00:00
[2025-01-24T11:59:44.902+0000] {processor.py:176} INFO - Processing /home/airflow/.local/lib/python3.7/site-packages/airflow/example_dags/tutorial.py took 0.186 seconds
[2025-01-24T12:00:15.026+0000] {processor.py:154} INFO - Started process (PID=1020) to work on /home/airflow/.local/lib/python3.7/site-packages/airflow/example_dags/tutorial.py
[2025-01-24T12:00:15.027+0000] {processor.py:756} INFO - Processing file /home/airflow/.local/lib/python3.7/site-packages/airflow/example_dags/tutorial.py for tasks to queue
[2025-01-24T12:00:15.028+0000] {logging_mixin.py:120} INFO - [2025-01-24T12:00:15.028+0000] {dagbag.py:537} INFO - Filling up the DagBag from /home/airflow/.local/lib/python3.7/site-packages/airflow/example_dags/tutorial.py
[2025-01-24T12:00:15.049+0000] {processor.py:766} INFO - DAG(s) dict_keys(['tutorial']) retrieved from /home/airflow/.local/lib/python3.7/site-packages/airflow/example_dags/tutorial.py
[2025-01-24T12:00:15.113+0000] {logging_mixin.py:120} INFO - [2025-01-24T12:00:15.112+0000] {dag.py:2585} INFO - Sync 1 DAGs
[2025-01-24T12:00:15.157+0000] {logging_mixin.py:120} INFO - [2025-01-24T12:00:15.156+0000] {dag.py:3340} INFO - Setting next_dagrun for tutorial to 2025-01-23T12:00:15.156418+00:00, run_after=2025-01-24T12:00:15.156418+00:00
[2025-01-24T12:00:15.189+0000] {processor.py:176} INFO - Processing /home/airflow/.local/lib/python3.7/site-packages/airflow/example_dags/tutorial.py took 0.168 seconds
[2025-01-24T12:00:45.525+0000] {processor.py:154} INFO - Started process (PID=1084) to work on /home/airflow/.local/lib/python3.7/site-packages/airflow/example_dags/tutorial.py
[2025-01-24T12:00:45.526+0000] {processor.py:756} INFO - Processing file /home/airflow/.local/lib/python3.7/site-packages/airflow/example_dags/tutorial.py for tasks to queue
[2025-01-24T12:00:45.527+0000] {logging_mixin.py:120} INFO - [2025-01-24T12:00:45.527+0000] {dagbag.py:537} INFO - Filling up the DagBag from /home/airflow/.local/lib/python3.7/site-packages/airflow/example_dags/tutorial.py
[2025-01-24T12:00:45.548+0000] {processor.py:766} INFO - DAG(s) dict_keys(['tutorial']) retrieved from /home/airflow/.local/lib/python3.7/site-packages/airflow/example_dags/tutorial.py
[2025-01-24T12:00:45.610+0000] {logging_mixin.py:120} INFO - [2025-01-24T12:00:45.610+0000] {dag.py:2585} INFO - Sync 1 DAGs
[2025-01-24T12:00:45.651+0000] {logging_mixin.py:120} INFO - [2025-01-24T12:00:45.651+0000] {dag.py:3340} INFO - Setting next_dagrun for tutorial to 2025-01-23T12:00:45.650743+00:00, run_after=2025-01-24T12:00:45.650743+00:00
[2025-01-24T12:00:45.685+0000] {processor.py:176} INFO - Processing /home/airflow/.local/lib/python3.7/site-packages/airflow/example_dags/tutorial.py took 0.164 seconds
[2025-01-24T12:01:16.860+0000] {processor.py:154} INFO - Started process (PID=1150) to work on /home/airflow/.local/lib/python3.7/site-packages/airflow/example_dags/tutorial.py
[2025-01-24T12:01:16.861+0000] {processor.py:756} INFO - Processing file /home/airflow/.local/lib/python3.7/site-packages/airflow/example_dags/tutorial.py for tasks to queue
[2025-01-24T12:01:16.863+0000] {logging_mixin.py:120} INFO - [2025-01-24T12:01:16.862+0000] {dagbag.py:537} INFO - Filling up the DagBag from /home/airflow/.local/lib/python3.7/site-packages/airflow/example_dags/tutorial.py
[2025-01-24T12:01:16.886+0000] {processor.py:766} INFO - DAG(s) dict_keys(['tutorial']) retrieved from /home/airflow/.local/lib/python3.7/site-packages/airflow/example_dags/tutorial.py
[2025-01-24T12:01:16.951+0000] {logging_mixin.py:120} INFO - [2025-01-24T12:01:16.951+0000] {dag.py:2585} INFO - Sync 1 DAGs
[2025-01-24T12:01:17.000+0000] {logging_mixin.py:120} INFO - [2025-01-24T12:01:16.999+0000] {dag.py:3340} INFO - Setting next_dagrun for tutorial to 2025-01-23T12:01:16.999215+00:00, run_after=2025-01-24T12:01:16.999215+00:00
[2025-01-24T12:01:17.044+0000] {processor.py:176} INFO - Processing /home/airflow/.local/lib/python3.7/site-packages/airflow/example_dags/tutorial.py took 0.190 seconds
[2025-01-24T12:01:47.910+0000] {processor.py:154} INFO - Started process (PID=1206) to work on /home/airflow/.local/lib/python3.7/site-packages/airflow/example_dags/tutorial.py
[2025-01-24T12:01:47.912+0000] {processor.py:756} INFO - Processing file /home/airflow/.local/lib/python3.7/site-packages/airflow/example_dags/tutorial.py for tasks to queue
[2025-01-24T12:01:47.912+0000] {logging_mixin.py:120} INFO - [2025-01-24T12:01:47.912+0000] {dagbag.py:537} INFO - Filling up the DagBag from /home/airflow/.local/lib/python3.7/site-packages/airflow/example_dags/tutorial.py
[2025-01-24T12:01:47.932+0000] {processor.py:766} INFO - DAG(s) dict_keys(['tutorial']) retrieved from /home/airflow/.local/lib/python3.7/site-packages/airflow/example_dags/tutorial.py
[2025-01-24T12:01:47.995+0000] {logging_mixin.py:120} INFO - [2025-01-24T12:01:47.995+0000] {dag.py:2585} INFO - Sync 1 DAGs
[2025-01-24T12:01:48.034+0000] {logging_mixin.py:120} INFO - [2025-01-24T12:01:48.034+0000] {dag.py:3340} INFO - Setting next_dagrun for tutorial to 2025-01-23T12:01:48.034105+00:00, run_after=2025-01-24T12:01:48.034105+00:00
[2025-01-24T12:01:48.067+0000] {processor.py:176} INFO - Processing /home/airflow/.local/lib/python3.7/site-packages/airflow/example_dags/tutorial.py took 0.161 seconds
[2025-01-24T12:02:18.478+0000] {processor.py:154} INFO - Started process (PID=1270) to work on /home/airflow/.local/lib/python3.7/site-packages/airflow/example_dags/tutorial.py
[2025-01-24T12:02:18.479+0000] {processor.py:756} INFO - Processing file /home/airflow/.local/lib/python3.7/site-packages/airflow/example_dags/tutorial.py for tasks to queue
[2025-01-24T12:02:18.481+0000] {logging_mixin.py:120} INFO - [2025-01-24T12:02:18.481+0000] {dagbag.py:537} INFO - Filling up the DagBag from /home/airflow/.local/lib/python3.7/site-packages/airflow/example_dags/tutorial.py
[2025-01-24T12:02:18.508+0000] {processor.py:766} INFO - DAG(s) dict_keys(['tutorial']) retrieved from /home/airflow/.local/lib/python3.7/site-packages/airflow/example_dags/tutorial.py
[2025-01-24T12:02:18.580+0000] {logging_mixin.py:120} INFO - [2025-01-24T12:02:18.580+0000] {dag.py:2585} INFO - Sync 1 DAGs
[2025-01-24T12:02:18.626+0000] {logging_mixin.py:120} INFO - [2025-01-24T12:02:18.626+0000] {dag.py:3340} INFO - Setting next_dagrun for tutorial to 2025-01-23T12:02:18.626167+00:00, run_after=2025-01-24T12:02:18.626167+00:00
[2025-01-24T12:02:18.664+0000] {processor.py:176} INFO - Processing /home/airflow/.local/lib/python3.7/site-packages/airflow/example_dags/tutorial.py took 0.195 seconds
[2025-01-24T12:02:48.833+0000] {processor.py:154} INFO - Started process (PID=1325) to work on /home/airflow/.local/lib/python3.7/site-packages/airflow/example_dags/tutorial.py
[2025-01-24T12:02:48.834+0000] {processor.py:756} INFO - Processing file /home/airflow/.local/lib/python3.7/site-packages/airflow/example_dags/tutorial.py for tasks to queue
[2025-01-24T12:02:48.835+0000] {logging_mixin.py:120} INFO - [2025-01-24T12:02:48.835+0000] {dagbag.py:537} INFO - Filling up the DagBag from /home/airflow/.local/lib/python3.7/site-packages/airflow/example_dags/tutorial.py
[2025-01-24T12:02:48.853+0000] {processor.py:766} INFO - DAG(s) dict_keys(['tutorial']) retrieved from /home/airflow/.local/lib/python3.7/site-packages/airflow/example_dags/tutorial.py
[2025-01-24T12:02:48.917+0000] {logging_mixin.py:120} INFO - [2025-01-24T12:02:48.917+0000] {dag.py:2585} INFO - Sync 1 DAGs
[2025-01-24T12:02:48.959+0000] {logging_mixin.py:120} INFO - [2025-01-24T12:02:48.959+0000] {dag.py:3340} INFO - Setting next_dagrun for tutorial to 2025-01-23T12:02:48.958824+00:00, run_after=2025-01-24T12:02:48.958824+00:00
[2025-01-24T12:02:48.992+0000] {processor.py:176} INFO - Processing /home/airflow/.local/lib/python3.7/site-packages/airflow/example_dags/tutorial.py took 0.163 seconds
[2025-01-24T12:03:19.085+0000] {processor.py:154} INFO - Started process (PID=1389) to work on /home/airflow/.local/lib/python3.7/site-packages/airflow/example_dags/tutorial.py
[2025-01-24T12:03:19.086+0000] {processor.py:756} INFO - Processing file /home/airflow/.local/lib/python3.7/site-packages/airflow/example_dags/tutorial.py for tasks to queue
[2025-01-24T12:03:19.087+0000] {logging_mixin.py:120} INFO - [2025-01-24T12:03:19.087+0000] {dagbag.py:537} INFO - Filling up the DagBag from /home/airflow/.local/lib/python3.7/site-packages/airflow/example_dags/tutorial.py
[2025-01-24T12:03:19.108+0000] {processor.py:766} INFO - DAG(s) dict_keys(['tutorial']) retrieved from /home/airflow/.local/lib/python3.7/site-packages/airflow/example_dags/tutorial.py
[2025-01-24T12:03:19.166+0000] {logging_mixin.py:120} INFO - [2025-01-24T12:03:19.166+0000] {dag.py:2585} INFO - Sync 1 DAGs
[2025-01-24T12:03:19.204+0000] {logging_mixin.py:120} INFO - [2025-01-24T12:03:19.204+0000] {dag.py:3340} INFO - Setting next_dagrun for tutorial to 2025-01-23T12:03:19.203945+00:00, run_after=2025-01-24T12:03:19.203945+00:00
[2025-01-24T12:03:19.245+0000] {processor.py:176} INFO - Processing /home/airflow/.local/lib/python3.7/site-packages/airflow/example_dags/tutorial.py took 0.164 seconds
[2025-01-24T12:03:49.496+0000] {processor.py:154} INFO - Started process (PID=1442) to work on /home/airflow/.local/lib/python3.7/site-packages/airflow/example_dags/tutorial.py
[2025-01-24T12:03:49.497+0000] {processor.py:756} INFO - Processing file /home/airflow/.local/lib/python3.7/site-packages/airflow/example_dags/tutorial.py for tasks to queue
[2025-01-24T12:03:49.497+0000] {logging_mixin.py:120} INFO - [2025-01-24T12:03:49.497+0000] {dagbag.py:537} INFO - Filling up the DagBag from /home/airflow/.local/lib/python3.7/site-packages/airflow/example_dags/tutorial.py
[2025-01-24T12:03:49.519+0000] {processor.py:766} INFO - DAG(s) dict_keys(['tutorial']) retrieved from /home/airflow/.local/lib/python3.7/site-packages/airflow/example_dags/tutorial.py
[2025-01-24T12:03:49.582+0000] {logging_mixin.py:120} INFO - [2025-01-24T12:03:49.581+0000] {dag.py:2585} INFO - Sync 1 DAGs
[2025-01-24T12:03:49.624+0000] {logging_mixin.py:120} INFO - [2025-01-24T12:03:49.623+0000] {dag.py:3340} INFO - Setting next_dagrun for tutorial to 2025-01-23T12:03:49.623510+00:00, run_after=2025-01-24T12:03:49.623510+00:00
[2025-01-24T12:03:49.660+0000] {processor.py:176} INFO - Processing /home/airflow/.local/lib/python3.7/site-packages/airflow/example_dags/tutorial.py took 0.169 seconds
[2025-01-24T12:04:20.744+0000] {processor.py:154} INFO - Started process (PID=1508) to work on /home/airflow/.local/lib/python3.7/site-packages/airflow/example_dags/tutorial.py
[2025-01-24T12:04:20.746+0000] {processor.py:756} INFO - Processing file /home/airflow/.local/lib/python3.7/site-packages/airflow/example_dags/tutorial.py for tasks to queue
[2025-01-24T12:04:20.747+0000] {logging_mixin.py:120} INFO - [2025-01-24T12:04:20.747+0000] {dagbag.py:537} INFO - Filling up the DagBag from /home/airflow/.local/lib/python3.7/site-packages/airflow/example_dags/tutorial.py
[2025-01-24T12:04:20.767+0000] {processor.py:766} INFO - DAG(s) dict_keys(['tutorial']) retrieved from /home/airflow/.local/lib/python3.7/site-packages/airflow/example_dags/tutorial.py
[2025-01-24T12:04:20.827+0000] {logging_mixin.py:120} INFO - [2025-01-24T12:04:20.827+0000] {dag.py:2585} INFO - Sync 1 DAGs
[2025-01-24T12:04:20.862+0000] {logging_mixin.py:120} INFO - [2025-01-24T12:04:20.862+0000] {dag.py:3340} INFO - Setting next_dagrun for tutorial to 2025-01-23T12:04:20.861801+00:00, run_after=2025-01-24T12:04:20.861801+00:00
[2025-01-24T12:04:20.894+0000] {processor.py:176} INFO - Processing /home/airflow/.local/lib/python3.7/site-packages/airflow/example_dags/tutorial.py took 0.155 seconds
[2025-01-24T12:04:51.925+0000] {processor.py:154} INFO - Started process (PID=1572) to work on /home/airflow/.local/lib/python3.7/site-packages/airflow/example_dags/tutorial.py
[2025-01-24T12:04:51.927+0000] {processor.py:756} INFO - Processing file /home/airflow/.local/lib/python3.7/site-packages/airflow/example_dags/tutorial.py for tasks to queue
[2025-01-24T12:04:51.928+0000] {logging_mixin.py:120} INFO - [2025-01-24T12:04:51.928+0000] {dagbag.py:537} INFO - Filling up the DagBag from /home/airflow/.local/lib/python3.7/site-packages/airflow/example_dags/tutorial.py
[2025-01-24T12:04:51.954+0000] {processor.py:766} INFO - DAG(s) dict_keys(['tutorial']) retrieved from /home/airflow/.local/lib/python3.7/site-packages/airflow/example_dags/tutorial.py
[2025-01-24T12:04:52.025+0000] {logging_mixin.py:120} INFO - [2025-01-24T12:04:52.025+0000] {dag.py:2585} INFO - Sync 1 DAGs
[2025-01-24T12:04:52.078+0000] {logging_mixin.py:120} INFO - [2025-01-24T12:04:52.077+0000] {dag.py:3340} INFO - Setting next_dagrun for tutorial to 2025-01-23T12:04:52.077337+00:00, run_after=2025-01-24T12:04:52.077337+00:00
[2025-01-24T12:04:52.119+0000] {processor.py:176} INFO - Processing /home/airflow/.local/lib/python3.7/site-packages/airflow/example_dags/tutorial.py took 0.200 seconds
[2025-01-24T12:05:22.382+0000] {processor.py:154} INFO - Started process (PID=1627) to work on /home/airflow/.local/lib/python3.7/site-packages/airflow/example_dags/tutorial.py
[2025-01-24T12:05:22.384+0000] {processor.py:756} INFO - Processing file /home/airflow/.local/lib/python3.7/site-packages/airflow/example_dags/tutorial.py for tasks to queue
[2025-01-24T12:05:22.384+0000] {logging_mixin.py:120} INFO - [2025-01-24T12:05:22.384+0000] {dagbag.py:537} INFO - Filling up the DagBag from /home/airflow/.local/lib/python3.7/site-packages/airflow/example_dags/tutorial.py
[2025-01-24T12:05:22.405+0000] {processor.py:766} INFO - DAG(s) dict_keys(['tutorial']) retrieved from /home/airflow/.local/lib/python3.7/site-packages/airflow/example_dags/tutorial.py
[2025-01-24T12:05:22.464+0000] {logging_mixin.py:120} INFO - [2025-01-24T12:05:22.463+0000] {dag.py:2585} INFO - Sync 1 DAGs
[2025-01-24T12:05:22.505+0000] {logging_mixin.py:120} INFO - [2025-01-24T12:05:22.505+0000] {dag.py:3340} INFO - Setting next_dagrun for tutorial to 2025-01-23T12:05:22.505253+00:00, run_after=2025-01-24T12:05:22.505253+00:00
[2025-01-24T12:05:22.542+0000] {processor.py:176} INFO - Processing /home/airflow/.local/lib/python3.7/site-packages/airflow/example_dags/tutorial.py took 0.163 seconds
[2025-01-24T12:05:52.973+0000] {processor.py:154} INFO - Started process (PID=1691) to work on /home/airflow/.local/lib/python3.7/site-packages/airflow/example_dags/tutorial.py
[2025-01-24T12:05:52.976+0000] {processor.py:756} INFO - Processing file /home/airflow/.local/lib/python3.7/site-packages/airflow/example_dags/tutorial.py for tasks to queue
[2025-01-24T12:05:52.979+0000] {logging_mixin.py:120} INFO - [2025-01-24T12:05:52.978+0000] {dagbag.py:537} INFO - Filling up the DagBag from /home/airflow/.local/lib/python3.7/site-packages/airflow/example_dags/tutorial.py
[2025-01-24T12:05:53.030+0000] {processor.py:766} INFO - DAG(s) dict_keys(['tutorial']) retrieved from /home/airflow/.local/lib/python3.7/site-packages/airflow/example_dags/tutorial.py
[2025-01-24T12:05:53.129+0000] {logging_mixin.py:120} INFO - [2025-01-24T12:05:53.129+0000] {dag.py:2585} INFO - Sync 1 DAGs
[2025-01-24T12:05:53.173+0000] {logging_mixin.py:120} INFO - [2025-01-24T12:05:53.173+0000] {dag.py:3340} INFO - Setting next_dagrun for tutorial to 2025-01-23T12:05:53.173118+00:00, run_after=2025-01-24T12:05:53.173118+00:00
[2025-01-24T12:05:53.215+0000] {processor.py:176} INFO - Processing /home/airflow/.local/lib/python3.7/site-packages/airflow/example_dags/tutorial.py took 0.250 seconds
[2025-01-24T12:06:24.080+0000] {processor.py:154} INFO - Started process (PID=1746) to work on /home/airflow/.local/lib/python3.7/site-packages/airflow/example_dags/tutorial.py
[2025-01-24T12:06:24.081+0000] {processor.py:756} INFO - Processing file /home/airflow/.local/lib/python3.7/site-packages/airflow/example_dags/tutorial.py for tasks to queue
[2025-01-24T12:06:24.082+0000] {logging_mixin.py:120} INFO - [2025-01-24T12:06:24.082+0000] {dagbag.py:537} INFO - Filling up the DagBag from /home/airflow/.local/lib/python3.7/site-packages/airflow/example_dags/tutorial.py
[2025-01-24T12:06:24.103+0000] {processor.py:766} INFO - DAG(s) dict_keys(['tutorial']) retrieved from /home/airflow/.local/lib/python3.7/site-packages/airflow/example_dags/tutorial.py
[2025-01-24T12:06:24.163+0000] {logging_mixin.py:120} INFO - [2025-01-24T12:06:24.162+0000] {dag.py:2585} INFO - Sync 1 DAGs
[2025-01-24T12:06:24.199+0000] {logging_mixin.py:120} INFO - [2025-01-24T12:06:24.198+0000] {dag.py:3340} INFO - Setting next_dagrun for tutorial to 2025-01-23T12:06:24.198550+00:00, run_after=2025-01-24T12:06:24.198550+00:00
[2025-01-24T12:06:24.239+0000] {processor.py:176} INFO - Processing /home/airflow/.local/lib/python3.7/site-packages/airflow/example_dags/tutorial.py took 0.164 seconds
